Using GATK jar /lustre1/project/stg_00096/home/rdewin/system/miniconda/envs/WGS/share/gatk4-4.5.0.0-0/gatk-package-4.5.0.0-local.jar
Running:
    java -Dsamjdk.use_async_io_read_samtools=false -Dsamjdk.use_async_io_write_samtools=true -Dsamjdk.use_async_io_write_tribble=false -Dsamjdk.compression_level=2 -jar /lustre1/project/stg_00096/home/rdewin/system/miniconda/envs/WGS/share/gatk4-4.5.0.0-0/gatk-package-4.5.0.0-local.jar CalculateContamination -I results/mutect2/P105/P105_tumor_pileup_summaries.table -matched results/mutect2/P105/P105_normal_pileup_summaries.table -O results/mutect2/P105/P105_contamination.table
17:20:59.184 INFO  NativeLibraryLoader - Loading libgkl_compression.so from jar:file:/lustre1/project/stg_00096/home/rdewin/system/miniconda/envs/WGS/share/gatk4-4.5.0.0-0/gatk-package-4.5.0.0-local.jar!/com/intel/gkl/native/libgkl_compression.so
17:20:59.273 INFO  CalculateContamination - ------------------------------------------------------------
17:20:59.275 INFO  CalculateContamination - The Genome Analysis Toolkit (GATK) v4.5.0.0
17:20:59.275 INFO  CalculateContamination - For support and documentation go to https://software.broadinstitute.org/gatk/
17:20:59.275 INFO  CalculateContamination - Executing as vsc35407@i28l15 on Linux v4.18.0-513.24.1.el8_9.x86_64 amd64
17:20:59.275 INFO  CalculateContamination - Java runtime: OpenJDK 64-Bit Server VM v17.0.10-internal+0-adhoc..src
17:20:59.275 INFO  CalculateContamination - Start Date/Time: July 14, 2024 at 5:20:59 PM CEST
17:20:59.275 INFO  CalculateContamination - ------------------------------------------------------------
17:20:59.275 INFO  CalculateContamination - ------------------------------------------------------------
17:20:59.276 INFO  CalculateContamination - HTSJDK Version: 4.1.0
17:20:59.276 INFO  CalculateContamination - Picard Version: 3.1.1
17:20:59.276 INFO  CalculateContamination - Built for Spark Version: 3.5.0
17:20:59.276 INFO  CalculateContamination - HTSJDK Defaults.COMPRESSION_LEVEL : 2
17:20:59.276 INFO  CalculateContamination - HTSJDK Defaults.USE_ASYNC_IO_READ_FOR_SAMTOOLS : false
17:20:59.276 INFO  CalculateContamination - HTSJDK Defaults.USE_ASYNC_IO_WRITE_FOR_SAMTOOLS : true
17:20:59.276 INFO  CalculateContamination - HTSJDK Defaults.USE_ASYNC_IO_WRITE_FOR_TRIBBLE : false
17:20:59.277 INFO  CalculateContamination - Deflater: IntelDeflater
17:20:59.277 INFO  CalculateContamination - Inflater: IntelInflater
17:20:59.277 INFO  CalculateContamination - GCS max retries/reopens: 20
17:20:59.277 INFO  CalculateContamination - Requester pays: disabled
17:20:59.277 INFO  CalculateContamination - Initializing engine
17:20:59.277 INFO  CalculateContamination - Done initializing engine
17:21:15.727 WARN  KernelSegmenter - Specified dimension of the kernel approximation (100) exceeds the number of data points (7) to segment; using all data points to calculate kernel matrix.
17:21:15.747 WARN  KernelSegmenter - Number of points needed to calculate local changepoint costs (2 * window size = 100) exceeds number of data points (7).  Local changepoint costs will not be calculated for this window size.
17:21:15.747 WARN  KernelSegmenter - No changepoint candidates were found.  The specified window sizes may be inappropriate, or there may be insufficient data points.
17:21:15.751 INFO  KernelSegmenter - Found 0 changepoints after applying the changepoint penalty.
17:21:16.719 INFO  KernelSegmenter - Found 7 changepoints after applying the changepoint penalty.
17:21:18.017 INFO  KernelSegmenter - Found 6 changepoints after applying the changepoint penalty.
17:21:18.352 INFO  KernelSegmenter - Found 2 changepoints after applying the changepoint penalty.
17:21:19.310 INFO  KernelSegmenter - Found 4 changepoints after applying the changepoint penalty.
17:21:20.394 INFO  KernelSegmenter - Found 7 changepoints after applying the changepoint penalty.
17:21:21.615 INFO  KernelSegmenter - Found 6 changepoints after applying the changepoint penalty.
17:21:22.043 INFO  KernelSegmenter - Found 5 changepoints after applying the changepoint penalty.
17:21:22.613 INFO  KernelSegmenter - Found 5 changepoints after applying the changepoint penalty.
17:21:23.882 INFO  KernelSegmenter - Found 6 changepoints after applying the changepoint penalty.
17:21:24.293 INFO  KernelSegmenter - Found 9 changepoints after applying the changepoint penalty.
17:21:25.209 INFO  KernelSegmenter - Found 5 changepoints after applying the changepoint penalty.
17:21:26.218 INFO  KernelSegmenter - Found 4 changepoints after applying the changepoint penalty.
17:21:27.287 INFO  KernelSegmenter - Found 2 changepoints after applying the changepoint penalty.
17:21:28.402 INFO  KernelSegmenter - Found 6 changepoints after applying the changepoint penalty.
17:21:29.228 INFO  KernelSegmenter - Found 6 changepoints after applying the changepoint penalty.
17:21:30.733 INFO  KernelSegmenter - Found 2 changepoints after applying the changepoint penalty.
17:21:31.333 INFO  KernelSegmenter - Found 2 changepoints after applying the changepoint penalty.
17:21:31.721 INFO  KernelSegmenter - Found 3 changepoints after applying the changepoint penalty.
17:21:32.118 INFO  KernelSegmenter - Found 6 changepoints after applying the changepoint penalty.
17:21:32.664 INFO  KernelSegmenter - Found 7 changepoints after applying the changepoint penalty.
17:21:33.059 INFO  KernelSegmenter - Found 7 changepoints after applying the changepoint penalty.
17:21:33.470 INFO  KernelSegmenter - Found 4 changepoints after applying the changepoint penalty.
17:21:34.038 INFO  KernelSegmenter - Found 0 changepoints after applying the changepoint penalty.
17:27:47.602 INFO  CalculateContamination - Shutting down engine
[July 14, 2024 at 5:27:47 PM CEST] org.broadinstitute.hellbender.tools.walkers.contamination.CalculateContamination done. Elapsed time: 6.81 minutes.
Runtime.totalMemory()=5570035712
Tool returned:
SUCCESS
