Read1 before filtering:
total reads: 350981555
total bases: 52647233250
Q20 bases: 50895326322(96.6724%)
Q30 bases: 48164784131(91.4859%)

Read2 before filtering:
total reads: 350981555
total bases: 52647233250
Q20 bases: 50617310837(96.1443%)
Q30 bases: 47657787212(90.5229%)

Read1 after filtering:
total reads: 346894192
total bases: 51863455089
Q20 bases: 50286098463(96.9586%)
Q30 bases: 47651579636(91.8789%)

Read2 after filtering:
total reads: 346894192
total bases: 51859930719
Q20 bases: 50101324278(96.6089%)
Q30 bases: 47247255759(91.1055%)

Filtering result:
reads passed filter: 693788384
reads failed due to low quality: 7650704
reads failed due to too many N: 91112
reads failed due to too short: 432910
reads with adapter trimmed: 4882616
bases trimmed due to adapters: 328093245

Duplication rate: 9.60878%

Insert size peak (evaluated by paired-end reads): 269

JSON report: logs/fastp/P020/P020_dna_normal.fastp.json
HTML report: logs/fastp/P020/P020_dna_normal.fastp.html

fastp -w 12 -i /staging/leuven/stg_00096/home/rdewin/data/TALL_IF/TALL_IF/WGS/WGS_batch1/S158/S158_R01.fq.gz -I /staging/leuven/stg_00096/home/rdewin/data/TALL_IF/TALL_IF/WGS/WGS_batch1/S158/S158_R02.fq.gz -o results/fastp/P020/P020_dna_normal_R1.trimmed.fq -O results/fastp/P020/P020_dna_normal_R2.trimmed.fq -j logs/fastp/P020/P020_dna_normal.fastp.json -h logs/fastp/P020/P020_dna_normal.fastp.html 
fastp v0.23.4, time used: 851 seconds
