Use of uninitialized value in concatenation (.) or string at /staging/leuven/stg_00096/home/rdewin/system/miniconda/envs/VEP/bin/vcf2maf.pl line 336, <GEN0> line 97.
Use of uninitialized value in concatenation (.) or string at /staging/leuven/stg_00096/home/rdewin/system/miniconda/envs/VEP/bin/vcf2maf.pl line 336, <GEN0> line 97.
Use of uninitialized value in concatenation (.) or string at /staging/leuven/stg_00096/home/rdewin/system/miniconda/envs/VEP/bin/vcf2maf.pl line 336, <GEN0> line 97.
[W::fai_get_val] Reference :- not found in FASTA file, returning empty sequence
[W::fai_get_val] Reference :- not found in FASTA file, returning empty sequence
[faidx] Failed to fetch sequence in :-
Use of uninitialized value in join or string at /staging/leuven/stg_00096/home/rdewin/system/miniconda/envs/VEP/bin/vcf2maf.pl line 338, <GEN0> line 97.
Use of uninitialized value in join or string at /staging/leuven/stg_00096/home/rdewin/system/miniconda/envs/VEP/bin/vcf2maf.pl line 338, <GEN0> line 97.
Use of uninitialized value in concatenation (.) or string at /staging/leuven/stg_00096/home/rdewin/system/miniconda/envs/VEP/bin/vcf2maf.pl line 336, <GEN0> line 98.
Use of uninitialized value in concatenation (.) or string at /staging/leuven/stg_00096/home/rdewin/system/miniconda/envs/VEP/bin/vcf2maf.pl line 336, <GEN0> line 98.
Use of uninitialized value in concatenation (.) or string at /staging/leuven/stg_00096/home/rdewin/system/miniconda/envs/VEP/bin/vcf2maf.pl line 336, <GEN0> line 98.
[W::fai_get_val] Reference :- not found in FASTA file, returning empty sequence
[W::fai_get_val] Reference :- not found in FASTA file, returning empty sequence
[faidx] Failed to fetch sequence in :-
Use of uninitialized value in join or string at /staging/leuven/stg_00096/home/rdewin/system/miniconda/envs/VEP/bin/vcf2maf.pl line 338, <GEN0> line 98.
Use of uninitialized value in join or string at /staging/leuven/stg_00096/home/rdewin/system/miniconda/envs/VEP/bin/vcf2maf.pl line 338, <GEN0> line 98.
Use of uninitialized value in concatenation (.) or string at /staging/leuven/stg_00096/home/rdewin/system/miniconda/envs/VEP/bin/vcf2maf.pl line 336, <GEN0> line 99.
Use of uninitialized value in concatenation (.) or string at /staging/leuven/stg_00096/home/rdewin/system/miniconda/envs/VEP/bin/vcf2maf.pl line 336, <GEN0> line 99.
Use of uninitialized value in concatenation (.) or string at /staging/leuven/stg_00096/home/rdewin/system/miniconda/envs/VEP/bin/vcf2maf.pl line 336, <GEN0> line 99.
[W::fai_get_val] Reference :- not found in FASTA file, returning empty sequence
[W::fai_get_val] Reference :- not found in FASTA file, returning empty sequence
[faidx] Failed to fetch sequence in :-
Use of uninitialized value in join or string at /staging/leuven/stg_00096/home/rdewin/system/miniconda/envs/VEP/bin/vcf2maf.pl line 338, <GEN0> line 99.
Use of uninitialized value in join or string at /staging/leuven/stg_00096/home/rdewin/system/miniconda/envs/VEP/bin/vcf2maf.pl line 338, <GEN0> line 99.
Use of uninitialized value in concatenation (.) or string at /staging/leuven/stg_00096/home/rdewin/system/miniconda/envs/VEP/bin/vcf2maf.pl line 336, <GEN0> line 100.
Use of uninitialized value in concatenation (.) or string at /staging/leuven/stg_00096/home/rdewin/system/miniconda/envs/VEP/bin/vcf2maf.pl line 336, <GEN0> line 100.
Use of uninitialized value in concatenation (.) or string at /staging/leuven/stg_00096/home/rdewin/system/miniconda/envs/VEP/bin/vcf2maf.pl line 336, <GEN0> line 100.
[W::fai_get_val] Reference :- not found in FASTA file, returning empty sequence
[W::fai_get_val] Reference :- not found in FASTA file, returning empty sequence
[faidx] Failed to fetch sequence in :-
Use of uninitialized value in join or string at /staging/leuven/stg_00096/home/rdewin/system/miniconda/envs/VEP/bin/vcf2maf.pl line 338, <GEN0> line 100.
Use of uninitialized value in join or string at /staging/leuven/stg_00096/home/rdewin/system/miniconda/envs/VEP/bin/vcf2maf.pl line 338, <GEN0> line 100.
Use of uninitialized value in concatenation (.) or string at /staging/leuven/stg_00096/home/rdewin/system/miniconda/envs/VEP/bin/vcf2maf.pl line 336, <GEN0> line 101.
Use of uninitialized value in concatenation (.) or string at /staging/leuven/stg_00096/home/rdewin/system/miniconda/envs/VEP/bin/vcf2maf.pl line 336, <GEN0> line 101.
Use of uninitialized value in concatenation (.) or string at /staging/leuven/stg_00096/home/rdewin/system/miniconda/envs/VEP/bin/vcf2maf.pl line 336, <GEN0> line 101.
[W::fai_get_val] Reference :- not found in FASTA file, returning empty sequence
[W::fai_get_val] Reference :- not found in FASTA file, returning empty sequence
[faidx] Failed to fetch sequence in :-
Use of uninitialized value in join or string at /staging/leuven/stg_00096/home/rdewin/system/miniconda/envs/VEP/bin/vcf2maf.pl line 338, <GEN0> line 101.
Use of uninitialized value in join or string at /staging/leuven/stg_00096/home/rdewin/system/miniconda/envs/VEP/bin/vcf2maf.pl line 338, <GEN0> line 101.
Use of uninitialized value in concatenation (.) or string at /staging/leuven/stg_00096/home/rdewin/system/miniconda/envs/VEP/bin/vcf2maf.pl line 336, <GEN0> line 102.
Use of uninitialized value in concatenation (.) or string at /staging/leuven/stg_00096/home/rdewin/system/miniconda/envs/VEP/bin/vcf2maf.pl line 336, <GEN0> line 102.
Use of uninitialized value in concatenation (.) or string at /staging/leuven/stg_00096/home/rdewin/system/miniconda/envs/VEP/bin/vcf2maf.pl line 336, <GEN0> line 102.
[W::fai_get_val] Reference :- not found in FASTA file, returning empty sequence
[W::fai_get_val] Reference :- not found in FASTA file, returning empty sequence
[faidx] Failed to fetch sequence in :-
Use of uninitialized value in join or string at /staging/leuven/stg_00096/home/rdewin/system/miniconda/envs/VEP/bin/vcf2maf.pl line 338, <GEN0> line 102.
Use of uninitialized value in join or string at /staging/leuven/stg_00096/home/rdewin/system/miniconda/envs/VEP/bin/vcf2maf.pl line 338, <GEN0> line 102.
Use of uninitialized value in concatenation (.) or string at /staging/leuven/stg_00096/home/rdewin/system/miniconda/envs/VEP/bin/vcf2maf.pl line 336, <GEN0> line 103.
Use of uninitialized value in concatenation (.) or string at /staging/leuven/stg_00096/home/rdewin/system/miniconda/envs/VEP/bin/vcf2maf.pl line 336, <GEN0> line 103.
Use of uninitialized value in concatenation (.) or string at /staging/leuven/stg_00096/home/rdewin/system/miniconda/envs/VEP/bin/vcf2maf.pl line 336, <GEN0> line 103.
[W::fai_get_val] Reference :- not found in FASTA file, returning empty sequence
[W::fai_get_val] Reference :- not found in FASTA file, returning empty sequence
[faidx] Failed to fetch sequence in :-
Use of uninitialized value in join or string at /staging/leuven/stg_00096/home/rdewin/system/miniconda/envs/VEP/bin/vcf2maf.pl line 338, <GEN0> line 103.
Use of uninitialized value in join or string at /staging/leuven/stg_00096/home/rdewin/system/miniconda/envs/VEP/bin/vcf2maf.pl line 338, <GEN0> line 103.
Use of uninitialized value in concatenation (.) or string at /staging/leuven/stg_00096/home/rdewin/system/miniconda/envs/VEP/bin/vcf2maf.pl line 336, <GEN0> line 104.
Use of uninitialized value in concatenation (.) or string at /staging/leuven/stg_00096/home/rdewin/system/miniconda/envs/VEP/bin/vcf2maf.pl line 336, <GEN0> line 104.
Use of uninitialized value in concatenation (.) or string at /staging/leuven/stg_00096/home/rdewin/system/miniconda/envs/VEP/bin/vcf2maf.pl line 336, <GEN0> line 104.
[W::fai_get_val] Reference :- not found in FASTA file, returning empty sequence
[W::fai_get_val] Reference :- not found in FASTA file, returning empty sequence
[faidx] Failed to fetch sequence in :-
Use of uninitialized value in join or string at /staging/leuven/stg_00096/home/rdewin/system/miniconda/envs/VEP/bin/vcf2maf.pl line 338, <GEN0> line 104.
Use of uninitialized value in join or string at /staging/leuven/stg_00096/home/rdewin/system/miniconda/envs/VEP/bin/vcf2maf.pl line 338, <GEN0> line 104.
Use of uninitialized value in concatenation (.) or string at /staging/leuven/stg_00096/home/rdewin/system/miniconda/envs/VEP/bin/vcf2maf.pl line 336, <GEN0> line 105.
Use of uninitialized value in concatenation (.) or string at /staging/leuven/stg_00096/home/rdewin/system/miniconda/envs/VEP/bin/vcf2maf.pl line 336, <GEN0> line 105.
Use of uninitialized value in concatenation (.) or string at /staging/leuven/stg_00096/home/rdewin/system/miniconda/envs/VEP/bin/vcf2maf.pl line 336, <GEN0> line 105.
[W::fai_get_val] Reference :- not found in FASTA file, returning empty sequence
[W::fai_get_val] Reference :- not found in FASTA file, returning empty sequence
[faidx] Failed to fetch sequence in :-
Use of uninitialized value in join or string at /staging/leuven/stg_00096/home/rdewin/system/miniconda/envs/VEP/bin/vcf2maf.pl line 338, <GEN0> line 105.
Use of uninitialized value in join or string at /staging/leuven/stg_00096/home/rdewin/system/miniconda/envs/VEP/bin/vcf2maf.pl line 338, <GEN0> line 105.
Use of uninitialized value in concatenation (.) or string at /staging/leuven/stg_00096/home/rdewin/system/miniconda/envs/VEP/bin/vcf2maf.pl line 336, <GEN0> line 106.
Use of uninitialized value in concatenation (.) or string at /staging/leuven/stg_00096/home/rdewin/system/miniconda/envs/VEP/bin/vcf2maf.pl line 336, <GEN0> line 106.
Use of uninitialized value in concatenation (.) or string at /staging/leuven/stg_00096/home/rdewin/system/miniconda/envs/VEP/bin/vcf2maf.pl line 336, <GEN0> line 106.
[W::fai_get_val] Reference :- not found in FASTA file, returning empty sequence
[W::fai_get_val] Reference :- not found in FASTA file, returning empty sequence
[faidx] Failed to fetch sequence in :-
Use of uninitialized value in join or string at /staging/leuven/stg_00096/home/rdewin/system/miniconda/envs/VEP/bin/vcf2maf.pl line 338, <GEN0> line 106.
Use of uninitialized value in join or string at /staging/leuven/stg_00096/home/rdewin/system/miniconda/envs/VEP/bin/vcf2maf.pl line 338, <GEN0> line 106.
Use of uninitialized value in concatenation (.) or string at /staging/leuven/stg_00096/home/rdewin/system/miniconda/envs/VEP/bin/vcf2maf.pl line 336, <GEN0> line 107.
Use of uninitialized value in concatenation (.) or string at /staging/leuven/stg_00096/home/rdewin/system/miniconda/envs/VEP/bin/vcf2maf.pl line 336, <GEN0> line 107.
Use of uninitialized value in concatenation (.) or string at /staging/leuven/stg_00096/home/rdewin/system/miniconda/envs/VEP/bin/vcf2maf.pl line 336, <GEN0> line 107.
[W::fai_get_val] Reference :- not found in FASTA file, returning empty sequence
[W::fai_get_val] Reference :- not found in FASTA file, returning empty sequence
[faidx] Failed to fetch sequence in :-
Use of uninitialized value in join or string at /staging/leuven/stg_00096/home/rdewin/system/miniconda/envs/VEP/bin/vcf2maf.pl line 338, <GEN0> line 107.
Use of uninitialized value in join or string at /staging/leuven/stg_00096/home/rdewin/system/miniconda/envs/VEP/bin/vcf2maf.pl line 338, <GEN0> line 107.
Use of uninitialized value in concatenation (.) or string at /staging/leuven/stg_00096/home/rdewin/system/miniconda/envs/VEP/bin/vcf2maf.pl line 336, <GEN0> line 108.
Use of uninitialized value in concatenation (.) or string at /staging/leuven/stg_00096/home/rdewin/system/miniconda/envs/VEP/bin/vcf2maf.pl line 336, <GEN0> line 108.
Use of uninitialized value in concatenation (.) or string at /staging/leuven/stg_00096/home/rdewin/system/miniconda/envs/VEP/bin/vcf2maf.pl line 336, <GEN0> line 108.
[W::fai_get_val] Reference :- not found in FASTA file, returning empty sequence
[W::fai_get_val] Reference :- not found in FASTA file, returning empty sequence
[faidx] Failed to fetch sequence in :-
Use of uninitialized value in join or string at /staging/leuven/stg_00096/home/rdewin/system/miniconda/envs/VEP/bin/vcf2maf.pl line 338, <GEN0> line 108.
Use of uninitialized value in join or string at /staging/leuven/stg_00096/home/rdewin/system/miniconda/envs/VEP/bin/vcf2maf.pl line 338, <GEN0> line 108.
Use of uninitialized value in concatenation (.) or string at /staging/leuven/stg_00096/home/rdewin/system/miniconda/envs/VEP/bin/vcf2maf.pl line 336, <GEN0> line 109.
Use of uninitialized value in concatenation (.) or string at /staging/leuven/stg_00096/home/rdewin/system/miniconda/envs/VEP/bin/vcf2maf.pl line 336, <GEN0> line 109.
Use of uninitialized value in concatenation (.) or string at /staging/leuven/stg_00096/home/rdewin/system/miniconda/envs/VEP/bin/vcf2maf.pl line 336, <GEN0> line 109.
[W::fai_get_val] Reference :- not found in FASTA file, returning empty sequence
[W::fai_get_val] Reference :- not found in FASTA file, returning empty sequence
[faidx] Failed to fetch sequence in :-
Use of uninitialized value in join or string at /staging/leuven/stg_00096/home/rdewin/system/miniconda/envs/VEP/bin/vcf2maf.pl line 338, <GEN0> line 109.
Use of uninitialized value in join or string at /staging/leuven/stg_00096/home/rdewin/system/miniconda/envs/VEP/bin/vcf2maf.pl line 338, <GEN0> line 109.
Use of uninitialized value in concatenation (.) or string at /staging/leuven/stg_00096/home/rdewin/system/miniconda/envs/VEP/bin/vcf2maf.pl line 336, <GEN0> line 110.
Use of uninitialized value in concatenation (.) or string at /staging/leuven/stg_00096/home/rdewin/system/miniconda/envs/VEP/bin/vcf2maf.pl line 336, <GEN0> line 110.
Use of uninitialized value in concatenation (.) or string at /staging/leuven/stg_00096/home/rdewin/system/miniconda/envs/VEP/bin/vcf2maf.pl line 336, <GEN0> line 110.
[W::fai_get_val] Reference :- not found in FASTA file, returning empty sequence
[W::fai_get_val] Reference :- not found in FASTA file, returning empty sequence
[faidx] Failed to fetch sequence in :-
Use of uninitialized value in join or string at /staging/leuven/stg_00096/home/rdewin/system/miniconda/envs/VEP/bin/vcf2maf.pl line 338, <GEN0> line 110.
Use of uninitialized value in join or string at /staging/leuven/stg_00096/home/rdewin/system/miniconda/envs/VEP/bin/vcf2maf.pl line 338, <GEN0> line 110.
Use of uninitialized value in concatenation (.) or string at /staging/leuven/stg_00096/home/rdewin/system/miniconda/envs/VEP/bin/vcf2maf.pl line 336, <GEN0> line 111.
Use of uninitialized value in concatenation (.) or string at /staging/leuven/stg_00096/home/rdewin/system/miniconda/envs/VEP/bin/vcf2maf.pl line 336, <GEN0> line 111.
Use of uninitialized value in concatenation (.) or string at /staging/leuven/stg_00096/home/rdewin/system/miniconda/envs/VEP/bin/vcf2maf.pl line 336, <GEN0> line 111.
[W::fai_get_val] Reference :- not found in FASTA file, returning empty sequence
[W::fai_get_val] Reference :- not found in FASTA file, returning empty sequence
[faidx] Failed to fetch sequence in :-
Use of uninitialized value in join or string at /staging/leuven/stg_00096/home/rdewin/system/miniconda/envs/VEP/bin/vcf2maf.pl line 338, <GEN0> line 111.
Use of uninitialized value in join or string at /staging/leuven/stg_00096/home/rdewin/system/miniconda/envs/VEP/bin/vcf2maf.pl line 338, <GEN0> line 111.
Use of uninitialized value in concatenation (.) or string at /staging/leuven/stg_00096/home/rdewin/system/miniconda/envs/VEP/bin/vcf2maf.pl line 336, <GEN0> line 112.
Use of uninitialized value in concatenation (.) or string at /staging/leuven/stg_00096/home/rdewin/system/miniconda/envs/VEP/bin/vcf2maf.pl line 336, <GEN0> line 112.
Use of uninitialized value in concatenation (.) or string at /staging/leuven/stg_00096/home/rdewin/system/miniconda/envs/VEP/bin/vcf2maf.pl line 336, <GEN0> line 112.
[W::fai_get_val] Reference :- not found in FASTA file, returning empty sequence
[W::fai_get_val] Reference :- not found in FASTA file, returning empty sequence
[faidx] Failed to fetch sequence in :-
Use of uninitialized value in join or string at /staging/leuven/stg_00096/home/rdewin/system/miniconda/envs/VEP/bin/vcf2maf.pl line 338, <GEN0> line 112.
Use of uninitialized value in join or string at /staging/leuven/stg_00096/home/rdewin/system/miniconda/envs/VEP/bin/vcf2maf.pl line 338, <GEN0> line 112.
Use of uninitialized value in concatenation (.) or string at /staging/leuven/stg_00096/home/rdewin/system/miniconda/envs/VEP/bin/vcf2maf.pl line 336, <GEN0> line 113.
Use of uninitialized value in concatenation (.) or string at /staging/leuven/stg_00096/home/rdewin/system/miniconda/envs/VEP/bin/vcf2maf.pl line 336, <GEN0> line 113.
Use of uninitialized value in concatenation (.) or string at /staging/leuven/stg_00096/home/rdewin/system/miniconda/envs/VEP/bin/vcf2maf.pl line 336, <GEN0> line 113.
[W::fai_get_val] Reference :- not found in FASTA file, returning empty sequence
[W::fai_get_val] Reference :- not found in FASTA file, returning empty sequence
[faidx] Failed to fetch sequence in :-
Use of uninitialized value in join or string at /staging/leuven/stg_00096/home/rdewin/system/miniconda/envs/VEP/bin/vcf2maf.pl line 338, <GEN0> line 113.
Use of uninitialized value in join or string at /staging/leuven/stg_00096/home/rdewin/system/miniconda/envs/VEP/bin/vcf2maf.pl line 338, <GEN0> line 113.
Use of uninitialized value in concatenation (.) or string at /staging/leuven/stg_00096/home/rdewin/system/miniconda/envs/VEP/bin/vcf2maf.pl line 336, <GEN0> line 114.
Use of uninitialized value in concatenation (.) or string at /staging/leuven/stg_00096/home/rdewin/system/miniconda/envs/VEP/bin/vcf2maf.pl line 336, <GEN0> line 114.
Use of uninitialized value in concatenation (.) or string at /staging/leuven/stg_00096/home/rdewin/system/miniconda/envs/VEP/bin/vcf2maf.pl line 336, <GEN0> line 114.
[W::fai_get_val] Reference :- not found in FASTA file, returning empty sequence
[W::fai_get_val] Reference :- not found in FASTA file, returning empty sequence
[faidx] Failed to fetch sequence in :-
Use of uninitialized value in join or string at /staging/leuven/stg_00096/home/rdewin/system/miniconda/envs/VEP/bin/vcf2maf.pl line 338, <GEN0> line 114.
Use of uninitialized value in join or string at /staging/leuven/stg_00096/home/rdewin/system/miniconda/envs/VEP/bin/vcf2maf.pl line 338, <GEN0> line 114.
Use of uninitialized value in concatenation (.) or string at /staging/leuven/stg_00096/home/rdewin/system/miniconda/envs/VEP/bin/vcf2maf.pl line 336, <GEN0> line 115.
Use of uninitialized value in concatenation (.) or string at /staging/leuven/stg_00096/home/rdewin/system/miniconda/envs/VEP/bin/vcf2maf.pl line 336, <GEN0> line 115.
Use of uninitialized value in concatenation (.) or string at /staging/leuven/stg_00096/home/rdewin/system/miniconda/envs/VEP/bin/vcf2maf.pl line 336, <GEN0> line 115.
[W::fai_get_val] Reference :- not found in FASTA file, returning empty sequence
[W::fai_get_val] Reference :- not found in FASTA file, returning empty sequence
[faidx] Failed to fetch sequence in :-
Use of uninitialized value in join or string at /staging/leuven/stg_00096/home/rdewin/system/miniconda/envs/VEP/bin/vcf2maf.pl line 338, <GEN0> line 115.
Use of uninitialized value in join or string at /staging/leuven/stg_00096/home/rdewin/system/miniconda/envs/VEP/bin/vcf2maf.pl line 338, <GEN0> line 115.
Use of uninitialized value in concatenation (.) or string at /staging/leuven/stg_00096/home/rdewin/system/miniconda/envs/VEP/bin/vcf2maf.pl line 336, <GEN0> line 116.
Use of uninitialized value in concatenation (.) or string at /staging/leuven/stg_00096/home/rdewin/system/miniconda/envs/VEP/bin/vcf2maf.pl line 336, <GEN0> line 116.
Use of uninitialized value in concatenation (.) or string at /staging/leuven/stg_00096/home/rdewin/system/miniconda/envs/VEP/bin/vcf2maf.pl line 336, <GEN0> line 116.
[W::fai_get_val] Reference :- not found in FASTA file, returning empty sequence
[W::fai_get_val] Reference :- not found in FASTA file, returning empty sequence
[faidx] Failed to fetch sequence in :-
Use of uninitialized value in join or string at /staging/leuven/stg_00096/home/rdewin/system/miniconda/envs/VEP/bin/vcf2maf.pl line 338, <GEN0> line 116.
Use of uninitialized value in join or string at /staging/leuven/stg_00096/home/rdewin/system/miniconda/envs/VEP/bin/vcf2maf.pl line 338, <GEN0> line 116.
Use of uninitialized value in concatenation (.) or string at /staging/leuven/stg_00096/home/rdewin/system/miniconda/envs/VEP/bin/vcf2maf.pl line 336, <GEN0> line 117.
Use of uninitialized value in concatenation (.) or string at /staging/leuven/stg_00096/home/rdewin/system/miniconda/envs/VEP/bin/vcf2maf.pl line 336, <GEN0> line 117.
Use of uninitialized value in concatenation (.) or string at /staging/leuven/stg_00096/home/rdewin/system/miniconda/envs/VEP/bin/vcf2maf.pl line 336, <GEN0> line 117.
[W::fai_get_val] Reference :- not found in FASTA file, returning empty sequence
[W::fai_get_val] Reference :- not found in FASTA file, returning empty sequence
[faidx] Failed to fetch sequence in :-
Use of uninitialized value in join or string at /staging/leuven/stg_00096/home/rdewin/system/miniconda/envs/VEP/bin/vcf2maf.pl line 338, <GEN0> line 117.
Use of uninitialized value in join or string at /staging/leuven/stg_00096/home/rdewin/system/miniconda/envs/VEP/bin/vcf2maf.pl line 338, <GEN0> line 117.
Use of uninitialized value in concatenation (.) or string at /staging/leuven/stg_00096/home/rdewin/system/miniconda/envs/VEP/bin/vcf2maf.pl line 336, <GEN0> line 118.
Use of uninitialized value in concatenation (.) or string at /staging/leuven/stg_00096/home/rdewin/system/miniconda/envs/VEP/bin/vcf2maf.pl line 336, <GEN0> line 118.
Use of uninitialized value in concatenation (.) or string at /staging/leuven/stg_00096/home/rdewin/system/miniconda/envs/VEP/bin/vcf2maf.pl line 336, <GEN0> line 118.
[W::fai_get_val] Reference :- not found in FASTA file, returning empty sequence
[W::fai_get_val] Reference :- not found in FASTA file, returning empty sequence
[faidx] Failed to fetch sequence in :-
Use of uninitialized value in join or string at /staging/leuven/stg_00096/home/rdewin/system/miniconda/envs/VEP/bin/vcf2maf.pl line 338, <GEN0> line 118.
Use of uninitialized value in join or string at /staging/leuven/stg_00096/home/rdewin/system/miniconda/envs/VEP/bin/vcf2maf.pl line 338, <GEN0> line 118.
Use of uninitialized value in concatenation (.) or string at /staging/leuven/stg_00096/home/rdewin/system/miniconda/envs/VEP/bin/vcf2maf.pl line 336, <GEN0> line 119.
Use of uninitialized value in concatenation (.) or string at /staging/leuven/stg_00096/home/rdewin/system/miniconda/envs/VEP/bin/vcf2maf.pl line 336, <GEN0> line 119.
Use of uninitialized value in concatenation (.) or string at /staging/leuven/stg_00096/home/rdewin/system/miniconda/envs/VEP/bin/vcf2maf.pl line 336, <GEN0> line 119.
[W::fai_get_val] Reference :- not found in FASTA file, returning empty sequence
[W::fai_get_val] Reference :- not found in FASTA file, returning empty sequence
[faidx] Failed to fetch sequence in :-
Use of uninitialized value in join or string at /staging/leuven/stg_00096/home/rdewin/system/miniconda/envs/VEP/bin/vcf2maf.pl line 338, <GEN0> line 119.
Use of uninitialized value in join or string at /staging/leuven/stg_00096/home/rdewin/system/miniconda/envs/VEP/bin/vcf2maf.pl line 338, <GEN0> line 119.
Use of uninitialized value in concatenation (.) or string at /staging/leuven/stg_00096/home/rdewin/system/miniconda/envs/VEP/bin/vcf2maf.pl line 336, <GEN0> line 120.
Use of uninitialized value in concatenation (.) or string at /staging/leuven/stg_00096/home/rdewin/system/miniconda/envs/VEP/bin/vcf2maf.pl line 336, <GEN0> line 120.
Use of uninitialized value in concatenation (.) or string at /staging/leuven/stg_00096/home/rdewin/system/miniconda/envs/VEP/bin/vcf2maf.pl line 336, <GEN0> line 120.
[W::fai_get_val] Reference :- not found in FASTA file, returning empty sequence
[W::fai_get_val] Reference :- not found in FASTA file, returning empty sequence
[faidx] Failed to fetch sequence in :-
Use of uninitialized value in join or string at /staging/leuven/stg_00096/home/rdewin/system/miniconda/envs/VEP/bin/vcf2maf.pl line 338, <GEN0> line 120.
Use of uninitialized value in join or string at /staging/leuven/stg_00096/home/rdewin/system/miniconda/envs/VEP/bin/vcf2maf.pl line 338, <GEN0> line 120.
Use of uninitialized value in concatenation (.) or string at /staging/leuven/stg_00096/home/rdewin/system/miniconda/envs/VEP/bin/vcf2maf.pl line 336, <GEN0> line 121.
Use of uninitialized value in concatenation (.) or string at /staging/leuven/stg_00096/home/rdewin/system/miniconda/envs/VEP/bin/vcf2maf.pl line 336, <GEN0> line 121.
Use of uninitialized value in concatenation (.) or string at /staging/leuven/stg_00096/home/rdewin/system/miniconda/envs/VEP/bin/vcf2maf.pl line 336, <GEN0> line 121.
[W::fai_get_val] Reference :- not found in FASTA file, returning empty sequence
[W::fai_get_val] Reference :- not found in FASTA file, returning empty sequence
[faidx] Failed to fetch sequence in :-
Use of uninitialized value in join or string at /staging/leuven/stg_00096/home/rdewin/system/miniconda/envs/VEP/bin/vcf2maf.pl line 338, <GEN0> line 121.
Use of uninitialized value in join or string at /staging/leuven/stg_00096/home/rdewin/system/miniconda/envs/VEP/bin/vcf2maf.pl line 338, <GEN0> line 121.
Use of uninitialized value in concatenation (.) or string at /staging/leuven/stg_00096/home/rdewin/system/miniconda/envs/VEP/bin/vcf2maf.pl line 336, <GEN0> line 122.
Use of uninitialized value in concatenation (.) or string at /staging/leuven/stg_00096/home/rdewin/system/miniconda/envs/VEP/bin/vcf2maf.pl line 336, <GEN0> line 122.
Use of uninitialized value in concatenation (.) or string at /staging/leuven/stg_00096/home/rdewin/system/miniconda/envs/VEP/bin/vcf2maf.pl line 336, <GEN0> line 122.
[W::fai_get_val] Reference :- not found in FASTA file, returning empty sequence
[W::fai_get_val] Reference :- not found in FASTA file, returning empty sequence
[faidx] Failed to fetch sequence in :-
Use of uninitialized value in join or string at /staging/leuven/stg_00096/home/rdewin/system/miniconda/envs/VEP/bin/vcf2maf.pl line 338, <GEN0> line 122.
Use of uninitialized value in join or string at /staging/leuven/stg_00096/home/rdewin/system/miniconda/envs/VEP/bin/vcf2maf.pl line 338, <GEN0> line 122.
Use of uninitialized value in concatenation (.) or string at /staging/leuven/stg_00096/home/rdewin/system/miniconda/envs/VEP/bin/vcf2maf.pl line 336, <GEN0> line 123.
Use of uninitialized value in concatenation (.) or string at /staging/leuven/stg_00096/home/rdewin/system/miniconda/envs/VEP/bin/vcf2maf.pl line 336, <GEN0> line 123.
Use of uninitialized value in concatenation (.) or string at /staging/leuven/stg_00096/home/rdewin/system/miniconda/envs/VEP/bin/vcf2maf.pl line 336, <GEN0> line 123.
[W::fai_get_val] Reference :- not found in FASTA file, returning empty sequence
[W::fai_get_val] Reference :- not found in FASTA file, returning empty sequence
[faidx] Failed to fetch sequence in :-
Use of uninitialized value in join or string at /staging/leuven/stg_00096/home/rdewin/system/miniconda/envs/VEP/bin/vcf2maf.pl line 338, <GEN0> line 123.
Use of uninitialized value in join or string at /staging/leuven/stg_00096/home/rdewin/system/miniconda/envs/VEP/bin/vcf2maf.pl line 338, <GEN0> line 123.
Use of uninitialized value in concatenation (.) or string at /staging/leuven/stg_00096/home/rdewin/system/miniconda/envs/VEP/bin/vcf2maf.pl line 336, <GEN0> line 124.
Use of uninitialized value in concatenation (.) or string at /staging/leuven/stg_00096/home/rdewin/system/miniconda/envs/VEP/bin/vcf2maf.pl line 336, <GEN0> line 124.
Use of uninitialized value in concatenation (.) or string at /staging/leuven/stg_00096/home/rdewin/system/miniconda/envs/VEP/bin/vcf2maf.pl line 336, <GEN0> line 124.
[W::fai_get_val] Reference :- not found in FASTA file, returning empty sequence
[W::fai_get_val] Reference :- not found in FASTA file, returning empty sequence
[faidx] Failed to fetch sequence in :-
Use of uninitialized value in join or string at /staging/leuven/stg_00096/home/rdewin/system/miniconda/envs/VEP/bin/vcf2maf.pl line 338, <GEN0> line 124.
Use of uninitialized value in join or string at /staging/leuven/stg_00096/home/rdewin/system/miniconda/envs/VEP/bin/vcf2maf.pl line 338, <GEN0> line 124.
Use of uninitialized value in concatenation (.) or string at /staging/leuven/stg_00096/home/rdewin/system/miniconda/envs/VEP/bin/vcf2maf.pl line 336, <GEN0> line 125.
Use of uninitialized value in concatenation (.) or string at /staging/leuven/stg_00096/home/rdewin/system/miniconda/envs/VEP/bin/vcf2maf.pl line 336, <GEN0> line 125.
Use of uninitialized value in concatenation (.) or string at /staging/leuven/stg_00096/home/rdewin/system/miniconda/envs/VEP/bin/vcf2maf.pl line 336, <GEN0> line 125.
[W::fai_get_val] Reference :- not found in FASTA file, returning empty sequence
[W::fai_get_val] Reference :- not found in FASTA file, returning empty sequence
[faidx] Failed to fetch sequence in :-
Use of uninitialized value in join or string at /staging/leuven/stg_00096/home/rdewin/system/miniconda/envs/VEP/bin/vcf2maf.pl line 338, <GEN0> line 125.
Use of uninitialized value in join or string at /staging/leuven/stg_00096/home/rdewin/system/miniconda/envs/VEP/bin/vcf2maf.pl line 338, <GEN0> line 125.
Use of uninitialized value in concatenation (.) or string at /staging/leuven/stg_00096/home/rdewin/system/miniconda/envs/VEP/bin/vcf2maf.pl line 336, <GEN0> line 126.
Use of uninitialized value in concatenation (.) or string at /staging/leuven/stg_00096/home/rdewin/system/miniconda/envs/VEP/bin/vcf2maf.pl line 336, <GEN0> line 126.
Use of uninitialized value in concatenation (.) or string at /staging/leuven/stg_00096/home/rdewin/system/miniconda/envs/VEP/bin/vcf2maf.pl line 336, <GEN0> line 126.
[W::fai_get_val] Reference :- not found in FASTA file, returning empty sequence
[W::fai_get_val] Reference :- not found in FASTA file, returning empty sequence
[faidx] Failed to fetch sequence in :-
Use of uninitialized value in join or string at /staging/leuven/stg_00096/home/rdewin/system/miniconda/envs/VEP/bin/vcf2maf.pl line 338, <GEN0> line 126.
Use of uninitialized value in join or string at /staging/leuven/stg_00096/home/rdewin/system/miniconda/envs/VEP/bin/vcf2maf.pl line 338, <GEN0> line 126.
Use of uninitialized value in concatenation (.) or string at /staging/leuven/stg_00096/home/rdewin/system/miniconda/envs/VEP/bin/vcf2maf.pl line 336, <GEN0> line 127.
Use of uninitialized value in concatenation (.) or string at /staging/leuven/stg_00096/home/rdewin/system/miniconda/envs/VEP/bin/vcf2maf.pl line 336, <GEN0> line 127.
Use of uninitialized value in concatenation (.) or string at /staging/leuven/stg_00096/home/rdewin/system/miniconda/envs/VEP/bin/vcf2maf.pl line 336, <GEN0> line 127.
[W::fai_get_val] Reference :- not found in FASTA file, returning empty sequence
[W::fai_get_val] Reference :- not found in FASTA file, returning empty sequence
[faidx] Failed to fetch sequence in :-
Use of uninitialized value in join or string at /staging/leuven/stg_00096/home/rdewin/system/miniconda/envs/VEP/bin/vcf2maf.pl line 338, <GEN0> line 127.
Use of uninitialized value in join or string at /staging/leuven/stg_00096/home/rdewin/system/miniconda/envs/VEP/bin/vcf2maf.pl line 338, <GEN0> line 127.
Use of uninitialized value in concatenation (.) or string at /staging/leuven/stg_00096/home/rdewin/system/miniconda/envs/VEP/bin/vcf2maf.pl line 336, <GEN0> line 128.
Use of uninitialized value in concatenation (.) or string at /staging/leuven/stg_00096/home/rdewin/system/miniconda/envs/VEP/bin/vcf2maf.pl line 336, <GEN0> line 128.
Use of uninitialized value in concatenation (.) or string at /staging/leuven/stg_00096/home/rdewin/system/miniconda/envs/VEP/bin/vcf2maf.pl line 336, <GEN0> line 128.
[W::fai_get_val] Reference :- not found in FASTA file, returning empty sequence
[W::fai_get_val] Reference :- not found in FASTA file, returning empty sequence
[faidx] Failed to fetch sequence in :-
Use of uninitialized value in join or string at /staging/leuven/stg_00096/home/rdewin/system/miniconda/envs/VEP/bin/vcf2maf.pl line 338, <GEN0> line 128.
Use of uninitialized value in join or string at /staging/leuven/stg_00096/home/rdewin/system/miniconda/envs/VEP/bin/vcf2maf.pl line 338, <GEN0> line 128.
Use of uninitialized value in concatenation (.) or string at /staging/leuven/stg_00096/home/rdewin/system/miniconda/envs/VEP/bin/vcf2maf.pl line 336, <GEN0> line 129.
Use of uninitialized value in concatenation (.) or string at /staging/leuven/stg_00096/home/rdewin/system/miniconda/envs/VEP/bin/vcf2maf.pl line 336, <GEN0> line 129.
Use of uninitialized value in concatenation (.) or string at /staging/leuven/stg_00096/home/rdewin/system/miniconda/envs/VEP/bin/vcf2maf.pl line 336, <GEN0> line 129.
[W::fai_get_val] Reference :- not found in FASTA file, returning empty sequence
[W::fai_get_val] Reference :- not found in FASTA file, returning empty sequence
[faidx] Failed to fetch sequence in :-
Use of uninitialized value in join or string at /staging/leuven/stg_00096/home/rdewin/system/miniconda/envs/VEP/bin/vcf2maf.pl line 338, <GEN0> line 129.
Use of uninitialized value in join or string at /staging/leuven/stg_00096/home/rdewin/system/miniconda/envs/VEP/bin/vcf2maf.pl line 338, <GEN0> line 129.
Use of uninitialized value in concatenation (.) or string at /staging/leuven/stg_00096/home/rdewin/system/miniconda/envs/VEP/bin/vcf2maf.pl line 336, <GEN0> line 130.
Use of uninitialized value in concatenation (.) or string at /staging/leuven/stg_00096/home/rdewin/system/miniconda/envs/VEP/bin/vcf2maf.pl line 336, <GEN0> line 130.
Use of uninitialized value in concatenation (.) or string at /staging/leuven/stg_00096/home/rdewin/system/miniconda/envs/VEP/bin/vcf2maf.pl line 336, <GEN0> line 130.
[W::fai_get_val] Reference :- not found in FASTA file, returning empty sequence
[W::fai_get_val] Reference :- not found in FASTA file, returning empty sequence
[faidx] Failed to fetch sequence in :-
Use of uninitialized value in join or string at /staging/leuven/stg_00096/home/rdewin/system/miniconda/envs/VEP/bin/vcf2maf.pl line 338, <GEN0> line 130.
Use of uninitialized value in join or string at /staging/leuven/stg_00096/home/rdewin/system/miniconda/envs/VEP/bin/vcf2maf.pl line 338, <GEN0> line 130.
Use of uninitialized value in concatenation (.) or string at /staging/leuven/stg_00096/home/rdewin/system/miniconda/envs/VEP/bin/vcf2maf.pl line 336, <GEN0> line 131.
Use of uninitialized value in concatenation (.) or string at /staging/leuven/stg_00096/home/rdewin/system/miniconda/envs/VEP/bin/vcf2maf.pl line 336, <GEN0> line 131.
Use of uninitialized value in concatenation (.) or string at /staging/leuven/stg_00096/home/rdewin/system/miniconda/envs/VEP/bin/vcf2maf.pl line 336, <GEN0> line 131.
[W::fai_get_val] Reference :- not found in FASTA file, returning empty sequence
[W::fai_get_val] Reference :- not found in FASTA file, returning empty sequence
[faidx] Failed to fetch sequence in :-
Use of uninitialized value in join or string at /staging/leuven/stg_00096/home/rdewin/system/miniconda/envs/VEP/bin/vcf2maf.pl line 338, <GEN0> line 131.
Use of uninitialized value in join or string at /staging/leuven/stg_00096/home/rdewin/system/miniconda/envs/VEP/bin/vcf2maf.pl line 338, <GEN0> line 131.
Use of uninitialized value in concatenation (.) or string at /staging/leuven/stg_00096/home/rdewin/system/miniconda/envs/VEP/bin/vcf2maf.pl line 336, <GEN0> line 132.
Use of uninitialized value in concatenation (.) or string at /staging/leuven/stg_00096/home/rdewin/system/miniconda/envs/VEP/bin/vcf2maf.pl line 336, <GEN0> line 132.
Use of uninitialized value in concatenation (.) or string at /staging/leuven/stg_00096/home/rdewin/system/miniconda/envs/VEP/bin/vcf2maf.pl line 336, <GEN0> line 132.
[W::fai_get_val] Reference :- not found in FASTA file, returning empty sequence
[W::fai_get_val] Reference :- not found in FASTA file, returning empty sequence
[faidx] Failed to fetch sequence in :-
Use of uninitialized value in join or string at /staging/leuven/stg_00096/home/rdewin/system/miniconda/envs/VEP/bin/vcf2maf.pl line 338, <GEN0> line 132.
Use of uninitialized value in join or string at /staging/leuven/stg_00096/home/rdewin/system/miniconda/envs/VEP/bin/vcf2maf.pl line 338, <GEN0> line 132.
Use of uninitialized value in concatenation (.) or string at /staging/leuven/stg_00096/home/rdewin/system/miniconda/envs/VEP/bin/vcf2maf.pl line 336, <GEN0> line 133.
Use of uninitialized value in concatenation (.) or string at /staging/leuven/stg_00096/home/rdewin/system/miniconda/envs/VEP/bin/vcf2maf.pl line 336, <GEN0> line 133.
Use of uninitialized value in concatenation (.) or string at /staging/leuven/stg_00096/home/rdewin/system/miniconda/envs/VEP/bin/vcf2maf.pl line 336, <GEN0> line 133.
[W::fai_get_val] Reference :- not found in FASTA file, returning empty sequence
[W::fai_get_val] Reference :- not found in FASTA file, returning empty sequence
[faidx] Failed to fetch sequence in :-
Use of uninitialized value in join or string at /staging/leuven/stg_00096/home/rdewin/system/miniconda/envs/VEP/bin/vcf2maf.pl line 338, <GEN0> line 133.
Use of uninitialized value in join or string at /staging/leuven/stg_00096/home/rdewin/system/miniconda/envs/VEP/bin/vcf2maf.pl line 338, <GEN0> line 133.
Use of uninitialized value in concatenation (.) or string at /staging/leuven/stg_00096/home/rdewin/system/miniconda/envs/VEP/bin/vcf2maf.pl line 336, <GEN0> line 134.
Use of uninitialized value in concatenation (.) or string at /staging/leuven/stg_00096/home/rdewin/system/miniconda/envs/VEP/bin/vcf2maf.pl line 336, <GEN0> line 134.
Use of uninitialized value in concatenation (.) or string at /staging/leuven/stg_00096/home/rdewin/system/miniconda/envs/VEP/bin/vcf2maf.pl line 336, <GEN0> line 134.
[W::fai_get_val] Reference :- not found in FASTA file, returning empty sequence
[W::fai_get_val] Reference :- not found in FASTA file, returning empty sequence
[faidx] Failed to fetch sequence in :-
Use of uninitialized value in join or string at /staging/leuven/stg_00096/home/rdewin/system/miniconda/envs/VEP/bin/vcf2maf.pl line 338, <GEN0> line 134.
Use of uninitialized value in join or string at /staging/leuven/stg_00096/home/rdewin/system/miniconda/envs/VEP/bin/vcf2maf.pl line 338, <GEN0> line 134.
Use of uninitialized value in concatenation (.) or string at /staging/leuven/stg_00096/home/rdewin/system/miniconda/envs/VEP/bin/vcf2maf.pl line 336, <GEN0> line 135.
Use of uninitialized value in concatenation (.) or string at /staging/leuven/stg_00096/home/rdewin/system/miniconda/envs/VEP/bin/vcf2maf.pl line 336, <GEN0> line 135.
Use of uninitialized value in concatenation (.) or string at /staging/leuven/stg_00096/home/rdewin/system/miniconda/envs/VEP/bin/vcf2maf.pl line 336, <GEN0> line 135.
[W::fai_get_val] Reference :- not found in FASTA file, returning empty sequence
[W::fai_get_val] Reference :- not found in FASTA file, returning empty sequence
[faidx] Failed to fetch sequence in :-
Use of uninitialized value in join or string at /staging/leuven/stg_00096/home/rdewin/system/miniconda/envs/VEP/bin/vcf2maf.pl line 338, <GEN0> line 135.
Use of uninitialized value in join or string at /staging/leuven/stg_00096/home/rdewin/system/miniconda/envs/VEP/bin/vcf2maf.pl line 338, <GEN0> line 135.
Use of uninitialized value in concatenation (.) or string at /staging/leuven/stg_00096/home/rdewin/system/miniconda/envs/VEP/bin/vcf2maf.pl line 336, <GEN0> line 136.
Use of uninitialized value in concatenation (.) or string at /staging/leuven/stg_00096/home/rdewin/system/miniconda/envs/VEP/bin/vcf2maf.pl line 336, <GEN0> line 136.
Use of uninitialized value in concatenation (.) or string at /staging/leuven/stg_00096/home/rdewin/system/miniconda/envs/VEP/bin/vcf2maf.pl line 336, <GEN0> line 136.
[W::fai_get_val] Reference :- not found in FASTA file, returning empty sequence
[W::fai_get_val] Reference :- not found in FASTA file, returning empty sequence
[faidx] Failed to fetch sequence in :-
Use of uninitialized value in join or string at /staging/leuven/stg_00096/home/rdewin/system/miniconda/envs/VEP/bin/vcf2maf.pl line 338, <GEN0> line 136.
Use of uninitialized value in join or string at /staging/leuven/stg_00096/home/rdewin/system/miniconda/envs/VEP/bin/vcf2maf.pl line 338, <GEN0> line 136.
Use of uninitialized value in concatenation (.) or string at /staging/leuven/stg_00096/home/rdewin/system/miniconda/envs/VEP/bin/vcf2maf.pl line 336, <GEN0> line 137.
Use of uninitialized value in concatenation (.) or string at /staging/leuven/stg_00096/home/rdewin/system/miniconda/envs/VEP/bin/vcf2maf.pl line 336, <GEN0> line 137.
Use of uninitialized value in concatenation (.) or string at /staging/leuven/stg_00096/home/rdewin/system/miniconda/envs/VEP/bin/vcf2maf.pl line 336, <GEN0> line 137.
[W::fai_get_val] Reference :- not found in FASTA file, returning empty sequence
[W::fai_get_val] Reference :- not found in FASTA file, returning empty sequence
[faidx] Failed to fetch sequence in :-
Use of uninitialized value in join or string at /staging/leuven/stg_00096/home/rdewin/system/miniconda/envs/VEP/bin/vcf2maf.pl line 338, <GEN0> line 137.
Use of uninitialized value in join or string at /staging/leuven/stg_00096/home/rdewin/system/miniconda/envs/VEP/bin/vcf2maf.pl line 338, <GEN0> line 137.
Use of uninitialized value in concatenation (.) or string at /staging/leuven/stg_00096/home/rdewin/system/miniconda/envs/VEP/bin/vcf2maf.pl line 336, <GEN0> line 138.
Use of uninitialized value in concatenation (.) or string at /staging/leuven/stg_00096/home/rdewin/system/miniconda/envs/VEP/bin/vcf2maf.pl line 336, <GEN0> line 138.
Use of uninitialized value in concatenation (.) or string at /staging/leuven/stg_00096/home/rdewin/system/miniconda/envs/VEP/bin/vcf2maf.pl line 336, <GEN0> line 138.
[W::fai_get_val] Reference :- not found in FASTA file, returning empty sequence
[W::fai_get_val] Reference :- not found in FASTA file, returning empty sequence
[faidx] Failed to fetch sequence in :-
Use of uninitialized value in join or string at /staging/leuven/stg_00096/home/rdewin/system/miniconda/envs/VEP/bin/vcf2maf.pl line 338, <GEN0> line 138.
Use of uninitialized value in join or string at /staging/leuven/stg_00096/home/rdewin/system/miniconda/envs/VEP/bin/vcf2maf.pl line 338, <GEN0> line 138.
Use of uninitialized value in concatenation (.) or string at /staging/leuven/stg_00096/home/rdewin/system/miniconda/envs/VEP/bin/vcf2maf.pl line 336, <GEN0> line 139.
Use of uninitialized value in concatenation (.) or string at /staging/leuven/stg_00096/home/rdewin/system/miniconda/envs/VEP/bin/vcf2maf.pl line 336, <GEN0> line 139.
Use of uninitialized value in concatenation (.) or string at /staging/leuven/stg_00096/home/rdewin/system/miniconda/envs/VEP/bin/vcf2maf.pl line 336, <GEN0> line 139.
[W::fai_get_val] Reference :- not found in FASTA file, returning empty sequence
[W::fai_get_val] Reference :- not found in FASTA file, returning empty sequence
[faidx] Failed to fetch sequence in :-
Use of uninitialized value in join or string at /staging/leuven/stg_00096/home/rdewin/system/miniconda/envs/VEP/bin/vcf2maf.pl line 338, <GEN0> line 139.
Use of uninitialized value in join or string at /staging/leuven/stg_00096/home/rdewin/system/miniconda/envs/VEP/bin/vcf2maf.pl line 338, <GEN0> line 139.
Use of uninitialized value in concatenation (.) or string at /staging/leuven/stg_00096/home/rdewin/system/miniconda/envs/VEP/bin/vcf2maf.pl line 336, <GEN0> line 140.
Use of uninitialized value in concatenation (.) or string at /staging/leuven/stg_00096/home/rdewin/system/miniconda/envs/VEP/bin/vcf2maf.pl line 336, <GEN0> line 140.
Use of uninitialized value in concatenation (.) or string at /staging/leuven/stg_00096/home/rdewin/system/miniconda/envs/VEP/bin/vcf2maf.pl line 336, <GEN0> line 140.
[W::fai_get_val] Reference :- not found in FASTA file, returning empty sequence
[W::fai_get_val] Reference :- not found in FASTA file, returning empty sequence
[faidx] Failed to fetch sequence in :-
Use of uninitialized value in join or string at /staging/leuven/stg_00096/home/rdewin/system/miniconda/envs/VEP/bin/vcf2maf.pl line 338, <GEN0> line 140.
Use of uninitialized value in join or string at /staging/leuven/stg_00096/home/rdewin/system/miniconda/envs/VEP/bin/vcf2maf.pl line 338, <GEN0> line 140.
Use of uninitialized value in concatenation (.) or string at /staging/leuven/stg_00096/home/rdewin/system/miniconda/envs/VEP/bin/vcf2maf.pl line 336, <GEN0> line 141.
Use of uninitialized value in concatenation (.) or string at /staging/leuven/stg_00096/home/rdewin/system/miniconda/envs/VEP/bin/vcf2maf.pl line 336, <GEN0> line 141.
Use of uninitialized value in concatenation (.) or string at /staging/leuven/stg_00096/home/rdewin/system/miniconda/envs/VEP/bin/vcf2maf.pl line 336, <GEN0> line 141.
[W::fai_get_val] Reference :- not found in FASTA file, returning empty sequence
[W::fai_get_val] Reference :- not found in FASTA file, returning empty sequence
[faidx] Failed to fetch sequence in :-
Use of uninitialized value in join or string at /staging/leuven/stg_00096/home/rdewin/system/miniconda/envs/VEP/bin/vcf2maf.pl line 338, <GEN0> line 141.
Use of uninitialized value in join or string at /staging/leuven/stg_00096/home/rdewin/system/miniconda/envs/VEP/bin/vcf2maf.pl line 338, <GEN0> line 141.
Use of uninitialized value in concatenation (.) or string at /staging/leuven/stg_00096/home/rdewin/system/miniconda/envs/VEP/bin/vcf2maf.pl line 336, <GEN0> line 142.
Use of uninitialized value in concatenation (.) or string at /staging/leuven/stg_00096/home/rdewin/system/miniconda/envs/VEP/bin/vcf2maf.pl line 336, <GEN0> line 142.
Use of uninitialized value in concatenation (.) or string at /staging/leuven/stg_00096/home/rdewin/system/miniconda/envs/VEP/bin/vcf2maf.pl line 336, <GEN0> line 142.
[W::fai_get_val] Reference :- not found in FASTA file, returning empty sequence
[W::fai_get_val] Reference :- not found in FASTA file, returning empty sequence
[faidx] Failed to fetch sequence in :-
Use of uninitialized value in join or string at /staging/leuven/stg_00096/home/rdewin/system/miniconda/envs/VEP/bin/vcf2maf.pl line 338, <GEN0> line 142.
Use of uninitialized value in join or string at /staging/leuven/stg_00096/home/rdewin/system/miniconda/envs/VEP/bin/vcf2maf.pl line 338, <GEN0> line 142.
Use of uninitialized value in concatenation (.) or string at /staging/leuven/stg_00096/home/rdewin/system/miniconda/envs/VEP/bin/vcf2maf.pl line 336, <GEN0> line 143.
Use of uninitialized value in concatenation (.) or string at /staging/leuven/stg_00096/home/rdewin/system/miniconda/envs/VEP/bin/vcf2maf.pl line 336, <GEN0> line 143.
Use of uninitialized value in concatenation (.) or string at /staging/leuven/stg_00096/home/rdewin/system/miniconda/envs/VEP/bin/vcf2maf.pl line 336, <GEN0> line 143.
[W::fai_get_val] Reference :- not found in FASTA file, returning empty sequence
[W::fai_get_val] Reference :- not found in FASTA file, returning empty sequence
[faidx] Failed to fetch sequence in :-
Use of uninitialized value in join or string at /staging/leuven/stg_00096/home/rdewin/system/miniconda/envs/VEP/bin/vcf2maf.pl line 338, <GEN0> line 143.
Use of uninitialized value in join or string at /staging/leuven/stg_00096/home/rdewin/system/miniconda/envs/VEP/bin/vcf2maf.pl line 338, <GEN0> line 143.
Use of uninitialized value in concatenation (.) or string at /staging/leuven/stg_00096/home/rdewin/system/miniconda/envs/VEP/bin/vcf2maf.pl line 336, <GEN0> line 144.
Use of uninitialized value in concatenation (.) or string at /staging/leuven/stg_00096/home/rdewin/system/miniconda/envs/VEP/bin/vcf2maf.pl line 336, <GEN0> line 144.
Use of uninitialized value in concatenation (.) or string at /staging/leuven/stg_00096/home/rdewin/system/miniconda/envs/VEP/bin/vcf2maf.pl line 336, <GEN0> line 144.
[W::fai_get_val] Reference :- not found in FASTA file, returning empty sequence
[W::fai_get_val] Reference :- not found in FASTA file, returning empty sequence
[faidx] Failed to fetch sequence in :-
Use of uninitialized value in join or string at /staging/leuven/stg_00096/home/rdewin/system/miniconda/envs/VEP/bin/vcf2maf.pl line 338, <GEN0> line 144.
Use of uninitialized value in join or string at /staging/leuven/stg_00096/home/rdewin/system/miniconda/envs/VEP/bin/vcf2maf.pl line 338, <GEN0> line 144.
Use of uninitialized value in concatenation (.) or string at /staging/leuven/stg_00096/home/rdewin/system/miniconda/envs/VEP/bin/vcf2maf.pl line 336, <GEN0> line 145.
Use of uninitialized value in concatenation (.) or string at /staging/leuven/stg_00096/home/rdewin/system/miniconda/envs/VEP/bin/vcf2maf.pl line 336, <GEN0> line 145.
Use of uninitialized value in concatenation (.) or string at /staging/leuven/stg_00096/home/rdewin/system/miniconda/envs/VEP/bin/vcf2maf.pl line 336, <GEN0> line 145.
[W::fai_get_val] Reference :- not found in FASTA file, returning empty sequence
[W::fai_get_val] Reference :- not found in FASTA file, returning empty sequence
[faidx] Failed to fetch sequence in :-
Use of uninitialized value in join or string at /staging/leuven/stg_00096/home/rdewin/system/miniconda/envs/VEP/bin/vcf2maf.pl line 338, <GEN0> line 145.
Use of uninitialized value in join or string at /staging/leuven/stg_00096/home/rdewin/system/miniconda/envs/VEP/bin/vcf2maf.pl line 338, <GEN0> line 145.
Use of uninitialized value in concatenation (.) or string at /staging/leuven/stg_00096/home/rdewin/system/miniconda/envs/VEP/bin/vcf2maf.pl line 336, <GEN0> line 146.
Use of uninitialized value in concatenation (.) or string at /staging/leuven/stg_00096/home/rdewin/system/miniconda/envs/VEP/bin/vcf2maf.pl line 336, <GEN0> line 146.
Use of uninitialized value in concatenation (.) or string at /staging/leuven/stg_00096/home/rdewin/system/miniconda/envs/VEP/bin/vcf2maf.pl line 336, <GEN0> line 146.
[W::fai_get_val] Reference :- not found in FASTA file, returning empty sequence
[W::fai_get_val] Reference :- not found in FASTA file, returning empty sequence
[faidx] Failed to fetch sequence in :-
Use of uninitialized value in join or string at /staging/leuven/stg_00096/home/rdewin/system/miniconda/envs/VEP/bin/vcf2maf.pl line 338, <GEN0> line 146.
Use of uninitialized value in join or string at /staging/leuven/stg_00096/home/rdewin/system/miniconda/envs/VEP/bin/vcf2maf.pl line 338, <GEN0> line 146.
Use of uninitialized value in concatenation (.) or string at /staging/leuven/stg_00096/home/rdewin/system/miniconda/envs/VEP/bin/vcf2maf.pl line 336, <GEN0> line 147.
Use of uninitialized value in concatenation (.) or string at /staging/leuven/stg_00096/home/rdewin/system/miniconda/envs/VEP/bin/vcf2maf.pl line 336, <GEN0> line 147.
Use of uninitialized value in concatenation (.) or string at /staging/leuven/stg_00096/home/rdewin/system/miniconda/envs/VEP/bin/vcf2maf.pl line 336, <GEN0> line 147.
[W::fai_get_val] Reference :- not found in FASTA file, returning empty sequence
[W::fai_get_val] Reference :- not found in FASTA file, returning empty sequence
[faidx] Failed to fetch sequence in :-
Use of uninitialized value in join or string at /staging/leuven/stg_00096/home/rdewin/system/miniconda/envs/VEP/bin/vcf2maf.pl line 338, <GEN0> line 147.
Use of uninitialized value in join or string at /staging/leuven/stg_00096/home/rdewin/system/miniconda/envs/VEP/bin/vcf2maf.pl line 338, <GEN0> line 147.
Use of uninitialized value in concatenation (.) or string at /staging/leuven/stg_00096/home/rdewin/system/miniconda/envs/VEP/bin/vcf2maf.pl line 336, <GEN0> line 148.
Use of uninitialized value in concatenation (.) or string at /staging/leuven/stg_00096/home/rdewin/system/miniconda/envs/VEP/bin/vcf2maf.pl line 336, <GEN0> line 148.
Use of uninitialized value in concatenation (.) or string at /staging/leuven/stg_00096/home/rdewin/system/miniconda/envs/VEP/bin/vcf2maf.pl line 336, <GEN0> line 148.
[W::fai_get_val] Reference :- not found in FASTA file, returning empty sequence
[W::fai_get_val] Reference :- not found in FASTA file, returning empty sequence
[faidx] Failed to fetch sequence in :-
Use of uninitialized value in join or string at /staging/leuven/stg_00096/home/rdewin/system/miniconda/envs/VEP/bin/vcf2maf.pl line 338, <GEN0> line 148.
Use of uninitialized value in join or string at /staging/leuven/stg_00096/home/rdewin/system/miniconda/envs/VEP/bin/vcf2maf.pl line 338, <GEN0> line 148.
Use of uninitialized value in concatenation (.) or string at /staging/leuven/stg_00096/home/rdewin/system/miniconda/envs/VEP/bin/vcf2maf.pl line 336, <GEN0> line 149.
Use of uninitialized value in concatenation (.) or string at /staging/leuven/stg_00096/home/rdewin/system/miniconda/envs/VEP/bin/vcf2maf.pl line 336, <GEN0> line 149.
Use of uninitialized value in concatenation (.) or string at /staging/leuven/stg_00096/home/rdewin/system/miniconda/envs/VEP/bin/vcf2maf.pl line 336, <GEN0> line 149.
[W::fai_get_val] Reference :- not found in FASTA file, returning empty sequence
[W::fai_get_val] Reference :- not found in FASTA file, returning empty sequence
[faidx] Failed to fetch sequence in :-
Use of uninitialized value in join or string at /staging/leuven/stg_00096/home/rdewin/system/miniconda/envs/VEP/bin/vcf2maf.pl line 338, <GEN0> line 149.
Use of uninitialized value in join or string at /staging/leuven/stg_00096/home/rdewin/system/miniconda/envs/VEP/bin/vcf2maf.pl line 338, <GEN0> line 149.
Use of uninitialized value in concatenation (.) or string at /staging/leuven/stg_00096/home/rdewin/system/miniconda/envs/VEP/bin/vcf2maf.pl line 336, <GEN0> line 150.
Use of uninitialized value in concatenation (.) or string at /staging/leuven/stg_00096/home/rdewin/system/miniconda/envs/VEP/bin/vcf2maf.pl line 336, <GEN0> line 150.
Use of uninitialized value in concatenation (.) or string at /staging/leuven/stg_00096/home/rdewin/system/miniconda/envs/VEP/bin/vcf2maf.pl line 336, <GEN0> line 150.
[W::fai_get_val] Reference :- not found in FASTA file, returning empty sequence
[W::fai_get_val] Reference :- not found in FASTA file, returning empty sequence
[faidx] Failed to fetch sequence in :-
Use of uninitialized value in join or string at /staging/leuven/stg_00096/home/rdewin/system/miniconda/envs/VEP/bin/vcf2maf.pl line 338, <GEN0> line 150.
Use of uninitialized value in join or string at /staging/leuven/stg_00096/home/rdewin/system/miniconda/envs/VEP/bin/vcf2maf.pl line 338, <GEN0> line 150.
Use of uninitialized value in concatenation (.) or string at /staging/leuven/stg_00096/home/rdewin/system/miniconda/envs/VEP/bin/vcf2maf.pl line 336, <GEN0> line 151.
Use of uninitialized value in concatenation (.) or string at /staging/leuven/stg_00096/home/rdewin/system/miniconda/envs/VEP/bin/vcf2maf.pl line 336, <GEN0> line 151.
Use of uninitialized value in concatenation (.) or string at /staging/leuven/stg_00096/home/rdewin/system/miniconda/envs/VEP/bin/vcf2maf.pl line 336, <GEN0> line 151.
[W::fai_get_val] Reference :- not found in FASTA file, returning empty sequence
[W::fai_get_val] Reference :- not found in FASTA file, returning empty sequence
[faidx] Failed to fetch sequence in :-
Use of uninitialized value in join or string at /staging/leuven/stg_00096/home/rdewin/system/miniconda/envs/VEP/bin/vcf2maf.pl line 338, <GEN0> line 151.
Use of uninitialized value in join or string at /staging/leuven/stg_00096/home/rdewin/system/miniconda/envs/VEP/bin/vcf2maf.pl line 338, <GEN0> line 151.
Use of uninitialized value in concatenation (.) or string at /staging/leuven/stg_00096/home/rdewin/system/miniconda/envs/VEP/bin/vcf2maf.pl line 336, <GEN0> line 152.
Use of uninitialized value in concatenation (.) or string at /staging/leuven/stg_00096/home/rdewin/system/miniconda/envs/VEP/bin/vcf2maf.pl line 336, <GEN0> line 152.
Use of uninitialized value in concatenation (.) or string at /staging/leuven/stg_00096/home/rdewin/system/miniconda/envs/VEP/bin/vcf2maf.pl line 336, <GEN0> line 152.
[W::fai_get_val] Reference :- not found in FASTA file, returning empty sequence
[W::fai_get_val] Reference :- not found in FASTA file, returning empty sequence
[faidx] Failed to fetch sequence in :-
Use of uninitialized value in join or string at /staging/leuven/stg_00096/home/rdewin/system/miniconda/envs/VEP/bin/vcf2maf.pl line 338, <GEN0> line 152.
Use of uninitialized value in join or string at /staging/leuven/stg_00096/home/rdewin/system/miniconda/envs/VEP/bin/vcf2maf.pl line 338, <GEN0> line 152.
Use of uninitialized value in concatenation (.) or string at /staging/leuven/stg_00096/home/rdewin/system/miniconda/envs/VEP/bin/vcf2maf.pl line 336, <GEN0> line 153.
Use of uninitialized value in concatenation (.) or string at /staging/leuven/stg_00096/home/rdewin/system/miniconda/envs/VEP/bin/vcf2maf.pl line 336, <GEN0> line 153.
Use of uninitialized value in concatenation (.) or string at /staging/leuven/stg_00096/home/rdewin/system/miniconda/envs/VEP/bin/vcf2maf.pl line 336, <GEN0> line 153.
[W::fai_get_val] Reference :- not found in FASTA file, returning empty sequence
[W::fai_get_val] Reference :- not found in FASTA file, returning empty sequence
[faidx] Failed to fetch sequence in :-
Use of uninitialized value in join or string at /staging/leuven/stg_00096/home/rdewin/system/miniconda/envs/VEP/bin/vcf2maf.pl line 338, <GEN0> line 153.
Use of uninitialized value in join or string at /staging/leuven/stg_00096/home/rdewin/system/miniconda/envs/VEP/bin/vcf2maf.pl line 338, <GEN0> line 153.
Use of uninitialized value in concatenation (.) or string at /staging/leuven/stg_00096/home/rdewin/system/miniconda/envs/VEP/bin/vcf2maf.pl line 336, <GEN0> line 154.
Use of uninitialized value in concatenation (.) or string at /staging/leuven/stg_00096/home/rdewin/system/miniconda/envs/VEP/bin/vcf2maf.pl line 336, <GEN0> line 154.
Use of uninitialized value in concatenation (.) or string at /staging/leuven/stg_00096/home/rdewin/system/miniconda/envs/VEP/bin/vcf2maf.pl line 336, <GEN0> line 154.
[W::fai_get_val] Reference :- not found in FASTA file, returning empty sequence
[W::fai_get_val] Reference :- not found in FASTA file, returning empty sequence
[faidx] Failed to fetch sequence in :-
Use of uninitialized value in join or string at /staging/leuven/stg_00096/home/rdewin/system/miniconda/envs/VEP/bin/vcf2maf.pl line 338, <GEN0> line 154.
Use of uninitialized value in join or string at /staging/leuven/stg_00096/home/rdewin/system/miniconda/envs/VEP/bin/vcf2maf.pl line 338, <GEN0> line 154.
Use of uninitialized value in concatenation (.) or string at /staging/leuven/stg_00096/home/rdewin/system/miniconda/envs/VEP/bin/vcf2maf.pl line 336, <GEN0> line 155.
Use of uninitialized value in concatenation (.) or string at /staging/leuven/stg_00096/home/rdewin/system/miniconda/envs/VEP/bin/vcf2maf.pl line 336, <GEN0> line 155.
Use of uninitialized value in concatenation (.) or string at /staging/leuven/stg_00096/home/rdewin/system/miniconda/envs/VEP/bin/vcf2maf.pl line 336, <GEN0> line 155.
[W::fai_get_val] Reference :- not found in FASTA file, returning empty sequence
[W::fai_get_val] Reference :- not found in FASTA file, returning empty sequence
[faidx] Failed to fetch sequence in :-
Use of uninitialized value in join or string at /staging/leuven/stg_00096/home/rdewin/system/miniconda/envs/VEP/bin/vcf2maf.pl line 338, <GEN0> line 155.
Use of uninitialized value in join or string at /staging/leuven/stg_00096/home/rdewin/system/miniconda/envs/VEP/bin/vcf2maf.pl line 338, <GEN0> line 155.
Use of uninitialized value in concatenation (.) or string at /staging/leuven/stg_00096/home/rdewin/system/miniconda/envs/VEP/bin/vcf2maf.pl line 336, <GEN0> line 156.
Use of uninitialized value in concatenation (.) or string at /staging/leuven/stg_00096/home/rdewin/system/miniconda/envs/VEP/bin/vcf2maf.pl line 336, <GEN0> line 156.
Use of uninitialized value in concatenation (.) or string at /staging/leuven/stg_00096/home/rdewin/system/miniconda/envs/VEP/bin/vcf2maf.pl line 336, <GEN0> line 156.
[W::fai_get_val] Reference :- not found in FASTA file, returning empty sequence
[W::fai_get_val] Reference :- not found in FASTA file, returning empty sequence
[faidx] Failed to fetch sequence in :-
Use of uninitialized value in join or string at /staging/leuven/stg_00096/home/rdewin/system/miniconda/envs/VEP/bin/vcf2maf.pl line 338, <GEN0> line 156.
Use of uninitialized value in join or string at /staging/leuven/stg_00096/home/rdewin/system/miniconda/envs/VEP/bin/vcf2maf.pl line 338, <GEN0> line 156.
Use of uninitialized value in concatenation (.) or string at /staging/leuven/stg_00096/home/rdewin/system/miniconda/envs/VEP/bin/vcf2maf.pl line 336, <GEN0> line 157.
Use of uninitialized value in concatenation (.) or string at /staging/leuven/stg_00096/home/rdewin/system/miniconda/envs/VEP/bin/vcf2maf.pl line 336, <GEN0> line 157.
Use of uninitialized value in concatenation (.) or string at /staging/leuven/stg_00096/home/rdewin/system/miniconda/envs/VEP/bin/vcf2maf.pl line 336, <GEN0> line 157.
[W::fai_get_val] Reference :- not found in FASTA file, returning empty sequence
[W::fai_get_val] Reference :- not found in FASTA file, returning empty sequence
[faidx] Failed to fetch sequence in :-
Use of uninitialized value in join or string at /staging/leuven/stg_00096/home/rdewin/system/miniconda/envs/VEP/bin/vcf2maf.pl line 338, <GEN0> line 157.
Use of uninitialized value in join or string at /staging/leuven/stg_00096/home/rdewin/system/miniconda/envs/VEP/bin/vcf2maf.pl line 338, <GEN0> line 157.
Use of uninitialized value in concatenation (.) or string at /staging/leuven/stg_00096/home/rdewin/system/miniconda/envs/VEP/bin/vcf2maf.pl line 336, <GEN0> line 158.
Use of uninitialized value in concatenation (.) or string at /staging/leuven/stg_00096/home/rdewin/system/miniconda/envs/VEP/bin/vcf2maf.pl line 336, <GEN0> line 158.
Use of uninitialized value in concatenation (.) or string at /staging/leuven/stg_00096/home/rdewin/system/miniconda/envs/VEP/bin/vcf2maf.pl line 336, <GEN0> line 158.
[W::fai_get_val] Reference :- not found in FASTA file, returning empty sequence
[W::fai_get_val] Reference :- not found in FASTA file, returning empty sequence
[faidx] Failed to fetch sequence in :-
Use of uninitialized value in join or string at /staging/leuven/stg_00096/home/rdewin/system/miniconda/envs/VEP/bin/vcf2maf.pl line 338, <GEN0> line 158.
Use of uninitialized value in join or string at /staging/leuven/stg_00096/home/rdewin/system/miniconda/envs/VEP/bin/vcf2maf.pl line 338, <GEN0> line 158.
Use of uninitialized value in concatenation (.) or string at /staging/leuven/stg_00096/home/rdewin/system/miniconda/envs/VEP/bin/vcf2maf.pl line 336, <GEN0> line 159.
Use of uninitialized value in concatenation (.) or string at /staging/leuven/stg_00096/home/rdewin/system/miniconda/envs/VEP/bin/vcf2maf.pl line 336, <GEN0> line 159.
Use of uninitialized value in concatenation (.) or string at /staging/leuven/stg_00096/home/rdewin/system/miniconda/envs/VEP/bin/vcf2maf.pl line 336, <GEN0> line 159.
[W::fai_get_val] Reference :- not found in FASTA file, returning empty sequence
[W::fai_get_val] Reference :- not found in FASTA file, returning empty sequence
[faidx] Failed to fetch sequence in :-
Use of uninitialized value in join or string at /staging/leuven/stg_00096/home/rdewin/system/miniconda/envs/VEP/bin/vcf2maf.pl line 338, <GEN0> line 159.
Use of uninitialized value in join or string at /staging/leuven/stg_00096/home/rdewin/system/miniconda/envs/VEP/bin/vcf2maf.pl line 338, <GEN0> line 159.
Use of uninitialized value in concatenation (.) or string at /staging/leuven/stg_00096/home/rdewin/system/miniconda/envs/VEP/bin/vcf2maf.pl line 336, <GEN0> line 160.
Use of uninitialized value in concatenation (.) or string at /staging/leuven/stg_00096/home/rdewin/system/miniconda/envs/VEP/bin/vcf2maf.pl line 336, <GEN0> line 160.
Use of uninitialized value in concatenation (.) or string at /staging/leuven/stg_00096/home/rdewin/system/miniconda/envs/VEP/bin/vcf2maf.pl line 336, <GEN0> line 160.
[W::fai_get_val] Reference :- not found in FASTA file, returning empty sequence
[W::fai_get_val] Reference :- not found in FASTA file, returning empty sequence
[faidx] Failed to fetch sequence in :-
Use of uninitialized value in join or string at /staging/leuven/stg_00096/home/rdewin/system/miniconda/envs/VEP/bin/vcf2maf.pl line 338, <GEN0> line 160.
Use of uninitialized value in join or string at /staging/leuven/stg_00096/home/rdewin/system/miniconda/envs/VEP/bin/vcf2maf.pl line 338, <GEN0> line 160.
Use of uninitialized value in concatenation (.) or string at /staging/leuven/stg_00096/home/rdewin/system/miniconda/envs/VEP/bin/vcf2maf.pl line 336, <GEN0> line 161.
Use of uninitialized value in concatenation (.) or string at /staging/leuven/stg_00096/home/rdewin/system/miniconda/envs/VEP/bin/vcf2maf.pl line 336, <GEN0> line 161.
Use of uninitialized value in concatenation (.) or string at /staging/leuven/stg_00096/home/rdewin/system/miniconda/envs/VEP/bin/vcf2maf.pl line 336, <GEN0> line 161.
[W::fai_get_val] Reference :- not found in FASTA file, returning empty sequence
[W::fai_get_val] Reference :- not found in FASTA file, returning empty sequence
[faidx] Failed to fetch sequence in :-
Use of uninitialized value in join or string at /staging/leuven/stg_00096/home/rdewin/system/miniconda/envs/VEP/bin/vcf2maf.pl line 338, <GEN0> line 161.
Use of uninitialized value in join or string at /staging/leuven/stg_00096/home/rdewin/system/miniconda/envs/VEP/bin/vcf2maf.pl line 338, <GEN0> line 161.
Use of uninitialized value in concatenation (.) or string at /staging/leuven/stg_00096/home/rdewin/system/miniconda/envs/VEP/bin/vcf2maf.pl line 336, <GEN0> line 162.
Use of uninitialized value in concatenation (.) or string at /staging/leuven/stg_00096/home/rdewin/system/miniconda/envs/VEP/bin/vcf2maf.pl line 336, <GEN0> line 162.
Use of uninitialized value in concatenation (.) or string at /staging/leuven/stg_00096/home/rdewin/system/miniconda/envs/VEP/bin/vcf2maf.pl line 336, <GEN0> line 162.
[W::fai_get_val] Reference :- not found in FASTA file, returning empty sequence
[W::fai_get_val] Reference :- not found in FASTA file, returning empty sequence
[faidx] Failed to fetch sequence in :-
Use of uninitialized value in join or string at /staging/leuven/stg_00096/home/rdewin/system/miniconda/envs/VEP/bin/vcf2maf.pl line 338, <GEN0> line 162.
Use of uninitialized value in join or string at /staging/leuven/stg_00096/home/rdewin/system/miniconda/envs/VEP/bin/vcf2maf.pl line 338, <GEN0> line 162.
Use of uninitialized value in concatenation (.) or string at /staging/leuven/stg_00096/home/rdewin/system/miniconda/envs/VEP/bin/vcf2maf.pl line 336, <GEN0> line 163.
Use of uninitialized value in concatenation (.) or string at /staging/leuven/stg_00096/home/rdewin/system/miniconda/envs/VEP/bin/vcf2maf.pl line 336, <GEN0> line 163.
Use of uninitialized value in concatenation (.) or string at /staging/leuven/stg_00096/home/rdewin/system/miniconda/envs/VEP/bin/vcf2maf.pl line 336, <GEN0> line 163.
[W::fai_get_val] Reference :- not found in FASTA file, returning empty sequence
[W::fai_get_val] Reference :- not found in FASTA file, returning empty sequence
[faidx] Failed to fetch sequence in :-
Use of uninitialized value in join or string at /staging/leuven/stg_00096/home/rdewin/system/miniconda/envs/VEP/bin/vcf2maf.pl line 338, <GEN0> line 163.
Use of uninitialized value in join or string at /staging/leuven/stg_00096/home/rdewin/system/miniconda/envs/VEP/bin/vcf2maf.pl line 338, <GEN0> line 163.
Use of uninitialized value in concatenation (.) or string at /staging/leuven/stg_00096/home/rdewin/system/miniconda/envs/VEP/bin/vcf2maf.pl line 336, <GEN0> line 164.
Use of uninitialized value in concatenation (.) or string at /staging/leuven/stg_00096/home/rdewin/system/miniconda/envs/VEP/bin/vcf2maf.pl line 336, <GEN0> line 164.
Use of uninitialized value in concatenation (.) or string at /staging/leuven/stg_00096/home/rdewin/system/miniconda/envs/VEP/bin/vcf2maf.pl line 336, <GEN0> line 164.
[W::fai_get_val] Reference :- not found in FASTA file, returning empty sequence
[W::fai_get_val] Reference :- not found in FASTA file, returning empty sequence
[faidx] Failed to fetch sequence in :-
Use of uninitialized value in join or string at /staging/leuven/stg_00096/home/rdewin/system/miniconda/envs/VEP/bin/vcf2maf.pl line 338, <GEN0> line 164.
Use of uninitialized value in join or string at /staging/leuven/stg_00096/home/rdewin/system/miniconda/envs/VEP/bin/vcf2maf.pl line 338, <GEN0> line 164.
Use of uninitialized value in concatenation (.) or string at /staging/leuven/stg_00096/home/rdewin/system/miniconda/envs/VEP/bin/vcf2maf.pl line 336, <GEN0> line 165.
Use of uninitialized value in concatenation (.) or string at /staging/leuven/stg_00096/home/rdewin/system/miniconda/envs/VEP/bin/vcf2maf.pl line 336, <GEN0> line 165.
Use of uninitialized value in concatenation (.) or string at /staging/leuven/stg_00096/home/rdewin/system/miniconda/envs/VEP/bin/vcf2maf.pl line 336, <GEN0> line 165.
[W::fai_get_val] Reference :- not found in FASTA file, returning empty sequence
[W::fai_get_val] Reference :- not found in FASTA file, returning empty sequence
[faidx] Failed to fetch sequence in :-
Use of uninitialized value in join or string at /staging/leuven/stg_00096/home/rdewin/system/miniconda/envs/VEP/bin/vcf2maf.pl line 338, <GEN0> line 165.
Use of uninitialized value in join or string at /staging/leuven/stg_00096/home/rdewin/system/miniconda/envs/VEP/bin/vcf2maf.pl line 338, <GEN0> line 165.
Use of uninitialized value in concatenation (.) or string at /staging/leuven/stg_00096/home/rdewin/system/miniconda/envs/VEP/bin/vcf2maf.pl line 336, <GEN0> line 166.
Use of uninitialized value in concatenation (.) or string at /staging/leuven/stg_00096/home/rdewin/system/miniconda/envs/VEP/bin/vcf2maf.pl line 336, <GEN0> line 166.
Use of uninitialized value in concatenation (.) or string at /staging/leuven/stg_00096/home/rdewin/system/miniconda/envs/VEP/bin/vcf2maf.pl line 336, <GEN0> line 166.
[W::fai_get_val] Reference :- not found in FASTA file, returning empty sequence
[W::fai_get_val] Reference :- not found in FASTA file, returning empty sequence
[faidx] Failed to fetch sequence in :-
Use of uninitialized value in join or string at /staging/leuven/stg_00096/home/rdewin/system/miniconda/envs/VEP/bin/vcf2maf.pl line 338, <GEN0> line 166.
Use of uninitialized value in join or string at /staging/leuven/stg_00096/home/rdewin/system/miniconda/envs/VEP/bin/vcf2maf.pl line 338, <GEN0> line 166.
Use of uninitialized value in concatenation (.) or string at /staging/leuven/stg_00096/home/rdewin/system/miniconda/envs/VEP/bin/vcf2maf.pl line 336, <GEN0> line 167.
Use of uninitialized value in concatenation (.) or string at /staging/leuven/stg_00096/home/rdewin/system/miniconda/envs/VEP/bin/vcf2maf.pl line 336, <GEN0> line 167.
Use of uninitialized value in concatenation (.) or string at /staging/leuven/stg_00096/home/rdewin/system/miniconda/envs/VEP/bin/vcf2maf.pl line 336, <GEN0> line 167.
[W::fai_get_val] Reference :- not found in FASTA file, returning empty sequence
[W::fai_get_val] Reference :- not found in FASTA file, returning empty sequence
[faidx] Failed to fetch sequence in :-
Use of uninitialized value in join or string at /staging/leuven/stg_00096/home/rdewin/system/miniconda/envs/VEP/bin/vcf2maf.pl line 338, <GEN0> line 167.
Use of uninitialized value in join or string at /staging/leuven/stg_00096/home/rdewin/system/miniconda/envs/VEP/bin/vcf2maf.pl line 338, <GEN0> line 167.
Use of uninitialized value in concatenation (.) or string at /staging/leuven/stg_00096/home/rdewin/system/miniconda/envs/VEP/bin/vcf2maf.pl line 336, <GEN0> line 168.
Use of uninitialized value in concatenation (.) or string at /staging/leuven/stg_00096/home/rdewin/system/miniconda/envs/VEP/bin/vcf2maf.pl line 336, <GEN0> line 168.
Use of uninitialized value in concatenation (.) or string at /staging/leuven/stg_00096/home/rdewin/system/miniconda/envs/VEP/bin/vcf2maf.pl line 336, <GEN0> line 168.
[W::fai_get_val] Reference :- not found in FASTA file, returning empty sequence
[W::fai_get_val] Reference :- not found in FASTA file, returning empty sequence
[faidx] Failed to fetch sequence in :-
Use of uninitialized value in join or string at /staging/leuven/stg_00096/home/rdewin/system/miniconda/envs/VEP/bin/vcf2maf.pl line 338, <GEN0> line 168.
Use of uninitialized value in join or string at /staging/leuven/stg_00096/home/rdewin/system/miniconda/envs/VEP/bin/vcf2maf.pl line 338, <GEN0> line 168.
Use of uninitialized value in concatenation (.) or string at /staging/leuven/stg_00096/home/rdewin/system/miniconda/envs/VEP/bin/vcf2maf.pl line 336, <GEN0> line 169.
Use of uninitialized value in concatenation (.) or string at /staging/leuven/stg_00096/home/rdewin/system/miniconda/envs/VEP/bin/vcf2maf.pl line 336, <GEN0> line 169.
Use of uninitialized value in concatenation (.) or string at /staging/leuven/stg_00096/home/rdewin/system/miniconda/envs/VEP/bin/vcf2maf.pl line 336, <GEN0> line 169.
[W::fai_get_val] Reference :- not found in FASTA file, returning empty sequence
[W::fai_get_val] Reference :- not found in FASTA file, returning empty sequence
[faidx] Failed to fetch sequence in :-
Use of uninitialized value in join or string at /staging/leuven/stg_00096/home/rdewin/system/miniconda/envs/VEP/bin/vcf2maf.pl line 338, <GEN0> line 169.
Use of uninitialized value in join or string at /staging/leuven/stg_00096/home/rdewin/system/miniconda/envs/VEP/bin/vcf2maf.pl line 338, <GEN0> line 169.
Use of uninitialized value in concatenation (.) or string at /staging/leuven/stg_00096/home/rdewin/system/miniconda/envs/VEP/bin/vcf2maf.pl line 336, <GEN0> line 170.
Use of uninitialized value in concatenation (.) or string at /staging/leuven/stg_00096/home/rdewin/system/miniconda/envs/VEP/bin/vcf2maf.pl line 336, <GEN0> line 170.
Use of uninitialized value in concatenation (.) or string at /staging/leuven/stg_00096/home/rdewin/system/miniconda/envs/VEP/bin/vcf2maf.pl line 336, <GEN0> line 170.
[W::fai_get_val] Reference :- not found in FASTA file, returning empty sequence
[W::fai_get_val] Reference :- not found in FASTA file, returning empty sequence
[faidx] Failed to fetch sequence in :-
Use of uninitialized value in join or string at /staging/leuven/stg_00096/home/rdewin/system/miniconda/envs/VEP/bin/vcf2maf.pl line 338, <GEN0> line 170.
Use of uninitialized value in join or string at /staging/leuven/stg_00096/home/rdewin/system/miniconda/envs/VEP/bin/vcf2maf.pl line 338, <GEN0> line 170.
Use of uninitialized value in concatenation (.) or string at /staging/leuven/stg_00096/home/rdewin/system/miniconda/envs/VEP/bin/vcf2maf.pl line 336, <GEN0> line 171.
Use of uninitialized value in concatenation (.) or string at /staging/leuven/stg_00096/home/rdewin/system/miniconda/envs/VEP/bin/vcf2maf.pl line 336, <GEN0> line 171.
Use of uninitialized value in concatenation (.) or string at /staging/leuven/stg_00096/home/rdewin/system/miniconda/envs/VEP/bin/vcf2maf.pl line 336, <GEN0> line 171.
[W::fai_get_val] Reference :- not found in FASTA file, returning empty sequence
[W::fai_get_val] Reference :- not found in FASTA file, returning empty sequence
[faidx] Failed to fetch sequence in :-
Use of uninitialized value in join or string at /staging/leuven/stg_00096/home/rdewin/system/miniconda/envs/VEP/bin/vcf2maf.pl line 338, <GEN0> line 171.
Use of uninitialized value in join or string at /staging/leuven/stg_00096/home/rdewin/system/miniconda/envs/VEP/bin/vcf2maf.pl line 338, <GEN0> line 171.
Use of uninitialized value in concatenation (.) or string at /staging/leuven/stg_00096/home/rdewin/system/miniconda/envs/VEP/bin/vcf2maf.pl line 336, <GEN0> line 172.
Use of uninitialized value in concatenation (.) or string at /staging/leuven/stg_00096/home/rdewin/system/miniconda/envs/VEP/bin/vcf2maf.pl line 336, <GEN0> line 172.
Use of uninitialized value in concatenation (.) or string at /staging/leuven/stg_00096/home/rdewin/system/miniconda/envs/VEP/bin/vcf2maf.pl line 336, <GEN0> line 172.
[W::fai_get_val] Reference :- not found in FASTA file, returning empty sequence
[W::fai_get_val] Reference :- not found in FASTA file, returning empty sequence
[faidx] Failed to fetch sequence in :-
Use of uninitialized value in join or string at /staging/leuven/stg_00096/home/rdewin/system/miniconda/envs/VEP/bin/vcf2maf.pl line 338, <GEN0> line 172.
Use of uninitialized value in join or string at /staging/leuven/stg_00096/home/rdewin/system/miniconda/envs/VEP/bin/vcf2maf.pl line 338, <GEN0> line 172.
Use of uninitialized value in concatenation (.) or string at /staging/leuven/stg_00096/home/rdewin/system/miniconda/envs/VEP/bin/vcf2maf.pl line 336, <GEN0> line 173.
Use of uninitialized value in concatenation (.) or string at /staging/leuven/stg_00096/home/rdewin/system/miniconda/envs/VEP/bin/vcf2maf.pl line 336, <GEN0> line 173.
Use of uninitialized value in concatenation (.) or string at /staging/leuven/stg_00096/home/rdewin/system/miniconda/envs/VEP/bin/vcf2maf.pl line 336, <GEN0> line 173.
[W::fai_get_val] Reference :- not found in FASTA file, returning empty sequence
[W::fai_get_val] Reference :- not found in FASTA file, returning empty sequence
[faidx] Failed to fetch sequence in :-
Use of uninitialized value in join or string at /staging/leuven/stg_00096/home/rdewin/system/miniconda/envs/VEP/bin/vcf2maf.pl line 338, <GEN0> line 173.
Use of uninitialized value in join or string at /staging/leuven/stg_00096/home/rdewin/system/miniconda/envs/VEP/bin/vcf2maf.pl line 338, <GEN0> line 173.
Use of uninitialized value in concatenation (.) or string at /staging/leuven/stg_00096/home/rdewin/system/miniconda/envs/VEP/bin/vcf2maf.pl line 336, <GEN0> line 174.
Use of uninitialized value in concatenation (.) or string at /staging/leuven/stg_00096/home/rdewin/system/miniconda/envs/VEP/bin/vcf2maf.pl line 336, <GEN0> line 174.
Use of uninitialized value in concatenation (.) or string at /staging/leuven/stg_00096/home/rdewin/system/miniconda/envs/VEP/bin/vcf2maf.pl line 336, <GEN0> line 174.
[W::fai_get_val] Reference :- not found in FASTA file, returning empty sequence
[W::fai_get_val] Reference :- not found in FASTA file, returning empty sequence
[faidx] Failed to fetch sequence in :-
Use of uninitialized value in join or string at /staging/leuven/stg_00096/home/rdewin/system/miniconda/envs/VEP/bin/vcf2maf.pl line 338, <GEN0> line 174.
Use of uninitialized value in join or string at /staging/leuven/stg_00096/home/rdewin/system/miniconda/envs/VEP/bin/vcf2maf.pl line 338, <GEN0> line 174.
Argument "" isn't numeric in subtraction (-) at /staging/leuven/stg_00096/home/rdewin/system/miniconda/envs/VEP/bin/vcf2maf.pl line 405, <GEN2> line 97.
Argument "" isn't numeric in subtraction (-) at /staging/leuven/stg_00096/home/rdewin/system/miniconda/envs/VEP/bin/vcf2maf.pl line 405, <GEN2> line 99.
Argument "" isn't numeric in subtraction (-) at /staging/leuven/stg_00096/home/rdewin/system/miniconda/envs/VEP/bin/vcf2maf.pl line 405, <GEN2> line 101.
Argument "" isn't numeric in subtraction (-) at /staging/leuven/stg_00096/home/rdewin/system/miniconda/envs/VEP/bin/vcf2maf.pl line 405, <GEN2> line 103.
Argument "" isn't numeric in subtraction (-) at /staging/leuven/stg_00096/home/rdewin/system/miniconda/envs/VEP/bin/vcf2maf.pl line 405, <GEN2> line 105.
Argument "" isn't numeric in subtraction (-) at /staging/leuven/stg_00096/home/rdewin/system/miniconda/envs/VEP/bin/vcf2maf.pl line 405, <GEN2> line 107.
Argument "" isn't numeric in subtraction (-) at /staging/leuven/stg_00096/home/rdewin/system/miniconda/envs/VEP/bin/vcf2maf.pl line 405, <GEN2> line 109.
Argument "" isn't numeric in subtraction (-) at /staging/leuven/stg_00096/home/rdewin/system/miniconda/envs/VEP/bin/vcf2maf.pl line 405, <GEN2> line 111.
Argument "" isn't numeric in subtraction (-) at /staging/leuven/stg_00096/home/rdewin/system/miniconda/envs/VEP/bin/vcf2maf.pl line 405, <GEN2> line 113.
Argument "" isn't numeric in subtraction (-) at /staging/leuven/stg_00096/home/rdewin/system/miniconda/envs/VEP/bin/vcf2maf.pl line 405, <GEN2> line 115.
Argument "" isn't numeric in subtraction (-) at /staging/leuven/stg_00096/home/rdewin/system/miniconda/envs/VEP/bin/vcf2maf.pl line 405, <GEN2> line 117.
Argument "" isn't numeric in subtraction (-) at /staging/leuven/stg_00096/home/rdewin/system/miniconda/envs/VEP/bin/vcf2maf.pl line 405, <GEN2> line 119.
Argument "" isn't numeric in subtraction (-) at /staging/leuven/stg_00096/home/rdewin/system/miniconda/envs/VEP/bin/vcf2maf.pl line 405, <GEN2> line 121.
Argument "" isn't numeric in subtraction (-) at /staging/leuven/stg_00096/home/rdewin/system/miniconda/envs/VEP/bin/vcf2maf.pl line 405, <GEN2> line 123.
Argument "" isn't numeric in subtraction (-) at /staging/leuven/stg_00096/home/rdewin/system/miniconda/envs/VEP/bin/vcf2maf.pl line 405, <GEN2> line 125.
Argument "" isn't numeric in subtraction (-) at /staging/leuven/stg_00096/home/rdewin/system/miniconda/envs/VEP/bin/vcf2maf.pl line 405, <GEN2> line 127.
Argument "" isn't numeric in subtraction (-) at /staging/leuven/stg_00096/home/rdewin/system/miniconda/envs/VEP/bin/vcf2maf.pl line 405, <GEN2> line 129.
Argument "" isn't numeric in subtraction (-) at /staging/leuven/stg_00096/home/rdewin/system/miniconda/envs/VEP/bin/vcf2maf.pl line 405, <GEN2> line 131.
Argument "" isn't numeric in subtraction (-) at /staging/leuven/stg_00096/home/rdewin/system/miniconda/envs/VEP/bin/vcf2maf.pl line 405, <GEN2> line 133.
Argument "" isn't numeric in subtraction (-) at /staging/leuven/stg_00096/home/rdewin/system/miniconda/envs/VEP/bin/vcf2maf.pl line 405, <GEN2> line 135.
Argument "" isn't numeric in subtraction (-) at /staging/leuven/stg_00096/home/rdewin/system/miniconda/envs/VEP/bin/vcf2maf.pl line 405, <GEN2> line 137.
Argument "" isn't numeric in subtraction (-) at /staging/leuven/stg_00096/home/rdewin/system/miniconda/envs/VEP/bin/vcf2maf.pl line 405, <GEN2> line 139.
Argument "" isn't numeric in subtraction (-) at /staging/leuven/stg_00096/home/rdewin/system/miniconda/envs/VEP/bin/vcf2maf.pl line 405, <GEN2> line 141.
Argument "" isn't numeric in subtraction (-) at /staging/leuven/stg_00096/home/rdewin/system/miniconda/envs/VEP/bin/vcf2maf.pl line 405, <GEN2> line 143.
Argument "" isn't numeric in subtraction (-) at /staging/leuven/stg_00096/home/rdewin/system/miniconda/envs/VEP/bin/vcf2maf.pl line 405, <GEN2> line 145.
Argument "" isn't numeric in subtraction (-) at /staging/leuven/stg_00096/home/rdewin/system/miniconda/envs/VEP/bin/vcf2maf.pl line 405, <GEN2> line 147.
Argument "" isn't numeric in subtraction (-) at /staging/leuven/stg_00096/home/rdewin/system/miniconda/envs/VEP/bin/vcf2maf.pl line 405, <GEN2> line 149.
Argument "" isn't numeric in subtraction (-) at /staging/leuven/stg_00096/home/rdewin/system/miniconda/envs/VEP/bin/vcf2maf.pl line 405, <GEN2> line 151.
Argument "" isn't numeric in subtraction (-) at /staging/leuven/stg_00096/home/rdewin/system/miniconda/envs/VEP/bin/vcf2maf.pl line 405, <GEN2> line 153.
Argument "" isn't numeric in subtraction (-) at /staging/leuven/stg_00096/home/rdewin/system/miniconda/envs/VEP/bin/vcf2maf.pl line 405, <GEN2> line 155.
Argument "" isn't numeric in subtraction (-) at /staging/leuven/stg_00096/home/rdewin/system/miniconda/envs/VEP/bin/vcf2maf.pl line 405, <GEN2> line 157.
Argument "" isn't numeric in subtraction (-) at /staging/leuven/stg_00096/home/rdewin/system/miniconda/envs/VEP/bin/vcf2maf.pl line 405, <GEN2> line 159.
Argument "" isn't numeric in subtraction (-) at /staging/leuven/stg_00096/home/rdewin/system/miniconda/envs/VEP/bin/vcf2maf.pl line 405, <GEN2> line 161.
Argument "" isn't numeric in subtraction (-) at /staging/leuven/stg_00096/home/rdewin/system/miniconda/envs/VEP/bin/vcf2maf.pl line 405, <GEN2> line 163.
Argument "" isn't numeric in subtraction (-) at /staging/leuven/stg_00096/home/rdewin/system/miniconda/envs/VEP/bin/vcf2maf.pl line 405, <GEN2> line 165.
Argument "" isn't numeric in subtraction (-) at /staging/leuven/stg_00096/home/rdewin/system/miniconda/envs/VEP/bin/vcf2maf.pl line 405, <GEN2> line 167.
Argument "" isn't numeric in subtraction (-) at /staging/leuven/stg_00096/home/rdewin/system/miniconda/envs/VEP/bin/vcf2maf.pl line 405, <GEN2> line 169.
Argument "" isn't numeric in subtraction (-) at /staging/leuven/stg_00096/home/rdewin/system/miniconda/envs/VEP/bin/vcf2maf.pl line 405, <GEN2> line 171.
Argument "" isn't numeric in subtraction (-) at /staging/leuven/stg_00096/home/rdewin/system/miniconda/envs/VEP/bin/vcf2maf.pl line 405, <GEN2> line 173.
Argument "" isn't numeric in subtraction (-) at /staging/leuven/stg_00096/home/rdewin/system/miniconda/envs/VEP/bin/vcf2maf.pl line 405, <GEN2> line 175.
Argument "" isn't numeric in subtraction (-) at /staging/leuven/stg_00096/home/rdewin/system/miniconda/envs/VEP/bin/vcf2maf.pl line 405, <GEN2> line 177.
Argument "" isn't numeric in subtraction (-) at /staging/leuven/stg_00096/home/rdewin/system/miniconda/envs/VEP/bin/vcf2maf.pl line 405, <GEN2> line 179.
Argument "" isn't numeric in subtraction (-) at /staging/leuven/stg_00096/home/rdewin/system/miniconda/envs/VEP/bin/vcf2maf.pl line 405, <GEN2> line 181.
Argument "" isn't numeric in subtraction (-) at /staging/leuven/stg_00096/home/rdewin/system/miniconda/envs/VEP/bin/vcf2maf.pl line 405, <GEN2> line 183.
Argument "" isn't numeric in subtraction (-) at /staging/leuven/stg_00096/home/rdewin/system/miniconda/envs/VEP/bin/vcf2maf.pl line 405, <GEN2> line 185.
Argument "" isn't numeric in subtraction (-) at /staging/leuven/stg_00096/home/rdewin/system/miniconda/envs/VEP/bin/vcf2maf.pl line 405, <GEN2> line 187.
Argument "" isn't numeric in subtraction (-) at /staging/leuven/stg_00096/home/rdewin/system/miniconda/envs/VEP/bin/vcf2maf.pl line 405, <GEN2> line 189.
Argument "" isn't numeric in subtraction (-) at /staging/leuven/stg_00096/home/rdewin/system/miniconda/envs/VEP/bin/vcf2maf.pl line 405, <GEN2> line 191.
Argument "" isn't numeric in subtraction (-) at /staging/leuven/stg_00096/home/rdewin/system/miniconda/envs/VEP/bin/vcf2maf.pl line 405, <GEN2> line 193.
Argument "" isn't numeric in subtraction (-) at /staging/leuven/stg_00096/home/rdewin/system/miniconda/envs/VEP/bin/vcf2maf.pl line 405, <GEN2> line 195.
Argument "" isn't numeric in subtraction (-) at /staging/leuven/stg_00096/home/rdewin/system/miniconda/envs/VEP/bin/vcf2maf.pl line 405, <GEN2> line 197.
Argument "" isn't numeric in subtraction (-) at /staging/leuven/stg_00096/home/rdewin/system/miniconda/envs/VEP/bin/vcf2maf.pl line 405, <GEN2> line 199.
Argument "" isn't numeric in subtraction (-) at /staging/leuven/stg_00096/home/rdewin/system/miniconda/envs/VEP/bin/vcf2maf.pl line 405, <GEN2> line 201.
Argument "" isn't numeric in subtraction (-) at /staging/leuven/stg_00096/home/rdewin/system/miniconda/envs/VEP/bin/vcf2maf.pl line 405, <GEN2> line 203.
Argument "" isn't numeric in subtraction (-) at /staging/leuven/stg_00096/home/rdewin/system/miniconda/envs/VEP/bin/vcf2maf.pl line 405, <GEN2> line 205.
Argument "" isn't numeric in subtraction (-) at /staging/leuven/stg_00096/home/rdewin/system/miniconda/envs/VEP/bin/vcf2maf.pl line 405, <GEN2> line 207.
Argument "" isn't numeric in subtraction (-) at /staging/leuven/stg_00096/home/rdewin/system/miniconda/envs/VEP/bin/vcf2maf.pl line 405, <GEN2> line 209.
Argument "" isn't numeric in subtraction (-) at /staging/leuven/stg_00096/home/rdewin/system/miniconda/envs/VEP/bin/vcf2maf.pl line 405, <GEN2> line 211.
Argument "" isn't numeric in subtraction (-) at /staging/leuven/stg_00096/home/rdewin/system/miniconda/envs/VEP/bin/vcf2maf.pl line 405, <GEN2> line 213.
Argument "" isn't numeric in subtraction (-) at /staging/leuven/stg_00096/home/rdewin/system/miniconda/envs/VEP/bin/vcf2maf.pl line 405, <GEN2> line 215.
Argument "" isn't numeric in subtraction (-) at /staging/leuven/stg_00096/home/rdewin/system/miniconda/envs/VEP/bin/vcf2maf.pl line 405, <GEN2> line 217.
Argument "" isn't numeric in subtraction (-) at /staging/leuven/stg_00096/home/rdewin/system/miniconda/envs/VEP/bin/vcf2maf.pl line 405, <GEN2> line 219.
Argument "" isn't numeric in subtraction (-) at /staging/leuven/stg_00096/home/rdewin/system/miniconda/envs/VEP/bin/vcf2maf.pl line 405, <GEN2> line 221.
Argument "" isn't numeric in subtraction (-) at /staging/leuven/stg_00096/home/rdewin/system/miniconda/envs/VEP/bin/vcf2maf.pl line 405, <GEN2> line 223.
Argument "" isn't numeric in subtraction (-) at /staging/leuven/stg_00096/home/rdewin/system/miniconda/envs/VEP/bin/vcf2maf.pl line 405, <GEN2> line 225.
Argument "" isn't numeric in subtraction (-) at /staging/leuven/stg_00096/home/rdewin/system/miniconda/envs/VEP/bin/vcf2maf.pl line 405, <GEN2> line 227.
Argument "" isn't numeric in subtraction (-) at /staging/leuven/stg_00096/home/rdewin/system/miniconda/envs/VEP/bin/vcf2maf.pl line 405, <GEN2> line 229.
Argument "" isn't numeric in subtraction (-) at /staging/leuven/stg_00096/home/rdewin/system/miniconda/envs/VEP/bin/vcf2maf.pl line 405, <GEN2> line 231.
Argument "" isn't numeric in subtraction (-) at /staging/leuven/stg_00096/home/rdewin/system/miniconda/envs/VEP/bin/vcf2maf.pl line 405, <GEN2> line 233.
Argument "" isn't numeric in subtraction (-) at /staging/leuven/stg_00096/home/rdewin/system/miniconda/envs/VEP/bin/vcf2maf.pl line 405, <GEN2> line 235.
Argument "" isn't numeric in subtraction (-) at /staging/leuven/stg_00096/home/rdewin/system/miniconda/envs/VEP/bin/vcf2maf.pl line 405, <GEN2> line 237.
Argument "" isn't numeric in subtraction (-) at /staging/leuven/stg_00096/home/rdewin/system/miniconda/envs/VEP/bin/vcf2maf.pl line 405, <GEN2> line 239.
Argument "" isn't numeric in subtraction (-) at /staging/leuven/stg_00096/home/rdewin/system/miniconda/envs/VEP/bin/vcf2maf.pl line 405, <GEN2> line 241.
Argument "" isn't numeric in subtraction (-) at /staging/leuven/stg_00096/home/rdewin/system/miniconda/envs/VEP/bin/vcf2maf.pl line 405, <GEN2> line 243.
Argument "" isn't numeric in subtraction (-) at /staging/leuven/stg_00096/home/rdewin/system/miniconda/envs/VEP/bin/vcf2maf.pl line 405, <GEN2> line 245.
Argument "" isn't numeric in subtraction (-) at /staging/leuven/stg_00096/home/rdewin/system/miniconda/envs/VEP/bin/vcf2maf.pl line 405, <GEN2> line 247.
Argument "" isn't numeric in subtraction (-) at /staging/leuven/stg_00096/home/rdewin/system/miniconda/envs/VEP/bin/vcf2maf.pl line 405, <GEN2> line 249.
Argument "" isn't numeric in subtraction (-) at /staging/leuven/stg_00096/home/rdewin/system/miniconda/envs/VEP/bin/vcf2maf.pl line 405, <GEN2> line 251.
[W::fai_get_val] Reference :-1-1 not found in FASTA file, returning empty sequence
[W::fai_get_val] Reference :-1-1 not found in FASTA file, returning empty sequence
[faidx] Failed to fetch sequence in :-1-1
ERROR: You're either using an outdated samtools, or --ref-fasta is not the same genome build as your --input-vcf. at /staging/leuven/stg_00096/home/rdewin/system/miniconda/envs/VEP/bin/vcf2maf.pl line 433.
