Read1 before filtering:
total reads: 575356779
total bases: 86303516850
Q20 bases: 84063129404(97.4041%)
Q30 bases: 80348196349(93.0996%)

Read2 before filtering:
total reads: 575356779
total bases: 86303516850
Q20 bases: 83268662967(96.4835%)
Q30 bases: 78690365086(91.1786%)

Read1 after filtering:
total reads: 570292693
total bases: 85338709807
Q20 bases: 83310433434(97.6233%)
Q30 bases: 79709736676(93.404%)

Read2 after filtering:
total reads: 570292693
total bases: 85334066521
Q20 bases: 82659618821(96.8659%)
Q30 bases: 78215495797(91.658%)

Filtering result:
reads passed filter: 1140585386
reads failed due to low quality: 10043964
reads failed due to too many N: 6902
reads failed due to too short: 77306
reads with adapter trimmed: 5480402
bases trimmed due to adapters: 377251029

Duplication rate: 14.3274%

Insert size peak (evaluated by paired-end reads): 269

JSON report: logs/fastp/P057/P057_dna_tumor.fastp.json
HTML report: logs/fastp/P057/P057_dna_tumor.fastp.html

fastp -w 12 -i /staging/leuven/stg_00096/home/rdewin/data/TALL_IF/TALL_IF/WGS/WGS_batch2/a0198/a0198_EDHG200012760-1a_HJHHHDSXY_L4_1.fq.gz -I /staging/leuven/stg_00096/home/rdewin/data/TALL_IF/TALL_IF/WGS/WGS_batch2/a0198/a0198_EDHG200012760-1a_HJHHHDSXY_L4_2.fq.gz -o results/fastp/P057/P057_dna_tumor_R1.trimmed.fq -O results/fastp/P057/P057_dna_tumor_R2.trimmed.fq -j logs/fastp/P057/P057_dna_tumor.fastp.json -h logs/fastp/P057/P057_dna_tumor.fastp.html 
fastp v0.23.4, time used: 1487 seconds
