Using GATK jar /lustre1/project/stg_00096/home/rdewin/system/miniconda/envs/WGS/share/gatk4-4.5.0.0-0/gatk-package-4.5.0.0-local.jar
Running:
    java -Dsamjdk.use_async_io_read_samtools=false -Dsamjdk.use_async_io_write_samtools=true -Dsamjdk.use_async_io_write_tribble=false -Dsamjdk.compression_level=2 -jar /lustre1/project/stg_00096/home/rdewin/system/miniconda/envs/WGS/share/gatk4-4.5.0.0-0/gatk-package-4.5.0.0-local.jar ApplyBQSR -R resources/genome.fa -I results/mapped_reads/P060/P060_dna_normal.marked.bam --bqsr-recal-file results/recal/P060/P060_dna_normal_recal_data.table -O results/recal/P060/P060_dna_normal_recal.bam --create-output-bam-index false
15:26:16.092 INFO  NativeLibraryLoader - Loading libgkl_compression.so from jar:file:/lustre1/project/stg_00096/home/rdewin/system/miniconda/envs/WGS/share/gatk4-4.5.0.0-0/gatk-package-4.5.0.0-local.jar!/com/intel/gkl/native/libgkl_compression.so
15:26:16.213 INFO  ApplyBQSR - ------------------------------------------------------------
15:26:16.215 INFO  ApplyBQSR - The Genome Analysis Toolkit (GATK) v4.5.0.0
15:26:16.215 INFO  ApplyBQSR - For support and documentation go to https://software.broadinstitute.org/gatk/
15:26:16.215 INFO  ApplyBQSR - Executing as vsc35407@i28l15 on Linux v4.18.0-513.24.1.el8_9.x86_64 amd64
15:26:16.215 INFO  ApplyBQSR - Java runtime: OpenJDK 64-Bit Server VM v17.0.10-internal+0-adhoc..src
15:26:16.215 INFO  ApplyBQSR - Start Date/Time: June 21, 2024 at 3:26:16 PM CEST
15:26:16.216 INFO  ApplyBQSR - ------------------------------------------------------------
15:26:16.216 INFO  ApplyBQSR - ------------------------------------------------------------
15:26:16.216 INFO  ApplyBQSR - HTSJDK Version: 4.1.0
15:26:16.216 INFO  ApplyBQSR - Picard Version: 3.1.1
15:26:16.216 INFO  ApplyBQSR - Built for Spark Version: 3.5.0
15:26:16.216 INFO  ApplyBQSR - HTSJDK Defaults.COMPRESSION_LEVEL : 2
15:26:16.216 INFO  ApplyBQSR - HTSJDK Defaults.USE_ASYNC_IO_READ_FOR_SAMTOOLS : false
15:26:16.216 INFO  ApplyBQSR - HTSJDK Defaults.USE_ASYNC_IO_WRITE_FOR_SAMTOOLS : true
15:26:16.217 INFO  ApplyBQSR - HTSJDK Defaults.USE_ASYNC_IO_WRITE_FOR_TRIBBLE : false
15:26:16.217 INFO  ApplyBQSR - Deflater: IntelDeflater
15:26:16.217 INFO  ApplyBQSR - Inflater: IntelInflater
15:26:16.217 INFO  ApplyBQSR - GCS max retries/reopens: 20
15:26:16.217 INFO  ApplyBQSR - Requester pays: disabled
15:26:16.217 INFO  ApplyBQSR - Initializing engine
15:26:16.307 INFO  ApplyBQSR - Done initializing engine
15:26:16.346 INFO  ProgressMeter - Starting traversal
15:26:16.346 INFO  ProgressMeter -        Current Locus  Elapsed Minutes       Reads Processed     Reads/Minute
15:26:26.354 INFO  ProgressMeter -         chr1:3411446              0.2                912000        5468172.3
15:26:36.354 INFO  ProgressMeter -         chr1:7182458              0.3               1852000        5554056.1
15:26:46.363 INFO  ProgressMeter -        chr1:11019316              0.5               2793000        5582836.4
15:26:56.368 INFO  ProgressMeter -        chr1:14682622              0.7               3724000        5582929.4
15:27:06.370 INFO  ProgressMeter -        chr1:18097688              0.8               4658000        5587030.0
15:27:16.379 INFO  ProgressMeter -        chr1:21809341              1.0               5579000        5575933.2
15:27:26.389 INFO  ProgressMeter -        chr1:25600135              1.2               6516000        5581714.1
15:27:36.390 INFO  ProgressMeter -        chr1:29357103              1.3               7454000        5587426.9
15:27:46.391 INFO  ProgressMeter -        chr1:33141973              1.5               8393000        5592537.1
15:27:56.393 INFO  ProgressMeter -        chr1:36941007              1.7               9333000        5597169.3
15:28:06.393 INFO  ProgressMeter -        chr1:40740243              1.8              10271000        5599970.9
15:28:16.394 INFO  ProgressMeter -        chr1:44514722              2.0              11209000        5602259.1
15:28:26.398 INFO  ProgressMeter -        chr1:48306416              2.2              12147000        5604109.2
15:28:36.400 INFO  ProgressMeter -        chr1:52166613              2.3              13087000        5606591.8
15:28:46.404 INFO  ProgressMeter -        chr1:55971796              2.5              14028000        5609031.2
15:28:56.408 INFO  ProgressMeter -        chr1:59800802              2.7              14966000        5610076.1
15:29:06.418 INFO  ProgressMeter -        chr1:63691958              2.8              15903000        5610447.3
15:29:16.426 INFO  ProgressMeter -        chr1:67493466              3.0              16839000        5610537.6
15:29:26.434 INFO  ProgressMeter -        chr1:71365391              3.2              17775000        5610559.3
15:29:36.443 INFO  ProgressMeter -        chr1:75280891              3.3              18714000        5611478.4
15:29:46.443 INFO  ProgressMeter -        chr1:79148506              3.5              19649000        5611408.1
15:29:56.445 INFO  ProgressMeter -        chr1:83055129              3.7              20585000        5611565.7
15:30:06.445 INFO  ProgressMeter -        chr1:86909115              3.8              21519000        5611236.9
15:30:16.450 INFO  ProgressMeter -        chr1:90756747              4.0              22456000        5611568.3
15:30:26.454 INFO  ProgressMeter -        chr1:94570799              4.2              23387000        5610456.3
15:30:36.463 INFO  ProgressMeter -        chr1:98274250              4.3              24283000        5601248.7
15:30:46.466 INFO  ProgressMeter -       chr1:102152221              4.5              25219000        5601732.6
15:30:56.468 INFO  ProgressMeter -       chr1:106191822              4.7              26150000        5601130.9
15:31:06.471 INFO  ProgressMeter -       chr1:109999736              4.8              27085000        5601378.7
15:31:16.472 INFO  ProgressMeter -       chr1:113808770              5.0              28018000        5601247.5
15:31:26.475 INFO  ProgressMeter -       chr1:117597678              5.2              28951000        5601106.6
15:31:36.482 INFO  ProgressMeter -       chr1:121131435              5.3              29778000        5581003.1
15:31:46.489 INFO  ProgressMeter -       chr1:125937322              5.5              30769000        5591957.4
15:31:56.496 INFO  ProgressMeter -       chr1:129470091              5.7              31716000        5594473.0
15:32:06.502 INFO  ProgressMeter -       chr1:132061627              5.8              32678000        5599447.1
15:32:16.503 INFO  ProgressMeter -       chr1:136377173              6.0              33624000        5601557.1
15:32:26.512 INFO  ProgressMeter -       chr1:139968953              6.2              34569000        5603285.0
15:32:36.519 INFO  ProgressMeter -       chr1:143633953              6.3              35517000        5605395.4
15:32:46.522 INFO  ProgressMeter -       chr1:147243785              6.5              36440000        5603639.4
15:32:56.531 INFO  ProgressMeter -       chr1:150927872              6.7              37368000        5602608.8
15:33:06.532 INFO  ProgressMeter -       chr1:154664357              6.8              38300000        5602336.5
15:33:16.537 INFO  ProgressMeter -       chr1:158399734              7.0              39230000        5601738.3
15:33:26.537 INFO  ProgressMeter -       chr1:162246877              7.2              40164000        5601790.8
15:33:36.537 INFO  ProgressMeter -       chr1:166074012              7.3              41098000        5601841.0
15:33:46.538 INFO  ProgressMeter -       chr1:169889100              7.5              42032000        5601889.0
15:33:56.545 INFO  ProgressMeter -       chr1:173692097              7.7              42963000        5601446.3
15:34:06.554 INFO  ProgressMeter -       chr1:177520353              7.8              43896000        5601277.7
15:34:16.554 INFO  ProgressMeter -       chr1:181313969              8.0              44830000        5601334.4
15:34:26.559 INFO  ProgressMeter -       chr1:185121159              8.2              45763000        5601197.8
15:34:36.560 INFO  ProgressMeter -       chr1:189013008              8.3              46694000        5600882.8
15:34:46.566 INFO  ProgressMeter -       chr1:192916992              8.5              47625000        5600525.3
15:34:56.568 INFO  ProgressMeter -       chr1:196374098              8.7              48467000        5589959.7
15:35:06.576 INFO  ProgressMeter -       chr1:200145629              8.8              49373000        5586971.7
15:35:16.577 INFO  ProgressMeter -       chr1:203865778              9.0              50302000        5586731.6
15:35:26.581 INFO  ProgressMeter -       chr1:207595136              9.2              51235000        5586885.6
15:35:36.591 INFO  ProgressMeter -       chr1:211334713              9.3              52149000        5584949.4
15:35:46.594 INFO  ProgressMeter -       chr1:215166556              9.5              53081000        5585043.7
15:35:56.599 INFO  ProgressMeter -       chr1:219028498              9.7              54013000        5585115.5
15:36:06.599 INFO  ProgressMeter -       chr1:222814394              9.8              54931000        5583809.0
15:36:16.604 INFO  ProgressMeter -       chr1:226549671             10.0              55856000        5583199.2
15:36:26.609 INFO  ProgressMeter -       chr1:230308881             10.2              56769000        5581429.6
15:36:36.609 INFO  ProgressMeter -       chr1:234108033             10.3              57698000        5581309.9
15:36:46.615 INFO  ProgressMeter -       chr1:237942746             10.5              58630000        5581426.3
15:36:56.619 INFO  ProgressMeter -       chr1:241834507             10.7              59563000        5581650.3
15:37:06.622 INFO  ProgressMeter -       chr1:245711149             10.8              60494000        5581691.5
15:37:16.622 INFO  ProgressMeter -         chr2:1166628             11.0              61431000        5582301.9
15:37:26.623 INFO  ProgressMeter -         chr2:5024358             11.2              62367000        5582796.4
15:37:36.629 INFO  ProgressMeter -         chr2:8825385             11.3              63297000        5582714.2
15:37:46.635 INFO  ProgressMeter -        chr2:12558828             11.5              64220000        5582009.9
15:37:56.637 INFO  ProgressMeter -        chr2:16391194             11.7              65151000        5582050.9
15:38:06.638 INFO  ProgressMeter -        chr2:20205435             11.8              66081000        5582014.2
15:38:16.645 INFO  ProgressMeter -        chr2:23980610             12.0              67006000        5581515.5
15:38:26.654 INFO  ProgressMeter -        chr2:27773064             12.2              67940000        5581754.5
15:38:36.657 INFO  ProgressMeter -        chr2:31547621             12.3              68871000        5581796.8
15:38:46.656 INFO  ProgressMeter -        chr2:35429355             12.5              69803000        5581932.8
15:38:56.665 INFO  ProgressMeter -        chr2:39279814             12.7              70735000        5581999.1
15:39:06.672 INFO  ProgressMeter -        chr2:43123969             12.8              71667000        5582078.2
15:39:16.681 INFO  ProgressMeter -        chr2:46930896             13.0              72601000        5582294.8
15:39:26.684 INFO  ProgressMeter -        chr2:50761176             13.2              73534000        5582472.3
15:39:36.694 INFO  ProgressMeter -        chr2:54619207             13.3              74464000        5582371.7
15:39:46.698 INFO  ProgressMeter -        chr2:58418501             13.5              75387000        5581796.6
15:39:56.699 INFO  ProgressMeter -        chr2:62245084             13.7              76316000        5581701.5
15:40:06.702 INFO  ProgressMeter -        chr2:65971253             13.8              77229000        5580425.7
15:40:16.709 INFO  ProgressMeter -        chr2:69716841             14.0              78143000        5579238.5
15:40:26.709 INFO  ProgressMeter -        chr2:73429482             14.2              79062000        5578464.7
15:40:36.717 INFO  ProgressMeter -        chr2:77093409             14.3              79967000        5576687.3
15:40:46.719 INFO  ProgressMeter -        chr2:80842015             14.5              80872000        5574989.1
15:40:56.728 INFO  ProgressMeter -        chr2:84664756             14.7              81790000        5574171.2
15:41:06.729 INFO  ProgressMeter -        chr2:88383460             14.8              82704000        5573158.5
15:41:16.730 INFO  ProgressMeter -        chr2:92896047             15.0              83614000        5571889.3
15:41:26.732 INFO  ProgressMeter -        chr2:96943467             15.2              84542000        5571834.4
15:41:36.741 INFO  ProgressMeter -       chr2:100656212             15.3              85464000        5571347.1
15:41:46.749 INFO  ProgressMeter -       chr2:104431878             15.5              86386000        5570876.3
15:41:56.751 INFO  ProgressMeter -       chr2:108203843             15.7              87304000        5570201.7
15:42:06.756 INFO  ProgressMeter -       chr2:111862862             15.8              88201000        5568186.4
15:42:16.763 INFO  ProgressMeter -       chr2:115576467             16.0              89117000        5567394.2
15:42:26.763 INFO  ProgressMeter -       chr2:119293837             16.2              90019000        5565792.8
15:42:36.771 INFO  ProgressMeter -       chr2:123081802             16.3              90950000        5565953.5
15:42:46.780 INFO  ProgressMeter -       chr2:126920899             16.5              91875000        5565741.9
15:42:56.782 INFO  ProgressMeter -       chr2:130672871             16.7              92805000        5565873.3
15:43:06.791 INFO  ProgressMeter -       chr2:134485585             16.8              93733000        5565844.8
15:43:16.800 INFO  ProgressMeter -       chr2:138317910             17.0              94665000        5566052.0
15:43:26.805 INFO  ProgressMeter -       chr2:142212528             17.2              95598000        5566335.0
15:43:36.806 INFO  ProgressMeter -       chr2:146064079             17.3              96528000        5566461.0
15:43:46.814 INFO  ProgressMeter -       chr2:149936154             17.5              97461000        5566724.1
15:43:56.813 INFO  ProgressMeter -       chr2:153757458             17.7              98393000        5566962.5
15:44:06.822 INFO  ProgressMeter -       chr2:157636010             17.8              99326000        5567205.6
15:44:16.822 INFO  ProgressMeter -       chr2:161477586             18.0             100258000        5567435.1
15:44:26.832 INFO  ProgressMeter -       chr2:165315773             18.2             101182000        5567174.2
15:44:36.835 INFO  ProgressMeter -       chr2:169111406             18.3             102094000        5566289.2
15:44:46.843 INFO  ProgressMeter -       chr2:172882697             18.5             103008000        5565513.1
15:44:56.847 INFO  ProgressMeter -       chr2:176653380             18.7             103927000        5565028.5
15:45:06.854 INFO  ProgressMeter -       chr2:180455768             18.8             104848000        5564648.8
15:45:16.860 INFO  ProgressMeter -       chr2:184239097             19.0             105771000        5564385.9
15:45:26.862 INFO  ProgressMeter -       chr2:188134699             19.2             106705000        5564720.5
15:45:36.867 INFO  ProgressMeter -       chr2:191984124             19.3             107639000        5565035.0
15:45:46.875 INFO  ProgressMeter -       chr2:195888193             19.5             108567000        5565022.3
15:45:56.877 INFO  ProgressMeter -       chr2:199674713             19.7             109484000        5564479.0
15:46:06.879 INFO  ProgressMeter -       chr2:203420761             19.8             110396000        5563692.9
15:46:16.881 INFO  ProgressMeter -       chr2:207148981             20.0             111296000        5562324.8
15:46:26.887 INFO  ProgressMeter -       chr2:210901167             20.2             112203000        5561298.6
15:46:36.888 INFO  ProgressMeter -       chr2:214635414             20.3             113095000        5559583.8
15:46:46.897 INFO  ProgressMeter -       chr2:218355617             20.5             114004000        5558680.6
15:46:56.899 INFO  ProgressMeter -       chr2:222050666             20.7             114922000        5558267.6
15:47:06.903 INFO  ProgressMeter -       chr2:225859143             20.8             115838000        5557747.5
15:47:16.910 INFO  ProgressMeter -       chr2:229698068             21.0             116761000        5557559.9
15:47:26.919 INFO  ProgressMeter -       chr2:233452473             21.2             117691000        5557697.2
15:47:36.926 INFO  ProgressMeter -       chr2:237247578             21.3             118622000        5557887.8
15:47:46.935 INFO  ProgressMeter -       chr2:240969523             21.5             119553000        5558066.9
15:47:56.935 INFO  ProgressMeter -         chr3:2025349             21.7             120474000        5557820.3
15:48:06.942 INFO  ProgressMeter -         chr3:5861018             21.8             121401000        5557826.8
15:48:16.948 INFO  ProgressMeter -         chr3:9667437             22.0             122328000        5557828.9
15:48:26.956 INFO  ProgressMeter -        chr3:13389157             22.2             123257000        5557917.0
15:48:36.957 INFO  ProgressMeter -        chr3:17118822             22.3             124186000        5558032.9
15:48:46.963 INFO  ProgressMeter -        chr3:20943031             22.5             125113000        5558037.5
15:48:56.966 INFO  ProgressMeter -        chr3:24684029             22.7             126015000        5556952.0
15:49:06.972 INFO  ProgressMeter -        chr3:28507006             22.8             126939000        5556833.2
15:49:16.982 INFO  ProgressMeter -        chr3:32382106             23.0             127870000        5557004.2
15:49:26.987 INFO  ProgressMeter -        chr3:36173578             23.2             128792000        5556804.4
15:49:36.992 INFO  ProgressMeter -        chr3:39896175             23.3             129722000        5556950.2
15:49:46.998 INFO  ProgressMeter -        chr3:43680413             23.5             130651000        5557051.3
15:49:56.998 INFO  ProgressMeter -        chr3:47387122             23.7             131576000        5556997.8
15:50:07.007 INFO  ProgressMeter -        chr3:51069106             23.8             132505000        5557081.7
15:50:17.011 INFO  ProgressMeter -        chr3:54764811             24.0             133436000        5557267.0
15:50:27.013 INFO  ProgressMeter -        chr3:58551291             24.2             134358000        5557089.0
15:50:37.021 INFO  ProgressMeter -        chr3:62378620             24.3             135287000        5557170.5
15:50:47.027 INFO  ProgressMeter -        chr3:66182207             24.5             136208000        5556935.9
15:50:57.037 INFO  ProgressMeter -        chr3:69997972             24.7             137129000        5556689.4
15:51:07.045 INFO  ProgressMeter -        chr3:73626389             24.8             138016000        5555085.2
15:51:17.046 INFO  ProgressMeter -        chr3:77469675             25.0             138944000        5555167.6
15:51:27.046 INFO  ProgressMeter -        chr3:81344674             25.2             139871000        5555212.8
15:51:37.052 INFO  ProgressMeter -        chr3:85254702             25.3             140801000        5555353.9
15:51:47.055 INFO  ProgressMeter -        chr3:89125214             25.5             141730000        5555464.8
15:51:57.057 INFO  ProgressMeter -        chr3:94360187             25.7             142681000        5556434.7
15:52:07.064 INFO  ProgressMeter -        chr3:98460726             25.8             143622000        5556990.7
15:52:17.067 INFO  ProgressMeter -       chr3:102313827             26.0             144554000        5557200.8
15:52:27.070 INFO  ProgressMeter -       chr3:106132284             26.2             145483000        5557300.7
15:52:37.077 INFO  ProgressMeter -       chr3:110026176             26.3             146416000        5557530.0
15:52:47.077 INFO  ProgressMeter -       chr3:113862771             26.5             147346000        5557671.3
15:52:57.081 INFO  ProgressMeter -       chr3:117646693             26.7             148263000        5557309.6
15:53:07.083 INFO  ProgressMeter -       chr3:121514485             26.8             149195000        5557518.1
15:53:17.088 INFO  ProgressMeter -       chr3:125291324             27.0             150116000        5557306.5
15:53:27.098 INFO  ProgressMeter -       chr3:129059365             27.2             151043000        5557301.2
15:53:37.103 INFO  ProgressMeter -       chr3:132722124             27.3             151967000        5557206.6
15:53:47.111 INFO  ProgressMeter -       chr3:136520700             27.5             152898000        5557350.7
15:53:57.114 INFO  ProgressMeter -       chr3:140255134             27.7             153815000        5557007.4
15:54:07.122 INFO  ProgressMeter -       chr3:144009844             27.8             154744000        5557082.5
15:54:17.123 INFO  ProgressMeter -       chr3:147789430             28.0             155668000        5557001.3
15:54:27.129 INFO  ProgressMeter -       chr3:151658266             28.2             156596000        5557046.6
15:54:37.135 INFO  ProgressMeter -       chr3:155423476             28.3             157514000        5556738.7
15:54:47.142 INFO  ProgressMeter -       chr3:159256670             28.5             158439000        5556676.5
15:54:57.143 INFO  ProgressMeter -       chr3:163079638             28.7             159370000        5556843.7
15:55:07.146 INFO  ProgressMeter -       chr3:166961017             28.8             160268000        5555861.8
15:55:17.152 INFO  ProgressMeter -       chr3:170848644             29.0             161200000        5556047.0
15:55:27.158 INFO  ProgressMeter -       chr3:174691456             29.2             162132000        5556233.3
15:55:37.160 INFO  ProgressMeter -       chr3:178534718             29.3             163056000        5556157.5
15:55:47.162 INFO  ProgressMeter -       chr3:182391906             29.5             163980000        5556082.6
15:55:57.164 INFO  ProgressMeter -       chr3:186252334             29.7             164909000        5556177.0
15:56:07.164 INFO  ProgressMeter -       chr3:189816444             29.8             165786000        5554534.3
15:56:17.171 INFO  ProgressMeter -       chr3:193488712             30.0             166672000        5553191.2
15:56:27.171 INFO  ProgressMeter -       chr3:197311009             30.2             167595000        5553104.2
15:56:37.174 INFO  ProgressMeter -       chr3:200929337             30.3             168526000        5553275.8
15:56:47.182 INFO  ProgressMeter -         chr4:3488825             30.5             169459000        5553498.8
15:56:57.188 INFO  ProgressMeter -         chr4:7223624             30.7             170391000        5553689.9
15:57:07.196 INFO  ProgressMeter -        chr4:10788440             30.8             171315000        5553610.5
15:57:17.197 INFO  ProgressMeter -        chr4:14633832             31.0             172237000        5553491.4
15:57:27.205 INFO  ProgressMeter -        chr4:18401738             31.2             173151000        5553096.2
15:57:37.208 INFO  ProgressMeter -        chr4:22222921             31.3             174072000        5552943.3
15:57:47.211 INFO  ProgressMeter -        chr4:26056893             31.5             175000000        5553014.1
15:57:57.217 INFO  ProgressMeter -        chr4:29896857             31.7             175922000        5552886.0
15:58:07.226 INFO  ProgressMeter -        chr4:33775310             31.8             176849000        5552907.6
15:58:17.229 INFO  ProgressMeter -        chr4:37635084             32.0             177777000        5552977.5
15:58:27.231 INFO  ProgressMeter -        chr4:41487078             32.2             178711000        5553238.8
15:58:37.230 INFO  ProgressMeter -        chr4:45339125             32.3             179638000        5553284.0
15:58:47.236 INFO  ProgressMeter -        chr4:49144640             32.5             180563000        5553250.1
15:58:57.239 INFO  ProgressMeter -        chr4:54769974             32.7             181518000        5554142.9
15:59:07.239 INFO  ProgressMeter -        chr4:58179935             32.8             182437000        5553939.3
15:59:17.248 INFO  ProgressMeter -        chr4:62010873             33.0             183364000        5553954.7
15:59:27.258 INFO  ProgressMeter -        chr4:65879056             33.2             184286000        5553819.3
15:59:37.267 INFO  ProgressMeter -        chr4:69756860             33.3             185213000        5553832.5
15:59:47.272 INFO  ProgressMeter -        chr4:73640071             33.5             186141000        5553891.9
15:59:57.271 INFO  ProgressMeter -        chr4:77440056             33.7             187055000        5553546.0
16:00:07.272 INFO  ProgressMeter -        chr4:81212794             33.8             187976000        5553407.7
16:00:17.281 INFO  ProgressMeter -        chr4:85023383             34.0             188903000        5553425.3
16:00:27.283 INFO  ProgressMeter -        chr4:88826530             34.2             189827000        5553373.9
16:00:37.283 INFO  ProgressMeter -        chr4:92622038             34.3             190747000        5553212.0
16:00:47.291 INFO  ProgressMeter -        chr4:96445017             34.5             191669000        5553088.1
16:00:57.297 INFO  ProgressMeter -       chr4:100214996             34.7             192574000        5552480.6
16:01:07.305 INFO  ProgressMeter -       chr4:104011184             34.8             193492000        5552246.6
16:01:17.314 INFO  ProgressMeter -       chr4:107843385             35.0             194418000        5552240.7
16:01:27.322 INFO  ProgressMeter -       chr4:111677014             35.2             195343000        5552211.7
16:01:37.321 INFO  ProgressMeter -       chr4:115521672             35.3             196270000        5552257.8
16:01:47.322 INFO  ProgressMeter -       chr4:119395886             35.5             197197000        5552300.9
16:01:57.328 INFO  ProgressMeter -       chr4:123288622             35.7             198127000        5552414.7
16:02:07.332 INFO  ProgressMeter -       chr4:127152326             35.8             199058000        5552563.1
16:02:17.333 INFO  ProgressMeter -       chr4:131014306             36.0             199989000        5552712.7
16:02:27.339 INFO  ProgressMeter -       chr4:134865853             36.2             200918000        5552795.4
16:02:37.339 INFO  ProgressMeter -       chr4:138757953             36.3             201848000        5552920.2
16:02:47.343 INFO  ProgressMeter -       chr4:142643862             36.5             202782000        5553143.2
16:02:57.347 INFO  ProgressMeter -       chr4:146478408             36.7             203710000        5553200.6
16:03:07.352 INFO  ProgressMeter -       chr4:150209189             36.9             204616000        5552657.9
16:03:17.360 INFO  ProgressMeter -       chr4:154089803             37.0             205547000        5552788.1
16:03:27.367 INFO  ProgressMeter -       chr4:157902002             37.2             206480000        5552973.3
16:03:37.370 INFO  ProgressMeter -       chr4:161772224             37.4             207412000        5553140.0
16:03:47.374 INFO  ProgressMeter -       chr4:165622710             37.5             208340000        5553196.1
16:03:57.378 INFO  ProgressMeter -       chr4:169516422             37.7             209273000        5553384.5
16:04:07.387 INFO  ProgressMeter -       chr4:173369510             37.9             210206000        5553558.9
16:04:17.393 INFO  ProgressMeter -       chr4:177238103             38.0             211137000        5553686.5
16:04:27.397 INFO  ProgressMeter -       chr4:181140792             38.2             212071000        5553896.4
16:04:37.403 INFO  ProgressMeter -       chr4:185049380             38.4             213005000        5554102.1
16:04:47.409 INFO  ProgressMeter -       chr4:188860344             38.5             213936000        5554223.3
16:04:57.419 INFO  ProgressMeter -       chr4:192731305             38.7             214869000        5554388.0
16:05:07.425 INFO  ProgressMeter -         chr5:2650415             38.9             215770000        5553739.5
16:05:17.430 INFO  ProgressMeter -         chr5:6475909             39.0             216705000        5553965.6
16:05:27.436 INFO  ProgressMeter -        chr5:10247732             39.2             217628000        5553885.9
16:05:37.439 INFO  ProgressMeter -        chr5:14068102             39.4             218561000        5554063.3
16:05:47.443 INFO  ProgressMeter -        chr5:17886193             39.5             219496000        5554289.8
16:05:57.445 INFO  ProgressMeter -        chr5:21892493             39.7             220428000        5554443.6
16:06:07.450 INFO  ProgressMeter -        chr5:25808170             39.9             221364000        5554689.4
16:06:17.456 INFO  ProgressMeter -        chr5:29725408             40.0             222297000        5554855.9
16:06:27.459 INFO  ProgressMeter -        chr5:33598078             40.2             223231000        5555052.8
16:06:37.460 INFO  ProgressMeter -        chr5:37479613             40.4             224165000        5555252.7
16:06:47.463 INFO  ProgressMeter -        chr5:41343962             40.5             225100000        5555471.0
16:06:57.467 INFO  ProgressMeter -        chr5:45177550             40.7             226034000        5555663.0
16:07:07.474 INFO  ProgressMeter -        chr5:48863853             40.9             227000000        5556625.4
16:07:17.484 INFO  ProgressMeter -        chr5:52790034             41.0             227954000        5557285.1
16:07:27.485 INFO  ProgressMeter -        chr5:56641825             41.2             228886000        5557421.1
16:07:37.492 INFO  ProgressMeter -        chr5:60477749             41.4             229811000        5557375.5
16:07:47.493 INFO  ProgressMeter -        chr5:64285163             41.5             230740000        5557442.2
16:07:57.502 INFO  ProgressMeter -        chr5:68159806             41.7             231675000        5557630.2
16:08:07.507 INFO  ProgressMeter -        chr5:72242046             41.9             232606000        5557732.1
16:08:17.517 INFO  ProgressMeter -        chr5:76069684             42.0             233537000        5557822.1
16:08:27.527 INFO  ProgressMeter -        chr5:79914540             42.2             234470000        5557958.9
16:08:37.534 INFO  ProgressMeter -        chr5:83772582             42.4             235402000        5558079.7
16:08:47.539 INFO  ProgressMeter -        chr5:87663589             42.5             236334000        5558199.6
16:08:57.543 INFO  ProgressMeter -        chr5:91517683             42.7             237260000        5558182.4
16:09:07.553 INFO  ProgressMeter -        chr5:95339971             42.9             238184000        5558105.6
16:09:17.561 INFO  ProgressMeter -        chr5:99103235             43.0             239103000        5557919.6
16:09:27.568 INFO  ProgressMeter -       chr5:102991199             43.2             240032000        5557964.5
16:09:37.578 INFO  ProgressMeter -       chr5:106842306             43.4             240956000        5557889.5
16:09:47.586 INFO  ProgressMeter -       chr5:110739866             43.5             241889000        5558026.1
16:09:57.595 INFO  ProgressMeter -       chr5:114531980             43.7             242815000        5558001.4
16:10:07.599 INFO  ProgressMeter -       chr5:118385340             43.9             243746000        5558097.2
16:10:17.605 INFO  ProgressMeter -       chr5:122251660             44.0             244678000        5558213.0
16:10:27.605 INFO  ProgressMeter -       chr5:126126807             44.2             245611000        5558363.0
16:10:37.609 INFO  ProgressMeter -       chr5:129953328             44.4             246538000        5558368.3
16:10:47.616 INFO  ProgressMeter -       chr5:133716697             44.5             247458000        5558210.1
16:10:57.625 INFO  ProgressMeter -       chr5:137457185             44.7             248391000        5558339.9
16:11:07.631 INFO  ProgressMeter -       chr5:141210897             44.9             249322000        5558430.3
16:11:17.638 INFO  ProgressMeter -       chr5:145028703             45.0             250258000        5558631.0
16:11:27.646 INFO  ProgressMeter -       chr5:148897089             45.2             251190000        5558735.7
16:11:37.653 INFO  ProgressMeter -       chr5:152655299             45.4             252124000        5558887.7
16:11:47.659 INFO  ProgressMeter -       chr5:156265616             45.5             253008000        5557942.3
16:11:57.662 INFO  ProgressMeter -       chr5:160104615             45.7             253940000        5558062.5
16:12:07.664 INFO  ProgressMeter -       chr5:163976965             45.9             254873000        5558201.6
16:12:17.664 INFO  ProgressMeter -       chr5:167832588             46.0             255796000        5558128.4
16:12:27.666 INFO  ProgressMeter -       chr5:171607623             46.2             256725000        5558181.7
16:12:37.673 INFO  ProgressMeter -       chr5:175390142             46.4             257660000        5558354.0
16:12:47.674 INFO  ProgressMeter -       chr5:179099603             46.5             258592000        5558472.5
16:12:57.683 INFO  ProgressMeter -          chr6:839738             46.7             259526000        5558617.2
16:13:07.685 INFO  ProgressMeter -         chr6:4613087             46.9             260460000        5558774.7
16:13:17.689 INFO  ProgressMeter -         chr6:8409316             47.0             261393000        5558905.8
16:13:27.699 INFO  ProgressMeter -        chr6:12247056             47.2             262326000        5559024.3
16:13:37.702 INFO  ProgressMeter -        chr6:16070049             47.4             263261000        5559199.7
16:13:47.701 INFO  ProgressMeter -        chr6:19935149             47.5             264194000        5559335.8
16:13:57.703 INFO  ProgressMeter -        chr6:23836925             47.7             265128000        5559488.0
16:14:07.710 INFO  ProgressMeter -        chr6:27680870             47.9             266060000        5559587.7
16:14:17.719 INFO  ProgressMeter -        chr6:31358817             48.0             266985000        5559537.1
16:14:27.721 INFO  ProgressMeter -        chr6:35094209             48.2             267915000        5559604.0
16:14:37.725 INFO  ProgressMeter -        chr6:38830349             48.4             268843000        5559625.3
16:14:47.734 INFO  ProgressMeter -        chr6:42612265             48.5             269777000        5559762.4
16:14:57.736 INFO  ProgressMeter -        chr6:46386948             48.7             270708000        5559846.5
16:15:07.742 INFO  ProgressMeter -        chr6:50182295             48.9             271623000        5559596.9
16:15:17.751 INFO  ProgressMeter -        chr6:53842033             49.0             272513000        5558833.3
16:15:27.757 INFO  ProgressMeter -        chr6:57712192             49.2             273444000        5558914.0
16:15:37.762 INFO  ProgressMeter -        chr6:61510966             49.4             274384000        5559178.4
16:15:47.772 INFO  ProgressMeter -        chr6:65371757             49.5             275314000        5559229.8
16:15:57.773 INFO  ProgressMeter -        chr6:69256795             49.7             276237000        5559156.7
16:16:07.775 INFO  ProgressMeter -        chr6:73116888             49.9             277161000        5559102.4
16:16:17.778 INFO  ProgressMeter -        chr6:76998472             50.0             278092000        5559186.4
16:16:27.780 INFO  ProgressMeter -        chr6:80895860             50.2             279025000        5559311.6
16:16:37.788 INFO  ProgressMeter -        chr6:84602682             50.4             279914000        5558551.2
16:16:47.789 INFO  ProgressMeter -        chr6:88432975             50.5             280844000        5558620.1
16:16:57.790 INFO  ProgressMeter -        chr6:92194361             50.7             281759000        5558392.7
16:17:07.791 INFO  ProgressMeter -        chr6:96094094             50.9             282692000        5558520.6
16:17:17.795 INFO  ProgressMeter -        chr6:99970935             51.0             283622000        5558583.5
16:17:27.804 INFO  ProgressMeter -       chr6:103868928             51.2             284556000        5558715.1
16:17:37.806 INFO  ProgressMeter -       chr6:107770047             51.4             285488000        5558819.5
16:17:47.811 INFO  ProgressMeter -       chr6:111558535             51.5             286415000        5558820.8
16:17:57.819 INFO  ProgressMeter -       chr6:115404151             51.7             287348000        5558934.6
16:18:07.823 INFO  ProgressMeter -       chr6:119243906             51.9             288279000        5559012.6
16:18:17.830 INFO  ProgressMeter -       chr6:123021006             52.0             289192000        5558740.7
16:18:27.835 INFO  ProgressMeter -       chr6:126857971             52.2             290120000        5558761.3
16:18:37.835 INFO  ProgressMeter -       chr6:130724657             52.4             291053000        5558886.2
16:18:47.840 INFO  ProgressMeter -       chr6:134575377             52.5             291987000        5559020.6
16:18:57.845 INFO  ProgressMeter -       chr6:138344151             52.7             292905000        5558850.4
16:19:07.848 INFO  ProgressMeter -       chr6:142140286             52.9             293824000        5558703.7
16:19:17.853 INFO  ProgressMeter -       chr6:145970840             53.0             294751000        5558705.4
16:19:27.857 INFO  ProgressMeter -       chr6:149823708             53.2             295683000        5558802.7
16:19:37.865 INFO  ProgressMeter -       chr6:153670372             53.4             296613000        5558855.0
16:19:47.871 INFO  ProgressMeter -       chr6:157565386             53.5             297546000        5558966.5
16:19:57.872 INFO  ProgressMeter -       chr6:161354039             53.7             298480000        5559104.6
16:20:07.879 INFO  ProgressMeter -       chr6:165224901             53.9             299414000        5559231.5
16:20:17.886 INFO  ProgressMeter -       chr6:169060897             54.0             300347000        5559339.1
16:20:27.893 INFO  ProgressMeter -          chr7:642380             54.2             301286000        5559556.7
16:20:37.894 INFO  ProgressMeter -         chr7:4340242             54.4             302208000        5559470.5
16:20:47.903 INFO  ProgressMeter -         chr7:8065336             54.5             303122000        5559224.6
16:20:57.904 INFO  ProgressMeter -        chr7:11877539             54.7             304043000        5559121.6
16:21:07.909 INFO  ProgressMeter -        chr7:15775987             54.9             304976000        5559231.3
16:21:17.912 INFO  ProgressMeter -        chr7:19634479             55.0             305905000        5559272.6
16:21:27.921 INFO  ProgressMeter -        chr7:23503554             55.2             306839000        5559390.9
16:21:37.930 INFO  ProgressMeter -        chr7:27350923             55.4             307775000        5559546.3
16:21:47.937 INFO  ProgressMeter -        chr7:31109617             55.5             308703000        5559560.0
16:21:57.938 INFO  ProgressMeter -        chr7:34933452             55.7             309636000        5559673.4
16:22:07.939 INFO  ProgressMeter -        chr7:38746230             55.9             310570000        5559803.9
16:22:17.947 INFO  ProgressMeter -        chr7:42573745             56.0             311495000        5559761.6
16:22:27.953 INFO  ProgressMeter -        chr7:46255279             56.2             312413000        5559599.8
16:22:37.959 INFO  ProgressMeter -        chr7:50054115             56.4             313345000        5559684.1
16:22:47.963 INFO  ProgressMeter -        chr7:53841750             56.5             314273000        5559703.7
16:22:57.963 INFO  ProgressMeter -        chr7:57646251             56.7             315202000        5559744.1
16:23:07.968 INFO  ProgressMeter -        chr7:61541201             56.9             316159000        5560271.8
16:23:17.970 INFO  ProgressMeter -        chr7:65471828             57.0             317115000        5560780.5
16:23:27.977 INFO  ProgressMeter -        chr7:69187863             57.2             318019000        5560372.2
16:23:37.980 INFO  ProgressMeter -        chr7:72976005             57.4             318930000        5560091.5
16:23:47.980 INFO  ProgressMeter -        chr7:76724867             57.5             319842000        5559836.3
16:23:57.981 INFO  ProgressMeter -        chr7:80536324             57.7             320772000        5559894.5
16:24:07.987 INFO  ProgressMeter -        chr7:84421338             57.9             321706000        5560010.4
16:24:17.994 INFO  ProgressMeter -        chr7:88253451             58.0             322651000        5560315.1
16:24:27.994 INFO  ProgressMeter -        chr7:91814155             58.2             323509000        5559134.3
16:24:38.000 INFO  ProgressMeter -        chr7:95665049             58.4             324442000        5559235.7
16:24:48.012 INFO  ProgressMeter -        chr7:99237949             58.5             325307000        5558165.3
16:24:58.021 INFO  ProgressMeter -       chr7:102667224             58.7             326155000        5556816.0
16:25:08.023 INFO  ProgressMeter -       chr7:106372753             58.9             327067000        5556572.7
16:25:18.030 INFO  ProgressMeter -       chr7:110186216             59.0             327997000        5556629.4
16:25:28.031 INFO  ProgressMeter -       chr7:114084859             59.2             328930000        5556744.4
16:25:38.032 INFO  ProgressMeter -       chr7:117935740             59.4             329852000        5556671.8
16:25:48.037 INFO  ProgressMeter -       chr7:121821210             59.5             330786000        5556796.5
16:25:58.042 INFO  ProgressMeter -       chr7:125608474             59.7             331693000        5556468.2
16:26:08.047 INFO  ProgressMeter -       chr7:129196052             59.9             332559000        5555456.9
16:26:18.056 INFO  ProgressMeter -       chr7:132607104             60.0             333396000        5553961.9
16:26:28.060 INFO  ProgressMeter -       chr7:136226271             60.2             334276000        5553197.2
16:26:38.068 INFO  ProgressMeter -       chr7:139815991             60.4             335143000        5552215.2
16:26:48.077 INFO  ProgressMeter -       chr7:143339690             60.5             336006000        5551171.1
16:26:58.086 INFO  ProgressMeter -       chr7:146660189             60.7             336838000        5549621.9
16:27:08.091 INFO  ProgressMeter -       chr7:150204392             60.9             337689000        5548401.0
16:27:18.094 INFO  ProgressMeter -       chr7:153661757             61.0             338541000        5547203.1
16:27:28.100 INFO  ProgressMeter -       chr7:157155077             61.2             339398000        5546090.5
16:27:38.107 INFO  ProgressMeter -          chr8:105080             61.4             340269000        5545212.1
16:27:48.107 INFO  ProgressMeter -         chr8:3660202             61.5             341134000        5544248.4
16:27:58.116 INFO  ProgressMeter -         chr8:7181702             61.7             341992000        5543164.5
16:28:08.119 INFO  ProgressMeter -        chr8:10913372             61.9             342872000        5542451.0
16:28:18.125 INFO  ProgressMeter -        chr8:14768843             62.0             343750000        5541704.7
16:28:28.129 INFO  ProgressMeter -        chr8:18607991             62.2             344667000        5541592.3
16:28:38.136 INFO  ProgressMeter -        chr8:22358341             62.4             345585000        5541492.2
16:28:48.141 INFO  ProgressMeter -        chr8:26175809             62.5             346518000        5541635.4
16:28:58.145 INFO  ProgressMeter -        chr8:29978730             62.7             347448000        5541731.5
16:29:08.147 INFO  ProgressMeter -        chr8:33831119             62.9             348377000        5541815.6
16:29:18.148 INFO  ProgressMeter -        chr8:37559731             63.0             349282000        5541517.0
16:29:28.150 INFO  ProgressMeter -        chr8:41343351             63.2             350187000        5541220.0
16:29:38.150 INFO  ProgressMeter -        chr8:44573799             63.4             351051000        5540280.4
16:29:48.155 INFO  ProgressMeter -        chr8:48457954             63.5             351992000        5540551.9
16:29:58.159 INFO  ProgressMeter -        chr8:52195455             63.7             352900000        5540302.5
16:30:08.169 INFO  ProgressMeter -        chr8:55890962             63.9             353799000        5539906.2
16:30:18.181 INFO  ProgressMeter -        chr8:59300330             64.0             354628000        5538417.3
16:30:28.184 INFO  ProgressMeter -        chr8:62632672             64.2             355440000        5536681.4
16:30:38.189 INFO  ProgressMeter -        chr8:66108324             64.4             356277000        5535341.5
16:30:48.194 INFO  ProgressMeter -        chr8:69667016             64.5             357140000        5534411.5
16:30:58.198 INFO  ProgressMeter -        chr8:73485690             64.7             358060000        5534368.6
16:31:08.199 INFO  ProgressMeter -        chr8:77284764             64.9             358971000        5534191.6
16:31:18.209 INFO  ProgressMeter -        chr8:80986770             65.0             359855000        5533587.4
16:31:28.226 INFO  ProgressMeter -        chr8:84774275             65.2             360769000        5533438.0
16:31:38.233 INFO  ProgressMeter -        chr8:88476829             65.4             361707000        5533667.8
16:31:48.234 INFO  ProgressMeter -        chr8:92331976             65.5             362638000        5533799.5
16:31:58.237 INFO  ProgressMeter -        chr8:96200020             65.7             363575000        5534019.1
16:32:08.243 INFO  ProgressMeter -       chr8:100019027             65.9             364510000        5534202.9
16:32:18.250 INFO  ProgressMeter -       chr8:103793095             66.0             365423000        5534051.3
16:32:28.260 INFO  ProgressMeter -       chr8:107303743             66.2             366273000        5532944.6
16:32:38.263 INFO  ProgressMeter -       chr8:111002102             66.4             367163000        5532457.2
16:32:48.266 INFO  ProgressMeter -       chr8:114715205             66.5             368047000        5531879.4
16:32:58.271 INFO  ProgressMeter -       chr8:118567976             66.7             368970000        5531889.2
16:33:08.275 INFO  ProgressMeter -       chr8:122419184             66.9             369902000        5532032.1
16:33:18.276 INFO  ProgressMeter -       chr8:126225572             67.0             370832000        5532150.0
16:33:28.282 INFO  ProgressMeter -       chr8:130063634             67.2             371769000        5532366.0
16:33:38.286 INFO  ProgressMeter -       chr8:133866869             67.4             372707000        5532595.7
16:33:48.291 INFO  ProgressMeter -       chr8:137680334             67.5             373646000        5532839.2
16:33:58.300 INFO  ProgressMeter -       chr8:141470996             67.7             374571000        5532869.2
16:34:08.301 INFO  ProgressMeter -       chr8:144998089             67.9             375472000        5532556.2
16:34:18.310 INFO  ProgressMeter -         chr9:2460321             68.0             376399000        5532616.2
16:34:28.312 INFO  ProgressMeter -         chr9:6286628             68.2             377329000        5532729.3
16:34:38.312 INFO  ProgressMeter -        chr9:10157152             68.4             378262000        5532888.4
16:34:48.316 INFO  ProgressMeter -        chr9:14078141             68.5             379204000        5533172.7
16:34:58.325 INFO  ProgressMeter -        chr9:17976522             68.7             380144000        5533419.7
16:35:08.333 INFO  ProgressMeter -        chr9:21858669             68.9             381084000        5533667.0
16:35:18.341 INFO  ProgressMeter -        chr9:25748126             69.0             382022000        5533884.0
16:35:28.349 INFO  ProgressMeter -        chr9:29605977             69.2             382956000        5534042.2
16:35:38.354 INFO  ProgressMeter -        chr9:33432820             69.4             383880000        5534060.9
16:35:48.360 INFO  ProgressMeter -        chr9:37206742             69.5             384813000        5534204.8
16:35:58.362 INFO  ProgressMeter -        chr9:41259547             69.7             385743000        5534311.7
16:36:08.362 INFO  ProgressMeter -        chr9:44803920             69.9             386665000        5534306.2
16:36:18.364 INFO  ProgressMeter -        chr9:47788520             70.0             387625000        5534840.6
16:36:28.369 INFO  ProgressMeter -        chr9:56899701             70.2             388655000        5536365.8
16:36:38.374 INFO  ProgressMeter -        chr9:68615948             70.4             389654000        5537443.1
16:36:48.375 INFO  ProgressMeter -        chr9:77122558             70.5             390622000        5538082.5
16:36:58.382 INFO  ProgressMeter -        chr9:79847386             70.7             391531000        5537873.8
16:37:08.390 INFO  ProgressMeter -        chr9:83633105             70.9             392445000        5537736.7
16:37:18.393 INFO  ProgressMeter -        chr9:87438610             71.0             393360000        5537620.8
16:37:28.394 INFO  ProgressMeter -        chr9:91179498             71.2             394270000        5537439.1
16:37:38.398 INFO  ProgressMeter -        chr9:94886995             71.4             395159000        5536957.5
16:37:48.408 INFO  ProgressMeter -        chr9:98751242             71.5             396097000        5537156.7
16:37:58.412 INFO  ProgressMeter -       chr9:102553329             71.7             397033000        5537334.9
16:38:08.422 INFO  ProgressMeter -       chr9:106319733             71.9             397969000        5537504.4
16:38:18.428 INFO  ProgressMeter -       chr9:110161830             72.0             398904000        5537664.5
16:38:28.438 INFO  ProgressMeter -       chr9:113980654             72.2             399839000        5537818.7
16:38:38.443 INFO  ProgressMeter -       chr9:117858496             72.4             400771000        5537937.1
16:38:48.452 INFO  ProgressMeter -       chr9:121695275             72.5             401706000        5538091.2
16:38:58.462 INFO  ProgressMeter -       chr9:125523131             72.7             402644000        5538284.6
16:39:08.464 INFO  ProgressMeter -       chr9:129290507             72.9             403571000        5538336.3
16:39:18.467 INFO  ProgressMeter -       chr9:133073846             73.0             404496000        5538359.2
16:39:28.474 INFO  ProgressMeter -       chr9:136587358             73.2             405373000        5537721.1
16:39:38.484 INFO  ProgressMeter -       chr9:140347102             73.4             406309000        5537886.4
16:39:48.492 INFO  ProgressMeter -       chr9:144061321             73.5             407242000        5538012.6
16:39:58.495 INFO  ProgressMeter -       chr9:147795270             73.7             408179000        5538198.7
16:40:08.496 INFO  ProgressMeter -         chr10:950865             73.9             409119000        5538428.4
16:40:18.504 INFO  ProgressMeter -        chr10:4808268             74.0             410059000        5538645.9
16:40:28.512 INFO  ProgressMeter -        chr10:8595640             74.2             410987000        5538701.8
16:40:38.521 INFO  ProgressMeter -       chr10:12472585             74.4             411925000        5538890.8
16:40:48.529 INFO  ProgressMeter -       chr10:16304073             74.5             412858000        5539013.1
16:40:58.530 INFO  ProgressMeter -       chr10:20041138             74.7             413756000        5538676.1
16:41:08.535 INFO  ProgressMeter -       chr10:23798642             74.9             414655000        5538346.7
16:41:18.536 INFO  ProgressMeter -       chr10:27470580             75.0             415548000        5537944.9
16:41:28.541 INFO  ProgressMeter -       chr10:31137031             75.2             416444000        5537579.8
16:41:38.547 INFO  ProgressMeter -       chr10:34704496             75.4             417310000        5536817.1
16:41:48.556 INFO  ProgressMeter -       chr10:38622285             75.5             418251000        5537047.0
16:41:58.557 INFO  ProgressMeter -       chr10:42153671             75.7             419176000        5537074.3
16:42:08.559 INFO  ProgressMeter -       chr10:45408261             75.9             420091000        5536968.5
16:42:18.566 INFO  ProgressMeter -       chr10:49166136             76.0             421020000        5537041.2
16:42:28.570 INFO  ProgressMeter -       chr10:52984267             76.2             421952000        5537156.5
16:42:38.581 INFO  ProgressMeter -       chr10:56706484             76.4             422838000        5536660.6
16:42:48.586 INFO  ProgressMeter -       chr10:60532655             76.5             423758000        5536618.3
16:42:58.589 INFO  ProgressMeter -       chr10:64422160             76.7             424690000        5536735.0
16:43:08.594 INFO  ProgressMeter -       chr10:68289661             76.9             425622000        5536848.8
16:43:18.596 INFO  ProgressMeter -       chr10:72070484             77.0             426552000        5536939.8
16:43:28.599 INFO  ProgressMeter -       chr10:75790103             77.2             427476000        5536951.5
16:43:38.605 INFO  ProgressMeter -       chr10:79533098             77.4             428397000        5536920.7
16:43:48.614 INFO  ProgressMeter -       chr10:83261614             77.5             429313000        5536822.0
16:43:58.618 INFO  ProgressMeter -       chr10:87092596             77.7             430245000        5536935.6
16:44:08.623 INFO  ProgressMeter -       chr10:90847201             77.9             431168000        5536932.0
16:44:18.631 INFO  ProgressMeter -       chr10:94708700             78.0             432103000        5537078.6
16:44:28.639 INFO  ProgressMeter -       chr10:98526578             78.2             433043000        5537288.5
16:44:38.644 INFO  ProgressMeter -      chr10:102286284             78.4             433975000        5537398.9
16:44:48.644 INFO  ProgressMeter -      chr10:106063658             78.5             434913000        5537591.2
16:44:58.653 INFO  ProgressMeter -      chr10:109953967             78.7             435851000        5537772.1
16:45:08.654 INFO  ProgressMeter -      chr10:113746372             78.9             436785000        5537910.9
16:45:18.657 INFO  ProgressMeter -      chr10:117542804             79.0             437707000        5537894.9
16:45:28.663 INFO  ProgressMeter -      chr10:121355184             79.2             438648000        5538115.4
16:45:38.673 INFO  ProgressMeter -      chr10:125156789             79.4             439584000        5538268.5
16:45:48.675 INFO  ProgressMeter -      chr10:128970974             79.5             440523000        5538465.6
16:45:58.676 INFO  ProgressMeter -      chr10:132820834             79.7             441464000        5538689.3
16:46:08.685 INFO  ProgressMeter -        chr11:1854372             79.9             442400000        5538840.2
16:46:18.691 INFO  ProgressMeter -        chr11:5594303             80.0             443339000        5539031.5
16:46:28.695 INFO  ProgressMeter -        chr11:9444528             80.2             444273000        5539161.9
16:46:38.698 INFO  ProgressMeter -       chr11:12970471             80.4             445146000        5538533.9
16:46:48.699 INFO  ProgressMeter -       chr11:16788711             80.5             446082000        5538693.1
16:46:58.706 INFO  ProgressMeter -       chr11:20621616             80.7             447019000        5538857.1
16:47:08.707 INFO  ProgressMeter -       chr11:24506829             80.9             447952000        5538977.8
16:47:18.715 INFO  ProgressMeter -       chr11:28288323             81.0             448860000        5538781.6
16:47:28.721 INFO  ProgressMeter -       chr11:32094548             81.2             449776000        5538687.0
16:47:38.731 INFO  ProgressMeter -       chr11:35687722             81.4             450662000        5538219.5
16:47:48.741 INFO  ProgressMeter -       chr11:39517135             81.5             451583000        5538184.4
16:47:58.751 INFO  ProgressMeter -       chr11:43193844             81.7             452465000        5537669.8
16:48:08.754 INFO  ProgressMeter -       chr11:46477122             81.9             453284000        5536396.8
16:48:18.763 INFO  ProgressMeter -       chr11:50160001             82.0             454188000        5536158.4
16:48:28.769 INFO  ProgressMeter -       chr11:54331289             82.2             455128000        5536362.1
16:48:38.772 INFO  ProgressMeter -       chr11:58090077             82.4             456049000        5536338.9
16:48:48.780 INFO  ProgressMeter -       chr11:61908599             82.5             456986000        5536503.0
16:48:58.781 INFO  ProgressMeter -       chr11:65578546             82.7             457924000        5536685.1
16:49:08.782 INFO  ProgressMeter -       chr11:69165292             82.9             458835000        5536541.8
16:49:18.787 INFO  ProgressMeter -       chr11:72678786             83.0             459715000        5536021.4
16:49:28.790 INFO  ProgressMeter -       chr11:76407957             83.2             460650000        5536166.3
16:49:38.792 INFO  ProgressMeter -       chr11:79910852             83.4             461511000        5535425.2
16:49:48.796 INFO  ProgressMeter -       chr11:83537434             83.5             462387000        5534862.2
16:49:58.797 INFO  ProgressMeter -       chr11:87283281             83.7             463294000        5534676.2
16:50:08.809 INFO  ProgressMeter -       chr11:90797058             83.9             464134000        5533680.0
16:50:18.812 INFO  ProgressMeter -       chr11:94516971             84.0             465031000        5533375.9
16:50:28.824 INFO  ProgressMeter -       chr11:97911225             84.2             465857000        5532221.1
16:50:38.829 INFO  ProgressMeter -      chr11:101703701             84.4             466765000        5532048.2
16:50:48.836 INFO  ProgressMeter -      chr11:105630726             84.5             467702000        5532217.9
16:50:58.842 INFO  ProgressMeter -      chr11:109232729             84.7             468566000        5531526.2
16:51:08.845 INFO  ProgressMeter -      chr11:112972827             84.9             469474000        5531359.0
16:51:18.849 INFO  ProgressMeter -      chr11:116345908             85.0             470300000        5530227.0
16:51:28.852 INFO  ProgressMeter -      chr11:119926472             85.2             471194000        5529898.6
16:51:38.863 INFO  ProgressMeter -      chr11:123521015             85.4             472074000        5529398.9
16:51:48.874 INFO  ProgressMeter -      chr11:126664529             85.5             472845000        5527628.0
16:51:58.878 INFO  ProgressMeter -      chr11:130477214             85.7             473781000        5527794.5
16:52:08.883 INFO  ProgressMeter -      chr11:134207896             85.9             474696000        5527716.8
16:52:18.891 INFO  ProgressMeter -        chr12:2398505             86.0             475525000        5526634.6
16:52:28.900 INFO  ProgressMeter -        chr12:5880247             86.2             476385000        5525917.3
16:52:38.906 INFO  ProgressMeter -        chr12:9412327             86.4             477265000        5525436.4
16:52:48.910 INFO  ProgressMeter -       chr12:13203041             86.5             478198000        5525570.8
16:52:58.916 INFO  ProgressMeter -       chr12:16720122             86.7             479055000        5524827.2
16:53:08.923 INFO  ProgressMeter -       chr12:20634137             86.9             479992000        5525007.2
16:53:19.608 INFO  ProgressMeter -       chr12:23899448             87.1             480775000        5522698.3
16:53:29.608 INFO  ProgressMeter -       chr12:27187470             87.2             481568000        5521237.0
16:53:39.611 INFO  ProgressMeter -       chr12:30925133             87.4             482480000        5521140.0
16:53:49.621 INFO  ProgressMeter -       chr12:34579589             87.6             483380000        5520898.9
16:53:59.628 INFO  ProgressMeter -       chr12:36534486             87.7             484191000        5519647.2
16:54:09.638 INFO  ProgressMeter -       chr12:39444788             87.9             484989000        5518249.3
16:54:19.650 INFO  ProgressMeter -       chr12:42883865             88.1             485814000        5517164.4
16:54:29.654 INFO  ProgressMeter -       chr12:46410103             88.2             486667000        5516403.0
16:54:39.660 INFO  ProgressMeter -       chr12:49842854             88.4             487516000        5515600.2
16:54:49.663 INFO  ProgressMeter -       chr12:53364335             88.6             488389000        5515074.7
16:54:59.672 INFO  ProgressMeter -       chr12:56963772             88.7             489287000        5514826.6
16:55:09.678 INFO  ProgressMeter -       chr12:60729271             88.9             490205000        5514807.6
16:55:19.681 INFO  ProgressMeter -       chr12:64084833             89.1             491018000        5513612.8
16:55:29.685 INFO  ProgressMeter -       chr12:67504607             89.2             491848000        5512611.8
16:55:39.695 INFO  ProgressMeter -       chr12:71273917             89.4             492773000        5512672.3
16:55:49.699 INFO  ProgressMeter -       chr12:75029078             89.6             493676000        5512491.0
16:55:59.708 INFO  ProgressMeter -       chr12:78420442             89.7             494492000        5511336.6
16:56:09.714 INFO  ProgressMeter -       chr12:81945511             89.9             495332000        5510457.6
16:56:19.713 INFO  ProgressMeter -       chr12:85548762             90.1             496191000        5509797.9
16:56:29.718 INFO  ProgressMeter -       chr12:89016050             90.2             497023000        5508836.3
16:56:39.726 INFO  ProgressMeter -       chr12:92369673             90.4             497833000        5507631.8
16:56:49.729 INFO  ProgressMeter -       chr12:95870140             90.6             498677000        5506812.2
16:56:59.731 INFO  ProgressMeter -       chr12:99317861             90.7             499517000        5505952.6
16:57:09.732 INFO  ProgressMeter -      chr12:103048512             90.9             500421000        5505801.3
16:57:19.741 INFO  ProgressMeter -      chr12:106399151             91.1             501238000        5504687.1
16:57:29.747 INFO  ProgressMeter -      chr12:109710125             91.2             502048000        5503503.2
16:57:39.758 INFO  ProgressMeter -      chr12:113205118             91.4             502907000        5502854.8
16:57:49.764 INFO  ProgressMeter -      chr12:116652566             91.6             503746000        5501995.3
16:57:59.770 INFO  ProgressMeter -      chr12:120150905             91.7             504599000        5501291.6
16:58:09.775 INFO  ProgressMeter -      chr12:123699945             91.9             505476000        5500852.6
16:58:19.782 INFO  ProgressMeter -      chr12:127108061             92.1             506316000        5500011.2
16:58:29.792 INFO  ProgressMeter -      chr12:130531254             92.2             507147000        5499072.4
16:58:39.802 INFO  ProgressMeter -         chr13:776102             92.4             507980000        5498159.5
16:58:49.803 INFO  ProgressMeter -        chr13:8245982             92.6             508862000        5497787.3
16:58:59.803 INFO  ProgressMeter -       chr13:12269518             92.7             509753000        5497513.5
16:59:09.809 INFO  ProgressMeter -       chr13:17485765             92.9             510683000        5497655.6
16:59:19.817 INFO  ProgressMeter -       chr13:20901313             93.1             511585000        5497494.3
16:59:29.820 INFO  ProgressMeter -       chr13:24507067             93.2             512459000        5497038.2
16:59:39.828 INFO  ProgressMeter -       chr13:27954114             93.4             513297000        5496193.3
16:59:49.836 INFO  ProgressMeter -       chr13:31432858             93.6             514156000        5495576.8
16:59:59.845 INFO  ProgressMeter -       chr13:34819961             93.7             514978000        5494564.9
17:00:09.847 INFO  ProgressMeter -       chr13:38329916             93.9             515829000        5493873.2
17:00:19.865 INFO  ProgressMeter -       chr13:41889114             94.1             516697000        5493349.1
17:00:29.871 INFO  ProgressMeter -       chr13:45517989             94.2             517583000        5493029.6
17:00:39.871 INFO  ProgressMeter -       chr13:48969309             94.4             518427000        5492272.0
17:00:49.874 INFO  ProgressMeter -       chr13:52579498             94.6             519311000        5491937.3
17:00:59.881 INFO  ProgressMeter -       chr13:56239506             94.7             520188000        5491526.0
17:01:09.889 INFO  ProgressMeter -       chr13:59751941             94.9             521032000        5490767.3
17:01:19.892 INFO  ProgressMeter -       chr13:63249505             95.1             521872000        5489974.1
17:01:30.386 INFO  ProgressMeter -       chr13:66787141             95.2             522715000        5488743.5
17:01:40.386 INFO  ProgressMeter -       chr13:70603108             95.4             523624000        5488682.8
17:01:50.386 INFO  ProgressMeter -       chr13:74107996             95.6             524463000        5487889.9
17:02:00.390 INFO  ProgressMeter -       chr13:77540036             95.7             525291000        5486981.9
17:02:10.393 INFO  ProgressMeter -       chr13:81244930             95.9             526180000        5486712.2
17:02:20.402 INFO  ProgressMeter -       chr13:84906422             96.1             527047000        5486210.7
17:02:30.409 INFO  ProgressMeter -       chr13:88576670             96.2             527917000        5485742.0
17:02:40.418 INFO  ProgressMeter -       chr13:92256089             96.4             528797000        5485377.8
17:02:50.429 INFO  ProgressMeter -       chr13:95772360             96.6             529646000        5484691.9
17:03:00.436 INFO  ProgressMeter -       chr13:99448134             96.7             530535000        5484425.6
17:03:10.442 INFO  ProgressMeter -      chr13:103175808             96.9             531435000        5484274.8
17:03:20.443 INFO  ProgressMeter -      chr13:106825565             97.1             532308000        5483851.9
17:03:30.447 INFO  ProgressMeter -      chr13:110490547             97.2             533198000        5483600.6
17:03:40.450 INFO  ProgressMeter -         chr14:782351             97.4             534086000        5483332.5
17:03:50.457 INFO  ProgressMeter -        chr14:2822776             97.6             534988000        5483203.2
17:04:00.463 INFO  ProgressMeter -        chr14:7465147             97.7             535878000        5482955.2
17:04:10.462 INFO  ProgressMeter -       chr14:11145680             97.9             536744000        5482465.8
17:04:20.464 INFO  ProgressMeter -       chr14:14280462             98.1             537557000        5481436.6
17:04:30.473 INFO  ProgressMeter -       chr14:17727195             98.2             538390000        5480608.1
17:04:40.477 INFO  ProgressMeter -       chr14:21267479             98.4             539261000        5480173.1
17:04:50.488 INFO  ProgressMeter -       chr14:24918024             98.6             540140000        5479815.2
17:05:00.493 INFO  ProgressMeter -       chr14:28435700             98.7             540990000        5479168.6
17:05:10.498 INFO  ProgressMeter -       chr14:31876042             98.9             541825000        5478373.3
17:05:20.504 INFO  ProgressMeter -       chr14:35572356             99.1             542714000        5478124.9
17:05:30.506 INFO  ProgressMeter -       chr14:39291525             99.2             543603000        5477881.0
17:05:40.511 INFO  ProgressMeter -       chr14:42774931             99.4             544440000        5477112.1
17:05:50.513 INFO  ProgressMeter -       chr14:46244874             99.6             545286000        5476438.8
17:06:00.514 INFO  ProgressMeter -       chr14:49786829             99.7             546149000        5475940.1
17:06:10.516 INFO  ProgressMeter -       chr14:53464170             99.9             547041000        5475730.6
17:06:20.518 INFO  ProgressMeter -       chr14:56996633            100.1             547901000        5475202.9
17:06:30.525 INFO  ProgressMeter -       chr14:60576323            100.2             548769000        5474752.2
17:06:40.526 INFO  ProgressMeter -       chr14:64199254            100.4             549662000        5474558.4
17:06:50.531 INFO  ProgressMeter -       chr14:67876394            100.6             550553000        5474339.9
17:07:00.537 INFO  ProgressMeter -       chr14:71443541            100.7             551439000        5474072.5
17:07:10.727 INFO  ProgressMeter -       chr14:74965893            100.9             552299000        5473382.9
17:07:20.726 INFO  ProgressMeter -       chr14:78663006            101.1             553190000        5473172.9
17:07:30.731 INFO  ProgressMeter -       chr14:82368955            101.2             554082000        5472968.9
17:07:40.732 INFO  ProgressMeter -       chr14:85999594            101.4             554973000        5472759.3
17:07:50.736 INFO  ProgressMeter -       chr14:89485103            101.6             555839000        5472301.6
17:08:00.738 INFO  ProgressMeter -       chr14:93134750            101.7             556732000        5472112.5
17:08:10.747 INFO  ProgressMeter -       chr14:96682475            101.9             557616000        5471829.5
17:08:20.747 INFO  ProgressMeter -      chr14:100074139            102.1             558481000        5471369.4
17:08:30.747 INFO  ProgressMeter -        chr15:3264672            102.2             559379000        5471233.5
17:08:40.754 INFO  ProgressMeter -        chr15:7940471            102.4             560279000        5471111.3
17:08:50.755 INFO  ProgressMeter -       chr15:15697611            102.6             561171000        5470916.9
17:09:00.755 INFO  ProgressMeter -       chr15:18743023            102.7             562076000        5470850.5
17:09:10.761 INFO  ProgressMeter -       chr15:21843612            102.9             562957000        5470545.8
17:09:20.770 INFO  ProgressMeter -       chr15:25464834            103.1             563842000        5470278.2
17:09:30.771 INFO  ProgressMeter -       chr15:29092664            103.2             564726000        5470008.9
17:09:40.781 INFO  ProgressMeter -       chr15:32734579            103.4             565622000        5469848.6
17:09:50.786 INFO  ProgressMeter -       chr15:36501790            103.6             566528000        5469790.6
17:10:00.792 INFO  ProgressMeter -       chr15:40085271            103.7             567418000        5469575.9
17:10:10.796 INFO  ProgressMeter -       chr15:43769166            103.9             568319000        5469471.3
17:10:20.800 INFO  ProgressMeter -       chr15:47453742            104.1             569216000        5469326.9
17:10:30.802 INFO  ProgressMeter -       chr15:51125295            104.2             570116000        5469214.3
17:10:40.810 INFO  ProgressMeter -       chr15:54787914            104.4             571000000        5468945.3
17:10:50.812 INFO  ProgressMeter -       chr15:58354682            104.6             571866000        5468506.8
17:11:00.821 INFO  ProgressMeter -       chr15:62006495            104.7             572768000        5468409.9
17:11:10.826 INFO  ProgressMeter -       chr15:65602116            104.9             573654000        5468163.4
17:11:20.831 INFO  ProgressMeter -       chr15:69040663            105.1             574506000        5467593.3
17:11:30.835 INFO  ProgressMeter -       chr15:72660312            105.2             575391000        5467340.3
17:11:40.836 INFO  ProgressMeter -       chr15:76203756            105.4             576279000        5467119.1
17:11:50.836 INFO  ProgressMeter -       chr15:79746720            105.6             577151000        5466747.9
17:12:00.843 INFO  ProgressMeter -       chr15:83347019            105.7             578049000        5466617.8
17:12:10.846 INFO  ProgressMeter -       chr15:86923743            105.9             578928000        5466312.1
17:12:20.856 INFO  ProgressMeter -       chr15:90478476            106.1             579814000        5466067.3
17:12:30.859 INFO  ProgressMeter -       chr15:93984916            106.2             580666000        5465509.3
17:12:40.859 INFO  ProgressMeter -       chr15:97433562            106.4             581504000        5464824.0
17:12:50.868 INFO  ProgressMeter -        chr16:1231039            106.6             582401000        5464686.8
17:13:00.880 INFO  ProgressMeter -        chr16:4686840            106.7             583284000        5464416.3
17:13:10.889 INFO  ProgressMeter -        chr16:8098055            106.9             584113000        5463644.1
17:13:20.897 INFO  ProgressMeter -       chr16:11680043            107.1             584987000        5463295.4
17:13:30.903 INFO  ProgressMeter -       chr16:15219191            107.2             585871000        5463042.8
17:13:40.907 INFO  ProgressMeter -       chr16:18796623            107.4             586748000        5462728.3
17:13:50.912 INFO  ProgressMeter -       chr16:22298361            107.6             587607000        5462244.9
17:14:00.921 INFO  ProgressMeter -       chr16:25800411            107.7             588445000        5461565.5
17:14:10.933 INFO  ProgressMeter -       chr16:29473090            107.9             589339000        5461404.7
17:14:20.934 INFO  ProgressMeter -       chr16:32836549            108.1             590227000        5461198.2
17:14:30.936 INFO  ProgressMeter -       chr16:36009718            108.2             591118000        5461019.1
17:14:40.941 INFO  ProgressMeter -       chr16:40255989            108.4             592028000        5461013.3
17:14:50.948 INFO  ProgressMeter -       chr16:46503028            108.6             592908000        5460729.6
17:15:00.959 INFO  ProgressMeter -       chr16:51715950            108.7             593814000        5460682.5
17:15:10.968 INFO  ProgressMeter -       chr16:55384749            108.9             594711000        5460554.6
17:15:20.972 INFO  ProgressMeter -       chr16:59055222            109.1             595615000        5460495.4
17:15:30.980 INFO  ProgressMeter -       chr16:62721996            109.2             596512000        5460369.0
17:15:40.981 INFO  ProgressMeter -       chr16:66415945            109.4             597417000        5460321.9
17:15:50.987 INFO  ProgressMeter -       chr16:70147144            109.6             598313000        5460188.6
17:16:00.988 INFO  ProgressMeter -       chr16:73726321            109.7             599201000        5459987.0
17:16:10.988 INFO  ProgressMeter -       chr16:77386935            109.9             600093000        5459823.3
17:16:20.998 INFO  ProgressMeter -       chr16:81256062            110.1             600992000        5459715.4
17:16:31.007 INFO  ProgressMeter -       chr16:84839567            110.2             601859000        5459318.3
17:16:41.009 INFO  ProgressMeter -       chr16:88519338            110.4             602761000        5459246.1
17:16:51.016 INFO  ProgressMeter -       chr16:91975438            110.6             603626000        5458833.7
17:17:01.018 INFO  ProgressMeter -       chr16:95553293            110.7             604532000        5458797.7
17:17:11.024 INFO  ProgressMeter -        chr17:2661459            110.9             605388000        5458307.7
17:17:21.034 INFO  ProgressMeter -        chr17:6265579            111.1             606281000        5458149.0
17:17:31.037 INFO  ProgressMeter -        chr17:9858897            111.2             607172000        5457978.5
17:17:41.047 INFO  ProgressMeter -       chr17:13550360            111.4             608065000        5457820.8
17:17:51.054 INFO  ProgressMeter -       chr17:17240449            111.6             608964000        5457719.7
17:18:01.064 INFO  ProgressMeter -       chr17:20782032            111.7             609847000        5457473.4
17:18:11.069 INFO  ProgressMeter -       chr17:24430684            111.9             610747000        5457383.7
17:18:21.071 INFO  ProgressMeter -       chr17:29038812            112.1             611651000        5457332.5
17:18:31.076 INFO  ProgressMeter -       chr17:32678823            112.2             612548000        5457216.5
17:18:41.077 INFO  ProgressMeter -       chr17:36206107            112.4             613422000        5456899.6
17:18:51.077 INFO  ProgressMeter -       chr17:39714642            112.6             614312000        5456726.6
17:19:01.087 INFO  ProgressMeter -       chr17:43231766            112.7             615189000        5456430.6
17:19:11.094 INFO  ProgressMeter -       chr17:46883096            112.9             616118000        5456598.5
17:19:21.095 INFO  ProgressMeter -       chr17:50845414            113.1             617046000        5456761.9
17:19:31.105 INFO  ProgressMeter -       chr17:54623234            113.2             617974000        5456917.6
17:19:41.113 INFO  ProgressMeter -       chr17:58452040            113.4             618907000        5457118.5
17:19:51.121 INFO  ProgressMeter -       chr17:62243864            113.6             619836000        5457283.6
17:20:01.123 INFO  ProgressMeter -       chr17:65966077            113.7             620751000        5457330.0
17:20:11.127 INFO  ProgressMeter -       chr17:69765699            113.9             621675000        5457453.6
17:20:21.128 INFO  ProgressMeter -       chr17:73658065            114.1             622608000        5457658.1
17:20:31.132 INFO  ProgressMeter -       chr17:77336529            114.2             623539000        5457842.2
17:20:41.133 INFO  ProgressMeter -       chr17:81029546            114.4             624471000        5458036.8
17:20:51.136 INFO  ProgressMeter -         chr18:687556            114.6             625396000        5458168.2
17:21:01.139 INFO  ProgressMeter -        chr18:4490914            114.7             626325000        5458334.0
17:21:11.148 INFO  ProgressMeter -        chr18:8334803            114.9             627254000        5458494.7
17:21:21.148 INFO  ProgressMeter -       chr18:12069640            115.1             628176000        5458601.1
17:21:31.156 INFO  ProgressMeter -       chr18:15811584            115.2             629102000        5458735.7
17:21:41.156 INFO  ProgressMeter -       chr18:18870137            115.4             630067000        5459214.0
17:21:51.163 INFO  ProgressMeter -       chr18:22703579            115.6             631024000        5459616.3
17:22:01.170 INFO  ProgressMeter -       chr18:26539381            115.7             631954000        5459784.2
17:22:11.175 INFO  ProgressMeter -       chr18:30429673            115.9             632889000        5459997.0
17:22:21.179 INFO  ProgressMeter -       chr18:34304481            116.1             633818000        5460156.8
17:22:31.188 INFO  ProgressMeter -       chr18:38133974            116.2             634751000        5460347.3
17:22:41.188 INFO  ProgressMeter -       chr18:42010274            116.4             635682000        5460527.2
17:22:51.191 INFO  ProgressMeter -       chr18:45868753            116.6             636616000        5460730.8
17:23:01.196 INFO  ProgressMeter -       chr18:49662208            116.7             637554000        5460964.9
17:23:11.199 INFO  ProgressMeter -       chr18:53484428            116.9             638485000        5461140.8
17:23:21.209 INFO  ProgressMeter -       chr18:57354877            117.1             639421000        5461353.5
17:23:31.215 INFO  ProgressMeter -       chr18:61203167            117.2             640352000        5461526.0
17:23:41.222 INFO  ProgressMeter -       chr18:65033235            117.4             641283000        5461697.3
17:23:51.227 INFO  ProgressMeter -       chr18:68951099            117.6             642212000        5461852.6
17:24:01.232 INFO  ProgressMeter -       chr18:72842210            117.7             643145000        5462041.4
17:24:11.236 INFO  ProgressMeter -       chr18:76682364            117.9             644077000        5462222.0
17:24:21.240 INFO  ProgressMeter -       chr18:80495127            118.1             645011000        5462419.1
17:24:31.242 INFO  ProgressMeter -        chr19:3631982            118.2             645947000        5462634.0
17:24:41.247 INFO  ProgressMeter -        chr19:7391751            118.4             646874000        5462770.0
17:24:51.257 INFO  ProgressMeter -       chr19:11178108            118.6             647810000        5462977.7
17:25:01.263 INFO  ProgressMeter -       chr19:14967391            118.7             648742000        5463154.2
17:25:11.268 INFO  ProgressMeter -       chr19:18679266            118.9             649666000        5463263.6
17:25:21.272 INFO  ProgressMeter -       chr19:22425469            119.1             650595000        5463415.6
17:25:31.276 INFO  ProgressMeter -       chr19:26245245            119.2             651541000        5463709.6
17:25:41.280 INFO  ProgressMeter -       chr19:29746276            119.4             652560000        5464614.2
17:25:51.289 INFO  ProgressMeter -       chr19:33572800            119.6             653493000        5464793.2
17:26:01.296 INFO  ProgressMeter -       chr19:37370807            119.7             654424000        5464956.6
17:26:11.301 INFO  ProgressMeter -       chr19:41344863            119.9             655352000        5465096.0
17:26:21.308 INFO  ProgressMeter -       chr19:45075914            120.1             656285000        5465275.2
17:26:31.314 INFO  ProgressMeter -       chr19:48819147            120.2             657212000        5465405.5
17:26:41.317 INFO  ProgressMeter -       chr19:52741271            120.4             658146000        5465594.3
17:26:51.325 INFO  ProgressMeter -       chr19:56525005            120.6             659073000        5465721.5
17:27:01.334 INFO  ProgressMeter -       chr19:60333599            120.7             660009000        5465922.1
17:27:11.342 INFO  ProgressMeter -        chr20:2166021            120.9             660890000        5465668.1
17:27:21.349 INFO  ProgressMeter -        chr20:5918962            121.1             661825000        5465861.5
17:27:31.355 INFO  ProgressMeter -        chr20:9729568            121.3             662751000        5465980.9
17:27:41.356 INFO  ProgressMeter -       chr20:13543217            121.4             663676000        5466096.2
17:27:51.361 INFO  ProgressMeter -       chr20:17392266            121.6             664608000        5466264.3
17:28:01.372 INFO  ProgressMeter -       chr20:21173382            121.8             665532000        5466362.5
17:28:11.373 INFO  ProgressMeter -       chr20:24931722            121.9             666459000        5466492.5
17:28:21.379 INFO  ProgressMeter -       chr20:28115113            122.1             667374000        5466520.1
17:28:31.385 INFO  ProgressMeter -       chr20:31466244            122.3             668319000        5466793.0
17:28:41.387 INFO  ProgressMeter -       chr20:35196960            122.4             669233000        5466815.0
17:28:51.392 INFO  ProgressMeter -       chr20:38887054            122.6             670142000        5466793.8
17:29:01.399 INFO  ProgressMeter -       chr20:42434869            122.8             671023000        5466543.1
17:29:11.403 INFO  ProgressMeter -       chr20:46203580            122.9             671952000        5466685.9
17:29:21.413 INFO  ProgressMeter -       chr20:49964210            123.1             672874000        5466766.9
17:29:31.421 INFO  ProgressMeter -       chr20:53699958            123.3             673801000        5466889.8
17:29:41.430 INFO  ProgressMeter -       chr20:57535199            123.4             674729000        5467019.7
17:29:51.432 INFO  ProgressMeter -       chr20:61106583            123.6             675614000        5466806.5
17:30:01.435 INFO  ProgressMeter -       chr20:64714500            123.8             676516000        5466730.4
17:30:11.436 INFO  ProgressMeter -        chr21:3375956            123.9             677449000        5466906.3
17:30:21.440 INFO  ProgressMeter -        chr21:6918527            124.1             678383000        5467087.5
17:30:31.441 INFO  ProgressMeter -       chr21:10967104            124.3             679307000        5467189.9
17:30:41.448 INFO  ProgressMeter -       chr21:13363982            124.4             680236000        5467327.8
17:30:51.452 INFO  ProgressMeter -       chr21:17232239            124.6             681162000        5467443.5
17:31:01.453 INFO  ProgressMeter -       chr21:21164055            124.8             682098000        5467642.0
17:31:11.458 INFO  ProgressMeter -       chr21:25069750            124.9             683030000        5467803.5
17:31:21.468 INFO  ProgressMeter -       chr21:28952580            125.1             683964000        5467978.5
17:31:31.469 INFO  ProgressMeter -       chr21:32729137            125.3             684891000        5468102.1
17:31:41.479 INFO  ProgressMeter -       chr21:36535274            125.4             685823000        5468259.5
17:31:51.479 INFO  ProgressMeter -       chr21:40305714            125.6             686752000        5468399.8
17:32:01.480 INFO  ProgressMeter -       chr21:43970132            125.8             687683000        5468555.0
17:32:11.483 INFO  ProgressMeter -        chr22:3101453            125.9             688634000        5468867.1
17:32:21.486 INFO  ProgressMeter -        chr22:5474014            126.1             689573000        5469083.2
17:32:31.493 INFO  ProgressMeter -       chr22:10641636            126.3             690500000        5469201.5
17:32:41.492 INFO  ProgressMeter -       chr22:14447817            126.4             691427000        5469323.9
17:32:51.498 INFO  ProgressMeter -       chr22:18005561            126.6             692346000        5469378.4
17:33:01.507 INFO  ProgressMeter -       chr22:21510155            126.8             693274000        5469501.6
17:33:11.515 INFO  ProgressMeter -       chr22:25061504            126.9             694204000        5469640.9
17:33:21.519 INFO  ProgressMeter -       chr22:28826991            127.1             695135000        5469790.7
17:33:31.527 INFO  ProgressMeter -       chr22:32467901            127.3             696042000        5469748.5
17:33:41.531 INFO  ProgressMeter -       chr22:36271974            127.4             696977000        5469929.1
17:33:51.531 INFO  ProgressMeter -       chr22:39829492            127.6             697871000        5469790.7
17:34:01.538 INFO  ProgressMeter -       chr22:43392383            127.8             698760000        5469608.6
17:34:11.547 INFO  ProgressMeter -       chr22:46950045            127.9             699654000        5469464.6
17:34:21.551 INFO  ProgressMeter -       chr22:50536756            128.1             700549000        5469332.3
17:34:31.561 INFO  ProgressMeter -         chrX:3711173            128.3             701465000        5469359.9
17:34:41.571 INFO  ProgressMeter -        chrX:11375121            128.4             702391000        5469465.2
17:34:51.635 INFO  ProgressMeter -        chrX:18658603            128.6             703285000        5469283.1
17:35:01.636 INFO  ProgressMeter -        chrX:26229717            128.8             704205000        5469348.1
17:35:11.638 INFO  ProgressMeter -        chrX:33960674            128.9             705131000        5469458.7
17:35:21.646 INFO  ProgressMeter -        chrX:41514023            129.1             706055000        5469549.3
17:35:31.652 INFO  ProgressMeter -        chrX:49064650            129.3             706982000        5469664.3
17:35:41.654 INFO  ProgressMeter -        chrX:56567105            129.4             707896000        5469681.3
17:35:51.656 INFO  ProgressMeter -        chrX:64169824            129.6             708801000        5469628.9
17:36:01.656 INFO  ProgressMeter -        chrX:71408620            129.8             709692000        5469470.1
17:36:11.660 INFO  ProgressMeter -        chrX:78920570            129.9             710607000        5469493.6
17:36:21.661 INFO  ProgressMeter -        chrX:86461100            130.1             711516000        5469473.0
17:36:31.664 INFO  ProgressMeter -        chrX:94056746            130.3             712426000        5469459.5
17:36:41.671 INFO  ProgressMeter -       chrX:101658551            130.4             713346000        5469518.5
17:36:51.680 INFO  ProgressMeter -       chrX:109235822            130.6             714269000        5469600.3
17:37:01.681 INFO  ProgressMeter -       chrX:116889894            130.8             715194000        5469701.4
17:37:11.685 INFO  ProgressMeter -       chrX:124540268            130.9             716124000        5469839.0
17:37:21.691 INFO  ProgressMeter -       chrX:132132406            131.1             717051000        5469952.7
17:37:31.692 INFO  ProgressMeter -       chrX:139764235            131.3             717975000        5470045.4
17:37:41.701 INFO  ProgressMeter -       chrX:147445460            131.4             718905000        5470178.6
17:37:51.706 INFO  ProgressMeter -         chrY:2751587            131.6             719830000        5470276.2
17:38:01.711 INFO  ProgressMeter -        chrY:10623240            131.8             720756000        5470381.9
17:38:11.710 INFO  ProgressMeter -        chrY:18345444            131.9             721683000        5470497.6
17:38:21.719 INFO  ProgressMeter -        chrY:25835817            132.1             722612000        5470622.0
17:38:31.724 INFO  ProgressMeter -        chrY:35652082            132.3             723485000        5470325.4
17:38:41.731 INFO  ProgressMeter -        chrY:53747369            132.4             724412000        5470436.0
17:38:51.731 INFO  ProgressMeter -           chrM:11268            132.6             725351000        5470641.6
17:38:57.067 INFO  ApplyBQSR - 0 read(s) filtered by: WellformedReadFilter 

17:38:57.067 INFO  ProgressMeter -             unmapped            132.7             725855197        5470774.8
17:38:57.067 INFO  ProgressMeter - Traversal complete. Processed 725855197 total reads in 132.7 minutes.
17:38:57.116 INFO  ApplyBQSR - Shutting down engine
[June 21, 2024 at 5:38:57 PM CEST] org.broadinstitute.hellbender.tools.walkers.bqsr.ApplyBQSR done. Elapsed time: 132.68 minutes.
Runtime.totalMemory()=285212672
