INFO  @ Fri, 05 Jul 2024 19:28:35: 
# Command line: callpeak -t results/samtools/P019/P019_atac.bam -f BAM -g 3117292070 -n P019 --outdir results/macs2/P019
# ARGUMENTS LIST:
# name = P019
# format = BAM
# ChIP-seq file = ['results/samtools/P019/P019_atac.bam']
# control file = None
# effective genome size = 3.12e+09
# band width = 300
# model fold = [5, 50]
# qvalue cutoff = 5.00e-02
# The maximum gap between significant sites is assigned as the read length/tag size.
# The minimum length of peaks is assigned as the predicted fragment length "d".
# Larger dataset will be scaled towards smaller dataset.
# Range for calculating regional lambda is: 10000 bps
# Broad region calling is off
# Paired-End mode is off
 
INFO  @ Fri, 05 Jul 2024 19:28:35: #1 read tag files... 
INFO  @ Fri, 05 Jul 2024 19:28:35: #1 read treatment tags... 
INFO  @ Fri, 05 Jul 2024 19:28:54:  1000000 
INFO  @ Fri, 05 Jul 2024 19:29:17:  2000000 
INFO  @ Fri, 05 Jul 2024 19:29:41:  3000000 
INFO  @ Fri, 05 Jul 2024 19:30:00:  4000000 
INFO  @ Fri, 05 Jul 2024 19:30:26:  5000000 
INFO  @ Fri, 05 Jul 2024 19:30:48:  6000000 
INFO  @ Fri, 05 Jul 2024 19:31:07:  7000000 
INFO  @ Fri, 05 Jul 2024 19:31:28:  8000000 
INFO  @ Fri, 05 Jul 2024 19:31:53:  9000000 
INFO  @ Fri, 05 Jul 2024 19:32:23:  10000000 
INFO  @ Fri, 05 Jul 2024 19:32:53:  11000000 
INFO  @ Fri, 05 Jul 2024 19:33:20:  12000000 
INFO  @ Fri, 05 Jul 2024 19:33:51:  13000000 
INFO  @ Fri, 05 Jul 2024 19:34:15:  14000000 
INFO  @ Fri, 05 Jul 2024 19:34:36:  15000000 
INFO  @ Fri, 05 Jul 2024 19:35:08:  16000000 
INFO  @ Fri, 05 Jul 2024 19:35:43:  17000000 
INFO  @ Fri, 05 Jul 2024 19:36:15:  18000000 
INFO  @ Fri, 05 Jul 2024 19:36:43:  19000000 
INFO  @ Fri, 05 Jul 2024 19:37:04:  20000000 
INFO  @ Fri, 05 Jul 2024 19:37:25:  21000000 
INFO  @ Fri, 05 Jul 2024 19:37:44:  22000000 
INFO  @ Fri, 05 Jul 2024 19:38:02:  23000000 
INFO  @ Fri, 05 Jul 2024 19:38:19:  24000000 
INFO  @ Fri, 05 Jul 2024 19:38:29:  25000000 
INFO  @ Fri, 05 Jul 2024 19:38:40:  26000000 
INFO  @ Fri, 05 Jul 2024 19:38:45:  27000000 
INFO  @ Fri, 05 Jul 2024 19:38:52:  28000000 
INFO  @ Fri, 05 Jul 2024 19:38:59:  29000000 
INFO  @ Fri, 05 Jul 2024 19:39:07:  30000000 
INFO  @ Fri, 05 Jul 2024 19:39:13:  31000000 
INFO  @ Fri, 05 Jul 2024 19:39:17:  32000000 
INFO  @ Fri, 05 Jul 2024 19:39:21:  33000000 
INFO  @ Fri, 05 Jul 2024 19:39:25:  34000000 
INFO  @ Fri, 05 Jul 2024 19:39:29:  35000000 
INFO  @ Fri, 05 Jul 2024 19:39:33:  36000000 
INFO  @ Fri, 05 Jul 2024 19:39:38:  37000000 
INFO  @ Fri, 05 Jul 2024 19:39:42:  38000000 
INFO  @ Fri, 05 Jul 2024 19:39:46:  39000000 
INFO  @ Fri, 05 Jul 2024 19:39:50:  40000000 
INFO  @ Fri, 05 Jul 2024 19:39:54:  41000000 
INFO  @ Fri, 05 Jul 2024 19:39:58:  42000000 
INFO  @ Fri, 05 Jul 2024 19:40:02:  43000000 
INFO  @ Fri, 05 Jul 2024 19:40:06:  44000000 
INFO  @ Fri, 05 Jul 2024 19:40:10:  45000000 
INFO  @ Fri, 05 Jul 2024 19:40:14:  46000000 
INFO  @ Fri, 05 Jul 2024 19:40:18:  47000000 
INFO  @ Fri, 05 Jul 2024 19:40:22:  48000000 
INFO  @ Fri, 05 Jul 2024 19:40:26:  49000000 
INFO  @ Fri, 05 Jul 2024 19:40:30:  50000000 
INFO  @ Fri, 05 Jul 2024 19:40:34:  51000000 
INFO  @ Fri, 05 Jul 2024 19:40:38:  52000000 
INFO  @ Fri, 05 Jul 2024 19:40:42:  53000000 
INFO  @ Fri, 05 Jul 2024 19:40:46:  54000000 
INFO  @ Fri, 05 Jul 2024 19:40:50:  55000000 
INFO  @ Fri, 05 Jul 2024 19:40:55: 55532222 reads have been read. 
INFO  @ Fri, 05 Jul 2024 19:40:55: #1 tag size is determined as 87 bps 
INFO  @ Fri, 05 Jul 2024 19:40:55: #1 tag size = 87.0 
INFO  @ Fri, 05 Jul 2024 19:40:55: #1  total tags in treatment: 55532222 
INFO  @ Fri, 05 Jul 2024 19:40:55: #1 user defined the maximum tags... 
INFO  @ Fri, 05 Jul 2024 19:40:55: #1 filter out redundant tags at the same location and the same strand by allowing at most 1 tag(s) 
INFO  @ Fri, 05 Jul 2024 19:40:55: #1  tags after filtering in treatment: 45099090 
INFO  @ Fri, 05 Jul 2024 19:40:55: #1  Redundant rate of treatment: 0.19 
INFO  @ Fri, 05 Jul 2024 19:40:55: #1 finished! 
INFO  @ Fri, 05 Jul 2024 19:40:55: #2 Build Peak Model... 
INFO  @ Fri, 05 Jul 2024 19:40:55: #2 looking for paired plus/minus strand peaks... 
INFO  @ Fri, 05 Jul 2024 19:41:00: #2 number of paired peaks: 13780 
INFO  @ Fri, 05 Jul 2024 19:41:00: start model_add_line... 
INFO  @ Fri, 05 Jul 2024 19:41:01: start X-correlation... 
INFO  @ Fri, 05 Jul 2024 19:41:01: end of X-cor 
INFO  @ Fri, 05 Jul 2024 19:41:01: #2 finished! 
INFO  @ Fri, 05 Jul 2024 19:41:01: #2 predicted fragment length is 86 bps 
INFO  @ Fri, 05 Jul 2024 19:41:01: #2 alternative fragment length(s) may be 86 bps 
INFO  @ Fri, 05 Jul 2024 19:41:01: #2.2 Generate R script for model : results/macs2/P019/P019_model.r 
WARNING @ Fri, 05 Jul 2024 19:41:01: #2 Since the d (86) calculated from paired-peaks are smaller than 2*tag length, it may be influenced by unknown sequencing problem! 
WARNING @ Fri, 05 Jul 2024 19:41:01: #2 You may need to consider one of the other alternative d(s): 86 
WARNING @ Fri, 05 Jul 2024 19:41:01: #2 You can restart the process with --nomodel --extsize XXX with your choice or an arbitrary number. Nontheless, MACS will continute computing. 
INFO  @ Fri, 05 Jul 2024 19:41:01: #3 Call peaks... 
INFO  @ Fri, 05 Jul 2024 19:41:01: #3 Pre-compute pvalue-qvalue table... 
INFO  @ Fri, 05 Jul 2024 19:42:34: #3 Call peaks for each chromosome... 
INFO  @ Fri, 05 Jul 2024 19:43:22: #4 Write output xls file... results/macs2/P019/P019_peaks.xls 
INFO  @ Fri, 05 Jul 2024 19:43:22: #4 Write peak in narrowPeak format file... results/macs2/P019/P019_peaks.narrowPeak 
INFO  @ Fri, 05 Jul 2024 19:43:23: #4 Write summits bed file... results/macs2/P019/P019_summits.bed 
INFO  @ Fri, 05 Jul 2024 19:43:23: Done! 
