May 06, 2024 4:58:41 PM com.intel.gkl.NativeLibraryLoader load
INFO: Loading libgkl_compression.so from jar:file:/lustre1/project/stg_00096/home/rdewin/system/miniconda/envs/WGS/share/picard-3.1.1-0/picard.jar!/com/intel/gkl/native/libgkl_compression.so
[Mon May 06 16:58:41 CEST 2024] LiftoverVcf --INPUT results/mutect2/P024/P024_pass_variants.vcf --OUTPUT results/mutect2/P024/P024_pass_variants_lifted.vcf --CHAIN resources/liftover/chm13v2-to-grch38.chain --REJECT results/mutect2/P024/P024_pass_variants_unlifted.vcf --LIFTOVER_MIN_MATCH 0.95 --REFERENCE_SEQUENCE resources/GRCh38/GRCh38.fasta --WARN_ON_MISSING_CONTIG false --LOG_FAILED_INTERVALS true --WRITE_ORIGINAL_POSITION false --WRITE_ORIGINAL_ALLELES false --ALLOW_MISSING_FIELDS_IN_HEADER false --RECOVER_SWAPPED_REF_ALT false --TAGS_TO_REVERSE AF --TAGS_TO_DROP MAX_AF --DISABLE_SORT false --VERBOSITY INFO --QUIET false --VALIDATION_STRINGENCY STRICT --COMPRESSION_LEVEL 5 --MAX_RECORDS_IN_RAM 500000 --CREATE_INDEX false --CREATE_MD5_FILE false --help false --version false --showHidden false --USE_JDK_DEFLATER false --USE_JDK_INFLATER false
[Mon May 06 16:58:42 CEST 2024] Executing as vsc35407@g28l17 on Linux 4.18.0-513.24.1.el8_9.x86_64 amd64; OpenJDK 64-Bit Server VM 17.0.10-internal+0-adhoc..src; Deflater: Intel; Inflater: Intel; Provider GCS is available; Picard version: Version:3.1.1
INFO	2024-05-06 16:58:43	LiftoverVcf	Loading up the target reference genome.
INFO	2024-05-06 16:58:55	LiftoverVcf	Lifting variants over and sorting (not yet writing the output file.)
INFO	2024-05-06 16:58:56	LiftOver	Interval chr1:36995846-36995867 failed to match chain 0 because intersection length 13 < minMatchSize 20.9 (0.59090906 < 0.95)
INFO	2024-05-06 16:58:56	LiftOver	Interval chr1:234628542-234628561 failed to match chain 0 because intersection length 5 < minMatchSize 19.0 (0.25 < 0.95)
INFO	2024-05-06 16:58:56	LiftOver	Interval chr2:59086775-59086786 failed to match chain 0 because intersection length 11 < minMatchSize 11.399999999999999 (0.9166667 < 0.95)
INFO	2024-05-06 16:58:56	LiftOver	Interval chr2:98869000-98869002 failed to match chain 0 because intersection length 2 < minMatchSize 2.8499999999999996 (0.6666667 < 0.95)
INFO	2024-05-06 16:58:56	LiftOver	Interval chr2:141631972-141631988 failed to match chain 0 because intersection length 15 < minMatchSize 16.15 (0.88235295 < 0.95)
INFO	2024-05-06 16:58:56	LiftOver	Interval chr2:212854493-212854507 failed to match chain 0 because intersection length 5 < minMatchSize 14.25 (0.33333334 < 0.95)
INFO	2024-05-06 16:58:56	LiftOver	Interval chr2:212854528-212854542 failed to match chain 0 because intersection length 13 < minMatchSize 14.25 (0.8666667 < 0.95)
INFO	2024-05-06 16:58:56	LiftOver	Interval chr2:218902289-218902305 failed to match chain 0 because intersection length 3 < minMatchSize 16.15 (0.1764706 < 0.95)
INFO	2024-05-06 16:58:56	LiftOver	Interval chr3:144982570-144982580 failed to match chain 0 because intersection length 9 < minMatchSize 10.45 (0.8181818 < 0.95)
INFO	2024-05-06 16:58:56	LiftOver	Interval chr4:3542632-3542690 failed to match chain 0 because intersection length 31 < minMatchSize 56.05 (0.5254237 < 0.95)
INFO	2024-05-06 16:58:56	LiftOver	Interval chr5:26340624-26340701 failed to match chain 0 because intersection length 4 < minMatchSize 74.1 (0.051282052 < 0.95)
INFO	2024-05-06 16:58:56	LiftOver	Interval chr5:131318860-131318901 failed to match chain 0 because intersection length 1 < minMatchSize 39.9 (0.023809524 < 0.95)
INFO	2024-05-06 16:58:56	LiftOver	Interval chr6:70284818-70284822 failed to match chain 0 because intersection length 2 < minMatchSize 4.75 (0.4 < 0.95)
INFO	2024-05-06 16:58:56	LiftOver	Interval chr7:33113290-33113294 failed to match chain 0 because intersection length 3 < minMatchSize 4.75 (0.6 < 0.95)
INFO	2024-05-06 16:58:56	LiftOver	Interval chr7:139818395-139818461 failed to match chain 0 because intersection length 57 < minMatchSize 63.65 (0.8507463 < 0.95)
INFO	2024-05-06 16:58:56	LiftOver	Interval chr8:116503817-116503905 failed to match chain 0 because intersection length 1 < minMatchSize 84.55 (0.011235955 < 0.95)
INFO	2024-05-06 16:58:56	LiftOver	Interval chr8:120198048-120198074 failed to match chain 0 because intersection length 9 < minMatchSize 25.65 (0.33333334 < 0.95)
INFO	2024-05-06 16:58:56	LiftOver	Interval chr8:142047938-142047949 failed to match chain 0 because intersection length 5 < minMatchSize 11.399999999999999 (0.41666666 < 0.95)
INFO	2024-05-06 16:58:56	LiftOver	Interval chr9:128723100-128723104 failed to match chain 0 because intersection length 3 < minMatchSize 4.75 (0.6 < 0.95)
INFO	2024-05-06 16:58:56	LiftOver	Interval chr9:149921003-149921082 failed to match chain 0 because intersection length 13 < minMatchSize 76.0 (0.1625 < 0.95)
INFO	2024-05-06 16:58:56	LiftOver	Interval chr10:27591130-27591138 failed to match chain 0 because intersection length 5 < minMatchSize 8.549999999999999 (0.5555556 < 0.95)
INFO	2024-05-06 16:58:56	LiftOver	Interval chr10:93775771-93775779 failed to match chain 0 because intersection length 8 < minMatchSize 8.549999999999999 (0.8888889 < 0.95)
INFO	2024-05-06 16:58:56	LiftOver	Interval chr10:128291602-128291716 failed to match chain 0 because intersection length 70 < minMatchSize 109.25 (0.6086956 < 0.95)
INFO	2024-05-06 16:58:56	LiftOver	Interval chr11:115353807-115353813 failed to match chain 0 because intersection length 2 < minMatchSize 6.6499999999999995 (0.2857143 < 0.95)
INFO	2024-05-06 16:58:56	LiftOver	Interval chr12:23939637-23939649 failed to match chain 0 because intersection length 1 < minMatchSize 12.35 (0.07692308 < 0.95)
INFO	2024-05-06 16:58:56	LiftOver	Interval chr12:61934336-61934359 failed to match chain 0 because intersection length 21 < minMatchSize 22.799999999999997 (0.875 < 0.95)
INFO	2024-05-06 16:58:56	LiftOver	Interval chr13:103745226-103745274 failed to match chain 0 because intersection length 39 < minMatchSize 46.55 (0.79591835 < 0.95)
INFO	2024-05-06 16:58:56	LiftOver	Interval chr16:6508398-6508414 failed to match chain 0 because intersection length 10 < minMatchSize 16.15 (0.5882353 < 0.95)
INFO	2024-05-06 16:58:56	LiftOver	Interval chr16:7607580-7607582 failed to match chain 0 because intersection length 2 < minMatchSize 2.8499999999999996 (0.6666667 < 0.95)
INFO	2024-05-06 16:58:56	LiftOver	Interval chr16:68091746-68091762 failed to match chain 0 because intersection length 2 < minMatchSize 16.15 (0.11764706 < 0.95)
INFO	2024-05-06 16:58:56	LiftOver	Interval chr17:20481520-20481586 failed to match chain 0 because intersection length 11 < minMatchSize 63.65 (0.1641791 < 0.95)
INFO	2024-05-06 16:58:56	LiftOver	Interval chr18:26000596-26000598 failed to match chain 0 because intersection length 2 < minMatchSize 2.8499999999999996 (0.6666667 < 0.95)
INFO	2024-05-06 16:58:56	LiftOver	Interval chr19:32757500-32757502 failed to match chain 0 because intersection length 2 < minMatchSize 2.8499999999999996 (0.6666667 < 0.95)
INFO	2024-05-06 16:58:56	LiftOver	Interval chr19:34870155-34870156 failed to match chain 0 because intersection length 1 < minMatchSize 1.9 (0.5 < 0.95)
INFO	2024-05-06 16:58:56	LiftOver	Interval chr19:57025082-57025085 failed to match chain 0 because intersection length 3 < minMatchSize 3.8 (0.75 < 0.95)
INFO	2024-05-06 16:58:56	LiftOver	Interval chr21:41003146-41003150 failed to match chain 0 because intersection length 1 < minMatchSize 4.75 (0.2 < 0.95)
INFO	2024-05-06 16:58:56	LiftOver	Interval chr22:35244448-35244451 failed to match chain 0 because intersection length 2 < minMatchSize 3.8 (0.5 < 0.95)
INFO	2024-05-06 16:58:56	LiftOver	Interval chrY:21204095-21204220 failed to match chain 0 because intersection length 8 < minMatchSize 119.69999999999999 (0.06349207 < 0.95)
INFO	2024-05-06 16:58:56	LiftoverVcf	Processed 6764 variants.
INFO	2024-05-06 16:58:56	LiftoverVcf	1155 variants failed to liftover.
INFO	2024-05-06 16:58:56	LiftoverVcf	81 variants lifted over but had mismatching reference alleles after lift over.
INFO	2024-05-06 16:58:56	LiftoverVcf	18.2732% of variants were not successfully lifted over and written to the output.
INFO	2024-05-06 16:58:56	LiftoverVcf	liftover success by source contig:
INFO	2024-05-06 16:58:56	LiftoverVcf	chr1: 376 / 486 (77.3663%)
INFO	2024-05-06 16:58:56	LiftoverVcf	chr10: 304 / 348 (87.3563%)
INFO	2024-05-06 16:58:56	LiftoverVcf	chr11: 349 / 375 (93.0667%)
INFO	2024-05-06 16:58:56	LiftoverVcf	chr12: 242 / 257 (94.1634%)
INFO	2024-05-06 16:58:56	LiftoverVcf	chr13: 250 / 297 (84.1751%)
INFO	2024-05-06 16:58:56	LiftoverVcf	chr14: 155 / 232 (66.8103%)
INFO	2024-05-06 16:58:56	LiftoverVcf	chr15: 115 / 162 (70.9877%)
INFO	2024-05-06 16:58:56	LiftoverVcf	chr16: 188 / 212 (88.6792%)
INFO	2024-05-06 16:58:56	LiftoverVcf	chr17: 152 / 180 (84.4444%)
INFO	2024-05-06 16:58:56	LiftoverVcf	chr18: 217 / 253 (85.7708%)
INFO	2024-05-06 16:58:56	LiftoverVcf	chr19: 240 / 291 (82.4742%)
INFO	2024-05-06 16:58:56	LiftoverVcf	chr2: 384 / 448 (85.7143%)
INFO	2024-05-06 16:58:56	LiftoverVcf	chr20: 102 / 134 (76.1194%)
INFO	2024-05-06 16:58:56	LiftoverVcf	chr21: 64 / 138 (46.3768%)
INFO	2024-05-06 16:58:56	LiftoverVcf	chr22: 100 / 177 (56.4972%)
INFO	2024-05-06 16:58:56	LiftoverVcf	chr3: 298 / 334 (89.2216%)
INFO	2024-05-06 16:58:56	LiftoverVcf	chr4: 313 / 341 (91.7889%)
INFO	2024-05-06 16:58:56	LiftoverVcf	chr5: 288 / 326 (88.3436%)
INFO	2024-05-06 16:58:56	LiftoverVcf	chr6: 272 / 282 (96.4539%)
INFO	2024-05-06 16:58:56	LiftoverVcf	chr7: 282 / 328 (85.9756%)
INFO	2024-05-06 16:58:56	LiftoverVcf	chr8: 344 / 359 (95.8217%)
INFO	2024-05-06 16:58:56	LiftoverVcf	chr9: 214 / 466 (45.9227%)
INFO	2024-05-06 16:58:56	LiftoverVcf	chrM: 0 / 20 (0.0000%)
INFO	2024-05-06 16:58:56	LiftoverVcf	chrX: 225 / 228 (98.6842%)
INFO	2024-05-06 16:58:56	LiftoverVcf	chrY: 54 / 90 (60.0000%)
INFO	2024-05-06 16:58:56	LiftoverVcf	lifted variants by target contig:
INFO	2024-05-06 16:58:56	LiftoverVcf	chr1: 376
INFO	2024-05-06 16:58:56	LiftoverVcf	chr10: 304
INFO	2024-05-06 16:58:56	LiftoverVcf	chr11: 349
INFO	2024-05-06 16:58:56	LiftoverVcf	chr12: 242
INFO	2024-05-06 16:58:56	LiftoverVcf	chr13: 250
INFO	2024-05-06 16:58:56	LiftoverVcf	chr14: 155
INFO	2024-05-06 16:58:56	LiftoverVcf	chr15: 115
INFO	2024-05-06 16:58:56	LiftoverVcf	chr16: 188
INFO	2024-05-06 16:58:56	LiftoverVcf	chr17: 152
INFO	2024-05-06 16:58:56	LiftoverVcf	chr18: 217
INFO	2024-05-06 16:58:56	LiftoverVcf	chr19: 240
INFO	2024-05-06 16:58:56	LiftoverVcf	chr2: 384
INFO	2024-05-06 16:58:56	LiftoverVcf	chr20: 102
INFO	2024-05-06 16:58:56	LiftoverVcf	chr21: 64
INFO	2024-05-06 16:58:56	LiftoverVcf	chr22: 100
INFO	2024-05-06 16:58:56	LiftoverVcf	chr3: 298
INFO	2024-05-06 16:58:56	LiftoverVcf	chr4: 313
INFO	2024-05-06 16:58:56	LiftoverVcf	chr5: 288
INFO	2024-05-06 16:58:56	LiftoverVcf	chr6: 272
INFO	2024-05-06 16:58:56	LiftoverVcf	chr7: 282
INFO	2024-05-06 16:58:56	LiftoverVcf	chr8: 344
INFO	2024-05-06 16:58:56	LiftoverVcf	chr9: 214
INFO	2024-05-06 16:58:56	LiftoverVcf	chrX: 225
INFO	2024-05-06 16:58:56	LiftoverVcf	chrY: 54
WARNING	2024-05-06 16:58:56	LiftoverVcf	54 variants with a swapped REF/ALT were identified, but were not recovered.  See RECOVER_SWAPPED_REF_ALT and associated caveats.
INFO	2024-05-06 16:58:56	LiftoverVcf	Writing out sorted records to final VCF.
[Mon May 06 16:58:57 CEST 2024] picard.vcf.LiftoverVcf done. Elapsed time: 0.26 minutes.
Runtime.totalMemory()=4294967296
