Using GATK jar /lustre1/project/stg_00096/home/rdewin/system/miniconda/envs/WGS/share/gatk4-4.5.0.0-0/gatk-package-4.5.0.0-local.jar
Running:
    java -Dsamjdk.use_async_io_read_samtools=false -Dsamjdk.use_async_io_write_samtools=true -Dsamjdk.use_async_io_write_tribble=false -Dsamjdk.compression_level=2 -jar /lustre1/project/stg_00096/home/rdewin/system/miniconda/envs/WGS/share/gatk4-4.5.0.0-0/gatk-package-4.5.0.0-local.jar GetPileupSummaries -I results/recal/P024/P024_dna_normal_recal.bam -L resources/filtered_gnomad_chr.vcf.gz -V resources/filtered_gnomad_chr.vcf.gz -O results/mutect2/P024/P024_normal_pileup_summaries.table
13:59:58.690 INFO  NativeLibraryLoader - Loading libgkl_compression.so from jar:file:/lustre1/project/stg_00096/home/rdewin/system/miniconda/envs/WGS/share/gatk4-4.5.0.0-0/gatk-package-4.5.0.0-local.jar!/com/intel/gkl/native/libgkl_compression.so
13:59:58.875 INFO  GetPileupSummaries - ------------------------------------------------------------
13:59:58.877 INFO  GetPileupSummaries - The Genome Analysis Toolkit (GATK) v4.5.0.0
13:59:58.877 INFO  GetPileupSummaries - For support and documentation go to https://software.broadinstitute.org/gatk/
13:59:58.878 INFO  GetPileupSummaries - Executing as vsc35407@g28l12 on Linux v4.18.0-513.24.1.el8_9.x86_64 amd64
13:59:58.878 INFO  GetPileupSummaries - Java runtime: OpenJDK 64-Bit Server VM v17.0.10-internal+0-adhoc..src
13:59:58.878 INFO  GetPileupSummaries - Start Date/Time: July 14, 2024 at 1:59:58 PM CEST
13:59:58.878 INFO  GetPileupSummaries - ------------------------------------------------------------
13:59:58.878 INFO  GetPileupSummaries - ------------------------------------------------------------
13:59:58.879 INFO  GetPileupSummaries - HTSJDK Version: 4.1.0
13:59:58.879 INFO  GetPileupSummaries - Picard Version: 3.1.1
13:59:58.879 INFO  GetPileupSummaries - Built for Spark Version: 3.5.0
13:59:58.879 INFO  GetPileupSummaries - HTSJDK Defaults.COMPRESSION_LEVEL : 2
13:59:58.879 INFO  GetPileupSummaries - HTSJDK Defaults.USE_ASYNC_IO_READ_FOR_SAMTOOLS : false
13:59:58.879 INFO  GetPileupSummaries - HTSJDK Defaults.USE_ASYNC_IO_WRITE_FOR_SAMTOOLS : true
13:59:58.880 INFO  GetPileupSummaries - HTSJDK Defaults.USE_ASYNC_IO_WRITE_FOR_TRIBBLE : false
13:59:58.880 INFO  GetPileupSummaries - Deflater: IntelDeflater
13:59:58.880 INFO  GetPileupSummaries - Inflater: IntelInflater
13:59:58.880 INFO  GetPileupSummaries - GCS max retries/reopens: 20
13:59:58.880 INFO  GetPileupSummaries - Requester pays: disabled
13:59:58.880 INFO  GetPileupSummaries - Initializing engine
13:59:58.988 INFO  FeatureManager - Using codec VCFCodec to read file file:///lustre1/project/stg_00096/home/rdewin/WGS/resources/filtered_gnomad_chr.vcf.gz
13:59:59.090 INFO  FeatureManager - Using codec VCFCodec to read file file:///lustre1/project/stg_00096/home/rdewin/WGS/resources/filtered_gnomad_chr.vcf.gz
14:01:23.891 INFO  IntervalArgumentCollection - Processing 8916026 bp from intervals
14:01:24.089 INFO  GetPileupSummaries - Done initializing engine
14:01:24.097 INFO  ProgressMeter - Starting traversal
14:01:24.097 INFO  ProgressMeter -        Current Locus  Elapsed Minutes        Loci Processed      Loci/Minute
14:02:03.973 INFO  ProgressMeter -          chr1:249690              0.7                  1000           1504.8
14:02:14.111 INFO  ProgressMeter -         chr1:5084663              0.8                 22000          26392.6
14:02:24.568 INFO  ProgressMeter -        chr1:10822589              1.0                 41000          40680.7
14:02:34.866 INFO  ProgressMeter -        chr1:15979967              1.2                 62000          52565.4
14:02:45.244 INFO  ProgressMeter -        chr1:21844360              1.4                 81000          59891.3
14:02:55.248 INFO  ProgressMeter -        chr1:28057847              1.5                 98000          64509.1
14:03:05.343 INFO  ProgressMeter -        chr1:34254002              1.7                115000          68151.5
14:03:15.445 INFO  ProgressMeter -        chr1:40184825              1.9                132000          71128.4
14:03:25.511 INFO  ProgressMeter -        chr1:46366593              2.0                147000          72644.6
14:03:35.618 INFO  ProgressMeter -        chr1:52535286              2.2                162000          73904.5
14:03:45.758 INFO  ProgressMeter -        chr1:57869759              2.4                179000          75814.8
14:03:55.931 INFO  ProgressMeter -        chr1:63188769              2.5                195000          77057.8
14:04:05.997 INFO  ProgressMeter -        chr1:68623158              2.7                210000          77826.3
14:04:16.576 INFO  ProgressMeter -        chr1:74965749              2.9                225000          78270.4
14:04:26.835 INFO  ProgressMeter -        chr1:80434010              3.0                241000          79130.1
14:04:37.328 INFO  ProgressMeter -        chr1:86003904              3.2                257000          79801.3
14:04:47.732 INFO  ProgressMeter -        chr1:91941968              3.4                273000          80438.0
14:04:58.224 INFO  ProgressMeter -        chr1:98154712              3.6                288000          80700.1
14:05:08.960 INFO  ProgressMeter -       chr1:103940608              3.7                305000          81383.2
14:05:18.988 INFO  ProgressMeter -       chr1:109210046              3.9                321000          81995.5
14:05:29.201 INFO  ProgressMeter -       chr1:115151892              4.1                337000          82495.9
14:05:39.246 INFO  ProgressMeter -       chr1:120872633              4.3                354000          83245.8
14:05:49.323 INFO  ProgressMeter -       chr1:147247095              4.4                373000          84380.9
14:05:59.726 INFO  ProgressMeter -       chr1:153077408              4.6                391000          85114.7
14:06:10.154 INFO  ProgressMeter -       chr1:159175221              4.8                408000          85577.6
14:06:20.616 INFO  ProgressMeter -       chr1:164929660              4.9                425000          85997.9
14:06:30.649 INFO  ProgressMeter -       chr1:170175672              5.1                441000          86314.9
14:06:40.812 INFO  ProgressMeter -       chr1:176113453              5.3                456000          86386.8
14:06:51.180 INFO  ProgressMeter -       chr1:182036502              5.5                472000          86583.5
14:07:01.685 INFO  ProgressMeter -       chr1:188013631              5.6                488000          86733.2
14:07:11.825 INFO  ProgressMeter -       chr1:193459665              5.8                504000          86964.8
14:07:21.878 INFO  ProgressMeter -       chr1:198821557              6.0                519000          87036.7
14:07:32.230 INFO  ProgressMeter -       chr1:204881755              6.1                536000          87360.0
14:07:42.292 INFO  ProgressMeter -       chr1:210332901              6.3                552000          87573.9
14:07:52.826 INFO  ProgressMeter -       chr1:215928237              6.5                569000          87824.7
14:08:03.009 INFO  ProgressMeter -       chr1:221500181              6.6                585000          87989.6
14:08:13.038 INFO  ProgressMeter -       chr1:227044714              6.8                601000          88179.2
14:08:23.164 INFO  ProgressMeter -       chr1:232747996              7.0                618000          88482.5
14:08:33.314 INFO  ProgressMeter -       chr1:237922125              7.2                635000          88766.5
14:08:43.691 INFO  ProgressMeter -       chr1:243296001              7.3                652000          88991.4
14:08:53.891 INFO  ProgressMeter -       chr1:248144614              7.5                671000          89507.6
14:09:03.997 INFO  ProgressMeter -         chr2:4555102              7.7                690000          90019.6
14:09:14.481 INFO  ProgressMeter -        chr2:10193136              7.8                708000          90309.2
14:09:24.860 INFO  ProgressMeter -        chr2:15582206              8.0                726000          90606.0
14:09:34.938 INFO  ProgressMeter -        chr2:20995086              8.2                743000          90823.9
14:09:45.236 INFO  ProgressMeter -        chr2:27278677              8.4                759000          90873.0
14:09:55.460 INFO  ProgressMeter -        chr2:33210080              8.5                775000          90933.6
14:10:05.460 INFO  ProgressMeter -        chr2:37799126              8.7                793000          91261.0
14:10:15.652 INFO  ProgressMeter -        chr2:42981699              8.9                810000          91429.9
14:10:26.252 INFO  ProgressMeter -        chr2:48191759              9.0                828000          91634.3
14:10:36.258 INFO  ProgressMeter -        chr2:52973949              9.2                844000          91712.4
14:10:46.415 INFO  ProgressMeter -        chr2:57921478              9.4                861000          91869.7
14:10:56.798 INFO  ProgressMeter -        chr2:64174375              9.5                876000          91775.8
14:11:07.027 INFO  ProgressMeter -        chr2:69565776              9.7                893000          91915.0
14:11:17.246 INFO  ProgressMeter -        chr2:75319451              9.9                909000          91950.1
14:11:27.393 INFO  ProgressMeter -        chr2:80285688             10.1                926000          92094.1
14:11:37.408 INFO  ProgressMeter -        chr2:85286918             10.2                943000          92253.4
14:11:47.419 INFO  ProgressMeter -        chr2:95141524             10.4                965000          92889.5
14:11:57.900 INFO  ProgressMeter -       chr2:102218893             10.6                980000          92773.5
14:12:08.078 INFO  ProgressMeter -       chr2:107977506             10.7                996000          92797.8
14:12:18.392 INFO  ProgressMeter -       chr2:114343464             10.9               1013000          92893.9
14:12:28.919 INFO  ProgressMeter -       chr2:119836681             11.1               1030000          92957.4
14:12:39.327 INFO  ProgressMeter -       chr2:125603334             11.3               1047000          93035.0
14:12:49.433 INFO  ProgressMeter -       chr2:130994866             11.4               1065000          93239.1
14:12:59.986 INFO  ProgressMeter -       chr2:136617259             11.6               1083000          93377.1
14:13:10.337 INFO  ProgressMeter -       chr2:141812140             11.8               1100000          93452.7
14:13:20.364 INFO  ProgressMeter -       chr2:147712364             11.9               1114000          93317.2
14:13:30.780 INFO  ProgressMeter -       chr2:153657941             12.1               1129000          93218.1
14:13:41.079 INFO  ProgressMeter -       chr2:159586634             12.3               1144000          93136.6
14:13:51.539 INFO  ProgressMeter -       chr2:165581312             12.5               1159000          93037.3
14:14:01.808 INFO  ProgressMeter -       chr2:170835850             12.6               1175000          93043.5
14:14:12.264 INFO  ProgressMeter -       chr2:176716887             12.8               1191000          93026.6
14:14:22.285 INFO  ProgressMeter -       chr2:182110689             13.0               1206000          92985.2
14:14:32.350 INFO  ProgressMeter -       chr2:187710146             13.1               1221000          92939.8
14:14:42.926 INFO  ProgressMeter -       chr2:193814788             13.3               1236000          92835.9
14:14:53.317 INFO  ProgressMeter -       chr2:200001946             13.5               1251000          92756.0
14:15:03.592 INFO  ProgressMeter -       chr2:206417777             13.7               1265000          92618.0
14:15:13.870 INFO  ProgressMeter -       chr2:212089919             13.8               1281000          92627.9
14:15:24.084 INFO  ProgressMeter -       chr2:217310780             14.0               1297000          92644.3
14:15:34.425 INFO  ProgressMeter -       chr2:223112275             14.2               1314000          92717.2
14:15:44.954 INFO  ProgressMeter -       chr2:228903781             14.3               1331000          92768.0
14:15:55.048 INFO  ProgressMeter -       chr2:234114825             14.5               1348000          92864.0
14:16:05.379 INFO  ProgressMeter -       chr2:239220076             14.7               1367000          93069.1
14:16:15.769 INFO  ProgressMeter -         chr3:1401593             14.9               1387000          93330.3
14:16:26.226 INFO  ProgressMeter -         chr3:5988309             15.0               1406000          93512.2
14:16:36.744 INFO  ProgressMeter -        chr3:11151029             15.2               1424000          93617.8
14:16:47.001 INFO  ProgressMeter -        chr3:16457453             15.4               1441000          93682.5
14:16:57.240 INFO  ProgressMeter -        chr3:21709020             15.6               1457000          93683.4
14:17:07.466 INFO  ProgressMeter -        chr3:26534369             15.7               1474000          93749.1
14:17:17.763 INFO  ProgressMeter -        chr3:31519186             15.9               1491000          93806.4
14:17:27.886 INFO  ProgressMeter -        chr3:36963112             16.1               1507000          93817.2
14:17:38.005 INFO  ProgressMeter -        chr3:42487095             16.2               1523000          93828.3
14:17:48.083 INFO  ProgressMeter -        chr3:49024869             16.4               1538000          93781.9
14:17:58.378 INFO  ProgressMeter -        chr3:55720016             16.6               1553000          93716.0
14:18:08.895 INFO  ProgressMeter -        chr3:61110415             16.7               1570000          93750.2
14:18:19.125 INFO  ProgressMeter -        chr3:66140088             16.9               1587000          93810.3
14:18:29.269 INFO  ProgressMeter -        chr3:71415621             17.1               1603000          93818.5
14:18:39.724 INFO  ProgressMeter -        chr3:77028555             17.3               1622000          93972.1
14:18:50.003 INFO  ProgressMeter -        chr3:82983585             17.4               1637000          93909.0
14:19:00.069 INFO  ProgressMeter -        chr3:88625349             17.6               1652000          93866.1
14:19:10.343 INFO  ProgressMeter -        chr3:99453101             17.8               1671000          94030.8
14:19:20.777 INFO  ProgressMeter -       chr3:105198591             17.9               1687000          94011.3
14:19:31.421 INFO  ProgressMeter -       chr3:110719591             18.1               1704000          94029.0
14:19:41.843 INFO  ProgressMeter -       chr3:116362015             18.3               1720000          94010.8
14:19:51.924 INFO  ProgressMeter -       chr3:121972679             18.5               1735000          93967.8
14:20:02.435 INFO  ProgressMeter -       chr3:127532657             18.6               1751000          93943.0
14:20:13.046 INFO  ProgressMeter -       chr3:133271770             18.8               1770000          94069.8
14:20:23.323 INFO  ProgressMeter -       chr3:138698326             19.0               1786000          94063.9
14:20:33.335 INFO  ProgressMeter -       chr3:144731765             19.2               1801000          94027.5
14:20:44.024 INFO  ProgressMeter -       chr3:150248640             19.3               1818000          94040.4
14:20:54.375 INFO  ProgressMeter -       chr3:155808570             19.5               1834000          94028.9
14:21:04.510 INFO  ProgressMeter -       chr3:161031449             19.7               1850000          94034.9
14:21:14.779 INFO  ProgressMeter -       chr3:166412741             19.8               1866000          94030.1
14:21:25.036 INFO  ProgressMeter -       chr3:171829363             20.0               1882000          94026.4
14:21:35.240 INFO  ProgressMeter -       chr3:176963484             20.2               1898000          94027.0
14:21:45.252 INFO  ProgressMeter -       chr3:182212943             20.4               1914000          94042.1
14:21:55.345 INFO  ProgressMeter -       chr3:187930086             20.5               1930000          94050.9
14:22:05.831 INFO  ProgressMeter -       chr3:193458653             20.7               1947000          94078.1
14:22:16.043 INFO  ProgressMeter -       chr3:198271849             20.9               1966000          94221.4
14:22:26.179 INFO  ProgressMeter -         chr4:2220403             21.0               1986000          94415.4
14:22:36.650 INFO  ProgressMeter -         chr4:7084822             21.2               2007000          94628.7
14:22:47.164 INFO  ProgressMeter -        chr4:12080209             21.4               2029000          94882.0
14:22:57.303 INFO  ProgressMeter -        chr4:17251571             21.6               2046000          94926.9
14:23:07.696 INFO  ProgressMeter -        chr4:22516938             21.7               2063000          94952.6
14:23:18.173 INFO  ProgressMeter -        chr4:28145402             21.9               2080000          94971.7
14:23:28.616 INFO  ProgressMeter -        chr4:33193417             22.1               2098000          95038.3
14:23:38.759 INFO  ProgressMeter -        chr4:38189845             22.2               2115000          95080.3
14:23:49.036 INFO  ProgressMeter -        chr4:43486908             22.4               2132000          95112.1
14:23:59.144 INFO  ProgressMeter -        chr4:49258246             22.6               2152000          95288.3
14:24:09.598 INFO  ProgressMeter -        chr4:60964425             22.8               2169000          95305.7
14:24:19.672 INFO  ProgressMeter -        chr4:65898858             22.9               2186000          95349.2
14:24:30.294 INFO  ProgressMeter -        chr4:71528902             23.1               2203000          95354.4
14:24:40.660 INFO  ProgressMeter -        chr4:76837037             23.3               2220000          95377.0
14:24:50.824 INFO  ProgressMeter -        chr4:82191566             23.4               2236000          95370.4
14:25:01.390 INFO  ProgressMeter -        chr4:87836384             23.6               2252000          95336.7
14:25:11.446 INFO  ProgressMeter -        chr4:92531473             23.8               2265000          95211.5
14:25:21.787 INFO  ProgressMeter -        chr4:97922991             24.0               2281000          95194.4
14:25:32.022 INFO  ProgressMeter -       chr4:103297333             24.1               2297000          95184.5
14:25:42.686 INFO  ProgressMeter -       chr4:108980174             24.3               2313000          95146.8
14:25:53.295 INFO  ProgressMeter -       chr4:114817741             24.5               2329000          95113.1
14:26:03.485 INFO  ProgressMeter -       chr4:119765738             24.7               2343000          95025.8
14:26:14.208 INFO  ProgressMeter -       chr4:125535844             24.8               2360000          95026.5
14:26:24.638 INFO  ProgressMeter -       chr4:130890878             25.0               2377000          95045.8
14:26:34.641 INFO  ProgressMeter -       chr4:136294799             25.2               2393000          95051.8
14:26:45.182 INFO  ProgressMeter -       chr4:142141843             25.4               2409000          95024.3
14:26:55.699 INFO  ProgressMeter -       chr4:147998738             25.5               2425000          94998.6
14:27:05.825 INFO  ProgressMeter -       chr4:153963651             25.7               2440000          94958.4
14:27:16.404 INFO  ProgressMeter -       chr4:159717179             25.9               2456000          94929.7
14:27:27.062 INFO  ProgressMeter -       chr4:165316601             26.0               2473000          94935.0
14:27:37.509 INFO  ProgressMeter -       chr4:170261320             26.2               2491000          94991.0
14:27:47.956 INFO  ProgressMeter -       chr4:175350616             26.4               2508000          95008.5
14:27:58.369 INFO  ProgressMeter -       chr4:180984144             26.6               2524000          94990.1
14:28:08.679 INFO  ProgressMeter -       chr4:186036811             26.7               2542000          95052.8
14:28:19.241 INFO  ProgressMeter -       chr4:191285670             26.9               2561000          95137.0
14:28:29.359 INFO  ProgressMeter -         chr5:2596327             27.1               2583000          95356.9
14:28:39.686 INFO  ProgressMeter -         chr5:7987099             27.3               2602000          95451.9
14:28:50.250 INFO  ProgressMeter -        chr5:13391786             27.4               2619000          95458.9
14:29:00.641 INFO  ProgressMeter -        chr5:19081331             27.6               2636000          95475.9
14:29:10.744 INFO  ProgressMeter -        chr5:24390768             27.8               2652000          95473.1
14:29:21.015 INFO  ProgressMeter -        chr5:29453187             27.9               2669000          95496.6
14:29:31.075 INFO  ProgressMeter -        chr5:34682152             28.1               2686000          95531.8
14:29:41.326 INFO  ProgressMeter -        chr5:39839754             28.3               2702000          95520.5
14:29:51.330 INFO  ProgressMeter -        chr5:45084448             28.5               2718000          95523.0
14:30:01.372 INFO  ProgressMeter -        chr5:54722745             28.6               2733000          95488.5
14:30:11.398 INFO  ProgressMeter -        chr5:59961009             28.8               2749000          95490.1
14:30:22.001 INFO  ProgressMeter -        chr5:66079421             29.0               2764000          95425.3
14:30:32.205 INFO  ProgressMeter -        chr5:72381527             29.1               2779000          95383.1
14:30:42.835 INFO  ProgressMeter -        chr5:78141720             29.3               2796000          95386.6
14:30:53.187 INFO  ProgressMeter -        chr5:83814806             29.5               2812000          95371.1
14:31:03.613 INFO  ProgressMeter -        chr5:89981469             29.7               2827000          95318.1
14:31:14.308 INFO  ProgressMeter -        chr5:96202542             29.8               2842000          95251.3
14:31:24.678 INFO  ProgressMeter -       chr5:101511830             30.0               2859000          95269.2
14:31:34.804 INFO  ProgressMeter -       chr5:106833113             30.2               2875000          95266.7
14:31:45.060 INFO  ProgressMeter -       chr5:111696251             30.3               2892000          95290.2
14:31:55.196 INFO  ProgressMeter -       chr5:116618500             30.5               2909000          95319.9
14:32:05.580 INFO  ProgressMeter -       chr5:121263581             30.7               2927000          95368.8
14:32:15.946 INFO  ProgressMeter -       chr5:126430003             30.9               2944000          95385.7
14:32:26.698 INFO  ProgressMeter -       chr5:132213453             31.0               2961000          95382.7
14:32:37.207 INFO  ProgressMeter -       chr5:138619802             31.2               2977000          95360.1
14:32:47.287 INFO  ProgressMeter -       chr5:144891146             31.4               2992000          95327.6
14:32:57.458 INFO  ProgressMeter -       chr5:150325162             31.6               3008000          95322.6
14:33:07.656 INFO  ProgressMeter -       chr5:155734731             31.7               3025000          95347.7
14:33:18.095 INFO  ProgressMeter -       chr5:161300694             31.9               3042000          95360.6
14:33:28.370 INFO  ProgressMeter -       chr5:166828783             32.1               3058000          95350.3
14:33:38.852 INFO  ProgressMeter -       chr5:172481528             32.2               3075000          95361.0
14:33:49.411 INFO  ProgressMeter -       chr5:178281491             32.4               3094000          95429.3
14:33:59.584 INFO  ProgressMeter -         chr6:1447412             32.6               3114000          95546.5
14:34:09.770 INFO  ProgressMeter -         chr6:6486722             32.8               3132000          95600.8
14:34:20.334 INFO  ProgressMeter -        chr6:11776727             32.9               3150000          95636.3
14:34:30.682 INFO  ProgressMeter -        chr6:17474879             33.1               3167000          95651.6
14:34:41.182 INFO  ProgressMeter -        chr6:22980059             33.3               3185000          95689.5
14:34:51.316 INFO  ProgressMeter -        chr6:28321545             33.5               3202000          95714.5
14:35:01.323 INFO  ProgressMeter -        chr6:32357501             33.6               3229000          96042.8
14:35:11.345 INFO  ProgressMeter -        chr6:37488503             33.8               3252000          96248.7
14:35:21.403 INFO  ProgressMeter -        chr6:43030457             34.0               3269000          96274.2
14:35:31.542 INFO  ProgressMeter -        chr6:48808702             34.1               3285000          96266.3
14:35:41.744 INFO  ProgressMeter -        chr6:54311648             34.3               3301000          96255.6
14:35:51.855 INFO  ProgressMeter -        chr6:62487422             34.5               3318000          96278.2
14:36:02.051 INFO  ProgressMeter -        chr6:67892893             34.6               3334000          96267.8
14:36:12.650 INFO  ProgressMeter -        chr6:73218002             34.8               3351000          96267.7
14:36:22.904 INFO  ProgressMeter -        chr6:78623936             35.0               3367000          96254.7
14:36:32.954 INFO  ProgressMeter -        chr6:83721718             35.1               3384000          96279.6
14:36:43.426 INFO  ProgressMeter -        chr6:89554458             35.3               3400000          96256.9
14:36:53.737 INFO  ProgressMeter -        chr6:95162965             35.5               3416000          96241.6
14:37:04.198 INFO  ProgressMeter -       chr6:101070333             35.7               3432000          96219.8
14:37:14.472 INFO  ProgressMeter -       chr6:106200268             35.8               3448000          96206.5
14:37:24.495 INFO  ProgressMeter -       chr6:111681725             36.0               3464000          96204.5
14:37:35.076 INFO  ProgressMeter -       chr6:117747017             36.2               3480000          96177.8
14:37:45.309 INFO  ProgressMeter -       chr6:123226023             36.4               3496000          96166.7
14:37:55.875 INFO  ProgressMeter -       chr6:129248290             36.5               3511000          96113.7
14:38:06.314 INFO  ProgressMeter -       chr6:134281724             36.7               3528000          96121.3
14:38:16.684 INFO  ProgressMeter -       chr6:139707598             36.9               3544000          96104.7
14:38:27.122 INFO  ProgressMeter -       chr6:145514556             37.1               3560000          96085.3
14:38:37.348 INFO  ProgressMeter -       chr6:151096213             37.2               3576000          96075.2
14:38:47.728 INFO  ProgressMeter -       chr6:156267565             37.4               3594000          96112.1
14:38:57.737 INFO  ProgressMeter -       chr6:161543774             37.6               3611000          96137.8
14:39:08.107 INFO  ProgressMeter -       chr6:166726613             37.7               3628000          96148.0
14:39:18.415 INFO  ProgressMeter -       chr6:171618519             37.9               3648000          96239.8
14:39:28.778 INFO  ProgressMeter -         chr7:4418867             38.1               3670000          96381.1
14:39:39.073 INFO  ProgressMeter -         chr7:8920608             38.2               3691000          96497.8
14:39:49.412 INFO  ProgressMeter -        chr7:13292984             38.4               3710000          96559.5
14:39:59.588 INFO  ProgressMeter -        chr7:18087231             38.6               3727000          96575.6
14:40:09.754 INFO  ProgressMeter -        chr7:23085857             38.8               3744000          96592.1
14:40:20.247 INFO  ProgressMeter -        chr7:28649715             38.9               3761000          96594.8
14:40:30.793 INFO  ProgressMeter -        chr7:33925111             39.1               3778000          96595.4
14:40:40.808 INFO  ProgressMeter -        chr7:39081472             39.3               3794000          96592.2
14:40:51.149 INFO  ProgressMeter -        chr7:44978053             39.5               3810000          96575.8
14:41:01.326 INFO  ProgressMeter -        chr7:50361914             39.6               3827000          96591.5
14:41:11.632 INFO  ProgressMeter -        chr7:55167974             39.8               3845000          96626.9
14:41:21.702 INFO  ProgressMeter -        chr7:64749109             40.0               3867000          96771.6
14:41:31.863 INFO  ProgressMeter -        chr7:70279676             40.1               3887000          96861.6
14:41:42.105 INFO  ProgressMeter -        chr7:77036925             40.3               3904000          96873.1
14:41:52.599 INFO  ProgressMeter -        chr7:82217009             40.5               3921000          96874.5
14:42:03.199 INFO  ProgressMeter -        chr7:86621934             40.7               3935000          96797.9
14:42:13.745 INFO  ProgressMeter -        chr7:92180322             40.8               3951000          96773.1
14:42:24.296 INFO  ProgressMeter -        chr7:98404745             41.0               3966000          96723.9
14:42:34.836 INFO  ProgressMeter -       chr7:104472358             41.2               3985000          96772.7
14:42:45.079 INFO  ProgressMeter -       chr7:109775812             41.3               4001000          96760.1
14:42:55.729 INFO  ProgressMeter -       chr7:115800902             41.5               4017000          96731.8
14:43:06.354 INFO  ProgressMeter -       chr7:121936655             41.7               4032000          96680.7
14:43:16.409 INFO  ProgressMeter -       chr7:127645912             41.9               4047000          96652.0
14:43:26.679 INFO  ProgressMeter -       chr7:133769265             42.0               4063000          96639.1
14:43:37.064 INFO  ProgressMeter -       chr7:139697065             42.2               4079000          96621.9
14:43:47.274 INFO  ProgressMeter -       chr7:145308345             42.4               4097000          96658.6
14:43:57.710 INFO  ProgressMeter -       chr7:150244986             42.6               4114000          96663.0
14:44:07.739 INFO  ProgressMeter -       chr7:155106047             42.7               4133000          96729.6
14:44:18.196 INFO  ProgressMeter -       chr7:160241378             42.9               4154000          96826.2
14:44:28.315 INFO  ProgressMeter -         chr8:3482700             43.1               4177000          96981.0
14:44:38.399 INFO  ProgressMeter -         chr8:6881866             43.2               4199000          97112.8
14:44:48.705 INFO  ProgressMeter -        chr8:12629009             43.4               4221000          97235.4
14:44:59.130 INFO  ProgressMeter -        chr8:16639345             43.6               4243000          97352.5
14:45:09.270 INFO  ProgressMeter -        chr8:20727719             43.8               4262000          97410.7
14:45:19.853 INFO  ProgressMeter -        chr8:26152948             43.9               4281000          97452.2
14:45:30.010 INFO  ProgressMeter -        chr8:31621117             44.1               4298000          97463.6
14:45:40.440 INFO  ProgressMeter -        chr8:37408079             44.3               4314000          97442.2
14:45:50.667 INFO  ProgressMeter -        chr8:43290035             44.4               4331000          97451.0
14:46:01.307 INFO  ProgressMeter -        chr8:51358281             44.6               4347000          97422.4
14:46:11.588 INFO  ProgressMeter -        chr8:56814394             44.8               4364000          97429.2
14:46:22.118 INFO  ProgressMeter -        chr8:62418052             45.0               4381000          97427.0
14:46:32.460 INFO  ProgressMeter -        chr8:67871596             45.1               4397000          97409.4
14:46:42.886 INFO  ProgressMeter -        chr8:73587426             45.3               4413000          97388.9
14:46:53.114 INFO  ProgressMeter -        chr8:79056511             45.5               4429000          97375.7
14:47:03.358 INFO  ProgressMeter -        chr8:84177727             45.7               4446000          97383.9
14:47:13.565 INFO  ProgressMeter -        chr8:90365107             45.8               4462000          97371.6
14:47:23.762 INFO  ProgressMeter -        chr8:96183599             46.0               4477000          97337.9
14:47:34.100 INFO  ProgressMeter -       chr8:102164333             46.2               4493000          97321.2
14:47:44.377 INFO  ProgressMeter -       chr8:107544569             46.3               4509000          97306.8
14:47:54.580 INFO  ProgressMeter -       chr8:113078768             46.5               4524000          97273.5
14:48:04.974 INFO  ProgressMeter -       chr8:118713207             46.7               4540000          97255.3
14:48:15.292 INFO  ProgressMeter -       chr8:124142683             46.9               4557000          97261.1
14:48:25.658 INFO  ProgressMeter -       chr8:129590183             47.0               4575000          97286.6
14:48:36.126 INFO  ProgressMeter -       chr8:134931246             47.2               4592000          97287.1
14:48:46.389 INFO  ProgressMeter -       chr8:140200214             47.4               4610000          97315.8
14:48:56.771 INFO  ProgressMeter -       chr8:145973070             47.5               4630000          97382.3
14:49:07.289 INFO  ProgressMeter -         chr9:4135344             47.7               4650000          97443.7
14:49:17.586 INFO  ProgressMeter -         chr9:8943454             47.9               4668000          97470.4
14:49:27.772 INFO  ProgressMeter -        chr9:13545813             48.1               4686000          97500.6
14:49:37.802 INFO  ProgressMeter -        chr9:18137527             48.2               4704000          97535.9
14:49:47.960 INFO  ProgressMeter -        chr9:23271696             48.4               4721000          97545.9
14:49:58.356 INFO  ProgressMeter -        chr9:28322534             48.6               4739000          97568.5
14:50:08.374 INFO  ProgressMeter -        chr9:33171905             48.7               4756000          97583.1
14:50:18.563 INFO  ProgressMeter -        chr9:38901482             48.9               4773000          97591.9
14:50:28.800 INFO  ProgressMeter -        chr9:76983992             49.1               4797000          97741.6
14:50:39.233 INFO  ProgressMeter -        chr9:83966036             49.3               4815000          97762.0
14:50:49.379 INFO  ProgressMeter -        chr9:89462076             49.4               4831000          97751.2
14:50:59.833 INFO  ProgressMeter -        chr9:95131862             49.6               4848000          97750.6
14:51:10.221 INFO  ProgressMeter -       chr9:100636990             49.8               4866000          97772.2
14:51:20.727 INFO  ProgressMeter -       chr9:106118424             49.9               4884000          97789.9
14:51:31.065 INFO  ProgressMeter -       chr9:111948083             50.1               4901000          97792.9
14:51:41.116 INFO  ProgressMeter -       chr9:117094919             50.3               4918000          97805.2
14:51:51.137 INFO  ProgressMeter -       chr9:122300368             50.5               4935000          97818.3
14:52:01.371 INFO  ProgressMeter -       chr9:127801886             50.6               4952000          97824.6
14:52:11.790 INFO  ProgressMeter -       chr9:133995997             50.8               4968000          97805.1
14:52:22.302 INFO  ProgressMeter -       chr9:140031826             51.0               4985000          97802.5
14:52:32.463 INFO  ProgressMeter -       chr9:145935375             51.1               5004000          97850.1
14:52:42.915 INFO  ProgressMeter -        chr10:1000872             51.3               5026000          97946.7
14:52:52.992 INFO  ProgressMeter -        chr10:5940828             51.5               5045000          97996.2
14:53:03.460 INFO  ProgressMeter -       chr10:11306232             51.7               5063000          98013.7
14:53:13.826 INFO  ProgressMeter -       chr10:16472313             51.8               5082000          98053.6
14:53:23.996 INFO  ProgressMeter -       chr10:21107186             52.0               5100000          98080.1
14:53:34.199 INFO  ProgressMeter -       chr10:26499641             52.2               5117000          98086.3
14:53:44.250 INFO  ProgressMeter -       chr10:31266140             52.3               5135000          98116.3
14:53:54.730 INFO  ProgressMeter -       chr10:36737410             52.5               5152000          98113.6
14:54:04.991 INFO  ProgressMeter -       chr10:44078589             52.7               5178000          98288.6
14:54:15.438 INFO  ProgressMeter -       chr10:49645334             52.9               5197000          98324.4
14:54:25.888 INFO  ProgressMeter -       chr10:54943174             53.0               5214000          98322.0
14:54:36.114 INFO  ProgressMeter -       chr10:59949034             53.2               5230000          98307.8
14:54:46.420 INFO  ProgressMeter -       chr10:65800074             53.4               5246000          98291.1
14:54:56.792 INFO  ProgressMeter -       chr10:70647135             53.5               5263000          98291.3
14:55:06.801 INFO  ProgressMeter -       chr10:76039167             53.7               5279000          98283.9
14:55:17.267 INFO  ProgressMeter -       chr10:81128417             53.9               5295000          98262.7
14:55:27.475 INFO  ProgressMeter -       chr10:86208547             54.1               5312000          98267.9
14:55:37.567 INFO  ProgressMeter -       chr10:91663936             54.2               5328000          98258.2
14:55:47.868 INFO  ProgressMeter -       chr10:97424502             54.4               5344000          98242.2
14:55:58.569 INFO  ProgressMeter -      chr10:104384735             54.6               5360000          98214.3
14:56:08.842 INFO  ProgressMeter -      chr10:109871700             54.7               5377000          98217.7
14:56:19.358 INFO  ProgressMeter -      chr10:115539303             54.9               5394000          98213.8
14:56:29.466 INFO  ProgressMeter -      chr10:121176804             55.1               5410000          98203.9
14:56:39.795 INFO  ProgressMeter -      chr10:126538334             55.3               5428000          98223.7
14:56:50.049 INFO  ProgressMeter -      chr10:131782230             55.4               5447000          98263.6
14:57:00.420 INFO  ProgressMeter -        chr11:2561947             55.6               5469000          98353.8
14:57:10.985 INFO  ProgressMeter -        chr11:7580341             55.8               5489000          98401.9
14:57:21.385 INFO  ProgressMeter -       chr11:12905864             56.0               5506000          98400.9
14:57:31.727 INFO  ProgressMeter -       chr11:19065192             56.1               5521000          98365.9
14:57:41.729 INFO  ProgressMeter -       chr11:23887151             56.3               5538000          98376.6
14:57:52.229 INFO  ProgressMeter -       chr11:29591735             56.5               5555000          98372.8
14:58:02.926 INFO  ProgressMeter -       chr11:35692820             56.6               5571000          98345.6
14:58:13.007 INFO  ProgressMeter -       chr11:40726270             56.8               5588000          98354.0
14:58:23.196 INFO  ProgressMeter -       chr11:46185579             57.0               5605000          98359.2
14:58:33.317 INFO  ProgressMeter -       chr11:55091633             57.2               5622000          98366.4
14:58:43.493 INFO  ProgressMeter -       chr11:60323695             57.3               5640000          98389.4
14:58:53.968 INFO  ProgressMeter -       chr11:66938364             57.5               5657000          98386.3
14:59:04.012 INFO  ProgressMeter -       chr11:72344031             57.7               5676000          98430.2
14:59:14.282 INFO  ProgressMeter -       chr11:78148361             57.8               5692000          98415.5
14:59:24.440 INFO  ProgressMeter -       chr11:83277286             58.0               5709000          98421.3
14:59:34.690 INFO  ProgressMeter -       chr11:88258126             58.2               5725000          98407.3
14:59:45.256 INFO  ProgressMeter -       chr11:93891426             58.4               5742000          98401.7
14:59:55.802 INFO  ProgressMeter -       chr11:99363954             58.5               5759000          98396.6
15:00:05.906 INFO  ProgressMeter -      chr11:104357920             58.7               5775000          98386.9
15:00:16.525 INFO  ProgressMeter -      chr11:110414013             58.9               5791000          98362.9
15:00:26.978 INFO  ProgressMeter -      chr11:116551151             59.0               5807000          98343.7
15:00:37.197 INFO  ProgressMeter -      chr11:122431266             59.2               5824000          98347.9
15:00:47.376 INFO  ProgressMeter -      chr11:127810703             59.4               5841000          98353.2
15:00:57.580 INFO  ProgressMeter -      chr11:133007215             59.6               5858000          98357.8
15:01:08.155 INFO  ProgressMeter -        chr12:2799895             59.7               5876000          98369.0
15:01:18.429 INFO  ProgressMeter -        chr12:8338766             59.9               5894000          98388.2
15:01:28.632 INFO  ProgressMeter -       chr12:13569138             60.1               5912000          98409.4
15:01:38.695 INFO  ProgressMeter -       chr12:19037427             60.2               5927000          98384.4
15:01:48.796 INFO  ProgressMeter -       chr12:24242421             60.4               5943000          98375.1
15:01:58.996 INFO  ProgressMeter -       chr12:29472009             60.6               5959000          98363.1
15:02:09.002 INFO  ProgressMeter -       chr12:34152084             60.7               5977000          98389.4
15:02:19.272 INFO  ProgressMeter -       chr12:40961815             60.9               5998000          98457.7
15:02:29.382 INFO  ProgressMeter -       chr12:46040419             61.1               6014000          98448.0
15:02:39.489 INFO  ProgressMeter -       chr12:52074048             61.3               6030000          98438.5
15:02:49.815 INFO  ProgressMeter -       chr12:58307182             61.4               6047000          98439.4
15:03:00.119 INFO  ProgressMeter -       chr12:63733271             61.6               6063000          98424.7
15:03:10.680 INFO  ProgressMeter -       chr12:69501954             61.8               6079000          98403.3
15:03:20.681 INFO  ProgressMeter -       chr12:74604559             61.9               6094000          98380.7
15:03:30.784 INFO  ProgressMeter -       chr12:80055153             62.1               6109000          98355.5
15:03:41.058 INFO  ProgressMeter -       chr12:85522613             62.3               6124000          98325.9
15:03:51.235 INFO  ProgressMeter -       chr12:91262838             62.5               6138000          98283.0
15:04:01.756 INFO  ProgressMeter -       chr12:96582580             62.6               6154000          98263.4
15:04:12.296 INFO  ProgressMeter -      chr12:102051434             62.8               6170000          98243.2
15:04:22.538 INFO  ProgressMeter -      chr12:107553217             63.0               6186000          98231.0
15:04:33.031 INFO  ProgressMeter -      chr12:113618006             63.1               6203000          98228.2
15:04:43.230 INFO  ProgressMeter -      chr12:119099756             63.3               6221000          98248.7
15:04:53.685 INFO  ProgressMeter -      chr12:125016975             63.5               6239000          98262.6
15:05:03.830 INFO  ProgressMeter -      chr12:130116572             63.7               6258000          98300.1
15:05:14.250 INFO  ProgressMeter -       chr13:19134112             63.8               6280000          98377.3
15:05:24.791 INFO  ProgressMeter -       chr13:24373776             64.0               6299000          98404.1
15:05:35.224 INFO  ProgressMeter -       chr13:29664158             64.2               6317000          98417.9
15:05:45.462 INFO  ProgressMeter -       chr13:35330754             64.4               6333000          98405.6
15:05:55.643 INFO  ProgressMeter -       chr13:40964813             64.5               6349000          98394.8
15:06:05.671 INFO  ProgressMeter -       chr13:46620577             64.7               6365000          98387.9
15:06:16.047 INFO  ProgressMeter -       chr13:52449142             64.9               6381000          98372.3
15:06:26.235 INFO  ProgressMeter -       chr13:58775438             65.0               6395000          98330.7
15:06:36.432 INFO  ProgressMeter -       chr13:63809515             65.2               6412000          98335.1
15:06:47.076 INFO  ProgressMeter -       chr13:69600447             65.4               6428000          98313.1
15:06:57.576 INFO  ProgressMeter -       chr13:75225738             65.6               6444000          98294.7
15:07:08.103 INFO  ProgressMeter -       chr13:80998254             65.7               6460000          98275.7
15:07:18.495 INFO  ProgressMeter -       chr13:86571922             65.9               6476000          98260.2
15:07:29.018 INFO  ProgressMeter -       chr13:92429703             66.1               6492000          98241.6
15:07:39.028 INFO  ProgressMeter -       chr13:97862366             66.2               6508000          98235.7
15:07:49.221 INFO  ProgressMeter -      chr13:103262019             66.4               6524000          98225.3
15:07:59.643 INFO  ProgressMeter -      chr13:108439482             66.6               6542000          98239.4
15:08:09.848 INFO  ProgressMeter -       chr14:13275723             66.8               6562000          98288.7
15:08:19.904 INFO  ProgressMeter -       chr14:17572819             66.9               6580000          98311.5
15:08:30.337 INFO  ProgressMeter -       chr14:23006883             67.1               6597000          98310.1
15:08:40.952 INFO  ProgressMeter -       chr14:28557343             67.3               6613000          98289.4
15:08:51.217 INFO  ProgressMeter -       chr14:34215881             67.5               6629000          98277.3
15:09:01.677 INFO  ProgressMeter -       chr14:39118649             67.6               6647000          98290.1
15:09:12.106 INFO  ProgressMeter -       chr14:44748468             67.8               6663000          98274.1
15:09:22.385 INFO  ProgressMeter -       chr14:50268211             68.0               6679000          98261.8
15:09:32.999 INFO  ProgressMeter -       chr14:56272952             68.1               6695000          98241.5
15:09:43.089 INFO  ProgressMeter -       chr14:61415325             68.3               6711000          98233.9
15:09:53.711 INFO  ProgressMeter -       chr14:66897391             68.5               6727000          98213.6
15:10:03.930 INFO  ProgressMeter -       chr14:72336663             68.7               6744000          98217.6
15:10:14.421 INFO  ProgressMeter -       chr14:77718382             68.8               6760000          98200.5
15:10:24.927 INFO  ProgressMeter -       chr14:83166225             69.0               6777000          98197.7
15:10:35.338 INFO  ProgressMeter -       chr14:88745523             69.2               6794000          98197.1
15:10:45.503 INFO  ProgressMeter -       chr14:93984643             69.4               6812000          98216.8
15:10:55.812 INFO  ProgressMeter -       chr14:99500978             69.5               6831000          98247.4
15:11:05.839 INFO  ProgressMeter -       chr15:19771496             69.7               6852000          98313.1
15:11:15.891 INFO  ProgressMeter -       chr15:24770579             69.9               6872000          98363.6
15:11:26.232 INFO  ProgressMeter -       chr15:30387443             70.0               6891000          98392.8
15:11:36.726 INFO  ProgressMeter -       chr15:35547775             70.2               6908000          98389.9
15:11:47.393 INFO  ProgressMeter -       chr15:41681924             70.4               6925000          98382.9
15:11:57.784 INFO  ProgressMeter -       chr15:47347798             70.6               6941000          98368.2
15:12:07.800 INFO  ProgressMeter -       chr15:52284878             70.7               6957000          98362.2
15:12:18.215 INFO  ProgressMeter -       chr15:57313754             70.9               6974000          98361.2
15:12:28.342 INFO  ProgressMeter -       chr15:62750272             71.1               6990000          98352.7
15:12:38.538 INFO  ProgressMeter -       chr15:68918789             71.2               7006000          98342.7
15:12:48.747 INFO  ProgressMeter -       chr15:75425565             71.4               7021000          98318.4
15:12:59.318 INFO  ProgressMeter -       chr15:80927487             71.6               7039000          98327.9
15:13:09.726 INFO  ProgressMeter -       chr15:86581116             71.8               7056000          98327.1
15:13:20.193 INFO  ProgressMeter -       chr15:91791089             71.9               7075000          98352.8
15:13:30.592 INFO  ProgressMeter -       chr15:97176494             72.1               7093000          98366.0
15:13:40.634 INFO  ProgressMeter -        chr16:2301616             72.3               7114000          98428.8
15:13:51.152 INFO  ProgressMeter -        chr16:6972945             72.5               7134000          98466.7
15:14:01.284 INFO  ProgressMeter -       chr16:10926195             72.6               7153000          98499.3
15:14:11.737 INFO  ProgressMeter -       chr16:16138529             72.8               7172000          98524.6
15:14:21.904 INFO  ProgressMeter -       chr16:22447854             73.0               7190000          98542.5
15:14:32.407 INFO  ProgressMeter -       chr16:28456039             73.1               7208000          98552.7
15:14:42.863 INFO  ProgressMeter -       chr16:39168872             73.3               7228000          98591.3
15:14:53.242 INFO  ProgressMeter -       chr16:57763933             73.5               7245000          98590.5
15:15:03.793 INFO  ProgressMeter -       chr16:63433112             73.7               7262000          98586.0
15:15:14.450 INFO  ProgressMeter -       chr16:69331931             73.8               7279000          98579.1
15:15:24.799 INFO  ProgressMeter -       chr16:75498836             74.0               7295000          98565.5
15:15:34.980 INFO  ProgressMeter -       chr16:81475019             74.2               7312000          98569.2
15:15:45.020 INFO  ProgressMeter -       chr16:85490020             74.3               7331000          98602.9
15:15:55.108 INFO  ProgressMeter -       chr16:89549443             74.5               7351000          98648.9
15:16:05.323 INFO  ProgressMeter -       chr16:93988826             74.7               7373000          98718.5
15:16:15.382 INFO  ProgressMeter -        chr17:2435759             74.9               7394000          98778.0
15:16:25.604 INFO  ProgressMeter -        chr17:7730663             75.0               7413000          98806.9
15:16:35.758 INFO  ProgressMeter -       chr17:13107390             75.2               7431000          98823.9
15:16:45.969 INFO  ProgressMeter -       chr17:18424406             75.4               7449000          98839.6
15:16:56.283 INFO  ProgressMeter -       chr17:28685950             75.5               7471000          98905.9
15:17:06.419 INFO  ProgressMeter -       chr17:34957242             75.7               7487000          98896.6
15:17:16.498 INFO  ProgressMeter -       chr17:41063432             75.9               7504000          98901.7
15:17:26.503 INFO  ProgressMeter -       chr17:46944105             76.0               7521000          98908.3
15:17:37.104 INFO  ProgressMeter -       chr17:53334280             76.2               7538000          98902.1
15:17:47.303 INFO  ProgressMeter -       chr17:58948614             76.4               7554000          98891.5
15:17:57.461 INFO  ProgressMeter -       chr17:65267124             76.6               7569000          98868.7
15:18:07.679 INFO  ProgressMeter -       chr17:70989174             76.7               7586000          98870.8
15:18:17.894 INFO  ProgressMeter -       chr17:76539415             76.9               7604000          98886.0
15:18:28.167 INFO  ProgressMeter -       chr17:81791811             77.1               7624000          98925.8
15:18:38.582 INFO  ProgressMeter -        chr18:3217121             77.2               7644000          98962.5
15:18:49.042 INFO  ProgressMeter -        chr18:8176449             77.4               7662000          98972.1
15:18:59.512 INFO  ProgressMeter -       chr18:13258216             77.6               7680000          98981.5
15:19:09.607 INFO  ProgressMeter -       chr18:24135600             77.8               7697000          98986.0
15:19:20.207 INFO  ProgressMeter -       chr18:29874586             77.9               7713000          98966.9
15:19:30.491 INFO  ProgressMeter -       chr18:35357590             78.1               7728000          98941.7
15:19:40.525 INFO  ProgressMeter -       chr18:41235271             78.3               7743000          98922.0
15:19:51.114 INFO  ProgressMeter -       chr18:47261758             78.5               7759000          98903.4
15:20:01.455 INFO  ProgressMeter -       chr18:52655272             78.6               7776000          98902.8
15:20:11.967 INFO  ProgressMeter -       chr18:58107212             78.8               7792000          98886.0
15:20:22.484 INFO  ProgressMeter -       chr18:63491345             79.0               7809000          98881.8
15:20:32.951 INFO  ProgressMeter -       chr18:68738748             79.1               7826000          98878.6
15:20:43.074 INFO  ProgressMeter -       chr18:73771012             79.3               7843000          98882.6
15:20:53.445 INFO  ProgressMeter -       chr18:78769181             79.5               7862000          98906.6
15:21:03.781 INFO  ProgressMeter -        chr19:3645405             79.7               7885000          98981.4
15:21:14.206 INFO  ProgressMeter -        chr19:9205813             79.8               7907000          99041.6
15:21:24.501 INFO  ProgressMeter -       chr19:14871507             80.0               7926000          99066.7
15:21:34.850 INFO  ProgressMeter -       chr19:20604860             80.2               7945000          99090.5
15:21:45.111 INFO  ProgressMeter -       chr19:30258875             80.4               7966000          99141.0
15:21:55.167 INFO  ProgressMeter -       chr19:35661899             80.5               7984000          99158.2
15:22:05.411 INFO  ProgressMeter -       chr19:41782021             80.7               8002000          99171.4
15:22:15.655 INFO  ProgressMeter -       chr19:47224050             80.9               8021000          99197.0
15:22:25.953 INFO  ProgressMeter -       chr19:53037384             81.0               8041000          99233.7
15:22:36.288 INFO  ProgressMeter -       chr19:57835599             81.2               8063000          99294.1
15:22:46.515 INFO  ProgressMeter -        chr20:1317916             81.4               8084000          99344.2
15:22:56.553 INFO  ProgressMeter -        chr20:6540539             81.5               8102000          99361.1
15:23:06.729 INFO  ProgressMeter -       chr20:11805829             81.7               8118000          99350.7
15:23:17.164 INFO  ProgressMeter -       chr20:17124880             81.9               8135000          99347.3
15:23:27.551 INFO  ProgressMeter -       chr20:22886975             82.1               8152000          99344.9
15:23:37.774 INFO  ProgressMeter -       chr20:33196613             82.2               8175000          99418.7
15:23:48.003 INFO  ProgressMeter -       chr20:39690204             82.4               8191000          99407.2
15:23:58.234 INFO  ProgressMeter -       chr20:45415443             82.6               8207000          99395.7
15:24:08.582 INFO  ProgressMeter -       chr20:51129512             82.7               8225000          99406.1
15:24:18.802 INFO  ProgressMeter -       chr20:56571193             82.9               8243000          99419.0
15:24:28.951 INFO  ProgressMeter -       chr20:61734847             83.1               8261000          99433.2
15:24:39.242 INFO  ProgressMeter -        chr21:9136080             83.3               8284000          99504.6
15:24:49.699 INFO  ProgressMeter -       chr21:15051756             83.4               8306000          99560.5
15:25:00.325 INFO  ProgressMeter -       chr21:20212622             83.6               8324000          99564.9
15:25:10.746 INFO  ProgressMeter -       chr21:25217427             83.8               8342000          99573.3
15:25:20.927 INFO  ProgressMeter -       chr21:30382748             83.9               8359000          99574.6
15:25:31.427 INFO  ProgressMeter -       chr21:36182974             84.1               8376000          99569.5
15:25:41.676 INFO  ProgressMeter -       chr21:41213332             84.3               8394000          99581.3
15:25:51.777 INFO  ProgressMeter -       chr22:12593018             84.5               8416000          99643.2
15:26:02.216 INFO  ProgressMeter -       chr22:20541531             84.6               8438000          99698.3
15:26:12.581 INFO  ProgressMeter -       chr22:25892526             84.8               8459000          99742.9
15:26:22.668 INFO  ProgressMeter -       chr22:31234670             85.0               8476000          99745.6
15:26:33.301 INFO  ProgressMeter -       chr22:36587009             85.2               8494000          99749.4
15:26:43.794 INFO  ProgressMeter -       chr22:42779468             85.3               8512000          99755.9
15:26:54.020 INFO  ProgressMeter -       chr22:47809978             85.5               8532000          99791.0
15:27:04.032 INFO  ProgressMeter -         chrX:1029925             85.7               8556000          99876.7
15:27:14.062 INFO  ProgressMeter -         chrX:9888889             85.8               8583000          99996.8
15:27:24.409 INFO  ProgressMeter -        chrX:21994171             86.0               8607000         100075.3
15:27:34.634 INFO  ProgressMeter -        chrX:32337634             86.2               8632000         100167.5
15:27:44.671 INFO  ProgressMeter -        chrX:43548330             86.3               8656000         100251.5
15:27:54.770 INFO  ProgressMeter -        chrX:57558123             86.5               8679000         100322.3
15:28:04.858 INFO  ProgressMeter -        chrX:73411413             86.7               8702000         100393.0
15:28:15.087 INFO  ProgressMeter -        chrX:85490873             86.8               8727000         100483.8
15:28:25.427 INFO  ProgressMeter -        chrX:95529906             87.0               8756000         100618.0
15:28:35.742 INFO  ProgressMeter -       chrX:108884795             87.2               8780000         100694.9
15:28:45.760 INFO  ProgressMeter -       chrX:120165727             87.4               8806000         100800.1
15:28:56.172 INFO  ProgressMeter -       chrX:132758927             87.5               8831000         100885.8
15:29:06.236 INFO  ProgressMeter -       chrX:144311343             87.7               8857000         100989.4
15:29:17.348 INFO  ProgressMeter -         chrY:8766213             87.9               8880000         101038.2
15:29:22.496 INFO  GetPileupSummaries - 0 read(s) filtered by: MappingQualityAvailableReadFilter 
4835270 read(s) filtered by: MappingQualityNotZeroReadFilter 
0 read(s) filtered by: MappedReadFilter 
259286 read(s) filtered by: PrimaryLineReadFilter 
35054731 read(s) filtered by: NotDuplicateReadFilter 
0 read(s) filtered by: PassesVendorQualityCheckReadFilter 
0 read(s) filtered by: NonZeroReferenceLengthAlignmentReadFilter 
680641 read(s) filtered by: MateOnSameContigOrNoMappedMateReadFilter 
0 read(s) filtered by: GoodCigarReadFilter 
0 read(s) filtered by: WellformedReadFilter 
40829928 total reads filtered out of 406921882 reads processed
15:29:22.496 INFO  ProgressMeter -        chrY:23082618             88.0               8884271         100988.2
15:29:22.496 INFO  ProgressMeter - Traversal complete. Processed 8884271 total loci in 88.0 minutes.
15:29:22.497 INFO  GetPileupSummaries - Shutting down engine
[July 14, 2024 at 3:29:22 PM CEST] org.broadinstitute.hellbender.tools.walkers.contamination.GetPileupSummaries done. Elapsed time: 89.40 minutes.
Runtime.totalMemory()=4865392640
Tool returned:
SUCCESS
