Using GATK jar /lustre1/project/stg_00096/home/rdewin/system/miniconda/envs/WGS/share/gatk4-4.5.0.0-0/gatk-package-4.5.0.0-local.jar
Running:
    java -Dsamjdk.use_async_io_read_samtools=false -Dsamjdk.use_async_io_write_samtools=true -Dsamjdk.use_async_io_write_tribble=false -Dsamjdk.compression_level=2 -jar /lustre1/project/stg_00096/home/rdewin/system/miniconda/envs/WGS/share/gatk4-4.5.0.0-0/gatk-package-4.5.0.0-local.jar CalculateContamination -I results/mutect2/P024/P024_tumor_pileup_summaries.table -matched results/mutect2/P024/P024_normal_pileup_summaries.table -O results/mutect2/P024/P024_contamination.table
16:49:00.101 INFO  NativeLibraryLoader - Loading libgkl_compression.so from jar:file:/lustre1/project/stg_00096/home/rdewin/system/miniconda/envs/WGS/share/gatk4-4.5.0.0-0/gatk-package-4.5.0.0-local.jar!/com/intel/gkl/native/libgkl_compression.so
16:49:00.220 INFO  CalculateContamination - ------------------------------------------------------------
16:49:00.223 INFO  CalculateContamination - The Genome Analysis Toolkit (GATK) v4.5.0.0
16:49:00.223 INFO  CalculateContamination - For support and documentation go to https://software.broadinstitute.org/gatk/
16:49:00.224 INFO  CalculateContamination - Executing as vsc35407@g28l12 on Linux v4.18.0-513.24.1.el8_9.x86_64 amd64
16:49:00.224 INFO  CalculateContamination - Java runtime: OpenJDK 64-Bit Server VM v17.0.10-internal+0-adhoc..src
16:49:00.224 INFO  CalculateContamination - Start Date/Time: July 14, 2024 at 4:49:00 PM CEST
16:49:00.224 INFO  CalculateContamination - ------------------------------------------------------------
16:49:00.224 INFO  CalculateContamination - ------------------------------------------------------------
16:49:00.225 INFO  CalculateContamination - HTSJDK Version: 4.1.0
16:49:00.225 INFO  CalculateContamination - Picard Version: 3.1.1
16:49:00.225 INFO  CalculateContamination - Built for Spark Version: 3.5.0
16:49:00.225 INFO  CalculateContamination - HTSJDK Defaults.COMPRESSION_LEVEL : 2
16:49:00.225 INFO  CalculateContamination - HTSJDK Defaults.USE_ASYNC_IO_READ_FOR_SAMTOOLS : false
16:49:00.225 INFO  CalculateContamination - HTSJDK Defaults.USE_ASYNC_IO_WRITE_FOR_SAMTOOLS : true
16:49:00.226 INFO  CalculateContamination - HTSJDK Defaults.USE_ASYNC_IO_WRITE_FOR_TRIBBLE : false
16:49:00.226 INFO  CalculateContamination - Deflater: IntelDeflater
16:49:00.226 INFO  CalculateContamination - Inflater: IntelInflater
16:49:00.226 INFO  CalculateContamination - GCS max retries/reopens: 20
16:49:00.226 INFO  CalculateContamination - Requester pays: disabled
16:49:00.226 INFO  CalculateContamination - Initializing engine
16:49:00.227 INFO  CalculateContamination - Done initializing engine
16:49:23.488 WARN  KernelSegmenter - Specified dimension of the kernel approximation (100) exceeds the number of data points (4) to segment; using all data points to calculate kernel matrix.
16:49:23.512 WARN  KernelSegmenter - Number of points needed to calculate local changepoint costs (2 * window size = 100) exceeds number of data points (4).  Local changepoint costs will not be calculated for this window size.
16:49:23.512 WARN  KernelSegmenter - No changepoint candidates were found.  The specified window sizes may be inappropriate, or there may be insufficient data points.
16:49:23.517 INFO  KernelSegmenter - Found 0 changepoints after applying the changepoint penalty.
16:49:24.361 INFO  KernelSegmenter - Found 8 changepoints after applying the changepoint penalty.
16:49:25.612 INFO  KernelSegmenter - Found 5 changepoints after applying the changepoint penalty.
16:49:26.030 INFO  KernelSegmenter - Found 4 changepoints after applying the changepoint penalty.
16:49:27.207 INFO  KernelSegmenter - Found 9 changepoints after applying the changepoint penalty.
16:49:28.465 INFO  KernelSegmenter - Found 7 changepoints after applying the changepoint penalty.
16:49:29.715 INFO  KernelSegmenter - Found 6 changepoints after applying the changepoint penalty.
16:49:30.233 INFO  KernelSegmenter - Found 8 changepoints after applying the changepoint penalty.
16:49:31.319 INFO  KernelSegmenter - Found 6 changepoints after applying the changepoint penalty.
16:49:32.625 INFO  KernelSegmenter - Found 9 changepoints after applying the changepoint penalty.
16:49:33.173 INFO  KernelSegmenter - Found 4 changepoints after applying the changepoint penalty.
16:49:33.841 INFO  KernelSegmenter - Found 5 changepoints after applying the changepoint penalty.
16:49:35.068 INFO  KernelSegmenter - Found 4 changepoints after applying the changepoint penalty.
16:49:36.110 INFO  KernelSegmenter - Found 5 changepoints after applying the changepoint penalty.
16:49:37.411 INFO  KernelSegmenter - Found 8 changepoints after applying the changepoint penalty.
16:49:38.310 INFO  KernelSegmenter - Found 6 changepoints after applying the changepoint penalty.
16:49:39.652 INFO  KernelSegmenter - Found 6 changepoints after applying the changepoint penalty.
16:49:40.342 INFO  KernelSegmenter - Found 6 changepoints after applying the changepoint penalty.
16:49:40.847 INFO  KernelSegmenter - Found 5 changepoints after applying the changepoint penalty.
16:49:41.398 INFO  KernelSegmenter - Found 5 changepoints after applying the changepoint penalty.
16:49:41.943 INFO  KernelSegmenter - Found 5 changepoints after applying the changepoint penalty.
16:49:42.500 INFO  KernelSegmenter - Found 7 changepoints after applying the changepoint penalty.
16:49:43.066 INFO  KernelSegmenter - Found 10 changepoints after applying the changepoint penalty.
16:49:43.602 INFO  KernelSegmenter - Found 5 changepoints after applying the changepoint penalty.
16:57:02.136 INFO  CalculateContamination - Shutting down engine
[July 14, 2024 at 4:57:02 PM CEST] org.broadinstitute.hellbender.tools.walkers.contamination.CalculateContamination done. Elapsed time: 8.03 minutes.
Runtime.totalMemory()=9143582720
Tool returned:
SUCCESS
