Sep 27, 2024 2:52:24 PM com.intel.gkl.NativeLibraryLoader load
INFO: Loading libgkl_compression.so from jar:file:/lustre1/project/stg_00096/home/rdewin/system/miniconda/envs/RNA/share/picard-3.1.1-0/picard.jar!/com/intel/gkl/native/libgkl_compression.so
[Fri Sep 27 14:52:24 CEST 2024] AddOrReplaceReadGroups --INPUT results/star/P063/P063_Aligned.sortedByCoord.out.bam --OUTPUT results/star/P063/P063_Aligned.sortedByCoord.withRG.bam --RGID P063 --RGLB lib1 --RGPL illumina --RGPU unit1 --RGSM P063 --VERBOSITY INFO --QUIET false --VALIDATION_STRINGENCY STRICT --COMPRESSION_LEVEL 5 --MAX_RECORDS_IN_RAM 500000 --CREATE_INDEX false --CREATE_MD5_FILE false --help false --version false --showHidden false --USE_JDK_DEFLATER false --USE_JDK_INFLATER false
[Fri Sep 27 14:52:25 CEST 2024] Executing as vsc35407@i28l17 on Linux 4.18.0-513.24.1.el8_9.x86_64 amd64; OpenJDK 64-Bit Server VM 17.0.10-internal+0-adhoc..src; Deflater: Intel; Inflater: Intel; Provider GCS is available; Picard version: Version:3.1.1
INFO	2024-09-27 14:52:25	AddOrReplaceReadGroups	Created read-group ID=P063 PL=illumina LB=lib1 SM=P063

INFO	2024-09-27 14:52:41	AddOrReplaceReadGroups	Processed     1,000,000 records.  Elapsed time: 00:00:16s.  Time for last 1,000,000:   16s.  Last read position: chr1:22,865,025
INFO	2024-09-27 14:52:57	AddOrReplaceReadGroups	Processed     2,000,000 records.  Elapsed time: 00:00:32s.  Time for last 1,000,000:   15s.  Last read position: chr1:35,051,545
INFO	2024-09-27 14:53:13	AddOrReplaceReadGroups	Processed     3,000,000 records.  Elapsed time: 00:00:48s.  Time for last 1,000,000:   16s.  Last read position: chr1:51,947,182
INFO	2024-09-27 14:53:31	AddOrReplaceReadGroups	Processed     4,000,000 records.  Elapsed time: 00:01:05s.  Time for last 1,000,000:   17s.  Last read position: chr1:97,022,346
INFO	2024-09-27 14:53:47	AddOrReplaceReadGroups	Processed     5,000,000 records.  Elapsed time: 00:01:22s.  Time for last 1,000,000:   16s.  Last read position: chr1:125,855,459
INFO	2024-09-27 14:53:58	AddOrReplaceReadGroups	Processed     6,000,000 records.  Elapsed time: 00:01:33s.  Time for last 1,000,000:   11s.  Last read position: chr1:153,722,141
INFO	2024-09-27 14:54:08	AddOrReplaceReadGroups	Processed     7,000,000 records.  Elapsed time: 00:01:43s.  Time for last 1,000,000:    9s.  Last read position: chr1:182,223,457
INFO	2024-09-27 14:54:18	AddOrReplaceReadGroups	Processed     8,000,000 records.  Elapsed time: 00:01:53s.  Time for last 1,000,000:   10s.  Last read position: chr1:212,425,304
INFO	2024-09-27 14:54:29	AddOrReplaceReadGroups	Processed     9,000,000 records.  Elapsed time: 00:02:04s.  Time for last 1,000,000:   10s.  Last read position: chr2:3,598,144
INFO	2024-09-27 14:54:39	AddOrReplaceReadGroups	Processed    10,000,000 records.  Elapsed time: 00:02:14s.  Time for last 1,000,000:   10s.  Last read position: chr2:43,972,204
INFO	2024-09-27 14:54:48	AddOrReplaceReadGroups	Processed    11,000,000 records.  Elapsed time: 00:02:23s.  Time for last 1,000,000:    9s.  Last read position: chr2:65,622,686
INFO	2024-09-27 14:54:57	AddOrReplaceReadGroups	Processed    12,000,000 records.  Elapsed time: 00:02:32s.  Time for last 1,000,000:    9s.  Last read position: chr2:100,011,344
INFO	2024-09-27 14:55:07	AddOrReplaceReadGroups	Processed    13,000,000 records.  Elapsed time: 00:02:42s.  Time for last 1,000,000:    9s.  Last read position: chr2:144,705,560
INFO	2024-09-27 14:55:17	AddOrReplaceReadGroups	Processed    14,000,000 records.  Elapsed time: 00:02:52s.  Time for last 1,000,000:   10s.  Last read position: chr2:196,638,931
INFO	2024-09-27 14:55:26	AddOrReplaceReadGroups	Processed    15,000,000 records.  Elapsed time: 00:03:01s.  Time for last 1,000,000:    9s.  Last read position: chr2:230,459,826
INFO	2024-09-27 14:55:35	AddOrReplaceReadGroups	Processed    16,000,000 records.  Elapsed time: 00:03:10s.  Time for last 1,000,000:    9s.  Last read position: chr3:15,740,997
INFO	2024-09-27 14:55:44	AddOrReplaceReadGroups	Processed    17,000,000 records.  Elapsed time: 00:03:19s.  Time for last 1,000,000:    9s.  Last read position: chr3:37,343,544
INFO	2024-09-27 14:55:54	AddOrReplaceReadGroups	Processed    18,000,000 records.  Elapsed time: 00:03:28s.  Time for last 1,000,000:    9s.  Last read position: chr3:52,026,662
INFO	2024-09-27 14:56:03	AddOrReplaceReadGroups	Processed    19,000,000 records.  Elapsed time: 00:03:38s.  Time for last 1,000,000:    9s.  Last read position: chr3:117,058,454
INFO	2024-09-27 14:56:13	AddOrReplaceReadGroups	Processed    20,000,000 records.  Elapsed time: 00:03:48s.  Time for last 1,000,000:    9s.  Last read position: chr3:152,489,766
INFO	2024-09-27 14:56:22	AddOrReplaceReadGroups	Processed    21,000,000 records.  Elapsed time: 00:03:57s.  Time for last 1,000,000:    9s.  Last read position: chr3:188,919,650
INFO	2024-09-27 14:56:32	AddOrReplaceReadGroups	Processed    22,000,000 records.  Elapsed time: 00:04:07s.  Time for last 1,000,000:    9s.  Last read position: chr4:26,880,008
INFO	2024-09-27 14:56:41	AddOrReplaceReadGroups	Processed    23,000,000 records.  Elapsed time: 00:04:16s.  Time for last 1,000,000:    9s.  Last read position: chr4:85,689,720
INFO	2024-09-27 14:56:51	AddOrReplaceReadGroups	Processed    24,000,000 records.  Elapsed time: 00:04:26s.  Time for last 1,000,000:   10s.  Last read position: chr4:148,324,182
INFO	2024-09-27 14:57:02	AddOrReplaceReadGroups	Processed    25,000,000 records.  Elapsed time: 00:04:36s.  Time for last 1,000,000:   10s.  Last read position: chr5:21,626,857
INFO	2024-09-27 14:57:11	AddOrReplaceReadGroups	Processed    26,000,000 records.  Elapsed time: 00:04:46s.  Time for last 1,000,000:    9s.  Last read position: chr5:70,673,277
INFO	2024-09-27 14:57:21	AddOrReplaceReadGroups	Processed    27,000,000 records.  Elapsed time: 00:04:55s.  Time for last 1,000,000:    9s.  Last read position: chr5:109,849,328
INFO	2024-09-27 14:57:30	AddOrReplaceReadGroups	Processed    28,000,000 records.  Elapsed time: 00:05:05s.  Time for last 1,000,000:    9s.  Last read position: chr5:140,148,446
INFO	2024-09-27 14:57:40	AddOrReplaceReadGroups	Processed    29,000,000 records.  Elapsed time: 00:05:15s.  Time for last 1,000,000:   10s.  Last read position: chr5:173,480,984
INFO	2024-09-27 14:57:50	AddOrReplaceReadGroups	Processed    30,000,000 records.  Elapsed time: 00:05:25s.  Time for last 1,000,000:    9s.  Last read position: chr6:16,005,359
INFO	2024-09-27 14:57:58	AddOrReplaceReadGroups	Processed    31,000,000 records.  Elapsed time: 00:05:33s.  Time for last 1,000,000:    8s.  Last read position: chr6:26,073,140
INFO	2024-09-27 14:58:07	AddOrReplaceReadGroups	Processed    32,000,000 records.  Elapsed time: 00:05:42s.  Time for last 1,000,000:    8s.  Last read position: chr6:31,137,970
INFO	2024-09-27 14:58:16	AddOrReplaceReadGroups	Processed    33,000,000 records.  Elapsed time: 00:05:50s.  Time for last 1,000,000:    8s.  Last read position: chr6:43,271,342
INFO	2024-09-27 14:58:23	AddOrReplaceReadGroups	Processed    34,000,000 records.  Elapsed time: 00:05:58s.  Time for last 1,000,000:    7s.  Last read position: chr6:52,835,204
INFO	2024-09-27 14:58:30	AddOrReplaceReadGroups	Processed    35,000,000 records.  Elapsed time: 00:06:05s.  Time for last 1,000,000:    7s.  Last read position: chr6:52,835,231
INFO	2024-09-27 14:58:38	AddOrReplaceReadGroups	Processed    36,000,000 records.  Elapsed time: 00:06:13s.  Time for last 1,000,000:    7s.  Last read position: chr6:52,835,326
INFO	2024-09-27 14:58:45	AddOrReplaceReadGroups	Processed    37,000,000 records.  Elapsed time: 00:06:20s.  Time for last 1,000,000:    6s.  Last read position: chr6:52,835,331
INFO	2024-09-27 14:58:53	AddOrReplaceReadGroups	Processed    38,000,000 records.  Elapsed time: 00:06:28s.  Time for last 1,000,000:    8s.  Last read position: chr6:73,832,907
INFO	2024-09-27 14:59:00	AddOrReplaceReadGroups	Processed    39,000,000 records.  Elapsed time: 00:06:35s.  Time for last 1,000,000:    7s.  Last read position: chr6:74,696,522
INFO	2024-09-27 14:59:09	AddOrReplaceReadGroups	Processed    40,000,000 records.  Elapsed time: 00:06:44s.  Time for last 1,000,000:    9s.  Last read position: chr6:117,462,585
INFO	2024-09-27 14:59:19	AddOrReplaceReadGroups	Processed    41,000,000 records.  Elapsed time: 00:06:54s.  Time for last 1,000,000:    9s.  Last read position: chr6:161,024,928
INFO	2024-09-27 14:59:29	AddOrReplaceReadGroups	Processed    42,000,000 records.  Elapsed time: 00:07:04s.  Time for last 1,000,000:    9s.  Last read position: chr7:33,952,476
INFO	2024-09-27 14:59:38	AddOrReplaceReadGroups	Processed    43,000,000 records.  Elapsed time: 00:07:13s.  Time for last 1,000,000:    9s.  Last read position: chr7:76,411,857
INFO	2024-09-27 14:59:47	AddOrReplaceReadGroups	Processed    44,000,000 records.  Elapsed time: 00:07:22s.  Time for last 1,000,000:    9s.  Last read position: chr7:108,855,317
INFO	2024-09-27 14:59:57	AddOrReplaceReadGroups	Processed    45,000,000 records.  Elapsed time: 00:07:31s.  Time for last 1,000,000:    9s.  Last read position: chr7:144,152,492
INFO	2024-09-27 15:00:06	AddOrReplaceReadGroups	Processed    46,000,000 records.  Elapsed time: 00:07:41s.  Time for last 1,000,000:    9s.  Last read position: chr8:20,482,386
INFO	2024-09-27 15:00:15	AddOrReplaceReadGroups	Processed    47,000,000 records.  Elapsed time: 00:07:50s.  Time for last 1,000,000:    9s.  Last read position: chr8:53,086,550
INFO	2024-09-27 15:00:24	AddOrReplaceReadGroups	Processed    48,000,000 records.  Elapsed time: 00:07:59s.  Time for last 1,000,000:    8s.  Last read position: chr8:81,406,455
INFO	2024-09-27 15:00:33	AddOrReplaceReadGroups	Processed    49,000,000 records.  Elapsed time: 00:08:08s.  Time for last 1,000,000:    8s.  Last read position: chr8:104,293,110
INFO	2024-09-27 15:00:42	AddOrReplaceReadGroups	Processed    50,000,000 records.  Elapsed time: 00:08:17s.  Time for last 1,000,000:    9s.  Last read position: chr8:145,145,244
INFO	2024-09-27 15:00:51	AddOrReplaceReadGroups	Processed    51,000,000 records.  Elapsed time: 00:08:25s.  Time for last 1,000,000:    8s.  Last read position: chr9:35,678,424
INFO	2024-09-27 15:00:59	AddOrReplaceReadGroups	Processed    52,000,000 records.  Elapsed time: 00:08:34s.  Time for last 1,000,000:    8s.  Last read position: chr9:90,188,649
INFO	2024-09-27 15:01:08	AddOrReplaceReadGroups	Processed    53,000,000 records.  Elapsed time: 00:08:43s.  Time for last 1,000,000:    9s.  Last read position: chr9:135,045,688
INFO	2024-09-27 15:01:17	AddOrReplaceReadGroups	Processed    54,000,000 records.  Elapsed time: 00:08:52s.  Time for last 1,000,000:    9s.  Last read position: chr9:149,314,397
INFO	2024-09-27 15:01:26	AddOrReplaceReadGroups	Processed    55,000,000 records.  Elapsed time: 00:09:01s.  Time for last 1,000,000:    8s.  Last read position: chr10:17,683,547
INFO	2024-09-27 15:01:35	AddOrReplaceReadGroups	Processed    56,000,000 records.  Elapsed time: 00:09:10s.  Time for last 1,000,000:    9s.  Last read position: chr10:47,823,132
INFO	2024-09-27 15:01:45	AddOrReplaceReadGroups	Processed    57,000,000 records.  Elapsed time: 00:09:19s.  Time for last 1,000,000:    9s.  Last read position: chr10:78,904,400
INFO	2024-09-27 15:01:54	AddOrReplaceReadGroups	Processed    58,000,000 records.  Elapsed time: 00:09:28s.  Time for last 1,000,000:    9s.  Last read position: chr10:97,838,507
INFO	2024-09-27 15:02:03	AddOrReplaceReadGroups	Processed    59,000,000 records.  Elapsed time: 00:09:38s.  Time for last 1,000,000:    9s.  Last read position: chr10:123,873,660
INFO	2024-09-27 15:02:12	AddOrReplaceReadGroups	Processed    60,000,000 records.  Elapsed time: 00:09:46s.  Time for last 1,000,000:    8s.  Last read position: chr11:9,231,025
INFO	2024-09-27 15:02:21	AddOrReplaceReadGroups	Processed    61,000,000 records.  Elapsed time: 00:09:55s.  Time for last 1,000,000:    9s.  Last read position: chr11:43,547,051
INFO	2024-09-27 15:02:29	AddOrReplaceReadGroups	Processed    62,000,000 records.  Elapsed time: 00:10:04s.  Time for last 1,000,000:    8s.  Last read position: chr11:62,831,033
INFO	2024-09-27 15:02:37	AddOrReplaceReadGroups	Processed    63,000,000 records.  Elapsed time: 00:10:12s.  Time for last 1,000,000:    8s.  Last read position: chr11:65,498,271
INFO	2024-09-27 15:02:46	AddOrReplaceReadGroups	Processed    64,000,000 records.  Elapsed time: 00:10:21s.  Time for last 1,000,000:    8s.  Last read position: chr11:72,957,407
INFO	2024-09-27 15:02:55	AddOrReplaceReadGroups	Processed    65,000,000 records.  Elapsed time: 00:10:30s.  Time for last 1,000,000:    9s.  Last read position: chr11:108,292,479
INFO	2024-09-27 15:03:04	AddOrReplaceReadGroups	Processed    66,000,000 records.  Elapsed time: 00:10:39s.  Time for last 1,000,000:    9s.  Last read position: chr11:134,245,697
INFO	2024-09-27 15:03:13	AddOrReplaceReadGroups	Processed    67,000,000 records.  Elapsed time: 00:10:47s.  Time for last 1,000,000:    8s.  Last read position: chr12:26,304,717
INFO	2024-09-27 15:03:22	AddOrReplaceReadGroups	Processed    68,000,000 records.  Elapsed time: 00:10:56s.  Time for last 1,000,000:    9s.  Last read position: chr12:56,085,152
INFO	2024-09-27 15:03:31	AddOrReplaceReadGroups	Processed    69,000,000 records.  Elapsed time: 00:11:06s.  Time for last 1,000,000:    9s.  Last read position: chr12:96,350,834
INFO	2024-09-27 15:03:40	AddOrReplaceReadGroups	Processed    70,000,000 records.  Elapsed time: 00:11:15s.  Time for last 1,000,000:    8s.  Last read position: chr12:116,242,766
INFO	2024-09-27 15:03:49	AddOrReplaceReadGroups	Processed    71,000,000 records.  Elapsed time: 00:11:23s.  Time for last 1,000,000:    8s.  Last read position: chr12:132,098,710
INFO	2024-09-27 15:03:59	AddOrReplaceReadGroups	Processed    72,000,000 records.  Elapsed time: 00:11:34s.  Time for last 1,000,000:   10s.  Last read position: chr13:9,023,891
INFO	2024-09-27 15:04:11	AddOrReplaceReadGroups	Processed    73,000,000 records.  Elapsed time: 00:11:46s.  Time for last 1,000,000:   11s.  Last read position: chr13:9,116,718
INFO	2024-09-27 15:04:21	AddOrReplaceReadGroups	Processed    74,000,000 records.  Elapsed time: 00:11:56s.  Time for last 1,000,000:   10s.  Last read position: chr13:9,163,991
INFO	2024-09-27 15:04:32	AddOrReplaceReadGroups	Processed    75,000,000 records.  Elapsed time: 00:12:07s.  Time for last 1,000,000:   11s.  Last read position: chr13:9,255,236
INFO	2024-09-27 15:04:40	AddOrReplaceReadGroups	Processed    76,000,000 records.  Elapsed time: 00:12:14s.  Time for last 1,000,000:    7s.  Last read position: chr13:9,297,421
INFO	2024-09-27 15:04:50	AddOrReplaceReadGroups	Processed    77,000,000 records.  Elapsed time: 00:12:25s.  Time for last 1,000,000:   10s.  Last read position: chr13:24,532,037
INFO	2024-09-27 15:04:59	AddOrReplaceReadGroups	Processed    78,000,000 records.  Elapsed time: 00:12:34s.  Time for last 1,000,000:    8s.  Last read position: chr13:45,255,947
INFO	2024-09-27 15:05:08	AddOrReplaceReadGroups	Processed    79,000,000 records.  Elapsed time: 00:12:43s.  Time for last 1,000,000:    9s.  Last read position: chr13:101,834,288
INFO	2024-09-27 15:05:18	AddOrReplaceReadGroups	Processed    80,000,000 records.  Elapsed time: 00:12:53s.  Time for last 1,000,000:   10s.  Last read position: chr14:2,729,210
INFO	2024-09-27 15:05:26	AddOrReplaceReadGroups	Processed    81,000,000 records.  Elapsed time: 00:13:01s.  Time for last 1,000,000:    7s.  Last read position: chr14:14,539,984
INFO	2024-09-27 15:05:32	AddOrReplaceReadGroups	Processed    82,000,000 records.  Elapsed time: 00:13:07s.  Time for last 1,000,000:    6s.  Last read position: chr14:14,540,147
INFO	2024-09-27 15:05:41	AddOrReplaceReadGroups	Processed    83,000,000 records.  Elapsed time: 00:13:16s.  Time for last 1,000,000:    8s.  Last read position: chr14:29,926,323
INFO	2024-09-27 15:05:49	AddOrReplaceReadGroups	Processed    84,000,000 records.  Elapsed time: 00:13:23s.  Time for last 1,000,000:    7s.  Last read position: chr14:43,784,854
INFO	2024-09-27 15:05:55	AddOrReplaceReadGroups	Processed    85,000,000 records.  Elapsed time: 00:13:30s.  Time for last 1,000,000:    6s.  Last read position: chr14:43,784,889
INFO	2024-09-27 15:06:02	AddOrReplaceReadGroups	Processed    86,000,000 records.  Elapsed time: 00:13:37s.  Time for last 1,000,000:    6s.  Last read position: chr14:43,784,957
INFO	2024-09-27 15:06:08	AddOrReplaceReadGroups	Processed    87,000,000 records.  Elapsed time: 00:13:43s.  Time for last 1,000,000:    6s.  Last read position: chr14:43,784,970
INFO	2024-09-27 15:06:15	AddOrReplaceReadGroups	Processed    88,000,000 records.  Elapsed time: 00:13:50s.  Time for last 1,000,000:    6s.  Last read position: chr14:44,067,788
INFO	2024-09-27 15:06:22	AddOrReplaceReadGroups	Processed    89,000,000 records.  Elapsed time: 00:13:57s.  Time for last 1,000,000:    6s.  Last read position: chr14:44,067,804
INFO	2024-09-27 15:06:29	AddOrReplaceReadGroups	Processed    90,000,000 records.  Elapsed time: 00:14:03s.  Time for last 1,000,000:    6s.  Last read position: chr14:44,067,876
INFO	2024-09-27 15:06:35	AddOrReplaceReadGroups	Processed    91,000,000 records.  Elapsed time: 00:14:10s.  Time for last 1,000,000:    6s.  Last read position: chr14:44,067,905
INFO	2024-09-27 15:06:43	AddOrReplaceReadGroups	Processed    92,000,000 records.  Elapsed time: 00:14:18s.  Time for last 1,000,000:    8s.  Last read position: chr14:48,729,097
INFO	2024-09-27 15:06:52	AddOrReplaceReadGroups	Processed    93,000,000 records.  Elapsed time: 00:14:27s.  Time for last 1,000,000:    9s.  Last read position: chr14:65,222,488
INFO	2024-09-27 15:07:01	AddOrReplaceReadGroups	Processed    94,000,000 records.  Elapsed time: 00:14:36s.  Time for last 1,000,000:    9s.  Last read position: chr14:94,220,988
INFO	2024-09-27 15:07:11	AddOrReplaceReadGroups	Processed    95,000,000 records.  Elapsed time: 00:14:46s.  Time for last 1,000,000:    9s.  Last read position: chr15:4,396,483
INFO	2024-09-27 15:07:22	AddOrReplaceReadGroups	Processed    96,000,000 records.  Elapsed time: 00:14:57s.  Time for last 1,000,000:   10s.  Last read position: chr15:4,533,069
INFO	2024-09-27 15:07:32	AddOrReplaceReadGroups	Processed    97,000,000 records.  Elapsed time: 00:15:07s.  Time for last 1,000,000:   10s.  Last read position: chr15:4,661,056
INFO	2024-09-27 15:07:41	AddOrReplaceReadGroups	Processed    98,000,000 records.  Elapsed time: 00:15:16s.  Time for last 1,000,000:    8s.  Last read position: chr15:4,701,930
INFO	2024-09-27 15:07:47	AddOrReplaceReadGroups	Processed    99,000,000 records.  Elapsed time: 00:15:22s.  Time for last 1,000,000:    6s.  Last read position: chr15:4,706,692
INFO	2024-09-27 15:07:57	AddOrReplaceReadGroups	Processed   100,000,000 records.  Elapsed time: 00:15:32s.  Time for last 1,000,000:   10s.  Last read position: chr15:46,841,801
INFO	2024-09-27 15:08:06	AddOrReplaceReadGroups	Processed   101,000,000 records.  Elapsed time: 00:15:41s.  Time for last 1,000,000:    9s.  Last read position: chr15:64,320,890
INFO	2024-09-27 15:08:15	AddOrReplaceReadGroups	Processed   102,000,000 records.  Elapsed time: 00:15:50s.  Time for last 1,000,000:    8s.  Last read position: chr15:88,159,618
INFO	2024-09-27 15:08:24	AddOrReplaceReadGroups	Processed   103,000,000 records.  Elapsed time: 00:15:59s.  Time for last 1,000,000:    8s.  Last read position: chr16:11,930,753
INFO	2024-09-27 15:08:33	AddOrReplaceReadGroups	Processed   104,000,000 records.  Elapsed time: 00:16:08s.  Time for last 1,000,000:    9s.  Last read position: chr16:22,768,345
INFO	2024-09-27 15:08:42	AddOrReplaceReadGroups	Processed   105,000,000 records.  Elapsed time: 00:16:17s.  Time for last 1,000,000:    9s.  Last read position: chr16:60,680,196
INFO	2024-09-27 15:08:52	AddOrReplaceReadGroups	Processed   106,000,000 records.  Elapsed time: 00:16:27s.  Time for last 1,000,000:    9s.  Last read position: chr16:94,765,763
INFO	2024-09-27 15:09:01	AddOrReplaceReadGroups	Processed   107,000,000 records.  Elapsed time: 00:16:36s.  Time for last 1,000,000:    8s.  Last read position: chr17:15,972,389
INFO	2024-09-27 15:09:09	AddOrReplaceReadGroups	Processed   108,000,000 records.  Elapsed time: 00:16:44s.  Time for last 1,000,000:    8s.  Last read position: chr17:28,995,082
INFO	2024-09-27 15:09:18	AddOrReplaceReadGroups	Processed   109,000,000 records.  Elapsed time: 00:16:53s.  Time for last 1,000,000:    8s.  Last read position: chr17:43,876,629
INFO	2024-09-27 15:09:28	AddOrReplaceReadGroups	Processed   110,000,000 records.  Elapsed time: 00:17:03s.  Time for last 1,000,000:    9s.  Last read position: chr17:60,199,882
INFO	2024-09-27 15:09:37	AddOrReplaceReadGroups	Processed   111,000,000 records.  Elapsed time: 00:17:12s.  Time for last 1,000,000:    9s.  Last read position: chr17:77,624,664
INFO	2024-09-27 15:09:46	AddOrReplaceReadGroups	Processed   112,000,000 records.  Elapsed time: 00:17:21s.  Time for last 1,000,000:    8s.  Last read position: chr18:21,296,390
INFO	2024-09-27 15:09:55	AddOrReplaceReadGroups	Processed   113,000,000 records.  Elapsed time: 00:17:30s.  Time for last 1,000,000:    9s.  Last read position: chr19:535,369
INFO	2024-09-27 15:10:04	AddOrReplaceReadGroups	Processed   114,000,000 records.  Elapsed time: 00:17:39s.  Time for last 1,000,000:    8s.  Last read position: chr19:5,677,275
INFO	2024-09-27 15:10:13	AddOrReplaceReadGroups	Processed   115,000,000 records.  Elapsed time: 00:17:47s.  Time for last 1,000,000:    8s.  Last read position: chr19:14,860,055
INFO	2024-09-27 15:10:22	AddOrReplaceReadGroups	Processed   116,000,000 records.  Elapsed time: 00:17:57s.  Time for last 1,000,000:    9s.  Last read position: chr19:23,498,964
INFO	2024-09-27 15:10:31	AddOrReplaceReadGroups	Processed   117,000,000 records.  Elapsed time: 00:18:06s.  Time for last 1,000,000:    9s.  Last read position: chr19:46,408,729
INFO	2024-09-27 15:10:39	AddOrReplaceReadGroups	Processed   118,000,000 records.  Elapsed time: 00:18:14s.  Time for last 1,000,000:    8s.  Last read position: chr19:52,492,016
INFO	2024-09-27 15:10:48	AddOrReplaceReadGroups	Processed   119,000,000 records.  Elapsed time: 00:18:23s.  Time for last 1,000,000:    8s.  Last read position: chr20:3,980,657
INFO	2024-09-27 15:10:57	AddOrReplaceReadGroups	Processed   120,000,000 records.  Elapsed time: 00:18:32s.  Time for last 1,000,000:    9s.  Last read position: chr20:40,297,298
INFO	2024-09-27 15:11:07	AddOrReplaceReadGroups	Processed   121,000,000 records.  Elapsed time: 00:18:42s.  Time for last 1,000,000:   10s.  Last read position: chr21:3,113,290
INFO	2024-09-27 15:11:19	AddOrReplaceReadGroups	Processed   122,000,000 records.  Elapsed time: 00:18:54s.  Time for last 1,000,000:   11s.  Last read position: chr21:5,299,396
INFO	2024-09-27 15:11:31	AddOrReplaceReadGroups	Processed   123,000,000 records.  Elapsed time: 00:19:06s.  Time for last 1,000,000:   11s.  Last read position: chr21:32,475,553
INFO	2024-09-27 15:11:41	AddOrReplaceReadGroups	Processed   124,000,000 records.  Elapsed time: 00:19:15s.  Time for last 1,000,000:    9s.  Last read position: chr22:5,457,037
INFO	2024-09-27 15:11:51	AddOrReplaceReadGroups	Processed   125,000,000 records.  Elapsed time: 00:19:26s.  Time for last 1,000,000:   10s.  Last read position: chr22:26,235,105
INFO	2024-09-27 15:12:00	AddOrReplaceReadGroups	Processed   126,000,000 records.  Elapsed time: 00:19:35s.  Time for last 1,000,000:    8s.  Last read position: chr22:40,883,763
INFO	2024-09-27 15:12:09	AddOrReplaceReadGroups	Processed   127,000,000 records.  Elapsed time: 00:19:44s.  Time for last 1,000,000:    9s.  Last read position: chrX:37,720,874
INFO	2024-09-27 15:12:18	AddOrReplaceReadGroups	Processed   128,000,000 records.  Elapsed time: 00:19:53s.  Time for last 1,000,000:    9s.  Last read position: chrX:99,835,909
INFO	2024-09-27 15:12:27	AddOrReplaceReadGroups	Processed   129,000,000 records.  Elapsed time: 00:20:02s.  Time for last 1,000,000:    9s.  Last read position: chrY:19,463,942
INFO	2024-09-27 15:12:35	AddOrReplaceReadGroups	Processed   130,000,000 records.  Elapsed time: 00:20:10s.  Time for last 1,000,000:    7s.  Last read position: chrM:6,780
[Fri Sep 27 15:12:38 CEST 2024] picard.sam.AddOrReplaceReadGroups done. Elapsed time: 20.24 minutes.
Runtime.totalMemory()=538968064
