Read1 before filtering:
total reads: 61055907
total bases: 9158386050
Q20 bases: 8973281947(97.9789%)
Q30 bases: 8694514966(94.935%)

Read2 before filtering:
total reads: 61055907
total bases: 9158386050
Q20 bases: 8946849796(97.6902%)
Q30 bases: 8610636920(94.0192%)

Read1 after filtering:
total reads: 60402184
total bases: 9008146340
Q20 bases: 8855703192(98.3077%)
Q30 bases: 8592154639(95.382%)

Read2 after filtering:
total reads: 60402184
total bases: 9007495782
Q20 bases: 8841335476(98.1553%)
Q30 bases: 8522414295(94.6147%)

Filtering result:
reads passed filter: 120804368
reads failed due to low quality: 1298190
reads failed due to too many N: 38
reads failed due to too short: 9218
reads with adapter trimmed: 4139300
bases trimmed due to adapters: 96512150

Duplication rate: 54.3375%

Insert size peak (evaluated by paired-end reads): 252

JSON report: logs/fastp/P065/P065_rna.fastp.json
HTML report: logs/fastp/P065/P065_rna.fastp.html

fastp -w 12 -i /staging/leuven/stg_00096/home/rdewin/data/TALL_IF/TALL_IF/RNAseq/fastq/batch2/R0096/R0096_1.fq.gz -I /staging/leuven/stg_00096/home/rdewin/data/TALL_IF/TALL_IF/RNAseq/fastq/batch2/R0096/R0096_2.fq.gz -o results/fastp/P065/P065_rna_R1.trimmed.fq -O results/fastp/P065/P065_rna_R2.trimmed.fq -j logs/fastp/P065/P065_rna.fastp.json -h logs/fastp/P065/P065_rna.fastp.html 
fastp v0.23.4, time used: 829 seconds
