Using GATK jar /lustre1/project/stg_00096/home/rdewin/system/miniconda/envs/WGS/share/gatk4-4.5.0.0-0/gatk-package-4.5.0.0-local.jar
Running:
    java -Dsamjdk.use_async_io_read_samtools=false -Dsamjdk.use_async_io_write_samtools=true -Dsamjdk.use_async_io_write_tribble=false -Dsamjdk.compression_level=2 -jar /lustre1/project/stg_00096/home/rdewin/system/miniconda/envs/WGS/share/gatk4-4.5.0.0-0/gatk-package-4.5.0.0-local.jar GetPileupSummaries -I results/recal/P017/P017_dna_tumor_recal.bam -L resources/filtered_gnomad_chr.vcf.gz -V resources/filtered_gnomad_chr.vcf.gz -O results/mutect2/P017/P017_tumor_pileup_summaries.table
14:00:02.314 INFO  NativeLibraryLoader - Loading libgkl_compression.so from jar:file:/lustre1/project/stg_00096/home/rdewin/system/miniconda/envs/WGS/share/gatk4-4.5.0.0-0/gatk-package-4.5.0.0-local.jar!/com/intel/gkl/native/libgkl_compression.so
14:00:02.429 INFO  GetPileupSummaries - ------------------------------------------------------------
14:00:02.432 INFO  GetPileupSummaries - The Genome Analysis Toolkit (GATK) v4.5.0.0
14:00:02.432 INFO  GetPileupSummaries - For support and documentation go to https://software.broadinstitute.org/gatk/
14:00:02.432 INFO  GetPileupSummaries - Executing as vsc35407@i28l20 on Linux v4.18.0-513.24.1.el8_9.x86_64 amd64
14:00:02.432 INFO  GetPileupSummaries - Java runtime: OpenJDK 64-Bit Server VM v17.0.10-internal+0-adhoc..src
14:00:02.432 INFO  GetPileupSummaries - Start Date/Time: July 14, 2024 at 2:00:02 PM CEST
14:00:02.432 INFO  GetPileupSummaries - ------------------------------------------------------------
14:00:02.432 INFO  GetPileupSummaries - ------------------------------------------------------------
14:00:02.433 INFO  GetPileupSummaries - HTSJDK Version: 4.1.0
14:00:02.433 INFO  GetPileupSummaries - Picard Version: 3.1.1
14:00:02.433 INFO  GetPileupSummaries - Built for Spark Version: 3.5.0
14:00:02.433 INFO  GetPileupSummaries - HTSJDK Defaults.COMPRESSION_LEVEL : 2
14:00:02.434 INFO  GetPileupSummaries - HTSJDK Defaults.USE_ASYNC_IO_READ_FOR_SAMTOOLS : false
14:00:02.434 INFO  GetPileupSummaries - HTSJDK Defaults.USE_ASYNC_IO_WRITE_FOR_SAMTOOLS : true
14:00:02.434 INFO  GetPileupSummaries - HTSJDK Defaults.USE_ASYNC_IO_WRITE_FOR_TRIBBLE : false
14:00:02.434 INFO  GetPileupSummaries - Deflater: IntelDeflater
14:00:02.434 INFO  GetPileupSummaries - Inflater: IntelInflater
14:00:02.434 INFO  GetPileupSummaries - GCS max retries/reopens: 20
14:00:02.434 INFO  GetPileupSummaries - Requester pays: disabled
14:00:02.435 INFO  GetPileupSummaries - Initializing engine
14:00:02.574 INFO  FeatureManager - Using codec VCFCodec to read file file:///lustre1/project/stg_00096/home/rdewin/WGS/resources/filtered_gnomad_chr.vcf.gz
14:00:02.696 INFO  FeatureManager - Using codec VCFCodec to read file file:///lustre1/project/stg_00096/home/rdewin/WGS/resources/filtered_gnomad_chr.vcf.gz
14:01:26.742 INFO  IntervalArgumentCollection - Processing 8916026 bp from intervals
14:01:26.945 INFO  GetPileupSummaries - Done initializing engine
14:01:26.965 INFO  ProgressMeter - Starting traversal
14:01:26.965 INFO  ProgressMeter -        Current Locus  Elapsed Minutes        Loci Processed      Loci/Minute
14:02:05.814 INFO  ProgressMeter -          chr1:253803              0.6                  1000           1544.5
14:02:15.935 INFO  ProgressMeter -         chr1:7785219              0.8                 31000          37982.4
14:02:26.198 INFO  ProgressMeter -        chr1:16706659              1.0                 63000          63815.8
14:02:36.498 INFO  ProgressMeter -        chr1:26041259              1.2                 92000          79386.8
14:02:47.170 INFO  ProgressMeter -        chr1:32299332              1.3                109000          81541.1
14:02:57.947 INFO  ProgressMeter -        chr1:37170122              1.5                122000          80455.5
14:03:08.481 INFO  ProgressMeter -        chr1:41616612              1.7                135000          79790.4
14:03:18.511 INFO  ProgressMeter -        chr1:46403810              1.9                146000          78533.3
14:03:28.855 INFO  ProgressMeter -        chr1:51414918              2.0                158000          77775.7
14:03:39.042 INFO  ProgressMeter -        chr1:55550297              2.2                171000          77682.0
14:03:49.325 INFO  ProgressMeter -        chr1:59808795              2.4                184000          77549.9
14:03:59.500 INFO  ProgressMeter -        chr1:64276654              2.5                197000          77490.4
14:04:10.274 INFO  ProgressMeter -        chr1:69200692              2.7                210000          77154.4
14:04:20.785 INFO  ProgressMeter -        chr1:74625008              2.9                223000          76976.2
14:04:31.021 INFO  ProgressMeter -        chr1:79391259              3.1                236000          76933.1
14:04:41.516 INFO  ProgressMeter -        chr1:84084002              3.2                250000          77100.6
14:04:51.941 INFO  ProgressMeter -        chr1:90659119              3.4                268000          78448.2
14:05:02.542 INFO  ProgressMeter -        chr1:97966530              3.6                286000          79600.7
14:05:12.837 INFO  ProgressMeter -       chr1:104596279              3.8                306000          81285.0
14:05:22.893 INFO  ProgressMeter -       chr1:111111849              3.9                324000          82398.4
14:05:33.037 INFO  ProgressMeter -       chr1:117267414              4.1                342000          83390.2
14:05:43.437 INFO  ProgressMeter -       chr1:144560729              4.3                363000          84921.6
14:05:53.840 INFO  ProgressMeter -       chr1:151233493              4.4                382000          85882.9
14:06:03.941 INFO  ProgressMeter -       chr1:157532173              4.6                400000          86650.1
14:06:14.470 INFO  ProgressMeter -       chr1:164001551              4.8                419000          87442.0
14:06:25.039 INFO  ProgressMeter -       chr1:170195170              5.0                438000          88166.0
14:06:35.155 INFO  ProgressMeter -       chr1:177120144              5.1                455000          88582.0
14:06:45.467 INFO  ProgressMeter -       chr1:183591846              5.3                473000          89104.6
14:06:55.687 INFO  ProgressMeter -       chr1:190330137              5.5                493000          89984.9
14:07:05.876 INFO  ProgressMeter -       chr1:197484484              5.6                512000          90643.3
14:07:16.255 INFO  ProgressMeter -       chr1:203978670              5.8                530000          91042.1
14:07:26.790 INFO  ProgressMeter -       chr1:210124565              6.0                548000          91377.8
14:07:36.804 INFO  ProgressMeter -       chr1:216055980              6.2                566000          91823.7
14:07:47.366 INFO  ProgressMeter -       chr1:222739945              6.3                585000          92271.1
14:07:57.737 INFO  ProgressMeter -       chr1:229139771              6.5                603000          92586.0
14:08:08.266 INFO  ProgressMeter -       chr1:235095935              6.7                622000          92997.8
14:08:18.606 INFO  ProgressMeter -       chr1:241055432              6.9                642000          93576.7
14:08:28.687 INFO  ProgressMeter -       chr1:246759481              7.0                661000          94043.0
14:08:38.702 INFO  ProgressMeter -         chr2:3201967              7.2                681000          94641.0
14:08:49.028 INFO  ProgressMeter -         chr2:9112866              7.4                701000          95144.8
14:08:59.487 INFO  ProgressMeter -        chr2:15091978              7.5                721000          95597.6
14:09:09.913 INFO  ProgressMeter -        chr2:21323009              7.7                740000          95907.3
14:09:20.127 INFO  ProgressMeter -        chr2:28251900              7.9                757000          95992.5
14:09:30.513 INFO  ProgressMeter -        chr2:34235398              8.1                776000          96288.3
14:09:40.626 INFO  ProgressMeter -        chr2:39978227              8.2                796000          96746.6
14:09:50.781 INFO  ProgressMeter -        chr2:45645611              8.4                815000          97059.4
14:10:00.959 INFO  ProgressMeter -        chr2:51202377              8.6                833000          97238.5
14:10:11.075 INFO  ProgressMeter -        chr2:56866568              8.7                853000          97651.4
14:10:21.319 INFO  ProgressMeter -        chr2:63848120              8.9                871000          97800.3
14:10:31.586 INFO  ProgressMeter -        chr2:69920429              9.1                890000          98049.8
14:10:41.600 INFO  ProgressMeter -        chr2:75938770              9.2                907000          98118.6
14:10:51.675 INFO  ProgressMeter -        chr2:81823276              9.4                927000          98493.0
14:11:01.934 INFO  ProgressMeter -        chr2:88101723              9.6                947000          98822.7
14:11:12.126 INFO  ProgressMeter -        chr2:99394967              9.8                967000          99152.2
14:11:22.141 INFO  ProgressMeter -       chr2:105894413              9.9                984000          99197.7
14:11:32.372 INFO  ProgressMeter -       chr2:112659042             10.1               1002000          99305.1
14:11:42.560 INFO  ProgressMeter -       chr2:118874073             10.3               1021000          99513.5
14:11:53.055 INFO  ProgressMeter -       chr2:125220130             10.4               1040000          99666.3
14:12:03.431 INFO  ProgressMeter -       chr2:131283461             10.6               1060000          99926.8
14:12:13.651 INFO  ProgressMeter -       chr2:137225921             10.8               1079000         100110.6
14:12:23.880 INFO  ProgressMeter -       chr2:143448044             10.9               1099000         100378.3
14:12:34.212 INFO  ProgressMeter -       chr2:150974824             11.1               1116000         100352.6
14:12:44.816 INFO  ProgressMeter -       chr2:158450661             11.3               1134000         100376.2
14:12:55.204 INFO  ProgressMeter -       chr2:165298279             11.5               1152000         100430.2
14:13:05.740 INFO  ProgressMeter -       chr2:171728083             11.6               1171000         100547.4
14:13:16.188 INFO  ProgressMeter -       chr2:178328422             11.8               1189000         100589.0
14:13:26.226 INFO  ProgressMeter -       chr2:184653848             12.0               1207000         100686.7
14:13:36.397 INFO  ProgressMeter -       chr2:191720926             12.2               1225000         100763.5
14:13:46.765 INFO  ProgressMeter -       chr2:199368135             12.3               1243000         100811.2
14:13:57.061 INFO  ProgressMeter -       chr2:206706054             12.5               1259000         100707.1
14:14:07.304 INFO  ProgressMeter -       chr2:213124005             12.7               1278000         100849.8
14:14:17.405 INFO  ProgressMeter -       chr2:219168537             12.8               1296000         100929.5
14:14:27.477 INFO  ProgressMeter -       chr2:225482170             13.0               1314000         101010.6
14:14:37.630 INFO  ProgressMeter -       chr2:231642704             13.2               1333000         101155.5
14:14:47.963 INFO  ProgressMeter -       chr2:237031954             13.3               1352000         101273.7
14:14:58.302 INFO  ProgressMeter -       chr2:242079851             13.5               1371000         101388.2
14:15:08.714 INFO  ProgressMeter -         chr3:4486380             13.7               1393000         101709.9
14:15:19.151 INFO  ProgressMeter -         chr3:9987361             13.9               1413000         101876.3
14:15:29.707 INFO  ProgressMeter -        chr3:15592293             14.0               1431000         101881.7
14:15:40.059 INFO  ProgressMeter -        chr3:21753319             14.2               1450000         101981.7
14:15:50.522 INFO  ProgressMeter -        chr3:27543926             14.4               1470000         102135.7
14:16:01.080 INFO  ProgressMeter -        chr3:33317003             14.6               1490000         102274.9
14:16:11.533 INFO  ProgressMeter -        chr3:39943375             14.7               1508000         102287.2
14:16:21.962 INFO  ProgressMeter -        chr3:46425223             14.9               1526000         102302.1
14:16:32.290 INFO  ProgressMeter -        chr3:54246526             15.1               1541000         102129.1
14:16:42.704 INFO  ProgressMeter -        chr3:60178987             15.3               1559000         102147.1
14:16:52.928 INFO  ProgressMeter -        chr3:65754505             15.4               1578000         102250.3
14:17:03.074 INFO  ProgressMeter -        chr3:71724260             15.6               1596000         102295.8
14:17:13.091 INFO  ProgressMeter -        chr3:77556046             15.8               1616000         102481.2
14:17:23.597 INFO  ProgressMeter -        chr3:85227921             15.9               1635000         102547.4
14:17:33.850 INFO  ProgressMeter -        chr3:97808168             16.1               1656000         102763.1
14:17:44.342 INFO  ProgressMeter -       chr3:104382958             16.3               1676000         102887.6
14:17:54.771 INFO  ProgressMeter -       chr3:111142743             16.5               1696000         103016.2
14:18:05.050 INFO  ProgressMeter -       chr3:117794271             16.6               1714000         103037.4
14:18:15.100 INFO  ProgressMeter -       chr3:124001118             16.8               1732000         103081.4
14:18:25.335 INFO  ProgressMeter -       chr3:129773233             17.0               1750000         103105.9
14:18:35.486 INFO  ProgressMeter -       chr3:135571546             17.1               1768000         103138.4
14:18:45.832 INFO  ProgressMeter -       chr3:142576052             17.3               1785000         103093.1
14:18:56.023 INFO  ProgressMeter -       chr3:148689462             17.5               1804000         103178.3
14:19:06.276 INFO  ProgressMeter -       chr3:155284167             17.7               1823000         103255.9
14:19:16.673 INFO  ProgressMeter -       chr3:161500201             17.8               1842000         103317.9
14:19:26.887 INFO  ProgressMeter -       chr3:168374306             18.0               1861000         103396.4
14:19:37.260 INFO  ProgressMeter -       chr3:174479884             18.2               1881000         103513.3
14:19:47.321 INFO  ProgressMeter -       chr3:180607639             18.3               1900000         103602.8
14:19:57.561 INFO  ProgressMeter -       chr3:187253220             18.5               1918000         103620.0
14:20:07.949 INFO  ProgressMeter -       chr3:193385796             18.7               1937000         103676.9
14:20:18.177 INFO  ProgressMeter -       chr3:198588103             18.9               1958000         103853.2
14:20:28.596 INFO  ProgressMeter -         chr4:2826858             19.0               1978000         103956.5
14:20:39.024 INFO  ProgressMeter -         chr4:7516044             19.2               1999000         104109.3
14:20:49.351 INFO  ProgressMeter -        chr4:12691816             19.4               2021000         104320.0
14:20:59.604 INFO  ProgressMeter -        chr4:18739926             19.5               2040000         104379.9
14:21:09.669 INFO  ProgressMeter -        chr4:24716477             19.7               2059000         104455.6
14:21:19.937 INFO  ProgressMeter -        chr4:30935431             19.9               2079000         104562.4
14:21:30.022 INFO  ProgressMeter -        chr4:37011192             20.1               2100000         104733.2
14:21:40.353 INFO  ProgressMeter -        chr4:42890368             20.2               2119000         104781.0
14:21:50.858 INFO  ProgressMeter -        chr4:55974114             20.4               2143000         105058.3
14:22:01.185 INFO  ProgressMeter -        chr4:62077991             20.6               2163000         105151.5
14:22:11.544 INFO  ProgressMeter -        chr4:68508110             20.7               2184000         105288.6
14:22:21.556 INFO  ProgressMeter -        chr4:74807117             20.9               2203000         105357.0
14:22:31.869 INFO  ProgressMeter -        chr4:81368982             21.1               2222000         105399.3
14:22:41.940 INFO  ProgressMeter -        chr4:87620795             21.2               2240000         105413.8
14:22:52.418 INFO  ProgressMeter -        chr4:93365099             21.4               2256000         105301.4
14:23:02.517 INFO  ProgressMeter -        chr4:99794966             21.6               2275000         105360.6
14:23:13.006 INFO  ProgressMeter -       chr4:106319806             21.8               2294000         105387.2
14:23:23.266 INFO  ProgressMeter -       chr4:113088466             21.9               2312000         105386.2
14:23:33.456 INFO  ProgressMeter -       chr4:118946449             22.1               2329000         105345.7
14:23:43.945 INFO  ProgressMeter -       chr4:125797931             22.3               2349000         105416.7
14:23:54.301 INFO  ProgressMeter -       chr4:132307881             22.5               2369000         105497.1
14:24:04.326 INFO  ProgressMeter -       chr4:139120909             22.6               2389000         105602.0
14:24:14.792 INFO  ProgressMeter -       chr4:146011254             22.8               2408000         105627.4
14:24:25.221 INFO  ProgressMeter -       chr4:153220302             23.0               2426000         105611.7
14:24:35.568 INFO  ProgressMeter -       chr4:159712796             23.1               2444000         105602.6
14:24:45.720 INFO  ProgressMeter -       chr4:166131208             23.3               2464000         105694.0
14:24:55.873 INFO  ProgressMeter -       chr4:171768203             23.5               2484000         105784.1
14:25:05.930 INFO  ProgressMeter -       chr4:178031181             23.6               2503000         105837.7
14:25:16.393 INFO  ProgressMeter -       chr4:184449197             23.8               2524000         105944.5
14:25:26.526 INFO  ProgressMeter -       chr4:189914158             24.0               2544000         106032.4
14:25:37.004 INFO  ProgressMeter -         chr5:1733303             24.2               2567000         106217.8
14:25:47.014 INFO  ProgressMeter -         chr5:7221997             24.3               2587000         106311.5
14:25:57.256 INFO  ProgressMeter -        chr5:13227553             24.5               2606000         106346.3
14:26:07.383 INFO  ProgressMeter -        chr5:19520601             24.7               2625000         106388.9
14:26:17.635 INFO  ProgressMeter -        chr5:26064859             24.8               2645000         106462.3
14:26:27.775 INFO  ProgressMeter -        chr5:32170232             25.0               2666000         106582.4
14:26:37.777 INFO  ProgressMeter -        chr5:38180988             25.2               2684000         106591.7
14:26:47.919 INFO  ProgressMeter -        chr5:44256733             25.3               2703000         106630.4
14:26:58.320 INFO  ProgressMeter -        chr5:55376163             25.5               2722000         106650.6
14:27:08.401 INFO  ProgressMeter -        chr5:61474348             25.7               2740000         106653.8
14:27:18.720 INFO  ProgressMeter -        chr5:68398618             25.9               2758000         106640.5
14:27:29.324 INFO  ProgressMeter -        chr5:76153747             26.0               2776000         106608.0
14:27:39.815 INFO  ProgressMeter -        chr5:82575349             26.2               2795000         106621.8
14:27:50.283 INFO  ProgressMeter -        chr5:90109092             26.4               2814000         106636.8
14:28:00.500 INFO  ProgressMeter -        chr5:97825822             26.6               2833000         106668.5
14:28:10.639 INFO  ProgressMeter -       chr5:108416505             26.7               2866000         107228.8
14:28:20.807 INFO  ProgressMeter -       chr5:117302482             26.9               2898000         107743.0
14:28:30.952 INFO  ProgressMeter -       chr5:126661510             27.1               2931000         108289.0
14:28:41.126 INFO  ProgressMeter -       chr5:137314825             27.2               2960000         108679.6
14:28:51.227 INFO  ProgressMeter -       chr5:148164894             27.4               2987000         108997.2
14:29:01.399 INFO  ProgressMeter -       chr5:157726607             27.6               3017000         109415.1
14:29:11.459 INFO  ProgressMeter -       chr5:168182590             27.7               3047000         109835.2
14:29:21.581 INFO  ProgressMeter -       chr5:177458583             27.9               3077000         110246.2
14:29:31.922 INFO  ProgressMeter -         chr6:2726987             28.1               3103000         110495.5
14:29:42.329 INFO  ProgressMeter -         chr6:8272612             28.3               3123000         110524.9
14:29:52.540 INFO  ProgressMeter -        chr6:14093032             28.4               3142000         110531.7
14:30:02.573 INFO  ProgressMeter -        chr6:20057766             28.6               3161000         110549.7
14:30:13.013 INFO  ProgressMeter -        chr6:26200773             28.8               3181000         110576.3
14:30:23.048 INFO  ProgressMeter -        chr6:31169267             28.9               3206000         110801.2
14:30:33.097 INFO  ProgressMeter -        chr6:36053787             29.1               3232000         111056.9
14:30:43.236 INFO  ProgressMeter -        chr6:41776334             29.3               3250000         111030.7
14:30:53.644 INFO  ProgressMeter -        chr6:48381438             29.4               3268000         110988.0
14:31:03.713 INFO  ProgressMeter -        chr6:54717832             29.6               3287000         111000.5
14:31:14.077 INFO  ProgressMeter -        chr6:64329916             29.8               3307000         111028.3
14:31:24.549 INFO  ProgressMeter -        chr6:70865171             30.0               3328000         111082.4
14:31:35.115 INFO  ProgressMeter -        chr6:77271598             30.1               3347000         111063.9
14:31:45.538 INFO  ProgressMeter -        chr6:83703007             30.3               3368000         111120.2
14:31:55.547 INFO  ProgressMeter -        chr6:90089234             30.5               3386000         111102.5
14:32:06.070 INFO  ProgressMeter -        chr6:96870919             30.7               3406000         111119.3
14:32:16.326 INFO  ProgressMeter -       chr6:103678174             30.8               3424000         111087.0
14:32:26.835 INFO  ProgressMeter -       chr6:110379854             31.0               3444000         111104.5
14:32:37.037 INFO  ProgressMeter -       chr6:116966153             31.2               3462000         111075.9
14:32:47.525 INFO  ProgressMeter -       chr6:123849687             31.3               3481000         111062.7
14:32:57.799 INFO  ProgressMeter -       chr6:130557342             31.5               3499000         111030.4
14:33:08.520 INFO  ProgressMeter -       chr6:136650402             31.7               3519000         111035.4
14:33:18.996 INFO  ProgressMeter -       chr6:143507113             31.9               3538000         111023.3
14:33:29.087 INFO  ProgressMeter -       chr6:149798870             32.0               3556000         111002.4
14:33:39.141 INFO  ProgressMeter -       chr6:155498774             32.2               3575000         111014.7
14:33:49.405 INFO  ProgressMeter -       chr6:161373296             32.4               3594000         111015.1
14:33:59.966 INFO  ProgressMeter -       chr6:167149695             32.6               3613000         110998.5
14:34:10.387 INFO  ProgressMeter -          chr7:221988             32.7               3634000         111051.0
14:34:20.729 INFO  ProgressMeter -         chr7:4782531             32.9               3655000         111107.5
14:34:30.949 INFO  ProgressMeter -         chr7:9504932             33.1               3677000         111200.5
14:34:41.178 INFO  ProgressMeter -        chr7:14867342             33.2               3699000         111292.0
14:34:51.249 INFO  ProgressMeter -        chr7:20612164             33.4               3719000         111331.5
14:35:01.415 INFO  ProgressMeter -        chr7:26468839             33.6               3738000         111335.7
14:35:11.890 INFO  ProgressMeter -        chr7:32665032             33.7               3757000         111322.6
14:35:21.968 INFO  ProgressMeter -        chr7:38507527             33.9               3775000         111302.0
14:35:32.110 INFO  ProgressMeter -        chr7:45382066             34.1               3794000         111307.5
14:35:42.268 INFO  ProgressMeter -        chr7:52736849             34.3               3818000         111458.1
14:35:52.481 INFO  ProgressMeter -        chr7:60365352             34.4               3845000         111691.2
14:36:02.538 INFO  ProgressMeter -        chr7:69293451             34.6               3865000         111728.2
14:36:12.907 INFO  ProgressMeter -        chr7:76111408             34.8               3884000         111719.4
14:36:23.137 INFO  ProgressMeter -        chr7:82226857             34.9               3903000         111717.9
14:36:33.725 INFO  ProgressMeter -        chr7:88682206             35.1               3923000         111726.1
14:36:43.823 INFO  ProgressMeter -        chr7:94516074             35.3               3938000         111618.3
14:36:53.983 INFO  ProgressMeter -       chr7:100571015             35.5               3955000         111564.6
14:37:04.350 INFO  ProgressMeter -       chr7:109576801             35.6               3982000         111781.5
14:37:14.617 INFO  ProgressMeter -       chr7:121026398             35.8               4011000         112057.3
14:37:24.806 INFO  ProgressMeter -       chr7:130725755             36.0               4036000         112223.3
14:37:35.253 INFO  ProgressMeter -       chr7:136629895             36.1               4051000         112097.7
14:37:45.552 INFO  ProgressMeter -       chr7:141829001             36.3               4067000         112008.4
14:37:55.704 INFO  ProgressMeter -       chr7:147244017             36.5               4084000         111954.9
14:38:05.898 INFO  ProgressMeter -       chr7:153125608             36.6               4106000         112036.2
14:38:15.951 INFO  ProgressMeter -          chr8:255204             36.8               4138000         112395.5
14:38:26.116 INFO  ProgressMeter -         chr8:4035384             37.0               4162000         112529.5
14:38:36.177 INFO  ProgressMeter -         chr8:8454205             37.2               4186000         112667.6
14:38:46.341 INFO  ProgressMeter -        chr8:14033151             37.3               4209000         112772.5
14:38:56.413 INFO  ProgressMeter -        chr8:18552110             37.5               4232000         112881.0
14:39:06.809 INFO  ProgressMeter -        chr8:23687387             37.7               4252000         112892.7
14:39:17.066 INFO  ProgressMeter -        chr8:29729693             37.8               4271000         112884.8
14:39:27.575 INFO  ProgressMeter -        chr8:36185473             38.0               4290000         112864.5
14:39:37.791 INFO  ProgressMeter -        chr8:42717798             38.2               4308000         112832.7
14:39:48.202 INFO  ProgressMeter -        chr8:51353148             38.4               4326000         112791.6
14:39:58.322 INFO  ProgressMeter -        chr8:57515859             38.5               4345000         112790.9
14:40:08.491 INFO  ProgressMeter -        chr8:63564582             38.7               4364000         112787.9
14:40:18.664 INFO  ProgressMeter -        chr8:70064870             38.9               4382000         112759.0
14:40:29.109 INFO  ProgressMeter -        chr8:76567759             39.0               4401000         112742.9
14:40:39.526 INFO  ProgressMeter -        chr8:83163717             39.2               4421000         112753.8
14:40:49.967 INFO  ProgressMeter -        chr8:90513555             39.4               4441000         112763.3
14:41:00.249 INFO  ProgressMeter -        chr8:97330144             39.6               4459000         112729.9
14:41:10.732 INFO  ProgressMeter -       chr8:103953844             39.7               4477000         112687.2
14:41:20.841 INFO  ProgressMeter -       chr8:110324701             39.9               4495000         112662.5
14:41:30.984 INFO  ProgressMeter -       chr8:117191734             40.1               4514000         112661.3
14:41:41.184 INFO  ProgressMeter -       chr8:123363024             40.2               4533000         112657.6
14:41:51.225 INFO  ProgressMeter -       chr8:129240118             40.4               4552000         112661.2
14:42:01.650 INFO  ProgressMeter -       chr8:135119169             40.6               4571000         112647.0
14:42:12.054 INFO  ProgressMeter -       chr8:140971061             40.8               4591000         112658.5
14:42:22.352 INFO  ProgressMeter -          chr9:135853             40.9               4610000         112650.3
14:42:32.406 INFO  ProgressMeter -         chr9:4767916             41.1               4631000         112702.0
14:42:42.467 INFO  ProgressMeter -        chr9:10178008             41.3               4651000         112728.7
14:42:52.959 INFO  ProgressMeter -        chr9:15913891             41.4               4673000         112783.9
14:43:03.106 INFO  ProgressMeter -        chr9:21445510             41.6               4693000         112806.2
14:43:13.525 INFO  ProgressMeter -        chr9:27546878             41.8               4714000         112839.9
14:43:24.006 INFO  ProgressMeter -        chr9:33582330             42.0               4735000         112870.7
14:43:34.279 INFO  ProgressMeter -        chr9:39600245             42.1               4754000         112862.9
14:43:44.493 INFO  ProgressMeter -        chr9:79518835             42.3               4779000         112999.7
14:43:54.954 INFO  ProgressMeter -        chr9:86789070             42.5               4798000         112983.3
14:44:05.382 INFO  ProgressMeter -        chr9:92864665             42.6               4818000         112991.7
14:44:15.546 INFO  ProgressMeter -        chr9:99232122             42.8               4837000         112988.5
14:44:25.615 INFO  ProgressMeter -       chr9:104546917             43.0               4856000         112989.4
14:44:35.793 INFO  ProgressMeter -       chr9:110562807             43.1               4874000         112962.3
14:44:46.071 INFO  ProgressMeter -       chr9:117068283             43.3               4894000         112977.3
14:44:56.153 INFO  ProgressMeter -       chr9:122821877             43.5               4913000         112977.7
14:45:06.198 INFO  ProgressMeter -       chr9:128924697             43.7               4931000         112956.7
14:45:16.539 INFO  ProgressMeter -       chr9:135664678             43.8               4949000         112923.3
14:45:26.579 INFO  ProgressMeter -       chr9:141669817             44.0               4966000         112880.2
14:45:36.796 INFO  ProgressMeter -       chr9:147008258             44.2               4985000         112875.1
14:45:47.276 INFO  ProgressMeter -        chr10:1852925             44.3               5005000         112881.5
14:45:57.448 INFO  ProgressMeter -        chr10:7089204             44.5               5026000         112923.4
14:46:07.557 INFO  ProgressMeter -       chr10:12999120             44.7               5045000         112922.8
14:46:17.563 INFO  ProgressMeter -       chr10:18166943             44.8               5065000         112948.9
14:46:28.046 INFO  ProgressMeter -       chr10:24179342             45.0               5085000         112954.8
14:46:38.319 INFO  ProgressMeter -       chr10:29760744             45.2               5105000         112969.4
14:46:48.828 INFO  ProgressMeter -       chr10:35641889             45.4               5124000         112952.0
14:46:59.170 INFO  ProgressMeter -       chr10:43544713             45.5               5151000         113117.5
14:47:09.529 INFO  ProgressMeter -       chr10:49459665             45.7               5171000         113127.8
14:47:19.888 INFO  ProgressMeter -       chr10:55279744             45.9               5190000         113116.1
14:47:29.964 INFO  ProgressMeter -       chr10:61501012             46.0               5209000         113116.2
14:47:40.324 INFO  ProgressMeter -       chr10:67990814             46.2               5228000         113104.7
14:47:50.401 INFO  ProgressMeter -       chr10:73037289             46.4               5246000         113083.3
14:48:00.742 INFO  ProgressMeter -       chr10:78911495             46.6               5261000         112986.8
14:48:11.177 INFO  ProgressMeter -       chr10:84651540             46.7               5281000         112994.3
14:48:21.566 INFO  ProgressMeter -       chr10:90918300             46.9               5300000         112982.3
14:48:31.851 INFO  ProgressMeter -       chr10:97332426             47.1               5318000         112953.2
14:48:41.957 INFO  ProgressMeter -      chr10:104307429             47.2               5334000         112889.2
14:48:52.509 INFO  ProgressMeter -      chr10:110694310             47.4               5354000         112892.3
14:49:02.735 INFO  ProgressMeter -      chr10:116796771             47.6               5372000         112866.2
14:49:13.039 INFO  ProgressMeter -      chr10:123008443             47.8               5390000         112837.3
14:49:23.406 INFO  ProgressMeter -      chr10:128616329             47.9               5409000         112826.9
14:49:33.623 INFO  ProgressMeter -      chr10:133748761             48.1               5429000         112843.3
14:49:43.820 INFO  ProgressMeter -        chr11:4210548             48.3               5449000         112860.4
14:49:54.310 INFO  ProgressMeter -        chr11:9918845             48.5               5470000         112886.5
14:50:04.785 INFO  ProgressMeter -       chr11:16376205             48.6               5488000         112851.4
14:50:15.051 INFO  ProgressMeter -       chr11:22232311             48.8               5506000         112824.6
14:50:25.115 INFO  ProgressMeter -       chr11:28471929             49.0               5526000         112846.5
14:50:35.684 INFO  ProgressMeter -       chr11:35487386             49.1               5544000         112808.3
14:50:46.044 INFO  ProgressMeter -       chr11:41566084             49.3               5564000         112818.9
14:50:56.436 INFO  ProgressMeter -       chr11:48116120             49.5               5582000         112787.8
14:51:06.553 INFO  ProgressMeter -       chr11:56783987             49.7               5605000         112868.0
14:51:16.777 INFO  ProgressMeter -       chr11:63345322             49.8               5622000         112823.1
14:51:27.050 INFO  ProgressMeter -       chr11:69532573             50.0               5639000         112776.8
14:51:37.194 INFO  ProgressMeter -       chr11:74969709             50.2               5657000         112755.6
14:51:47.471 INFO  ProgressMeter -       chr11:81059477             50.3               5675000         112729.5
14:51:57.508 INFO  ProgressMeter -       chr11:86730594             50.5               5693000         112712.5
14:52:07.805 INFO  ProgressMeter -       chr11:92991724             50.7               5713000         112725.4
14:52:17.939 INFO  ProgressMeter -       chr11:99270739             50.8               5732000         112724.7
14:52:28.221 INFO  ProgressMeter -      chr11:105354024             51.0               5751000         112718.4
14:52:38.683 INFO  ProgressMeter -      chr11:112431149             51.2               5769000         112686.1
14:52:49.272 INFO  ProgressMeter -      chr11:118719891             51.4               5787000         112649.4
14:52:59.348 INFO  ProgressMeter -      chr11:124779006             51.5               5805000         112631.6
14:53:09.583 INFO  ProgressMeter -      chr11:130697301             51.7               5823000         112608.1
14:53:19.706 INFO  ProgressMeter -         chr12:778351             51.9               5842000         112608.2
14:53:30.009 INFO  ProgressMeter -        chr12:5991878             52.1               5859000         112563.3
14:53:40.218 INFO  ProgressMeter -       chr12:11635017             52.2               5879000         112579.5
14:53:50.424 INFO  ProgressMeter -       chr12:18134077             52.4               5897000         112557.5
14:54:00.586 INFO  ProgressMeter -       chr12:24293106             52.6               5916000         112556.3
14:54:10.887 INFO  ProgressMeter -       chr12:30280553             52.7               5935000         112550.2
14:54:21.154 INFO  ProgressMeter -       chr12:37718125             52.9               5958000         112620.9
14:54:31.559 INFO  ProgressMeter -       chr12:43626410             53.1               5979000         112648.6
14:54:41.810 INFO  ProgressMeter -       chr12:49704995             53.2               5997000         112625.2
14:54:52.187 INFO  ProgressMeter -       chr12:56174352             53.4               6015000         112597.5
14:55:02.537 INFO  ProgressMeter -       chr12:63103109             53.6               6033000         112571.0
14:55:12.646 INFO  ProgressMeter -       chr12:69335624             53.8               6051000         112553.0
14:55:22.968 INFO  ProgressMeter -       chr12:75843002             53.9               6070000         112546.2
14:55:32.993 INFO  ProgressMeter -       chr12:82554867             54.1               6088000         112531.4
14:55:43.594 INFO  ProgressMeter -       chr12:89968481             54.3               6107000         112515.1
14:55:54.016 INFO  ProgressMeter -       chr12:96477660             54.5               6126000         112505.1
14:56:04.257 INFO  ProgressMeter -      chr12:102740666             54.6               6144000         112483.1
14:56:14.476 INFO  ProgressMeter -      chr12:108719398             54.8               6162000         112462.0
14:56:24.972 INFO  ProgressMeter -      chr12:114962926             55.0               6180000         112431.5
14:56:34.993 INFO  ProgressMeter -      chr12:120860478             55.1               6198000         112417.4
14:56:45.056 INFO  ProgressMeter -      chr12:126494181             55.3               6216000         112402.0
14:56:55.225 INFO  ProgressMeter -      chr12:131748682             55.5               6237000         112437.2
14:57:05.303 INFO  ProgressMeter -       chr13:21056053             55.6               6258000         112475.1
14:57:15.460 INFO  ProgressMeter -       chr13:26527133             55.8               6278000         112492.3
14:57:25.745 INFO  ProgressMeter -       chr13:32727742             56.0               6297000         112487.3
14:57:36.146 INFO  ProgressMeter -       chr13:39379865             56.2               6316000         112478.4
14:57:46.151 INFO  ProgressMeter -       chr13:45845409             56.3               6334000         112465.0
14:57:56.400 INFO  ProgressMeter -       chr13:52280741             56.5               6352000         112443.6
14:58:06.685 INFO  ProgressMeter -       chr13:60154909             56.7               6370000         112421.0
14:58:17.090 INFO  ProgressMeter -       chr13:66960468             56.8               6391000         112447.5
14:58:27.369 INFO  ProgressMeter -       chr13:73718882             57.0               6411000         112460.4
14:58:37.707 INFO  ProgressMeter -       chr13:80477260             57.2               6430000         112453.8
14:58:48.070 INFO  ProgressMeter -       chr13:87859957             57.4               6450000         112463.9
14:58:58.577 INFO  ProgressMeter -       chr13:94649145             57.5               6470000         112469.2
14:59:08.948 INFO  ProgressMeter -      chr13:101114624             57.7               6488000         112444.2
14:59:19.378 INFO  ProgressMeter -      chr13:107352851             57.9               6509000         112469.4
14:59:29.523 INFO  ProgressMeter -      chr13:112812885             58.0               6529000         112486.3
14:59:40.069 INFO  ProgressMeter -       chr14:17312664             58.2               6550000         112507.4
14:59:50.291 INFO  ProgressMeter -       chr14:23589419             58.4               6569000         112504.5
15:00:00.519 INFO  ProgressMeter -       chr14:29575901             58.6               6587000         112484.4
15:00:10.670 INFO  ProgressMeter -       chr14:36068101             58.7               6606000         112483.9
15:00:20.925 INFO  ProgressMeter -       chr14:42314658             58.9               6627000         112514.0
15:00:31.158 INFO  ProgressMeter -       chr14:48978832             59.1               6645000         112493.9
15:00:41.217 INFO  ProgressMeter -       chr14:55470677             59.2               6663000         112479.4
15:00:51.255 INFO  ProgressMeter -       chr14:61266372             59.4               6681000         112465.6
15:01:01.549 INFO  ProgressMeter -       chr14:67075725             59.6               6698000         112427.1
15:01:11.966 INFO  ProgressMeter -       chr14:72968715             59.8               6716000         112401.6
15:01:22.222 INFO  ProgressMeter -       chr14:79351164             59.9               6735000         112398.1
15:01:32.559 INFO  ProgressMeter -       chr14:85433981             60.1               6754000         112392.0
15:01:43.243 INFO  ProgressMeter -       chr14:91244636             60.3               6773000         112375.2
15:01:53.669 INFO  ProgressMeter -       chr14:96909075             60.4               6792000         112366.5
15:02:03.775 INFO  ProgressMeter -       chr15:18252729             60.6               6815000         112433.7
15:02:14.187 INFO  ProgressMeter -       chr15:24565210             60.8               6840000         112524.0
15:02:24.217 INFO  ProgressMeter -       chr15:30614151             61.0               6860000         112543.5
15:02:34.362 INFO  ProgressMeter -       chr15:36552601             61.1               6879000         112543.0
15:02:44.620 INFO  ProgressMeter -       chr15:42881113             61.3               6897000         112522.8
15:02:54.756 INFO  ProgressMeter -       chr15:49268623             61.5               6915000         112506.4
15:03:05.211 INFO  ProgressMeter -       chr15:55173488             61.6               6935000         112512.8
15:03:15.335 INFO  ProgressMeter -       chr15:60968257             61.8               6953000         112496.9
15:03:25.559 INFO  ProgressMeter -       chr15:67489587             62.0               6970000         112461.9
15:03:36.053 INFO  ProgressMeter -       chr15:74430376             62.2               6987000         112418.9
15:03:46.214 INFO  ProgressMeter -       chr15:80312100             62.3               7005000         112402.2
15:03:56.355 INFO  ProgressMeter -       chr15:86387731             62.5               7023000         112386.3
15:04:06.732 INFO  ProgressMeter -       chr15:91898029             62.7               7043000         112395.3
15:04:16.919 INFO  ProgressMeter -       chr15:97793342             62.8               7063000         112409.9
15:04:27.097 INFO  ProgressMeter -        chr16:2851317             63.0               7083000         112424.6
15:04:37.464 INFO  ProgressMeter -        chr16:7146501             63.2               7103000         112433.7
15:04:47.607 INFO  ProgressMeter -       chr16:11574586             63.3               7123000         112449.4
15:04:57.805 INFO  ProgressMeter -       chr16:17229464             63.5               7143000         112463.4
15:05:08.266 INFO  ProgressMeter -       chr16:24391037             63.7               7162000         112453.8
15:05:18.285 INFO  ProgressMeter -       chr16:30831162             63.9               7180000         112441.7
15:05:28.601 INFO  ProgressMeter -       chr16:54061514             64.0               7201000         112467.7
15:05:38.996 INFO  ProgressMeter -       chr16:60422693             64.2               7219000         112444.6
15:05:49.034 INFO  ProgressMeter -       chr16:66153020             64.4               7237000         112432.0
15:05:59.708 INFO  ProgressMeter -       chr16:73292523             64.5               7256000         112416.4
15:06:09.803 INFO  ProgressMeter -       chr16:79647538             64.7               7273000         112386.9
15:06:19.867 INFO  ProgressMeter -       chr16:84767732             64.9               7293000         112404.6
15:06:29.895 INFO  ProgressMeter -       chr16:89029576             65.0               7314000         112438.6
15:06:40.395 INFO  ProgressMeter -       chr16:93338017             65.2               7336000         112474.2
15:06:50.506 INFO  ProgressMeter -        chr17:1233880             65.4               7356000         112490.2
15:07:00.606 INFO  ProgressMeter -        chr17:7036714             65.6               7377000         112521.7
15:07:10.816 INFO  ProgressMeter -       chr17:13633050             65.7               7399000         112565.1
15:07:21.036 INFO  ProgressMeter -       chr17:20570835             65.9               7420000         112592.8
15:07:31.084 INFO  ProgressMeter -       chr17:31701680             66.1               7443000         112655.5
15:07:41.123 INFO  ProgressMeter -       chr17:37902176             66.2               7461000         112642.8
15:07:51.491 INFO  ProgressMeter -       chr17:44443666             66.4               7478000         112605.6
15:08:01.985 INFO  ProgressMeter -       chr17:50553179             66.6               7496000         112580.2
15:08:12.190 INFO  ProgressMeter -       chr17:57176018             66.8               7514000         112563.0
15:08:22.511 INFO  ProgressMeter -       chr17:63941713             66.9               7531000         112527.7
15:08:32.675 INFO  ProgressMeter -       chr17:70030392             67.1               7549000         112511.9
15:08:43.096 INFO  ProgressMeter -       chr17:76278239             67.3               7568000         112503.8
15:08:53.430 INFO  ProgressMeter -       chr17:81274607             67.4               7587000         112498.2
15:09:03.643 INFO  ProgressMeter -        chr18:2647237             67.6               7607000         112510.8
15:09:13.883 INFO  ProgressMeter -        chr18:8191725             67.8               7627000         112522.6
15:09:23.978 INFO  ProgressMeter -       chr18:13620074             68.0               7646000         112523.6
15:09:34.560 INFO  ProgressMeter -       chr18:25498081             68.1               7666000         112525.9
15:09:44.921 INFO  ProgressMeter -       chr18:32336153             68.3               7685000         112519.5
15:09:55.193 INFO  ProgressMeter -       chr18:38892569             68.5               7702000         112486.5
15:10:05.353 INFO  ProgressMeter -       chr18:46006081             68.6               7720000         112471.2
15:10:15.757 INFO  ProgressMeter -       chr18:51880313             68.8               7738000         112449.4
15:10:25.819 INFO  ProgressMeter -       chr18:57946944             69.0               7756000         112436.9
15:10:36.278 INFO  ProgressMeter -       chr18:64020768             69.2               7775000         112428.3
15:10:46.760 INFO  ProgressMeter -       chr18:70465672             69.3               7796000         112447.8
15:10:56.793 INFO  ProgressMeter -       chr18:76312218             69.5               7816000         112465.1
15:11:06.900 INFO  ProgressMeter -         chr19:754665             69.7               7837000         112494.6
15:11:17.279 INFO  ProgressMeter -        chr19:5774697             69.8               7857000         112502.3
15:11:27.894 INFO  ProgressMeter -       chr19:11259758             70.0               7878000         112518.0
15:11:38.311 INFO  ProgressMeter -       chr19:16906975             70.2               7897000         112510.3
15:11:48.669 INFO  ProgressMeter -       chr19:22488882             70.4               7917000         112518.5
15:11:58.824 INFO  ProgressMeter -       chr19:32804201             70.5               7939000         112560.5
15:12:09.161 INFO  ProgressMeter -       chr19:38675692             70.7               7958000         112554.9
15:12:19.353 INFO  ProgressMeter -       chr19:44977138             70.9               7976000         112539.1
15:12:29.471 INFO  ProgressMeter -       chr19:50424286             71.0               7995000         112539.5
15:12:39.493 INFO  ProgressMeter -       chr19:55580534             71.2               8015000         112556.3
15:12:49.943 INFO  ProgressMeter -       chr19:60203416             71.4               8038000         112603.9
15:13:00.120 INFO  ProgressMeter -        chr20:4242203             71.6               8057000         112602.5
15:13:10.244 INFO  ProgressMeter -        chr20:9937993             71.7               8076000         112602.5
15:13:20.619 INFO  ProgressMeter -       chr20:16150325             71.9               8095000         112596.0
15:13:30.672 INFO  ProgressMeter -       chr20:22098602             72.1               8113000         112583.9
15:13:40.690 INFO  ProgressMeter -       chr20:30734697             72.2               8135000         112628.3
15:13:50.743 INFO  ProgressMeter -       chr20:39200172             72.4               8153000         112616.3
15:14:00.812 INFO  ProgressMeter -       chr20:45318924             72.6               8170000         112590.1
15:14:11.326 INFO  ProgressMeter -       chr20:51360823             72.7               8189000         112580.1
15:14:21.686 INFO  ProgressMeter -       chr20:57307165             72.9               8209000         112587.8
15:14:31.794 INFO  ProgressMeter -       chr20:62793777             73.1               8228000         112588.2
15:14:41.961 INFO  ProgressMeter -       chr21:11336823             73.2               8253000         112669.0
15:14:52.384 INFO  ProgressMeter -       chr21:17247332             73.4               8275000         112702.1
15:15:02.570 INFO  ProgressMeter -       chr21:23383838             73.6               8297000         112741.1
15:15:12.856 INFO  ProgressMeter -       chr21:29504835             73.8               8317000         112750.2
15:15:23.086 INFO  ProgressMeter -       chr21:35541518             73.9               8335000         112733.6
15:15:33.428 INFO  ProgressMeter -       chr21:40959678             74.1               8354000         112727.8
15:15:43.570 INFO  ProgressMeter -       chr22:12137734             74.3               8375000         112754.0
15:15:53.631 INFO  ProgressMeter -       chr22:20422924             74.4               8398000         112809.0
15:16:03.634 INFO  ProgressMeter -       chr22:25696695             74.6               8418000         112825.0
15:16:14.186 INFO  ProgressMeter -       chr22:31598394             74.8               8437000         112813.7
15:16:24.618 INFO  ProgressMeter -       chr22:37005677             75.0               8456000         112805.5
15:16:34.721 INFO  ProgressMeter -       chr22:42996764             75.1               8473000         112779.0
15:16:44.838 INFO  ProgressMeter -       chr22:47794087             75.3               8492000         112778.7
15:16:55.139 INFO  ProgressMeter -         chrX:1055294             75.5               8516000         112840.2
15:17:05.480 INFO  ProgressMeter -        chrX:11057728             75.6               8545000         112966.5
15:17:15.529 INFO  ProgressMeter -        chrX:23859428             75.8               8572000         113073.0
15:17:25.594 INFO  ProgressMeter -        chrX:35692360             76.0               8599000         113178.8
15:17:35.897 INFO  ProgressMeter -        chrX:49601985             76.1               8626000         113278.1
15:17:45.907 INFO  ProgressMeter -        chrX:67870362             76.3               8651000         113358.1
15:17:56.122 INFO  ProgressMeter -        chrX:82381201             76.5               8678000         113458.8
15:18:06.203 INFO  ProgressMeter -        chrX:93839131             76.7               8710000         113627.5
15:18:16.269 INFO  ProgressMeter -       chrX:108235837             76.8               8737000         113730.8
15:18:26.288 INFO  ProgressMeter -       chrX:120951095             77.0               8766000         113860.8
15:18:36.559 INFO  ProgressMeter -       chrX:135915147             77.2               8793000         113958.2
15:18:46.899 INFO  ProgressMeter -       chrX:148679379             77.3               8824000         114105.1
15:18:57.263 INFO  GetPileupSummaries - 0 read(s) filtered by: MappingQualityAvailableReadFilter 
4494541 read(s) filtered by: MappingQualityNotZeroReadFilter 
0 read(s) filtered by: MappedReadFilter 
154178 read(s) filtered by: PrimaryLineReadFilter 
65586193 read(s) filtered by: NotDuplicateReadFilter 
0 read(s) filtered by: PassesVendorQualityCheckReadFilter 
0 read(s) filtered by: NonZeroReferenceLengthAlignmentReadFilter 
3945075 read(s) filtered by: MateOnSameContigOrNoMappedMateReadFilter 
0 read(s) filtered by: GoodCigarReadFilter 
0 read(s) filtered by: WellformedReadFilter 
74179987 total reads filtered out of 386667093 reads processed
15:18:57.263 INFO  ProgressMeter -        chrY:24673829             77.5               8841186         114072.5
15:18:57.263 INFO  ProgressMeter - Traversal complete. Processed 8841186 total loci in 77.5 minutes.
15:18:57.264 INFO  GetPileupSummaries - Shutting down engine
[July 14, 2024 at 3:18:57 PM CEST] org.broadinstitute.hellbender.tools.walkers.contamination.GetPileupSummaries done. Elapsed time: 78.92 minutes.
Runtime.totalMemory()=4362076160
Tool returned:
SUCCESS
