Using GATK jar /lustre1/project/stg_00096/home/rdewin/system/miniconda/envs/WGS/share/gatk4-4.5.0.0-0/gatk-package-4.5.0.0-local.jar
Running:
    java -Dsamjdk.use_async_io_read_samtools=false -Dsamjdk.use_async_io_write_samtools=true -Dsamjdk.use_async_io_write_tribble=false -Dsamjdk.compression_level=2 -jar /lustre1/project/stg_00096/home/rdewin/system/miniconda/envs/WGS/share/gatk4-4.5.0.0-0/gatk-package-4.5.0.0-local.jar CalculateContamination -I results/mutect2/P017/P017_tumor_pileup_summaries.table -matched results/mutect2/P017/P017_normal_pileup_summaries.table -O results/mutect2/P017/P017_contamination.table
15:18:58.924 INFO  NativeLibraryLoader - Loading libgkl_compression.so from jar:file:/lustre1/project/stg_00096/home/rdewin/system/miniconda/envs/WGS/share/gatk4-4.5.0.0-0/gatk-package-4.5.0.0-local.jar!/com/intel/gkl/native/libgkl_compression.so
15:18:59.036 INFO  CalculateContamination - ------------------------------------------------------------
15:18:59.038 INFO  CalculateContamination - The Genome Analysis Toolkit (GATK) v4.5.0.0
15:18:59.038 INFO  CalculateContamination - For support and documentation go to https://software.broadinstitute.org/gatk/
15:18:59.039 INFO  CalculateContamination - Executing as vsc35407@i28l20 on Linux v4.18.0-513.24.1.el8_9.x86_64 amd64
15:18:59.039 INFO  CalculateContamination - Java runtime: OpenJDK 64-Bit Server VM v17.0.10-internal+0-adhoc..src
15:18:59.039 INFO  CalculateContamination - Start Date/Time: July 14, 2024 at 3:18:58 PM CEST
15:18:59.039 INFO  CalculateContamination - ------------------------------------------------------------
15:18:59.039 INFO  CalculateContamination - ------------------------------------------------------------
15:18:59.040 INFO  CalculateContamination - HTSJDK Version: 4.1.0
15:18:59.040 INFO  CalculateContamination - Picard Version: 3.1.1
15:18:59.040 INFO  CalculateContamination - Built for Spark Version: 3.5.0
15:18:59.040 INFO  CalculateContamination - HTSJDK Defaults.COMPRESSION_LEVEL : 2
15:18:59.040 INFO  CalculateContamination - HTSJDK Defaults.USE_ASYNC_IO_READ_FOR_SAMTOOLS : false
15:18:59.040 INFO  CalculateContamination - HTSJDK Defaults.USE_ASYNC_IO_WRITE_FOR_SAMTOOLS : true
15:18:59.040 INFO  CalculateContamination - HTSJDK Defaults.USE_ASYNC_IO_WRITE_FOR_TRIBBLE : false
15:18:59.041 INFO  CalculateContamination - Deflater: IntelDeflater
15:18:59.041 INFO  CalculateContamination - Inflater: IntelInflater
15:18:59.041 INFO  CalculateContamination - GCS max retries/reopens: 20
15:18:59.041 INFO  CalculateContamination - Requester pays: disabled
15:18:59.041 INFO  CalculateContamination - Initializing engine
15:18:59.041 INFO  CalculateContamination - Done initializing engine
15:19:21.832 INFO  KernelSegmenter - Found 4 changepoints after applying the changepoint penalty.
15:19:23.037 INFO  KernelSegmenter - Found 8 changepoints after applying the changepoint penalty.
15:19:23.406 INFO  KernelSegmenter - Found 2 changepoints after applying the changepoint penalty.
15:19:24.356 INFO  KernelSegmenter - Found 4 changepoints after applying the changepoint penalty.
15:19:25.615 INFO  KernelSegmenter - Found 0 changepoints after applying the changepoint penalty.
15:19:27.011 INFO  KernelSegmenter - Found 4 changepoints after applying the changepoint penalty.
15:19:27.516 INFO  KernelSegmenter - Found 3 changepoints after applying the changepoint penalty.
15:19:28.307 INFO  KernelSegmenter - Found 4 changepoints after applying the changepoint penalty.
15:19:29.534 INFO  KernelSegmenter - Found 3 changepoints after applying the changepoint penalty.
15:19:30.260 INFO  KernelSegmenter - Found 7 changepoints after applying the changepoint penalty.
15:19:30.930 INFO  KernelSegmenter - Found 5 changepoints after applying the changepoint penalty.
15:19:32.073 INFO  KernelSegmenter - Found 3 changepoints after applying the changepoint penalty.
15:19:33.078 INFO  KernelSegmenter - Found 8 changepoints after applying the changepoint penalty.
15:19:34.313 INFO  KernelSegmenter - Found 3 changepoints after applying the changepoint penalty.
15:19:35.153 INFO  KernelSegmenter - Found 4 changepoints after applying the changepoint penalty.
15:19:36.428 INFO  KernelSegmenter - Found 6 changepoints after applying the changepoint penalty.
15:19:37.159 INFO  KernelSegmenter - Found 4 changepoints after applying the changepoint penalty.
15:19:37.652 INFO  KernelSegmenter - Found 3 changepoints after applying the changepoint penalty.
15:19:38.170 INFO  KernelSegmenter - Found 8 changepoints after applying the changepoint penalty.
15:19:38.714 INFO  KernelSegmenter - Found 6 changepoints after applying the changepoint penalty.
15:19:39.254 INFO  KernelSegmenter - Found 7 changepoints after applying the changepoint penalty.
15:19:39.834 INFO  KernelSegmenter - Found 6 changepoints after applying the changepoint penalty.
15:19:40.382 INFO  KernelSegmenter - Found 6 changepoints after applying the changepoint penalty.
15:29:14.489 INFO  CalculateContamination - Shutting down engine
[July 14, 2024 at 3:29:14 PM CEST] org.broadinstitute.hellbender.tools.walkers.contamination.CalculateContamination done. Elapsed time: 10.26 minutes.
Runtime.totalMemory()=7717519360
Tool returned:
SUCCESS
