Sep 27, 2024 3:41:02 PM com.intel.gkl.NativeLibraryLoader load
INFO: Loading libgkl_compression.so from jar:file:/lustre1/project/stg_00096/home/rdewin/system/miniconda/envs/RNA/share/picard-3.1.1-0/picard.jar!/com/intel/gkl/native/libgkl_compression.so
[Fri Sep 27 15:41:02 CEST 2024] AddOrReplaceReadGroups --INPUT results/star/P017/P017_Aligned.sortedByCoord.out.bam --OUTPUT results/star/P017/P017_Aligned.sortedByCoord.withRG.bam --RGID P017 --RGLB lib1 --RGPL illumina --RGPU unit1 --RGSM P017 --VERBOSITY INFO --QUIET false --VALIDATION_STRINGENCY STRICT --COMPRESSION_LEVEL 5 --MAX_RECORDS_IN_RAM 500000 --CREATE_INDEX false --CREATE_MD5_FILE false --help false --version false --showHidden false --USE_JDK_DEFLATER false --USE_JDK_INFLATER false
[Fri Sep 27 15:41:03 CEST 2024] Executing as vsc35407@i28l17 on Linux 4.18.0-513.24.1.el8_9.x86_64 amd64; OpenJDK 64-Bit Server VM 17.0.10-internal+0-adhoc..src; Deflater: Intel; Inflater: Intel; Provider GCS is available; Picard version: Version:3.1.1
INFO	2024-09-27 15:41:03	AddOrReplaceReadGroups	Created read-group ID=P017 PL=illumina LB=lib1 SM=P017

INFO	2024-09-27 15:41:08	AddOrReplaceReadGroups	Processed     1,000,000 records.  Elapsed time: 00:00:05s.  Time for last 1,000,000:    5s.  Last read position: chr1:16,463,494
INFO	2024-09-27 15:41:15	AddOrReplaceReadGroups	Processed     2,000,000 records.  Elapsed time: 00:00:12s.  Time for last 1,000,000:    6s.  Last read position: chr1:48,496,790
INFO	2024-09-27 15:41:21	AddOrReplaceReadGroups	Processed     3,000,000 records.  Elapsed time: 00:00:18s.  Time for last 1,000,000:    6s.  Last read position: chr1:150,889,798
INFO	2024-09-27 15:41:29	AddOrReplaceReadGroups	Processed     4,000,000 records.  Elapsed time: 00:00:26s.  Time for last 1,000,000:    7s.  Last read position: chr2:65,119,294
INFO	2024-09-27 15:41:37	AddOrReplaceReadGroups	Processed     5,000,000 records.  Elapsed time: 00:00:34s.  Time for last 1,000,000:    7s.  Last read position: chr3:15,740,979
INFO	2024-09-27 15:41:43	AddOrReplaceReadGroups	Processed     6,000,000 records.  Elapsed time: 00:00:40s.  Time for last 1,000,000:    6s.  Last read position: chr3:52,311,646
INFO	2024-09-27 15:41:51	AddOrReplaceReadGroups	Processed     7,000,000 records.  Elapsed time: 00:00:48s.  Time for last 1,000,000:    8s.  Last read position: chr4:108,552,603
INFO	2024-09-27 15:41:59	AddOrReplaceReadGroups	Processed     8,000,000 records.  Elapsed time: 00:00:56s.  Time for last 1,000,000:    7s.  Last read position: chr6:20,288,231
INFO	2024-09-27 15:42:06	AddOrReplaceReadGroups	Processed     9,000,000 records.  Elapsed time: 00:01:02s.  Time for last 1,000,000:    6s.  Last read position: chr6:52,835,390
INFO	2024-09-27 15:42:14	AddOrReplaceReadGroups	Processed    10,000,000 records.  Elapsed time: 00:01:10s.  Time for last 1,000,000:    8s.  Last read position: chr7:100,645,684
INFO	2024-09-27 15:42:21	AddOrReplaceReadGroups	Processed    11,000,000 records.  Elapsed time: 00:01:18s.  Time for last 1,000,000:    7s.  Last read position: chr9:2,037,226
INFO	2024-09-27 15:42:29	AddOrReplaceReadGroups	Processed    12,000,000 records.  Elapsed time: 00:01:26s.  Time for last 1,000,000:    7s.  Last read position: chr10:11,235,332
INFO	2024-09-27 15:42:36	AddOrReplaceReadGroups	Processed    13,000,000 records.  Elapsed time: 00:01:33s.  Time for last 1,000,000:    7s.  Last read position: chr11:10,594,100
INFO	2024-09-27 15:42:43	AddOrReplaceReadGroups	Processed    14,000,000 records.  Elapsed time: 00:01:40s.  Time for last 1,000,000:    7s.  Last read position: chr11:118,766,991
INFO	2024-09-27 15:42:51	AddOrReplaceReadGroups	Processed    15,000,000 records.  Elapsed time: 00:01:48s.  Time for last 1,000,000:    7s.  Last read position: chr12:124,917,010
INFO	2024-09-27 15:42:59	AddOrReplaceReadGroups	Processed    16,000,000 records.  Elapsed time: 00:01:56s.  Time for last 1,000,000:    7s.  Last read position: chr13:9,347,447
INFO	2024-09-27 15:43:06	AddOrReplaceReadGroups	Processed    17,000,000 records.  Elapsed time: 00:02:03s.  Time for last 1,000,000:    7s.  Last read position: chr14:28,745,483
INFO	2024-09-27 15:43:11	AddOrReplaceReadGroups	Processed    18,000,000 records.  Elapsed time: 00:02:08s.  Time for last 1,000,000:    5s.  Last read position: chr14:43,784,895
INFO	2024-09-27 15:43:17	AddOrReplaceReadGroups	Processed    19,000,000 records.  Elapsed time: 00:02:13s.  Time for last 1,000,000:    5s.  Last read position: chr14:43,784,994
INFO	2024-09-27 15:43:22	AddOrReplaceReadGroups	Processed    20,000,000 records.  Elapsed time: 00:02:19s.  Time for last 1,000,000:    5s.  Last read position: chr14:44,058,866
INFO	2024-09-27 15:43:27	AddOrReplaceReadGroups	Processed    21,000,000 records.  Elapsed time: 00:02:24s.  Time for last 1,000,000:    5s.  Last read position: chr14:44,067,804
INFO	2024-09-27 15:43:33	AddOrReplaceReadGroups	Processed    22,000,000 records.  Elapsed time: 00:02:30s.  Time for last 1,000,000:    5s.  Last read position: chr14:44,067,896
INFO	2024-09-27 15:43:38	AddOrReplaceReadGroups	Processed    23,000,000 records.  Elapsed time: 00:02:35s.  Time for last 1,000,000:    5s.  Last read position: chr14:44,067,959
INFO	2024-09-27 15:43:45	AddOrReplaceReadGroups	Processed    24,000,000 records.  Elapsed time: 00:02:42s.  Time for last 1,000,000:    6s.  Last read position: chr15:4,521,070
INFO	2024-09-27 15:43:52	AddOrReplaceReadGroups	Processed    25,000,000 records.  Elapsed time: 00:02:49s.  Time for last 1,000,000:    7s.  Last read position: chr15:76,755,326
INFO	2024-09-27 15:44:00	AddOrReplaceReadGroups	Processed    26,000,000 records.  Elapsed time: 00:02:57s.  Time for last 1,000,000:    7s.  Last read position: chr16:30,581,379
INFO	2024-09-27 15:44:07	AddOrReplaceReadGroups	Processed    27,000,000 records.  Elapsed time: 00:03:04s.  Time for last 1,000,000:    7s.  Last read position: chr17:19,009,879
INFO	2024-09-27 15:44:14	AddOrReplaceReadGroups	Processed    28,000,000 records.  Elapsed time: 00:03:11s.  Time for last 1,000,000:    6s.  Last read position: chr17:58,488,408
INFO	2024-09-27 15:44:21	AddOrReplaceReadGroups	Processed    29,000,000 records.  Elapsed time: 00:03:18s.  Time for last 1,000,000:    7s.  Last read position: chr19:5,889,095
INFO	2024-09-27 15:44:29	AddOrReplaceReadGroups	Processed    30,000,000 records.  Elapsed time: 00:03:26s.  Time for last 1,000,000:    7s.  Last read position: chr19:56,185,103
INFO	2024-09-27 15:44:37	AddOrReplaceReadGroups	Processed    31,000,000 records.  Elapsed time: 00:03:34s.  Time for last 1,000,000:    7s.  Last read position: chr21:37,692,723
INFO	2024-09-27 15:44:45	AddOrReplaceReadGroups	Processed    32,000,000 records.  Elapsed time: 00:03:41s.  Time for last 1,000,000:    7s.  Last read position: chrX:47,888,047
INFO	2024-09-27 15:44:51	AddOrReplaceReadGroups	Processed    33,000,000 records.  Elapsed time: 00:03:48s.  Time for last 1,000,000:    6s.  Last read position: chrM:233
INFO	2024-09-27 15:44:57	AddOrReplaceReadGroups	Processed    34,000,000 records.  Elapsed time: 00:03:54s.  Time for last 1,000,000:    5s.  Last read position: chrM:537
INFO	2024-09-27 15:45:03	AddOrReplaceReadGroups	Processed    35,000,000 records.  Elapsed time: 00:03:59s.  Time for last 1,000,000:    5s.  Last read position: chrM:825
INFO	2024-09-27 15:45:08	AddOrReplaceReadGroups	Processed    36,000,000 records.  Elapsed time: 00:04:05s.  Time for last 1,000,000:    5s.  Last read position: chrM:1,356
INFO	2024-09-27 15:45:14	AddOrReplaceReadGroups	Processed    37,000,000 records.  Elapsed time: 00:04:11s.  Time for last 1,000,000:    5s.  Last read position: chrM:1,812
INFO	2024-09-27 15:45:20	AddOrReplaceReadGroups	Processed    38,000,000 records.  Elapsed time: 00:04:17s.  Time for last 1,000,000:    5s.  Last read position: chrM:2,245
INFO	2024-09-27 15:45:26	AddOrReplaceReadGroups	Processed    39,000,000 records.  Elapsed time: 00:04:23s.  Time for last 1,000,000:    5s.  Last read position: chrM:2,777
INFO	2024-09-27 15:45:32	AddOrReplaceReadGroups	Processed    40,000,000 records.  Elapsed time: 00:04:29s.  Time for last 1,000,000:    6s.  Last read position: chrM:3,917
INFO	2024-09-27 15:45:39	AddOrReplaceReadGroups	Processed    41,000,000 records.  Elapsed time: 00:04:35s.  Time for last 1,000,000:    6s.  Last read position: chrM:4,815
INFO	2024-09-27 15:45:44	AddOrReplaceReadGroups	Processed    42,000,000 records.  Elapsed time: 00:04:41s.  Time for last 1,000,000:    5s.  Last read position: chrM:5,875
INFO	2024-09-27 15:45:50	AddOrReplaceReadGroups	Processed    43,000,000 records.  Elapsed time: 00:04:47s.  Time for last 1,000,000:    5s.  Last read position: chrM:6,723
INFO	2024-09-27 15:45:57	AddOrReplaceReadGroups	Processed    44,000,000 records.  Elapsed time: 00:04:54s.  Time for last 1,000,000:    6s.  Last read position: chrM:7,534
INFO	2024-09-27 15:46:04	AddOrReplaceReadGroups	Processed    45,000,000 records.  Elapsed time: 00:05:01s.  Time for last 1,000,000:    7s.  Last read position: chrM:8,150
INFO	2024-09-27 15:46:10	AddOrReplaceReadGroups	Processed    46,000,000 records.  Elapsed time: 00:05:07s.  Time for last 1,000,000:    5s.  Last read position: chrM:8,676
INFO	2024-09-27 15:46:16	AddOrReplaceReadGroups	Processed    47,000,000 records.  Elapsed time: 00:05:13s.  Time for last 1,000,000:    6s.  Last read position: chrM:9,171
INFO	2024-09-27 15:46:22	AddOrReplaceReadGroups	Processed    48,000,000 records.  Elapsed time: 00:05:19s.  Time for last 1,000,000:    6s.  Last read position: chrM:10,216
INFO	2024-09-27 15:46:29	AddOrReplaceReadGroups	Processed    49,000,000 records.  Elapsed time: 00:05:26s.  Time for last 1,000,000:    6s.  Last read position: chrM:10,951
INFO	2024-09-27 15:46:35	AddOrReplaceReadGroups	Processed    50,000,000 records.  Elapsed time: 00:05:32s.  Time for last 1,000,000:    6s.  Last read position: chrM:12,569
INFO	2024-09-27 15:46:42	AddOrReplaceReadGroups	Processed    51,000,000 records.  Elapsed time: 00:05:39s.  Time for last 1,000,000:    6s.  Last read position: chrM:14,680
[Fri Sep 27 15:46:47 CEST 2024] picard.sam.AddOrReplaceReadGroups done. Elapsed time: 5.75 minutes.
Runtime.totalMemory()=538968064
