Using GATK jar /lustre1/project/stg_00096/home/rdewin/system/miniconda/envs/WGS/share/gatk4-4.5.0.0-0/gatk-package-4.5.0.0-local.jar
Running:
    java -Dsamjdk.use_async_io_read_samtools=false -Dsamjdk.use_async_io_write_samtools=true -Dsamjdk.use_async_io_write_tribble=false -Dsamjdk.compression_level=2 -jar /lustre1/project/stg_00096/home/rdewin/system/miniconda/envs/WGS/share/gatk4-4.5.0.0-0/gatk-package-4.5.0.0-local.jar CalculateContamination -I results/mutect2/P041/P041_tumor_pileup_summaries.table -matched results/mutect2/P041/P041_normal_pileup_summaries.table -O results/mutect2/P041/P041_contamination.table
16:39:09.219 INFO  NativeLibraryLoader - Loading libgkl_compression.so from jar:file:/lustre1/project/stg_00096/home/rdewin/system/miniconda/envs/WGS/share/gatk4-4.5.0.0-0/gatk-package-4.5.0.0-local.jar!/com/intel/gkl/native/libgkl_compression.so
16:39:09.650 INFO  CalculateContamination - ------------------------------------------------------------
16:39:09.653 INFO  CalculateContamination - The Genome Analysis Toolkit (GATK) v4.5.0.0
16:39:09.653 INFO  CalculateContamination - For support and documentation go to https://software.broadinstitute.org/gatk/
16:39:09.653 INFO  CalculateContamination - Executing as vsc35407@i28l20 on Linux v4.18.0-513.24.1.el8_9.x86_64 amd64
16:39:09.653 INFO  CalculateContamination - Java runtime: OpenJDK 64-Bit Server VM v17.0.10-internal+0-adhoc..src
16:39:09.654 INFO  CalculateContamination - Start Date/Time: July 14, 2024 at 4:39:09 PM CEST
16:39:09.654 INFO  CalculateContamination - ------------------------------------------------------------
16:39:09.654 INFO  CalculateContamination - ------------------------------------------------------------
16:39:09.654 INFO  CalculateContamination - HTSJDK Version: 4.1.0
16:39:09.654 INFO  CalculateContamination - Picard Version: 3.1.1
16:39:09.655 INFO  CalculateContamination - Built for Spark Version: 3.5.0
16:39:09.655 INFO  CalculateContamination - HTSJDK Defaults.COMPRESSION_LEVEL : 2
16:39:09.655 INFO  CalculateContamination - HTSJDK Defaults.USE_ASYNC_IO_READ_FOR_SAMTOOLS : false
16:39:09.655 INFO  CalculateContamination - HTSJDK Defaults.USE_ASYNC_IO_WRITE_FOR_SAMTOOLS : true
16:39:09.655 INFO  CalculateContamination - HTSJDK Defaults.USE_ASYNC_IO_WRITE_FOR_TRIBBLE : false
16:39:09.655 INFO  CalculateContamination - Deflater: IntelDeflater
16:39:09.655 INFO  CalculateContamination - Inflater: IntelInflater
16:39:09.656 INFO  CalculateContamination - GCS max retries/reopens: 20
16:39:09.656 INFO  CalculateContamination - Requester pays: disabled
16:39:09.656 INFO  CalculateContamination - Initializing engine
16:39:09.656 INFO  CalculateContamination - Done initializing engine
16:39:32.697 WARN  KernelSegmenter - Specified dimension of the kernel approximation (100) exceeds the number of data points (3) to segment; using all data points to calculate kernel matrix.
16:39:32.789 WARN  KernelSegmenter - Number of points needed to calculate local changepoint costs (2 * window size = 100) exceeds number of data points (3).  Local changepoint costs will not be calculated for this window size.
16:39:32.789 WARN  KernelSegmenter - No changepoint candidates were found.  The specified window sizes may be inappropriate, or there may be insufficient data points.
16:39:32.867 INFO  KernelSegmenter - Found 0 changepoints after applying the changepoint penalty.
16:39:34.058 INFO  KernelSegmenter - Found 4 changepoints after applying the changepoint penalty.
16:39:35.251 INFO  KernelSegmenter - Found 2 changepoints after applying the changepoint penalty.
16:39:35.680 INFO  KernelSegmenter - Found 2 changepoints after applying the changepoint penalty.
16:39:36.622 INFO  KernelSegmenter - Found 1 changepoints after applying the changepoint penalty.
16:39:37.836 INFO  KernelSegmenter - Found 4 changepoints after applying the changepoint penalty.
16:39:39.109 INFO  KernelSegmenter - Found 9 changepoints after applying the changepoint penalty.
16:39:39.583 INFO  KernelSegmenter - Found 3 changepoints after applying the changepoint penalty.
16:39:40.461 INFO  KernelSegmenter - Found 4 changepoints after applying the changepoint penalty.
16:39:41.665 INFO  KernelSegmenter - Found 2 changepoints after applying the changepoint penalty.
16:39:42.232 INFO  KernelSegmenter - Found 4 changepoints after applying the changepoint penalty.
16:39:42.952 INFO  KernelSegmenter - Found 4 changepoints after applying the changepoint penalty.
16:39:44.120 INFO  KernelSegmenter - Found 6 changepoints after applying the changepoint penalty.
16:39:45.108 INFO  KernelSegmenter - Found 8 changepoints after applying the changepoint penalty.
16:39:46.362 INFO  KernelSegmenter - Found 5 changepoints after applying the changepoint penalty.
16:39:47.230 INFO  KernelSegmenter - Found 0 changepoints after applying the changepoint penalty.
16:39:48.624 INFO  KernelSegmenter - Found 0 changepoints after applying the changepoint penalty.
16:39:49.360 INFO  KernelSegmenter - Found 0 changepoints after applying the changepoint penalty.
16:39:49.883 INFO  KernelSegmenter - Found 2 changepoints after applying the changepoint penalty.
16:39:50.349 INFO  KernelSegmenter - Found 4 changepoints after applying the changepoint penalty.
16:39:50.909 INFO  KernelSegmenter - Found 8 changepoints after applying the changepoint penalty.
16:39:51.453 INFO  KernelSegmenter - Found 4 changepoints after applying the changepoint penalty.
16:39:51.977 INFO  KernelSegmenter - Found 5 changepoints after applying the changepoint penalty.
16:39:52.565 INFO  KernelSegmenter - Found 5 changepoints after applying the changepoint penalty.
16:49:09.619 INFO  CalculateContamination - Shutting down engine
[July 14, 2024 at 4:49:09 PM CEST] org.broadinstitute.hellbender.tools.walkers.contamination.CalculateContamination done. Elapsed time: 10.01 minutes.
Runtime.totalMemory()=6492782592
Tool returned:
SUCCESS
