Using GATK jar /lustre1/project/stg_00096/home/rdewin/system/miniconda/envs/WGS/share/gatk4-4.5.0.0-0/gatk-package-4.5.0.0-local.jar
Running:
    java -Dsamjdk.use_async_io_read_samtools=false -Dsamjdk.use_async_io_write_samtools=true -Dsamjdk.use_async_io_write_tribble=false -Dsamjdk.compression_level=2 -jar /lustre1/project/stg_00096/home/rdewin/system/miniconda/envs/WGS/share/gatk4-4.5.0.0-0/gatk-package-4.5.0.0-local.jar ApplyBQSR -R resources/genome.fa -I results/mapped_reads/P023_dna_normal.marked.bam --bqsr-recal-file results/recal/table/P023_dna_normal_recal_data.table -O results/recal/P023_dna_normal_recal.bam --create-output-bam-index false
08:19:14.908 INFO  NativeLibraryLoader - Loading libgkl_compression.so from jar:file:/lustre1/project/stg_00096/home/rdewin/system/miniconda/envs/WGS/share/gatk4-4.5.0.0-0/gatk-package-4.5.0.0-local.jar!/com/intel/gkl/native/libgkl_compression.so
08:19:15.065 INFO  ApplyBQSR - ------------------------------------------------------------
08:19:15.068 INFO  ApplyBQSR - The Genome Analysis Toolkit (GATK) v4.5.0.0
08:19:15.068 INFO  ApplyBQSR - For support and documentation go to https://software.broadinstitute.org/gatk/
08:19:15.068 INFO  ApplyBQSR - Executing as vsc35407@g28l20 on Linux v4.18.0-513.9.1.el8_9.x86_64 amd64
08:19:15.068 INFO  ApplyBQSR - Java runtime: OpenJDK 64-Bit Server VM v17.0.10-internal+0-adhoc..src
08:19:15.068 INFO  ApplyBQSR - Start Date/Time: March 31, 2024 at 8:19:14 AM CEST
08:19:15.069 INFO  ApplyBQSR - ------------------------------------------------------------
08:19:15.069 INFO  ApplyBQSR - ------------------------------------------------------------
08:19:15.069 INFO  ApplyBQSR - HTSJDK Version: 4.1.0
08:19:15.069 INFO  ApplyBQSR - Picard Version: 3.1.1
08:19:15.069 INFO  ApplyBQSR - Built for Spark Version: 3.5.0
08:19:15.070 INFO  ApplyBQSR - HTSJDK Defaults.COMPRESSION_LEVEL : 2
08:19:15.070 INFO  ApplyBQSR - HTSJDK Defaults.USE_ASYNC_IO_READ_FOR_SAMTOOLS : false
08:19:15.070 INFO  ApplyBQSR - HTSJDK Defaults.USE_ASYNC_IO_WRITE_FOR_SAMTOOLS : true
08:19:15.070 INFO  ApplyBQSR - HTSJDK Defaults.USE_ASYNC_IO_WRITE_FOR_TRIBBLE : false
08:19:15.070 INFO  ApplyBQSR - Deflater: IntelDeflater
08:19:15.070 INFO  ApplyBQSR - Inflater: IntelInflater
08:19:15.070 INFO  ApplyBQSR - GCS max retries/reopens: 20
08:19:15.070 INFO  ApplyBQSR - Requester pays: disabled
08:19:15.071 INFO  ApplyBQSR - Initializing engine
08:19:15.219 INFO  ApplyBQSR - Done initializing engine
08:19:15.231 INFO  ProgressMeter - Starting traversal
08:19:15.231 INFO  ProgressMeter -        Current Locus  Elapsed Minutes       Reads Processed     Reads/Minute
08:19:25.237 INFO  ProgressMeter -         chr1:3517698              0.2                645000        3868452.6
08:19:35.238 INFO  ProgressMeter -         chr1:7342022              0.3               1321000        3961811.5
08:19:45.242 INFO  ProgressMeter -        chr1:11044118              0.5               1997000        3992536.1
08:19:55.255 INFO  ProgressMeter -        chr1:14791061              0.7               2673000        4007195.9
08:20:05.265 INFO  ProgressMeter -        chr1:18139396              0.8               3344000        4010153.3
08:20:15.275 INFO  ProgressMeter -        chr1:21846702              1.0               4019000        4016054.9
08:20:25.283 INFO  ProgressMeter -        chr1:25564991              1.2               4693000        4019585.5
08:20:35.289 INFO  ProgressMeter -        chr1:29146073              1.3               5369000        4023832.7
08:20:45.297 INFO  ProgressMeter -        chr1:32852256              1.5               6044000        4026380.7
08:20:55.308 INFO  ProgressMeter -        chr1:36504778              1.7               6718000        4027738.9
08:21:05.311 INFO  ProgressMeter -        chr1:40187928              1.8               7391000        4028524.7
08:21:15.319 INFO  ProgressMeter -        chr1:43856807              2.0               8065000        4029545.0
08:21:25.329 INFO  ProgressMeter -        chr1:47459092              2.2               8734000        4028040.4
08:21:35.339 INFO  ProgressMeter -        chr1:51083098              2.3               9408000        4028920.8
08:21:45.347 INFO  ProgressMeter -        chr1:54747232              2.5              10082000        4029683.7
08:21:55.360 INFO  ProgressMeter -        chr1:58335941              2.7              10746000        4026528.8
08:22:05.364 INFO  ProgressMeter -        chr1:62015461              2.8              11420000        4027461.0
08:22:15.376 INFO  ProgressMeter -        chr1:65637530              3.0              12087000        4025757.0
08:22:25.386 INFO  ProgressMeter -        chr1:69192429              3.2              12756000        4024927.0
08:22:35.390 INFO  ProgressMeter -        chr1:72794029              3.3              13430000        4025799.5
08:22:45.397 INFO  ProgressMeter -        chr1:76381278              3.5              14101000        4025674.9
08:22:55.406 INFO  ProgressMeter -        chr1:79933805              3.7              14772000        4025525.2
08:23:05.417 INFO  ProgressMeter -        chr1:83554603              3.8              15446000        4026152.9
08:23:15.428 INFO  ProgressMeter -        chr1:87172931              4.0              16120000        4026694.8
08:23:25.430 INFO  ProgressMeter -        chr1:90720214              4.2              16791000        4026650.9
08:23:35.434 INFO  ProgressMeter -        chr1:94317571              4.3              17464000        4027009.7
08:23:45.439 INFO  ProgressMeter -        chr1:97876582              4.5              18137000        4027341.9
08:23:55.442 INFO  ProgressMeter -       chr1:101393605              4.7              18806000        4026837.0
08:24:05.451 INFO  ProgressMeter -       chr1:105134360              4.8              19477000        4026669.4
08:24:15.456 INFO  ProgressMeter -       chr1:108659201              5.0              20148000        4026580.1
08:24:25.457 INFO  ProgressMeter -       chr1:112210605              5.2              20815000        4025774.8
08:24:35.458 INFO  ProgressMeter -       chr1:115831247              5.3              21487000        4025956.6
08:24:45.459 INFO  ProgressMeter -       chr1:119471097              5.5              22159000        4026127.4
08:24:55.472 INFO  ProgressMeter -       chr1:122910548              5.7              22831000        4026146.2
08:25:05.472 INFO  ProgressMeter -       chr1:125944776              5.8              23511000        4027683.8
08:25:15.482 INFO  ProgressMeter -       chr1:129091121              6.0              24185000        4028024.9
08:25:25.484 INFO  ProgressMeter -       chr1:135681440              6.2              24856000        4027948.5
08:25:35.494 INFO  ProgressMeter -       chr1:141990781              6.3              25531000        4028422.4
08:25:45.502 INFO  ProgressMeter -       chr1:145592953              6.5              26197000        4027509.1
08:25:55.511 INFO  ProgressMeter -       chr1:149070247              6.7              26864000        4026781.3
08:26:05.512 INFO  ProgressMeter -       chr1:152684439              6.8              27537000        4027044.9
08:26:15.525 INFO  ProgressMeter -       chr1:156243565              7.0              28210000        4027181.0
08:26:25.527 INFO  ProgressMeter -       chr1:159826096              7.2              28884000        4027553.1
08:26:35.534 INFO  ProgressMeter -       chr1:163520691              7.3              29557000        4027735.5
08:26:45.541 INFO  ProgressMeter -       chr1:167139185              7.5              30231000        4028025.1
08:26:55.549 INFO  ProgressMeter -       chr1:170702402              7.7              30904000        4028180.6
08:27:05.554 INFO  ProgressMeter -       chr1:174224796              7.8              31577000        4028338.0
08:27:15.565 INFO  ProgressMeter -       chr1:177866552              8.0              32251000        4028571.8
08:27:25.573 INFO  ProgressMeter -       chr1:181480093              8.2              32925000        4028820.7
08:27:35.583 INFO  ProgressMeter -       chr1:185051376              8.3              33599000        4029043.6
08:27:45.587 INFO  ProgressMeter -       chr1:188595350              8.5              34271000        4029069.9
08:27:55.587 INFO  ProgressMeter -       chr1:192175484              8.7              34945000        4029356.8
08:28:05.594 INFO  ProgressMeter -       chr1:195739308              8.8              35618000        4029466.6
08:28:15.606 INFO  ProgressMeter -       chr1:199154605              9.0              36285000        4028868.8
08:28:25.620 INFO  ProgressMeter -       chr1:202800789              9.2              36959000        4029041.3
08:28:35.626 INFO  ProgressMeter -       chr1:206397604              9.3              37630000        4028943.9
08:28:45.628 INFO  ProgressMeter -       chr1:210014178              9.5              38303000        4029088.5
08:28:55.636 INFO  ProgressMeter -       chr1:213634099              9.7              38976000        4029193.5
08:29:05.639 INFO  ProgressMeter -       chr1:217235215              9.8              39646000        4029017.3
08:29:15.646 INFO  ProgressMeter -       chr1:220852793             10.0              40320000        4029213.1
08:29:25.647 INFO  ProgressMeter -       chr1:224511293             10.2              40993000        4029350.5
08:29:35.648 INFO  ProgressMeter -       chr1:228338986             10.3              41668000        4029676.8
08:29:45.653 INFO  ProgressMeter -       chr1:232005758             10.5              42341000        4029776.9
08:29:55.667 INFO  ProgressMeter -       chr1:235620793             10.7              43015000        4029910.9
08:30:05.671 INFO  ProgressMeter -       chr1:239273139             10.8              43689000        4030102.7
08:30:15.672 INFO  ProgressMeter -       chr1:242930641             11.0              44362000        4030216.2
08:30:25.680 INFO  ProgressMeter -       chr1:246618383             11.2              45036000        4030373.7
08:30:35.690 INFO  ProgressMeter -         chr2:1891403             11.3              45711000        4030602.9
08:30:45.699 INFO  ProgressMeter -         chr2:5610130             11.5              46385000        4030744.4
08:30:55.704 INFO  ProgressMeter -         chr2:9184710             11.7              47058000        4030819.2
08:31:05.707 INFO  ProgressMeter -        chr2:12882542             11.8              47730000        4030824.4
08:31:15.719 INFO  ProgressMeter -        chr2:16535931             12.0              48403000        4030851.3
08:31:25.732 INFO  ProgressMeter -        chr2:20203457             12.2              49077000        4030959.6
08:31:35.745 INFO  ProgressMeter -        chr2:23830307             12.3              49748000        4030821.8
08:31:45.755 INFO  ProgressMeter -        chr2:27457702             12.5              50421000        4030863.8
08:31:55.769 INFO  ProgressMeter -        chr2:31078286             12.7              51094000        4030883.4
08:32:05.775 INFO  ProgressMeter -        chr2:34677327             12.8              51764000        4030710.8
08:32:15.787 INFO  ProgressMeter -        chr2:38221349             13.0              52434000        4030511.6
08:32:25.788 INFO  ProgressMeter -        chr2:41798577             13.2              53107000        4030601.2
08:32:35.798 INFO  ProgressMeter -        chr2:45411816             13.3              53779000        4030568.3
08:32:45.803 INFO  ProgressMeter -        chr2:49040544             13.5              54453000        4030709.2
08:32:55.812 INFO  ProgressMeter -        chr2:52604015             13.7              55128000        4030900.1
08:33:05.826 INFO  ProgressMeter -        chr2:56172751             13.8              55801000        4030917.6
08:33:15.837 INFO  ProgressMeter -        chr2:59743735             14.0              56475000        4031025.3
08:33:25.842 INFO  ProgressMeter -        chr2:63348883             14.2              57149000        4031149.4
08:33:35.846 INFO  ProgressMeter -        chr2:66918533             14.3              57822000        4031210.2
08:33:45.858 INFO  ProgressMeter -        chr2:70459465             14.5              58496000        4031301.6
08:33:55.868 INFO  ProgressMeter -        chr2:74087606             14.7              59170000        4031400.0
08:34:05.872 INFO  ProgressMeter -        chr2:77666099             14.8              59843000        4031456.0
08:34:15.882 INFO  ProgressMeter -        chr2:81272349             15.0              60511000        4031155.3
08:34:25.890 INFO  ProgressMeter -        chr2:84847557             15.2              61183000        4031124.7
08:34:35.896 INFO  ProgressMeter -        chr2:88221525             15.3              61852000        4030916.8
08:34:45.896 INFO  ProgressMeter -        chr2:92076269             15.5              62519000        4030601.8
08:34:55.908 INFO  ProgressMeter -        chr2:96175248             15.7              63193000        4030692.8
08:35:05.911 INFO  ProgressMeter -        chr2:99724361             15.8              63863000        4030567.6
08:35:15.917 INFO  ProgressMeter -       chr2:103305197             16.0              64535000        4030557.3
08:35:25.925 INFO  ProgressMeter -       chr2:106952829             16.2              65208000        4030604.9
08:35:35.931 INFO  ProgressMeter -       chr2:110611463             16.3              65880000        4030594.5
08:35:45.939 INFO  ProgressMeter -       chr2:114132488             16.5              66551000        4030511.5
08:35:55.940 INFO  ProgressMeter -       chr2:117737759             16.7              67224000        4030582.3
08:36:05.947 INFO  ProgressMeter -       chr2:121451667             16.8              67898000        4030691.1
08:36:15.950 INFO  ProgressMeter -       chr2:125075598             17.0              68571000        4030747.0
08:36:25.952 INFO  ProgressMeter -       chr2:128699211             17.2              69243000        4030751.3
08:36:35.956 INFO  ProgressMeter -       chr2:132414340             17.3              69911000        4030517.2
08:36:45.970 INFO  ProgressMeter -       chr2:136050475             17.5              70583000        4030477.6
08:36:55.983 INFO  ProgressMeter -       chr2:139615906             17.7              71256000        4030499.1
08:37:05.997 INFO  ProgressMeter -       chr2:143164333             17.8              71931000        4030628.5
08:37:16.010 INFO  ProgressMeter -       chr2:146641134             18.0              72604000        4030648.3
08:37:26.018 INFO  ProgressMeter -       chr2:150242067             18.2              73279000        4030796.1
08:37:36.032 INFO  ProgressMeter -       chr2:153810832             18.3              73953000        4030864.8
08:37:46.033 INFO  ProgressMeter -       chr2:157345673             18.5              74626000        4030925.4
08:37:56.035 INFO  ProgressMeter -       chr2:160875710             18.7              75299000        4030981.3
08:38:06.037 INFO  ProgressMeter -       chr2:164396127             18.8              75973000        4031089.3
08:38:16.041 INFO  ProgressMeter -       chr2:167949720             19.0              76645000        4031083.2
08:38:26.048 INFO  ProgressMeter -       chr2:171532707             19.2              77319000        4031170.9
08:38:36.056 INFO  ProgressMeter -       chr2:175143223             19.3              77993000        4031253.6
08:38:46.067 INFO  ProgressMeter -       chr2:178739281             19.5              78668000        4031375.9
08:38:56.077 INFO  ProgressMeter -       chr2:182255967             19.7              79339000        4031296.2
08:39:06.083 INFO  ProgressMeter -       chr2:185800866             19.8              80012000        4031332.2
08:39:16.088 INFO  ProgressMeter -       chr2:189338472             20.0              80682000        4031221.0
08:39:26.088 INFO  ProgressMeter -       chr2:192842760             20.2              81355000        4031277.0
08:39:36.099 INFO  ProgressMeter -       chr2:196407107             20.3              82029000        4031348.2
08:39:46.101 INFO  ProgressMeter -       chr2:199908897             20.5              82702000        4031392.4
08:39:56.112 INFO  ProgressMeter -       chr2:203494412             20.7              83375000        4031409.9
08:40:06.118 INFO  ProgressMeter -       chr2:207099088             20.8              84048000        4031443.3
08:40:16.129 INFO  ProgressMeter -       chr2:210638530             21.0              84722000        4031507.7
08:40:26.133 INFO  ProgressMeter -       chr2:214193626             21.2              85396000        4031593.3
08:40:36.146 INFO  ProgressMeter -       chr2:217828601             21.3              86069000        4031602.4
08:40:46.150 INFO  ProgressMeter -       chr2:221449327             21.5              86741000        4031596.1
08:40:56.155 INFO  ProgressMeter -       chr2:225067115             21.7              87415000        4031672.9
08:41:06.160 INFO  ProgressMeter -       chr2:228634717             21.8              88077000        4031202.3
08:41:16.161 INFO  ProgressMeter -       chr2:232229900             22.0              88751000        4031296.1
08:41:26.167 INFO  ProgressMeter -       chr2:235907261             22.2              89424000        4031328.3
08:41:36.178 INFO  ProgressMeter -       chr2:239634956             22.3              90098000        4031389.8
08:41:46.186 INFO  ProgressMeter -          chr3:681115             22.5              90773000        4031503.6
08:41:56.192 INFO  ProgressMeter -         chr3:4291222             22.7              91446000        4031533.6
08:42:06.204 INFO  ProgressMeter -         chr3:7850960             22.8              92118000        4031501.7
08:42:16.215 INFO  ProgressMeter -        chr3:11487910             23.0              92790000        4031473.2
08:42:26.222 INFO  ProgressMeter -        chr3:15133492             23.2              93460000        4031373.3
08:42:36.223 INFO  ProgressMeter -        chr3:18666897             23.3              94133000        4031414.9
08:42:46.236 INFO  ProgressMeter -        chr3:22248681             23.5              94806000        4031424.4
08:42:56.247 INFO  ProgressMeter -        chr3:25845666             23.7              95478000        4031400.1
08:43:06.259 INFO  ProgressMeter -        chr3:29439763             23.9              96152000        4031451.5
08:43:16.273 INFO  ProgressMeter -        chr3:33040088             24.0              96824000        4031416.2
08:43:26.285 INFO  ProgressMeter -        chr3:36579996             24.2              97495000        4031345.5
08:43:36.296 INFO  ProgressMeter -        chr3:40131036             24.4              98167000        4031319.6
08:43:46.304 INFO  ProgressMeter -        chr3:43763854             24.5              98838000        4031264.3
08:43:56.310 INFO  ProgressMeter -        chr3:47360278             24.7              99510000        4031250.2
08:44:06.322 INFO  ProgressMeter -        chr3:50934109             24.9             100175000        4030941.1
08:44:16.332 INFO  ProgressMeter -        chr3:54547717             25.0             100848000        4030961.3
08:44:26.340 INFO  ProgressMeter -        chr3:58179905             25.2             101519000        4030909.8
08:44:36.342 INFO  ProgressMeter -        chr3:61818215             25.4             102192000        4030951.1
08:44:46.350 INFO  ProgressMeter -        chr3:65508408             25.5             102866000        4031012.6
08:44:56.356 INFO  ProgressMeter -        chr3:69133978             25.7             103536000        4030925.5
08:45:06.363 INFO  ProgressMeter -        chr3:72712779             25.9             104209000        4030952.9
08:45:16.363 INFO  ProgressMeter -        chr3:76357313             26.0             104881000        4030959.6
08:45:26.378 INFO  ProgressMeter -        chr3:79971757             26.2             105555000        4031006.7
08:45:36.379 INFO  ProgressMeter -        chr3:83551878             26.4             106228000        4031048.3
08:45:46.383 INFO  ProgressMeter -        chr3:87142427             26.5             106901000        4031079.4
08:45:56.395 INFO  ProgressMeter -        chr3:90716932             26.7             107575000        4031129.9
08:46:06.399 INFO  ProgressMeter -        chr3:95358564             26.9             108258000        4031534.9
08:46:16.410 INFO  ProgressMeter -        chr3:98618154             27.0             108933000        4031621.4
08:46:26.415 INFO  ProgressMeter -       chr3:102162935             27.2             109600000        4031427.5
08:46:36.425 INFO  ProgressMeter -       chr3:105678626             27.4             110273000        4031443.0
08:46:46.428 INFO  ProgressMeter -       chr3:109232814             27.5             110945000        4031439.0
08:46:56.430 INFO  ProgressMeter -       chr3:112787130             27.7             111617000        4031437.5
08:47:06.435 INFO  ProgressMeter -       chr3:116349542             27.9             112290000        4031467.2
08:47:16.439 INFO  ProgressMeter -       chr3:119912167             28.0             112962000        4031458.3
08:47:26.450 INFO  ProgressMeter -       chr3:123487215             28.2             113632000        4031364.4
08:47:36.459 INFO  ProgressMeter -       chr3:127080824             28.4             114304000        4031346.8
08:47:46.462 INFO  ProgressMeter -       chr3:130807531             28.5             114977000        4031380.9
08:47:56.474 INFO  ProgressMeter -       chr3:134381080             28.7             115651000        4031423.8
08:48:06.485 INFO  ProgressMeter -       chr3:138027922             28.9             116326000        4031505.5
08:48:16.486 INFO  ProgressMeter -       chr3:141626119             29.0             116999000        4031542.8
08:48:26.489 INFO  ProgressMeter -       chr3:145201242             29.2             117671000        4031536.2
08:48:36.499 INFO  ProgressMeter -       chr3:148759363             29.4             118347000        4031654.5
08:48:46.499 INFO  ProgressMeter -       chr3:152299326             29.5             119022000        4031755.8
08:48:56.512 INFO  ProgressMeter -       chr3:155829926             29.7             119698000        4031862.5
08:49:06.515 INFO  ProgressMeter -       chr3:159417928             29.9             120371000        4031890.0
08:49:16.518 INFO  ProgressMeter -       chr3:162988309             30.0             121044000        4031917.2
08:49:26.522 INFO  ProgressMeter -       chr3:166604776             30.2             121717000        4031941.9
08:49:36.527 INFO  ProgressMeter -       chr3:170162405             30.4             122389000        4031931.1
08:49:46.535 INFO  ProgressMeter -       chr3:173701429             30.5             123062000        4031946.6
08:49:56.536 INFO  ProgressMeter -       chr3:177197972             30.7             123735000        4031977.3
08:50:06.545 INFO  ProgressMeter -       chr3:180780654             30.9             124409000        4032024.8
08:50:16.545 INFO  ProgressMeter -       chr3:184354833             31.0             125082000        4032054.8
08:50:26.550 INFO  ProgressMeter -       chr3:187947999             31.2             125755000        4032075.8
08:50:36.557 INFO  ProgressMeter -       chr3:191550055             31.4             126429000        4032124.2
08:50:46.562 INFO  ProgressMeter -       chr3:195131331             31.5             127104000        4032208.0
08:50:56.565 INFO  ProgressMeter -       chr3:198275090             31.7             127687000        4029392.0
08:51:06.568 INFO  ProgressMeter -          chr4:220305             31.9             128272000        4026670.3
08:51:16.575 INFO  ProgressMeter -         chr4:3985544             32.0             128948000        4026806.2
08:51:26.587 INFO  ProgressMeter -         chr4:7792446             32.2             129623000        4026903.4
08:51:36.589 INFO  ProgressMeter -        chr4:11507846             32.4             130296000        4026954.3
08:51:46.596 INFO  ProgressMeter -        chr4:15199857             32.5             130970000        4027027.2
08:51:56.598 INFO  ProgressMeter -        chr4:18798428             32.7             131643000        4027079.1
08:52:06.609 INFO  ProgressMeter -        chr4:22445692             32.9             132317000        4027142.4
08:52:16.620 INFO  ProgressMeter -        chr4:26129640             33.0             132991000        4027205.2
08:52:26.634 INFO  ProgressMeter -        chr4:29704822             33.2             133665000        4027261.2
08:52:36.640 INFO  ProgressMeter -        chr4:33342737             33.4             134339000        4027332.7
08:52:46.644 INFO  ProgressMeter -        chr4:36902873             33.5             135011000        4027349.9
08:52:56.650 INFO  ProgressMeter -        chr4:40495520             33.7             135684000        4027388.7
08:53:06.661 INFO  ProgressMeter -        chr4:44074226             33.9             136357000        4027419.1
08:53:16.666 INFO  ProgressMeter -        chr4:47629679             34.0             137029000        4027431.7
08:53:26.675 INFO  ProgressMeter -        chr4:50843347             34.2             137706000        4027582.5
08:53:36.675 INFO  ProgressMeter -        chr4:55670683             34.4             138386000        4027836.8
08:53:46.677 INFO  ProgressMeter -        chr4:59342575             34.5             139059000        4027882.0
08:53:56.683 INFO  ProgressMeter -        chr4:62969638             34.7             139733000        4027947.8
08:54:06.684 INFO  ProgressMeter -        chr4:66556180             34.9             140405000        4027965.2
08:54:16.692 INFO  ProgressMeter -        chr4:70146465             35.0             141078000        4027997.7
08:54:26.700 INFO  ProgressMeter -        chr4:73579705             35.2             141752000        4028058.2
08:54:36.703 INFO  ProgressMeter -        chr4:77134326             35.4             142425000        4028099.4
08:54:46.707 INFO  ProgressMeter -        chr4:80703631             35.5             143098000        4028138.2
08:54:56.719 INFO  ProgressMeter -        chr4:84201564             35.7             143772000        4028189.7
08:55:06.724 INFO  ProgressMeter -        chr4:87745370             35.9             144445000        4028226.0
08:55:16.733 INFO  ProgressMeter -        chr4:91294973             36.0             145119000        4028282.2
08:55:26.743 INFO  ProgressMeter -        chr4:94861291             36.2             145793000        4028336.0
08:55:36.755 INFO  ProgressMeter -        chr4:98470108             36.4             146467000        4028385.7
08:55:46.765 INFO  ProgressMeter -       chr4:102047359             36.5             147140000        4028411.1
08:55:56.779 INFO  ProgressMeter -       chr4:105624907             36.7             147813000        4028429.1
08:56:06.781 INFO  ProgressMeter -       chr4:109077009             36.9             148485000        4028441.6
08:56:16.789 INFO  ProgressMeter -       chr4:112658864             37.0             149159000        4028497.1
08:56:26.797 INFO  ProgressMeter -       chr4:116244351             37.2             149834000        4028579.0
08:56:36.808 INFO  ProgressMeter -       chr4:119812952             37.4             150508000        4028628.1
08:56:46.822 INFO  ProgressMeter -       chr4:123387586             37.5             151182000        4028673.1
08:56:56.835 INFO  ProgressMeter -       chr4:126953824             37.7             151856000        4028715.9
08:57:06.842 INFO  ProgressMeter -       chr4:130518650             37.9             152531000        4028799.0
08:57:16.851 INFO  ProgressMeter -       chr4:134090505             38.0             153203000        4028795.3
08:57:26.857 INFO  ProgressMeter -       chr4:137695915             38.2             153876000        4028824.9
08:57:36.861 INFO  ProgressMeter -       chr4:141233337             38.4             154548000        4028831.7
08:57:46.874 INFO  ProgressMeter -       chr4:144777865             38.5             155221000        4028848.7
08:57:56.882 INFO  ProgressMeter -       chr4:148326723             38.7             155893000        4028848.4
08:58:06.885 INFO  ProgressMeter -       chr4:151944457             38.9             156566000        4028884.2
08:58:16.893 INFO  ProgressMeter -       chr4:155534244             39.0             157239000        4028907.7
08:58:26.902 INFO  ProgressMeter -       chr4:159085065             39.2             157913000        4028956.4
08:58:36.904 INFO  ProgressMeter -       chr4:162654839             39.4             158587000        4029016.7
08:58:46.918 INFO  ProgressMeter -       chr4:166246504             39.5             159262000        4029081.4
08:58:56.925 INFO  ProgressMeter -       chr4:169867778             39.7             159935000        4029107.0
08:59:06.928 INFO  ProgressMeter -       chr4:173434174             39.9             160607000        4029114.1
08:59:16.935 INFO  ProgressMeter -       chr4:176991762             40.0             161277000        4029064.4
08:59:26.941 INFO  ProgressMeter -       chr4:180549328             40.2             161948000        4029043.3
08:59:36.950 INFO  ProgressMeter -       chr4:184110394             40.4             162620000        4029038.9
08:59:46.963 INFO  ProgressMeter -       chr4:187729902             40.5             163294000        4029078.9
08:59:56.976 INFO  ProgressMeter -       chr4:191353297             40.7             163968000        4029118.5
09:00:06.986 INFO  ProgressMeter -         chr5:1522667             40.9             164644000        4029211.7
09:00:16.994 INFO  ProgressMeter -         chr5:5259382             41.0             165317000        4029234.3
09:00:26.996 INFO  ProgressMeter -         chr5:8963471             41.2             165988000        4029218.0
09:00:37.008 INFO  ProgressMeter -        chr5:12539035             41.4             166661000        4029233.9
09:00:47.017 INFO  ProgressMeter -        chr5:16107605             41.5             167335000        4029280.2
09:00:57.018 INFO  ProgressMeter -        chr5:19743365             41.7             168008000        4029311.8
09:01:07.024 INFO  ProgressMeter -        chr5:23375965             41.9             168680000        4029312.9
09:01:17.032 INFO  ProgressMeter -        chr5:27010768             42.0             169354000        4029358.4
09:01:27.045 INFO  ProgressMeter -        chr5:30569563             42.2             170021000        4029229.6
09:01:37.059 INFO  ProgressMeter -        chr5:34201941             42.4             170694000        4029241.9
09:01:47.065 INFO  ProgressMeter -        chr5:37843833             42.5             171366000        4029243.3
09:01:57.071 INFO  ProgressMeter -        chr5:41399789             42.7             172039000        4029268.0
09:02:07.073 INFO  ProgressMeter -        chr5:44946610             42.9             172713000        4029322.2
09:02:17.081 INFO  ProgressMeter -        chr5:48879835             43.0             173390000        4029436.3
09:02:27.090 INFO  ProgressMeter -        chr5:51871802             43.2             174065000        4029501.6
09:02:37.095 INFO  ProgressMeter -        chr5:55422680             43.4             174738000        4029526.5
09:02:47.109 INFO  ProgressMeter -        chr5:59017887             43.5             175412000        4029560.3
09:02:57.112 INFO  ProgressMeter -        chr5:62580499             43.7             176085000        4029587.9
09:03:07.121 INFO  ProgressMeter -        chr5:66143195             43.9             176758000        4029606.1
09:03:17.130 INFO  ProgressMeter -        chr5:69723903             44.0             177431000        4029624.1
09:03:27.132 INFO  ProgressMeter -        chr5:73668786             44.2             178100000        4029562.2
09:03:37.138 INFO  ProgressMeter -        chr5:77314083             44.4             178773000        4029584.8
09:03:47.147 INFO  ProgressMeter -        chr5:80922131             44.5             179446000        4029602.7
09:03:57.152 INFO  ProgressMeter -        chr5:84483057             44.7             180119000        4029626.5
09:04:07.155 INFO  ProgressMeter -        chr5:88045645             44.9             180793000        4029675.4
09:04:17.167 INFO  ProgressMeter -        chr5:91595573             45.0             181468000        4029732.8
09:04:27.175 INFO  ProgressMeter -        chr5:95112467             45.2             182143000        4029795.6
09:04:37.180 INFO  ProgressMeter -        chr5:98584452             45.4             182818000        4029862.4
09:04:47.189 INFO  ProgressMeter -       chr5:102129544             45.5             183492000        4029900.9
09:04:57.202 INFO  ProgressMeter -       chr5:105681079             45.7             184167000        4029955.1
09:05:07.209 INFO  ProgressMeter -       chr5:109268641             45.9             184842000        4030017.7
09:05:17.219 INFO  ProgressMeter -       chr5:112857636             46.0             185516000        4030053.7
09:05:27.232 INFO  ProgressMeter -       chr5:116459681             46.2             186188000        4030041.8
09:05:37.232 INFO  ProgressMeter -       chr5:120017963             46.4             186860000        4030048.9
09:05:47.246 INFO  ProgressMeter -       chr5:123578381             46.5             187534000        4030078.6
09:05:57.249 INFO  ProgressMeter -       chr5:127166852             46.7             188206000        4030081.2
09:06:07.262 INFO  ProgressMeter -       chr5:130740870             46.9             188880000        4030112.0
09:06:17.266 INFO  ProgressMeter -       chr5:134287065             47.0             189553000        4030134.3
09:06:27.279 INFO  ProgressMeter -       chr5:137922551             47.2             190227000        4030164.7
09:06:37.289 INFO  ProgressMeter -       chr5:141491863             47.4             190900000        4030178.1
09:06:47.295 INFO  ProgressMeter -       chr5:145105844             47.5             191573000        4030197.1
09:06:57.297 INFO  ProgressMeter -       chr5:148730441             47.7             192247000        4030243.9
09:07:07.310 INFO  ProgressMeter -       chr5:152333403             47.9             192922000        4030293.0
09:07:17.313 INFO  ProgressMeter -       chr5:155956895             48.0             193596000        4030336.4
09:07:27.317 INFO  ProgressMeter -       chr5:159546692             48.2             194270000        4030378.1
09:07:37.327 INFO  ProgressMeter -       chr5:163184453             48.4             194944000        4030411.1
09:07:47.337 INFO  ProgressMeter -       chr5:166810996             48.5             195618000        4030443.9
09:07:57.347 INFO  ProgressMeter -       chr5:170490211             48.7             196292000        4030476.5
09:08:07.353 INFO  ProgressMeter -       chr5:174169279             48.9             196965000        4030495.3
09:08:17.357 INFO  ProgressMeter -       chr5:177855775             49.0             197637000        4030493.6
09:08:27.366 INFO  ProgressMeter -       chr5:181556665             49.2             198310000        4030506.7
09:08:37.374 INFO  ProgressMeter -         chr6:3100386             49.4             198982000        4030500.9
09:08:47.384 INFO  ProgressMeter -         chr6:6763005             49.5             199657000        4030552.9
09:08:57.395 INFO  ProgressMeter -        chr6:10374948             49.7             200331000        4030583.2
09:09:07.402 INFO  ProgressMeter -        chr6:13952292             49.9             201004000        4030598.5
09:09:17.406 INFO  ProgressMeter -        chr6:17581576             50.0             201677000        4030617.8
09:09:27.414 INFO  ProgressMeter -        chr6:21215676             50.2             202349000        4030611.7
09:09:37.414 INFO  ProgressMeter -        chr6:24858547             50.4             203022000        4030636.1
09:09:47.421 INFO  ProgressMeter -        chr6:28503625             50.5             203694000        4030631.3
09:09:57.428 INFO  ProgressMeter -        chr6:32064496             50.7             204367000        4030646.3
09:10:07.443 INFO  ProgressMeter -        chr6:35668850             50.9             205039000        4030632.2
09:10:17.447 INFO  ProgressMeter -        chr6:39271639             51.0             205713000        4030669.3
09:10:27.450 INFO  ProgressMeter -        chr6:42957127             51.2             206387000        4030708.7
09:10:37.453 INFO  ProgressMeter -        chr6:46568863             51.4             207059000        4030709.0
09:10:47.459 INFO  ProgressMeter -        chr6:50165252             51.5             207734000        4030763.6
09:10:57.459 INFO  ProgressMeter -        chr6:53738658             51.7             208408000        4030806.2
09:11:07.470 INFO  ProgressMeter -        chr6:57325432             51.9             209083000        4030853.7
09:11:17.478 INFO  ProgressMeter -        chr6:61523602             52.0             209757000        4030885.4
09:11:27.483 INFO  ProgressMeter -        chr6:65137217             52.2             210430000        4030901.7
09:11:37.484 INFO  ProgressMeter -        chr6:68751383             52.4             211104000        4030942.1
09:11:47.492 INFO  ProgressMeter -        chr6:72363390             52.5             211778000        4030973.3
09:11:57.502 INFO  ProgressMeter -        chr6:75934108             52.7             212451000        4030982.8
09:12:07.516 INFO  ProgressMeter -        chr6:79522061             52.9             213126000        4031025.0
09:12:17.516 INFO  ProgressMeter -        chr6:83070179             53.0             213800000        4031065.7
09:12:27.523 INFO  ProgressMeter -        chr6:86673266             53.2             214474000        4031097.4
09:12:37.529 INFO  ProgressMeter -        chr6:90221477             53.4             215147000        4031111.4
09:12:47.532 INFO  ProgressMeter -        chr6:93783726             53.5             215821000        4031147.8
09:12:57.545 INFO  ProgressMeter -        chr6:97378686             53.7             216496000        4031190.0
09:13:07.553 INFO  ProgressMeter -       chr6:100962029             53.9             217170000        4031219.7
09:13:17.562 INFO  ProgressMeter -       chr6:104554779             54.0             217844000        4031249.1
09:13:27.573 INFO  ProgressMeter -       chr6:108120798             54.2             218518000        4031273.5
09:13:37.576 INFO  ProgressMeter -       chr6:111691189             54.4             219191000        4031290.4
09:13:47.586 INFO  ProgressMeter -       chr6:115273600             54.5             219867000        4031353.6
09:13:57.595 INFO  ProgressMeter -       chr6:118774468             54.7             220535000        4031271.4
09:14:07.602 INFO  ProgressMeter -       chr6:122334218             54.9             221208000        4031284.5
09:14:17.606 INFO  ProgressMeter -       chr6:125899583             55.0             221881000        4031298.7
09:14:27.606 INFO  ProgressMeter -       chr6:129402875             55.2             222554000        4031318.9
09:14:37.610 INFO  ProgressMeter -       chr6:132945464             55.4             223228000        4031352.2
09:14:47.616 INFO  ProgressMeter -       chr6:136487202             55.5             223896000        4031274.9
09:14:57.630 INFO  ProgressMeter -       chr6:140042518             55.7             224570000        4031296.1
09:15:07.644 INFO  ProgressMeter -       chr6:143587510             55.9             225244000        4031317.1
09:15:17.654 INFO  ProgressMeter -       chr6:147106408             56.0             225917000        4031325.0
09:15:27.668 INFO  ProgressMeter -       chr6:150662537             56.2             226591000        4031345.9
09:15:37.681 INFO  ProgressMeter -       chr6:154304925             56.4             227265000        4031367.8
09:15:47.689 INFO  ProgressMeter -       chr6:157894757             56.5             227939000        4031395.5
09:15:57.692 INFO  ProgressMeter -       chr6:161531455             56.7             228612000        4031412.6
09:16:07.694 INFO  ProgressMeter -       chr6:165243209             56.9             229283000        4031393.2
09:16:17.695 INFO  ProgressMeter -       chr6:168910627             57.0             229955000        4031394.9
09:16:27.705 INFO  ProgressMeter -          chr7:488548             57.2             230632000        4031471.2
09:16:37.707 INFO  ProgressMeter -         chr7:4296333             57.4             231307000        4031522.7
09:16:47.715 INFO  ProgressMeter -         chr7:7998321             57.5             231980000        4031532.1
09:16:57.722 INFO  ProgressMeter -        chr7:11546660             57.7             232653000        4031542.6
09:17:07.732 INFO  ProgressMeter -        chr7:15165701             57.9             233327000        4031566.9
09:17:17.736 INFO  ProgressMeter -        chr7:18754627             58.0             234001000        4031597.9
09:17:27.743 INFO  ProgressMeter -        chr7:22396040             58.2             234675000        4031625.4
09:17:37.751 INFO  ProgressMeter -        chr7:26020516             58.4             235349000        4031651.5
09:17:47.754 INFO  ProgressMeter -        chr7:29640039             58.5             236020000        4031633.1
09:17:57.758 INFO  ProgressMeter -        chr7:33262017             58.7             236692000        4031628.4
09:18:07.766 INFO  ProgressMeter -        chr7:36831610             58.9             237364000        4031620.4
09:18:17.770 INFO  ProgressMeter -        chr7:40423440             59.0             238037000        4031633.8
09:18:27.774 INFO  ProgressMeter -        chr7:44061056             59.2             238710000        4031647.2
09:18:37.774 INFO  ProgressMeter -        chr7:47701969             59.4             239382000        4031648.2
09:18:47.776 INFO  ProgressMeter -        chr7:51283802             59.5             240055000        4031663.7
09:18:57.786 INFO  ProgressMeter -        chr7:54888152             59.7             240728000        4031670.1
09:19:07.791 INFO  ProgressMeter -        chr7:58837556             59.9             241399000        4031648.7
09:19:17.796 INFO  ProgressMeter -        chr7:62806320             60.0             242075000        4031711.9
09:19:27.800 INFO  ProgressMeter -        chr7:66580731             60.2             242749000        4031741.4
09:19:37.802 INFO  ProgressMeter -        chr7:70360532             60.4             243419000        4031705.7
09:19:47.814 INFO  ProgressMeter -        chr7:74102768             60.5             244092000        4031709.7
09:19:57.815 INFO  ProgressMeter -        chr7:77912103             60.7             244761000        4031659.9
09:20:07.822 INFO  ProgressMeter -        chr7:81460355             60.9             245433000        4031653.1
09:20:17.835 INFO  ProgressMeter -        chr7:85057901             61.0             246107000        4031672.5
09:20:27.840 INFO  ProgressMeter -        chr7:88543525             61.2             246790000        4031847.7
09:20:37.844 INFO  ProgressMeter -        chr7:92095715             61.4             247463000        4031860.0
09:20:47.847 INFO  ProgressMeter -        chr7:95655104             61.5             248133000        4031824.6
09:20:57.854 INFO  ProgressMeter -        chr7:99303864             61.7             248808000        4031866.1
09:21:07.858 INFO  ProgressMeter -       chr7:103075883             61.9             249480000        4031862.1
09:21:17.870 INFO  ProgressMeter -       chr7:106355228             62.0             250151000        4031834.4
09:21:27.872 INFO  ProgressMeter -       chr7:109992417             62.2             250824000        4031847.7
09:21:37.881 INFO  ProgressMeter -       chr7:113621253             62.4             251497000        4031854.4
09:21:47.888 INFO  ProgressMeter -       chr7:117203965             62.5             252169000        4031847.3
09:21:57.895 INFO  ProgressMeter -       chr7:120791217             62.7             252842000        4031856.2
09:22:07.895 INFO  ProgressMeter -       chr7:124337449             62.9             253503000        4031681.6
09:22:17.902 INFO  ProgressMeter -       chr7:127914036             63.0             254176000        4031690.8
09:22:27.911 INFO  ProgressMeter -       chr7:131513490             63.2             254848000        4031682.1
09:22:37.911 INFO  ProgressMeter -       chr7:135207524             63.4             255522000        4031714.5
09:22:47.925 INFO  ProgressMeter -       chr7:138862526             63.5             256197000        4031747.6
09:22:57.932 INFO  ProgressMeter -       chr7:142533827             63.7             256872000        4031788.0
09:23:07.944 INFO  ProgressMeter -       chr7:145994332             63.9             257547000        4031822.9
09:23:17.956 INFO  ProgressMeter -       chr7:149616684             64.0             258222000        4031857.6
09:23:27.969 INFO  ProgressMeter -       chr7:153337254             64.2             258897000        4031891.1
09:23:37.973 INFO  ProgressMeter -       chr7:157107319             64.4             259572000        4031933.8
09:23:47.979 INFO  ProgressMeter -          chr8:359063             64.5             260252000        4032051.7
09:23:57.988 INFO  ProgressMeter -         chr8:4091654             64.7             260928000        4032104.0
09:24:07.997 INFO  ProgressMeter -         chr8:7842208             64.9             261600000        4032094.4
09:24:18.003 INFO  ProgressMeter -         chr8:9009540             65.0             261808000        4024954.6
09:24:28.014 INFO  ProgressMeter -        chr8:11443042             65.2             262245000        4021357.7
09:24:38.027 INFO  ProgressMeter -        chr8:15408395             65.4             262917000        4021371.5
09:24:48.033 INFO  ProgressMeter -        chr8:19070658             65.5             263593000        4021453.4
09:24:58.041 INFO  ProgressMeter -        chr8:22765162             65.7             264268000        4021517.6
09:25:08.048 INFO  ProgressMeter -        chr8:26459606             65.9             264943000        4021583.6
09:25:18.052 INFO  ProgressMeter -        chr8:30114660             66.0             265616000        4021620.0
09:25:28.058 INFO  ProgressMeter -        chr8:33774458             66.2             266289000        4021655.1
09:25:38.064 INFO  ProgressMeter -        chr8:37410526             66.4             266962000        4021690.1
09:25:48.065 INFO  ProgressMeter -        chr8:41166346             66.5             267635000        4021729.9
09:25:58.066 INFO  ProgressMeter -        chr8:44857214             66.7             268309000        4021784.6
09:26:08.077 INFO  ProgressMeter -        chr8:48285958             66.9             268987000        4021888.7
09:26:18.086 INFO  ProgressMeter -        chr8:51932634             67.0             269664000        4021979.4
09:26:28.090 INFO  ProgressMeter -        chr8:55595819             67.2             270340000        4022059.8
09:26:38.100 INFO  ProgressMeter -        chr8:59238245             67.4             271016000        4022133.8
09:26:48.105 INFO  ProgressMeter -        chr8:62791557             67.5             271691000        4022197.6
09:26:58.111 INFO  ProgressMeter -        chr8:66392824             67.7             272366000        4022260.1
09:27:08.121 INFO  ProgressMeter -        chr8:69951820             67.9             273041000        4022318.3
09:27:18.132 INFO  ProgressMeter -        chr8:73570689             68.0             273716000        4022376.3
09:27:28.138 INFO  ProgressMeter -        chr8:77157978             68.2             274391000        4022437.8
09:27:38.139 INFO  ProgressMeter -        chr8:80768338             68.4             275066000        4022503.1
09:27:48.148 INFO  ProgressMeter -        chr8:84328517             68.5             275741000        4022562.1
09:27:58.148 INFO  ProgressMeter -        chr8:87855940             68.7             276416000        4022627.7
09:28:08.158 INFO  ProgressMeter -        chr8:91422160             68.9             277091000        4022684.2
09:28:18.162 INFO  ProgressMeter -        chr8:94989133             69.0             277765000        4022731.7
09:28:28.169 INFO  ProgressMeter -        chr8:98588065             69.2             278440000        4022791.6
09:28:38.171 INFO  ProgressMeter -       chr8:102230812             69.4             279114000        4022839.6
09:28:48.183 INFO  ProgressMeter -       chr8:105844429             69.5             279789000        4022893.1
09:28:58.185 INFO  ProgressMeter -       chr8:109455045             69.7             280460000        4022898.7
09:29:08.192 INFO  ProgressMeter -       chr8:113047050             69.9             281136000        4022970.9
09:29:18.200 INFO  ProgressMeter -       chr8:116640788             70.0             281811000        4023027.5
09:29:28.213 INFO  ProgressMeter -       chr8:120274922             70.2             282487000        4023093.4
09:29:38.215 INFO  ProgressMeter -       chr8:123872915             70.4             283160000        4023126.8
09:29:48.226 INFO  ProgressMeter -       chr8:127497579             70.5             283834000        4023165.6
09:29:58.232 INFO  ProgressMeter -       chr8:131111007             70.7             284508000        4023209.0
09:30:08.242 INFO  ProgressMeter -       chr8:134700517             70.9             285182000        4023248.5
09:30:18.250 INFO  ProgressMeter -       chr8:138377908             71.1             285856000        4023289.6
09:30:28.253 INFO  ProgressMeter -       chr8:142094714             71.2             286530000        4023335.2
09:30:38.261 INFO  ProgressMeter -       chr8:145864302             71.4             287205000        4023390.0
09:30:48.275 INFO  ProgressMeter -         chr9:3241245             71.6             287879000        4023424.9
09:30:58.288 INFO  ProgressMeter -         chr9:6889266             71.7             288553000        4023460.5
09:31:08.291 INFO  ProgressMeter -        chr9:10552892             71.9             289225000        4023477.5
09:31:18.302 INFO  ProgressMeter -        chr9:14239420             72.1             289901000        4023542.5
09:31:28.306 INFO  ProgressMeter -        chr9:17934959             72.2             290576000        4023600.8
09:31:38.306 INFO  ProgressMeter -        chr9:21575092             72.4             291251000        4023660.7
09:31:48.306 INFO  ProgressMeter -        chr9:25256028             72.6             291925000        4023707.4
09:31:58.319 INFO  ProgressMeter -        chr9:28938198             72.7             292600000        4023755.7
09:32:08.327 INFO  ProgressMeter -        chr9:32587438             72.9             293274000        4023794.6
09:32:18.339 INFO  ProgressMeter -        chr9:36248593             73.1             293948000        4023829.7
09:32:28.340 INFO  ProgressMeter -        chr9:40162522             73.2             294619000        4023834.6
09:32:38.358 INFO  ProgressMeter -        chr9:44756519             73.4             295279000        4023683.2
09:32:48.358 INFO  ProgressMeter -        chr9:48733044             73.6             295956000        4023759.1
09:32:58.366 INFO  ProgressMeter -        chr9:57598717             73.7             296678000        4024448.7
09:33:08.369 INFO  ProgressMeter -        chr9:68045873             73.9             297377000        4024828.5
09:33:18.376 INFO  ProgressMeter -        chr9:74019166             74.1             298069000        4025108.3
09:33:28.381 INFO  ProgressMeter -        chr9:77894107             74.2             298750000        4025240.6
09:33:38.389 INFO  ProgressMeter -        chr9:81551890             74.4             299416000        4025167.8
09:33:48.397 INFO  ProgressMeter -        chr9:85224311             74.6             300091000        4025216.1
09:33:58.398 INFO  ProgressMeter -        chr9:88815864             74.7             300765000        4025257.1
09:34:08.398 INFO  ProgressMeter -        chr9:92450451             74.9             301439000        4025298.9
09:34:18.410 INFO  ProgressMeter -        chr9:96147469             75.1             302114000        4025343.0
09:34:28.424 INFO  ProgressMeter -        chr9:99848716             75.2             302788000        4025371.8
09:34:38.427 INFO  ProgressMeter -       chr9:103536403             75.4             303459000        4025370.6
09:34:48.440 INFO  ProgressMeter -       chr9:107258848             75.6             304133000        4025400.1
09:34:58.446 INFO  ProgressMeter -       chr9:110998832             75.7             304807000        4025435.7
09:35:08.450 INFO  ProgressMeter -       chr9:114660682             75.9             305481000        4025473.0
09:35:18.463 INFO  ProgressMeter -       chr9:118244852             76.1             306153000        4025475.8
09:35:28.469 INFO  ProgressMeter -       chr9:121949211             76.2             306825000        4025484.8
09:35:38.478 INFO  ProgressMeter -       chr9:125628798             76.4             307498000        4025504.2
09:35:48.490 INFO  ProgressMeter -       chr9:129336781             76.6             308172000        4025533.9
09:35:58.502 INFO  ProgressMeter -       chr9:132962577             76.7             308846000        4025563.6
09:36:08.502 INFO  ProgressMeter -       chr9:136589844             76.9             309519000        4025590.5
09:36:18.505 INFO  ProgressMeter -       chr9:140240462             77.1             310192000        4025614.7
09:36:28.507 INFO  ProgressMeter -       chr9:143948532             77.2             310865000        4025639.7
09:36:38.512 INFO  ProgressMeter -       chr9:147773583             77.4             311538000        4025662.0
09:36:48.526 INFO  ProgressMeter -         chr10:857605             77.6             312212000        4025689.3
09:36:58.531 INFO  ProgressMeter -        chr10:4544948             77.7             312886000        4025724.3
09:37:08.542 INFO  ProgressMeter -        chr10:8186252             77.9             313559000        4025741.1
09:37:18.549 INFO  ProgressMeter -       chr10:11798411             78.1             314232000        4025761.2
09:37:28.551 INFO  ProgressMeter -       chr10:15505965             78.2             314905000        4025785.6
09:37:38.564 INFO  ProgressMeter -       chr10:19197745             78.4             315580000        4025825.9
09:37:48.569 INFO  ProgressMeter -       chr10:22836237             78.6             316250000        4025809.3
09:37:58.579 INFO  ProgressMeter -       chr10:26518578             78.7             316924000        4025839.3
09:38:08.592 INFO  ProgressMeter -       chr10:30126047             78.9             317599000        4025879.3
09:38:18.600 INFO  ProgressMeter -       chr10:33708557             79.1             318271000        4025885.4
09:38:28.610 INFO  ProgressMeter -       chr10:37435679             79.2             318945000        4025915.0
09:38:38.615 INFO  ProgressMeter -       chr10:41005282             79.4             319620000        4025961.4
09:38:48.627 INFO  ProgressMeter -       chr10:44476614             79.6             320297000        4026026.8
09:38:58.631 INFO  ProgressMeter -       chr10:47768118             79.7             320969000        4026036.7
09:39:08.643 INFO  ProgressMeter -       chr10:51219340             79.9             321642000        4026050.8
09:39:18.657 INFO  ProgressMeter -       chr10:54861585             80.1             322317000        4026088.9
09:39:28.668 INFO  ProgressMeter -       chr10:58488756             80.2             322992000        4026130.2
09:39:38.677 INFO  ProgressMeter -       chr10:62131739             80.4             323666000        4026158.9
09:39:48.680 INFO  ProgressMeter -       chr10:65728447             80.6             324339000        4026180.9
09:39:58.694 INFO  ProgressMeter -       chr10:69315885             80.7             325013000        4026206.0
09:40:08.704 INFO  ProgressMeter -       chr10:72974025             80.9             325686000        4026222.0
09:40:18.709 INFO  ProgressMeter -       chr10:76509573             81.1             326359000        4026242.1
09:40:28.716 INFO  ProgressMeter -       chr10:80221458             81.2             327033000        4026272.8
09:40:38.728 INFO  ProgressMeter -       chr10:83822754             81.4             327706000        4026286.9
09:40:48.729 INFO  ProgressMeter -       chr10:87500396             81.6             328376000        4026273.2
09:40:58.732 INFO  ProgressMeter -       chr10:91043941             81.7             329046000        4026258.0
09:41:08.738 INFO  ProgressMeter -       chr10:94647448             81.9             329719000        4026277.0
09:41:18.738 INFO  ProgressMeter -       chr10:98267818             82.1             330392000        4026300.8
09:41:28.748 INFO  ProgressMeter -      chr10:101912760             82.2             331066000        4026328.5
09:41:38.754 INFO  ProgressMeter -      chr10:105541414             82.4             331738000        4026335.9
09:41:48.760 INFO  ProgressMeter -      chr10:109164041             82.6             332412000        4026365.8
09:41:58.772 INFO  ProgressMeter -      chr10:112751756             82.7             333086000        4026391.6
09:42:08.785 INFO  ProgressMeter -      chr10:116429299             82.9             333761000        4026428.6
09:42:18.798 INFO  ProgressMeter -      chr10:120068902             83.1             334434000        4026441.3
09:42:28.806 INFO  ProgressMeter -      chr10:123763712             83.2             335108000        4026470.0
09:42:38.814 INFO  ProgressMeter -      chr10:127494820             83.4             335782000        4026498.6
09:42:48.824 INFO  ProgressMeter -      chr10:131264042             83.6             336458000        4026549.4
09:42:58.826 INFO  ProgressMeter -         chr11:368210             83.7             337134000        4026606.4
09:43:08.836 INFO  ProgressMeter -        chr11:4121602             83.9             337810000        4026656.8
09:43:18.850 INFO  ProgressMeter -        chr11:7725379             84.1             338485000        4026691.9
09:43:28.851 INFO  ProgressMeter -       chr11:11386005             84.2             339159000        4026725.4
09:43:38.864 INFO  ProgressMeter -       chr11:15064702             84.4             339835000        4026772.9
09:43:48.865 INFO  ProgressMeter -       chr11:18688293             84.6             340509000        4026806.0
09:43:58.868 INFO  ProgressMeter -       chr11:22375614             84.7             341182000        4026825.7
09:44:08.876 INFO  ProgressMeter -       chr11:26024454             84.9             341856000        4026853.1
09:44:18.876 INFO  ProgressMeter -       chr11:29683792             85.1             342529000        4026874.9
09:44:28.886 INFO  ProgressMeter -       chr11:33309498             85.2             343202000        4026888.8
09:44:38.896 INFO  ProgressMeter -       chr11:36929892             85.4             343876000        4026915.1
09:44:48.901 INFO  ProgressMeter -       chr11:40554679             85.6             344550000        4026943.7
09:44:58.901 INFO  ProgressMeter -       chr11:44193212             85.7             345222000        4026953.5
09:45:08.909 INFO  ProgressMeter -       chr11:47876886             85.9             345896000        4026980.3
09:45:18.913 INFO  ProgressMeter -       chr11:51216956             86.1             346567000        4026975.3
09:45:28.916 INFO  ProgressMeter -       chr11:54035681             86.2             347241000        4027005.9
09:45:38.919 INFO  ProgressMeter -       chr11:57111148             86.4             347916000        4027047.9
09:45:48.925 INFO  ProgressMeter -       chr11:60705532             86.6             348591000        4027087.5
09:45:58.936 INFO  ProgressMeter -       chr11:64377128             86.7             349264000        4027100.7
09:46:08.943 INFO  ProgressMeter -       chr11:67952382             86.9             349938000        4027126.9
09:46:18.945 INFO  ProgressMeter -       chr11:71752952             87.1             350611000        4027146.2
09:46:28.957 INFO  ProgressMeter -       chr11:75323400             87.2             351283000        4027146.2
09:46:38.958 INFO  ProgressMeter -       chr11:78992206             87.4             351957000        4027177.6
09:46:48.971 INFO  ProgressMeter -       chr11:82630968             87.6             352632000        4027211.9
09:46:58.972 INFO  ProgressMeter -       chr11:86227401             87.7             353306000        4027242.2
09:47:08.981 INFO  ProgressMeter -       chr11:89835174             87.9             353979000        4027255.7
09:47:18.987 INFO  ProgressMeter -       chr11:93458518             88.1             354653000        4027282.9
09:47:28.995 INFO  ProgressMeter -       chr11:97098569             88.2             355329000        4027331.0
09:47:38.996 INFO  ProgressMeter -      chr11:100698993             88.4             356004000        4027373.0
09:47:49.007 INFO  ProgressMeter -      chr11:104304737             88.6             356680000        4027418.5
09:47:59.011 INFO  ProgressMeter -      chr11:107878995             88.7             357352000        4027424.1
09:48:09.019 INFO  ProgressMeter -      chr11:111524332             88.9             358026000        4027449.2
09:48:19.030 INFO  ProgressMeter -      chr11:115204301             89.1             358699000        4027460.6
09:48:29.035 INFO  ProgressMeter -      chr11:118922791             89.2             359371000        4027465.3
09:48:39.037 INFO  ProgressMeter -      chr11:122593709             89.4             360045000        4027494.7
09:48:49.044 INFO  ProgressMeter -      chr11:126281878             89.6             360718000        4027509.0
09:48:59.056 INFO  ProgressMeter -      chr11:129911076             89.7             361392000        4027530.6
09:49:09.070 INFO  ProgressMeter -      chr11:133591890             89.9             362066000        4027550.7
09:49:19.081 INFO  ProgressMeter -        chr12:2112711             90.1             362741000        4027584.0
09:49:29.093 INFO  ProgressMeter -        chr12:5782586             90.2             363414000        4027594.3
09:49:39.106 INFO  ProgressMeter -        chr12:9343509             90.4             364085000        4027581.8
09:49:49.119 INFO  ProgressMeter -       chr12:12846485             90.6             364757000        4027580.3
09:49:59.132 INFO  ProgressMeter -       chr12:16414421             90.7             365429000        4027578.8
09:50:09.135 INFO  ProgressMeter -       chr12:20021881             90.9             366102000        4027595.6
09:50:19.148 INFO  ProgressMeter -       chr12:23650658             91.1             366776000        4027616.1
09:50:29.158 INFO  ProgressMeter -       chr12:27222868             91.2             367449000        4027627.7
09:50:39.165 INFO  ProgressMeter -       chr12:30793485             91.4             368123000        4027652.4
09:50:49.178 INFO  ProgressMeter -       chr12:34423840             91.6             368796000        4027662.4
09:50:59.188 INFO  ProgressMeter -       chr12:38512032             91.7             369472000        4027705.9
09:51:09.198 INFO  ProgressMeter -       chr12:42094715             91.9             370146000        4027728.1
09:51:19.199 INFO  ProgressMeter -       chr12:45681938             92.1             370819000        4027746.0
09:51:29.211 INFO  ProgressMeter -       chr12:49227247             92.2             371491000        4027745.0
09:51:39.218 INFO  ProgressMeter -       chr12:52870537             92.4             372161000        4027725.9
09:51:49.221 INFO  ProgressMeter -       chr12:56423500             92.6             372831000        4027710.5
09:51:59.226 INFO  ProgressMeter -       chr12:59973396             92.7             373502000        4027703.1
09:52:09.228 INFO  ProgressMeter -       chr12:63491308             92.9             374174000        4027709.4
09:52:19.232 INFO  ProgressMeter -       chr12:67069721             93.1             374845000        4027703.4
09:52:29.240 INFO  ProgressMeter -       chr12:70628325             93.2             375520000        4027737.5
09:52:39.240 INFO  ProgressMeter -       chr12:74188507             93.4             376192000        4027745.1
09:52:49.242 INFO  ProgressMeter -       chr12:77744381             93.6             376864000        4027751.3
09:52:59.247 INFO  ProgressMeter -       chr12:81314458             93.7             377536000        4027756.0
09:53:09.247 INFO  ProgressMeter -       chr12:84896920             93.9             378207000        4027752.1
09:53:19.254 INFO  ProgressMeter -       chr12:88417567             94.1             378879000        4027754.7
09:53:29.255 INFO  ProgressMeter -       chr12:91923340             94.2             379551000        4027761.5
09:53:39.268 INFO  ProgressMeter -       chr12:95539578             94.4             380222000        4027749.1
09:53:49.280 INFO  ProgressMeter -       chr12:99114383             94.6             380894000        4027748.1
09:53:59.288 INFO  ProgressMeter -      chr12:102689997             94.7             381567000        4027760.5
09:54:09.299 INFO  ProgressMeter -      chr12:106321440             94.9             382240000        4027770.7
09:54:19.302 INFO  ProgressMeter -      chr12:110041730             95.1             382912000        4027776.0
09:54:29.313 INFO  ProgressMeter -      chr12:113743390             95.2             383585000        4027786.1
09:54:39.322 INFO  ProgressMeter -      chr12:117503190             95.4             384258000        4027797.6
09:54:49.323 INFO  ProgressMeter -      chr12:121198755             95.6             384930000        4027804.2
09:54:59.324 INFO  ProgressMeter -      chr12:124861294             95.7             385603000        4027821.3
09:55:09.330 INFO  ProgressMeter -      chr12:128562358             95.9             386277000        4027845.2
09:55:19.332 INFO  ProgressMeter -      chr12:132351171             96.1             386951000        4027871.8
09:55:29.344 INFO  ProgressMeter -        chr13:4529910             96.2             387639000        4028036.9
09:55:39.351 INFO  ProgressMeter -        chr13:9351083             96.4             388310000        4028029.2
09:55:49.357 INFO  ProgressMeter -       chr13:12716973             96.6             388978000        4027989.7
09:55:59.368 INFO  ProgressMeter -       chr13:18649358             96.7             389652000        4028009.7
09:56:09.378 INFO  ProgressMeter -       chr13:22292653             96.9             390324000        4028009.6
09:56:19.389 INFO  ProgressMeter -       chr13:26022272             97.1             390996000        4028009.5
09:56:29.398 INFO  ProgressMeter -       chr13:29706315             97.2             391668000        4028009.5
09:56:39.398 INFO  ProgressMeter -       chr13:33286709             97.4             392341000        4028026.6
09:56:49.402 INFO  ProgressMeter -       chr13:36888056             97.6             393015000        4028051.1
09:56:59.403 INFO  ProgressMeter -       chr13:40502584             97.7             393689000        4028077.6
09:57:09.403 INFO  ProgressMeter -       chr13:44109189             97.9             394361000        4028084.3
09:57:19.409 INFO  ProgressMeter -       chr13:47665394             98.1             395035000        4028107.2
09:57:29.411 INFO  ProgressMeter -       chr13:51209415             98.2             395709000        4028132.8
09:57:39.415 INFO  ProgressMeter -       chr13:54763031             98.4             396380000        4028127.2
09:57:49.417 INFO  ProgressMeter -       chr13:58271559             98.6             397048000        4028091.1
09:57:59.421 INFO  ProgressMeter -       chr13:61883167             98.7             397722000        4028115.2
09:58:09.421 INFO  ProgressMeter -       chr13:65477539             98.9             398396000        4028142.0
09:58:19.421 INFO  ProgressMeter -       chr13:69072460             99.1             399070000        4028168.7
09:58:29.424 INFO  ProgressMeter -       chr13:72669504             99.2             399744000        4028193.2
09:58:39.429 INFO  ProgressMeter -       chr13:76241189             99.4             400418000        4028216.4
09:58:49.440 INFO  ProgressMeter -       chr13:79839393             99.6             401093000        4028245.4
09:58:59.446 INFO  ProgressMeter -       chr13:83444654             99.7             401768000        4028277.7
09:59:09.449 INFO  ProgressMeter -       chr13:87098255             99.9             402443000        4028312.6
09:59:19.458 INFO  ProgressMeter -       chr13:90718761            100.1             403117000        4028332.0
09:59:29.466 INFO  ProgressMeter -       chr13:94341440            100.2             403790000        4028342.8
09:59:39.478 INFO  ProgressMeter -       chr13:98001888            100.4             404462000        4028340.8
09:59:49.478 INFO  ProgressMeter -      chr13:101621454            100.6             405133000        4028336.9
09:59:59.486 INFO  ProgressMeter -      chr13:105256536            100.7             405805000        4028337.7
10:00:09.498 INFO  ProgressMeter -      chr13:108895665            100.9             406476000        4028325.8
10:00:19.508 INFO  ProgressMeter -      chr13:112685591            101.1             407151000        4028354.9
10:00:29.514 INFO  ProgressMeter -        chr14:2448908            101.2             407829000        4028416.2
10:00:39.521 INFO  ProgressMeter -        chr14:5725626            101.4             408501000        4028417.4
10:00:49.522 INFO  ProgressMeter -        chr14:9468895            101.6             409166000        4028353.7
10:00:59.531 INFO  ProgressMeter -       chr14:13685763            101.7             409839000        4028363.6
10:01:09.542 INFO  ProgressMeter -       chr14:17194590            101.9             410512000        4028372.1
10:01:19.556 INFO  ProgressMeter -       chr14:20766299            102.1             411184000        4028368.8
10:01:29.559 INFO  ProgressMeter -       chr14:24353705            102.2             411857000        4028382.6
10:01:39.572 INFO  ProgressMeter -       chr14:27954481            102.4             412530000        4028389.7
10:01:49.581 INFO  ProgressMeter -       chr14:31549535            102.6             413202000        4028389.7
10:01:59.583 INFO  ProgressMeter -       chr14:35124055            102.7             413874000        4028394.2
10:02:09.588 INFO  ProgressMeter -       chr14:38742969            102.9             414547000        4028406.5
10:02:19.598 INFO  ProgressMeter -       chr14:42349391            103.1             415223000        4028444.6
10:02:29.602 INFO  ProgressMeter -       chr14:45910889            103.2             415898000        4028476.8
10:02:39.616 INFO  ProgressMeter -       chr14:49515719            103.4             416573000        4028502.4
10:02:49.629 INFO  ProgressMeter -       chr14:53162963            103.6             417248000        4028528.6
10:02:59.638 INFO  ProgressMeter -       chr14:56761040            103.7             417923000        4028557.3
10:03:09.647 INFO  ProgressMeter -       chr14:60389945            103.9             418593000        4028537.7
10:03:19.657 INFO  ProgressMeter -       chr14:64002831            104.1             419266000        4028546.4
10:03:29.670 INFO  ProgressMeter -       chr14:67675514            104.2             419941000        4028572.3
10:03:39.673 INFO  ProgressMeter -       chr14:71327173            104.4             420614000        4028585.5
10:03:49.673 INFO  ProgressMeter -       chr14:74912805            104.6             421280000        4028533.5
10:03:59.686 INFO  ProgressMeter -       chr14:78524372            104.7             421955000        4028559.4
10:04:09.691 INFO  ProgressMeter -       chr14:82172423            104.9             422623000        4028523.5
10:04:19.692 INFO  ProgressMeter -       chr14:85805790            105.1             423296000        4028537.9
10:04:29.697 INFO  ProgressMeter -       chr14:89480608            105.2             423965000        4028511.7
10:04:39.710 INFO  ProgressMeter -       chr14:93204161            105.4             424640000        4028537.4
10:04:49.715 INFO  ProgressMeter -       chr14:96946014            105.6             425314000        4028558.6
10:04:59.726 INFO  ProgressMeter -      chr14:100789562            105.7             425988000        4028576.0
10:05:09.740 INFO  ProgressMeter -        chr15:4118269            105.9             426661000        4028581.9
10:05:19.747 INFO  ProgressMeter -       chr15:11940230            106.1             427331000        4028564.0
10:05:29.759 INFO  ProgressMeter -       chr15:16720540            106.2             428002000        4028552.4
10:05:39.764 INFO  ProgressMeter -       chr15:17774559            106.4             428684000        4028648.6
10:05:49.766 INFO  ProgressMeter -       chr15:22108537            106.6             429352000        4028615.1
10:05:59.770 INFO  ProgressMeter -       chr15:25842177            106.7             430020000        4028580.4
10:06:09.771 INFO  ProgressMeter -       chr15:29484569            106.9             430691000        4028575.7
10:06:19.772 INFO  ProgressMeter -       chr15:33162398            107.1             431364000        4028589.7
10:06:29.774 INFO  ProgressMeter -       chr15:36784956            107.2             432038000        4028612.4
10:06:39.777 INFO  ProgressMeter -       chr15:40382558            107.4             432713000        4028643.8
10:06:49.790 INFO  ProgressMeter -       chr15:44024784            107.6             433388000        4028668.7
10:06:59.791 INFO  ProgressMeter -       chr15:47598819            107.7             434063000        4028701.1
10:07:09.799 INFO  ProgressMeter -       chr15:51148872            107.9             434738000        4028729.0
10:07:19.800 INFO  ProgressMeter -       chr15:54713704            108.1             435413000        4028761.8
10:07:29.804 INFO  ProgressMeter -       chr15:58344674            108.2             436088000        4028791.4
10:07:39.814 INFO  ProgressMeter -       chr15:61937338            108.4             436764000        4028827.1
10:07:49.826 INFO  ProgressMeter -       chr15:65550971            108.6             437438000        4028842.9
10:07:59.832 INFO  ProgressMeter -       chr15:69204933            108.7             438112000        4028862.5
10:08:09.843 INFO  ProgressMeter -       chr15:72880367            108.9             438784000        4028860.5
10:08:19.847 INFO  ProgressMeter -       chr15:76518835            109.1             439459000        4028890.3
10:08:29.848 INFO  ProgressMeter -       chr15:80208085            109.2             440134000        4028921.9
10:08:39.857 INFO  ProgressMeter -       chr15:83818429            109.4             440807000        4028930.2
10:08:49.862 INFO  ProgressMeter -       chr15:87476012            109.6             441480000        4028940.9
10:08:59.875 INFO  ProgressMeter -       chr15:91087761            109.7             442154000        4028955.9
10:09:09.889 INFO  ProgressMeter -       chr15:94699304            109.9             442827000        4028961.0
10:09:19.896 INFO  ProgressMeter -       chr15:98359261            110.1             443500000        4028970.4
10:09:29.898 INFO  ProgressMeter -        chr16:2276111            110.2             444176000        4029010.1
10:09:39.905 INFO  ProgressMeter -        chr16:5940424            110.4             444850000        4029028.4
10:09:49.915 INFO  ProgressMeter -        chr16:9740023            110.6             445524000        4029044.9
10:09:59.926 INFO  ProgressMeter -       chr16:13532802            110.7             446198000        4029060.8
10:10:09.940 INFO  ProgressMeter -       chr16:17179583            110.9             446866000        4029020.7
10:10:19.948 INFO  ProgressMeter -       chr16:20996773            111.1             447538000        4029020.3
10:10:29.962 INFO  ProgressMeter -       chr16:24766911            111.2             448211000        4029025.3
10:10:39.973 INFO  ProgressMeter -       chr16:28522991            111.4             448885000        4029041.1
10:10:49.985 INFO  ProgressMeter -       chr16:32229388            111.6             449557000        4029038.3
10:10:59.989 INFO  ProgressMeter -       chr16:35865748            111.7             450220000        4028959.7
10:11:09.993 INFO  ProgressMeter -       chr16:39499190            111.9             450900000        4029033.3
10:11:20.006 INFO  ProgressMeter -       chr16:45718657            112.1             451585000        4029146.0
10:11:30.014 INFO  ProgressMeter -       chr16:51601789            112.2             452269000        4029252.3
10:11:40.019 INFO  ProgressMeter -       chr16:55403226            112.4             452946000        4029297.9
10:11:50.028 INFO  ProgressMeter -       chr16:59108113            112.6             453621000        4029323.2
10:12:00.036 INFO  ProgressMeter -       chr16:62837229            112.7             454293000        4029322.9
10:12:10.037 INFO  ProgressMeter -       chr16:66517436            112.9             454968000        4029352.3
10:12:20.049 INFO  ProgressMeter -       chr16:70171341            113.1             455643000        4029375.6
10:12:30.051 INFO  ProgressMeter -       chr16:73818685            113.2             456316000        4029387.1
10:12:40.065 INFO  ProgressMeter -       chr16:77550894            113.4             456990000        4029400.3
10:12:50.068 INFO  ProgressMeter -       chr16:81353595            113.6             457661000        4029393.5
10:13:00.072 INFO  ProgressMeter -       chr16:85077490            113.7             458331000        4029377.4
10:13:10.084 INFO  ProgressMeter -       chr16:88808947            113.9             459005000        4029391.7
10:13:20.087 INFO  ProgressMeter -       chr16:92544745            114.1             459679000        4029411.3
10:13:30.097 INFO  ProgressMeter -       chr16:96317768            114.2             460354000        4029435.4
10:13:40.106 INFO  ProgressMeter -        chr17:3628379            114.4             461024000        4029416.4
10:13:50.117 INFO  ProgressMeter -        chr17:7287078            114.6             461699000        4029439.9
10:14:00.126 INFO  ProgressMeter -       chr17:10982941            114.7             462374000        4029464.5
10:14:10.134 INFO  ProgressMeter -       chr17:14773794            114.9             463048000        4029480.9
10:14:20.146 INFO  ProgressMeter -       chr17:18537409            115.1             463721000        4029486.2
10:14:30.153 INFO  ProgressMeter -       chr17:22235319            115.2             464393000        4029485.8
10:14:40.159 INFO  ProgressMeter -       chr17:26767046            115.4             465070000        4029529.3
10:14:50.170 INFO  ProgressMeter -       chr17:30498772            115.6             465747000        4029569.7
10:15:00.173 INFO  ProgressMeter -       chr17:34093067            115.7             466421000        4029589.3
10:15:10.184 INFO  ProgressMeter -       chr17:37914424            115.9             467087000        4029534.1
10:15:20.196 INFO  ProgressMeter -       chr17:41599636            116.1             467761000        4029547.9
10:15:30.203 INFO  ProgressMeter -       chr17:45118232            116.2             468435000        4029564.6
10:15:40.208 INFO  ProgressMeter -       chr17:48701053            116.4             469105000        4029548.0
10:15:50.213 INFO  ProgressMeter -       chr17:52354098            116.6             469778000        4029557.2
10:16:00.222 INFO  ProgressMeter -       chr17:55942480            116.7             470452000        4029572.6
10:16:10.231 INFO  ProgressMeter -       chr17:59598542            116.9             471127000        4029596.6
10:16:20.234 INFO  ProgressMeter -       chr17:63209819            117.1             471800000        4029606.8
10:16:30.242 INFO  ProgressMeter -       chr17:66805130            117.3             472475000        4029631.2
10:16:40.246 INFO  ProgressMeter -       chr17:70465209            117.4             473150000        4029657.9
10:16:50.255 INFO  ProgressMeter -       chr17:74159991            117.6             473826000        4029690.0
10:17:00.257 INFO  ProgressMeter -       chr17:77783190            117.8             474501000        4029717.7
10:17:10.257 INFO  ProgressMeter -       chr17:81463852            117.9             475172000        4029712.4
10:17:20.259 INFO  ProgressMeter -        chr18:1106317            118.1             475849000        4029756.8
10:17:30.269 INFO  ProgressMeter -        chr18:4659620            118.3             476525000        4029788.1
10:17:40.275 INFO  ProgressMeter -        chr18:8329072            118.4             477201000        4029821.6
10:17:50.289 INFO  ProgressMeter -       chr18:11950595            118.6             477877000        4029850.5
10:18:00.294 INFO  ProgressMeter -       chr18:15636518            118.8             478549000        4029851.2
10:18:10.302 INFO  ProgressMeter -       chr18:19163043            118.9             479230000        4029924.9
10:18:20.312 INFO  ProgressMeter -       chr18:22232013            119.1             479910000        4029989.3
10:18:30.321 INFO  ProgressMeter -       chr18:25864237            119.3             480584000        4030003.8
10:18:40.333 INFO  ProgressMeter -       chr18:29477605            119.4             481257000        4030008.2
10:18:50.337 INFO  ProgressMeter -       chr18:33076667            119.6             481930000        4030017.1
10:19:00.343 INFO  ProgressMeter -       chr18:36684683            119.8             482602000        4030016.5
10:19:10.356 INFO  ProgressMeter -       chr18:40344889            119.9             483273000        4030003.6
10:19:20.367 INFO  ProgressMeter -       chr18:43944165            120.1             483945000        4030000.3
10:19:30.377 INFO  ProgressMeter -       chr18:47590356            120.3             484617000        4029997.5
10:19:40.382 INFO  ProgressMeter -       chr18:51302729            120.4             485288000        4029989.1
10:19:50.395 INFO  ProgressMeter -       chr18:54902993            120.6             485961000        4029993.5
10:20:00.396 INFO  ProgressMeter -       chr18:58562518            120.8             486633000        4029995.2
10:20:10.401 INFO  ProgressMeter -       chr18:62237862            120.9             487306000        4030003.4
10:20:20.401 INFO  ProgressMeter -       chr18:65797185            121.1             487979000        4030014.4
10:20:30.404 INFO  ProgressMeter -       chr18:69345115            121.3             488648000        4029990.8
10:20:40.409 INFO  ProgressMeter -       chr18:72971325            121.4             489322000        4030007.2
10:20:50.410 INFO  ProgressMeter -       chr18:76607169            121.6             489996000        4030025.9
10:21:00.416 INFO  ProgressMeter -       chr18:80344424            121.8             490671000        4030049.9
10:21:10.419 INFO  ProgressMeter -        chr19:3433305            121.9             491348000        4030091.9
10:21:20.420 INFO  ProgressMeter -        chr19:7146410            122.1             492020000        4030094.0
10:21:30.422 INFO  ProgressMeter -       chr19:10921940            122.3             492693000        4030103.6
10:21:40.432 INFO  ProgressMeter -       chr19:14628751            122.4             493365000        4030100.7
10:21:50.440 INFO  ProgressMeter -       chr19:18281464            122.6             494023000        4029984.7
10:22:00.443 INFO  ProgressMeter -       chr19:21958303            122.8             494696000        4029994.0
10:22:10.454 INFO  ProgressMeter -       chr19:25770720            122.9             495371000        4030015.1
10:22:20.467 INFO  ProgressMeter -       chr19:30489778            123.1             496052000        4030083.8
10:22:30.475 INFO  ProgressMeter -       chr19:34369461            123.3             496728000        4030114.5
10:22:40.488 INFO  ProgressMeter -       chr19:37726972            123.4             497328000        4029526.6
10:22:50.494 INFO  ProgressMeter -       chr19:41457709            123.6             498000000        4029526.7
10:23:00.498 INFO  ProgressMeter -       chr19:45153376            123.8             498674000        4029544.0
10:23:10.498 INFO  ProgressMeter -       chr19:48793854            123.9             499345000        4029539.2
10:23:20.506 INFO  ProgressMeter -       chr19:52568160            124.1             500018000        4029546.3
10:23:30.510 INFO  ProgressMeter -       chr19:56344953            124.3             500691000        4029555.4
10:23:40.520 INFO  ProgressMeter -       chr19:60106958            124.4             501363000        4029553.3
10:23:50.528 INFO  ProgressMeter -        chr20:2101947            124.6             502038000        4029576.3
10:24:00.537 INFO  ProgressMeter -        chr20:5724939            124.8             502712000        4029590.8
10:24:10.548 INFO  ProgressMeter -        chr20:9324636            124.9             503387000        4029612.1
10:24:20.558 INFO  ProgressMeter -       chr20:12995598            125.1             504059000        4029609.9
10:24:30.571 INFO  ProgressMeter -       chr20:16665150            125.3             504734000        4029630.1
10:24:40.573 INFO  ProgressMeter -       chr20:20385387            125.4             505407000        4029640.7
10:24:50.573 INFO  ProgressMeter -       chr20:24059590            125.6             506081000        4029659.2
10:25:00.582 INFO  ProgressMeter -       chr20:27612965            125.8             506756000        4029681.3
10:25:10.595 INFO  ProgressMeter -       chr20:30939811            125.9             507433000        4029717.2
10:25:20.606 INFO  ProgressMeter -       chr20:35001850            126.1             508107000        4029730.2
10:25:30.613 INFO  ProgressMeter -       chr20:38670111            126.3             508781000        4029745.3
10:25:40.616 INFO  ProgressMeter -       chr20:42335829            126.4             509455000        4029762.5
10:25:50.631 INFO  ProgressMeter -       chr20:46045677            126.6             510127000        4029758.0
10:26:00.635 INFO  ProgressMeter -       chr20:49784267            126.8             510800000        4029766.2
10:26:10.642 INFO  ProgressMeter -       chr20:53460238            126.9             511474000        4029781.2
10:26:20.642 INFO  ProgressMeter -       chr20:57135868            127.1             512146000        4029784.1
10:26:30.643 INFO  ProgressMeter -       chr20:60891124            127.3             512820000        4029802.2
10:26:40.651 INFO  ProgressMeter -       chr20:64652269            127.4             513494000        4029816.5
10:26:50.656 INFO  ProgressMeter -        chr21:1841028            127.6             514167000        4029824.6
10:27:00.662 INFO  ProgressMeter -        chr21:6451721            127.8             514836000        4029800.8
10:27:10.668 INFO  ProgressMeter -       chr21:10967522            127.9             515502000        4029753.6
10:27:20.678 INFO  ProgressMeter -       chr21:13449489            128.1             516164000        4029673.2
10:27:30.678 INFO  ProgressMeter -       chr21:17074554            128.3             516836000        4029676.2
10:27:40.690 INFO  ProgressMeter -       chr21:20693885            128.4             517508000        4029673.0
10:27:50.693 INFO  ProgressMeter -       chr21:24345382            128.6             518180000        4029674.4
10:28:00.701 INFO  ProgressMeter -       chr21:27944366            128.8             518852000        4029673.3
10:28:10.706 INFO  ProgressMeter -       chr21:31615796            128.9             519525000        4029681.4
10:28:20.719 INFO  ProgressMeter -       chr21:35255723            129.1             520198000        4029685.4
10:28:30.721 INFO  ProgressMeter -       chr21:38878349            129.3             520868000        4029671.9
10:28:40.731 INFO  ProgressMeter -       chr21:42621651            129.4             521542000        4029685.1
10:28:50.736 INFO  ProgressMeter -        chr22:2124142            129.6             522217000        4029708.7
10:29:00.747 INFO  ProgressMeter -        chr22:5643908            129.8             522889000        4029705.9
10:29:10.761 INFO  ProgressMeter -        chr22:9288639            129.9             523561000        4029701.6
10:29:20.773 INFO  ProgressMeter -       chr22:11792575            130.1             524097000        4028653.0
10:29:30.781 INFO  ProgressMeter -       chr22:16181543            130.3             524767000        4028637.8
10:29:40.789 INFO  ProgressMeter -       chr22:19325868            130.4             525435000        4028607.3
10:29:50.790 INFO  ProgressMeter -       chr22:22779638            130.6             526105000        4028595.8
10:30:00.791 INFO  ProgressMeter -       chr22:26534303            130.8             526776000        4028592.0
10:30:10.802 INFO  ProgressMeter -       chr22:30252316            130.9             527448000        4028590.7
10:30:20.804 INFO  ProgressMeter -       chr22:33958610            131.1             528120000        4028594.0
10:30:30.818 INFO  ProgressMeter -       chr22:37641795            131.3             528791000        4028583.5
10:30:40.828 INFO  ProgressMeter -       chr22:41252459            131.4             529462000        4028575.1
10:30:50.840 INFO  ProgressMeter -       chr22:44959907            131.6             530135000        4028580.9
10:31:00.848 INFO  ProgressMeter -       chr22:48716537            131.8             530808000        4028588.8
10:31:10.857 INFO  ProgressMeter -         chrX:1222513            131.9             531486000        4028634.0
10:31:20.870 INFO  ProgressMeter -         chrX:5013236            132.1             532162000        4028661.9
10:31:30.875 INFO  ProgressMeter -         chrX:8752667            132.3             532829000        4028625.8
10:31:40.884 INFO  ProgressMeter -        chrX:12455777            132.4             533505000        4028655.7
10:31:50.884 INFO  ProgressMeter -        chrX:16096718            132.6             534180000        4028682.5
10:32:00.893 INFO  ProgressMeter -        chrX:19809718            132.8             534856000        4028712.2
10:32:10.894 INFO  ProgressMeter -        chrX:23452782            132.9             535530000        4028730.9
10:32:20.895 INFO  ProgressMeter -        chrX:27117093            133.1             536203000        4028742.0
10:32:30.901 INFO  ProgressMeter -        chrX:30770642            133.3             536877000        4028758.1
10:32:40.909 INFO  ProgressMeter -        chrX:34394223            133.4             537551000        4028773.1
10:32:50.911 INFO  ProgressMeter -        chrX:37906534            133.6             538225000        4028791.1
10:33:00.918 INFO  ProgressMeter -        chrX:41619698            133.8             538898000        4028799.0
10:33:10.924 INFO  ProgressMeter -        chrX:45271011            133.9             539572000        4028814.9
10:33:20.924 INFO  ProgressMeter -        chrX:49043430            134.1             540245000        4028826.4
10:33:30.933 INFO  ProgressMeter -        chrX:52775021            134.3             540919000        4028841.2
10:33:40.945 INFO  ProgressMeter -        chrX:56500203            134.4             541593000        4028853.5
10:33:50.954 INFO  ProgressMeter -        chrX:60192101            134.6             542270000        4028890.0
10:34:00.964 INFO  ProgressMeter -        chrX:63818592            134.8             542944000        4028903.7
10:34:10.965 INFO  ProgressMeter -        chrX:67475053            134.9             543619000        4028929.3
10:34:20.976 INFO  ProgressMeter -        chrX:71188502            135.1             544292000        4028935.0
10:34:30.979 INFO  ProgressMeter -        chrX:74867739            135.3             544965000        4028944.7
10:34:40.989 INFO  ProgressMeter -        chrX:78486768            135.4             545639000        4028958.3
10:34:50.989 INFO  ProgressMeter -        chrX:82123393            135.6             546313000        4028976.8
10:35:01.000 INFO  ProgressMeter -        chrX:85768914            135.8             546986000        4028982.4
10:35:11.014 INFO  ProgressMeter -        chrX:89488193            135.9             547659000        4028986.5
10:35:21.023 INFO  ProgressMeter -        chrX:93179866            136.1             548332000        4028993.1
10:35:31.031 INFO  ProgressMeter -        chrX:96788477            136.3             549007000        4029014.9
10:35:41.045 INFO  ProgressMeter -       chrX:100408642            136.4             549679000        4029011.7
10:35:51.057 INFO  ProgressMeter -       chrX:104041332            136.6             550354000        4029031.4
10:36:01.064 INFO  ProgressMeter -       chrX:107680960            136.8             551028000        4029046.2
10:36:11.078 INFO  ProgressMeter -       chrX:111313476            136.9             551703000        4029064.8
10:36:21.087 INFO  ProgressMeter -       chrX:115002349            137.1             552377000        4029078.6
10:36:31.101 INFO  ProgressMeter -       chrX:118652739            137.3             553053000        4029104.4
10:36:41.115 INFO  ProgressMeter -       chrX:122297878            137.4             553727000        4029115.6
10:36:51.128 INFO  ProgressMeter -       chrX:125935648            137.6             554402000        4029134.6
10:37:01.132 INFO  ProgressMeter -       chrX:129565081            137.8             555077000        4029157.9
10:37:11.137 INFO  ProgressMeter -       chrX:133232590            137.9             555751000        4029173.4
10:37:21.151 INFO  ProgressMeter -       chrX:136814111            138.1             556424000        4029177.2
10:37:31.153 INFO  ProgressMeter -       chrX:140457453            138.3             557096000        4029179.6
10:37:41.160 INFO  ProgressMeter -       chrX:144142674            138.4             557769000        4029186.9
10:37:51.163 INFO  ProgressMeter -       chrX:147766706            138.6             558442000        4029196.5
10:38:01.172 INFO  ProgressMeter -       chrX:151442931            138.8             559115000        4029202.2
10:38:11.180 INFO  ProgressMeter -             chrM:413            138.9             559788000        4029208.9
10:38:21.189 INFO  ProgressMeter -            chrM:3809            139.1             560466000        4029251.0
10:38:31.199 INFO  ProgressMeter -            chrM:7010            139.3             561148000        4029321.3
10:38:41.207 INFO  ProgressMeter -           chrM:10398            139.4             561826000        4029363.7
10:38:51.210 INFO  ProgressMeter -           chrM:13950            139.6             562504000        4029408.4
10:39:01.211 INFO  ProgressMeter -             unmapped            139.8             563192000        4029525.5
10:39:11.223 INFO  ProgressMeter -             unmapped            139.9             563896000        4029751.3
10:39:21.224 INFO  ProgressMeter -             unmapped            140.1             564598000        4029967.7
10:39:31.228 INFO  ProgressMeter -             unmapped            140.3             565191000        4029405.0
10:39:31.406 INFO  ApplyBQSR - 0 read(s) filtered by: WellformedReadFilter 

10:39:31.406 INFO  ProgressMeter -             unmapped            140.3             565200625        4029388.4
10:39:31.406 INFO  ProgressMeter - Traversal complete. Processed 565200625 total reads in 140.3 minutes.
10:39:31.451 INFO  ApplyBQSR - Shutting down engine
[March 31, 2024 at 10:39:31 AM CEST] org.broadinstitute.hellbender.tools.walkers.bqsr.ApplyBQSR done. Elapsed time: 140.28 minutes.
Runtime.totalMemory()=285212672
