Using GATK jar /lustre1/project/stg_00096/home/rdewin/system/miniconda/envs/WGS/share/gatk4-4.5.0.0-0/gatk-package-4.5.0.0-local.jar
Running:
    java -Dsamjdk.use_async_io_read_samtools=false -Dsamjdk.use_async_io_write_samtools=true -Dsamjdk.use_async_io_write_tribble=false -Dsamjdk.compression_level=2 -jar /lustre1/project/stg_00096/home/rdewin/system/miniconda/envs/WGS/share/gatk4-4.5.0.0-0/gatk-package-4.5.0.0-local.jar GetPileupSummaries -I results/recal/P026/P026_dna_normal_recal.bam -L resources/whole_genome.intervals -V resources/gnomad_chr.vcf.gz -O results/mutect2/P026/P026_normal_pileup_summaries.table
13:00:50.723 INFO  NativeLibraryLoader - Loading libgkl_compression.so from jar:file:/lustre1/project/stg_00096/home/rdewin/system/miniconda/envs/WGS/share/gatk4-4.5.0.0-0/gatk-package-4.5.0.0-local.jar!/com/intel/gkl/native/libgkl_compression.so
13:00:51.030 INFO  GetPileupSummaries - ------------------------------------------------------------
13:00:51.033 INFO  GetPileupSummaries - The Genome Analysis Toolkit (GATK) v4.5.0.0
13:00:51.033 INFO  GetPileupSummaries - For support and documentation go to https://software.broadinstitute.org/gatk/
13:00:51.033 INFO  GetPileupSummaries - Executing as vsc35407@g28l05 on Linux v4.18.0-513.24.1.el8_9.x86_64 amd64
13:00:51.033 INFO  GetPileupSummaries - Java runtime: OpenJDK 64-Bit Server VM v17.0.10-internal+0-adhoc..src
13:00:51.038 INFO  GetPileupSummaries - Start Date/Time: April 27, 2024 at 1:00:50 PM CEST
13:00:51.046 INFO  GetPileupSummaries - ------------------------------------------------------------
13:00:51.046 INFO  GetPileupSummaries - ------------------------------------------------------------
13:00:51.049 INFO  GetPileupSummaries - HTSJDK Version: 4.1.0
13:00:51.049 INFO  GetPileupSummaries - Picard Version: 3.1.1
13:00:51.049 INFO  GetPileupSummaries - Built for Spark Version: 3.5.0
13:00:51.050 INFO  GetPileupSummaries - HTSJDK Defaults.COMPRESSION_LEVEL : 2
13:00:51.050 INFO  GetPileupSummaries - HTSJDK Defaults.USE_ASYNC_IO_READ_FOR_SAMTOOLS : false
13:00:51.050 INFO  GetPileupSummaries - HTSJDK Defaults.USE_ASYNC_IO_WRITE_FOR_SAMTOOLS : true
13:00:51.051 INFO  GetPileupSummaries - HTSJDK Defaults.USE_ASYNC_IO_WRITE_FOR_TRIBBLE : false
13:00:51.051 INFO  GetPileupSummaries - Deflater: IntelDeflater
13:00:51.051 INFO  GetPileupSummaries - Inflater: IntelInflater
13:00:51.052 INFO  GetPileupSummaries - GCS max retries/reopens: 20
13:00:51.052 INFO  GetPileupSummaries - Requester pays: disabled
13:00:51.053 INFO  GetPileupSummaries - Initializing engine
13:00:51.301 INFO  FeatureManager - Using codec VCFCodec to read file file:///lustre1/project/stg_00096/home/rdewin/WGS/resources/gnomad_chr.vcf.gz
13:00:51.541 INFO  IntervalArgumentCollection - Processing 3117292070 bp from intervals
13:00:51.547 INFO  GetPileupSummaries - Done initializing engine
13:00:51.554 INFO  ProgressMeter - Starting traversal
13:00:51.554 INFO  ProgressMeter -        Current Locus  Elapsed Minutes        Loci Processed      Loci/Minute
13:01:01.563 INFO  ProgressMeter -         chr1:3287388              0.2               3182000       19090091.0
13:01:11.557 INFO  ProgressMeter -         chr1:7037919              0.3               6926000       20776961.2
13:01:21.556 INFO  ProgressMeter -        chr1:11610819              0.5              11495000       22989233.7
13:01:31.556 INFO  ProgressMeter -        chr1:16093867              0.7              15905000       23856903.6
13:01:41.556 INFO  ProgressMeter -        chr1:20502367              0.8              20180000       24215515.7
13:01:51.556 INFO  ProgressMeter -        chr1:24984147              1.0              24658000       24657589.0
13:02:01.557 INFO  ProgressMeter -        chr1:29547868              1.2              29208000       25034355.7
13:02:11.559 INFO  ProgressMeter -        chr1:33887754              1.3              33543000       25155992.2
13:02:21.559 INFO  ProgressMeter -        chr1:38235761              1.5              37888000       25257544.1
13:02:31.559 INFO  ProgressMeter -        chr1:42551075              1.7              42201000       25319334.0
13:02:41.560 INFO  ProgressMeter -        chr1:46948301              1.8              46594000       25413753.9
13:02:51.560 INFO  ProgressMeter -        chr1:51227543              2.0              50871000       25434440.2
13:03:01.560 INFO  ProgressMeter -        chr1:55598719              2.2              55239000       25493942.5
13:03:11.560 INFO  ProgressMeter -        chr1:59738581              2.3              59378000       25446805.5
13:03:21.560 INFO  ProgressMeter -        chr1:64008742              2.5              63646000       25457551.4
13:03:31.560 INFO  ProgressMeter -        chr1:68178821              2.7              67813000       25429080.3
13:03:41.561 INFO  ProgressMeter -        chr1:72531345              2.8              72162000       25467892.5
13:03:51.563 INFO  ProgressMeter -        chr1:76951396              3.0              76578000       25524865.6
13:04:01.564 INFO  ProgressMeter -        chr1:81384786              3.2              81005000       25579314.7
13:04:11.565 INFO  ProgressMeter -        chr1:85741922              3.3              85357000       25605691.7
13:04:21.566 INFO  ProgressMeter -        chr1:89907092              3.5              89519000       25575395.7
13:04:31.567 INFO  ProgressMeter -        chr1:94199921              3.7              93808000       25582604.6
13:04:41.566 INFO  ProgressMeter -        chr1:98434430              3.8              98041000       25574578.7
13:04:51.568 INFO  ProgressMeter -       chr1:102712256              4.0             102316000       25577614.5
13:05:01.568 INFO  ProgressMeter -       chr1:107557402              4.2             106825000       25636666.9
13:05:11.568 INFO  ProgressMeter -       chr1:111797764              4.3             110992000       25612257.8
13:05:21.568 INFO  ProgressMeter -       chr1:116028948              4.5             115220000       25603116.9
13:05:31.569 INFO  ProgressMeter -       chr1:120191815              4.7             119372000       25578344.0
13:05:41.569 INFO  ProgressMeter -       chr1:128569336              4.8             124339000       25723979.8
13:05:51.570 INFO  ProgressMeter -       chr1:143871537              5.0             130276000       26053897.3
13:06:01.571 INFO  ProgressMeter -       chr1:149129970              5.2             134833000       26095362.8
13:06:11.571 INFO  ProgressMeter -       chr1:153505074              5.3             139193000       26097301.1
13:06:21.572 INFO  ProgressMeter -       chr1:157818597              5.5             143504000       26090213.3
13:06:31.574 INFO  ProgressMeter -       chr1:162253905              5.7             147687000       26060955.4
13:06:41.575 INFO  ProgressMeter -       chr1:166435821              5.8             151867000       26032855.3
13:06:51.574 INFO  ProgressMeter -       chr1:170651718              6.0             156060000       26008555.1
13:07:01.575 INFO  ProgressMeter -       chr1:174832326              6.2             160239000       25983298.2
13:07:11.574 INFO  ProgressMeter -       chr1:179098201              6.3             164504000       25972948.8
13:07:21.575 INFO  ProgressMeter -       chr1:183278972              6.5             168683000       25949900.0
13:07:31.576 INFO  ProgressMeter -       chr1:187511878              6.7             172912000       25935438.4
13:07:41.577 INFO  ProgressMeter -       chr1:192013386              6.8             177411000       25961192.3
13:07:51.578 INFO  ProgressMeter -       chr1:196374165              7.0             181768000       25965373.4
13:08:01.580 INFO  ProgressMeter -       chr1:200665362              7.2             186058000       25960011.7
13:08:11.582 INFO  ProgressMeter -       chr1:204949790              7.3             190339000       25953725.6
13:08:21.582 INFO  ProgressMeter -       chr1:209078207              7.5             194459000       25926311.1
13:08:31.582 INFO  ProgressMeter -       chr1:213326503              7.7             198703000       25916261.4
13:08:41.583 INFO  ProgressMeter -       chr1:217705759              7.8             203079000       25923434.3
13:08:51.584 INFO  ProgressMeter -       chr1:221930132              8.0             207300000       25910934.5
13:09:01.583 INFO  ProgressMeter -       chr1:226213393              8.2             211582000       25906466.8
13:09:11.586 INFO  ProgressMeter -       chr1:230760423              8.3             215852000       25900634.2
13:09:21.587 INFO  ProgressMeter -       chr1:235004433              8.5             220090000       25891316.6
13:09:31.586 INFO  ProgressMeter -       chr1:239461634              8.7             224531000       25905828.9
13:09:41.587 INFO  ProgressMeter -       chr1:243930970              8.8             228998000       25922736.7
13:09:51.586 INFO  ProgressMeter -       chr1:248307241              9.0             233351000       25926352.5
13:10:01.588 INFO  ProgressMeter -         chr2:4369231              9.2             237768000       25936771.1
13:10:11.589 INFO  ProgressMeter -         chr2:8585575              9.3             241980000       25924808.3
13:10:21.591 INFO  ProgressMeter -        chr2:12847147              9.5             246233000       25917626.3
13:10:31.592 INFO  ProgressMeter -        chr2:17132729              9.7             250507000       25912864.2
13:10:41.592 INFO  ProgressMeter -        chr2:21374189              9.8             254745000       25904602.8
13:10:51.593 INFO  ProgressMeter -        chr2:25746856             10.0             259117000       25910059.0
13:11:01.593 INFO  ProgressMeter -        chr2:30037381             10.2             263406000       25907130.5
13:11:11.593 INFO  ProgressMeter -        chr2:34307414             10.3             267672000       25902112.6
13:11:21.595 INFO  ProgressMeter -        chr2:38647102             10.5             272008000       25903838.0
13:11:31.596 INFO  ProgressMeter -        chr2:42943143             10.7             276302000       25901653.2
13:11:41.596 INFO  ProgressMeter -        chr2:47190452             10.8             280548000       25895105.1
13:11:51.595 INFO  ProgressMeter -        chr2:51519945             11.0             284877000       25896300.4
13:12:01.595 INFO  ProgressMeter -        chr2:55860612             11.2             289214000       25898176.4
13:12:11.597 INFO  ProgressMeter -        chr2:60104664             11.3             293447000       25890745.1
13:12:21.599 INFO  ProgressMeter -        chr2:64401344             11.5             297743000       25889044.8
13:12:31.599 INFO  ProgressMeter -        chr2:68595186             11.7             301930000       25878050.7
13:12:41.599 INFO  ProgressMeter -        chr2:72782523             11.8             306117000       25867402.8
13:12:51.600 INFO  ProgressMeter -        chr2:77069768             12.0             310389000       25864097.6
13:13:01.602 INFO  ProgressMeter -        chr2:81544276             12.2             314862000       25877402.4
13:13:11.603 INFO  ProgressMeter -        chr2:85961608             12.3             319273000       25885286.0
13:13:21.603 INFO  ProgressMeter -        chr2:91941106             12.5             323972000       25916066.8
13:13:31.605 INFO  ProgressMeter -        chr2:98406106             12.7             328466000       25929786.3
13:13:41.606 INFO  ProgressMeter -       chr2:102632332             12.8             332691000       25922257.1
13:13:51.605 INFO  ProgressMeter -       chr2:106861353             13.0             336914000       25914767.1
13:14:01.606 INFO  ProgressMeter -       chr2:111489791             13.2             341342000       25923035.3
13:14:11.605 INFO  ProgressMeter -       chr2:115777582             13.3             345599000       25918272.7
13:14:21.605 INFO  ProgressMeter -       chr2:120105475             13.5             349921000       25918442.2
13:14:31.607 INFO  ProgressMeter -       chr2:124457750             13.7             354270000       25920519.8
13:14:41.607 INFO  ProgressMeter -       chr2:128830790             13.8             358638000       25923983.2
13:14:51.609 INFO  ProgressMeter -       chr2:133383977             14.0             363057000       25930975.9
13:15:01.608 INFO  ProgressMeter -       chr2:137701986             14.2             367366000       25930070.3
13:15:11.608 INFO  ProgressMeter -       chr2:142111502             14.3             371774000       25936092.4
13:15:21.610 INFO  ProgressMeter -       chr2:146256678             14.5             375915000       25923533.6
13:15:31.610 INFO  ProgressMeter -       chr2:150509502             14.7             380166000       25918789.2
13:15:41.610 INFO  ProgressMeter -       chr2:154778910             14.8             384415000       25914016.5
13:15:51.611 INFO  ProgressMeter -       chr2:159109137             15.0             388744000       25914654.2
13:16:01.612 INFO  ProgressMeter -       chr2:163292314             15.2             392919000       25905124.6
13:16:11.614 INFO  ProgressMeter -       chr2:167627925             15.3             397251000       25906012.5
13:16:21.614 INFO  ProgressMeter -       chr2:171868908             15.5             401482000       25900393.5
13:16:31.615 INFO  ProgressMeter -       chr2:176093292             15.7             405697000       25893900.4
13:16:41.616 INFO  ProgressMeter -       chr2:180265449             15.8             409865000       25884548.5
13:16:51.616 INFO  ProgressMeter -       chr2:184464963             16.0             414056000       25876855.7
13:17:01.617 INFO  ProgressMeter -       chr2:188866347             16.2             418456000       25882222.0
13:17:11.617 INFO  ProgressMeter -       chr2:193037602             16.3             422627000       25873485.6
13:17:21.616 INFO  ProgressMeter -       chr2:197403885             16.5             426986000       25876318.9
13:17:31.618 INFO  ProgressMeter -       chr2:201638322             16.7             431219000       25871484.2
13:17:41.618 INFO  ProgressMeter -       chr2:205998202             16.8             435577000       25874221.8
13:17:51.620 INFO  ProgressMeter -       chr2:210232214             17.0             439808000       25869410.3
13:18:01.620 INFO  ProgressMeter -       chr2:214653437             17.2             444226000       25875584.7
13:18:11.620 INFO  ProgressMeter -       chr2:218874364             17.3             448445000       25870185.2
13:18:21.620 INFO  ProgressMeter -       chr2:223186528             17.5             452756000       25870145.3
13:18:31.621 INFO  ProgressMeter -       chr2:227467358             17.7             457035000       25868270.6
13:18:41.621 INFO  ProgressMeter -       chr2:231792524             17.8             461357000       25868866.2
13:18:51.624 INFO  ProgressMeter -       chr2:236187651             18.0             465745000       25873069.2
13:19:01.624 INFO  ProgressMeter -       chr2:240511693             18.2             470064000       25873421.0
13:19:11.626 INFO  ProgressMeter -         chr3:2483846             18.3             474690000       25890487.2
13:19:21.627 INFO  ProgressMeter -         chr3:6713746             18.5             478916000       25885649.0
13:19:31.628 INFO  ProgressMeter -        chr3:10956166             18.7             483156000       25881647.1
13:19:41.630 INFO  ProgressMeter -        chr3:15195714             18.8             487391000       25877427.7
13:19:51.632 INFO  ProgressMeter -        chr3:19277019             19.0             491468000       25864989.8
13:20:01.632 INFO  ProgressMeter -        chr3:23546602             19.2             495735000       25862703.1
13:20:11.632 INFO  ProgressMeter -        chr3:27848848             19.3             500034000       25862110.9
13:20:21.631 INFO  ProgressMeter -        chr3:32171421             19.5             504354000       25862605.6
13:20:31.632 INFO  ProgressMeter -        chr3:36479476             19.7             508657000       25862205.7
13:20:41.632 INFO  ProgressMeter -        chr3:40607940             19.8             512777000       25852608.0
13:20:51.633 INFO  ProgressMeter -        chr3:44791085             20.0             516958000       25846198.5
13:21:01.635 INFO  ProgressMeter -        chr3:49093915             20.2             521260000       25845873.1
13:21:11.635 INFO  ProgressMeter -        chr3:53463052             20.3             525626000       25848742.8
13:21:21.636 INFO  ProgressMeter -        chr3:57750445             20.5             529907000       25847419.8
13:21:31.635 INFO  ProgressMeter -        chr3:61998454             20.7             534153000       25844424.7
13:21:41.636 INFO  ProgressMeter -        chr3:66276147             20.8             538429000       25842896.7
13:21:51.638 INFO  ProgressMeter -        chr3:70455740             21.0             542606000       25836679.0
13:22:01.637 INFO  ProgressMeter -        chr3:74663304             21.2             546809000       25831807.8
13:22:11.637 INFO  ProgressMeter -        chr3:79249215             21.3             551376000       25844074.2
13:22:21.638 INFO  ProgressMeter -        chr3:83761230             21.5             555885000       25853452.8
13:22:31.637 INFO  ProgressMeter -        chr3:88180345             21.7             560280000       25857426.0
13:22:41.639 INFO  ProgressMeter -        chr3:95867518             21.8             565080000       25879847.5
13:22:51.640 INFO  ProgressMeter -       chr3:100687152             22.0             569562000       25887514.8
13:23:01.640 INFO  ProgressMeter -       chr3:104839656             22.2             573697000       25879413.7
13:23:11.639 INFO  ProgressMeter -       chr3:109223997             22.3             578078000       25882447.8
13:23:21.641 INFO  ProgressMeter -       chr3:113462525             22.5             582313000       25878929.2
13:23:31.640 INFO  ProgressMeter -       chr3:117668326             22.7             586517000       25874113.8
13:23:41.642 INFO  ProgressMeter -       chr3:121924915             22.8             590772000       25871564.5
13:23:51.644 INFO  ProgressMeter -       chr3:126162257             23.0             595008000       25868244.7
13:24:01.645 INFO  ProgressMeter -       chr3:130386872             23.2             599227000       25864220.4
13:24:11.646 INFO  ProgressMeter -       chr3:134560479             23.3             603390000       25857872.2
13:24:21.648 INFO  ProgressMeter -       chr3:138714362             23.5             607542000       25851146.0
13:24:31.648 INFO  ProgressMeter -       chr3:143001853             23.7             611821000       25849898.6
13:24:41.649 INFO  ProgressMeter -       chr3:147168823             23.8             615986000       25843867.6
13:24:51.648 INFO  ProgressMeter -       chr3:151387564             24.0             620194000       25839729.9
13:25:01.650 INFO  ProgressMeter -       chr3:155483587             24.2             624284000       25830749.0
13:25:11.650 INFO  ProgressMeter -       chr3:159692744             24.3             628492000       25826757.8
13:25:21.649 INFO  ProgressMeter -       chr3:163828073             24.5             632626000       25819800.8
13:25:31.651 INFO  ProgressMeter -       chr3:168422487             24.7             637188000       25830253.0
13:25:41.653 INFO  ProgressMeter -       chr3:172701882             24.8             641465000       25829106.5
13:25:51.653 INFO  ProgressMeter -       chr3:176872068             25.0             645635000       25823695.6
13:26:01.653 INFO  ProgressMeter -       chr3:181286432             25.2             650046000       25827949.0
13:26:11.654 INFO  ProgressMeter -       chr3:185617412             25.3             654371000       25828751.9
13:26:21.655 INFO  ProgressMeter -       chr3:189937136             25.5             658683000       25829017.7
13:26:31.655 INFO  ProgressMeter -       chr3:194170850             25.7             662914000       25826124.4
13:26:41.656 INFO  ProgressMeter -       chr3:198470494             25.8             667206000       25825646.2
13:26:51.656 INFO  ProgressMeter -         chr4:2063598             26.0             671758000       25835156.9
13:27:01.658 INFO  ProgressMeter -         chr4:6405971             26.2             676095000       25836330.5
13:27:11.658 INFO  ProgressMeter -        chr4:10929381             26.3             680393000       25836024.6
13:27:21.659 INFO  ProgressMeter -        chr4:15233316             26.5             684688000       25835593.1
13:27:31.659 INFO  ProgressMeter -        chr4:19502015             26.7             688951000       25833983.3
13:27:41.659 INFO  ProgressMeter -        chr4:23900559             26.8             693341000       25837110.0
13:27:51.660 INFO  ProgressMeter -        chr4:28194583             27.0             697633000       25836584.7
13:28:01.661 INFO  ProgressMeter -        chr4:32753175             27.2             702187000       25845677.6
13:28:11.662 INFO  ProgressMeter -        chr4:37214719             27.3             706640000       25850996.3
13:28:21.663 INFO  ProgressMeter -        chr4:41522986             27.5             710947000       25850926.1
13:28:31.663 INFO  ProgressMeter -        chr4:45869338             27.7             715289000       25852137.3
13:28:41.663 INFO  ProgressMeter -        chr4:53438328             27.8             719589000       25851825.2
13:28:51.664 INFO  ProgressMeter -        chr4:59106498             28.0             723969000       25854373.6
13:29:01.662 INFO  ProgressMeter -        chr4:63477985             28.2             728333000       25856324.0
13:29:11.663 INFO  ProgressMeter -        chr4:68057470             28.3             732901000       25865450.9
13:29:21.663 INFO  ProgressMeter -        chr4:72493808             28.5             737335000       25869769.6
13:29:31.664 INFO  ProgressMeter -        chr4:76680241             28.7             741513000       25865093.4
13:29:41.665 INFO  ProgressMeter -        chr4:80822138             28.8             745649000       25859014.7
13:29:51.665 INFO  ProgressMeter -        chr4:84932296             29.0             749753000       25851902.6
13:30:01.667 INFO  ProgressMeter -        chr4:89166226             29.2             753985000       25849245.2
13:30:11.669 INFO  ProgressMeter -        chr4:93320179             29.3             758129000       25843618.2
13:30:21.670 INFO  ProgressMeter -        chr4:97664923             29.5             762471000       25844795.4
13:30:31.670 INFO  ProgressMeter -       chr4:101976544             29.7             766782000       25844914.5
13:30:41.672 INFO  ProgressMeter -       chr4:106152526             29.8             770955000       25840378.0
13:30:51.672 INFO  ProgressMeter -       chr4:110371088             30.0             775172000       25837387.2
13:31:01.672 INFO  ProgressMeter -       chr4:114599198             30.2             779397000       25834680.4
13:31:11.674 INFO  ProgressMeter -       chr4:118970867             30.3             783761000       25836571.2
13:31:21.674 INFO  ProgressMeter -       chr4:123375283             30.5             788160000       25839617.1
13:31:31.675 INFO  ProgressMeter -       chr4:127621911             30.7             792406000       25837627.0
13:31:41.678 INFO  ProgressMeter -       chr4:131968215             30.8             796750000       25838822.6
13:31:51.678 INFO  ProgressMeter -       chr4:136463192             31.0             801201000       25843484.5
13:32:01.678 INFO  ProgressMeter -       chr4:141003500             31.2             805735000       25850745.7
13:32:11.680 INFO  ProgressMeter -       chr4:145184108             31.3             809914000       25846586.9
13:32:21.682 INFO  ProgressMeter -       chr4:149338926             31.5             814068000       25841692.1
13:32:31.683 INFO  ProgressMeter -       chr4:153603682             31.7             818325000       25840087.7
13:32:41.684 INFO  ProgressMeter -       chr4:157794047             31.8             822513000       25836346.2
13:32:51.684 INFO  ProgressMeter -       chr4:162011377             32.0             826729000       25833532.1
13:33:01.686 INFO  ProgressMeter -       chr4:166417116             32.2             831133000       25836564.5
13:33:11.687 INFO  ProgressMeter -       chr4:170812630             32.3             835510000       25838744.0
13:33:21.689 INFO  ProgressMeter -       chr4:175066847             32.5             839761000       25837024.5
13:33:31.689 INFO  ProgressMeter -       chr4:179315659             32.7             844006000       25835152.1
13:33:41.688 INFO  ProgressMeter -       chr4:183761412             32.8             848448000       25839298.2
13:33:51.690 INFO  ProgressMeter -       chr4:188114930             33.0             852795000       25840510.9
13:34:01.690 INFO  ProgressMeter -       chr4:192601545             33.2             857270000       25845570.4
13:34:11.691 INFO  ProgressMeter -         chr5:3629244             33.3             861728000       25850069.3
13:34:21.692 INFO  ProgressMeter -         chr5:7944412             33.5             866032000       25849939.6
13:34:31.691 INFO  ProgressMeter -        chr5:12126463             33.7             870211000       25846098.6
13:34:41.692 INFO  ProgressMeter -        chr5:16343915             33.8             874415000       25843034.2
13:34:51.692 INFO  ProgressMeter -        chr5:20940067             34.0             878897000       25848175.9
13:35:01.692 INFO  ProgressMeter -        chr5:25621158             34.2             883456000       25855520.9
13:35:11.692 INFO  ProgressMeter -        chr5:30212990             34.3             888044000       25863626.6
13:35:21.693 INFO  ProgressMeter -        chr5:34642849             34.5             892346000       25863377.2
13:35:31.693 INFO  ProgressMeter -        chr5:38851375             34.7             896554000       25860418.9
13:35:41.693 INFO  ProgressMeter -        chr5:42988834             34.8             900683000       25855208.7
13:35:51.695 INFO  ProgressMeter -        chr5:49589012             35.0             905305000       25864120.6
13:36:01.695 INFO  ProgressMeter -        chr5:54544370             35.2             909829000       25870185.9
13:36:11.697 INFO  ProgressMeter -        chr5:58722305             35.3             914005000       25866333.5
13:36:21.697 INFO  ProgressMeter -        chr5:62880941             35.5             918156000       25861825.2
13:36:31.697 INFO  ProgressMeter -        chr5:67146994             35.7             922418000       25860470.9
13:36:41.696 INFO  ProgressMeter -        chr5:72154388             35.8             926555000       25855641.2
13:36:51.697 INFO  ProgressMeter -        chr5:76310082             36.0             930709000       25851316.3
13:37:01.699 INFO  ProgressMeter -        chr5:80498871             36.2             934894000       25847888.4
13:37:11.699 INFO  ProgressMeter -        chr5:84721267             36.3             939114000       25845455.2
13:37:21.702 INFO  ProgressMeter -        chr5:89101711             36.5             943489000       25847278.7
13:37:31.703 INFO  ProgressMeter -        chr5:93335979             36.7             947718000       25845104.1
13:37:41.703 INFO  ProgressMeter -        chr5:97451660             36.8             951833000       25839877.8
13:37:51.705 INFO  ProgressMeter -       chr5:101706494             37.0             956080000       25838242.5
13:38:01.705 INFO  ProgressMeter -       chr5:106085241             37.2             960456000       25840115.8
13:38:11.707 INFO  ProgressMeter -       chr5:110438583             37.3             964805000       25841237.6
13:38:21.708 INFO  ProgressMeter -       chr5:114608217             37.5             968970000       25837443.1
13:38:31.709 INFO  ProgressMeter -       chr5:118857874             37.7             973218000       25835874.1
13:38:41.709 INFO  ProgressMeter -       chr5:123042468             37.8             977400000       25832597.3
13:38:51.711 INFO  ProgressMeter -       chr5:127355537             38.0             981708000       25832642.2
13:39:01.713 INFO  ProgressMeter -       chr5:131569044             38.2             985920000       25830171.6
13:39:11.714 INFO  ProgressMeter -       chr5:135815806             38.3             990163000       25828542.4
13:39:21.716 INFO  ProgressMeter -       chr5:140017061             38.5             994360000       25825732.5
13:39:31.718 INFO  ProgressMeter -       chr5:144244358             38.7             998583000       25823608.1
13:39:41.718 INFO  ProgressMeter -       chr5:148457324             38.8            1002788000       25821049.5
13:39:51.720 INFO  ProgressMeter -       chr5:152571995             39.0            1006898000       25816066.0
13:40:01.721 INFO  ProgressMeter -       chr5:156764226             39.2            1011083000       25813061.7
13:40:11.723 INFO  ProgressMeter -       chr5:160951763             39.3            1015265000       25809984.7
13:40:21.723 INFO  ProgressMeter -       chr5:165262314             39.5            1019570000       25810058.3
13:40:31.725 INFO  ProgressMeter -       chr5:169643667             39.7            1023947000       25811935.4
13:40:41.727 INFO  ProgressMeter -       chr5:173807731             39.8            1028110000       25808435.5
13:40:51.727 INFO  ProgressMeter -       chr5:178094685             40.0            1032382000       25807689.7
13:41:01.727 INFO  ProgressMeter -          chr6:617323             40.2            1036869000       25812313.1
13:41:11.729 INFO  ProgressMeter -         chr6:4800734             40.3            1041044000       25809141.9
13:41:21.730 INFO  ProgressMeter -         chr6:8941078             40.5            1045180000       25805055.2
13:41:31.730 INFO  ProgressMeter -        chr6:13105321             40.7            1049343000       25801665.9
13:41:41.729 INFO  ProgressMeter -        chr6:17264915             40.8            1053501000       25798181.8
13:41:51.730 INFO  ProgressMeter -        chr6:21613554             41.0            1057844000       25799237.9
13:42:01.731 INFO  ProgressMeter -        chr6:25879045             41.2            1062106000       25798297.0
13:42:11.733 INFO  ProgressMeter -        chr6:30260825             41.3            1066348000       25796890.4
13:42:21.734 INFO  ProgressMeter -        chr6:34539569             41.5            1070572000       25795061.3
13:42:31.734 INFO  ProgressMeter -        chr6:38835383             41.7            1074864000       25794889.1
13:42:41.735 INFO  ProgressMeter -        chr6:43026880             41.8            1079053000       25792246.0
13:42:51.736 INFO  ProgressMeter -        chr6:47192259             42.0            1083215000       25788981.0
13:43:01.736 INFO  ProgressMeter -        chr6:51373121             42.2            1087391000       25786073.9
13:43:11.738 INFO  ProgressMeter -        chr6:55575897             42.3            1091585000       25783604.7
13:43:21.740 INFO  ProgressMeter -        chr6:62035037             42.5            1095377000       25771706.8
13:43:31.741 INFO  ProgressMeter -        chr6:66492164             42.7            1099832000       25775429.7
13:43:41.742 INFO  ProgressMeter -        chr6:71038015             42.8            1104370000       25781081.3
13:43:51.743 INFO  ProgressMeter -        chr6:75318612             43.0            1108642000       25780483.5
13:44:01.743 INFO  ProgressMeter -        chr6:79715776             43.2            1113011000       25782157.2
13:44:11.744 INFO  ProgressMeter -        chr6:83948328             43.3            1117242000       25780623.7
13:44:21.746 INFO  ProgressMeter -        chr6:88216123             43.5            1121506000       25779860.6
13:44:31.746 INFO  ProgressMeter -        chr6:92413091             43.7            1125702000       25777546.1
13:44:41.747 INFO  ProgressMeter -        chr6:96860452             43.8            1130140000       25780779.5
13:44:51.747 INFO  ProgressMeter -       chr6:101115047             44.0            1134394000       25779797.2
13:45:01.748 INFO  ProgressMeter -       chr6:105543729             44.2            1138819000       25782703.4
13:45:11.749 INFO  ProgressMeter -       chr6:109852682             44.3            1143124000       25782871.5
13:45:21.748 INFO  ProgressMeter -       chr6:114000213             44.5            1147270000       25779475.2
13:45:31.750 INFO  ProgressMeter -       chr6:118267121             44.7            1151535000       25778749.0
13:45:41.751 INFO  ProgressMeter -       chr6:122473766             44.8            1155740000       25776699.6
13:45:51.753 INFO  ProgressMeter -       chr6:126671002             45.0            1159936000       25774455.9
13:46:01.753 INFO  ProgressMeter -       chr6:130841781             45.2            1164104000       25771627.8
13:46:11.755 INFO  ProgressMeter -       chr6:134980025             45.3            1168241000       25768117.9
13:46:21.756 INFO  ProgressMeter -       chr6:139078521             45.5            1172338000       25763764.0
13:46:31.757 INFO  ProgressMeter -       chr6:143314683             45.7            1176571000       25762429.2
13:46:41.758 INFO  ProgressMeter -       chr6:147485978             45.8            1180738000       25759654.8
13:46:51.758 INFO  ProgressMeter -       chr6:151721808             46.0            1184968000       25758270.0
13:47:01.758 INFO  ProgressMeter -       chr6:156050804             46.2            1189294000       25758983.8
13:47:11.760 INFO  ProgressMeter -       chr6:160332337             46.3            1193565000       25758496.2
13:47:21.759 INFO  ProgressMeter -       chr6:164644548             46.5            1197766000       25756516.1
13:47:31.760 INFO  ProgressMeter -       chr6:168896199             46.7            1201999000       25755235.8
13:47:41.761 INFO  ProgressMeter -         chr7:1467601             46.8            1206616000       25762154.1
13:47:51.762 INFO  ProgressMeter -         chr7:6130493             47.0            1211257000       25769533.9
13:48:01.763 INFO  ProgressMeter -        chr7:10456639             47.2            1215558000       25769644.6
13:48:11.763 INFO  ProgressMeter -        chr7:14750348             47.3            1219848000       25769540.2
13:48:21.765 INFO  ProgressMeter -        chr7:18994631             47.5            1224090000       25768417.1
13:48:31.764 INFO  ProgressMeter -        chr7:23193905             47.7            1228285000       25766324.9
13:48:41.766 INFO  ProgressMeter -        chr7:27384654             47.8            1232473000       25764091.9
13:48:51.766 INFO  ProgressMeter -        chr7:31469786             48.0            1236555000       25759666.3
13:49:01.766 INFO  ProgressMeter -        chr7:35661715             48.2            1240740000       25757418.5
13:49:11.767 INFO  ProgressMeter -        chr7:39799161             48.3            1244843000       25753480.9
13:49:21.768 INFO  ProgressMeter -        chr7:44053409             48.5            1249097000       25752683.5
13:49:31.769 INFO  ProgressMeter -        chr7:48280466             48.7            1253321000       25751275.2
13:49:41.771 INFO  ProgressMeter -        chr7:52491175             48.8            1257520000       25749355.8
13:49:51.772 INFO  ProgressMeter -        chr7:57092135             49.0            1262019000       25753580.2
13:50:01.774 INFO  ProgressMeter -        chr7:65357194             49.2            1267032000       25768229.4
13:50:11.774 INFO  ProgressMeter -        chr7:69996447             49.3            1271601000       25773780.3
13:50:21.775 INFO  ProgressMeter -        chr7:74722482             49.5            1276196000       25779827.8
13:50:31.774 INFO  ProgressMeter -        chr7:79660547             49.7            1280841000       25786841.2
13:50:41.775 INFO  ProgressMeter -        chr7:83867969             49.8            1285046000       25784970.4
13:50:51.777 INFO  ProgressMeter -        chr7:88293043             50.0            1289469000       25787471.7
13:51:01.776 INFO  ProgressMeter -        chr7:92563361             50.2            1293738000       25786895.5
13:51:11.776 INFO  ProgressMeter -        chr7:96737209             50.3            1297911000       25784415.8
13:51:21.778 INFO  ProgressMeter -       chr7:101138940             50.5            1302310000       25786410.5
13:51:31.779 INFO  ProgressMeter -       chr7:105664171             50.7            1306708000       25788380.8
13:51:41.780 INFO  ProgressMeter -       chr7:109853102             50.8            1310893000       25786148.3
13:51:51.781 INFO  ProgressMeter -       chr7:114177703             51.0            1315194000       25786204.7
13:52:01.781 INFO  ProgressMeter -       chr7:118489114             51.2            1319502000       25786406.0
13:52:11.782 INFO  ProgressMeter -       chr7:122778844             51.3            1323790000       25786208.0
13:52:21.783 INFO  ProgressMeter -       chr7:127157129             51.5            1328165000       25787708.9
13:52:31.782 INFO  ProgressMeter -       chr7:131466657             51.7            1332473000       25787903.3
13:52:41.783 INFO  ProgressMeter -       chr7:135707060             51.8            1336708000       25786688.3
13:52:51.784 INFO  ProgressMeter -       chr7:139982676             52.0            1340980000       25786176.0
13:53:01.786 INFO  ProgressMeter -       chr7:144203555             52.2            1345188000       25784448.5
13:53:11.786 INFO  ProgressMeter -       chr7:148559069             52.3            1349436000       25783504.5
13:53:21.786 INFO  ProgressMeter -       chr7:152900894             52.5            1353772000       25784234.3
13:53:31.787 INFO  ProgressMeter -       chr7:157304204             52.7            1358170000       25786136.7
13:53:41.788 INFO  ProgressMeter -         chr8:1253215             52.8            1362656000       25789700.6
13:53:51.789 INFO  ProgressMeter -         chr8:5654988             53.0            1366992000       25790404.1
13:54:01.791 INFO  ProgressMeter -        chr8:10191341             53.2            1371279000       25790173.5
13:54:11.790 INFO  ProgressMeter -        chr8:15316638             53.3            1375834000       25794985.1
13:54:21.792 INFO  ProgressMeter -        chr8:19617531             53.5            1380132000       25794955.3
13:54:31.792 INFO  ProgressMeter -        chr8:23844078             53.7            1384353000       25793491.0
13:54:41.792 INFO  ProgressMeter -        chr8:28066777             53.8            1388552000       25791635.2
13:54:51.793 INFO  ProgressMeter -        chr8:32323297             54.0            1392807000       25790827.7
13:55:01.793 INFO  ProgressMeter -        chr8:36750409             54.2            1397230000       25793126.5
13:55:11.794 INFO  ProgressMeter -        chr8:41075862             54.3            1401552000       25793544.6
13:55:21.793 INFO  ProgressMeter -        chr8:47099110             54.5            1406046000       25797123.7
13:55:31.793 INFO  ProgressMeter -        chr8:51413140             54.7            1410360000       25797388.5
13:55:41.795 INFO  ProgressMeter -        chr8:55679342             54.8            1414625000       25796750.4
13:55:51.795 INFO  ProgressMeter -        chr8:59929522             55.0            1418839000       25795188.9
13:56:01.796 INFO  ProgressMeter -        chr8:64122882             55.2            1423031000       25793245.9
13:56:11.796 INFO  ProgressMeter -        chr8:68390687             55.3            1427297000       25792644.0
13:56:21.798 INFO  ProgressMeter -        chr8:72698645             55.5            1431601000       25792730.4
13:56:31.798 INFO  ProgressMeter -        chr8:77052645             55.7            1435953000       25793678.5
13:56:41.798 INFO  ProgressMeter -        chr8:81399806             55.8            1440296000       25794467.5
13:56:51.798 INFO  ProgressMeter -        chr8:85696672             56.0            1444588000       25794341.1
13:57:01.800 INFO  ProgressMeter -        chr8:90687156             56.2            1448798000       25792748.0
13:57:11.801 INFO  ProgressMeter -        chr8:94896376             56.3            1453004000       25791093.3
13:57:21.802 INFO  ProgressMeter -        chr8:99068387             56.5            1457174000       25788811.3
13:57:31.803 INFO  ProgressMeter -       chr8:103298286             56.7            1461403000       25787583.7
13:57:41.802 INFO  ProgressMeter -       chr8:107496766             56.8            1465598000       25785772.8
13:57:51.804 INFO  ProgressMeter -       chr8:111709965             57.0            1469810000       25784263.1
13:58:01.803 INFO  ProgressMeter -       chr8:116261380             57.2            1474360000       25788681.8
13:58:11.805 INFO  ProgressMeter -       chr8:120498408             57.3            1478596000       25787591.0
13:58:21.804 INFO  ProgressMeter -       chr8:124663308             57.5            1482757000       25785209.8
13:58:31.804 INFO  ProgressMeter -       chr8:128773191             57.7            1486865000       25781923.3
13:58:41.806 INFO  ProgressMeter -       chr8:132858457             57.8            1490948000       25778216.0
13:58:51.806 INFO  ProgressMeter -       chr8:136974278             58.0            1495063000       25775081.8
13:59:01.807 INFO  ProgressMeter -       chr8:141307456             58.2            1499393000       25775661.5
13:59:11.807 INFO  ProgressMeter -       chr8:145908035             58.3            1503978000       25780616.4
13:59:21.807 INFO  ProgressMeter -         chr9:3886093             58.5            1508186000       25779099.1
13:59:31.809 INFO  ProgressMeter -         chr9:8079365             58.7            1512368000       25777132.6
13:59:41.811 INFO  ProgressMeter -        chr9:12508367             58.8            1516796000       25779365.6
13:59:51.812 INFO  ProgressMeter -        chr9:16812982             59.0            1521100000       25779484.4
14:00:01.812 INFO  ProgressMeter -        chr9:21032161             59.2            1525315000       25778105.6
14:00:11.811 INFO  ProgressMeter -        chr9:25427255             59.3            1529694000       25779498.5
14:00:21.812 INFO  ProgressMeter -        chr9:29783199             59.5            1534048000       25780456.2
14:00:31.813 INFO  ProgressMeter -        chr9:34117264             59.7            1538377000       25780989.6
14:00:41.814 INFO  ProgressMeter -        chr9:38382919             59.8            1542640000       25780424.2
14:00:51.814 INFO  ProgressMeter -        chr9:44447987             60.0            1547943000       25797186.9
14:01:01.815 INFO  ProgressMeter -        chr9:63844111             60.2            1554657000       25837306.5
14:01:11.816 INFO  ProgressMeter -        chr9:78871316             60.3            1562439000       25894904.8
14:01:21.816 INFO  ProgressMeter -        chr9:83439877             60.5            1566825000       25896064.8
14:01:31.817 INFO  ProgressMeter -        chr9:87656881             60.7            1571041000       25894409.3
14:01:41.819 INFO  ProgressMeter -        chr9:91838907             60.8            1575221000       25892164.0
14:01:51.819 INFO  ProgressMeter -        chr9:96217908             61.0            1579580000       25892879.3
14:02:01.820 INFO  ProgressMeter -       chr9:100449020             61.2            1583808000       25891442.2
14:02:11.821 INFO  ProgressMeter -       chr9:104607474             61.3            1587964000       25888839.0
14:02:21.822 INFO  ProgressMeter -       chr9:108961813             61.5            1592312000       25889371.7
14:02:31.823 INFO  ProgressMeter -       chr9:113131755             61.7            1596479000       25886966.6
14:02:41.824 INFO  ProgressMeter -       chr9:117444259             61.8            1600785000       25886822.3
14:02:51.825 INFO  ProgressMeter -       chr9:121621581             62.0            1604960000       25884565.9
14:03:01.826 INFO  ProgressMeter -       chr9:125920833             62.2            1609195000       25883286.8
14:03:11.828 INFO  ProgressMeter -       chr9:130095269             62.3            1613368000       25881019.9
14:03:21.828 INFO  ProgressMeter -       chr9:134305019             62.5            1617576000       25879325.1
14:03:31.829 INFO  ProgressMeter -       chr9:138613695             62.7            1621883000       25879225.8
14:03:41.830 INFO  ProgressMeter -       chr9:143134833             62.8            1626401000       25882478.1
14:03:51.831 INFO  ProgressMeter -       chr9:147633039             63.0            1630892000       25885284.6
14:04:01.831 INFO  ProgressMeter -        chr10:1761963             63.2            1635573000       25891083.9
14:04:11.831 INFO  ProgressMeter -        chr10:5997344             63.3            1639805000       25889770.7
14:04:21.831 INFO  ProgressMeter -       chr10:10312829             63.5            1644109000       25889598.1
14:04:31.832 INFO  ProgressMeter -       chr10:14596949             63.7            1648388000       25889033.7
14:04:41.832 INFO  ProgressMeter -       chr10:18888777             63.8            1652679000       25888660.3
14:04:51.833 INFO  ProgressMeter -       chr10:23214883             64.0            1657001000       25888759.6
14:05:01.834 INFO  ProgressMeter -       chr10:27546483             64.2            1661330000       25888974.3
14:05:11.835 INFO  ProgressMeter -       chr10:31792509             64.3            1665574000       25887873.4
14:05:21.834 INFO  ProgressMeter -       chr10:36077609             64.5            1669856000       25887367.3
14:05:31.834 INFO  ProgressMeter -       chr10:42373391             64.7            1674667000       25895043.7
14:05:41.835 INFO  ProgressMeter -       chr10:46978116             64.8            1679009000       25895447.1
14:05:51.836 INFO  ProgressMeter -       chr10:51071855             65.0            1682970000       25889974.1
14:06:01.837 INFO  ProgressMeter -       chr10:55409495             65.2            1687303000       25890243.7
14:06:11.839 INFO  ProgressMeter -       chr10:59856929             65.3            1691748000       25892226.2
14:06:21.839 INFO  ProgressMeter -       chr10:64085538             65.5            1695973000       25890840.0
14:06:31.844 INFO  ProgressMeter -       chr10:68448739             65.7            1700330000       25891464.3
14:06:41.842 INFO  ProgressMeter -       chr10:72747710             65.8            1704626000       25891165.4
14:06:51.844 INFO  ProgressMeter -       chr10:77072543             66.0            1708950000       25891285.7
14:07:01.846 INFO  ProgressMeter -       chr10:81244171             66.2            1713101000       25888797.6
14:07:11.845 INFO  ProgressMeter -       chr10:85598311             66.3            1717452000       25889343.3
14:07:21.846 INFO  ProgressMeter -       chr10:89857460             66.5            1721665000       25887804.7
14:07:31.848 INFO  ProgressMeter -       chr10:94072069             66.7            1725877000       25886252.4
14:07:41.848 INFO  ProgressMeter -       chr10:98291262             66.8            1730094000       25884795.5
14:07:51.849 INFO  ProgressMeter -      chr10:102554422             67.0            1734355000       25883996.1
14:08:01.849 INFO  ProgressMeter -      chr10:106837929             67.2            1738632000       25883445.3
14:08:11.850 INFO  ProgressMeter -      chr10:111121567             67.3            1742912000       25882935.3
14:08:21.851 INFO  ProgressMeter -      chr10:115247118             67.5            1747026000       25879968.8
14:08:31.852 INFO  ProgressMeter -      chr10:119433471             67.7            1751210000       25878051.3
14:08:41.854 INFO  ProgressMeter -      chr10:123674907             67.8            1755447000       25876924.5
14:08:51.855 INFO  ProgressMeter -      chr10:127878111             68.0            1759643000       25875200.4
14:09:01.854 INFO  ProgressMeter -      chr10:132187248             68.2            1763923000       25874723.1
14:09:11.855 INFO  ProgressMeter -        chr11:2443444             68.3            1768716000       25881748.7
14:09:21.855 INFO  ProgressMeter -        chr11:6649727             68.5            1772912000       25880031.7
14:09:31.855 INFO  ProgressMeter -       chr11:10845811             68.7            1777103000       25878250.2
14:09:41.855 INFO  ProgressMeter -       chr11:14951915             68.8            1781204000       25875169.9
14:09:51.857 INFO  ProgressMeter -       chr11:19172316             69.0            1785378000       25873149.9
14:10:01.857 INFO  ProgressMeter -       chr11:23374999             69.2            1789580000       25871556.8
14:10:11.858 INFO  ProgressMeter -       chr11:27788368             69.3            1793978000       25872792.0
14:10:21.859 INFO  ProgressMeter -       chr11:32078490             69.5            1798267000       25872453.0
14:10:31.859 INFO  ProgressMeter -       chr11:36202422             69.7            1802389000       25869724.8
14:10:41.860 INFO  ProgressMeter -       chr11:40599505             69.8            1806781000       25870869.6
14:10:51.860 INFO  ProgressMeter -       chr11:44953106             70.0            1811116000       25871200.8
14:11:01.861 INFO  ProgressMeter -       chr11:49287451             70.2            1815438000       25871339.1
14:11:11.861 INFO  ProgressMeter -       chr11:56039319             70.3            1820260000       25878591.3
14:11:21.861 INFO  ProgressMeter -       chr11:60179764             70.5            1824397000       25876093.6
14:11:31.862 INFO  ProgressMeter -       chr11:64567423             70.7            1828720000       25876233.5
14:11:41.862 INFO  ProgressMeter -       chr11:69046269             70.8            1833193000       25878496.3
14:11:51.862 INFO  ProgressMeter -       chr11:73367537             71.0            1837511000       25878565.6
14:12:01.863 INFO  ProgressMeter -       chr11:77632531             71.2            1841775000       25877869.7
14:12:11.864 INFO  ProgressMeter -       chr11:81961731             71.3            1846099000       25878024.2
14:12:21.865 INFO  ProgressMeter -       chr11:86187794             71.5            1850315000       25876661.6
14:12:31.864 INFO  ProgressMeter -       chr11:90645060             71.7            1854624000       25876608.9
14:12:41.864 INFO  ProgressMeter -       chr11:95005240             71.8            1858888000       25875930.0
14:12:51.866 INFO  ProgressMeter -       chr11:99276355             72.0            1863149000       25875206.7
14:13:01.867 INFO  ProgressMeter -      chr11:103608678             72.2            1867479000       25875436.7
14:13:11.868 INFO  ProgressMeter -      chr11:107983483             72.3            1871844000       25876155.5
14:13:21.870 INFO  ProgressMeter -      chr11:112238359             72.5            1876095000       25875292.7
14:13:31.871 INFO  ProgressMeter -      chr11:116378256             72.7            1880232000       25872871.2
14:13:41.872 INFO  ProgressMeter -      chr11:120644252             72.8            1884494000       25872182.7
14:13:51.873 INFO  ProgressMeter -      chr11:124849289             73.0            1888695000       25870650.1
14:14:01.874 INFO  ProgressMeter -      chr11:129038711             73.2            1892880000       25868911.6
14:14:11.876 INFO  ProgressMeter -      chr11:133239575             73.3            1897079000       25867366.1
14:14:21.878 INFO  ProgressMeter -        chr12:2388811             73.5            1901341000       25866684.6
14:14:31.879 INFO  ProgressMeter -        chr12:6561030             73.7            1905509000       25864736.2
14:14:41.879 INFO  ProgressMeter -       chr12:10749586             73.8            1909691000       25862992.0
14:14:51.879 INFO  ProgressMeter -       chr12:14932502             74.0            1913873000       25861255.7
14:15:01.880 INFO  ProgressMeter -       chr12:19262895             74.2            1918202000       25861503.2
14:15:11.880 INFO  ProgressMeter -       chr12:23609113             74.3            1922547000       25861970.6
14:15:21.881 INFO  ProgressMeter -       chr12:27813365             74.5            1926747000       25860484.0
14:15:31.883 INFO  ProgressMeter -       chr12:31981588             74.7            1930912000       25858529.6
14:15:41.883 INFO  ProgressMeter -       chr12:38316619             74.8            1935338000       25860082.9
14:15:51.884 INFO  ProgressMeter -       chr12:42613892             75.0            1939632000       25859863.6
14:16:01.885 INFO  ProgressMeter -       chr12:46829575             75.2            1943846000       25858586.8
14:16:11.884 INFO  ProgressMeter -       chr12:51150473             75.3            1948165000       25858709.4
14:16:21.885 INFO  ProgressMeter -       chr12:55346250             75.5            1952359000       25857170.3
14:16:31.885 INFO  ProgressMeter -       chr12:59619697             75.7            1956630000       25856661.1
14:16:41.887 INFO  ProgressMeter -       chr12:63834446             75.8            1960844000       25855391.2
14:16:51.887 INFO  ProgressMeter -       chr12:67963335             76.0            1964970000       25852980.5
14:17:01.889 INFO  ProgressMeter -       chr12:72122211             76.2            1969123000       25850923.4
14:17:11.891 INFO  ProgressMeter -       chr12:76467781             76.3            1973461000       25851298.7
14:17:21.894 INFO  ProgressMeter -       chr12:80767696             76.5            1977759000       25851149.6
14:17:31.894 INFO  ProgressMeter -       chr12:85242165             76.7            1982228000       25853236.9
14:17:41.894 INFO  ProgressMeter -       chr12:89587813             76.8            1986569000       25853655.0
14:17:51.896 INFO  ProgressMeter -       chr12:93797080             77.0            1990775000       25852312.6
14:18:01.897 INFO  ProgressMeter -       chr12:98015371             77.2            1994990000       25851087.1
14:18:11.899 INFO  ProgressMeter -      chr12:102276113             77.3            1999250000       25850454.2
14:18:21.899 INFO  ProgressMeter -      chr12:106438603             77.5            2003410000       25848533.8
14:18:31.899 INFO  ProgressMeter -      chr12:110722324             77.7            2007692000       25848197.9
14:18:41.901 INFO  ProgressMeter -      chr12:115103078             77.8            2012067000       25849052.7
14:18:51.902 INFO  ProgressMeter -      chr12:119397233             78.0            2016358000       25848821.5
14:19:01.903 INFO  ProgressMeter -      chr12:123960100             78.2            2020909000       25851928.3
14:19:11.904 INFO  ProgressMeter -      chr12:128326788             78.3            2025262000       25852488.8
14:19:21.903 INFO  ProgressMeter -      chr12:132897700             78.5            2029797000       25855370.8
14:19:31.903 INFO  ProgressMeter -       chr13:12293449             78.7            2034581000       25861405.6
14:19:41.904 INFO  ProgressMeter -       chr13:20687240             78.8            2039270000       25866204.4
14:19:51.906 INFO  ProgressMeter -       chr13:24965918             79.0            2043537000       25865636.1
14:20:01.908 INFO  ProgressMeter -       chr13:29200394             79.2            2047763000       25864557.9
14:20:11.908 INFO  ProgressMeter -       chr13:33346333             79.3            2051906000       25862438.0
14:20:21.908 INFO  ProgressMeter -       chr13:37644575             79.5            2056202000       25862256.8
14:20:31.910 INFO  ProgressMeter -       chr13:41832376             79.7            2060383000       25860627.5
14:20:41.910 INFO  ProgressMeter -       chr13:45973997             79.8            2064519000       25858441.4
14:20:51.910 INFO  ProgressMeter -       chr13:50139553             80.0            2068680000       25856582.3
14:21:01.912 INFO  ProgressMeter -       chr13:54430213             80.2            2072969000       25856322.1
14:21:11.911 INFO  ProgressMeter -       chr13:58973440             80.3            2077480000       25858831.6
14:21:21.911 INFO  ProgressMeter -       chr13:63489661             80.5            2081984000       25861243.8
14:21:31.912 INFO  ProgressMeter -       chr13:68043098             80.7            2086534000       25864210.9
14:21:41.913 INFO  ProgressMeter -       chr13:72486035             80.8            2090969000       25865748.5
14:21:51.912 INFO  ProgressMeter -       chr13:76722037             81.0            2095200000       25864761.4
14:22:01.913 INFO  ProgressMeter -       chr13:81073929             81.2            2099546000       25865189.8
14:22:11.913 INFO  ProgressMeter -       chr13:85699332             81.3            2104158000       25868892.0
14:22:21.914 INFO  ProgressMeter -       chr13:90208062             81.5            2108662000       25871248.7
14:22:31.915 INFO  ProgressMeter -       chr13:94525073             81.7            2112978000       25871294.0
14:22:41.916 INFO  ProgressMeter -       chr13:98752178             81.8            2117202000       25870214.9
14:22:51.917 INFO  ProgressMeter -      chr13:103027430             82.0            2121475000       25869737.7
14:23:01.917 INFO  ProgressMeter -      chr13:107429812             82.2            2125876000       25870825.3
14:23:11.919 INFO  ProgressMeter -      chr13:111741590             82.3            2130165000       25870537.9
14:23:21.919 INFO  ProgressMeter -        chr14:5515929             82.5            2135581000       25883921.7
14:23:31.924 INFO  ProgressMeter -       chr14:13688729             82.7            2141033000       25897660.9
14:23:41.925 INFO  ProgressMeter -       chr14:17680513             82.8            2145006000       25893511.8
14:23:51.926 INFO  ProgressMeter -       chr14:21906113             83.0            2149230000       25892408.4
14:24:01.927 INFO  ProgressMeter -       chr14:26224197             83.2            2153546000       25892405.2
14:24:11.928 INFO  ProgressMeter -       chr14:30523348             83.3            2157831000       25892035.3
14:24:21.929 INFO  ProgressMeter -       chr14:34805637             83.5            2162112000       25891624.1
14:24:31.928 INFO  ProgressMeter -       chr14:39256177             83.7            2166561000       25893222.3
14:24:41.930 INFO  ProgressMeter -       chr14:43574727             83.8            2170877000       25893217.5
14:24:51.930 INFO  ProgressMeter -       chr14:47809191             84.0            2175108000       25892211.2
14:25:01.932 INFO  ProgressMeter -       chr14:52003062             84.2            2179299000       25890728.6
14:25:11.931 INFO  ProgressMeter -       chr14:56192390             84.3            2183482000       25889162.0
14:25:21.933 INFO  ProgressMeter -       chr14:60504421             84.5            2187793000       25889106.1
14:25:31.935 INFO  ProgressMeter -       chr14:64677364             84.7            2191965000       25887408.8
14:25:41.935 INFO  ProgressMeter -       chr14:69033287             84.8            2196296000       25887602.5
14:25:51.936 INFO  ProgressMeter -       chr14:73249796             85.0            2200511000       25886430.8
14:26:01.936 INFO  ProgressMeter -       chr14:77554593             85.2            2204813000       25886280.1
14:26:11.938 INFO  ProgressMeter -       chr14:81988849             85.3            2209243000       25887624.8
14:26:21.939 INFO  ProgressMeter -       chr14:86191587             85.5            2213443000       25886279.5
14:26:31.939 INFO  ProgressMeter -       chr14:90380040             85.7            2217628000       25884769.3
14:26:41.939 INFO  ProgressMeter -       chr14:94624725             85.8            2221871000       25883940.7
14:26:51.940 INFO  ProgressMeter -       chr14:99141397             86.0            2226382000       25886226.3
14:27:01.941 INFO  ProgressMeter -       chr15:12883303             86.2            2231465000       25895145.9
14:27:11.940 INFO  ProgressMeter -       chr15:19098729             86.3            2234943000       25885441.7
14:27:21.940 INFO  ProgressMeter -       chr15:23102302             86.5            2238688000       25878861.4
14:27:31.942 INFO  ProgressMeter -       chr15:27711914             86.7            2243171000       25880811.2
14:27:41.944 INFO  ProgressMeter -       chr15:32363939             86.8            2247545000       25881498.3
14:27:51.945 INFO  ProgressMeter -       chr15:36618014             87.0            2251799000       25880813.5
14:28:01.945 INFO  ProgressMeter -       chr15:40945018             87.2            2256124000       25880940.8
14:28:11.945 INFO  ProgressMeter -       chr15:45355394             87.3            2260481000       25881439.0
14:28:21.945 INFO  ProgressMeter -       chr15:49539680             87.5            2264663000       25879935.4
14:28:31.945 INFO  ProgressMeter -       chr15:53846449             87.7            2268967000       25879829.1
14:28:41.945 INFO  ProgressMeter -       chr15:58076763             87.8            2273196000       25878869.3
14:28:51.947 INFO  ProgressMeter -       chr15:62263742             88.0            2277375000       25877340.2
14:29:01.948 INFO  ProgressMeter -       chr15:66547169             88.2            2281656000       25876973.6
14:29:11.948 INFO  ProgressMeter -       chr15:70790686             88.3            2285887000       25876042.4
14:29:21.949 INFO  ProgressMeter -       chr15:75180023             88.5            2290197000       25876012.2
14:29:31.949 INFO  ProgressMeter -       chr15:79386849             88.7            2294399000       25874764.2
14:29:41.949 INFO  ProgressMeter -       chr15:83833157             88.8            2298667000       25874258.8
14:29:51.951 INFO  ProgressMeter -       chr15:88119848             89.0            2302951000       25873930.3
14:30:01.952 INFO  ProgressMeter -       chr15:92268316             89.2            2307093000       25872015.5
14:30:11.952 INFO  ProgressMeter -       chr15:96606491             89.3            2311429000       25872284.1
14:30:21.953 INFO  ProgressMeter -        chr16:1384823             89.5            2315906000       25874122.2
14:30:31.955 INFO  ProgressMeter -        chr16:6037137             89.7            2320507000       25877331.4
14:30:41.955 INFO  ProgressMeter -       chr16:10445715             89.8            2324909000       25878323.3
14:30:51.955 INFO  ProgressMeter -       chr16:14876906             90.0            2329331000       25879533.8
14:31:01.957 INFO  ProgressMeter -       chr16:19666542             90.2            2333817000       25881444.7
14:31:11.956 INFO  ProgressMeter -       chr16:24688464             90.3            2338326000       25883607.9
14:31:21.956 INFO  ProgressMeter -       chr16:29285865             90.5            2342790000       25885266.0
14:31:31.956 INFO  ProgressMeter -       chr16:35488474             90.7            2347975000       25894869.5
14:31:41.956 INFO  ProgressMeter -       chr16:51497526             90.8            2353243000       25905351.6
14:31:51.958 INFO  ProgressMeter -       chr16:56304737             91.0            2357685000       25906714.2
14:32:01.959 INFO  ProgressMeter -       chr16:60587630             91.2            2361964000       25906279.3
14:32:11.959 INFO  ProgressMeter -       chr16:64928778             91.3            2366250000       25905932.1
14:32:21.959 INFO  ProgressMeter -       chr16:69441258             91.5            2370761000       25908045.0
14:32:31.960 INFO  ProgressMeter -       chr16:73840824             91.7            2375153000       25908852.2
14:32:41.959 INFO  ProgressMeter -       chr16:78369307             91.8            2379660000       25910908.5
14:32:51.959 INFO  ProgressMeter -       chr16:82963168             92.0            2384091000       25912131.4
14:33:01.959 INFO  ProgressMeter -       chr16:87245863             92.2            2388370000       25911700.9
14:33:11.959 INFO  ProgressMeter -       chr16:91526683             92.3            2392646000       25911239.3
14:33:21.959 INFO  ProgressMeter -       chr16:96110634             92.5            2397205000       25913838.7
14:33:31.959 INFO  ProgressMeter -        chr17:4472784             92.7            2401830000       25917140.9
14:33:41.960 INFO  ProgressMeter -        chr17:8894445             92.8            2406244000       25918153.9
14:33:51.960 INFO  ProgressMeter -       chr17:13309021             93.0            2410655000       25919135.6
14:34:01.962 INFO  ProgressMeter -       chr17:17694277             93.2            2415027000       25919686.0
14:34:11.964 INFO  ProgressMeter -       chr17:22493823             93.3            2419604000       25922435.3
14:34:21.965 INFO  ProgressMeter -       chr17:30250645             93.5            2424204000       25925420.8
14:34:31.965 INFO  ProgressMeter -       chr17:34630577             93.7            2428572000       25925918.9
14:34:41.966 INFO  ProgressMeter -       chr17:39152076             93.8            2432847000       25925428.9
14:34:51.966 INFO  ProgressMeter -       chr17:43577070             94.0            2437269000       25926499.7
14:35:01.968 INFO  ProgressMeter -       chr17:48271337             94.2            2441656000       25927190.5
14:35:11.970 INFO  ProgressMeter -       chr17:52662496             94.3            2446044000       25927894.0
14:35:21.970 INFO  ProgressMeter -       chr17:56905294             94.5            2450285000       25927044.1
14:35:31.970 INFO  ProgressMeter -       chr17:61235579             94.7            2454591000       25926879.3
14:35:41.971 INFO  ProgressMeter -       chr17:65605023             94.8            2458959000       25927368.8
14:35:51.973 INFO  ProgressMeter -       chr17:69977016             95.0            2463318000       25927761.8
14:36:01.973 INFO  ProgressMeter -       chr17:74384320             95.2            2467718000       25928584.2
14:36:11.974 INFO  ProgressMeter -       chr17:78836343             95.3            2472168000       25929928.2
14:36:21.974 INFO  ProgressMeter -       chr17:83464087             95.5            2476785000       25933020.6
14:36:31.976 INFO  ProgressMeter -        chr18:3928175             95.7            2481125000       25933202.5
14:36:41.975 INFO  ProgressMeter -        chr18:8232223             95.8            2485427000       25932991.7
14:36:51.977 INFO  ProgressMeter -       chr18:12401319             96.0            2489593000       25931360.6
14:37:01.976 INFO  ProgressMeter -       chr18:20258135             96.2            2494197000       25934293.9
14:37:11.977 INFO  ProgressMeter -       chr18:25102508             96.3            2498663000       25935780.1
14:37:21.978 INFO  ProgressMeter -       chr18:29429842             96.5            2502986000       25935784.0
14:37:31.979 INFO  ProgressMeter -       chr18:33847079             96.7            2507398000       25936699.5
14:37:41.979 INFO  ProgressMeter -       chr18:38077714             96.8            2511626000       25935720.7
14:37:51.979 INFO  ProgressMeter -       chr18:42448513             97.0            2515994000       25936188.5
14:38:01.980 INFO  ProgressMeter -       chr18:46674398             97.2            2520216000       25935147.8
14:38:11.981 INFO  ProgressMeter -       chr18:50934496             97.3            2524408000       25933806.9
14:38:21.980 INFO  ProgressMeter -       chr18:55205640             97.5            2528674000       25933229.5
14:38:31.981 INFO  ProgressMeter -       chr18:59434499             97.7            2532901000       25932250.3
14:38:41.981 INFO  ProgressMeter -       chr18:63682947             97.8            2537144000       25931442.5
14:38:51.984 INFO  ProgressMeter -       chr18:68080419             98.0            2541539000       25932175.0
14:39:01.985 INFO  ProgressMeter -       chr18:72531130             98.2            2545987000       25933453.8
14:39:11.986 INFO  ProgressMeter -       chr18:76713535             98.3            2550161000       25931941.9
14:39:21.987 INFO  ProgressMeter -         chr19:823445             98.5            2554680000       25933941.9
14:39:31.987 INFO  ProgressMeter -        chr19:5850014             98.7            2559689000       25940896.6
14:39:41.987 INFO  ProgressMeter -       chr19:10723735             98.8            2564412000       25944938.6
14:39:51.988 INFO  ProgressMeter -       chr19:15450396             99.0            2569133000       25948942.5
14:40:01.990 INFO  ProgressMeter -       chr19:20127250             99.2            2573798000       25952368.2
14:40:11.989 INFO  ProgressMeter -       chr19:25064862             99.3            2578485000       25956008.2
14:40:21.991 INFO  ProgressMeter -       chr19:32538725             99.5            2583379000       25961712.0
14:40:31.991 INFO  ProgressMeter -       chr19:36969677             99.7            2587807000       25962721.5
14:40:41.991 INFO  ProgressMeter -       chr19:41856715             99.8            2592430000       25965685.0
14:40:51.992 INFO  ProgressMeter -       chr19:46247017            100.0            2596805000       25966154.5
14:41:01.992 INFO  ProgressMeter -       chr19:51009111            100.2            2601383000       25968653.2
14:41:11.992 INFO  ProgressMeter -       chr19:55700889            100.3            2605963000       25971163.6
14:41:21.994 INFO  ProgressMeter -       chr19:60291851            100.5            2610537000       25973601.6
14:41:31.995 INFO  ProgressMeter -        chr20:2900425            100.7            2614790000       25972843.0
14:41:41.994 INFO  ProgressMeter -        chr20:7179758            100.8            2619067000       25972329.3
14:41:51.995 INFO  ProgressMeter -       chr20:11390218            101.0            2623274000       25971119.9
14:42:01.995 INFO  ProgressMeter -       chr20:15781753            101.2            2627662000       25971707.8
14:42:11.996 INFO  ProgressMeter -       chr20:20020614            101.3            2631897000       25970784.0
14:42:21.996 INFO  ProgressMeter -       chr20:24181623            101.5            2636054000       25969090.6
14:42:31.998 INFO  ProgressMeter -       chr20:31163226            101.7            2640400000       25969257.3
14:42:41.999 INFO  ProgressMeter -       chr20:36206894            101.8            2644942000       25971356.6
14:42:51.998 INFO  ProgressMeter -       chr20:40625925            102.0            2649357000       25972204.0
14:43:01.999 INFO  ProgressMeter -       chr20:44772061            102.2            2653501000       25970392.0
14:43:12.000 INFO  ProgressMeter -       chr20:48992940            102.3            2657717000       25969289.5
14:43:22.001 INFO  ProgressMeter -       chr20:53340946            102.5            2662037000       25969205.2
14:43:32.002 INFO  ProgressMeter -       chr20:57671776            102.7            2666362000       25969169.8
14:43:42.002 INFO  ProgressMeter -       chr20:61875284            102.8            2670564000       25967942.7
14:43:52.005 INFO  ProgressMeter -         chr21:344150            103.0            2675035000       25969322.6
14:44:02.006 INFO  ProgressMeter -       chr21:12260541            103.2            2680252000       25977928.6
14:44:12.006 INFO  ProgressMeter -       chr21:16558350            103.3            2684548000       25977602.9
14:44:22.006 INFO  ProgressMeter -       chr21:21057519            103.5            2689043000       25979200.9
14:44:32.008 INFO  ProgressMeter -       chr21:25497120            103.7            2693481000       25980239.7
14:44:42.007 INFO  ProgressMeter -       chr21:29750328            103.8            2697733000       25979488.2
14:44:52.009 INFO  ProgressMeter -       chr21:33953131            104.0            2701931000       25978215.7
14:45:02.009 INFO  ProgressMeter -       chr21:38150675            104.2            2706127000       25976928.1
14:45:12.010 INFO  ProgressMeter -       chr21:42530002            104.3            2710494000       25977287.6
14:45:22.015 INFO  ProgressMeter -        chr22:5557118            104.5            2715084000       25979754.9
14:45:32.015 INFO  ProgressMeter -       chr22:11582925            104.7            2719965000       25985019.3
14:45:42.016 INFO  ProgressMeter -       chr22:18466711            104.8            2724727000       25989127.7
14:45:52.016 INFO  ProgressMeter -       chr22:23234266            105.0            2729250000       25990951.1
14:46:02.017 INFO  ProgressMeter -       chr22:27534000            105.2            2733501000       25990178.5
14:46:12.017 INFO  ProgressMeter -       chr22:31916522            105.3            2737877000       25990599.1
14:46:22.018 INFO  ProgressMeter -       chr22:36239341            105.5            2742197000       25990483.5
14:46:32.019 INFO  ProgressMeter -       chr22:40644194            105.7            2746595000       25991110.4
14:46:42.018 INFO  ProgressMeter -       chr22:45194380            105.8            2751135000       25993077.0
14:46:52.020 INFO  ProgressMeter -       chr22:49697726            106.0            2755631000       25994614.2
14:47:02.020 INFO  ProgressMeter -         chrX:3875816            106.2            2761052000       26004866.8
14:47:12.021 INFO  ProgressMeter -        chrX:11517520            106.3            2768662000       26035667.9
14:47:22.022 INFO  ProgressMeter -        chrX:18859473            106.5            2775992000       26063747.8
14:47:32.021 INFO  ProgressMeter -        chrX:26403728            106.7            2783521000       26093605.4
14:47:42.022 INFO  ProgressMeter -        chrX:34220931            106.8            2791331000       26125995.8
14:47:52.022 INFO  ProgressMeter -        chrX:41658641            107.0            2798754000       26154672.8
14:48:02.022 INFO  ProgressMeter -        chrX:49438508            107.2            2806307000       26184473.7
14:48:12.023 INFO  ProgressMeter -        chrX:57365125            107.3            2813814000       26213753.4
14:48:22.023 INFO  ProgressMeter -        chrX:67249207            107.5            2821335000       26243072.6
14:48:32.022 INFO  ProgressMeter -        chrX:75124348            107.7            2828910000       26272802.5
14:48:42.023 INFO  ProgressMeter -        chrX:82897120            107.8            2836664000       26304100.4
14:48:52.022 INFO  ProgressMeter -        chrX:90939667            108.0            2844675000       26337681.2
14:49:02.022 INFO  ProgressMeter -        chrX:98818680            108.2            2852543000       26369836.5
14:49:12.022 INFO  ProgressMeter -       chrX:106544660            108.3            2859955000       26397684.0
14:49:22.023 INFO  ProgressMeter -       chrX:114090241            108.5            2867474000       26426428.0
14:49:32.023 INFO  ProgressMeter -       chrX:121927227            108.7            2875063000       26455731.9
14:49:42.024 INFO  ProgressMeter -       chrX:129519532            108.8            2882634000       26484776.7
14:49:52.024 INFO  ProgressMeter -       chrX:137055162            109.0            2889985000       26511718.6
14:50:02.024 INFO  ProgressMeter -       chrX:145200511            109.2            2897920000       26543927.4
14:50:12.024 INFO  ProgressMeter -       chrX:153026127            109.3            2905353000       26571446.9
14:50:22.025 INFO  ProgressMeter -         chrY:8834390            109.5            2912687000       26597974.5
14:50:32.029 INFO  ProgressMeter -        chrY:18731129            109.7            2920437000       26628202.4
14:50:42.030 INFO  ProgressMeter -        chrY:51356765            109.8            2928099000       26657549.5
14:50:48.955 INFO  GetPileupSummaries - 0 read(s) filtered by: MappingQualityAvailableReadFilter 
43838862 read(s) filtered by: MappingQualityNotZeroReadFilter 
0 read(s) filtered by: MappedReadFilter 
468437 read(s) filtered by: PrimaryLineReadFilter 
121522935 read(s) filtered by: NotDuplicateReadFilter 
0 read(s) filtered by: PassesVendorQualityCheckReadFilter 
0 read(s) filtered by: NonZeroReferenceLengthAlignmentReadFilter 
4096504 read(s) filtered by: MateOnSameContigOrNoMappedMateReadFilter 
0 read(s) filtered by: GoodCigarReadFilter 
0 read(s) filtered by: WellformedReadFilter 
169926738 total reads filtered out of 828793357 reads processed
14:50:48.955 INFO  ProgressMeter -           chrM:16124            110.0            2929920445       26646133.3
14:50:48.956 INFO  ProgressMeter - Traversal complete. Processed 2929920445 total loci in 110.0 minutes.
14:50:48.957 INFO  GetPileupSummaries - Shutting down engine
[April 27, 2024 at 2:50:48 PM CEST] org.broadinstitute.hellbender.tools.walkers.contamination.GetPileupSummaries done. Elapsed time: 109.97 minutes.
Runtime.totalMemory()=1224736768
Tool returned:
SUCCESS
