Using GATK jar /lustre1/project/stg_00096/home/rdewin/system/miniconda/envs/WGS/share/gatk4-4.5.0.0-0/gatk-package-4.5.0.0-local.jar
Running:
    java -Dsamjdk.use_async_io_read_samtools=false -Dsamjdk.use_async_io_write_samtools=true -Dsamjdk.use_async_io_write_tribble=false -Dsamjdk.compression_level=2 -jar /lustre1/project/stg_00096/home/rdewin/system/miniconda/envs/WGS/share/gatk4-4.5.0.0-0/gatk-package-4.5.0.0-local.jar CalculateContamination -I results/mutect2/P026/P026_tumor_pileup_summaries.table -matched results/mutect2/P026/P026_normal_pileup_summaries.table -O results/mutect2/P026/P026_contamination.table
15:17:38.097 INFO  NativeLibraryLoader - Loading libgkl_compression.so from jar:file:/lustre1/project/stg_00096/home/rdewin/system/miniconda/envs/WGS/share/gatk4-4.5.0.0-0/gatk-package-4.5.0.0-local.jar!/com/intel/gkl/native/libgkl_compression.so
15:17:38.208 INFO  CalculateContamination - ------------------------------------------------------------
15:17:38.211 INFO  CalculateContamination - The Genome Analysis Toolkit (GATK) v4.5.0.0
15:17:38.211 INFO  CalculateContamination - For support and documentation go to https://software.broadinstitute.org/gatk/
15:17:38.211 INFO  CalculateContamination - Executing as vsc35407@g28l15 on Linux v4.18.0-513.24.1.el8_9.x86_64 amd64
15:17:38.211 INFO  CalculateContamination - Java runtime: OpenJDK 64-Bit Server VM v17.0.10-internal+0-adhoc..src
15:17:38.211 INFO  CalculateContamination - Start Date/Time: July 14, 2024 at 3:17:38 PM CEST
15:17:38.211 INFO  CalculateContamination - ------------------------------------------------------------
15:17:38.212 INFO  CalculateContamination - ------------------------------------------------------------
15:17:38.212 INFO  CalculateContamination - HTSJDK Version: 4.1.0
15:17:38.212 INFO  CalculateContamination - Picard Version: 3.1.1
15:17:38.212 INFO  CalculateContamination - Built for Spark Version: 3.5.0
15:17:38.213 INFO  CalculateContamination - HTSJDK Defaults.COMPRESSION_LEVEL : 2
15:17:38.213 INFO  CalculateContamination - HTSJDK Defaults.USE_ASYNC_IO_READ_FOR_SAMTOOLS : false
15:17:38.213 INFO  CalculateContamination - HTSJDK Defaults.USE_ASYNC_IO_WRITE_FOR_SAMTOOLS : true
15:17:38.213 INFO  CalculateContamination - HTSJDK Defaults.USE_ASYNC_IO_WRITE_FOR_TRIBBLE : false
15:17:38.213 INFO  CalculateContamination - Deflater: IntelDeflater
15:17:38.213 INFO  CalculateContamination - Inflater: IntelInflater
15:17:38.213 INFO  CalculateContamination - GCS max retries/reopens: 20
15:17:38.213 INFO  CalculateContamination - Requester pays: disabled
15:17:38.214 INFO  CalculateContamination - Initializing engine
15:17:38.214 INFO  CalculateContamination - Done initializing engine
15:17:59.610 WARN  KernelSegmenter - Specified dimension of the kernel approximation (100) exceeds the number of data points (1) to segment; using all data points to calculate kernel matrix.
15:17:59.633 WARN  KernelSegmenter - Number of points needed to calculate local changepoint costs (2 * window size = 100) exceeds number of data points (1).  Local changepoint costs will not be calculated for this window size.
15:17:59.633 WARN  KernelSegmenter - No changepoint candidates were found.  The specified window sizes may be inappropriate, or there may be insufficient data points.
15:17:59.638 INFO  KernelSegmenter - Found 0 changepoints after applying the changepoint penalty.
15:18:00.556 INFO  KernelSegmenter - Found 2 changepoints after applying the changepoint penalty.
15:18:01.753 INFO  KernelSegmenter - Found 5 changepoints after applying the changepoint penalty.
15:18:02.136 INFO  KernelSegmenter - Found 2 changepoints after applying the changepoint penalty.
15:18:03.084 INFO  KernelSegmenter - Found 7 changepoints after applying the changepoint penalty.
15:18:04.302 INFO  KernelSegmenter - Found 4 changepoints after applying the changepoint penalty.
15:18:05.593 INFO  KernelSegmenter - Found 2 changepoints after applying the changepoint penalty.
15:18:06.106 INFO  KernelSegmenter - Found 1 changepoints after applying the changepoint penalty.
15:18:06.881 INFO  KernelSegmenter - Found 6 changepoints after applying the changepoint penalty.
15:18:08.114 INFO  KernelSegmenter - Found 6 changepoints after applying the changepoint penalty.
15:18:08.641 INFO  KernelSegmenter - Found 3 changepoints after applying the changepoint penalty.
15:18:09.346 INFO  KernelSegmenter - Found 4 changepoints after applying the changepoint penalty.
15:18:10.444 INFO  KernelSegmenter - Found 4 changepoints after applying the changepoint penalty.
15:18:11.551 INFO  KernelSegmenter - Found 4 changepoints after applying the changepoint penalty.
15:18:12.784 INFO  KernelSegmenter - Found 5 changepoints after applying the changepoint penalty.
15:18:13.595 INFO  KernelSegmenter - Found 3 changepoints after applying the changepoint penalty.
15:18:14.791 INFO  KernelSegmenter - Found 6 changepoints after applying the changepoint penalty.
15:18:15.448 INFO  KernelSegmenter - Found 7 changepoints after applying the changepoint penalty.
15:18:15.917 INFO  KernelSegmenter - Found 4 changepoints after applying the changepoint penalty.
15:18:16.364 INFO  KernelSegmenter - Found 7 changepoints after applying the changepoint penalty.
15:18:16.856 INFO  KernelSegmenter - Found 4 changepoints after applying the changepoint penalty.
15:18:17.349 INFO  KernelSegmenter - Found 6 changepoints after applying the changepoint penalty.
15:18:17.891 INFO  KernelSegmenter - Found 5 changepoints after applying the changepoint penalty.
15:18:18.363 INFO  KernelSegmenter - Found 4 changepoints after applying the changepoint penalty.
15:26:29.954 INFO  CalculateContamination - Shutting down engine
[July 14, 2024 at 3:26:29 PM CEST] org.broadinstitute.hellbender.tools.walkers.contamination.CalculateContamination done. Elapsed time: 8.86 minutes.
Runtime.totalMemory()=6643777536
Tool returned:
SUCCESS
