May 06, 2024 4:58:42 PM com.intel.gkl.NativeLibraryLoader load
INFO: Loading libgkl_compression.so from jar:file:/lustre1/project/stg_00096/home/rdewin/system/miniconda/envs/WGS/share/picard-3.1.1-0/picard.jar!/com/intel/gkl/native/libgkl_compression.so
[Mon May 06 16:58:42 CEST 2024] LiftoverVcf --INPUT results/mutect2/P026/P026_pass_variants.vcf --OUTPUT results/mutect2/P026/P026_pass_variants_lifted.vcf --CHAIN resources/liftover/chm13v2-to-grch38.chain --REJECT results/mutect2/P026/P026_pass_variants_unlifted.vcf --LIFTOVER_MIN_MATCH 0.95 --REFERENCE_SEQUENCE resources/GRCh38/GRCh38.fasta --WARN_ON_MISSING_CONTIG false --LOG_FAILED_INTERVALS true --WRITE_ORIGINAL_POSITION false --WRITE_ORIGINAL_ALLELES false --ALLOW_MISSING_FIELDS_IN_HEADER false --RECOVER_SWAPPED_REF_ALT false --TAGS_TO_REVERSE AF --TAGS_TO_DROP MAX_AF --DISABLE_SORT false --VERBOSITY INFO --QUIET false --VALIDATION_STRINGENCY STRICT --COMPRESSION_LEVEL 5 --MAX_RECORDS_IN_RAM 500000 --CREATE_INDEX false --CREATE_MD5_FILE false --help false --version false --showHidden false --USE_JDK_DEFLATER false --USE_JDK_INFLATER false
[Mon May 06 16:58:42 CEST 2024] Executing as vsc35407@g28l17 on Linux 4.18.0-513.24.1.el8_9.x86_64 amd64; OpenJDK 64-Bit Server VM 17.0.10-internal+0-adhoc..src; Deflater: Intel; Inflater: Intel; Provider GCS is available; Picard version: Version:3.1.1
INFO	2024-05-06 16:58:43	LiftoverVcf	Loading up the target reference genome.
INFO	2024-05-06 16:58:55	LiftoverVcf	Lifting variants over and sorting (not yet writing the output file.)
INFO	2024-05-06 16:58:55	LiftOver	Interval chr1:23732005-23732006 failed to match chain 0 because intersection length 1 < minMatchSize 1.9 (0.5 < 0.95)
INFO	2024-05-06 16:58:55	LiftOver	Interval chr1:236110083-236110101 failed to match chain 0 because intersection length 17 < minMatchSize 18.05 (0.8947368 < 0.95)
INFO	2024-05-06 16:58:55	LiftOver	Interval chr1:240500117-240500159 failed to match chain 0 because intersection length 5 < minMatchSize 40.85 (0.11627907 < 0.95)
INFO	2024-05-06 16:58:55	LiftOver	Interval chr1:246007412-246007422 failed to match chain 0 because intersection length 9 < minMatchSize 10.45 (0.8181818 < 0.95)
INFO	2024-05-06 16:58:56	LiftOver	Interval chr1:248089442-248089443 failed to match chain 0 because intersection length 1 < minMatchSize 1.9 (0.5 < 0.95)
INFO	2024-05-06 16:58:56	LiftOver	Interval chr2:59942115-59942118 failed to match chain 0 because intersection length 3 < minMatchSize 3.8 (0.75 < 0.95)
INFO	2024-05-06 16:58:56	LiftOver	Interval chr2:112481781-112481925 failed to match chain 0 because intersection length 129 < minMatchSize 137.75 (0.8896552 < 0.95)
INFO	2024-05-06 16:58:56	LiftOver	Interval chr4:80022303-80022329 failed to match chain 0 because intersection length 3 < minMatchSize 25.65 (0.11111111 < 0.95)
INFO	2024-05-06 16:58:56	LiftOver	Interval chr4:135438263-135438277 failed to match chain 0 because intersection length 3 < minMatchSize 14.25 (0.2 < 0.95)
INFO	2024-05-06 16:58:56	LiftOver	Interval chr6:19765106-19765112 failed to match chain 0 because intersection length 3 < minMatchSize 6.6499999999999995 (0.42857143 < 0.95)
INFO	2024-05-06 16:58:56	LiftOver	Interval chr6:32087197-32087206 failed to match chain 0 because intersection length 4 < minMatchSize 9.5 (0.4 < 0.95)
INFO	2024-05-06 16:58:56	LiftOver	Interval chr6:47573555-47573569 failed to match chain 0 because intersection length 9 < minMatchSize 14.25 (0.6 < 0.95)
INFO	2024-05-06 16:58:56	LiftOver	Interval chr6:54392334-54392346 failed to match chain 0 because intersection length 1 < minMatchSize 12.35 (0.07692308 < 0.95)
INFO	2024-05-06 16:58:56	LiftOver	Interval chr8:41078515-41078527 failed to match chain 0 because intersection length 3 < minMatchSize 12.35 (0.23076923 < 0.95)
INFO	2024-05-06 16:58:56	LiftOver	Interval chr8:93095136-93095150 failed to match chain 0 because intersection length 3 < minMatchSize 14.25 (0.2 < 0.95)
INFO	2024-05-06 16:58:56	LiftOver	Interval chr10:72479804-72479824 failed to match chain 0 because intersection length 17 < minMatchSize 19.95 (0.8095238 < 0.95)
INFO	2024-05-06 16:58:56	LiftOver	Interval chr10:77237293-77237305 failed to match chain 0 because intersection length 1 < minMatchSize 12.35 (0.07692308 < 0.95)
INFO	2024-05-06 16:58:56	LiftOver	Interval chr11:34753428-34753438 failed to match chain 0 because intersection length 7 < minMatchSize 10.45 (0.6363636 < 0.95)
INFO	2024-05-06 16:58:56	LiftOver	Interval chr11:114404628-114404643 failed to match chain 0 because intersection length 6 < minMatchSize 15.2 (0.375 < 0.95)
INFO	2024-05-06 16:58:56	LiftOver	Interval chr12:116692166-116692184 failed to match chain 0 because intersection length 3 < minMatchSize 18.05 (0.15789473 < 0.95)
INFO	2024-05-06 16:58:56	LiftOver	Interval chr13:82255541-82255549 failed to match chain 0 because intersection length 5 < minMatchSize 8.549999999999999 (0.5555556 < 0.95)
INFO	2024-05-06 16:58:56	LiftOver	Interval chr13:112693797-112693881 failed to match chain 0 because intersection length 14 < minMatchSize 80.75 (0.16470589 < 0.95)
INFO	2024-05-06 16:58:56	LiftOver	Interval chr14:16319617-16319621 failed to match chain 0 because intersection length 4 < minMatchSize 4.75 (0.8 < 0.95)
INFO	2024-05-06 16:58:56	LiftOver	Interval chr15:24599311-24599333 failed to match chain 0 because intersection length 3 < minMatchSize 21.849999999999998 (0.13043478 < 0.95)
INFO	2024-05-06 16:58:56	LiftOver	Interval chr15:31899266-31899267 failed to match chain 0 because intersection length 1 < minMatchSize 1.9 (0.5 < 0.95)
INFO	2024-05-06 16:58:56	LiftOver	Interval chr15:50925574-50925618 failed to match chain 0 because intersection length 21 < minMatchSize 42.75 (0.46666667 < 0.95)
INFO	2024-05-06 16:58:56	LiftOver	Interval chr16:38508549-38508605 failed to match chain 0 because intersection length 49 < minMatchSize 54.15 (0.8596491 < 0.95)
INFO	2024-05-06 16:58:56	LiftOver	Interval chr19:498491-498504 failed to match chain 0 because intersection length 13 < minMatchSize 13.299999999999999 (0.9285714 < 0.95)
INFO	2024-05-06 16:58:56	LiftOver	Interval chr19:30764879-30764887 failed to match chain 0 because intersection length 5 < minMatchSize 8.549999999999999 (0.5555556 < 0.95)
INFO	2024-05-06 16:58:56	LiftOver	Interval chr19:46822970-46822984 failed to match chain 0 because intersection length 11 < minMatchSize 14.25 (0.73333335 < 0.95)
INFO	2024-05-06 16:58:56	LiftOver	Interval chr20:3472031-3472032 failed to match chain 0 because intersection length 1 < minMatchSize 1.9 (0.5 < 0.95)
INFO	2024-05-06 16:58:56	LiftOver	Interval chr20:47512846-47512866 failed to match chain 0 because intersection length 3 < minMatchSize 19.95 (0.14285715 < 0.95)
INFO	2024-05-06 16:58:56	LiftOver	Interval chr20:52077248-52077263 failed to match chain 0 because intersection length 4 < minMatchSize 15.2 (0.25 < 0.95)
INFO	2024-05-06 16:58:56	LiftOver	Interval chr21:18669630-18669636 failed to match chain 0 because intersection length 5 < minMatchSize 6.6499999999999995 (0.71428573 < 0.95)
INFO	2024-05-06 16:58:56	LiftoverVcf	Processed 3576 variants.
INFO	2024-05-06 16:58:56	LiftoverVcf	853 variants failed to liftover.
INFO	2024-05-06 16:58:56	LiftoverVcf	51 variants lifted over but had mismatching reference alleles after lift over.
INFO	2024-05-06 16:58:56	LiftoverVcf	25.2796% of variants were not successfully lifted over and written to the output.
INFO	2024-05-06 16:58:56	LiftoverVcf	liftover success by source contig:
INFO	2024-05-06 16:58:56	LiftoverVcf	chr1: 195 / 283 (68.9046%)
INFO	2024-05-06 16:58:56	LiftoverVcf	chr10: 125 / 158 (79.1139%)
INFO	2024-05-06 16:58:56	LiftoverVcf	chr11: 116 / 129 (89.9225%)
INFO	2024-05-06 16:58:56	LiftoverVcf	chr12: 106 / 117 (90.5983%)
INFO	2024-05-06 16:58:56	LiftoverVcf	chr13: 114 / 179 (63.6872%)
INFO	2024-05-06 16:58:56	LiftoverVcf	chr14: 81 / 125 (64.8000%)
INFO	2024-05-06 16:58:56	LiftoverVcf	chr15: 79 / 121 (65.2893%)
INFO	2024-05-06 16:58:56	LiftoverVcf	chr16: 73 / 82 (89.0244%)
INFO	2024-05-06 16:58:56	LiftoverVcf	chr17: 76 / 102 (74.5098%)
INFO	2024-05-06 16:58:56	LiftoverVcf	chr18: 75 / 84 (89.2857%)
INFO	2024-05-06 16:58:56	LiftoverVcf	chr19: 78 / 128 (60.9375%)
INFO	2024-05-06 16:58:56	LiftoverVcf	chr2: 205 / 233 (87.9828%)
INFO	2024-05-06 16:58:56	LiftoverVcf	chr20: 64 / 92 (69.5652%)
INFO	2024-05-06 16:58:56	LiftoverVcf	chr21: 35 / 69 (50.7246%)
INFO	2024-05-06 16:58:56	LiftoverVcf	chr22: 41 / 106 (38.6792%)
INFO	2024-05-06 16:58:56	LiftoverVcf	chr3: 153 / 182 (84.0659%)
INFO	2024-05-06 16:58:56	LiftoverVcf	chr4: 181 / 205 (88.2927%)
INFO	2024-05-06 16:58:56	LiftoverVcf	chr5: 141 / 158 (89.2405%)
INFO	2024-05-06 16:58:56	LiftoverVcf	chr6: 155 / 173 (89.5954%)
INFO	2024-05-06 16:58:56	LiftoverVcf	chr7: 158 / 176 (89.7727%)
INFO	2024-05-06 16:58:56	LiftoverVcf	chr8: 201 / 212 (94.8113%)
INFO	2024-05-06 16:58:56	LiftoverVcf	chr9: 118 / 327 (36.0856%)
INFO	2024-05-06 16:58:56	LiftoverVcf	chrM: 0 / 3 (0.0000%)
INFO	2024-05-06 16:58:56	LiftoverVcf	chrX: 81 / 87 (93.1034%)
INFO	2024-05-06 16:58:56	LiftoverVcf	chrY: 21 / 45 (46.6667%)
INFO	2024-05-06 16:58:56	LiftoverVcf	lifted variants by target contig:
INFO	2024-05-06 16:58:56	LiftoverVcf	chr1: 195
INFO	2024-05-06 16:58:56	LiftoverVcf	chr10: 125
INFO	2024-05-06 16:58:56	LiftoverVcf	chr11: 116
INFO	2024-05-06 16:58:56	LiftoverVcf	chr12: 106
INFO	2024-05-06 16:58:56	LiftoverVcf	chr13: 114
INFO	2024-05-06 16:58:56	LiftoverVcf	chr14: 81
INFO	2024-05-06 16:58:56	LiftoverVcf	chr15: 79
INFO	2024-05-06 16:58:56	LiftoverVcf	chr16: 73
INFO	2024-05-06 16:58:56	LiftoverVcf	chr17: 76
INFO	2024-05-06 16:58:56	LiftoverVcf	chr18: 75
INFO	2024-05-06 16:58:56	LiftoverVcf	chr19: 78
INFO	2024-05-06 16:58:56	LiftoverVcf	chr2: 205
INFO	2024-05-06 16:58:56	LiftoverVcf	chr20: 64
INFO	2024-05-06 16:58:56	LiftoverVcf	chr21: 35
INFO	2024-05-06 16:58:56	LiftoverVcf	chr22: 41
INFO	2024-05-06 16:58:56	LiftoverVcf	chr3: 153
INFO	2024-05-06 16:58:56	LiftoverVcf	chr4: 181
INFO	2024-05-06 16:58:56	LiftoverVcf	chr5: 141
INFO	2024-05-06 16:58:56	LiftoverVcf	chr6: 155
INFO	2024-05-06 16:58:56	LiftoverVcf	chr7: 158
INFO	2024-05-06 16:58:56	LiftoverVcf	chr8: 201
INFO	2024-05-06 16:58:56	LiftoverVcf	chr9: 118
INFO	2024-05-06 16:58:56	LiftoverVcf	chrX: 81
INFO	2024-05-06 16:58:56	LiftoverVcf	chrY: 21
WARNING	2024-05-06 16:58:56	LiftoverVcf	18 variants with a swapped REF/ALT were identified, but were not recovered.  See RECOVER_SWAPPED_REF_ALT and associated caveats.
INFO	2024-05-06 16:58:56	LiftoverVcf	Writing out sorted records to final VCF.
[Mon May 06 16:58:57 CEST 2024] picard.vcf.LiftoverVcf done. Elapsed time: 0.25 minutes.
Runtime.totalMemory()=4294967296
