Using GATK jar /lustre1/project/stg_00096/home/rdewin/system/miniconda/envs/WGS/share/gatk4-4.5.0.0-0/gatk-package-4.5.0.0-local.jar
Running:
    java -Dsamjdk.use_async_io_read_samtools=false -Dsamjdk.use_async_io_write_samtools=true -Dsamjdk.use_async_io_write_tribble=false -Dsamjdk.compression_level=2 -jar /lustre1/project/stg_00096/home/rdewin/system/miniconda/envs/WGS/share/gatk4-4.5.0.0-0/gatk-package-4.5.0.0-local.jar CalculateContamination -I results/mutect2/P028/P028_tumor_pileup_summaries.table -matched results/mutect2/P028/P028_normal_pileup_summaries.table -O results/mutect2/P028/P028_contamination.table
16:46:53.481 INFO  NativeLibraryLoader - Loading libgkl_compression.so from jar:file:/lustre1/project/stg_00096/home/rdewin/system/miniconda/envs/WGS/share/gatk4-4.5.0.0-0/gatk-package-4.5.0.0-local.jar!/com/intel/gkl/native/libgkl_compression.so
16:46:53.800 INFO  CalculateContamination - ------------------------------------------------------------
16:46:53.803 INFO  CalculateContamination - The Genome Analysis Toolkit (GATK) v4.5.0.0
16:46:53.803 INFO  CalculateContamination - For support and documentation go to https://software.broadinstitute.org/gatk/
16:46:53.803 INFO  CalculateContamination - Executing as vsc35407@g28l15 on Linux v4.18.0-513.24.1.el8_9.x86_64 amd64
16:46:53.803 INFO  CalculateContamination - Java runtime: OpenJDK 64-Bit Server VM v17.0.10-internal+0-adhoc..src
16:46:53.803 INFO  CalculateContamination - Start Date/Time: July 14, 2024 at 4:46:53 PM CEST
16:46:53.803 INFO  CalculateContamination - ------------------------------------------------------------
16:46:53.803 INFO  CalculateContamination - ------------------------------------------------------------
16:46:53.804 INFO  CalculateContamination - HTSJDK Version: 4.1.0
16:46:53.804 INFO  CalculateContamination - Picard Version: 3.1.1
16:46:53.804 INFO  CalculateContamination - Built for Spark Version: 3.5.0
16:46:53.804 INFO  CalculateContamination - HTSJDK Defaults.COMPRESSION_LEVEL : 2
16:46:53.805 INFO  CalculateContamination - HTSJDK Defaults.USE_ASYNC_IO_READ_FOR_SAMTOOLS : false
16:46:53.805 INFO  CalculateContamination - HTSJDK Defaults.USE_ASYNC_IO_WRITE_FOR_SAMTOOLS : true
16:46:53.805 INFO  CalculateContamination - HTSJDK Defaults.USE_ASYNC_IO_WRITE_FOR_TRIBBLE : false
16:46:53.805 INFO  CalculateContamination - Deflater: IntelDeflater
16:46:53.805 INFO  CalculateContamination - Inflater: IntelInflater
16:46:53.805 INFO  CalculateContamination - GCS max retries/reopens: 20
16:46:53.805 INFO  CalculateContamination - Requester pays: disabled
16:46:53.806 INFO  CalculateContamination - Initializing engine
16:46:53.806 INFO  CalculateContamination - Done initializing engine
16:47:17.625 INFO  KernelSegmenter - Found 5 changepoints after applying the changepoint penalty.
16:47:18.969 INFO  KernelSegmenter - Found 7 changepoints after applying the changepoint penalty.
16:47:19.873 INFO  KernelSegmenter - Found 7 changepoints after applying the changepoint penalty.
16:47:20.876 INFO  KernelSegmenter - Found 6 changepoints after applying the changepoint penalty.
16:47:22.058 INFO  KernelSegmenter - Found 5 changepoints after applying the changepoint penalty.
16:47:23.311 INFO  KernelSegmenter - Found 9 changepoints after applying the changepoint penalty.
16:47:23.788 INFO  KernelSegmenter - Found 4 changepoints after applying the changepoint penalty.
16:47:24.621 INFO  KernelSegmenter - Found 6 changepoints after applying the changepoint penalty.
16:47:25.891 INFO  KernelSegmenter - Found 7 changepoints after applying the changepoint penalty.
16:47:26.448 INFO  KernelSegmenter - Found 6 changepoints after applying the changepoint penalty.
16:47:27.160 INFO  KernelSegmenter - Found 9 changepoints after applying the changepoint penalty.
16:47:28.446 INFO  KernelSegmenter - Found 6 changepoints after applying the changepoint penalty.
16:47:29.433 INFO  KernelSegmenter - Found 7 changepoints after applying the changepoint penalty.
16:47:30.722 INFO  KernelSegmenter - Found 5 changepoints after applying the changepoint penalty.
16:47:31.578 INFO  KernelSegmenter - Found 10 changepoints after applying the changepoint penalty.
16:47:32.839 INFO  KernelSegmenter - Found 6 changepoints after applying the changepoint penalty.
16:47:33.557 INFO  KernelSegmenter - Found 6 changepoints after applying the changepoint penalty.
16:47:34.065 INFO  KernelSegmenter - Found 7 changepoints after applying the changepoint penalty.
16:47:34.564 INFO  KernelSegmenter - Found 5 changepoints after applying the changepoint penalty.
16:47:35.113 INFO  KernelSegmenter - Found 7 changepoints after applying the changepoint penalty.
16:47:35.657 INFO  KernelSegmenter - Found 8 changepoints after applying the changepoint penalty.
16:47:36.207 INFO  KernelSegmenter - Found 8 changepoints after applying the changepoint penalty.
16:47:36.748 INFO  KernelSegmenter - Found 5 changepoints after applying the changepoint penalty.
16:56:54.149 INFO  CalculateContamination - Shutting down engine
[July 14, 2024 at 4:56:54 PM CEST] org.broadinstitute.hellbender.tools.walkers.contamination.CalculateContamination done. Elapsed time: 10.01 minutes.
Runtime.totalMemory()=6492782592
Tool returned:
SUCCESS
