May 06, 2024 4:58:42 PM com.intel.gkl.NativeLibraryLoader load
INFO: Loading libgkl_compression.so from jar:file:/lustre1/project/stg_00096/home/rdewin/system/miniconda/envs/WGS/share/picard-3.1.1-0/picard.jar!/com/intel/gkl/native/libgkl_compression.so
[Mon May 06 16:58:42 CEST 2024] LiftoverVcf --INPUT results/mutect2/P028/P028_pass_variants.vcf --OUTPUT results/mutect2/P028/P028_pass_variants_lifted.vcf --CHAIN resources/liftover/chm13v2-to-grch38.chain --REJECT results/mutect2/P028/P028_pass_variants_unlifted.vcf --LIFTOVER_MIN_MATCH 0.95 --REFERENCE_SEQUENCE resources/GRCh38/GRCh38.fasta --WARN_ON_MISSING_CONTIG false --LOG_FAILED_INTERVALS true --WRITE_ORIGINAL_POSITION false --WRITE_ORIGINAL_ALLELES false --ALLOW_MISSING_FIELDS_IN_HEADER false --RECOVER_SWAPPED_REF_ALT false --TAGS_TO_REVERSE AF --TAGS_TO_DROP MAX_AF --DISABLE_SORT false --VERBOSITY INFO --QUIET false --VALIDATION_STRINGENCY STRICT --COMPRESSION_LEVEL 5 --MAX_RECORDS_IN_RAM 500000 --CREATE_INDEX false --CREATE_MD5_FILE false --help false --version false --showHidden false --USE_JDK_DEFLATER false --USE_JDK_INFLATER false
[Mon May 06 16:58:42 CEST 2024] Executing as vsc35407@g28l17 on Linux 4.18.0-513.24.1.el8_9.x86_64 amd64; OpenJDK 64-Bit Server VM 17.0.10-internal+0-adhoc..src; Deflater: Intel; Inflater: Intel; Provider GCS is available; Picard version: Version:3.1.1
INFO	2024-05-06 16:58:43	LiftoverVcf	Loading up the target reference genome.
INFO	2024-05-06 16:58:55	LiftoverVcf	Lifting variants over and sorting (not yet writing the output file.)
INFO	2024-05-06 16:58:55	LiftOver	Interval chr1:3380243-3380333 failed to match chain 0 because intersection length 21 < minMatchSize 86.45 (0.23076923 < 0.95)
INFO	2024-05-06 16:58:56	LiftOver	Interval chr2:73378814-73378842 failed to match chain 0 because intersection length 15 < minMatchSize 27.549999999999997 (0.51724136 < 0.95)
INFO	2024-05-06 16:58:56	LiftOver	Interval chr2:80631580-80631583 failed to match chain 0 because intersection length 2 < minMatchSize 3.8 (0.5 < 0.95)
INFO	2024-05-06 16:58:56	LiftOver	Interval chr4:8069933-8069936 failed to match chain 0 because intersection length 3 < minMatchSize 3.8 (0.75 < 0.95)
INFO	2024-05-06 16:58:56	LiftOver	Interval chr7:156333922-156333930 failed to match chain 0 because intersection length 5 < minMatchSize 8.549999999999999 (0.5555556 < 0.95)
INFO	2024-05-06 16:58:56	LiftOver	Interval chr8:3193591-3193603 failed to match chain 0 because intersection length 5 < minMatchSize 12.35 (0.3846154 < 0.95)
INFO	2024-05-06 16:58:56	LiftOver	Interval chr9:113614128-113614149 failed to match chain 0 because intersection length 7 < minMatchSize 20.9 (0.3181818 < 0.95)
INFO	2024-05-06 16:58:56	LiftOver	Interval chr9:149562041-149562219 failed to match chain 0 because intersection length 144 < minMatchSize 170.04999999999998 (0.8044693 < 0.95)
INFO	2024-05-06 16:58:56	LiftOver	Interval chr10:120573398-120573418 failed to match chain 0 because intersection length 1 < minMatchSize 19.95 (0.04761905 < 0.95)
INFO	2024-05-06 16:58:56	LiftOver	Interval chr10:133713550-133713609 failed to match chain 0 because intersection length 56 < minMatchSize 57.0 (0.93333334 < 0.95)
INFO	2024-05-06 16:58:56	LiftOver	Interval chr11:100452638-100452657 failed to match chain 0 because intersection length 16 < minMatchSize 19.0 (0.8 < 0.95)
INFO	2024-05-06 16:58:56	LiftOver	Interval chr12:124364985-124365086 failed to match chain 0 because intersection length 80 < minMatchSize 96.89999999999999 (0.78431374 < 0.95)
INFO	2024-05-06 16:58:56	LiftOver	Interval chr13:91234874-91234898 failed to match chain 0 because intersection length 2 < minMatchSize 23.75 (0.08 < 0.95)
INFO	2024-05-06 16:58:56	LiftOver	Interval chr14:68539385-68539403 failed to match chain 0 because intersection length 3 < minMatchSize 18.05 (0.15789473 < 0.95)
INFO	2024-05-06 16:58:56	LiftOver	Interval chr15:52711842-52711847 failed to match chain 0 because intersection length 3 < minMatchSize 5.699999999999999 (0.5 < 0.95)
INFO	2024-05-06 16:58:56	LiftOver	Interval chr16:7993385-7993388 failed to match chain 0 because intersection length 2 < minMatchSize 3.8 (0.5 < 0.95)
INFO	2024-05-06 16:58:56	LiftOver	Interval chr16:9103615-9103631 failed to match chain 0 because intersection length 16 < minMatchSize 16.15 (0.9411765 < 0.95)
INFO	2024-05-06 16:58:56	LiftOver	Interval chr16:12916180-12916392 failed to match chain 0 because intersection length 199 < minMatchSize 202.35 (0.9342723 < 0.95)
INFO	2024-05-06 16:58:56	LiftOver	Interval chr17:67095449-67095504 failed to match chain 0 because intersection length 31 < minMatchSize 53.199999999999996 (0.5535714 < 0.95)
INFO	2024-05-06 16:58:56	LiftOver	Interval chr17:73836056-73836200 failed to match chain 0 because intersection length 109 < minMatchSize 137.75 (0.7517241 < 0.95)
INFO	2024-05-06 16:58:56	LiftOver	Interval chr20:33194215-33194264 failed to match chain 0 because intersection length 1 < minMatchSize 47.5 (0.02 < 0.95)
INFO	2024-05-06 16:58:56	LiftOver	Interval chr20:54860603-54860609 failed to match chain 0 because intersection length 3 < minMatchSize 6.6499999999999995 (0.42857143 < 0.95)
INFO	2024-05-06 16:58:56	LiftOver	Interval chr20:55666116-55666261 failed to match chain 0 because intersection length 105 < minMatchSize 138.7 (0.7191781 < 0.95)
INFO	2024-05-06 16:58:56	LiftOver	Interval chr20:64116373-64116492 failed to match chain 0 because intersection length 101 < minMatchSize 114.0 (0.84166664 < 0.95)
INFO	2024-05-06 16:58:56	LiftOver	Interval chr21:8154771-8154781 failed to match chain 0 because intersection length 1 < minMatchSize 10.45 (0.09090909 < 0.95)
INFO	2024-05-06 16:58:56	LiftOver	Interval chr22:11142964-11143010 failed to match chain 0 because intersection length 10 < minMatchSize 44.65 (0.21276596 < 0.95)
INFO	2024-05-06 16:58:56	LiftOver	Interval chr22:26810908-26810931 failed to match chain 0 because intersection length 22 < minMatchSize 22.799999999999997 (0.9166667 < 0.95)
INFO	2024-05-06 16:58:56	LiftoverVcf	Processed 4931 variants.
INFO	2024-05-06 16:58:56	LiftoverVcf	885 variants failed to liftover.
INFO	2024-05-06 16:58:56	LiftoverVcf	61 variants lifted over but had mismatching reference alleles after lift over.
INFO	2024-05-06 16:58:56	LiftoverVcf	19.1847% of variants were not successfully lifted over and written to the output.
INFO	2024-05-06 16:58:56	LiftoverVcf	liftover success by source contig:
INFO	2024-05-06 16:58:56	LiftoverVcf	chr1: 285 / 374 (76.2032%)
INFO	2024-05-06 16:58:56	LiftoverVcf	chr10: 163 / 197 (82.7411%)
INFO	2024-05-06 16:58:56	LiftoverVcf	chr11: 202 / 222 (90.9910%)
INFO	2024-05-06 16:58:56	LiftoverVcf	chr12: 157 / 174 (90.2299%)
INFO	2024-05-06 16:58:56	LiftoverVcf	chr13: 156 / 204 (76.4706%)
INFO	2024-05-06 16:58:56	LiftoverVcf	chr14: 108 / 192 (56.2500%)
INFO	2024-05-06 16:58:56	LiftoverVcf	chr15: 89 / 123 (72.3577%)
INFO	2024-05-06 16:58:56	LiftoverVcf	chr16: 112 / 131 (85.4962%)
INFO	2024-05-06 16:58:56	LiftoverVcf	chr17: 121 / 137 (88.3212%)
INFO	2024-05-06 16:58:56	LiftoverVcf	chr18: 78 / 91 (85.7143%)
INFO	2024-05-06 16:58:56	LiftoverVcf	chr19: 123 / 174 (70.6897%)
INFO	2024-05-06 16:58:56	LiftoverVcf	chr2: 314 / 349 (89.9713%)
INFO	2024-05-06 16:58:56	LiftoverVcf	chr20: 67 / 82 (81.7073%)
INFO	2024-05-06 16:58:56	LiftoverVcf	chr21: 30 / 69 (43.4783%)
INFO	2024-05-06 16:58:56	LiftoverVcf	chr22: 55 / 112 (49.1071%)
INFO	2024-05-06 16:58:56	LiftoverVcf	chr3: 240 / 267 (89.8876%)
INFO	2024-05-06 16:58:56	LiftoverVcf	chr4: 279 / 295 (94.5763%)
INFO	2024-05-06 16:58:56	LiftoverVcf	chr5: 251 / 280 (89.6429%)
INFO	2024-05-06 16:58:56	LiftoverVcf	chr6: 218 / 235 (92.7660%)
INFO	2024-05-06 16:58:56	LiftoverVcf	chr7: 241 / 261 (92.3372%)
INFO	2024-05-06 16:58:56	LiftoverVcf	chr8: 203 / 212 (95.7547%)
INFO	2024-05-06 16:58:56	LiftoverVcf	chr9: 149 / 400 (37.2500%)
INFO	2024-05-06 16:58:56	LiftoverVcf	chrM: 0 / 2 (0.0000%)
INFO	2024-05-06 16:58:56	LiftoverVcf	chrX: 342 / 346 (98.8439%)
INFO	2024-05-06 16:58:56	LiftoverVcf	chrY: 2 / 2 (100.0000%)
INFO	2024-05-06 16:58:56	LiftoverVcf	lifted variants by target contig:
INFO	2024-05-06 16:58:56	LiftoverVcf	chr1: 285
INFO	2024-05-06 16:58:56	LiftoverVcf	chr10: 163
INFO	2024-05-06 16:58:56	LiftoverVcf	chr11: 202
INFO	2024-05-06 16:58:56	LiftoverVcf	chr12: 157
INFO	2024-05-06 16:58:56	LiftoverVcf	chr13: 156
INFO	2024-05-06 16:58:56	LiftoverVcf	chr14: 108
INFO	2024-05-06 16:58:56	LiftoverVcf	chr15: 89
INFO	2024-05-06 16:58:56	LiftoverVcf	chr16: 112
INFO	2024-05-06 16:58:56	LiftoverVcf	chr17: 121
INFO	2024-05-06 16:58:56	LiftoverVcf	chr18: 78
INFO	2024-05-06 16:58:56	LiftoverVcf	chr19: 123
INFO	2024-05-06 16:58:56	LiftoverVcf	chr2: 314
INFO	2024-05-06 16:58:56	LiftoverVcf	chr20: 67
INFO	2024-05-06 16:58:56	LiftoverVcf	chr21: 30
INFO	2024-05-06 16:58:56	LiftoverVcf	chr22: 55
INFO	2024-05-06 16:58:56	LiftoverVcf	chr3: 240
INFO	2024-05-06 16:58:56	LiftoverVcf	chr4: 279
INFO	2024-05-06 16:58:56	LiftoverVcf	chr5: 251
INFO	2024-05-06 16:58:56	LiftoverVcf	chr6: 218
INFO	2024-05-06 16:58:56	LiftoverVcf	chr7: 241
INFO	2024-05-06 16:58:56	LiftoverVcf	chr8: 203
INFO	2024-05-06 16:58:56	LiftoverVcf	chr9: 149
INFO	2024-05-06 16:58:56	LiftoverVcf	chrX: 342
INFO	2024-05-06 16:58:56	LiftoverVcf	chrY: 2
WARNING	2024-05-06 16:58:56	LiftoverVcf	28 variants with a swapped REF/ALT were identified, but were not recovered.  See RECOVER_SWAPPED_REF_ALT and associated caveats.
INFO	2024-05-06 16:58:56	LiftoverVcf	Writing out sorted records to final VCF.
[Mon May 06 16:58:57 CEST 2024] picard.vcf.LiftoverVcf done. Elapsed time: 0.25 minutes.
Runtime.totalMemory()=4294967296
