Sep 27, 2024 3:07:33 PM com.intel.gkl.NativeLibraryLoader load
INFO: Loading libgkl_compression.so from jar:file:/lustre1/project/stg_00096/home/rdewin/system/miniconda/envs/RNA/share/picard-3.1.1-0/picard.jar!/com/intel/gkl/native/libgkl_compression.so
[Fri Sep 27 15:07:33 CEST 2024] AddOrReplaceReadGroups --INPUT results/star/P083/P083_Aligned.sortedByCoord.out.bam --OUTPUT results/star/P083/P083_Aligned.sortedByCoord.withRG.bam --RGID P083 --RGLB lib1 --RGPL illumina --RGPU unit1 --RGSM P083 --VERBOSITY INFO --QUIET false --VALIDATION_STRINGENCY STRICT --COMPRESSION_LEVEL 5 --MAX_RECORDS_IN_RAM 500000 --CREATE_INDEX false --CREATE_MD5_FILE false --help false --version false --showHidden false --USE_JDK_DEFLATER false --USE_JDK_INFLATER false
[Fri Sep 27 15:07:33 CEST 2024] Executing as vsc35407@i28l17 on Linux 4.18.0-513.24.1.el8_9.x86_64 amd64; OpenJDK 64-Bit Server VM 17.0.10-internal+0-adhoc..src; Deflater: Intel; Inflater: Intel; Provider GCS is available; Picard version: Version:3.1.1
INFO	2024-09-27 15:07:33	AddOrReplaceReadGroups	Created read-group ID=P083 PL=illumina LB=lib1 SM=P083

INFO	2024-09-27 15:07:43	AddOrReplaceReadGroups	Processed     1,000,000 records.  Elapsed time: 00:00:09s.  Time for last 1,000,000:    9s.  Last read position: chr1:23,529,661
INFO	2024-09-27 15:07:51	AddOrReplaceReadGroups	Processed     2,000,000 records.  Elapsed time: 00:00:18s.  Time for last 1,000,000:    8s.  Last read position: chr1:39,221,101
INFO	2024-09-27 15:08:00	AddOrReplaceReadGroups	Processed     3,000,000 records.  Elapsed time: 00:00:26s.  Time for last 1,000,000:    8s.  Last read position: chr1:66,865,062
INFO	2024-09-27 15:08:08	AddOrReplaceReadGroups	Processed     4,000,000 records.  Elapsed time: 00:00:35s.  Time for last 1,000,000:    8s.  Last read position: chr1:109,133,217
INFO	2024-09-27 15:08:17	AddOrReplaceReadGroups	Processed     5,000,000 records.  Elapsed time: 00:00:43s.  Time for last 1,000,000:    8s.  Last read position: chr1:149,855,646
INFO	2024-09-27 15:08:25	AddOrReplaceReadGroups	Processed     6,000,000 records.  Elapsed time: 00:00:51s.  Time for last 1,000,000:    8s.  Last read position: chr1:167,599,041
INFO	2024-09-27 15:08:34	AddOrReplaceReadGroups	Processed     7,000,000 records.  Elapsed time: 00:01:00s.  Time for last 1,000,000:    8s.  Last read position: chr1:203,814,824
INFO	2024-09-27 15:08:42	AddOrReplaceReadGroups	Processed     8,000,000 records.  Elapsed time: 00:01:09s.  Time for last 1,000,000:    8s.  Last read position: chr1:243,553,054
INFO	2024-09-27 15:08:51	AddOrReplaceReadGroups	Processed     9,000,000 records.  Elapsed time: 00:01:18s.  Time for last 1,000,000:    8s.  Last read position: chr2:37,205,777
INFO	2024-09-27 15:09:00	AddOrReplaceReadGroups	Processed    10,000,000 records.  Elapsed time: 00:01:26s.  Time for last 1,000,000:    8s.  Last read position: chr2:65,409,991
INFO	2024-09-27 15:09:09	AddOrReplaceReadGroups	Processed    11,000,000 records.  Elapsed time: 00:01:35s.  Time for last 1,000,000:    8s.  Last read position: chr2:101,464,655
INFO	2024-09-27 15:09:18	AddOrReplaceReadGroups	Processed    12,000,000 records.  Elapsed time: 00:01:44s.  Time for last 1,000,000:    8s.  Last read position: chr2:166,359,406
INFO	2024-09-27 15:09:27	AddOrReplaceReadGroups	Processed    13,000,000 records.  Elapsed time: 00:01:53s.  Time for last 1,000,000:    9s.  Last read position: chr2:203,117,026
INFO	2024-09-27 15:09:35	AddOrReplaceReadGroups	Processed    14,000,000 records.  Elapsed time: 00:02:02s.  Time for last 1,000,000:    8s.  Last read position: chr3:12,621,227
INFO	2024-09-27 15:09:43	AddOrReplaceReadGroups	Processed    15,000,000 records.  Elapsed time: 00:02:10s.  Time for last 1,000,000:    7s.  Last read position: chr3:31,538,749
INFO	2024-09-27 15:09:52	AddOrReplaceReadGroups	Processed    16,000,000 records.  Elapsed time: 00:02:18s.  Time for last 1,000,000:    8s.  Last read position: chr3:49,072,455
INFO	2024-09-27 15:10:00	AddOrReplaceReadGroups	Processed    17,000,000 records.  Elapsed time: 00:02:27s.  Time for last 1,000,000:    8s.  Last read position: chr3:110,250,131
INFO	2024-09-27 15:10:09	AddOrReplaceReadGroups	Processed    18,000,000 records.  Elapsed time: 00:02:36s.  Time for last 1,000,000:    8s.  Last read position: chr3:153,357,854
INFO	2024-09-27 15:10:18	AddOrReplaceReadGroups	Processed    19,000,000 records.  Elapsed time: 00:02:44s.  Time for last 1,000,000:    8s.  Last read position: chr3:190,552,934
INFO	2024-09-27 15:10:27	AddOrReplaceReadGroups	Processed    20,000,000 records.  Elapsed time: 00:02:53s.  Time for last 1,000,000:    9s.  Last read position: chr4:39,423,866
INFO	2024-09-27 15:10:36	AddOrReplaceReadGroups	Processed    21,000,000 records.  Elapsed time: 00:03:02s.  Time for last 1,000,000:    8s.  Last read position: chr4:86,223,428
INFO	2024-09-27 15:10:45	AddOrReplaceReadGroups	Processed    22,000,000 records.  Elapsed time: 00:03:11s.  Time for last 1,000,000:    9s.  Last read position: chr4:154,423,587
INFO	2024-09-27 15:10:54	AddOrReplaceReadGroups	Processed    23,000,000 records.  Elapsed time: 00:03:20s.  Time for last 1,000,000:    9s.  Last read position: chr5:37,221,860
INFO	2024-09-27 15:11:03	AddOrReplaceReadGroups	Processed    24,000,000 records.  Elapsed time: 00:03:29s.  Time for last 1,000,000:    8s.  Last read position: chr5:77,044,249
INFO	2024-09-27 15:11:11	AddOrReplaceReadGroups	Processed    25,000,000 records.  Elapsed time: 00:03:38s.  Time for last 1,000,000:    8s.  Last read position: chr5:127,546,317
INFO	2024-09-27 15:11:20	AddOrReplaceReadGroups	Processed    26,000,000 records.  Elapsed time: 00:03:46s.  Time for last 1,000,000:    8s.  Last read position: chr5:150,034,449
INFO	2024-09-27 15:11:28	AddOrReplaceReadGroups	Processed    27,000,000 records.  Elapsed time: 00:03:55s.  Time for last 1,000,000:    8s.  Last read position: chr5:180,153,233
INFO	2024-09-27 15:11:37	AddOrReplaceReadGroups	Processed    28,000,000 records.  Elapsed time: 00:04:03s.  Time for last 1,000,000:    8s.  Last read position: chr6:24,293,666
INFO	2024-09-27 15:11:44	AddOrReplaceReadGroups	Processed    29,000,000 records.  Elapsed time: 00:04:11s.  Time for last 1,000,000:    7s.  Last read position: chr6:30,355,799
INFO	2024-09-27 15:11:53	AddOrReplaceReadGroups	Processed    30,000,000 records.  Elapsed time: 00:04:19s.  Time for last 1,000,000:    8s.  Last read position: chr6:33,097,187
INFO	2024-09-27 15:12:01	AddOrReplaceReadGroups	Processed    31,000,000 records.  Elapsed time: 00:04:28s.  Time for last 1,000,000:    8s.  Last read position: chr6:47,323,070
INFO	2024-09-27 15:12:08	AddOrReplaceReadGroups	Processed    32,000,000 records.  Elapsed time: 00:04:34s.  Time for last 1,000,000:    6s.  Last read position: chr6:52,835,226
INFO	2024-09-27 15:12:15	AddOrReplaceReadGroups	Processed    33,000,000 records.  Elapsed time: 00:04:41s.  Time for last 1,000,000:    6s.  Last read position: chr6:52,835,328
INFO	2024-09-27 15:12:22	AddOrReplaceReadGroups	Processed    34,000,000 records.  Elapsed time: 00:04:48s.  Time for last 1,000,000:    7s.  Last read position: chr6:74,694,926
INFO	2024-09-27 15:12:30	AddOrReplaceReadGroups	Processed    35,000,000 records.  Elapsed time: 00:04:56s.  Time for last 1,000,000:    7s.  Last read position: chr6:74,696,050
INFO	2024-09-27 15:12:37	AddOrReplaceReadGroups	Processed    36,000,000 records.  Elapsed time: 00:05:04s.  Time for last 1,000,000:    7s.  Last read position: chr6:76,432,873
INFO	2024-09-27 15:12:46	AddOrReplaceReadGroups	Processed    37,000,000 records.  Elapsed time: 00:05:13s.  Time for last 1,000,000:    8s.  Last read position: chr6:134,012,158
INFO	2024-09-27 15:12:55	AddOrReplaceReadGroups	Processed    38,000,000 records.  Elapsed time: 00:05:21s.  Time for last 1,000,000:    8s.  Last read position: chr7:5,644,806
INFO	2024-09-27 15:13:03	AddOrReplaceReadGroups	Processed    39,000,000 records.  Elapsed time: 00:05:30s.  Time for last 1,000,000:    8s.  Last read position: chr7:44,957,302
INFO	2024-09-27 15:13:12	AddOrReplaceReadGroups	Processed    40,000,000 records.  Elapsed time: 00:05:38s.  Time for last 1,000,000:    8s.  Last read position: chr7:95,436,764
INFO	2024-09-27 15:13:21	AddOrReplaceReadGroups	Processed    41,000,000 records.  Elapsed time: 00:05:47s.  Time for last 1,000,000:    8s.  Last read position: chr7:137,265,217
INFO	2024-09-27 15:13:29	AddOrReplaceReadGroups	Processed    42,000,000 records.  Elapsed time: 00:05:56s.  Time for last 1,000,000:    8s.  Last read position: chr8:18,278,768
INFO	2024-09-27 15:13:38	AddOrReplaceReadGroups	Processed    43,000,000 records.  Elapsed time: 00:06:04s.  Time for last 1,000,000:    8s.  Last read position: chr8:66,143,668
INFO	2024-09-27 15:13:46	AddOrReplaceReadGroups	Processed    44,000,000 records.  Elapsed time: 00:06:13s.  Time for last 1,000,000:    8s.  Last read position: chr8:103,404,796
INFO	2024-09-27 15:13:55	AddOrReplaceReadGroups	Processed    45,000,000 records.  Elapsed time: 00:06:21s.  Time for last 1,000,000:    8s.  Last read position: chr9:19,139,055
INFO	2024-09-27 15:14:02	AddOrReplaceReadGroups	Processed    46,000,000 records.  Elapsed time: 00:06:29s.  Time for last 1,000,000:    7s.  Last read position: chr9:35,678,424
INFO	2024-09-27 15:14:09	AddOrReplaceReadGroups	Processed    47,000,000 records.  Elapsed time: 00:06:35s.  Time for last 1,000,000:    6s.  Last read position: chr9:35,678,506
INFO	2024-09-27 15:14:17	AddOrReplaceReadGroups	Processed    48,000,000 records.  Elapsed time: 00:06:43s.  Time for last 1,000,000:    8s.  Last read position: chr9:104,803,328
INFO	2024-09-27 15:14:25	AddOrReplaceReadGroups	Processed    49,000,000 records.  Elapsed time: 00:06:52s.  Time for last 1,000,000:    8s.  Last read position: chr9:140,896,661
INFO	2024-09-27 15:14:34	AddOrReplaceReadGroups	Processed    50,000,000 records.  Elapsed time: 00:07:00s.  Time for last 1,000,000:    8s.  Last read position: chr10:12,364,794
INFO	2024-09-27 15:14:42	AddOrReplaceReadGroups	Processed    51,000,000 records.  Elapsed time: 00:07:09s.  Time for last 1,000,000:    8s.  Last read position: chr10:69,637,971
INFO	2024-09-27 15:14:51	AddOrReplaceReadGroups	Processed    52,000,000 records.  Elapsed time: 00:07:17s.  Time for last 1,000,000:    8s.  Last read position: chr10:97,902,198
INFO	2024-09-27 15:14:59	AddOrReplaceReadGroups	Processed    53,000,000 records.  Elapsed time: 00:07:26s.  Time for last 1,000,000:    8s.  Last read position: chr11:2,878,697
INFO	2024-09-27 15:15:08	AddOrReplaceReadGroups	Processed    54,000,000 records.  Elapsed time: 00:07:34s.  Time for last 1,000,000:    8s.  Last read position: chr11:34,575,845
INFO	2024-09-27 15:15:16	AddOrReplaceReadGroups	Processed    55,000,000 records.  Elapsed time: 00:07:42s.  Time for last 1,000,000:    8s.  Last read position: chr11:63,964,340
INFO	2024-09-27 15:15:24	AddOrReplaceReadGroups	Processed    56,000,000 records.  Elapsed time: 00:07:50s.  Time for last 1,000,000:    8s.  Last read position: chr11:74,689,063
INFO	2024-09-27 15:15:32	AddOrReplaceReadGroups	Processed    57,000,000 records.  Elapsed time: 00:07:59s.  Time for last 1,000,000:    8s.  Last read position: chr11:119,037,898
INFO	2024-09-27 15:15:40	AddOrReplaceReadGroups	Processed    58,000,000 records.  Elapsed time: 00:08:07s.  Time for last 1,000,000:    7s.  Last read position: chr12:6,980,818
INFO	2024-09-27 15:15:49	AddOrReplaceReadGroups	Processed    59,000,000 records.  Elapsed time: 00:08:15s.  Time for last 1,000,000:    8s.  Last read position: chr12:48,655,335
INFO	2024-09-27 15:15:57	AddOrReplaceReadGroups	Processed    60,000,000 records.  Elapsed time: 00:08:23s.  Time for last 1,000,000:    7s.  Last read position: chr12:57,689,624
INFO	2024-09-27 15:16:05	AddOrReplaceReadGroups	Processed    61,000,000 records.  Elapsed time: 00:08:32s.  Time for last 1,000,000:    8s.  Last read position: chr12:104,310,484
INFO	2024-09-27 15:16:13	AddOrReplaceReadGroups	Processed    62,000,000 records.  Elapsed time: 00:08:40s.  Time for last 1,000,000:    7s.  Last read position: chr12:120,186,484
INFO	2024-09-27 15:16:22	AddOrReplaceReadGroups	Processed    63,000,000 records.  Elapsed time: 00:08:48s.  Time for last 1,000,000:    8s.  Last read position: chr13:9,023,813
INFO	2024-09-27 15:16:32	AddOrReplaceReadGroups	Processed    64,000,000 records.  Elapsed time: 00:08:58s.  Time for last 1,000,000:    9s.  Last read position: chr13:9,252,358
INFO	2024-09-27 15:16:41	AddOrReplaceReadGroups	Processed    65,000,000 records.  Elapsed time: 00:09:07s.  Time for last 1,000,000:    9s.  Last read position: chr13:29,072,614
INFO	2024-09-27 15:16:49	AddOrReplaceReadGroups	Processed    66,000,000 records.  Elapsed time: 00:09:16s.  Time for last 1,000,000:    8s.  Last read position: chr13:98,774,785
INFO	2024-09-27 15:16:58	AddOrReplaceReadGroups	Processed    67,000,000 records.  Elapsed time: 00:09:24s.  Time for last 1,000,000:    8s.  Last read position: chr14:14,539,971
INFO	2024-09-27 15:17:05	AddOrReplaceReadGroups	Processed    68,000,000 records.  Elapsed time: 00:09:31s.  Time for last 1,000,000:    6s.  Last read position: chr14:14,540,143
INFO	2024-09-27 15:17:12	AddOrReplaceReadGroups	Processed    69,000,000 records.  Elapsed time: 00:09:38s.  Time for last 1,000,000:    7s.  Last read position: chr14:30,022,217
INFO	2024-09-27 15:17:19	AddOrReplaceReadGroups	Processed    70,000,000 records.  Elapsed time: 00:09:46s.  Time for last 1,000,000:    7s.  Last read position: chr14:43,784,846
INFO	2024-09-27 15:17:26	AddOrReplaceReadGroups	Processed    71,000,000 records.  Elapsed time: 00:09:52s.  Time for last 1,000,000:    6s.  Last read position: chr14:43,784,872
INFO	2024-09-27 15:17:32	AddOrReplaceReadGroups	Processed    72,000,000 records.  Elapsed time: 00:09:58s.  Time for last 1,000,000:    6s.  Last read position: chr14:43,784,954
INFO	2024-09-27 15:17:38	AddOrReplaceReadGroups	Processed    73,000,000 records.  Elapsed time: 00:10:05s.  Time for last 1,000,000:    6s.  Last read position: chr14:43,784,959
INFO	2024-09-27 15:17:45	AddOrReplaceReadGroups	Processed    74,000,000 records.  Elapsed time: 00:10:11s.  Time for last 1,000,000:    6s.  Last read position: chr14:43,785,019
INFO	2024-09-27 15:17:51	AddOrReplaceReadGroups	Processed    75,000,000 records.  Elapsed time: 00:10:18s.  Time for last 1,000,000:    6s.  Last read position: chr14:44,067,787
INFO	2024-09-27 15:17:58	AddOrReplaceReadGroups	Processed    76,000,000 records.  Elapsed time: 00:10:24s.  Time for last 1,000,000:    6s.  Last read position: chr14:44,067,800
INFO	2024-09-27 15:18:04	AddOrReplaceReadGroups	Processed    77,000,000 records.  Elapsed time: 00:10:30s.  Time for last 1,000,000:    6s.  Last read position: chr14:44,067,851
INFO	2024-09-27 15:18:10	AddOrReplaceReadGroups	Processed    78,000,000 records.  Elapsed time: 00:10:37s.  Time for last 1,000,000:    6s.  Last read position: chr14:44,067,887
INFO	2024-09-27 15:18:17	AddOrReplaceReadGroups	Processed    79,000,000 records.  Elapsed time: 00:10:43s.  Time for last 1,000,000:    6s.  Last read position: chr14:44,067,905
INFO	2024-09-27 15:18:24	AddOrReplaceReadGroups	Processed    80,000,000 records.  Elapsed time: 00:10:50s.  Time for last 1,000,000:    7s.  Last read position: chr14:46,851,418
INFO	2024-09-27 15:18:33	AddOrReplaceReadGroups	Processed    81,000,000 records.  Elapsed time: 00:10:59s.  Time for last 1,000,000:    8s.  Last read position: chr14:85,430,216
INFO	2024-09-27 15:18:43	AddOrReplaceReadGroups	Processed    82,000,000 records.  Elapsed time: 00:11:09s.  Time for last 1,000,000:   10s.  Last read position: chr15:4,486,317
INFO	2024-09-27 15:18:54	AddOrReplaceReadGroups	Processed    83,000,000 records.  Elapsed time: 00:11:20s.  Time for last 1,000,000:   10s.  Last read position: chr15:29,169,060
INFO	2024-09-27 15:19:02	AddOrReplaceReadGroups	Processed    84,000,000 records.  Elapsed time: 00:11:28s.  Time for last 1,000,000:    8s.  Last read position: chr15:52,984,593
INFO	2024-09-27 15:19:10	AddOrReplaceReadGroups	Processed    85,000,000 records.  Elapsed time: 00:11:36s.  Time for last 1,000,000:    8s.  Last read position: chr15:72,665,849
INFO	2024-09-27 15:19:18	AddOrReplaceReadGroups	Processed    86,000,000 records.  Elapsed time: 00:11:45s.  Time for last 1,000,000:    8s.  Last read position: chr16:170,993
INFO	2024-09-27 15:19:26	AddOrReplaceReadGroups	Processed    87,000,000 records.  Elapsed time: 00:11:53s.  Time for last 1,000,000:    8s.  Last read position: chr16:18,399,960
INFO	2024-09-27 15:19:35	AddOrReplaceReadGroups	Processed    88,000,000 records.  Elapsed time: 00:12:01s.  Time for last 1,000,000:    8s.  Last read position: chr16:30,755,729
INFO	2024-09-27 15:19:43	AddOrReplaceReadGroups	Processed    89,000,000 records.  Elapsed time: 00:12:10s.  Time for last 1,000,000:    8s.  Last read position: chr16:88,229,909
INFO	2024-09-27 15:19:51	AddOrReplaceReadGroups	Processed    90,000,000 records.  Elapsed time: 00:12:18s.  Time for last 1,000,000:    8s.  Last read position: chr17:7,366,471
INFO	2024-09-27 15:19:59	AddOrReplaceReadGroups	Processed    91,000,000 records.  Elapsed time: 00:12:26s.  Time for last 1,000,000:    8s.  Last read position: chr17:29,663,672
INFO	2024-09-27 15:20:08	AddOrReplaceReadGroups	Processed    92,000,000 records.  Elapsed time: 00:12:34s.  Time for last 1,000,000:    8s.  Last read position: chr17:43,857,229
INFO	2024-09-27 15:20:16	AddOrReplaceReadGroups	Processed    93,000,000 records.  Elapsed time: 00:12:42s.  Time for last 1,000,000:    8s.  Last read position: chr17:65,335,284
INFO	2024-09-27 15:20:24	AddOrReplaceReadGroups	Processed    94,000,000 records.  Elapsed time: 00:12:51s.  Time for last 1,000,000:    8s.  Last read position: chr17:82,476,268
INFO	2024-09-27 15:20:33	AddOrReplaceReadGroups	Processed    95,000,000 records.  Elapsed time: 00:12:59s.  Time for last 1,000,000:    8s.  Last read position: chr18:46,457,009
INFO	2024-09-27 15:20:41	AddOrReplaceReadGroups	Processed    96,000,000 records.  Elapsed time: 00:13:07s.  Time for last 1,000,000:    8s.  Last read position: chr19:3,112,065
INFO	2024-09-27 15:20:49	AddOrReplaceReadGroups	Processed    97,000,000 records.  Elapsed time: 00:13:15s.  Time for last 1,000,000:    7s.  Last read position: chr19:12,792,849
INFO	2024-09-27 15:20:57	AddOrReplaceReadGroups	Processed    98,000,000 records.  Elapsed time: 00:13:24s.  Time for last 1,000,000:    8s.  Last read position: chr19:21,196,942
INFO	2024-09-27 15:21:05	AddOrReplaceReadGroups	Processed    99,000,000 records.  Elapsed time: 00:13:32s.  Time for last 1,000,000:    8s.  Last read position: chr19:48,111,621
INFO	2024-09-27 15:21:13	AddOrReplaceReadGroups	Processed   100,000,000 records.  Elapsed time: 00:13:39s.  Time for last 1,000,000:    7s.  Last read position: chr19:52,688,241
INFO	2024-09-27 15:21:21	AddOrReplaceReadGroups	Processed   101,000,000 records.  Elapsed time: 00:13:48s.  Time for last 1,000,000:    8s.  Last read position: chr20:8,467,418
INFO	2024-09-27 15:21:30	AddOrReplaceReadGroups	Processed   102,000,000 records.  Elapsed time: 00:13:56s.  Time for last 1,000,000:    8s.  Last read position: chr20:49,377,475
INFO	2024-09-27 15:21:39	AddOrReplaceReadGroups	Processed   103,000,000 records.  Elapsed time: 00:14:06s.  Time for last 1,000,000:    9s.  Last read position: chr21:5,304,716
INFO	2024-09-27 15:21:48	AddOrReplaceReadGroups	Processed   104,000,000 records.  Elapsed time: 00:14:15s.  Time for last 1,000,000:    9s.  Last read position: chr22:5,416,110
INFO	2024-09-27 15:21:58	AddOrReplaceReadGroups	Processed   105,000,000 records.  Elapsed time: 00:14:24s.  Time for last 1,000,000:    9s.  Last read position: chr22:37,772,638
INFO	2024-09-27 15:22:06	AddOrReplaceReadGroups	Processed   106,000,000 records.  Elapsed time: 00:14:32s.  Time for last 1,000,000:    7s.  Last read position: chr22:43,647,532
INFO	2024-09-27 15:22:14	AddOrReplaceReadGroups	Processed   107,000,000 records.  Elapsed time: 00:14:40s.  Time for last 1,000,000:    8s.  Last read position: chrX:46,921,263
INFO	2024-09-27 15:22:22	AddOrReplaceReadGroups	Processed   108,000,000 records.  Elapsed time: 00:14:49s.  Time for last 1,000,000:    8s.  Last read position: chrX:118,161,760
INFO	2024-09-27 15:22:31	AddOrReplaceReadGroups	Processed   109,000,000 records.  Elapsed time: 00:14:57s.  Time for last 1,000,000:    8s.  Last read position: chrY:20,606,389
[Fri Sep 27 15:22:35 CEST 2024] picard.sam.AddOrReplaceReadGroups done. Elapsed time: 15.03 minutes.
Runtime.totalMemory()=538968064
