Using GATK jar /lustre1/project/stg_00096/home/rdewin/system/miniconda/envs/WGS/share/gatk4-4.5.0.0-0/gatk-package-4.5.0.0-local.jar
Running:
    java -Dsamjdk.use_async_io_read_samtools=false -Dsamjdk.use_async_io_write_samtools=true -Dsamjdk.use_async_io_write_tribble=false -Dsamjdk.compression_level=2 -jar /lustre1/project/stg_00096/home/rdewin/system/miniconda/envs/WGS/share/gatk4-4.5.0.0-0/gatk-package-4.5.0.0-local.jar FilterMutectCalls -R resources/genome.fa -V results/mutect2/P038/P038_variants.vcf --contamination-table results/mutect2/P038/P038_contamination.table --ob-priors results/mutect2/read_orientation_model.tar.gz -O results/mutect2/P038/P038_filtered_variants.vcf
20:14:07.797 INFO  NativeLibraryLoader - Loading libgkl_compression.so from jar:file:/lustre1/project/stg_00096/home/rdewin/system/miniconda/envs/WGS/share/gatk4-4.5.0.0-0/gatk-package-4.5.0.0-local.jar!/com/intel/gkl/native/libgkl_compression.so
20:14:08.563 INFO  FilterMutectCalls - ------------------------------------------------------------
20:14:08.572 INFO  FilterMutectCalls - The Genome Analysis Toolkit (GATK) v4.5.0.0
20:14:08.572 INFO  FilterMutectCalls - For support and documentation go to https://software.broadinstitute.org/gatk/
20:14:08.578 INFO  FilterMutectCalls - Executing as vsc35407@g28l22 on Linux v4.18.0-513.24.1.el8_9.x86_64 amd64
20:14:08.584 INFO  FilterMutectCalls - Java runtime: OpenJDK 64-Bit Server VM v17.0.10-internal+0-adhoc..src
20:14:08.585 INFO  FilterMutectCalls - Start Date/Time: July 14, 2024 at 8:14:07 PM CEST
20:14:08.585 INFO  FilterMutectCalls - ------------------------------------------------------------
20:14:08.585 INFO  FilterMutectCalls - ------------------------------------------------------------
20:14:08.604 INFO  FilterMutectCalls - HTSJDK Version: 4.1.0
20:14:08.604 INFO  FilterMutectCalls - Picard Version: 3.1.1
20:14:08.604 INFO  FilterMutectCalls - Built for Spark Version: 3.5.0
20:14:08.605 INFO  FilterMutectCalls - HTSJDK Defaults.COMPRESSION_LEVEL : 2
20:14:08.605 INFO  FilterMutectCalls - HTSJDK Defaults.USE_ASYNC_IO_READ_FOR_SAMTOOLS : false
20:14:08.605 INFO  FilterMutectCalls - HTSJDK Defaults.USE_ASYNC_IO_WRITE_FOR_SAMTOOLS : true
20:14:08.606 INFO  FilterMutectCalls - HTSJDK Defaults.USE_ASYNC_IO_WRITE_FOR_TRIBBLE : false
20:14:08.606 INFO  FilterMutectCalls - Deflater: IntelDeflater
20:14:08.606 INFO  FilterMutectCalls - Inflater: IntelInflater
20:14:08.607 INFO  FilterMutectCalls - GCS max retries/reopens: 20
20:14:08.607 INFO  FilterMutectCalls - Requester pays: disabled
20:14:08.608 INFO  FilterMutectCalls - Initializing engine
20:14:09.192 INFO  FeatureManager - Using codec VCFCodec to read file file:///lustre1/project/stg_00096/home/rdewin/WGS/results/mutect2/P038/P038_variants.vcf
20:14:09.521 INFO  FilterMutectCalls - Done initializing engine
20:14:09.728 INFO  IOUtils - Extracting data from archive: file:///lustre1/project/stg_00096/home/rdewin/WGS/results/mutect2/read_orientation_model.tar.gz
20:14:09.741 INFO  IOUtils - Extracting file: ./P011_tumor.orientation_priors
20:14:09.746 INFO  IOUtils - Extracting file: ./P022_tumor.orientation_priors
20:14:09.747 INFO  IOUtils - Extracting file: ./P060_tumor.orientation_priors
20:14:09.747 INFO  IOUtils - Extracting file: ./P059_tumor.orientation_priors
20:14:09.748 INFO  IOUtils - Extracting file: ./P038_tumor.orientation_priors
20:14:09.748 INFO  IOUtils - Extracting file: ./P062_tumor.orientation_priors
20:14:09.749 INFO  IOUtils - Extracting file: ./P018_tumor.orientation_priors
20:14:09.749 INFO  IOUtils - Extracting file: ./P058_tumor.orientation_priors
20:14:09.749 INFO  IOUtils - Extracting file: ./P103_tumor.orientation_priors
20:14:09.750 INFO  IOUtils - Extracting file: ./P033_tumor.orientation_priors
20:14:09.750 INFO  IOUtils - Extracting file: ./P029_tumor.orientation_priors
20:14:09.751 INFO  IOUtils - Extracting file: ./P024_tumor.orientation_priors
20:14:09.758 INFO  IOUtils - Extracting file: ./P016_tumor.orientation_priors
20:14:09.759 INFO  IOUtils - Extracting file: ./P066_tumor.orientation_priors
20:14:09.759 INFO  IOUtils - Extracting file: ./P036_tumor.orientation_priors
20:14:09.760 INFO  IOUtils - Extracting file: ./P020_tumor.orientation_priors
20:14:09.761 INFO  IOUtils - Extracting file: ./P026_tumor.orientation_priors
20:14:09.761 INFO  IOUtils - Extracting file: ./P056_tumor.orientation_priors
20:14:09.761 INFO  IOUtils - Extracting file: ./P064_tumor.orientation_priors
20:14:09.762 INFO  IOUtils - Extracting file: ./P034_tumor.orientation_priors
20:14:09.762 INFO  IOUtils - Extracting file: ./P028_tumor.orientation_priors
20:14:09.763 INFO  IOUtils - Extracting file: ./P017_tumor.orientation_priors
20:14:09.763 INFO  IOUtils - Extracting file: ./P065_tumor.orientation_priors
20:14:09.764 INFO  IOUtils - Extracting file: ./P023_tumor.orientation_priors
20:14:09.794 INFO  IOUtils - Extracting file: ./P037_tumor.orientation_priors
20:14:09.795 INFO  IOUtils - Extracting file: ./P013_tumor.orientation_priors
20:14:09.819 INFO  IOUtils - Extracting file: ./P057_tumor.orientation_priors
20:14:09.820 INFO  IOUtils - Extracting file: ./P019_tumor.orientation_priors
20:14:09.820 INFO  IOUtils - Extracting file: ./P061_tumor.orientation_priors
20:14:09.821 INFO  IOUtils - Extracting file: ./P041_tumor.orientation_priors
20:14:09.822 INFO  IOUtils - Extracting file: ./P035_tumor.orientation_priors
20:14:09.822 INFO  IOUtils - Extracting file: ./P086_tumor.orientation_priors
20:14:09.823 INFO  IOUtils - Extracting file: ./P105_tumor.orientation_priors
20:14:09.823 INFO  IOUtils - Extracting file: ./P027_tumor.orientation_priors
20:14:10.437 INFO  ProgressMeter - Starting traversal
20:14:10.438 INFO  ProgressMeter -        Current Locus  Elapsed Minutes    Variants Processed  Variants/Minute
20:14:10.449 INFO  FilterMutectCalls - Starting pass 0 through the variants
20:14:21.317 INFO  ProgressMeter -       chr1:237834278              0.2                 10000          55355.7
20:14:31.349 INFO  ProgressMeter -        chr8:64268409              0.3                 51000         146334.5
20:14:41.383 INFO  ProgressMeter -        chrX:69268095              0.5                115000         222983.5
20:14:41.769 INFO  FilterMutectCalls - Finished pass 0 through the variants
20:14:57.662 INFO  FilterMutectCalls - Starting pass 1 through the variants
20:14:57.786 INFO  ProgressMeter -        chr1:12565943              0.8                117000         148263.9
20:15:07.874 INFO  ProgressMeter -        chr9:89384278              1.0                174000         181770.7
20:15:17.794 INFO  FilterMutectCalls - Finished pass 1 through the variants
20:15:21.071 INFO  FilterMutectCalls - Starting pass 2 through the variants
20:15:21.167 INFO  ProgressMeter -         chr1:7371381              1.2                233000         197655.8
20:15:31.292 INFO  ProgressMeter -        chr9:49767931              1.3                288000         213718.6
20:15:41.401 INFO  ProgressMeter -        chr22:2442621              1.5                342000         225588.7
20:15:43.009 INFO  FilterMutectCalls - Finished pass 2 through the variants
20:15:43.032 INFO  FilterMutectCalls - Starting pass 3 through the variants
20:15:51.411 INFO  ProgressMeter -        chr5:47275288              1.7                382000         226993.6
20:16:01.494 INFO  ProgressMeter -       chr13:29213320              1.9                426000         230156.2
20:16:10.175 INFO  FilterMutectCalls - Finished pass 3 through the variants
20:16:10.219 INFO  FilterMutectCalls - No variants filtered by: AllowAllVariantsVariantFilter
20:16:10.220 INFO  FilterMutectCalls - 0 read(s) filtered by: AllowAllReadsReadFilter 

20:16:10.220 INFO  ProgressMeter -         chrY:5057500              2.0                465352         233099.5
20:16:10.220 INFO  ProgressMeter - Traversal complete. Processed 465352 total variants in 2.0 minutes.
20:16:10.595 INFO  FilterMutectCalls - Shutting down engine
[July 14, 2024 at 8:16:10 PM CEST] org.broadinstitute.hellbender.tools.walkers.mutect.filtering.FilterMutectCalls done. Elapsed time: 2.05 minutes.
Runtime.totalMemory()=2583691264
