Using GATK jar /lustre1/project/stg_00096/home/rdewin/system/miniconda/envs/WGS/share/gatk4-4.5.0.0-0/gatk-package-4.5.0.0-local.jar
Running:
    java -Dsamjdk.use_async_io_read_samtools=false -Dsamjdk.use_async_io_write_samtools=true -Dsamjdk.use_async_io_write_tribble=false -Dsamjdk.compression_level=2 -jar /lustre1/project/stg_00096/home/rdewin/system/miniconda/envs/WGS/share/gatk4-4.5.0.0-0/gatk-package-4.5.0.0-local.jar CalculateContamination -I results/mutect2/P038/P038_tumor_pileup_summaries.table -matched results/mutect2/P038/P038_normal_pileup_summaries.table -O results/mutect2/P038/P038_contamination.table
16:48:49.765 INFO  NativeLibraryLoader - Loading libgkl_compression.so from jar:file:/lustre1/project/stg_00096/home/rdewin/system/miniconda/envs/WGS/share/gatk4-4.5.0.0-0/gatk-package-4.5.0.0-local.jar!/com/intel/gkl/native/libgkl_compression.so
16:48:50.083 INFO  CalculateContamination - ------------------------------------------------------------
16:48:50.086 INFO  CalculateContamination - The Genome Analysis Toolkit (GATK) v4.5.0.0
16:48:50.086 INFO  CalculateContamination - For support and documentation go to https://software.broadinstitute.org/gatk/
16:48:50.086 INFO  CalculateContamination - Executing as vsc35407@i28l20 on Linux v4.18.0-513.24.1.el8_9.x86_64 amd64
16:48:50.086 INFO  CalculateContamination - Java runtime: OpenJDK 64-Bit Server VM v17.0.10-internal+0-adhoc..src
16:48:50.086 INFO  CalculateContamination - Start Date/Time: July 14, 2024 at 4:48:49 PM CEST
16:48:50.087 INFO  CalculateContamination - ------------------------------------------------------------
16:48:50.087 INFO  CalculateContamination - ------------------------------------------------------------
16:48:50.087 INFO  CalculateContamination - HTSJDK Version: 4.1.0
16:48:50.087 INFO  CalculateContamination - Picard Version: 3.1.1
16:48:50.087 INFO  CalculateContamination - Built for Spark Version: 3.5.0
16:48:50.088 INFO  CalculateContamination - HTSJDK Defaults.COMPRESSION_LEVEL : 2
16:48:50.088 INFO  CalculateContamination - HTSJDK Defaults.USE_ASYNC_IO_READ_FOR_SAMTOOLS : false
16:48:50.088 INFO  CalculateContamination - HTSJDK Defaults.USE_ASYNC_IO_WRITE_FOR_SAMTOOLS : true
16:48:50.088 INFO  CalculateContamination - HTSJDK Defaults.USE_ASYNC_IO_WRITE_FOR_TRIBBLE : false
16:48:50.088 INFO  CalculateContamination - Deflater: IntelDeflater
16:48:50.088 INFO  CalculateContamination - Inflater: IntelInflater
16:48:50.088 INFO  CalculateContamination - GCS max retries/reopens: 20
16:48:50.089 INFO  CalculateContamination - Requester pays: disabled
16:48:50.089 INFO  CalculateContamination - Initializing engine
16:48:50.089 INFO  CalculateContamination - Done initializing engine
16:49:13.045 WARN  KernelSegmenter - Specified dimension of the kernel approximation (100) exceeds the number of data points (4) to segment; using all data points to calculate kernel matrix.
16:49:13.091 WARN  KernelSegmenter - Number of points needed to calculate local changepoint costs (2 * window size = 100) exceeds number of data points (4).  Local changepoint costs will not be calculated for this window size.
16:49:13.091 WARN  KernelSegmenter - No changepoint candidates were found.  The specified window sizes may be inappropriate, or there may be insufficient data points.
16:49:13.098 INFO  KernelSegmenter - Found 0 changepoints after applying the changepoint penalty.
16:49:14.015 INFO  KernelSegmenter - Found 2 changepoints after applying the changepoint penalty.
16:49:15.234 INFO  KernelSegmenter - Found 4 changepoints after applying the changepoint penalty.
16:49:15.652 INFO  KernelSegmenter - Found 1 changepoints after applying the changepoint penalty.
16:49:16.552 INFO  KernelSegmenter - Found 5 changepoints after applying the changepoint penalty.
16:49:17.840 INFO  KernelSegmenter - Found 4 changepoints after applying the changepoint penalty.
16:49:19.168 INFO  KernelSegmenter - Found 8 changepoints after applying the changepoint penalty.
16:49:19.666 INFO  KernelSegmenter - Found 5 changepoints after applying the changepoint penalty.
16:49:20.494 INFO  KernelSegmenter - Found 6 changepoints after applying the changepoint penalty.
16:49:21.706 INFO  KernelSegmenter - Found 4 changepoints after applying the changepoint penalty.
16:49:22.235 INFO  KernelSegmenter - Found 7 changepoints after applying the changepoint penalty.
16:49:23.015 INFO  KernelSegmenter - Found 6 changepoints after applying the changepoint penalty.
16:49:24.131 INFO  KernelSegmenter - Found 4 changepoints after applying the changepoint penalty.
16:49:25.112 INFO  KernelSegmenter - Found 6 changepoints after applying the changepoint penalty.
16:49:26.304 INFO  KernelSegmenter - Found 5 changepoints after applying the changepoint penalty.
16:49:27.202 INFO  KernelSegmenter - Found 6 changepoints after applying the changepoint penalty.
16:49:28.418 INFO  KernelSegmenter - Found 6 changepoints after applying the changepoint penalty.
16:49:29.123 INFO  KernelSegmenter - Found 3 changepoints after applying the changepoint penalty.
16:49:29.603 INFO  KernelSegmenter - Found 2 changepoints after applying the changepoint penalty.
16:49:30.074 INFO  KernelSegmenter - Found 6 changepoints after applying the changepoint penalty.
16:49:30.602 INFO  KernelSegmenter - Found 2 changepoints after applying the changepoint penalty.
16:49:31.343 INFO  KernelSegmenter - Found 10 changepoints after applying the changepoint penalty.
16:49:31.863 INFO  KernelSegmenter - Found 3 changepoints after applying the changepoint penalty.
16:49:32.408 INFO  KernelSegmenter - Found 6 changepoints after applying the changepoint penalty.
16:56:39.520 INFO  CalculateContamination - Shutting down engine
[July 14, 2024 at 4:56:39 PM CEST] org.broadinstitute.hellbender.tools.walkers.contamination.CalculateContamination done. Elapsed time: 7.83 minutes.
Runtime.totalMemory()=9797894144
Tool returned:
SUCCESS
