Using GATK jar /lustre1/project/stg_00096/home/rdewin/system/miniconda/envs/WGS/share/gatk4-4.5.0.0-0/gatk-package-4.5.0.0-local.jar
Running:
    java -Dsamjdk.use_async_io_read_samtools=false -Dsamjdk.use_async_io_write_samtools=true -Dsamjdk.use_async_io_write_tribble=false -Dsamjdk.compression_level=2 -jar /lustre1/project/stg_00096/home/rdewin/system/miniconda/envs/WGS/share/gatk4-4.5.0.0-0/gatk-package-4.5.0.0-local.jar CalculateContamination -I results/mutect2/P056/P056_tumor_pileup_summaries.table -matched results/mutect2/P056/P056_normal_pileup_summaries.table -O results/mutect2/P056/P056_contamination.table
17:00:12.803 INFO  NativeLibraryLoader - Loading libgkl_compression.so from jar:file:/lustre1/project/stg_00096/home/rdewin/system/miniconda/envs/WGS/share/gatk4-4.5.0.0-0/gatk-package-4.5.0.0-local.jar!/com/intel/gkl/native/libgkl_compression.so
17:00:13.015 INFO  CalculateContamination - ------------------------------------------------------------
17:00:13.018 INFO  CalculateContamination - The Genome Analysis Toolkit (GATK) v4.5.0.0
17:00:13.018 INFO  CalculateContamination - For support and documentation go to https://software.broadinstitute.org/gatk/
17:00:13.018 INFO  CalculateContamination - Executing as vsc35407@g28l05 on Linux v4.18.0-513.24.1.el8_9.x86_64 amd64
17:00:13.018 INFO  CalculateContamination - Java runtime: OpenJDK 64-Bit Server VM v17.0.10-internal+0-adhoc..src
17:00:13.019 INFO  CalculateContamination - Start Date/Time: July 14, 2024 at 5:00:12 PM CEST
17:00:13.019 INFO  CalculateContamination - ------------------------------------------------------------
17:00:13.019 INFO  CalculateContamination - ------------------------------------------------------------
17:00:13.019 INFO  CalculateContamination - HTSJDK Version: 4.1.0
17:00:13.020 INFO  CalculateContamination - Picard Version: 3.1.1
17:00:13.020 INFO  CalculateContamination - Built for Spark Version: 3.5.0
17:00:13.020 INFO  CalculateContamination - HTSJDK Defaults.COMPRESSION_LEVEL : 2
17:00:13.020 INFO  CalculateContamination - HTSJDK Defaults.USE_ASYNC_IO_READ_FOR_SAMTOOLS : false
17:00:13.020 INFO  CalculateContamination - HTSJDK Defaults.USE_ASYNC_IO_WRITE_FOR_SAMTOOLS : true
17:00:13.020 INFO  CalculateContamination - HTSJDK Defaults.USE_ASYNC_IO_WRITE_FOR_TRIBBLE : false
17:00:13.021 INFO  CalculateContamination - Deflater: IntelDeflater
17:00:13.021 INFO  CalculateContamination - Inflater: IntelInflater
17:00:13.021 INFO  CalculateContamination - GCS max retries/reopens: 20
17:00:13.021 INFO  CalculateContamination - Requester pays: disabled
17:00:13.021 INFO  CalculateContamination - Initializing engine
17:00:13.021 INFO  CalculateContamination - Done initializing engine
17:00:37.272 WARN  KernelSegmenter - Specified dimension of the kernel approximation (100) exceeds the number of data points (2) to segment; using all data points to calculate kernel matrix.
17:00:37.295 WARN  KernelSegmenter - Number of points needed to calculate local changepoint costs (2 * window size = 100) exceeds number of data points (2).  Local changepoint costs will not be calculated for this window size.
17:00:37.295 WARN  KernelSegmenter - No changepoint candidates were found.  The specified window sizes may be inappropriate, or there may be insufficient data points.
17:00:37.300 INFO  KernelSegmenter - Found 0 changepoints after applying the changepoint penalty.
17:00:38.326 INFO  KernelSegmenter - Found 9 changepoints after applying the changepoint penalty.
17:00:40.225 INFO  KernelSegmenter - Found 6 changepoints after applying the changepoint penalty.
17:00:40.675 INFO  KernelSegmenter - Found 2 changepoints after applying the changepoint penalty.
17:00:41.559 INFO  KernelSegmenter - Found 4 changepoints after applying the changepoint penalty.
17:00:42.759 INFO  KernelSegmenter - Found 3 changepoints after applying the changepoint penalty.
17:00:44.105 INFO  KernelSegmenter - Found 4 changepoints after applying the changepoint penalty.
17:00:44.789 INFO  KernelSegmenter - Found 3 changepoints after applying the changepoint penalty.
17:00:45.645 INFO  KernelSegmenter - Found 6 changepoints after applying the changepoint penalty.
17:00:46.896 INFO  KernelSegmenter - Found 1 changepoints after applying the changepoint penalty.
17:00:47.568 INFO  KernelSegmenter - Found 6 changepoints after applying the changepoint penalty.
17:00:48.229 INFO  KernelSegmenter - Found 5 changepoints after applying the changepoint penalty.
17:00:49.424 INFO  KernelSegmenter - Found 8 changepoints after applying the changepoint penalty.
17:00:50.463 INFO  KernelSegmenter - Found 3 changepoints after applying the changepoint penalty.
17:00:51.768 INFO  KernelSegmenter - Found 2 changepoints after applying the changepoint penalty.
17:00:52.615 INFO  KernelSegmenter - Found 7 changepoints after applying the changepoint penalty.
17:00:53.777 INFO  KernelSegmenter - Found 7 changepoints after applying the changepoint penalty.
17:00:54.502 INFO  KernelSegmenter - Found 3 changepoints after applying the changepoint penalty.
17:00:54.984 INFO  KernelSegmenter - Found 2 changepoints after applying the changepoint penalty.
17:00:55.464 INFO  KernelSegmenter - Found 8 changepoints after applying the changepoint penalty.
17:00:55.983 INFO  KernelSegmenter - Found 8 changepoints after applying the changepoint penalty.
17:00:56.523 INFO  KernelSegmenter - Found 4 changepoints after applying the changepoint penalty.
17:00:57.075 INFO  KernelSegmenter - Found 7 changepoints after applying the changepoint penalty.
17:00:57.591 INFO  KernelSegmenter - Found 7 changepoints after applying the changepoint penalty.
17:09:06.422 INFO  CalculateContamination - Shutting down engine
[July 14, 2024 at 5:09:06 PM CEST] org.broadinstitute.hellbender.tools.walkers.contamination.CalculateContamination done. Elapsed time: 8.89 minutes.
Runtime.totalMemory()=13623099392
Tool returned:
SUCCESS
