Using GATK jar /lustre1/project/stg_00096/home/rdewin/system/miniconda/envs/WGS/share/gatk4-4.5.0.0-0/gatk-package-4.5.0.0-local.jar
Running:
    java -Dsamjdk.use_async_io_read_samtools=false -Dsamjdk.use_async_io_write_samtools=true -Dsamjdk.use_async_io_write_tribble=false -Dsamjdk.compression_level=2 -jar /lustre1/project/stg_00096/home/rdewin/system/miniconda/envs/WGS/share/gatk4-4.5.0.0-0/gatk-package-4.5.0.0-local.jar GetPileupSummaries -I results/recal/P058/P058_dna_normal_recal.bam -L resources/filtered_gnomad_chr.vcf.gz -V resources/filtered_gnomad_chr.vcf.gz -O results/mutect2/P058/P058_normal_pileup_summaries.table
15:55:59.977 INFO  NativeLibraryLoader - Loading libgkl_compression.so from jar:file:/lustre1/project/stg_00096/home/rdewin/system/miniconda/envs/WGS/share/gatk4-4.5.0.0-0/gatk-package-4.5.0.0-local.jar!/com/intel/gkl/native/libgkl_compression.so
15:56:00.736 INFO  GetPileupSummaries - ------------------------------------------------------------
15:56:00.738 INFO  GetPileupSummaries - The Genome Analysis Toolkit (GATK) v4.5.0.0
15:56:00.738 INFO  GetPileupSummaries - For support and documentation go to https://software.broadinstitute.org/gatk/
15:56:00.738 INFO  GetPileupSummaries - Executing as vsc35407@g28l15 on Linux v4.18.0-513.24.1.el8_9.x86_64 amd64
15:56:00.739 INFO  GetPileupSummaries - Java runtime: OpenJDK 64-Bit Server VM v17.0.10-internal+0-adhoc..src
15:56:00.739 INFO  GetPileupSummaries - Start Date/Time: July 14, 2024 at 3:55:59 PM CEST
15:56:00.739 INFO  GetPileupSummaries - ------------------------------------------------------------
15:56:00.739 INFO  GetPileupSummaries - ------------------------------------------------------------
15:56:00.739 INFO  GetPileupSummaries - HTSJDK Version: 4.1.0
15:56:00.740 INFO  GetPileupSummaries - Picard Version: 3.1.1
15:56:00.740 INFO  GetPileupSummaries - Built for Spark Version: 3.5.0
15:56:00.740 INFO  GetPileupSummaries - HTSJDK Defaults.COMPRESSION_LEVEL : 2
15:56:00.740 INFO  GetPileupSummaries - HTSJDK Defaults.USE_ASYNC_IO_READ_FOR_SAMTOOLS : false
15:56:00.740 INFO  GetPileupSummaries - HTSJDK Defaults.USE_ASYNC_IO_WRITE_FOR_SAMTOOLS : true
15:56:00.740 INFO  GetPileupSummaries - HTSJDK Defaults.USE_ASYNC_IO_WRITE_FOR_TRIBBLE : false
15:56:00.740 INFO  GetPileupSummaries - Deflater: IntelDeflater
15:56:00.741 INFO  GetPileupSummaries - Inflater: IntelInflater
15:56:00.741 INFO  GetPileupSummaries - GCS max retries/reopens: 20
15:56:00.741 INFO  GetPileupSummaries - Requester pays: disabled
15:56:00.741 INFO  GetPileupSummaries - Initializing engine
15:56:00.950 INFO  FeatureManager - Using codec VCFCodec to read file file:///lustre1/project/stg_00096/home/rdewin/WGS/resources/filtered_gnomad_chr.vcf.gz
15:56:01.112 INFO  FeatureManager - Using codec VCFCodec to read file file:///lustre1/project/stg_00096/home/rdewin/WGS/resources/filtered_gnomad_chr.vcf.gz
15:57:23.050 INFO  IntervalArgumentCollection - Processing 8916026 bp from intervals
15:57:23.245 INFO  GetPileupSummaries - Done initializing engine
15:57:23.269 INFO  ProgressMeter - Starting traversal
15:57:23.270 INFO  ProgressMeter -        Current Locus  Elapsed Minutes        Loci Processed      Loci/Minute
15:58:04.426 INFO  ProgressMeter -          chr1:250018              0.7                  1000           1457.9
15:58:14.550 INFO  ProgressMeter -         chr1:4562803              0.9                 20000          23400.9
15:58:24.751 INFO  ProgressMeter -         chr1:9216406              1.0                 36000          35132.8
15:58:35.081 INFO  ProgressMeter -        chr1:13639184              1.2                 54000          45119.1
15:58:45.106 INFO  ProgressMeter -        chr1:18469362              1.4                 70000          51322.8
15:58:55.247 INFO  ProgressMeter -        chr1:23309351              1.5                 85000          55448.6
15:59:06.035 INFO  ProgressMeter -        chr1:28924251              1.7                100000          58385.6
15:59:16.606 INFO  ProgressMeter -        chr1:34245482              1.9                115000          60880.9
15:59:26.740 INFO  ProgressMeter -        chr1:39283678              2.1                129000          62687.8
15:59:37.456 INFO  ProgressMeter -        chr1:44359161              2.2                143000          63941.1
15:59:48.030 INFO  ProgressMeter -        chr1:50238145              2.4                156000          64658.7
15:59:58.097 INFO  ProgressMeter -        chr1:54873215              2.6                170000          65880.0
16:00:08.447 INFO  ProgressMeter -        chr1:59385360              2.8                184000          66837.4
16:00:19.123 INFO  ProgressMeter -        chr1:64183657              2.9                198000          67556.8
16:00:29.741 INFO  ProgressMeter -        chr1:68996737              3.1                211000          67892.6
16:00:39.952 INFO  ProgressMeter -        chr1:74096860              3.3                223000          68028.6
16:00:50.438 INFO  ProgressMeter -        chr1:78963617              3.5                236000          68350.3
16:01:01.160 INFO  ProgressMeter -        chr1:83528770              3.6                250000          68842.4
16:01:11.412 INFO  ProgressMeter -        chr1:88250654              3.8                263000          69167.4
16:01:21.934 INFO  ProgressMeter -        chr1:93450325              4.0                276000          69386.3
16:01:32.691 INFO  ProgressMeter -        chr1:98562797              4.2                289000          69521.0
16:01:43.132 INFO  ProgressMeter -       chr1:102881939              4.3                303000          69960.5
16:01:53.694 INFO  ProgressMeter -       chr1:107708638              4.5                317000          70334.0
16:02:03.774 INFO  ProgressMeter -       chr1:112486799              4.7                330000          70587.2
16:02:14.381 INFO  ProgressMeter -       chr1:117384983              4.9                344000          70900.8
16:02:24.518 INFO  ProgressMeter -       chr1:126858653              5.0                359000          71502.8
16:02:34.736 INFO  ProgressMeter -       chr1:147686125              5.2                375000          72239.0
16:02:45.184 INFO  ProgressMeter -       chr1:152579180              5.4                390000          72690.2
16:02:55.533 INFO  ProgressMeter -       chr1:157795694              5.5                404000          72954.5
16:03:05.916 INFO  ProgressMeter -       chr1:162536145              5.7                418000          73195.1
16:03:16.497 INFO  ProgressMeter -       chr1:167182883              5.9                432000          73380.6
16:03:27.097 INFO  ProgressMeter -       chr1:171650070              6.1                446000          73551.4
16:03:37.286 INFO  ProgressMeter -       chr1:176895910              6.2                458000          73473.0
16:03:47.338 INFO  ProgressMeter -       chr1:181553234              6.4                471000          73580.9
16:03:57.694 INFO  ProgressMeter -       chr1:186454904              6.6                484000          73626.4
16:04:08.295 INFO  ProgressMeter -       chr1:191107093              6.8                498000          73773.4
16:04:18.508 INFO  ProgressMeter -       chr1:195735438              6.9                511000          73837.4
16:04:29.028 INFO  ProgressMeter -       chr1:200394386              7.1                524000          73844.8
16:04:39.352 INFO  ProgressMeter -       chr1:205392622              7.3                538000          74022.9
16:04:50.026 INFO  ProgressMeter -       chr1:210223695              7.4                552000          74134.6
16:05:00.412 INFO  ProgressMeter -       chr1:214713014              7.6                566000          74287.8
16:05:10.528 INFO  ProgressMeter -       chr1:219176679              7.8                579000          74348.6
16:05:21.109 INFO  ProgressMeter -       chr1:224141202              8.0                593000          74460.2
16:05:31.547 INFO  ProgressMeter -       chr1:229228174              8.1                607000          74588.8
16:05:41.599 INFO  ProgressMeter -       chr1:233519833              8.3                621000          74770.0
16:05:52.192 INFO  ProgressMeter -       chr1:238076868              8.5                636000          74982.0
16:06:02.254 INFO  ProgressMeter -       chr1:242291775              8.6                650000          75146.8
16:06:12.595 INFO  ProgressMeter -       chr1:246787504              8.8                665000          75379.0
16:06:23.384 INFO  ProgressMeter -         chr2:2465188              9.0                682000          75761.8
16:06:33.563 INFO  ProgressMeter -         chr2:6599712              9.2                698000          76105.0
16:06:44.272 INFO  ProgressMeter -        chr2:11525053              9.4                713000          76256.5
16:06:54.918 INFO  ProgressMeter -        chr2:16111071              9.5                728000          76410.7
16:07:05.043 INFO  ProgressMeter -        chr2:20614949              9.7                742000          76524.7
16:07:15.907 INFO  ProgressMeter -        chr2:25917111              9.9                756000          76539.4
16:07:26.530 INFO  ProgressMeter -        chr2:31024835             10.1                770000          76584.0
16:07:37.220 INFO  ProgressMeter -        chr2:35573796             10.2                785000          76716.3
16:07:47.803 INFO  ProgressMeter -        chr2:39883678             10.4                800000          76857.4
16:07:57.820 INFO  ProgressMeter -        chr2:43932840             10.6                814000          76968.1
16:08:08.605 INFO  ProgressMeter -        chr2:48414994             10.8                829000          77076.2
16:08:19.232 INFO  ProgressMeter -        chr2:52623950             10.9                843000          77108.1
16:08:29.487 INFO  ProgressMeter -        chr2:56769653             11.1                857000          77182.1
16:08:40.286 INFO  ProgressMeter -        chr2:61684644             11.3                871000          77191.8
16:08:50.351 INFO  ProgressMeter -        chr2:66619827             11.5                884000          77196.3
16:09:00.662 INFO  ProgressMeter -        chr2:70984043             11.6                898000          77259.4
16:09:10.758 INFO  ProgressMeter -        chr2:75762271             11.8                911000          77259.4
16:09:20.782 INFO  ProgressMeter -        chr2:79869484             12.0                925000          77350.6
16:09:31.479 INFO  ProgressMeter -        chr2:84229929             12.1                940000          77450.3
16:09:41.623 INFO  ProgressMeter -        chr2:89006621             12.3                955000          77605.2
16:09:52.382 INFO  ProgressMeter -        chr2:99110757             12.5                972000          77852.3
16:10:02.745 INFO  ProgressMeter -       chr2:104079344             12.7                985000          77816.9
16:10:13.171 INFO  ProgressMeter -       chr2:108886748             12.8                999000          77854.2
16:10:23.521 INFO  ProgressMeter -       chr2:114289970             13.0               1013000          77898.1
16:10:33.972 INFO  ProgressMeter -       chr2:118842680             13.2               1027000          77930.8
16:10:44.726 INFO  ProgressMeter -       chr2:123775946             13.4               1042000          78008.1
16:10:54.922 INFO  ProgressMeter -       chr2:128271502             13.5               1056000          78063.0
16:11:05.012 INFO  ProgressMeter -       chr2:132696158             13.7               1072000          78272.8
16:11:15.448 INFO  ProgressMeter -       chr2:137406819             13.9               1086000          78300.6
16:11:25.885 INFO  ProgressMeter -       chr2:141762723             14.0               1100000          78327.6
16:11:35.989 INFO  ProgressMeter -       chr2:146427716             14.2               1112000          78243.8
16:11:46.151 INFO  ProgressMeter -       chr2:151529193             14.4               1124000          78156.8
16:11:56.353 INFO  ProgressMeter -       chr2:156518041             14.6               1136000          78068.3
16:12:06.879 INFO  ProgressMeter -       chr2:161408219             14.7               1149000          78020.9
16:12:17.140 INFO  ProgressMeter -       chr2:166353933             14.9               1161000          77930.9
16:12:27.699 INFO  ProgressMeter -       chr2:170747489             15.1               1175000          77949.7
16:12:37.835 INFO  ProgressMeter -       chr2:175441714             15.2               1188000          77938.7
16:12:48.183 INFO  ProgressMeter -       chr2:180142924             15.4               1201000          77910.0
16:12:58.591 INFO  ProgressMeter -       chr2:184696525             15.6               1214000          77877.1
16:13:09.273 INFO  ProgressMeter -       chr2:189640291             15.8               1227000          77822.2
16:13:19.858 INFO  ProgressMeter -       chr2:195125791             15.9               1239000          77713.8
16:13:30.577 INFO  ProgressMeter -       chr2:200321785             16.1               1252000          77659.0
16:13:41.160 INFO  ProgressMeter -       chr2:205891502             16.3               1264000          77554.7
16:13:51.253 INFO  ProgressMeter -       chr2:210580347             16.5               1277000          77551.9
16:14:01.527 INFO  ProgressMeter -       chr2:214906277             16.6               1290000          77535.1
16:14:11.733 INFO  ProgressMeter -       chr2:219508809             16.8               1304000          77583.5
16:14:22.163 INFO  ProgressMeter -       chr2:224407439             17.0               1318000          77613.7
16:14:32.691 INFO  ProgressMeter -       chr2:229149033             17.2               1332000          77635.9
16:14:43.290 INFO  ProgressMeter -       chr2:233727681             17.3               1347000          77710.0
16:14:53.835 INFO  ProgressMeter -       chr2:238065955             17.5               1363000          77843.9
16:15:03.997 INFO  ProgressMeter -       chr2:242285456             17.7               1379000          78003.2
16:15:14.103 INFO  ProgressMeter -         chr3:3170346             17.8               1395000          78163.5
16:15:24.820 INFO  ProgressMeter -         chr3:7131491             18.0               1411000          78276.6
16:15:34.836 INFO  ProgressMeter -        chr3:11461616             18.2               1425000          78327.9
16:15:44.911 INFO  ProgressMeter -        chr3:15780964             18.4               1439000          78374.0
16:15:55.152 INFO  ProgressMeter -        chr3:20182733             18.5               1452000          78353.6
16:16:05.980 INFO  ProgressMeter -        chr3:24403288             18.7               1467000          78399.7
16:16:16.241 INFO  ProgressMeter -        chr3:28732322             18.9               1481000          78431.0
16:16:26.357 INFO  ProgressMeter -        chr3:32596213             19.1               1495000          78471.8
16:16:36.512 INFO  ProgressMeter -        chr3:37295167             19.2               1508000          78457.1
16:16:46.549 INFO  ProgressMeter -        chr3:41858438             19.4               1521000          78450.7
16:16:57.193 INFO  ProgressMeter -        chr3:46848229             19.6               1535000          78454.9
16:17:07.745 INFO  ProgressMeter -        chr3:53695379             19.7               1547000          78363.8
16:17:18.381 INFO  ProgressMeter -        chr3:58421938             19.9               1561000          78369.3
16:17:28.580 INFO  ProgressMeter -        chr3:62675731             20.1               1575000          78403.1
16:17:39.124 INFO  ProgressMeter -        chr3:66884067             20.3               1590000          78463.4
16:17:49.196 INFO  ProgressMeter -        chr3:71326473             20.4               1603000          78455.0
16:17:59.386 INFO  ProgressMeter -        chr3:75778103             20.6               1618000          78536.4
16:18:10.151 INFO  ProgressMeter -        chr3:80781000             20.8               1632000          78532.0
16:18:20.930 INFO  ProgressMeter -        chr3:85973032             21.0               1645000          78479.1
16:18:31.262 INFO  ProgressMeter -        chr3:90637967             21.1               1659000          78502.1
16:18:41.996 INFO  ProgressMeter -       chr3:100855836             21.3               1675000          78593.9
16:18:52.169 INFO  ProgressMeter -       chr3:105460710             21.5               1688000          78578.7
16:19:02.498 INFO  ProgressMeter -       chr3:109790175             21.7               1702000          78600.5
16:19:12.971 INFO  ProgressMeter -       chr3:114635797             21.8               1715000          78567.6
16:19:23.516 INFO  ProgressMeter -       chr3:119479921             22.0               1728000          78530.9
16:19:33.576 INFO  ProgressMeter -       chr3:123829937             22.2               1741000          78523.3
16:19:43.648 INFO  ProgressMeter -       chr3:128457964             22.3               1754000          78515.2
16:19:54.282 INFO  ProgressMeter -       chr3:133196981             22.5               1770000          78607.8
16:20:04.961 INFO  ProgressMeter -       chr3:137766077             22.7               1784000          78608.1
16:20:15.648 INFO  ProgressMeter -       chr3:143366190             22.9               1797000          78564.4
16:20:26.286 INFO  ProgressMeter -       chr3:147917006             23.1               1811000          78567.4
16:20:36.809 INFO  ProgressMeter -       chr3:152427525             23.2               1825000          78577.0
16:20:47.059 INFO  ProgressMeter -       chr3:157022885             23.4               1838000          78558.9
16:20:57.277 INFO  ProgressMeter -       chr3:161304432             23.6               1851000          78542.8
16:21:07.890 INFO  ProgressMeter -       chr3:165971394             23.7               1865000          78547.3
16:21:17.952 INFO  ProgressMeter -       chr3:170422891             23.9               1878000          78540.1
16:21:28.687 INFO  ProgressMeter -       chr3:174988645             24.1               1892000          78537.9
16:21:39.237 INFO  ProgressMeter -       chr3:179360340             24.3               1906000          78545.7
16:21:49.576 INFO  ProgressMeter -       chr3:184102777             24.4               1919000          78523.9
16:22:00.028 INFO  ProgressMeter -       chr3:189152896             24.6               1933000          78536.9
16:22:10.267 INFO  ProgressMeter -       chr3:193414479             24.8               1947000          78561.0
16:22:20.601 INFO  ProgressMeter -       chr3:197547756             25.0               1962000          78619.9
16:22:31.228 INFO  ProgressMeter -          chr4:530466             25.1               1980000          78782.1
16:22:41.473 INFO  ProgressMeter -         chr4:4818677             25.3               1997000          78922.3
16:22:51.689 INFO  ProgressMeter -         chr4:8616613             25.5               2014000          79062.1
16:23:01.729 INFO  ProgressMeter -        chr4:12634439             25.6               2031000          79209.1
16:23:11.869 INFO  ProgressMeter -        chr4:16901142             25.8               2045000          79232.9
16:23:22.242 INFO  ProgressMeter -        chr4:21396968             26.0               2059000          79244.5
16:23:32.320 INFO  ProgressMeter -        chr4:25751683             26.2               2073000          79270.9
16:23:42.851 INFO  ProgressMeter -        chr4:30250600             26.3               2087000          79274.2
16:23:52.870 INFO  ProgressMeter -        chr4:34303271             26.5               2101000          79303.0
16:24:02.894 INFO  ProgressMeter -        chr4:38189349             26.7               2115000          79331.1
16:24:13.219 INFO  ProgressMeter -        chr4:42659689             26.8               2129000          79344.1
16:24:23.568 INFO  ProgressMeter -        chr4:47418863             27.0               2142000          79318.7
16:24:33.949 INFO  ProgressMeter -        chr4:58282363             27.2               2160000          79476.1
16:24:44.343 INFO  ProgressMeter -        chr4:62497435             27.4               2175000          79521.2
16:24:54.516 INFO  ProgressMeter -        chr4:66650913             27.5               2189000          79539.9
16:25:04.747 INFO  ProgressMeter -        chr4:71243615             27.7               2202000          79519.6
16:25:15.112 INFO  ProgressMeter -        chr4:75409639             27.9               2216000          79529.1
16:25:25.876 INFO  ProgressMeter -        chr4:80251693             28.0               2230000          79519.6
16:25:36.378 INFO  ProgressMeter -        chr4:84852192             28.2               2243000          79487.0
16:25:46.813 INFO  ProgressMeter -        chr4:89465143             28.4               2256000          79458.0
16:25:57.451 INFO  ProgressMeter -        chr4:93646650             28.6               2268000          79384.8
16:26:07.582 INFO  ProgressMeter -        chr4:97991563             28.7               2281000          79370.8
16:26:17.804 INFO  ProgressMeter -       chr4:102365415             28.9               2294000          79352.7
16:26:28.144 INFO  ProgressMeter -       chr4:106869444             29.1               2307000          79329.5
16:26:38.914 INFO  ProgressMeter -       chr4:111768701             29.3               2320000          79287.2
16:26:49.692 INFO  ProgressMeter -       chr4:116499030             29.4               2333000          79244.9
16:27:00.185 INFO  ProgressMeter -       chr4:120794365             29.6               2346000          79215.9
16:27:10.219 INFO  ProgressMeter -       chr4:125189722             29.8               2359000          79207.7
16:27:20.732 INFO  ProgressMeter -       chr4:129566287             30.0               2373000          79211.7
16:27:31.424 INFO  ProgressMeter -       chr4:134200324             30.1               2387000          79207.9
16:27:41.605 INFO  ProgressMeter -       chr4:138970163             30.3               2400000          79193.4
16:27:52.051 INFO  ProgressMeter -       chr4:143782796             30.5               2413000          79167.5
16:28:02.536 INFO  ProgressMeter -       chr4:148733809             30.7               2426000          79140.3
16:28:12.828 INFO  ProgressMeter -       chr4:153556123             30.8               2439000          79121.6
16:28:22.867 INFO  ProgressMeter -       chr4:158306737             31.0               2451000          79081.7
16:28:33.142 INFO  ProgressMeter -       chr4:162886341             31.2               2464000          79064.2
16:28:43.182 INFO  ProgressMeter -       chr4:166962216             31.3               2478000          79088.9
16:28:53.782 INFO  ProgressMeter -       chr4:170890091             31.5               2493000          79121.4
16:29:04.061 INFO  ProgressMeter -       chr4:175100120             31.7               2507000          79135.5
16:29:14.392 INFO  ProgressMeter -       chr4:179699570             31.9               2520000          79115.8
16:29:24.496 INFO  ProgressMeter -       chr4:183781664             32.0               2534000          79137.0
16:29:34.566 INFO  ProgressMeter -       chr4:188001673             32.2               2549000          79190.4
16:29:44.858 INFO  ProgressMeter -       chr4:192173623             32.4               2565000          79265.0
16:29:55.505 INFO  ProgressMeter -         chr5:2946281             32.5               2584000          79416.7
16:30:05.900 INFO  ProgressMeter -         chr5:7426953             32.7               2600000          79485.2
16:30:16.003 INFO  ProgressMeter -        chr5:11646503             32.9               2614000          79503.9
16:30:26.261 INFO  ProgressMeter -        chr5:16288032             33.0               2627000          79486.0
16:30:36.395 INFO  ProgressMeter -        chr5:20680492             33.2               2641000          79503.3
16:30:46.956 INFO  ProgressMeter -        chr5:25371250             33.4               2655000          79503.5
16:30:57.076 INFO  ProgressMeter -        chr5:29467794             33.6               2669000          79521.1
16:31:07.656 INFO  ProgressMeter -        chr5:33891728             33.7               2684000          79550.0
16:31:18.303 INFO  ProgressMeter -        chr5:38583368             33.9               2698000          79546.6
16:31:29.046 INFO  ProgressMeter -        chr5:43199755             34.1               2712000          79539.5
16:31:39.806 INFO  ProgressMeter -        chr5:52163699             34.3               2726000          79531.8
16:31:50.279 INFO  ProgressMeter -        chr5:56956926             34.5               2739000          79506.2
16:32:01.114 INFO  ProgressMeter -        chr5:61601961             34.6               2753000          79495.9
16:32:11.115 INFO  ProgressMeter -        chr5:66596963             34.8               2765000          79459.9
16:32:21.587 INFO  ProgressMeter -        chr5:72195753             35.0               2778000          79435.1
16:32:32.069 INFO  ProgressMeter -        chr5:76876180             35.1               2792000          79438.6
16:32:42.759 INFO  ProgressMeter -        chr5:81810728             35.3               2806000          79434.2
16:32:53.008 INFO  ProgressMeter -        chr5:86468002             35.5               2819000          79418.2
16:33:03.253 INFO  ProgressMeter -        chr5:91492591             35.7               2831000          79374.5
16:33:13.833 INFO  ProgressMeter -        chr5:96783163             35.8               2843000          79318.8
16:33:23.841 INFO  ProgressMeter -       chr5:100770040             36.0               2857000          79340.2
16:33:34.070 INFO  ProgressMeter -       chr5:105229177             36.2               2870000          79325.6
16:33:44.690 INFO  ProgressMeter -       chr5:109725044             36.4               2884000          79324.5
16:33:54.690 INFO  ProgressMeter -       chr5:113575467             36.5               2898000          79345.8
16:34:05.328 INFO  ProgressMeter -       chr5:117682182             36.7               2913000          79371.2
16:34:15.918 INFO  ProgressMeter -       chr5:121559581             36.9               2928000          79398.1
16:34:26.291 INFO  ProgressMeter -       chr5:125893032             37.1               2942000          79405.5
16:34:36.678 INFO  ProgressMeter -       chr5:130304929             37.2               2956000          79412.3
16:34:47.222 INFO  ProgressMeter -       chr5:135518076             37.4               2969000          79386.8
16:34:58.003 INFO  ProgressMeter -       chr5:141450645             37.6               2982000          79353.1
16:35:08.186 INFO  ProgressMeter -       chr5:146118533             37.7               2995000          79340.7
16:35:18.800 INFO  ProgressMeter -       chr5:150748145             37.9               3009000          79339.8
16:35:28.941 INFO  ProgressMeter -       chr5:155145119             38.1               3023000          79355.3
16:35:39.337 INFO  ProgressMeter -       chr5:159781847             38.3               3037000          79361.8
16:35:50.076 INFO  ProgressMeter -       chr5:164537590             38.4               3051000          79356.5
16:36:00.574 INFO  ProgressMeter -       chr5:169371199             38.6               3065000          79359.5
16:36:10.586 INFO  ProgressMeter -       chr5:173760877             38.8               3079000          79379.0
16:36:20.772 INFO  ProgressMeter -       chr5:178338193             39.0               3094000          79418.1
16:36:31.255 INFO  ProgressMeter -          chr6:733477             39.1               3111000          79498.0
16:36:41.286 INFO  ProgressMeter -         chr6:4831605             39.3               3126000          79541.5
16:36:51.871 INFO  ProgressMeter -         chr6:9278687             39.5               3141000          79566.0
16:37:02.030 INFO  ProgressMeter -        chr6:13426812             39.6               3155000          79579.3
16:37:12.286 INFO  ProgressMeter -        chr6:18130079             39.8               3169000          79589.3
16:37:22.923 INFO  ProgressMeter -        chr6:22729841             40.0               3184000          79611.5
16:37:32.995 INFO  ProgressMeter -        chr6:26999063             40.2               3198000          79627.4
16:37:43.370 INFO  ProgressMeter -        chr6:30895930             40.3               3218000          79781.8
16:37:53.821 INFO  ProgressMeter -        chr6:34359410             40.5               3243000          80056.0
16:38:04.061 INFO  ProgressMeter -        chr6:39137229             40.7               3257000          80064.2
16:38:14.100 INFO  ProgressMeter -        chr6:43779297             40.8               3271000          80079.0
16:38:24.260 INFO  ProgressMeter -        chr6:48566836             41.0               3284000          80065.3
16:38:34.292 INFO  ProgressMeter -        chr6:53004853             41.2               3297000          80056.0
16:38:44.924 INFO  ProgressMeter -        chr6:57395858             41.4               3311000          80051.4
16:38:55.358 INFO  ProgressMeter -        chr6:65267194             41.5               3325000          80053.4
16:39:05.529 INFO  ProgressMeter -        chr6:69302034             41.7               3339000          80063.7
16:39:15.876 INFO  ProgressMeter -        chr6:73677154             41.9               3352000          80044.4
16:39:26.484 INFO  ProgressMeter -        chr6:78330608             42.1               3366000          80040.8
16:39:37.035 INFO  ProgressMeter -        chr6:82616386             42.2               3381000          80062.7
16:39:47.693 INFO  ProgressMeter -        chr6:87520673             42.4               3394000          80033.9
16:39:57.707 INFO  ProgressMeter -        chr6:92103244             42.6               3407000          80025.5
16:40:08.238 INFO  ProgressMeter -        chr6:96583757             42.7               3421000          80024.4
16:40:18.249 INFO  ProgressMeter -       chr6:101559949             42.9               3433000          79992.9
16:40:28.791 INFO  ProgressMeter -       chr6:105729942             43.1               3447000          79991.6
16:40:39.406 INFO  ProgressMeter -       chr6:110731838             43.3               3461000          79988.1
16:40:49.783 INFO  ProgressMeter -       chr6:115480835             43.4               3474000          79968.9
16:41:00.315 INFO  ProgressMeter -       chr6:120297182             43.6               3487000          79945.1
16:41:10.652 INFO  ProgressMeter -       chr6:124946372             43.8               3500000          79927.5
16:41:20.895 INFO  ProgressMeter -       chr6:129634831             44.0               3512000          79890.1
16:41:31.261 INFO  ProgressMeter -       chr6:133819858             44.1               3526000          79894.5
16:41:41.541 INFO  ProgressMeter -       chr6:138146236             44.3               3539000          79879.0
16:41:51.680 INFO  ProgressMeter -       chr6:142860110             44.5               3552000          79867.8
16:42:02.228 INFO  ProgressMeter -       chr6:147497254             44.6               3565000          79844.5
16:42:12.290 INFO  ProgressMeter -       chr6:151843574             44.8               3579000          79858.1
16:42:22.341 INFO  ProgressMeter -       chr6:155972385             45.0               3593000          79872.0
16:42:32.344 INFO  ProgressMeter -       chr6:160353092             45.2               3607000          79887.1
16:42:42.762 INFO  ProgressMeter -       chr6:164664596             45.3               3621000          79889.9
16:42:53.148 INFO  ProgressMeter -       chr6:168777641             45.5               3636000          79915.7
16:43:03.292 INFO  ProgressMeter -          chr7:822673             45.7               3654000          80014.0
16:43:13.684 INFO  ProgressMeter -         chr7:4886629             45.8               3672000          80104.3
16:43:23.711 INFO  ProgressMeter -         chr7:8456041             46.0               3689000          80182.8
16:43:33.928 INFO  ProgressMeter -        chr7:12131326             46.2               3704000          80212.0
16:43:44.048 INFO  ProgressMeter -        chr7:15741632             46.3               3719000          80243.7
16:43:54.334 INFO  ProgressMeter -        chr7:19821663             46.5               3733000          80249.0
16:44:04.561 INFO  ProgressMeter -        chr7:24119666             46.7               3747000          80255.9
16:44:15.151 INFO  ProgressMeter -        chr7:28708430             46.9               3761000          80252.3
16:44:25.413 INFO  ProgressMeter -        chr7:33028636             47.0               3775000          80258.2
16:44:35.556 INFO  ProgressMeter -        chr7:37263679             47.2               3788000          80246.1
16:44:45.834 INFO  ProgressMeter -        chr7:41867565             47.4               3801000          80230.4
16:44:56.126 INFO  ProgressMeter -        chr7:46576626             47.5               3815000          80235.4
16:45:06.648 INFO  ProgressMeter -        chr7:51013466             47.7               3829000          80233.9
16:45:16.808 INFO  ProgressMeter -        chr7:54950189             47.9               3844000          80263.5
16:45:27.187 INFO  ProgressMeter -        chr7:63616353             48.1               3863000          80369.9
16:45:37.591 INFO  ProgressMeter -        chr7:68379830             48.2               3879000          80412.6
16:45:47.653 INFO  ProgressMeter -        chr7:73142972             48.4               3894000          80443.9
16:45:57.899 INFO  ProgressMeter -        chr7:78550662             48.6               3909000          80470.0
16:46:08.145 INFO  ProgressMeter -        chr7:82663162             48.7               3922000          80454.7
16:46:20.906 INFO  ProgressMeter -        chr7:86807761             49.0               3935000          80370.7
16:46:31.271 INFO  ProgressMeter -        chr7:91317385             49.1               3948000          80352.8
16:46:41.522 INFO  ProgressMeter -        chr7:96260497             49.3               3960000          80317.7
16:46:52.026 INFO  ProgressMeter -       chr7:101106999             49.5               3974000          80316.5
16:47:02.368 INFO  ProgressMeter -       chr7:105744691             49.7               3989000          80339.8
16:47:12.574 INFO  ProgressMeter -       chr7:110298704             49.8               4002000          80326.4
16:47:22.865 INFO  ProgressMeter -       chr7:114965268             50.0               4015000          80310.8
16:47:33.618 INFO  ProgressMeter -       chr7:120366913             50.2               4027000          80263.2
16:47:44.345 INFO  ProgressMeter -       chr7:125572038             50.4               4040000          80236.3
16:47:54.608 INFO  ProgressMeter -       chr7:130219171             50.5               4053000          80222.0
16:48:04.722 INFO  ProgressMeter -       chr7:135422543             50.7               4066000          80211.7
16:48:15.226 INFO  ProgressMeter -       chr7:140102775             50.9               4080000          80210.9
16:48:25.416 INFO  ProgressMeter -       chr7:144622099             51.0               4095000          80237.8
16:48:35.981 INFO  ProgressMeter -       chr7:148974811             51.2               4109000          80235.3
16:48:46.566 INFO  ProgressMeter -       chr7:153269611             51.4               4125000          80271.2
16:48:56.909 INFO  ProgressMeter -       chr7:157354716             51.6               4142000          80332.6
16:49:06.955 INFO  ProgressMeter -          chr8:792294             51.7               4159000          80401.2
16:49:17.317 INFO  ProgressMeter -         chr8:3790729             51.9               4179000          80519.0
16:49:27.377 INFO  ProgressMeter -         chr8:6642289             52.1               4197000          80605.4
16:49:37.448 INFO  ProgressMeter -        chr8:10703391             52.2               4214000          80671.9
16:49:47.961 INFO  ProgressMeter -        chr8:15081959             52.4               4234000          80783.8
16:49:58.512 INFO  ProgressMeter -        chr8:18471235             52.6               4251000          80836.9
16:50:09.020 INFO  ProgressMeter -        chr8:22337848             52.8               4267000          80871.8
16:50:19.510 INFO  ProgressMeter -        chr8:26881216             52.9               4282000          80888.1
16:50:29.623 INFO  ProgressMeter -        chr8:31368016             53.1               4296000          80895.0
16:50:39.767 INFO  ProgressMeter -        chr8:35927625             53.3               4309000          80882.3
16:50:49.888 INFO  ProgressMeter -        chr8:41051801             53.4               4322000          80870.3
16:51:00.569 INFO  ProgressMeter -        chr8:47878738             53.6               4337000          80881.5
16:51:11.069 INFO  ProgressMeter -        chr8:52659487             53.8               4350000          80860.1
16:51:21.588 INFO  ProgressMeter -        chr8:57441165             54.0               4364000          80856.8
16:51:31.994 INFO  ProgressMeter -        chr8:61904036             54.1               4378000          80856.4
16:51:42.236 INFO  ProgressMeter -        chr8:66431849             54.3               4391000          80841.6
16:51:52.379 INFO  ProgressMeter -        chr8:70904064             54.5               4404000          80829.4
16:52:02.536 INFO  ProgressMeter -        chr8:75420060             54.7               4417000          80816.9
16:52:12.623 INFO  ProgressMeter -        chr8:79927275             54.8               4430000          80806.2
16:52:22.857 INFO  ProgressMeter -        chr8:84128916             55.0               4444000          80810.1
16:52:33.065 INFO  ProgressMeter -        chr8:89489819             55.2               4457000          80796.5
16:52:43.447 INFO  ProgressMeter -        chr8:94180518             55.3               4470000          80778.8
16:52:54.142 INFO  ProgressMeter -        chr8:99131961             55.5               4484000          80771.6
16:53:04.505 INFO  ProgressMeter -       chr8:104035103             55.7               4497000          80754.6
16:53:14.904 INFO  ProgressMeter -       chr8:108686618             55.9               4510000          80736.7
16:53:25.506 INFO  ProgressMeter -       chr8:113392759             56.0               4523000          80714.1
16:53:35.823 INFO  ProgressMeter -       chr8:118022697             56.2               4536000          80698.5
16:53:46.204 INFO  ProgressMeter -       chr8:122430507             56.4               4550000          80699.2
16:53:56.345 INFO  ProgressMeter -       chr8:126943788             56.6               4564000          80705.6
16:54:07.059 INFO  ProgressMeter -       chr8:131496896             56.7               4579000          80715.9
16:54:17.109 INFO  ProgressMeter -       chr8:135576847             56.9               4593000          80724.4
16:54:27.608 INFO  ProgressMeter -       chr8:140144674             57.1               4608000          80739.7
16:54:37.704 INFO  ProgressMeter -       chr8:144717776             57.2               4624000          80781.9
16:54:47.982 INFO  ProgressMeter -         chr9:2233846             57.4               4641000          80836.9
16:54:58.040 INFO  ProgressMeter -         chr9:6145255             57.6               4655000          80844.7
16:55:08.254 INFO  ProgressMeter -         chr9:9946079             57.7               4670000          80866.2
16:55:18.448 INFO  ProgressMeter -        chr9:13730285             57.9               4685000          80887.9
16:55:28.679 INFO  ProgressMeter -        chr9:17582706             58.1               4700000          80908.7
16:55:38.703 INFO  ProgressMeter -        chr9:21664860             58.3               4714000          80917.0
16:55:49.352 INFO  ProgressMeter -        chr9:26023816             58.4               4729000          80927.9
16:55:59.371 INFO  ProgressMeter -        chr9:30013717             58.6               4743000          80936.2
16:56:10.152 INFO  ProgressMeter -        chr9:34432413             58.8               4758000          80944.0
16:56:20.608 INFO  ProgressMeter -        chr9:39157964             59.0               4773000          80959.2
16:56:30.643 INFO  ProgressMeter -        chr9:47978246             59.1               4793000          81068.4
16:56:41.073 INFO  ProgressMeter -        chr9:82451190             59.3               4809000          81100.6
16:56:51.180 INFO  ProgressMeter -        chr9:87330082             59.5               4821000          81072.7
16:57:01.911 INFO  ProgressMeter -        chr9:91654472             59.6               4836000          81081.1
16:57:12.409 INFO  ProgressMeter -        chr9:96518459             59.8               4850000          81077.9
16:57:22.720 INFO  ProgressMeter -       chr9:100890457             60.0               4865000          81095.7
16:57:32.788 INFO  ProgressMeter -       chr9:105138633             60.2               4879000          81102.3
16:57:42.805 INFO  ProgressMeter -       chr9:109671605             60.3               4893000          81109.9
16:57:53.462 INFO  ProgressMeter -       chr9:114778303             60.5               4907000          81103.1
16:58:04.007 INFO  ProgressMeter -       chr9:118975271             60.7               4922000          81115.4
16:58:14.683 INFO  ProgressMeter -       chr9:123471341             60.9               4937000          81125.5
16:58:25.040 INFO  ProgressMeter -       chr9:128206264             61.0               4951000          81124.7
16:58:35.212 INFO  ProgressMeter -       chr9:133197489             61.2               4964000          81112.4
16:58:45.822 INFO  ProgressMeter -       chr9:138179502             61.4               4978000          81106.8
16:58:55.855 INFO  ProgressMeter -       chr9:143092044             61.5               4993000          81130.2
16:59:06.111 INFO  ProgressMeter -       chr9:147683828             61.7               5010000          81180.9
16:59:16.381 INFO  ProgressMeter -        chr10:1860911             61.9               5027000          81231.1
16:59:26.831 INFO  ProgressMeter -        chr10:5962505             62.1               5043000          81260.9
16:59:37.107 INFO  ProgressMeter -       chr10:10290610             62.2               5058000          81278.3
16:59:47.487 INFO  ProgressMeter -       chr10:14635521             62.4               5073000          81293.4
16:59:57.537 INFO  ProgressMeter -       chr10:18429588             62.6               5088000          81315.5
17:00:07.723 INFO  ProgressMeter -       chr10:22657302             62.7               5102000          81318.6
17:00:18.222 INFO  ProgressMeter -       chr10:26967048             62.9               5117000          81330.8
17:00:28.710 INFO  ProgressMeter -       chr10:31074413             63.1               5132000          81343.3
17:00:39.223 INFO  ProgressMeter -       chr10:35519118             63.3               5146000          81339.3
17:00:49.470 INFO  ProgressMeter -       chr10:39577232             63.4               5163000          81388.3
17:01:00.117 INFO  ProgressMeter -       chr10:46379983             63.6               5184000          81491.3
17:01:10.123 INFO  ProgressMeter -       chr10:50948388             63.8               5199000          81513.5
17:01:20.888 INFO  ProgressMeter -       chr10:55241110             64.0               5213000          81503.7
17:01:31.562 INFO  ProgressMeter -       chr10:59698569             64.1               5227000          81495.9
17:01:41.764 INFO  ProgressMeter -       chr10:64438543             64.3               5240000          81482.6
17:01:51.853 INFO  ProgressMeter -       chr10:68506949             64.5               5253000          81471.7
17:02:02.057 INFO  ProgressMeter -       chr10:72610142             64.6               5268000          81489.4
17:02:12.627 INFO  ProgressMeter -       chr10:77720225             64.8               5281000          81468.5
17:02:23.210 INFO  ProgressMeter -       chr10:81767862             65.0               5295000          81462.8
17:02:33.564 INFO  ProgressMeter -       chr10:86030795             65.2               5309000          81461.9
17:02:44.038 INFO  ProgressMeter -       chr10:90724141             65.3               5323000          81458.5
17:02:54.125 INFO  ProgressMeter -       chr10:95458329             65.5               5336000          81447.9
17:03:04.306 INFO  ProgressMeter -      chr10:100206375             65.7               5349000          81435.4
17:03:14.874 INFO  ProgressMeter -      chr10:105996219             65.9               5362000          81415.0
17:03:24.898 INFO  ProgressMeter -      chr10:110184731             66.0               5376000          81421.1
17:03:35.512 INFO  ProgressMeter -      chr10:114970746             66.2               5390000          81415.0
17:03:45.687 INFO  ProgressMeter -      chr10:119621891             66.4               5403000          81402.8
17:03:55.712 INFO  ProgressMeter -      chr10:124060199             66.5               5417000          81408.8
17:04:05.719 INFO  ProgressMeter -      chr10:128416963             66.7               5432000          81430.1
17:04:16.263 INFO  ProgressMeter -      chr10:132780938             66.9               5449000          81470.4
17:04:26.965 INFO  ProgressMeter -        chr11:2975657             67.1               5468000          81537.0
17:04:36.977 INFO  ProgressMeter -        chr11:6743991             67.2               5484000          81572.6
17:04:47.465 INFO  ProgressMeter -       chr11:11199719             67.4               5498000          81568.8
17:04:57.519 INFO  ProgressMeter -       chr11:15937953             67.6               5511000          81558.9
17:05:07.845 INFO  ProgressMeter -       chr11:20734842             67.7               5524000          81543.6
17:05:18.208 INFO  ProgressMeter -       chr11:24660089             67.9               5539000          81557.1
17:05:28.859 INFO  ProgressMeter -       chr11:29670333             68.1               5553000          81550.1
17:05:39.185 INFO  ProgressMeter -       chr11:34732622             68.3               5566000          81534.9
17:05:49.874 INFO  ProgressMeter -       chr11:39026168             68.4               5580000          81527.2
17:05:59.885 INFO  ProgressMeter -       chr11:43126611             68.6               5594000          81533.0
17:06:10.075 INFO  ProgressMeter -       chr11:48360996             68.8               5607000          81520.7
17:06:20.203 INFO  ProgressMeter -       chr11:55510518             68.9               5623000          81553.2
17:06:31.048 INFO  ProgressMeter -       chr11:60296269             69.1               5638000          81556.9
17:06:41.317 INFO  ProgressMeter -       chr11:65461624             69.3               5652000          81557.5
17:06:51.412 INFO  ProgressMeter -       chr11:70473492             69.5               5667000          81575.9
17:07:02.089 INFO  ProgressMeter -       chr11:75157335             69.6               5682000          81582.9
17:07:12.657 INFO  ProgressMeter -       chr11:79975263             69.8               5696000          81577.6
17:07:23.064 INFO  ProgressMeter -       chr11:84093126             70.0               5710000          81575.4
17:07:33.121 INFO  ProgressMeter -       chr11:88230290             70.2               5723000          81565.8
17:07:43.744 INFO  ProgressMeter -       chr11:92733747             70.3               5737000          81559.6
17:07:53.831 INFO  ProgressMeter -       chr11:97325369             70.5               5750000          81549.5
17:08:04.155 INFO  ProgressMeter -      chr11:101371852             70.7               5764000          81549.0
17:08:14.511 INFO  ProgressMeter -      chr11:105974443             70.9               5777000          81533.8
17:08:24.626 INFO  ProgressMeter -      chr11:110711948             71.0               5790000          81523.3
17:08:35.028 INFO  ProgressMeter -      chr11:115898151             71.2               5803000          81507.4
17:08:45.474 INFO  ProgressMeter -      chr11:120753234             71.4               5818000          81518.8
17:08:55.852 INFO  ProgressMeter -      chr11:125389048             71.5               5832000          81517.4
17:09:06.484 INFO  ProgressMeter -      chr11:130146969             71.7               5846000          81511.2
17:09:17.041 INFO  ProgressMeter -      chr11:134479465             71.9               5861000          81520.3
17:09:27.111 INFO  ProgressMeter -        chr12:3058268             72.1               5875000          81524.7
17:09:37.249 INFO  ProgressMeter -        chr12:7604012             72.2               5889000          81527.9
17:09:47.846 INFO  ProgressMeter -       chr12:11900381             72.4               5905000          81550.0
17:09:58.042 INFO  ProgressMeter -       chr12:16380543             72.6               5918000          81538.2
17:10:08.105 INFO  ProgressMeter -       chr12:20890241             72.7               5931000          81528.9
17:10:18.267 INFO  ProgressMeter -       chr12:25210960             72.9               5944000          81517.8
17:10:28.303 INFO  ProgressMeter -       chr12:29451248             73.1               5957000          81509.1
17:10:38.567 INFO  ProgressMeter -       chr12:33412047             73.3               5972000          81523.5
17:10:49.113 INFO  ProgressMeter -       chr12:39335512             73.4               5991000          81587.1
17:10:59.187 INFO  ProgressMeter -       chr12:43452949             73.6               6004000          81577.6
17:11:09.464 INFO  ProgressMeter -       chr12:47728798             73.8               6017000          81564.4
17:11:19.929 INFO  ProgressMeter -       chr12:52787720             73.9               6031000          81561.4
17:11:30.565 INFO  ProgressMeter -       chr12:58243915             74.1               6045000          81555.2
17:11:41.058 INFO  ProgressMeter -       chr12:62909424             74.3               6058000          81538.2
17:11:51.322 INFO  ProgressMeter -       chr12:67440166             74.5               6071000          81525.5
17:12:01.322 INFO  ProgressMeter -       chr12:71582400             74.6               6084000          81517.6
17:12:11.692 INFO  ProgressMeter -       chr12:76224573             74.8               6097000          81503.0
17:12:22.159 INFO  ProgressMeter -       chr12:81028280             75.0               6110000          81486.8
17:12:32.777 INFO  ProgressMeter -       chr12:85807251             75.2               6123000          81467.9
17:12:43.126 INFO  ProgressMeter -       chr12:90874862             75.3               6135000          81440.6
17:12:53.206 INFO  ProgressMeter -       chr12:95344328             75.5               6148000          81431.6
17:13:04.027 INFO  ProgressMeter -      chr12:100037267             75.7               6162000          81422.5
17:13:14.067 INFO  ProgressMeter -      chr12:104329137             75.8               6175000          81414.3
17:13:24.473 INFO  ProgressMeter -      chr12:109126027             76.0               6189000          81412.7
17:13:34.735 INFO  ProgressMeter -      chr12:114088357             76.2               6203000          81413.7
17:13:44.998 INFO  ProgressMeter -      chr12:118694909             76.4               6218000          81427.8
17:13:55.043 INFO  ProgressMeter -      chr12:123570906             76.5               6232000          81433.1
17:14:05.554 INFO  ProgressMeter -      chr12:128042842             76.7               6248000          81455.2
17:14:15.803 INFO  ProgressMeter -      chr12:132255094             76.9               6265000          81495.4
17:14:26.070 INFO  ProgressMeter -       chr13:20338705             77.0               6282000          81535.0
17:14:36.440 INFO  ProgressMeter -       chr13:24646614             77.2               6298000          81559.7
17:14:47.115 INFO  ProgressMeter -       chr13:29069543             77.4               6313000          81566.0
17:14:57.845 INFO  ProgressMeter -       chr13:33886216             77.6               6327000          81558.5
17:15:08.063 INFO  ProgressMeter -       chr13:38428366             77.7               6340000          81547.0
17:15:18.107 INFO  ProgressMeter -       chr13:43149645             77.9               6353000          81538.7
17:15:28.687 INFO  ProgressMeter -       chr13:47926287             78.1               6367000          81533.8
17:15:39.089 INFO  ProgressMeter -       chr13:52787076             78.3               6380000          81519.3
17:15:49.511 INFO  ProgressMeter -       chr13:58239117             78.4               6392000          81491.8
17:16:00.000 INFO  ProgressMeter -       chr13:62792199             78.6               6406000          81488.7
17:16:10.129 INFO  ProgressMeter -       chr13:67389159             78.8               6419000          81479.1
17:16:20.372 INFO  ProgressMeter -       chr13:71644479             79.0               6432000          81467.5
17:16:30.597 INFO  ProgressMeter -       chr13:76157032             79.1               6445000          81456.4
17:16:41.076 INFO  ProgressMeter -       chr13:80939590             79.3               6458000          81440.9
17:16:51.338 INFO  ProgressMeter -       chr13:85491960             79.5               6471000          81429.2
17:17:01.724 INFO  ProgressMeter -       chr13:90384163             79.6               6484000          81415.5
17:17:12.183 INFO  ProgressMeter -       chr13:94961173             79.8               6498000          81413.1
17:17:22.884 INFO  ProgressMeter -      chr13:100021422             80.0               6512000          81406.5
17:17:33.179 INFO  ProgressMeter -      chr13:104332430             80.2               6526000          81406.9
17:17:43.687 INFO  ProgressMeter -      chr13:108677924             80.3               6541000          81416.2
17:17:54.084 INFO  ProgressMeter -      chr13:113234999             80.5               6558000          81452.1
17:18:04.423 INFO  ProgressMeter -       chr14:16308336             80.7               6574000          81476.5
17:18:15.310 INFO  ProgressMeter -       chr14:21051075             80.9               6589000          81479.1
17:18:25.673 INFO  ProgressMeter -       chr14:25486935             81.0               6602000          81465.9
17:18:35.782 INFO  ProgressMeter -       chr14:29810755             81.2               6615000          81457.0
17:18:46.071 INFO  ProgressMeter -       chr14:34444172             81.4               6628000          81445.1
17:18:56.644 INFO  ProgressMeter -       chr14:38469664             81.6               6643000          81453.0
17:19:07.328 INFO  ProgressMeter -       chr14:43133771             81.7               6657000          81446.9
17:19:17.533 INFO  ProgressMeter -       chr14:47839472             81.9               6670000          81436.4
17:19:27.936 INFO  ProgressMeter -       chr14:52476453             82.1               6684000          81435.0
17:19:38.399 INFO  ProgressMeter -       chr14:57372478             82.3               6697000          81420.4
17:19:48.954 INFO  ProgressMeter -       chr14:61915448             82.4               6711000          81416.4
17:19:59.385 INFO  ProgressMeter -       chr14:66538840             82.6               6724000          81402.5
17:20:09.684 INFO  ProgressMeter -       chr14:71115457             82.8               6738000          81402.8
17:20:19.936 INFO  ProgressMeter -       chr14:75525895             82.9               6751000          81391.8
17:20:30.424 INFO  ProgressMeter -       chr14:79966769             83.1               6765000          81389.1
17:20:40.803 INFO  ProgressMeter -       chr14:84432983             83.3               6779000          81388.2
17:20:51.009 INFO  ProgressMeter -       chr14:88955420             83.5               6793000          81390.0
17:21:01.323 INFO  ProgressMeter -       chr14:93223119             83.6               6808000          81402.1
17:21:11.546 INFO  ProgressMeter -       chr14:97857175             83.8               6823000          81415.6
17:21:21.589 INFO  ProgressMeter -       chr15:18221860             84.0               6843000          81491.5
17:21:31.766 INFO  ProgressMeter -       chr15:22268629             84.1               6861000          81541.1
17:21:42.058 INFO  ProgressMeter -       chr15:26585866             84.3               6877000          81565.0
17:21:52.314 INFO  ProgressMeter -       chr15:31095331             84.5               6892000          81577.5
17:22:02.806 INFO  ProgressMeter -       chr15:35477734             84.7               6906000          81574.4
17:22:13.100 INFO  ProgressMeter -       chr15:40183969             84.8               6920000          81574.4
17:22:23.819 INFO  ProgressMeter -       chr15:45278152             85.0               6934000          81567.7
17:22:34.297 INFO  ProgressMeter -       chr15:49979151             85.2               6947000          81553.1
17:22:44.947 INFO  ProgressMeter -       chr15:54081984             85.4               6962000          81559.2
17:22:55.612 INFO  ProgressMeter -       chr15:58584031             85.5               6976000          81553.4
17:23:06.410 INFO  ProgressMeter -       chr15:63584620             85.7               6990000          81545.5
17:23:17.034 INFO  ProgressMeter -       chr15:68819062             85.9               7004000          81540.4
17:23:27.386 INFO  ProgressMeter -       chr15:74290494             86.1               7017000          81528.0
17:23:37.778 INFO  ProgressMeter -       chr15:78957651             86.2               7031000          81526.6
17:23:48.405 INFO  ProgressMeter -       chr15:84028837             86.4               7045000          81521.5
17:23:58.800 INFO  ProgressMeter -       chr15:88253567             86.6               7060000          81531.6
17:24:08.881 INFO  ProgressMeter -       chr15:92276286             86.8               7075000          81546.6
17:24:19.417 INFO  ProgressMeter -       chr15:96817542             86.9               7090000          81554.5
17:24:29.572 INFO  ProgressMeter -        chr16:1081219             87.1               7107000          81591.2
17:24:39.645 INFO  ProgressMeter -        chr16:5440712             87.3               7123000          81617.5
17:24:49.816 INFO  ProgressMeter -        chr16:7921579             87.4               7138000          81630.8
17:25:00.369 INFO  ProgressMeter -       chr16:11680984             87.6               7154000          81649.6
17:25:10.776 INFO  ProgressMeter -       chr16:15865207             87.8               7169000          81659.1
17:25:21.069 INFO  ProgressMeter -       chr16:20145629             88.0               7183000          81659.0
17:25:31.075 INFO  ProgressMeter -       chr16:25004143             88.1               7195000          81640.7
17:25:41.252 INFO  ProgressMeter -       chr16:29578449             88.3               7209000          81643.3
17:25:52.009 INFO  ProgressMeter -       chr16:38582242             88.5               7225000          81658.4
17:26:02.282 INFO  ProgressMeter -       chr16:55689655             88.6               7237000          81636.2
17:26:12.535 INFO  ProgressMeter -       chr16:59991295             88.8               7249000          81613.5
17:26:22.541 INFO  ProgressMeter -       chr16:64068076             89.0               7262000          81606.6
17:26:33.002 INFO  ProgressMeter -       chr16:68584344             89.2               7275000          81592.9
17:26:43.121 INFO  ProgressMeter -       chr16:72967463             89.3               7287000          81573.2
17:26:54.009 INFO  ProgressMeter -       chr16:78105818             89.5               7300000          81553.0
17:27:04.791 INFO  ProgressMeter -       chr16:82514845             89.7               7314000          81545.7
17:27:14.822 INFO  ProgressMeter -       chr16:85466878             89.9               7329000          81560.9
17:27:25.510 INFO  ProgressMeter -       chr16:88819303             90.0               7345000          81577.3
17:27:35.603 INFO  ProgressMeter -       chr16:92019683             90.2               7361000          81602.5
17:27:46.001 INFO  ProgressMeter -       chr16:95441137             90.4               7378000          81634.1
17:27:56.189 INFO  ProgressMeter -        chr17:2940452             90.5               7394000          81657.8
17:28:06.614 INFO  ProgressMeter -        chr17:7008338             90.7               7409000          81666.7
17:28:17.049 INFO  ProgressMeter -       chr17:11321718             90.9               7423000          81664.5
17:28:27.418 INFO  ProgressMeter -       chr17:15113114             91.1               7437000          81663.2
17:28:37.841 INFO  ProgressMeter -       chr17:19771029             91.2               7450000          81650.2
17:28:48.320 INFO  ProgressMeter -       chr17:28361830             91.4               7468000          81691.1
17:28:58.939 INFO  ProgressMeter -       chr17:33213422             91.6               7480000          81664.3
17:29:09.264 INFO  ProgressMeter -       chr17:37748377             91.8               7493000          81652.8
17:29:19.459 INFO  ProgressMeter -       chr17:42345591             91.9               7506000          81643.3
17:29:29.536 INFO  ProgressMeter -       chr17:46950526             92.1               7519000          81635.6
17:29:39.880 INFO  ProgressMeter -       chr17:51372434             92.3               7531000          81613.1
17:29:50.255 INFO  ProgressMeter -       chr17:55682378             92.4               7542000          81579.5
17:30:00.397 INFO  ProgressMeter -       chr17:60040858             92.6               7554000          81560.1
17:30:11.232 INFO  ProgressMeter -       chr17:64913978             92.8               7566000          81530.7
17:30:21.615 INFO  ProgressMeter -       chr17:69057509             93.0               7579000          81518.8
17:30:32.360 INFO  ProgressMeter -       chr17:73623993             93.2               7592000          81501.6
17:30:42.495 INFO  ProgressMeter -       chr17:77807163             93.3               7606000          81504.1
17:30:52.950 INFO  ProgressMeter -       chr17:81822339             93.5               7622000          81523.4
17:31:03.005 INFO  ProgressMeter -        chr18:1764690             93.7               7637000          81537.7
17:31:13.392 INFO  ProgressMeter -        chr18:5378742             93.8               7650000          81525.8
17:31:23.988 INFO  ProgressMeter -        chr18:9288981             94.0               7664000          81521.5
17:31:34.532 INFO  ProgressMeter -       chr18:13247464             94.2               7678000          81518.1
17:31:44.619 INFO  ProgressMeter -       chr18:22426569             94.4               7691000          81510.6
17:31:55.413 INFO  ProgressMeter -       chr18:26878985             94.5               7703000          81482.4
17:32:06.159 INFO  ProgressMeter -       chr18:31311998             94.7               7715000          81455.0
17:32:16.673 INFO  ProgressMeter -       chr18:35353040             94.9               7726000          81421.5
17:32:27.148 INFO  ProgressMeter -       chr18:40223608             95.1               7738000          81398.6
17:32:37.701 INFO  ProgressMeter -       chr18:44613429             95.2               7750000          81373.8
17:32:48.007 INFO  ProgressMeter -       chr18:48801123             95.4               7762000          81352.2
17:32:58.292 INFO  ProgressMeter -       chr18:52939962             95.6               7775000          81342.3
17:33:08.926 INFO  ProgressMeter -       chr18:57216641             95.8               7787000          81317.1
17:33:19.252 INFO  ProgressMeter -       chr18:61067280             95.9               7800000          81306.7
17:33:29.932 INFO  ProgressMeter -       chr18:65265333             96.1               7813000          81291.4
17:33:40.341 INFO  ProgressMeter -       chr18:69295301             96.3               7826000          81279.9
17:33:50.790 INFO  ProgressMeter -       chr18:73297673             96.5               7839000          81268.0
17:34:01.460 INFO  ProgressMeter -       chr18:77113312             96.6               7853000          81263.3
17:34:11.790 INFO  ProgressMeter -         chr19:336638             96.8               7868000          81273.7
17:34:21.824 INFO  ProgressMeter -        chr19:4178501             97.0               7885000          81308.9
17:34:32.029 INFO  ProgressMeter -        chr19:8115431             97.1               7901000          81331.2
17:34:42.416 INFO  ProgressMeter -       chr19:12367842             97.3               7916000          81340.7
17:34:52.557 INFO  ProgressMeter -       chr19:16586355             97.5               7930000          81343.2
17:35:02.599 INFO  ProgressMeter -       chr19:20861980             97.7               7944000          81347.2
17:35:13.026 INFO  ProgressMeter -       chr19:24460158             97.8               7960000          81366.2
17:35:23.493 INFO  ProgressMeter -       chr19:33440486             98.0               7975000          81374.5
17:35:33.506 INFO  ProgressMeter -       chr19:37365271             98.2               7988000          81368.6
17:35:44.156 INFO  ProgressMeter -       chr19:42569898             98.3               8003000          81374.2
17:35:54.560 INFO  ProgressMeter -       chr19:47157809             98.5               8019000          81393.4
17:36:05.093 INFO  ProgressMeter -       chr19:52190425             98.7               8036000          81420.9
17:36:15.258 INFO  ProgressMeter -       chr19:56287655             98.9               8053000          81453.3
17:36:25.796 INFO  ProgressMeter -       chr19:60069397             99.0               8072000          81500.7
17:36:36.470 INFO  ProgressMeter -        chr20:2852177             99.2               8087000          81505.7
17:36:46.716 INFO  ProgressMeter -        chr20:6828504             99.4               8101000          81506.6
17:36:57.058 INFO  ProgressMeter -       chr20:11063916             99.6               8114000          81496.0
17:37:07.628 INFO  ProgressMeter -       chr20:15417699             99.7               8127000          81482.4
17:37:17.959 INFO  ProgressMeter -       chr20:19565969             99.9               8141000          81482.3
17:37:28.401 INFO  ProgressMeter -       chr20:24020401            100.1               8154000          81470.3
17:37:38.612 INFO  ProgressMeter -       chr20:32910001            100.3               8172000          81511.6
17:37:49.235 INFO  ProgressMeter -       chr20:38134007            100.4               8185000          81497.3
17:37:59.659 INFO  ProgressMeter -       chr20:43073756            100.6               8198000          81485.8
17:38:10.043 INFO  ProgressMeter -       chr20:47434553            100.8               8211000          81474.9
17:38:20.650 INFO  ProgressMeter -       chr20:52098110            101.0               8226000          81480.8
17:38:31.305 INFO  ProgressMeter -       chr20:56544044            101.1               8241000          81486.0
17:38:41.652 INFO  ProgressMeter -       chr20:60738546            101.3               8256000          81495.4
17:38:52.263 INFO  ProgressMeter -       chr20:65173695            101.5               8273000          81521.4
17:39:02.643 INFO  ProgressMeter -       chr21:12670186            101.7               8296000          81608.5
17:39:12.846 INFO  ProgressMeter -       chr21:16690708            101.8               8310000          81609.6
17:39:23.207 INFO  ProgressMeter -       chr21:20908285            102.0               8324000          81608.7
17:39:33.818 INFO  ProgressMeter -       chr21:24950037            102.2               8339000          81614.3
17:39:44.379 INFO  ProgressMeter -       chr21:29295340            102.4               8353000          81610.7
17:39:54.820 INFO  ProgressMeter -       chr21:33928115            102.5               8367000          81608.7
17:40:05.208 INFO  ProgressMeter -       chr21:38480222            102.7               8381000          81607.4
17:40:15.246 INFO  ProgressMeter -       chr21:42710465            102.9               8396000          81620.6
17:40:25.444 INFO  ProgressMeter -       chr22:15895064            103.0               8415000          81670.3
17:40:35.937 INFO  ProgressMeter -       chr22:19819927            103.2               8433000          81706.3
17:40:46.105 INFO  ProgressMeter -       chr22:24199164            103.4               8450000          81736.8
17:40:56.592 INFO  ProgressMeter -       chr22:28509854            103.6               8466000          81753.4
17:41:06.825 INFO  ProgressMeter -       chr22:33028596            103.7               8480000          81753.9
17:41:17.320 INFO  ProgressMeter -       chr22:37402097            103.9               8495000          81760.7
17:41:27.527 INFO  ProgressMeter -       chr22:42507941            104.1               8509000          81761.5
17:41:37.677 INFO  ProgressMeter -       chr22:46726079            104.2               8525000          81782.3
17:41:47.840 INFO  ProgressMeter -       chr22:50567283            104.4               8543000          81822.1
17:41:57.875 INFO  ProgressMeter -         chrX:3393654            104.6               8565000          81901.6
17:42:07.971 INFO  ProgressMeter -        chrX:12252392            104.7               8586000          81970.5
17:42:18.192 INFO  ProgressMeter -        chrX:22061655            104.9               8605000          82018.5
17:42:28.691 INFO  ProgressMeter -        chrX:31120521            105.1               8626000          82081.8
17:42:38.988 INFO  ProgressMeter -        chrX:39455648            105.3               8646000          82137.9
17:42:49.040 INFO  ProgressMeter -        chrX:49753189            105.4               8665000          82187.6
17:42:59.484 INFO  ProgressMeter -        chrX:64527985            105.6               8684000          82232.1
17:43:09.723 INFO  ProgressMeter -        chrX:74796329            105.8               8703000          82279.0
17:43:19.961 INFO  ProgressMeter -        chrX:84674489            105.9               8723000          82335.3
17:43:30.373 INFO  ProgressMeter -        chrX:92562054            106.1               8746000          82417.4
17:43:40.459 INFO  ProgressMeter -       chrX:101876279            106.3               8766000          82475.2
17:43:50.628 INFO  ProgressMeter -       chrX:112150102            106.5               8785000          82522.4
17:44:00.866 INFO  ProgressMeter -       chrX:121009185            106.6               8806000          82587.3
17:44:11.054 INFO  ProgressMeter -       chrX:130856076            106.8               8826000          82643.4
17:44:21.215 INFO  ProgressMeter -       chrX:141089648            107.0               8846000          82699.4
17:44:31.596 INFO  ProgressMeter -       chrX:150110583            107.1               8868000          82771.2
17:44:41.770 INFO  ProgressMeter -        chrY:17182251            107.3               8881000          82761.5
17:44:44.421 INFO  GetPileupSummaries - 0 read(s) filtered by: MappingQualityAvailableReadFilter 
5156796 read(s) filtered by: MappingQualityNotZeroReadFilter 
0 read(s) filtered by: MappedReadFilter 
293028 read(s) filtered by: PrimaryLineReadFilter 
35659506 read(s) filtered by: NotDuplicateReadFilter 
0 read(s) filtered by: PassesVendorQualityCheckReadFilter 
0 read(s) filtered by: NonZeroReferenceLengthAlignmentReadFilter 
722989 read(s) filtered by: MateOnSameContigOrNoMappedMateReadFilter 
0 read(s) filtered by: GoodCigarReadFilter 
0 read(s) filtered by: WellformedReadFilter 
41832319 total reads filtered out of 414454479 reads processed
17:44:44.421 INFO  ProgressMeter -        chrY:62060446            107.4               8882109          82737.8
17:44:44.421 INFO  ProgressMeter - Traversal complete. Processed 8882109 total loci in 107.4 minutes.
17:44:44.422 INFO  GetPileupSummaries - Shutting down engine
[July 14, 2024 at 5:44:44 PM CEST] org.broadinstitute.hellbender.tools.walkers.contamination.GetPileupSummaries done. Elapsed time: 108.75 minutes.
Runtime.totalMemory()=16693329920
Tool returned:
SUCCESS
