Using GATK jar /lustre1/project/stg_00096/home/rdewin/system/miniconda/envs/WGS/share/gatk4-4.5.0.0-0/gatk-package-4.5.0.0-local.jar
Running:
    java -Dsamjdk.use_async_io_read_samtools=false -Dsamjdk.use_async_io_write_samtools=true -Dsamjdk.use_async_io_write_tribble=false -Dsamjdk.compression_level=2 -jar /lustre1/project/stg_00096/home/rdewin/system/miniconda/envs/WGS/share/gatk4-4.5.0.0-0/gatk-package-4.5.0.0-local.jar FilterMutectCalls -R resources/genome.fa -V results/mutect2/P058/P058_variants.vcf --contamination-table results/mutect2/P058/P058_contamination.table --ob-priors results/mutect2/read_orientation_model.tar.gz -O results/mutect2/P058/P058_filtered_variants.vcf
20:16:10.833 INFO  NativeLibraryLoader - Loading libgkl_compression.so from jar:file:/lustre1/project/stg_00096/home/rdewin/system/miniconda/envs/WGS/share/gatk4-4.5.0.0-0/gatk-package-4.5.0.0-local.jar!/com/intel/gkl/native/libgkl_compression.so
20:16:11.107 INFO  FilterMutectCalls - ------------------------------------------------------------
20:16:11.110 INFO  FilterMutectCalls - The Genome Analysis Toolkit (GATK) v4.5.0.0
20:16:11.110 INFO  FilterMutectCalls - For support and documentation go to https://software.broadinstitute.org/gatk/
20:16:11.110 INFO  FilterMutectCalls - Executing as vsc35407@g28l22 on Linux v4.18.0-513.24.1.el8_9.x86_64 amd64
20:16:11.110 INFO  FilterMutectCalls - Java runtime: OpenJDK 64-Bit Server VM v17.0.10-internal+0-adhoc..src
20:16:11.110 INFO  FilterMutectCalls - Start Date/Time: July 14, 2024 at 8:16:10 PM CEST
20:16:11.110 INFO  FilterMutectCalls - ------------------------------------------------------------
20:16:11.110 INFO  FilterMutectCalls - ------------------------------------------------------------
20:16:11.111 INFO  FilterMutectCalls - HTSJDK Version: 4.1.0
20:16:11.111 INFO  FilterMutectCalls - Picard Version: 3.1.1
20:16:11.111 INFO  FilterMutectCalls - Built for Spark Version: 3.5.0
20:16:11.111 INFO  FilterMutectCalls - HTSJDK Defaults.COMPRESSION_LEVEL : 2
20:16:11.112 INFO  FilterMutectCalls - HTSJDK Defaults.USE_ASYNC_IO_READ_FOR_SAMTOOLS : false
20:16:11.112 INFO  FilterMutectCalls - HTSJDK Defaults.USE_ASYNC_IO_WRITE_FOR_SAMTOOLS : true
20:16:11.112 INFO  FilterMutectCalls - HTSJDK Defaults.USE_ASYNC_IO_WRITE_FOR_TRIBBLE : false
20:16:11.113 INFO  FilterMutectCalls - Deflater: IntelDeflater
20:16:11.113 INFO  FilterMutectCalls - Inflater: IntelInflater
20:16:11.113 INFO  FilterMutectCalls - GCS max retries/reopens: 20
20:16:11.113 INFO  FilterMutectCalls - Requester pays: disabled
20:16:11.113 INFO  FilterMutectCalls - Initializing engine
20:16:11.332 INFO  FeatureManager - Using codec VCFCodec to read file file:///lustre1/project/stg_00096/home/rdewin/WGS/results/mutect2/P058/P058_variants.vcf
20:16:11.729 INFO  FilterMutectCalls - Done initializing engine
20:16:11.860 INFO  IOUtils - Extracting data from archive: file:///lustre1/project/stg_00096/home/rdewin/WGS/results/mutect2/read_orientation_model.tar.gz
20:16:11.891 INFO  IOUtils - Extracting file: ./P011_tumor.orientation_priors
20:16:11.892 INFO  IOUtils - Extracting file: ./P022_tumor.orientation_priors
20:16:11.893 INFO  IOUtils - Extracting file: ./P060_tumor.orientation_priors
20:16:11.893 INFO  IOUtils - Extracting file: ./P059_tumor.orientation_priors
20:16:11.894 INFO  IOUtils - Extracting file: ./P038_tumor.orientation_priors
20:16:11.894 INFO  IOUtils - Extracting file: ./P062_tumor.orientation_priors
20:16:11.894 INFO  IOUtils - Extracting file: ./P018_tumor.orientation_priors
20:16:11.895 INFO  IOUtils - Extracting file: ./P058_tumor.orientation_priors
20:16:11.895 INFO  IOUtils - Extracting file: ./P103_tumor.orientation_priors
20:16:11.896 INFO  IOUtils - Extracting file: ./P033_tumor.orientation_priors
20:16:11.896 INFO  IOUtils - Extracting file: ./P029_tumor.orientation_priors
20:16:11.896 INFO  IOUtils - Extracting file: ./P024_tumor.orientation_priors
20:16:11.897 INFO  IOUtils - Extracting file: ./P016_tumor.orientation_priors
20:16:11.897 INFO  IOUtils - Extracting file: ./P066_tumor.orientation_priors
20:16:11.898 INFO  IOUtils - Extracting file: ./P036_tumor.orientation_priors
20:16:11.898 INFO  IOUtils - Extracting file: ./P020_tumor.orientation_priors
20:16:11.898 INFO  IOUtils - Extracting file: ./P026_tumor.orientation_priors
20:16:11.899 INFO  IOUtils - Extracting file: ./P056_tumor.orientation_priors
20:16:11.899 INFO  IOUtils - Extracting file: ./P064_tumor.orientation_priors
20:16:11.900 INFO  IOUtils - Extracting file: ./P034_tumor.orientation_priors
20:16:11.913 INFO  IOUtils - Extracting file: ./P028_tumor.orientation_priors
20:16:11.914 INFO  IOUtils - Extracting file: ./P017_tumor.orientation_priors
20:16:11.914 INFO  IOUtils - Extracting file: ./P065_tumor.orientation_priors
20:16:11.915 INFO  IOUtils - Extracting file: ./P023_tumor.orientation_priors
20:16:11.915 INFO  IOUtils - Extracting file: ./P037_tumor.orientation_priors
20:16:11.916 INFO  IOUtils - Extracting file: ./P013_tumor.orientation_priors
20:16:11.916 INFO  IOUtils - Extracting file: ./P057_tumor.orientation_priors
20:16:11.917 INFO  IOUtils - Extracting file: ./P019_tumor.orientation_priors
20:16:11.917 INFO  IOUtils - Extracting file: ./P061_tumor.orientation_priors
20:16:11.918 INFO  IOUtils - Extracting file: ./P041_tumor.orientation_priors
20:16:11.918 INFO  IOUtils - Extracting file: ./P035_tumor.orientation_priors
20:16:11.919 INFO  IOUtils - Extracting file: ./P086_tumor.orientation_priors
20:16:11.920 INFO  IOUtils - Extracting file: ./P105_tumor.orientation_priors
20:16:11.920 INFO  IOUtils - Extracting file: ./P027_tumor.orientation_priors
20:16:12.280 INFO  ProgressMeter - Starting traversal
20:16:12.281 INFO  ProgressMeter -        Current Locus  Elapsed Minutes    Variants Processed  Variants/Minute
20:16:12.289 INFO  FilterMutectCalls - Starting pass 0 through the variants
20:16:22.292 INFO  ProgressMeter -        chr5:46660981              0.2                 32000         191942.4
20:16:32.312 INFO  ProgressMeter -       chr15:85489354              0.3                 91000         272604.7
20:16:38.716 INFO  FilterMutectCalls - Finished pass 0 through the variants
20:16:51.334 INFO  FilterMutectCalls - Starting pass 1 through the variants
20:16:51.529 INFO  ProgressMeter -         chr1:3310430              0.7                129000         197207.5
20:17:01.696 INFO  ProgressMeter -        chr9:40697991              0.8                180000         218561.5
20:17:11.718 INFO  ProgressMeter -        chr21:6876931              1.0                242000         244296.4
20:17:14.307 INFO  FilterMutectCalls - Finished pass 1 through the variants
20:17:17.161 INFO  FilterMutectCalls - Starting pass 2 through the variants
20:17:21.737 INFO  ProgressMeter -        chr4:49371337              1.2                284000         245335.2
20:17:31.869 INFO  ProgressMeter -       chr14:44369159              1.3                341000         257073.9
20:17:39.042 INFO  FilterMutectCalls - Finished pass 2 through the variants
20:17:39.059 INFO  FilterMutectCalls - Starting pass 3 through the variants
20:17:42.017 INFO  ProgressMeter -       chr1:242998911              1.5                397000         265445.3
20:17:52.050 INFO  ProgressMeter -       chr9:107135081              1.7                444000         267019.5
20:18:02.246 INFO  ProgressMeter -       chr20:63775239              1.8                496000         270631.6
20:18:05.884 INFO  FilterMutectCalls - Finished pass 3 through the variants
20:18:05.946 INFO  FilterMutectCalls - No variants filtered by: AllowAllVariantsVariantFilter
20:18:05.947 INFO  FilterMutectCalls - 0 read(s) filtered by: AllowAllReadsReadFilter 

20:18:05.947 INFO  ProgressMeter -        chrY:17257243              1.9                513684         271154.4
20:18:05.947 INFO  ProgressMeter - Traversal complete. Processed 513684 total variants in 1.9 minutes.
20:18:06.186 INFO  FilterMutectCalls - Shutting down engine
[July 14, 2024 at 8:18:06 PM CEST] org.broadinstitute.hellbender.tools.walkers.mutect.filtering.FilterMutectCalls done. Elapsed time: 1.92 minutes.
Runtime.totalMemory()=2550136832
