May 06, 2024 4:58:42 PM com.intel.gkl.NativeLibraryLoader load
INFO: Loading libgkl_compression.so from jar:file:/lustre1/project/stg_00096/home/rdewin/system/miniconda/envs/WGS/share/picard-3.1.1-0/picard.jar!/com/intel/gkl/native/libgkl_compression.so
[Mon May 06 16:58:42 CEST 2024] LiftoverVcf --INPUT results/mutect2/P018/P018_pass_variants.vcf --OUTPUT results/mutect2/P018/P018_pass_variants_lifted.vcf --CHAIN resources/liftover/chm13v2-to-grch38.chain --REJECT results/mutect2/P018/P018_pass_variants_unlifted.vcf --LIFTOVER_MIN_MATCH 0.95 --REFERENCE_SEQUENCE resources/GRCh38/GRCh38.fasta --WARN_ON_MISSING_CONTIG false --LOG_FAILED_INTERVALS true --WRITE_ORIGINAL_POSITION false --WRITE_ORIGINAL_ALLELES false --ALLOW_MISSING_FIELDS_IN_HEADER false --RECOVER_SWAPPED_REF_ALT false --TAGS_TO_REVERSE AF --TAGS_TO_DROP MAX_AF --DISABLE_SORT false --VERBOSITY INFO --QUIET false --VALIDATION_STRINGENCY STRICT --COMPRESSION_LEVEL 5 --MAX_RECORDS_IN_RAM 500000 --CREATE_INDEX false --CREATE_MD5_FILE false --help false --version false --showHidden false --USE_JDK_DEFLATER false --USE_JDK_INFLATER false
[Mon May 06 16:58:42 CEST 2024] Executing as vsc35407@g28l17 on Linux 4.18.0-513.24.1.el8_9.x86_64 amd64; OpenJDK 64-Bit Server VM 17.0.10-internal+0-adhoc..src; Deflater: Intel; Inflater: Intel; Provider GCS is available; Picard version: Version:3.1.1
INFO	2024-05-06 16:58:43	LiftoverVcf	Loading up the target reference genome.
INFO	2024-05-06 16:58:55	LiftoverVcf	Lifting variants over and sorting (not yet writing the output file.)
INFO	2024-05-06 16:58:56	LiftOver	Interval chr1:38596904-38596934 failed to match chain 0 because intersection length 5 < minMatchSize 29.45 (0.16129032 < 0.95)
INFO	2024-05-06 16:58:56	LiftOver	Interval chr1:177794718-177794734 failed to match chain 0 because intersection length 5 < minMatchSize 16.15 (0.29411766 < 0.95)
INFO	2024-05-06 16:58:56	LiftOver	Interval chr1:191510507-191510511 failed to match chain 0 because intersection length 4 < minMatchSize 4.75 (0.8 < 0.95)
INFO	2024-05-06 16:58:56	LiftOver	Interval chr2:100477051-100477057 failed to match chain 0 because intersection length 3 < minMatchSize 6.6499999999999995 (0.42857143 < 0.95)
INFO	2024-05-06 16:58:56	LiftOver	Interval chr3:7220575-7220623 failed to match chain 0 because intersection length 39 < minMatchSize 46.55 (0.79591835 < 0.95)
INFO	2024-05-06 16:58:56	LiftOver	Interval chr4:185103101-185103109 failed to match chain 0 because intersection length 5 < minMatchSize 8.549999999999999 (0.5555556 < 0.95)
INFO	2024-05-06 16:58:56	LiftOver	Interval chr6:43874104-43874154 failed to match chain 0 because intersection length 31 < minMatchSize 48.449999999999996 (0.60784316 < 0.95)
INFO	2024-05-06 16:58:56	LiftOver	Interval chr7:37918656-37918678 failed to match chain 0 because intersection length 15 < minMatchSize 21.849999999999998 (0.65217394 < 0.95)
INFO	2024-05-06 16:58:56	LiftOver	Interval chr7:64330297-64330299 failed to match chain 0 because intersection length 2 < minMatchSize 2.8499999999999996 (0.6666667 < 0.95)
INFO	2024-05-06 16:58:56	LiftOver	Interval chr7:142529500-142529513 failed to match chain 0 because intersection length 4 < minMatchSize 13.299999999999999 (0.2857143 < 0.95)
INFO	2024-05-06 16:58:56	LiftOver	Interval chr9:22999010-22999020 failed to match chain 0 because intersection length 3 < minMatchSize 10.45 (0.27272728 < 0.95)
INFO	2024-05-06 16:58:56	LiftOver	Interval chr10:26355800-26355806 failed to match chain 0 because intersection length 5 < minMatchSize 6.6499999999999995 (0.71428573 < 0.95)
INFO	2024-05-06 16:58:56	LiftOver	Interval chr10:31189707-31189711 failed to match chain 0 because intersection length 3 < minMatchSize 4.75 (0.6 < 0.95)
INFO	2024-05-06 16:58:56	LiftOver	Interval chr11:29925084-29925107 failed to match chain 0 because intersection length 3 < minMatchSize 22.799999999999997 (0.125 < 0.95)
INFO	2024-05-06 16:58:56	LiftOver	Interval chr12:5617855-5617880 failed to match chain 0 because intersection length 5 < minMatchSize 24.7 (0.1923077 < 0.95)
INFO	2024-05-06 16:58:56	LiftOver	Interval chr12:83683234-83683255 failed to match chain 0 because intersection length 2 < minMatchSize 20.9 (0.09090909 < 0.95)
INFO	2024-05-06 16:58:56	LiftOver	Interval chr13:43954373-43954383 failed to match chain 0 because intersection length 9 < minMatchSize 10.45 (0.8181818 < 0.95)
INFO	2024-05-06 16:58:56	LiftOver	Interval chr13:49085587-49085595 failed to match chain 0 because intersection length 5 < minMatchSize 8.549999999999999 (0.5555556 < 0.95)
INFO	2024-05-06 16:58:56	LiftOver	Interval chr13:72226021-72226024 failed to match chain 0 because intersection length 1 < minMatchSize 3.8 (0.25 < 0.95)
INFO	2024-05-06 16:58:56	LiftOver	Interval chr13:85269984-85270064 failed to match chain 0 because intersection length 3 < minMatchSize 76.95 (0.037037037 < 0.95)
INFO	2024-05-06 16:58:56	LiftOver	Interval chr13:87982206-87982216 failed to match chain 0 because intersection length 9 < minMatchSize 10.45 (0.8181818 < 0.95)
INFO	2024-05-06 16:58:56	LiftOver	Interval chr14:16147821-16147825 failed to match chain 0 because intersection length 3 < minMatchSize 4.75 (0.6 < 0.95)
INFO	2024-05-06 16:58:56	LiftOver	Interval chr17:19999801-19999821 failed to match chain 0 because intersection length 17 < minMatchSize 19.95 (0.8095238 < 0.95)
INFO	2024-05-06 16:58:56	LiftOver	Interval chr18:47121805-47121814 failed to match chain 0 because intersection length 1 < minMatchSize 9.5 (0.1 < 0.95)
INFO	2024-05-06 16:58:56	LiftOver	Interval chr19:1017276-1017356 failed to match chain 0 because intersection length 33 < minMatchSize 76.95 (0.4074074 < 0.95)
INFO	2024-05-06 16:58:56	LiftOver	Interval chr19:32867656-32867659 failed to match chain 0 because intersection length 2 < minMatchSize 3.8 (0.5 < 0.95)
INFO	2024-05-06 16:58:56	LiftOver	Interval chr21:17101315-17101333 failed to match chain 0 because intersection length 3 < minMatchSize 18.05 (0.15789473 < 0.95)
INFO	2024-05-06 16:58:56	LiftOver	Interval chr22:17151664-17151668 failed to match chain 0 because intersection length 3 < minMatchSize 4.75 (0.6 < 0.95)
INFO	2024-05-06 16:58:56	LiftOver	Interval chr22:31526860-31526864 failed to match chain 0 because intersection length 3 < minMatchSize 4.75 (0.6 < 0.95)
INFO	2024-05-06 16:58:56	LiftOver	Interval chrX:93557618-93557646 failed to match chain 0 because intersection length 3 < minMatchSize 27.549999999999997 (0.10344828 < 0.95)
INFO	2024-05-06 16:58:56	LiftoverVcf	Processed 2740 variants.
INFO	2024-05-06 16:58:56	LiftoverVcf	705 variants failed to liftover.
INFO	2024-05-06 16:58:56	LiftoverVcf	55 variants lifted over but had mismatching reference alleles after lift over.
INFO	2024-05-06 16:58:56	LiftoverVcf	27.7372% of variants were not successfully lifted over and written to the output.
INFO	2024-05-06 16:58:56	LiftoverVcf	liftover success by source contig:
INFO	2024-05-06 16:58:56	LiftoverVcf	chr1: 141 / 189 (74.6032%)
INFO	2024-05-06 16:58:56	LiftoverVcf	chr10: 101 / 121 (83.4711%)
INFO	2024-05-06 16:58:56	LiftoverVcf	chr11: 107 / 117 (91.4530%)
INFO	2024-05-06 16:58:56	LiftoverVcf	chr12: 71 / 80 (88.7500%)
INFO	2024-05-06 16:58:56	LiftoverVcf	chr13: 59 / 108 (54.6296%)
INFO	2024-05-06 16:58:56	LiftoverVcf	chr14: 65 / 114 (57.0175%)
INFO	2024-05-06 16:58:56	LiftoverVcf	chr15: 56 / 100 (56.0000%)
INFO	2024-05-06 16:58:56	LiftoverVcf	chr16: 53 / 68 (77.9412%)
INFO	2024-05-06 16:58:56	LiftoverVcf	chr17: 55 / 68 (80.8824%)
INFO	2024-05-06 16:58:56	LiftoverVcf	chr18: 55 / 72 (76.3889%)
INFO	2024-05-06 16:58:56	LiftoverVcf	chr19: 45 / 69 (65.2174%)
INFO	2024-05-06 16:58:56	LiftoverVcf	chr2: 173 / 187 (92.5134%)
INFO	2024-05-06 16:58:56	LiftoverVcf	chr20: 45 / 75 (60.0000%)
INFO	2024-05-06 16:58:56	LiftoverVcf	chr21: 27 / 41 (65.8537%)
INFO	2024-05-06 16:58:56	LiftoverVcf	chr22: 29 / 100 (29.0000%)
INFO	2024-05-06 16:58:56	LiftoverVcf	chr3: 124 / 155 (80.0000%)
INFO	2024-05-06 16:58:56	LiftoverVcf	chr4: 155 / 171 (90.6433%)
INFO	2024-05-06 16:58:56	LiftoverVcf	chr5: 112 / 126 (88.8889%)
INFO	2024-05-06 16:58:56	LiftoverVcf	chr6: 113 / 123 (91.8699%)
INFO	2024-05-06 16:58:56	LiftoverVcf	chr7: 108 / 119 (90.7563%)
INFO	2024-05-06 16:58:56	LiftoverVcf	chr8: 75 / 79 (94.9367%)
INFO	2024-05-06 16:58:56	LiftoverVcf	chr9: 74 / 313 (23.6422%)
INFO	2024-05-06 16:58:56	LiftoverVcf	chrM: 0 / 1 (0.0000%)
INFO	2024-05-06 16:58:56	LiftoverVcf	chrX: 137 / 144 (95.1389%)
INFO	2024-05-06 16:58:56	LiftoverVcf	lifted variants by target contig:
INFO	2024-05-06 16:58:56	LiftoverVcf	chr1: 141
INFO	2024-05-06 16:58:56	LiftoverVcf	chr10: 101
INFO	2024-05-06 16:58:56	LiftoverVcf	chr11: 107
INFO	2024-05-06 16:58:56	LiftoverVcf	chr12: 71
INFO	2024-05-06 16:58:56	LiftoverVcf	chr13: 59
INFO	2024-05-06 16:58:56	LiftoverVcf	chr14: 65
INFO	2024-05-06 16:58:56	LiftoverVcf	chr15: 56
INFO	2024-05-06 16:58:56	LiftoverVcf	chr16: 53
INFO	2024-05-06 16:58:56	LiftoverVcf	chr17: 55
INFO	2024-05-06 16:58:56	LiftoverVcf	chr18: 55
INFO	2024-05-06 16:58:56	LiftoverVcf	chr19: 45
INFO	2024-05-06 16:58:56	LiftoverVcf	chr2: 173
INFO	2024-05-06 16:58:56	LiftoverVcf	chr20: 45
INFO	2024-05-06 16:58:56	LiftoverVcf	chr21: 27
INFO	2024-05-06 16:58:56	LiftoverVcf	chr22: 29
INFO	2024-05-06 16:58:56	LiftoverVcf	chr3: 124
INFO	2024-05-06 16:58:56	LiftoverVcf	chr4: 155
INFO	2024-05-06 16:58:56	LiftoverVcf	chr5: 112
INFO	2024-05-06 16:58:56	LiftoverVcf	chr6: 113
INFO	2024-05-06 16:58:56	LiftoverVcf	chr7: 108
INFO	2024-05-06 16:58:56	LiftoverVcf	chr8: 75
INFO	2024-05-06 16:58:56	LiftoverVcf	chr9: 74
INFO	2024-05-06 16:58:56	LiftoverVcf	chrX: 137
WARNING	2024-05-06 16:58:56	LiftoverVcf	14 variants with a swapped REF/ALT were identified, but were not recovered.  See RECOVER_SWAPPED_REF_ALT and associated caveats.
INFO	2024-05-06 16:58:56	LiftoverVcf	Writing out sorted records to final VCF.
[Mon May 06 16:58:57 CEST 2024] picard.vcf.LiftoverVcf done. Elapsed time: 0.25 minutes.
Runtime.totalMemory()=4294967296
