Using GATK jar /lustre1/project/stg_00096/home/rdewin/system/miniconda/envs/WGS/share/gatk4-4.5.0.0-0/gatk-package-4.5.0.0-local.jar
Running:
    java -Dsamjdk.use_async_io_read_samtools=false -Dsamjdk.use_async_io_write_samtools=true -Dsamjdk.use_async_io_write_tribble=false -Dsamjdk.compression_level=2 -jar /lustre1/project/stg_00096/home/rdewin/system/miniconda/envs/WGS/share/gatk4-4.5.0.0-0/gatk-package-4.5.0.0-local.jar GetPileupSummaries -I results/recal/P035/P035_dna_tumor_recal.bam -L resources/filtered_gnomad_chr.vcf.gz -V resources/filtered_gnomad_chr.vcf.gz -O results/mutect2/P035/P035_tumor_pileup_summaries.table
15:21:28.190 INFO  NativeLibraryLoader - Loading libgkl_compression.so from jar:file:/lustre1/project/stg_00096/home/rdewin/system/miniconda/envs/WGS/share/gatk4-4.5.0.0-0/gatk-package-4.5.0.0-local.jar!/com/intel/gkl/native/libgkl_compression.so
15:21:28.399 INFO  GetPileupSummaries - ------------------------------------------------------------
15:21:28.402 INFO  GetPileupSummaries - The Genome Analysis Toolkit (GATK) v4.5.0.0
15:21:28.402 INFO  GetPileupSummaries - For support and documentation go to https://software.broadinstitute.org/gatk/
15:21:28.402 INFO  GetPileupSummaries - Executing as vsc35407@g28l12 on Linux v4.18.0-513.24.1.el8_9.x86_64 amd64
15:21:28.402 INFO  GetPileupSummaries - Java runtime: OpenJDK 64-Bit Server VM v17.0.10-internal+0-adhoc..src
15:21:28.403 INFO  GetPileupSummaries - Start Date/Time: July 14, 2024 at 3:21:28 PM CEST
15:21:28.403 INFO  GetPileupSummaries - ------------------------------------------------------------
15:21:28.403 INFO  GetPileupSummaries - ------------------------------------------------------------
15:21:28.405 INFO  GetPileupSummaries - HTSJDK Version: 4.1.0
15:21:28.405 INFO  GetPileupSummaries - Picard Version: 3.1.1
15:21:28.405 INFO  GetPileupSummaries - Built for Spark Version: 3.5.0
15:21:28.406 INFO  GetPileupSummaries - HTSJDK Defaults.COMPRESSION_LEVEL : 2
15:21:28.406 INFO  GetPileupSummaries - HTSJDK Defaults.USE_ASYNC_IO_READ_FOR_SAMTOOLS : false
15:21:28.407 INFO  GetPileupSummaries - HTSJDK Defaults.USE_ASYNC_IO_WRITE_FOR_SAMTOOLS : true
15:21:28.407 INFO  GetPileupSummaries - HTSJDK Defaults.USE_ASYNC_IO_WRITE_FOR_TRIBBLE : false
15:21:28.408 INFO  GetPileupSummaries - Deflater: IntelDeflater
15:21:28.408 INFO  GetPileupSummaries - Inflater: IntelInflater
15:21:28.409 INFO  GetPileupSummaries - GCS max retries/reopens: 20
15:21:28.409 INFO  GetPileupSummaries - Requester pays: disabled
15:21:28.409 INFO  GetPileupSummaries - Initializing engine
15:21:28.632 INFO  FeatureManager - Using codec VCFCodec to read file file:///lustre1/project/stg_00096/home/rdewin/WGS/resources/filtered_gnomad_chr.vcf.gz
15:21:28.733 INFO  FeatureManager - Using codec VCFCodec to read file file:///lustre1/project/stg_00096/home/rdewin/WGS/resources/filtered_gnomad_chr.vcf.gz
15:22:52.314 INFO  IntervalArgumentCollection - Processing 8916026 bp from intervals
15:22:52.509 INFO  GetPileupSummaries - Done initializing engine
15:22:52.516 INFO  ProgressMeter - Starting traversal
15:22:52.516 INFO  ProgressMeter -        Current Locus  Elapsed Minutes        Loci Processed      Loci/Minute
15:23:32.709 INFO  ProgressMeter -          chr1:252938              0.7                  1000           1492.9
15:23:42.766 INFO  ProgressMeter -         chr1:3711457              0.8                 16000          19104.5
15:23:53.017 INFO  ProgressMeter -         chr1:7755736              1.0                 31000          30743.3
15:24:03.469 INFO  ProgressMeter -        chr1:12335280              1.2                 46000          38899.0
15:24:13.660 INFO  ProgressMeter -        chr1:16557504              1.4                 63000          46583.9
15:24:24.326 INFO  ProgressMeter -        chr1:21157966              1.5                 78000          50974.8
15:24:34.576 INFO  ProgressMeter -        chr1:25893866              1.7                 92000          54085.8
15:24:44.887 INFO  ProgressMeter -        chr1:30954124              1.9                106000          56598.2
15:24:55.478 INFO  ProgressMeter -        chr1:36335514              2.0                120000          58554.7
15:25:05.724 INFO  ProgressMeter -        chr1:41147727              2.2                134000          60357.2
15:25:16.263 INFO  ProgressMeter -        chr1:46575087              2.4                147000          61357.8
15:25:26.814 INFO  ProgressMeter -        chr1:52393948              2.6                161000          62606.1
15:25:37.275 INFO  ProgressMeter -        chr1:57046271              2.7                176000          64093.6
15:25:47.685 INFO  ProgressMeter -        chr1:61984284              2.9                191000          65422.9
15:25:58.292 INFO  ProgressMeter -        chr1:67435347              3.1                206000          66531.7
15:26:08.479 INFO  ProgressMeter -        chr1:73443404              3.3                221000          67665.8
15:26:18.781 INFO  ProgressMeter -        chr1:79160773              3.4                236000          68649.9
15:26:28.811 INFO  ProgressMeter -        chr1:84495920              3.6                252000          69904.5
15:26:39.410 INFO  ProgressMeter -        chr1:89945384              3.8                267000          70605.7
15:26:49.844 INFO  ProgressMeter -        chr1:95615094              4.0                281000          71041.2
15:27:00.331 INFO  ProgressMeter -       chr1:101227615              4.1                296000          71666.4
15:27:10.821 INFO  ProgressMeter -       chr1:106826424              4.3                314000          72937.0
15:27:21.497 INFO  ProgressMeter -       chr1:112097672              4.5                328000          73165.3
15:27:32.193 INFO  ProgressMeter -       chr1:117284625              4.7                343000          73585.1
15:27:42.631 INFO  ProgressMeter -       chr1:143097267              4.8                361000          74660.3
15:27:53.133 INFO  ProgressMeter -       chr1:149033086              5.0                377000          75245.2
15:28:03.381 INFO  ProgressMeter -       chr1:154320677              5.2                391000          75467.1
15:28:13.995 INFO  ProgressMeter -       chr1:159371966              5.4                406000          75774.8
15:28:24.196 INFO  ProgressMeter -       chr1:164546564              5.5                421000          76157.7
15:28:34.550 INFO  ProgressMeter -       chr1:169301583              5.7                436000          76483.8
15:28:44.584 INFO  ProgressMeter -       chr1:174683998              5.9                450000          76689.7
15:28:54.713 INFO  ProgressMeter -       chr1:180095442              6.0                464000          76864.2
15:29:04.976 INFO  ProgressMeter -       chr1:185417802              6.2                478000          77001.8
15:29:14.990 INFO  ProgressMeter -       chr1:191175023              6.4                495000          77652.3
15:29:25.462 INFO  ProgressMeter -       chr1:197063837              6.5                511000          78026.2
15:29:35.628 INFO  ProgressMeter -       chr1:201914747              6.7                525000          78142.1
15:29:45.735 INFO  ProgressMeter -       chr1:206657159              6.9                538000          78118.4
15:29:56.414 INFO  ProgressMeter -       chr1:211450210              7.1                553000          78273.7
15:30:06.662 INFO  ProgressMeter -       chr1:216463981              7.2                568000          78498.9
15:30:17.368 INFO  ProgressMeter -       chr1:222193251              7.4                584000          78767.8
15:30:27.583 INFO  ProgressMeter -       chr1:227000402              7.6                598000          78845.7
15:30:37.602 INFO  ProgressMeter -       chr1:231777565              7.8                612000          78953.3
15:30:47.873 INFO  ProgressMeter -       chr1:236417864              7.9                627000          79140.5
15:30:57.965 INFO  ProgressMeter -       chr1:241451877              8.1                644000          79596.4
15:31:08.438 INFO  ProgressMeter -       chr1:246339124              8.3                660000          79851.3
15:31:18.609 INFO  ProgressMeter -         chr2:1951831              8.4                677000          80261.9
15:31:29.089 INFO  ProgressMeter -         chr2:6370301              8.6                694000          80608.3
15:31:39.145 INFO  ProgressMeter -        chr2:10980601              8.8                708000          80664.0
15:31:49.567 INFO  ProgressMeter -        chr2:15859271              9.0                724000          80886.2
15:31:59.769 INFO  ProgressMeter -        chr2:20691939              9.1                739000          81023.0
15:32:09.993 INFO  ProgressMeter -        chr2:26052601              9.3                753000          81043.8
15:32:20.648 INFO  ProgressMeter -        chr2:31148672              9.5                767000          81002.3
15:32:31.034 INFO  ProgressMeter -        chr2:36132676              9.6                784000          81311.2
15:32:41.565 INFO  ProgressMeter -        chr2:40753357              9.8                800000          81487.3
15:32:51.730 INFO  ProgressMeter -        chr2:45286105             10.0                815000          81606.9
15:33:02.175 INFO  ProgressMeter -        chr2:49808794             10.2                830000          81685.1
15:33:12.640 INFO  ProgressMeter -        chr2:54731362             10.3                847000          81951.4
15:33:22.977 INFO  ProgressMeter -        chr2:59801762             10.5                863000          82130.4
15:33:33.598 INFO  ProgressMeter -        chr2:65455242             10.7                877000          82080.0
15:33:43.765 INFO  ProgressMeter -        chr2:70212460             10.9                892000          82180.7
15:33:53.856 INFO  ProgressMeter -        chr2:74961801             11.0                905000          82106.2
15:34:03.990 INFO  ProgressMeter -        chr2:79965753             11.2                922000          82385.9
15:34:14.332 INFO  ProgressMeter -        chr2:84999647             11.4                939000          82632.3
15:34:24.727 INFO  ProgressMeter -        chr2:91879308             11.5                958000          83038.4
15:34:35.328 INFO  ProgressMeter -       chr2:100662090             11.7                971000          82895.7
15:34:45.562 INFO  ProgressMeter -       chr2:105833945             11.9                985000          82883.9
15:34:55.617 INFO  ProgressMeter -       chr2:111172514             12.1                999000          82893.1
15:35:06.153 INFO  ProgressMeter -       chr2:116262167             12.2               1014000          82929.4
15:35:16.740 INFO  ProgressMeter -       chr2:121401266             12.4               1030000          83039.6
15:35:27.342 INFO  ProgressMeter -       chr2:126833927             12.6               1046000          83145.0
15:35:37.433 INFO  ProgressMeter -       chr2:131196770             12.7               1061000          83224.7
15:35:47.840 INFO  ProgressMeter -       chr2:136084894             12.9               1077000          83345.9
15:35:58.101 INFO  ProgressMeter -       chr2:141189782             13.1               1093000          83479.3
15:36:08.239 INFO  ProgressMeter -       chr2:147050762             13.3               1108000          83546.7
15:36:18.429 INFO  ProgressMeter -       chr2:152866118             13.4               1122000          83532.6
15:36:28.695 INFO  ProgressMeter -       chr2:158858999             13.6               1137000          83584.7
15:36:39.368 INFO  ProgressMeter -       chr2:164686875             13.8               1152000          83594.2
15:36:49.580 INFO  ProgressMeter -       chr2:169879772             14.0               1167000          83649.6
15:37:00.230 INFO  ProgressMeter -       chr2:175076391             14.1               1182000          83660.3
15:37:10.333 INFO  ProgressMeter -       chr2:180197682             14.3               1196000          83654.2
15:37:20.557 INFO  ProgressMeter -       chr2:185539627             14.5               1211000          83705.8
15:37:30.797 INFO  ProgressMeter -       chr2:191453067             14.6               1226000          83754.5
15:37:41.387 INFO  ProgressMeter -       chr2:197553190             14.8               1241000          83769.3
15:37:51.967 INFO  ProgressMeter -       chr2:203990174             15.0               1254000          83651.1
15:38:01.985 INFO  ProgressMeter -       chr2:209286465             15.2               1268000          83653.3
15:38:12.492 INFO  ProgressMeter -       chr2:214618893             15.3               1284000          83741.3
15:38:23.129 INFO  ProgressMeter -       chr2:219605745             15.5               1299000          83751.3
15:38:33.328 INFO  ProgressMeter -       chr2:224853811             15.7               1314000          83800.0
15:38:43.645 INFO  ProgressMeter -       chr2:230109831             15.9               1330000          83900.4
15:38:53.666 INFO  ProgressMeter -       chr2:234434839             16.0               1344000          83899.5
15:39:03.685 INFO  ProgressMeter -       chr2:238332730             16.2               1359000          83960.7
15:39:13.713 INFO  ProgressMeter -       chr2:242140025             16.4               1373000          83958.8
15:39:23.769 INFO  ProgressMeter -         chr3:3502351             16.5               1391000          84196.6
15:39:34.224 INFO  ProgressMeter -         chr3:7828026             16.7               1408000          84336.0
15:39:44.274 INFO  ProgressMeter -        chr3:12219686             16.9               1422000          84328.5
15:39:54.843 INFO  ProgressMeter -        chr3:16566506             17.0               1436000          84278.4
15:40:04.965 INFO  ProgressMeter -        chr3:21473729             17.2               1451000          84323.9
15:40:15.221 INFO  ProgressMeter -        chr3:26080370             17.4               1467000          84415.1
15:40:25.510 INFO  ProgressMeter -        chr3:30819020             17.5               1483000          84501.9
15:40:35.880 INFO  ProgressMeter -        chr3:35748168             17.7               1498000          84524.2
15:40:46.210 INFO  ProgressMeter -        chr3:40716285             17.9               1512000          84493.4
15:40:56.547 INFO  ProgressMeter -        chr3:45809565             18.1               1526000          84462.6
15:41:07.128 INFO  ProgressMeter -        chr3:52214785             18.2               1538000          84303.8
15:41:17.758 INFO  ProgressMeter -        chr3:57196832             18.4               1552000          84253.1
15:41:27.801 INFO  ProgressMeter -        chr3:61830333             18.6               1567000          84301.3
15:41:38.068 INFO  ProgressMeter -        chr3:66563903             18.8               1583000          84385.3
15:41:48.353 INFO  ProgressMeter -        chr3:71634763             18.9               1598000          84413.6
15:41:58.671 INFO  ProgressMeter -        chr3:76481183             19.1               1615000          84543.5
15:42:09.090 INFO  ProgressMeter -        chr3:82743350             19.3               1631000          84612.0
15:42:19.205 INFO  ProgressMeter -        chr3:88756994             19.4               1647000          84701.3
15:42:29.599 INFO  ProgressMeter -        chr3:99940870             19.6               1667000          84972.8
15:42:39.750 INFO  ProgressMeter -       chr3:105396140             19.8               1682000          85004.3
15:42:49.788 INFO  ProgressMeter -       chr3:110559089             20.0               1698000          85093.4
15:43:00.299 INFO  ProgressMeter -       chr3:115879528             20.1               1713000          85098.1
15:43:10.760 INFO  ProgressMeter -       chr3:121563504             20.3               1728000          85106.1
15:43:21.534 INFO  ProgressMeter -       chr3:126770149             20.5               1743000          85092.3
15:43:32.268 INFO  ProgressMeter -       chr3:131387623             20.7               1758000          85081.6
15:43:42.416 INFO  ProgressMeter -       chr3:135930356             20.8               1773000          85110.8
15:43:53.163 INFO  ProgressMeter -       chr3:141783899             21.0               1787000          85051.6
15:44:03.267 INFO  ProgressMeter -       chr3:146640405             21.2               1801000          85036.3
15:44:13.585 INFO  ProgressMeter -       chr3:152129201             21.4               1818000          85147.6
15:44:23.882 INFO  ProgressMeter -       chr3:157346303             21.5               1833000          85165.6
15:44:34.114 INFO  ProgressMeter -       chr3:162221165             21.7               1848000          85187.6
15:44:44.613 INFO  ProgressMeter -       chr3:168111884             21.9               1864000          85237.6
15:44:55.078 INFO  ProgressMeter -       chr3:173403182             22.0               1881000          85334.4
15:45:05.177 INFO  ProgressMeter -       chr3:178385486             22.2               1897000          85408.1
15:45:15.236 INFO  ProgressMeter -       chr3:183561626             22.4               1912000          85438.5
15:45:26.003 INFO  ProgressMeter -       chr3:189155922             22.6               1927000          85423.9
15:45:36.433 INFO  ProgressMeter -       chr3:193832488             22.7               1943000          85474.4
15:45:46.700 INFO  ProgressMeter -       chr3:198279916             22.9               1960000          85578.1
15:45:57.301 INFO  ProgressMeter -         chr4:1353477             23.1               1977000          85659.5
15:46:07.704 INFO  ProgressMeter -         chr4:5262408             23.3               1993000          85708.9
15:46:18.159 INFO  ProgressMeter -         chr4:8900096             23.4               2009000          85754.3
15:46:28.520 INFO  ProgressMeter -        chr4:13269109             23.6               2027000          85889.6
15:46:38.620 INFO  ProgressMeter -        chr4:18088604             23.8               2042000          85912.4
15:46:49.102 INFO  ProgressMeter -        chr4:23337735             23.9               2059000          85995.5
15:46:59.570 INFO  ProgressMeter -        chr4:28591603             24.1               2075000          86036.9
15:47:10.195 INFO  ProgressMeter -        chr4:34140457             24.3               2094000          86191.8
15:47:20.531 INFO  ProgressMeter -        chr4:38872078             24.5               2111000          86279.8
15:47:30.592 INFO  ProgressMeter -        chr4:43670192             24.6               2126000          86301.4
15:47:40.618 INFO  ProgressMeter -        chr4:55398596             24.8               2146000          86526.4
15:47:50.900 INFO  ProgressMeter -        chr4:60630949             25.0               2161000          86533.2
15:48:01.237 INFO  ProgressMeter -        chr4:65814066             25.1               2179000          86656.2
15:48:11.457 INFO  ProgressMeter -        chr4:71436348             25.3               2196000          86744.6
15:48:22.012 INFO  ProgressMeter -        chr4:76750893             25.5               2213000          86813.0
15:48:32.318 INFO  ProgressMeter -        chr4:81821437             25.7               2228000          86816.4
15:48:42.963 INFO  ProgressMeter -        chr4:87139925             25.8               2243000          86800.8
15:48:53.498 INFO  ProgressMeter -        chr4:92179631             26.0               2257000          86753.1
15:49:03.608 INFO  ProgressMeter -        chr4:97552513             26.2               2273000          86805.9
15:49:13.623 INFO  ProgressMeter -       chr4:102670221             26.4               2288000          86825.3
15:49:24.291 INFO  ProgressMeter -       chr4:108316541             26.5               2304000          86846.4
15:49:34.369 INFO  ProgressMeter -       chr4:113482926             26.7               2318000          86824.4
15:49:44.788 INFO  ProgressMeter -       chr4:118726289             26.9               2333000          86821.6
15:49:54.993 INFO  ProgressMeter -       chr4:124248402             27.0               2349000          86867.2
15:50:05.260 INFO  ProgressMeter -       chr4:129217877             27.2               2365000          86909.0
15:50:15.837 INFO  ProgressMeter -       chr4:134935345             27.4               2382000          86970.3
15:50:26.304 INFO  ProgressMeter -       chr4:141035760             27.6               2399000          87036.5
15:50:36.892 INFO  ProgressMeter -       chr4:146564044             27.7               2414000          87023.7
15:50:47.524 INFO  ProgressMeter -       chr4:152520017             27.9               2429000          87008.6
15:50:57.852 INFO  ProgressMeter -       chr4:157886190             28.1               2443000          86973.8
15:51:07.910 INFO  ProgressMeter -       chr4:163171501             28.3               2458000          86988.6
15:51:18.096 INFO  ProgressMeter -       chr4:168212550             28.4               2476000          87102.3
15:51:28.767 INFO  ProgressMeter -       chr4:173274190             28.6               2493000          87155.1
15:51:38.928 INFO  ProgressMeter -       chr4:178416531             28.8               2509000          87198.2
15:51:49.072 INFO  ProgressMeter -       chr4:183576175             28.9               2526000          87276.2
15:51:59.261 INFO  ProgressMeter -       chr4:188228938             29.1               2543000          87351.0
15:52:09.490 INFO  ProgressMeter -       chr4:192893199             29.3               2561000          87457.2
15:52:19.590 INFO  ProgressMeter -         chr5:1685811             29.5               2572000          87330.9
15:52:29.940 INFO  ProgressMeter -         chr5:4290857             29.6               2582000          87159.8
15:52:40.382 INFO  ProgressMeter -         chr5:7184603             29.8               2592000          86986.4
15:52:50.383 INFO  ProgressMeter -        chr5:10069910             30.0               2602000          86836.2
15:53:01.287 INFO  ProgressMeter -        chr5:13467297             30.1               2612000          86644.5
15:53:11.308 INFO  ProgressMeter -        chr5:16629213             30.3               2621000          86464.0
15:53:21.816 INFO  ProgressMeter -        chr5:20156305             30.5               2632000          86328.2
15:53:32.046 INFO  ProgressMeter -        chr5:23778688             30.7               2643000          86206.8
15:53:42.661 INFO  ProgressMeter -        chr5:27357132             30.8               2655000          86101.4
15:53:53.413 INFO  ProgressMeter -        chr5:30874110             31.0               2667000          85990.8
15:54:04.275 INFO  ProgressMeter -        chr5:33986818             31.2               2677000          85812.4
15:54:15.392 INFO  ProgressMeter -        chr5:37400357             31.4               2687000          85624.3
15:54:26.405 INFO  ProgressMeter -        chr5:40639965             31.6               2697000          85443.2
15:54:37.052 INFO  ProgressMeter -        chr5:43953005             31.7               2707000          85280.6
15:54:47.573 INFO  ProgressMeter -        chr5:52299973             31.9               2719000          85188.1
15:54:58.006 INFO  ProgressMeter -        chr5:57587820             32.1               2734000          85193.9
15:55:08.482 INFO  ProgressMeter -        chr5:62978273             32.3               2749000          85197.8
15:55:18.795 INFO  ProgressMeter -        chr5:68549321             32.4               2764000          85208.8
15:55:28.810 INFO  ProgressMeter -        chr5:74586060             32.6               2777000          85171.3
15:55:39.169 INFO  ProgressMeter -        chr5:79470170             32.8               2792000          85180.3
15:55:49.775 INFO  ProgressMeter -        chr5:85039598             33.0               2807000          85178.6
15:56:00.342 INFO  ProgressMeter -        chr5:91336996             33.1               2823000          85208.7
15:56:10.714 INFO  ProgressMeter -        chr5:97330336             33.3               2837000          85186.8
15:56:20.774 INFO  ProgressMeter -       chr5:102289074             33.5               2854000          85268.0
15:56:31.332 INFO  ProgressMeter -       chr5:108083501             33.6               2871000          85327.2
15:56:41.648 INFO  ProgressMeter -       chr5:112758720             33.8               2887000          85366.6
15:56:52.116 INFO  ProgressMeter -       chr5:117331294             34.0               2904000          85428.5
15:57:02.608 INFO  ProgressMeter -       chr5:121983003             34.2               2922000          85518.1
15:57:12.760 INFO  ProgressMeter -       chr5:127030389             34.3               2938000          85562.7
15:57:22.798 INFO  ProgressMeter -       chr5:132261622             34.5               2953000          85582.5
15:57:33.062 INFO  ProgressMeter -       chr5:137309432             34.7               2966000          85535.2
15:57:43.660 INFO  ProgressMeter -       chr5:143170454             34.9               2979000          85474.8
15:57:54.089 INFO  ProgressMeter -       chr5:148413045             35.0               2994000          85478.9
15:58:04.619 INFO  ProgressMeter -       chr5:153064986             35.2               3009000          85478.8
15:58:14.806 INFO  ProgressMeter -       chr5:158006934             35.4               3024000          85492.6
15:58:25.234 INFO  ProgressMeter -       chr5:163162826             35.5               3039000          85496.5
15:58:35.420 INFO  ProgressMeter -       chr5:168800040             35.7               3055000          85538.2
15:58:45.434 INFO  ProgressMeter -       chr5:173111025             35.9               3069000          85530.4
15:58:55.708 INFO  ProgressMeter -       chr5:177650006             36.1               3084000          85540.3
15:59:06.268 INFO  ProgressMeter -           chr6:35473             36.2               3100000          85566.3
15:59:16.845 INFO  ProgressMeter -         chr6:4461767             36.4               3116000          85591.5
15:59:27.262 INFO  ProgressMeter -         chr6:9037212             36.6               3132000          85622.7
15:59:37.797 INFO  ProgressMeter -        chr6:13937309             36.8               3148000          85648.9
15:59:47.994 INFO  ProgressMeter -        chr6:18764313             36.9               3163000          85661.0
15:59:58.350 INFO  ProgressMeter -        chr6:23699380             37.1               3179000          85693.7
16:00:08.820 INFO  ProgressMeter -        chr6:28817877             37.3               3195000          85721.8
16:00:19.020 INFO  ProgressMeter -        chr6:32217919             37.4               3218000          85946.9
16:00:29.569 INFO  ProgressMeter -        chr6:36445529             37.6               3240000          86130.0
16:00:39.618 INFO  ProgressMeter -        chr6:40957088             37.8               3254000          86118.8
16:00:49.844 INFO  ProgressMeter -        chr6:45600834             38.0               3268000          86100.9
16:01:00.061 INFO  ProgressMeter -        chr6:51257168             38.1               3283000          86109.8
16:01:10.264 INFO  ProgressMeter -        chr6:56047955             38.3               3299000          86145.2
16:01:20.384 INFO  ProgressMeter -        chr6:64788571             38.5               3315000          86183.4
16:01:30.871 INFO  ProgressMeter -        chr6:70584709             38.6               3334000          86285.3
16:01:41.148 INFO  ProgressMeter -        chr6:76076023             38.8               3351000          86342.6
16:01:51.528 INFO  ProgressMeter -        chr6:81840216             39.0               3369000          86421.1
16:02:01.901 INFO  ProgressMeter -        chr6:87777655             39.2               3386000          86473.7
16:02:12.184 INFO  ProgressMeter -        chr6:93561302             39.3               3402000          86504.4
16:02:22.276 INFO  ProgressMeter -        chr6:99251288             39.5               3419000          86565.8
16:02:32.481 INFO  ProgressMeter -       chr6:104729706             39.7               3435000          86597.9
16:02:42.575 INFO  ProgressMeter -       chr6:109937547             39.8               3450000          86608.7
16:02:52.736 INFO  ProgressMeter -       chr6:114953601             40.0               3464000          86592.1
16:03:03.065 INFO  ProgressMeter -       chr6:120605980             40.2               3479000          86594.4
16:03:13.231 INFO  ProgressMeter -       chr6:126172569             40.3               3495000          86627.3
16:03:23.799 INFO  ProgressMeter -       chr6:131770388             40.5               3510000          86620.9
16:03:34.288 INFO  ProgressMeter -       chr6:136571765             40.7               3526000          86642.0
16:03:44.345 INFO  ProgressMeter -       chr6:141512324             40.9               3540000          86629.2
16:03:54.625 INFO  ProgressMeter -       chr6:146905265             41.0               3555000          86633.0
16:04:04.659 INFO  ProgressMeter -       chr6:151823889             41.2               3570000          86645.5
16:04:14.808 INFO  ProgressMeter -       chr6:156588767             41.4               3586000          86678.0
16:04:25.004 INFO  ProgressMeter -       chr6:161230774             41.5               3601000          86684.5
16:04:35.009 INFO  ProgressMeter -       chr6:165925887             41.7               3616000          86697.5
16:04:45.465 INFO  ProgressMeter -       chr6:170196574             41.9               3633000          86742.7
16:04:55.928 INFO  ProgressMeter -         chr7:1927188             42.1               3650000          86787.3
16:05:06.030 INFO  ProgressMeter -         chr7:5541620             42.2               3666000          86820.1
16:05:16.396 INFO  ProgressMeter -         chr7:9381596             42.4               3684000          86890.9
16:05:26.676 INFO  ProgressMeter -        chr7:13939807             42.6               3703000          86987.5
16:05:36.889 INFO  ProgressMeter -        chr7:18878357             42.7               3720000          87038.8
16:05:47.456 INFO  ProgressMeter -        chr7:23872563             42.9               3737000          87077.8
16:05:57.886 INFO  ProgressMeter -        chr7:28774532             43.1               3752000          87074.6
16:06:08.115 INFO  ProgressMeter -        chr7:33439888             43.3               3767000          87078.2
16:06:18.153 INFO  ProgressMeter -        chr7:38044385             43.4               3781000          87065.1
16:06:28.248 INFO  ProgressMeter -        chr7:43197875             43.6               3796000          87073.1
16:06:38.350 INFO  ProgressMeter -        chr7:47905675             43.8               3810000          87058.1
16:06:48.684 INFO  ProgressMeter -        chr7:52587511             43.9               3825000          87058.2
16:06:58.943 INFO  ProgressMeter -        chr7:57210344             44.1               3843000          87128.8
16:07:09.323 INFO  ProgressMeter -        chr7:66614354             44.3               3864000          87262.7
16:07:19.501 INFO  ProgressMeter -        chr7:71870591             44.4               3880000          87289.6
16:07:30.206 INFO  ProgressMeter -        chr7:77490474             44.6               3895000          87276.8
16:07:40.466 INFO  ProgressMeter -        chr7:82365643             44.8               3911000          87300.8
16:07:50.685 INFO  ProgressMeter -        chr7:87779489             45.0               3928000          87348.2
16:08:00.812 INFO  ProgressMeter -        chr7:93263351             45.1               3943000          87353.8
16:08:10.882 INFO  ProgressMeter -        chr7:98849372             45.3               3957000          87339.2
16:08:21.202 INFO  ProgressMeter -       chr7:103695612             45.5               3972000          87338.7
16:08:31.304 INFO  ProgressMeter -       chr7:108233820             45.6               3986000          87323.3
16:08:41.386 INFO  ProgressMeter -       chr7:113637506             45.8               4001000          87330.4
16:08:51.411 INFO  ProgressMeter -       chr7:119563492             46.0               4015000          87317.6
16:09:01.451 INFO  ProgressMeter -       chr7:125624541             46.1               4030000          87326.0
16:09:12.011 INFO  ProgressMeter -       chr7:131174812             46.3               4045000          87318.0
16:09:22.495 INFO  ProgressMeter -       chr7:136626540             46.5               4059000          87291.0
16:09:32.743 INFO  ProgressMeter -       chr7:141522915             46.7               4074000          87292.9
16:09:42.799 INFO  ProgressMeter -       chr7:146599104             46.8               4090000          87322.2
16:09:53.004 INFO  ProgressMeter -       chr7:151228552             47.0               4107000          87367.9
16:10:03.034 INFO  ProgressMeter -       chr7:155250957             47.2               4123000          87397.4
16:10:13.313 INFO  ProgressMeter -       chr7:159152227             47.3               4139000          87419.1
16:10:23.691 INFO  ProgressMeter -         chr8:2242251             47.5               4157000          87479.7
16:10:34.166 INFO  ProgressMeter -         chr8:5416739             47.7               4179000          87620.8
16:10:44.402 INFO  ProgressMeter -         chr8:9303639             47.9               4198000          87705.4
16:10:54.444 INFO  ProgressMeter -        chr8:13973865             48.0               4217000          87795.4
16:11:04.557 INFO  ProgressMeter -        chr8:17873738             48.2               4237000          87903.3
16:11:14.818 INFO  ProgressMeter -        chr8:21655202             48.4               4254000          87944.0
16:11:24.928 INFO  ProgressMeter -        chr8:26234921             48.5               4269000          87947.8
16:11:35.252 INFO  ProgressMeter -        chr8:31046552             48.7               4284000          87945.0
16:11:45.827 INFO  ProgressMeter -        chr8:36641036             48.9               4300000          87955.2
16:11:56.447 INFO  ProgressMeter -        chr8:42268609             49.1               4315000          87943.7
16:12:06.902 INFO  ProgressMeter -        chr8:49806366             49.2               4330000          87937.1
16:12:16.921 INFO  ProgressMeter -        chr8:54659403             49.4               4345000          87943.4
16:12:27.401 INFO  ProgressMeter -        chr8:59758399             49.6               4361000          87956.4
16:12:37.548 INFO  ProgressMeter -        chr8:64990095             49.8               4376000          87958.9
16:12:48.089 INFO  ProgressMeter -        chr8:70270548             49.9               4391000          87949.8
16:12:58.401 INFO  ProgressMeter -        chr8:75441377             50.1               4406000          87947.5
16:13:08.565 INFO  ProgressMeter -        chr8:80968293             50.3               4422000          87969.4
16:13:19.285 INFO  ProgressMeter -        chr8:87056783             50.4               4439000          87994.9
16:13:29.330 INFO  ProgressMeter -        chr8:92530864             50.6               4455000          88019.9
16:13:40.039 INFO  ProgressMeter -        chr8:98331985             50.8               4470000          88005.9
16:13:50.236 INFO  ProgressMeter -       chr8:103468831             51.0               4484000          87987.1
16:14:00.817 INFO  ProgressMeter -       chr8:108772181             51.1               4499000          87977.0
16:14:11.369 INFO  ProgressMeter -       chr8:114849018             51.3               4515000          87987.3
16:14:21.448 INFO  ProgressMeter -       chr8:119985900             51.5               4531000          88011.0
16:14:31.950 INFO  ProgressMeter -       chr8:125242710             51.7               4547000          88022.5
16:14:42.039 INFO  ProgressMeter -       chr8:129889664             51.8               4563000          88045.7
16:14:52.757 INFO  ProgressMeter -       chr8:134706673             52.0               4578000          88031.7
16:15:03.011 INFO  ProgressMeter -       chr8:139359693             52.2               4594000          88050.0
16:15:13.778 INFO  ProgressMeter -       chr8:143838843             52.4               4609000          88034.7
16:15:23.919 INFO  ProgressMeter -         chr9:1331279             52.5               4625000          88056.0
16:15:34.119 INFO  ProgressMeter -         chr9:5514103             52.7               4642000          88094.6
16:15:44.612 INFO  ProgressMeter -        chr9:10051646             52.9               4659000          88124.7
16:15:55.050 INFO  ProgressMeter -        chr9:14876150             53.0               4678000          88193.9
16:16:05.389 INFO  ProgressMeter -        chr9:19240660             53.2               4695000          88227.7
16:16:15.873 INFO  ProgressMeter -        chr9:27059954             53.4               4721000          88426.0
16:16:26.384 INFO  ProgressMeter -        chr9:32128562             53.6               4739000          88472.8
16:16:36.462 INFO  ProgressMeter -        chr9:36883436             53.7               4753000          88456.8
16:16:46.954 INFO  ProgressMeter -        chr9:43809447             53.9               4773000          88540.9
16:16:57.622 INFO  ProgressMeter -        chr9:81382852             54.1               4793000          88619.6
16:17:07.690 INFO  ProgressMeter -        chr9:86997327             54.3               4807000          88603.6
16:17:18.206 INFO  ProgressMeter -        chr9:91678834             54.4               4823000          88612.2
16:17:28.807 INFO  ProgressMeter -        chr9:97115500             54.6               4839000          88618.5
16:17:39.399 INFO  ProgressMeter -       chr9:101827060             54.8               4855000          88625.0
16:17:49.510 INFO  ProgressMeter -       chr9:106257828             54.9               4869000          88608.0
16:18:00.054 INFO  ProgressMeter -       chr9:111071232             55.1               4884000          88597.6
16:18:10.638 INFO  ProgressMeter -       chr9:116630992             55.3               4901000          88622.4
16:18:20.994 INFO  ProgressMeter -       chr9:121469375             55.5               4917000          88635.1
16:18:31.381 INFO  ProgressMeter -       chr9:126332907             55.6               4932000          88628.9
16:18:41.835 INFO  ProgressMeter -       chr9:131796740             55.8               4947000          88621.0
16:18:52.242 INFO  ProgressMeter -       chr9:136800038             56.0               4961000          88596.5
16:19:02.706 INFO  ProgressMeter -       chr9:141761603             56.2               4975000          88570.7
16:19:12.746 INFO  ProgressMeter -       chr9:146023100             56.3               4989000          88556.1
16:19:22.930 INFO  ProgressMeter -       chr9:149716742             56.5               5004000          88555.6
16:19:32.982 INFO  ProgressMeter -        chr10:3350669             56.7               5020000          88576.1
16:19:43.119 INFO  ProgressMeter -        chr10:7444840             56.8               5036000          88594.3
16:19:53.367 INFO  ProgressMeter -       chr10:12311031             57.0               5051000          88592.0
16:20:03.560 INFO  ProgressMeter -       chr10:16580337             57.2               5067000          88608.6
16:20:13.895 INFO  ProgressMeter -       chr10:20954682             57.4               5084000          88638.9
16:20:24.326 INFO  ProgressMeter -       chr10:26000902             57.5               5100000          88649.1
16:20:34.920 INFO  ProgressMeter -       chr10:30629735             57.7               5117000          88672.5
16:20:45.153 INFO  ProgressMeter -       chr10:35191250             57.9               5132000          88670.4
16:20:55.453 INFO  ProgressMeter -       chr10:42050224             58.0               5152000          88752.7
16:21:05.505 INFO  ProgressMeter -       chr10:46756311             58.2               5172000          88840.8
16:21:15.673 INFO  ProgressMeter -       chr10:51621401             58.4               5187000          88839.9
16:21:26.202 INFO  ProgressMeter -       chr10:56852597             58.6               5204000          88863.9
16:21:36.258 INFO  ProgressMeter -       chr10:62108436             58.7               5220000          88882.8
16:21:46.268 INFO  ProgressMeter -       chr10:67298955             58.9               5235000          88885.7
16:21:56.557 INFO  ProgressMeter -       chr10:71588012             59.1               5250000          88881.6
16:22:07.235 INFO  ProgressMeter -       chr10:76554242             59.2               5264000          88850.9
16:22:17.495 INFO  ProgressMeter -       chr10:80762504             59.4               5277000          88814.0
16:22:27.794 INFO  ProgressMeter -       chr10:85513420             59.6               5293000          88826.7
16:22:38.200 INFO  ProgressMeter -       chr10:90416936             59.8               5308000          88819.9
16:22:48.204 INFO  ProgressMeter -       chr10:95523330             59.9               5322000          88806.4
16:22:58.530 INFO  ProgressMeter -      chr10:100713320             60.1               5336000          88785.0
16:23:08.852 INFO  ProgressMeter -      chr10:106378559             60.3               5349000          88747.3
16:23:18.857 INFO  ProgressMeter -      chr10:111263762             60.4               5365000          88767.2
16:23:28.858 INFO  ProgressMeter -      chr10:116026747             60.6               5379000          88754.0
16:23:39.121 INFO  ProgressMeter -      chr10:121043996             60.8               5393000          88734.6
16:23:49.605 INFO  ProgressMeter -      chr10:125442809             61.0               5408000          88726.3
16:23:59.660 INFO  ProgressMeter -      chr10:129857411             61.1               5423000          88728.5
16:24:09.976 INFO  ProgressMeter -      chr10:133841329             61.3               5439000          88740.6
16:24:19.983 INFO  ProgressMeter -        chr11:3129746             61.5               5454000          88743.8
16:24:30.062 INFO  ProgressMeter -        chr11:7243556             61.6               5471000          88777.8
16:24:40.613 INFO  ProgressMeter -       chr11:11899202             61.8               5486000          88767.9
16:24:51.485 INFO  ProgressMeter -       chr11:17560740             62.0               5500000          88734.3
16:25:01.632 INFO  ProgressMeter -       chr11:22098889             62.2               5515000          88734.2
16:25:11.672 INFO  ProgressMeter -       chr11:27085938             62.3               5533000          88784.7
16:25:22.406 INFO  ProgressMeter -       chr11:33618465             62.5               5548000          88770.6
16:25:32.479 INFO  ProgressMeter -       chr11:38253570             62.7               5563000          88772.2
16:25:43.102 INFO  ProgressMeter -       chr11:43645105             62.8               5581000          88808.5
16:25:53.309 INFO  ProgressMeter -       chr11:48797463             63.0               5594000          88775.0
16:26:03.437 INFO  ProgressMeter -       chr11:56654722             63.2               5614000          88854.4
16:26:13.469 INFO  ProgressMeter -       chr11:61833170             63.3               5627000          88825.1
16:26:23.686 INFO  ProgressMeter -       chr11:66890088             63.5               5640000          88791.6
16:26:34.342 INFO  ProgressMeter -       chr11:71360724             63.7               5655000          88779.6
16:26:44.564 INFO  ProgressMeter -       chr11:75882236             63.9               5669000          88762.0
16:26:55.114 INFO  ProgressMeter -       chr11:80867161             64.0               5684000          88752.5
16:27:05.550 INFO  ProgressMeter -       chr11:85896099             64.2               5700000          88761.2
16:27:16.051 INFO  ProgressMeter -       chr11:91118264             64.4               5717000          88784.0
16:27:26.326 INFO  ProgressMeter -       chr11:96560437             64.6               5732000          88780.8
16:27:36.351 INFO  ProgressMeter -      chr11:101442370             64.7               5749000          88814.3
16:27:46.715 INFO  ProgressMeter -      chr11:106931718             64.9               5764000          88809.0
16:27:57.364 INFO  ProgressMeter -      chr11:112642695             65.1               5779000          88797.3
16:28:07.681 INFO  ProgressMeter -      chr11:117429567             65.3               5793000          88777.9
16:28:18.338 INFO  ProgressMeter -      chr11:122520497             65.4               5807000          88750.8
16:28:28.934 INFO  ProgressMeter -      chr11:127234064             65.6               5822000          88740.6
16:28:39.407 INFO  ProgressMeter -      chr11:131858588             65.8               5837000          88733.1
16:28:49.685 INFO  ProgressMeter -         chr12:872574             66.0               5852000          88730.1
16:29:00.021 INFO  ProgressMeter -        chr12:5046123             66.1               5866000          88710.7
16:29:10.146 INFO  ProgressMeter -        chr12:9503083             66.3               5881000          88711.1
16:29:20.543 INFO  ProgressMeter -       chr12:14203717             66.5               5897000          88720.6
16:29:38.382 INFO  ProgressMeter -       chr12:18500789             66.8               5908000          88490.8
16:29:48.484 INFO  ProgressMeter -       chr12:23625909             66.9               5924000          88506.7
16:29:58.780 INFO  ProgressMeter -       chr12:28542394             67.1               5939000          88503.9
16:30:09.061 INFO  ProgressMeter -       chr12:32958778             67.3               5955000          88516.3
16:30:19.108 INFO  ProgressMeter -       chr12:39507117             67.4               5976000          88607.9
16:30:29.280 INFO  ProgressMeter -       chr12:44516016             67.6               5992000          88622.4
16:30:39.390 INFO  ProgressMeter -       chr12:49275375             67.8               6006000          88608.6
16:30:50.225 INFO  ProgressMeter -       chr12:54543593             68.0               6020000          88579.2
16:31:00.337 INFO  ProgressMeter -       chr12:59728054             68.1               6034000          88565.5
16:31:10.438 INFO  ProgressMeter -       chr12:65053015             68.3               6049000          88566.9
16:31:20.457 INFO  ProgressMeter -       chr12:69961006             68.5               6063000          88555.3
16:31:30.850 INFO  ProgressMeter -       chr12:75410774             68.6               6079000          88564.9
16:31:41.448 INFO  ProgressMeter -       chr12:81308385             68.8               6095000          88570.1
16:31:51.751 INFO  ProgressMeter -       chr12:87275637             69.0               6111000          88581.6
16:32:02.216 INFO  ProgressMeter -       chr12:93236302             69.2               6126000          88575.1
16:32:12.392 INFO  ProgressMeter -       chr12:98138072             69.3               6141000          88574.8
16:32:22.859 INFO  ProgressMeter -      chr12:103272747             69.5               6156000          88568.3
16:32:33.125 INFO  ProgressMeter -      chr12:107997886             69.7               6170000          88551.7
16:32:43.886 INFO  ProgressMeter -      chr12:113206530             69.9               6184000          88524.8
16:32:54.182 INFO  ProgressMeter -      chr12:117724202             70.0               6199000          88522.1
16:33:04.826 INFO  ProgressMeter -      chr12:122699427             70.2               6214000          88512.0
16:33:15.064 INFO  ProgressMeter -      chr12:127191178             70.4               6229000          88510.6
16:33:25.087 INFO  ProgressMeter -      chr12:131237866             70.5               6245000          88527.8
16:33:35.624 INFO  ProgressMeter -       chr13:19403815             70.7               6263000          88562.4
16:33:45.790 INFO  ProgressMeter -       chr13:23751289             70.9               6279000          88576.5
16:33:56.293 INFO  ProgressMeter -       chr13:28160440             71.1               6294000          88569.6
16:34:06.776 INFO  ProgressMeter -       chr13:33151983             71.2               6309000          88562.7
16:34:17.273 INFO  ProgressMeter -       chr13:38692878             71.4               6325000          88569.8
16:34:27.431 INFO  ProgressMeter -       chr13:43955415             71.6               6339000          88555.9
16:34:37.971 INFO  ProgressMeter -       chr13:49119011             71.8               6354000          88548.2
16:34:48.109 INFO  ProgressMeter -       chr13:54438913             71.9               6368000          88534.8
16:34:58.233 INFO  ProgressMeter -       chr13:60863364             72.1               6383000          88535.6
16:35:08.859 INFO  ProgressMeter -       chr13:66802458             72.3               6401000          88567.7
16:35:19.204 INFO  ProgressMeter -       chr13:72586201             72.4               6418000          88591.6
16:35:29.369 INFO  ProgressMeter -       chr13:77678224             72.6               6433000          88591.5
16:35:39.754 INFO  ProgressMeter -       chr13:83745954             72.8               6449000          88600.6
16:35:50.097 INFO  ProgressMeter -       chr13:89789162             73.0               6466000          88624.3
16:36:00.260 INFO  ProgressMeter -       chr13:95113031             73.1               6482000          88637.8
16:36:10.764 INFO  ProgressMeter -      chr13:100489882             73.3               6497000          88630.8
16:36:20.904 INFO  ProgressMeter -      chr13:105532202             73.5               6514000          88658.3
16:36:30.922 INFO  ProgressMeter -      chr13:110213941             73.6               6530000          88674.5
16:36:40.976 INFO  ProgressMeter -       chr14:13728499             73.8               6547000          88703.5
16:36:51.119 INFO  ProgressMeter -       chr14:18233035             74.0               6564000          88730.6
16:37:01.476 INFO  ProgressMeter -       chr14:23745206             74.1               6580000          88739.8
16:37:11.635 INFO  ProgressMeter -       chr14:28675737             74.3               6595000          88739.5
16:37:22.084 INFO  ProgressMeter -       chr14:34113669             74.5               6610000          88733.4
16:37:32.493 INFO  ProgressMeter -       chr14:39317405             74.7               6629000          88781.7
16:37:43.009 INFO  ProgressMeter -       chr14:45006623             74.8               6645000          88787.6
16:37:53.554 INFO  ProgressMeter -       chr14:50194981             75.0               6660000          88779.5
16:38:04.242 INFO  ProgressMeter -       chr14:55790700             75.2               6675000          88768.7
16:38:14.633 INFO  ProgressMeter -       chr14:60493244             75.4               6690000          88763.7
16:38:25.114 INFO  ProgressMeter -       chr14:65229198             75.5               6704000          88743.8
16:38:35.501 INFO  ProgressMeter -       chr14:70079988             75.7               6718000          88725.8
16:38:45.807 INFO  ProgressMeter -       chr14:74798309             75.9               6732000          88709.5
16:38:55.997 INFO  ProgressMeter -       chr14:79927050             76.1               6748000          88721.7
16:39:06.613 INFO  ProgressMeter -       chr14:85065732             76.2               6764000          88725.7
16:39:16.686 INFO  ProgressMeter -       chr14:89441589             76.4               6778000          88714.0
16:39:27.215 INFO  ProgressMeter -       chr14:93886603             76.6               6793000          88706.6
16:39:37.292 INFO  ProgressMeter -       chr14:98153475             76.7               6807000          88694.9
16:39:47.527 INFO  ProgressMeter -       chr15:18106270             76.9               6825000          88732.2
16:39:57.732 INFO  ProgressMeter -       chr15:22129032             77.1               6842000          88756.9
16:40:08.037 INFO  ProgressMeter -       chr15:26697245             77.3               6860000          88792.6
16:40:18.561 INFO  ProgressMeter -       chr15:31638209             77.4               6876000          88798.1
16:40:28.960 INFO  ProgressMeter -       chr15:36871397             77.6               6892000          88806.0
16:40:39.569 INFO  ProgressMeter -       chr15:42151677             77.8               6906000          88784.1
16:40:49.980 INFO  ProgressMeter -       chr15:47335392             78.0               6921000          88778.9
16:41:00.160 INFO  ProgressMeter -       chr15:52012712             78.1               6936000          88778.1
16:41:10.723 INFO  ProgressMeter -       chr15:56642853             78.3               6952000          88782.8
16:41:20.811 INFO  ProgressMeter -       chr15:61351625             78.5               6966000          88771.0
16:41:30.861 INFO  ProgressMeter -       chr15:66331546             78.6               6979000          88747.2
16:41:41.569 INFO  ProgressMeter -       chr15:71730768             78.8               6993000          88723.9
16:41:51.825 INFO  ProgressMeter -       chr15:76873713             79.0               7006000          88696.5
16:42:02.586 INFO  ProgressMeter -       chr15:81985685             79.2               7021000          88685.0
16:42:12.693 INFO  ProgressMeter -       chr15:86623896             79.3               7036000          88685.8
16:42:22.885 INFO  ProgressMeter -       chr15:90825088             79.5               7051000          88685.0
16:42:32.992 INFO  ProgressMeter -       chr15:95609694             79.7               7067000          88698.3
16:42:43.186 INFO  ProgressMeter -       chr15:99657443             79.8               7083000          88709.9
16:42:53.364 INFO  ProgressMeter -        chr16:2080898             80.0               7093000          88646.8
16:43:03.931 INFO  ProgressMeter -        chr16:4857364             80.2               7102000          88564.4
16:43:14.635 INFO  ProgressMeter -        chr16:7015380             80.4               7114000          88517.1
16:43:25.082 INFO  ProgressMeter -        chr16:9211930             80.5               7126000          88474.7
16:43:35.686 INFO  ProgressMeter -       chr16:11790242             80.7               7136000          88404.9
16:43:46.665 INFO  ProgressMeter -       chr16:14532792             80.9               7147000          88340.9
16:43:57.336 INFO  ProgressMeter -       chr16:17774015             81.1               7157000          88270.5
16:44:07.731 INFO  ProgressMeter -       chr16:21007890             81.3               7167000          88205.3
16:44:18.279 INFO  ProgressMeter -       chr16:24925220             81.4               7176000          88125.4
16:44:29.411 INFO  ProgressMeter -       chr16:28027655             81.6               7186000          88047.6
16:44:39.508 INFO  ProgressMeter -       chr16:31732774             81.8               7194000          87964.3
16:44:49.563 INFO  ProgressMeter -       chr16:39486503             82.0               7209000          87967.4
16:44:59.614 INFO  ProgressMeter -       chr16:57212506             82.1               7222000          87946.3
16:45:10.211 INFO  ProgressMeter -       chr16:62337554             82.3               7237000          87939.8
16:45:20.442 INFO  ProgressMeter -       chr16:67301752             82.5               7252000          87939.9
16:45:30.471 INFO  ProgressMeter -       chr16:72631754             82.6               7267000          87943.5
16:45:40.604 INFO  ProgressMeter -       chr16:77845332             82.8               7280000          87921.1
16:45:51.146 INFO  ProgressMeter -       chr16:82931785             83.0               7296000          87927.8
16:46:01.408 INFO  ProgressMeter -       chr16:86524729             83.1               7314000          87963.4
16:46:11.566 INFO  ProgressMeter -       chr16:89910352             83.3               7331000          87988.7
16:46:22.175 INFO  ProgressMeter -       chr16:93260064             83.5               7348000          88006.0
16:46:32.314 INFO  ProgressMeter -         chr17:335702             83.7               7364000          88019.5
16:46:42.731 INFO  ProgressMeter -        chr17:4470438             83.8               7380000          88028.0
16:46:53.037 INFO  ProgressMeter -        chr17:8992594             84.0               7395000          88026.6
16:47:03.152 INFO  ProgressMeter -       chr17:13542086             84.2               7411000          88040.4
16:47:13.375 INFO  ProgressMeter -       chr17:18055423             84.3               7426000          88040.4
16:47:23.450 INFO  ProgressMeter -       chr17:27564166             84.5               7443000          88066.6
16:47:33.875 INFO  ProgressMeter -       chr17:32909116             84.7               7459000          88074.9
16:47:43.904 INFO  ProgressMeter -       chr17:37696912             84.9               7473000          88066.4
16:47:54.191 INFO  ProgressMeter -       chr17:42620330             85.0               7487000          88053.5
16:48:05.001 INFO  ProgressMeter -       chr17:47861722             85.2               7502000          88043.3
16:48:15.135 INFO  ProgressMeter -       chr17:52998364             85.4               7515000          88021.4
16:48:25.498 INFO  ProgressMeter -       chr17:58296810             85.5               7530000          88019.0
16:48:35.501 INFO  ProgressMeter -       chr17:63653288             85.7               7543000          87999.5
16:48:45.673 INFO  ProgressMeter -       chr17:68494741             85.9               7557000          87988.8
16:48:55.750 INFO  ProgressMeter -       chr17:73631594             86.1               7572000          87991.4
16:49:06.362 INFO  ProgressMeter -       chr17:78062503             86.2               7587000          87984.8
16:49:16.733 INFO  ProgressMeter -       chr17:81836093             86.4               7602000          87982.4
16:49:26.888 INFO  ProgressMeter -        chr18:2112335             86.6               7618000          87995.2
16:49:37.408 INFO  ProgressMeter -        chr18:6859214             86.7               7635000          88013.4
16:49:47.712 INFO  ProgressMeter -       chr18:11362453             86.9               7651000          88023.5
16:49:58.163 INFO  ProgressMeter -       chr18:21271858             87.1               7668000          88042.7
16:50:08.487 INFO  ProgressMeter -       chr18:26624908             87.3               7682000          88029.5
16:50:19.079 INFO  ProgressMeter -       chr18:32348720             87.4               7698000          88034.8
16:50:29.416 INFO  ProgressMeter -       chr18:37836071             87.6               7712000          88021.5
16:50:39.974 INFO  ProgressMeter -       chr18:43888178             87.8               7728000          88027.3
16:50:50.404 INFO  ProgressMeter -       chr18:48909698             88.0               7742000          88012.5
16:51:00.939 INFO  ProgressMeter -       chr18:53886787             88.1               7758000          88018.7
16:51:11.498 INFO  ProgressMeter -       chr18:59183712             88.3               7773000          88013.1
16:51:22.106 INFO  ProgressMeter -       chr18:64290166             88.5               7789000          88018.1
16:51:32.578 INFO  ProgressMeter -       chr18:69769937             88.7               7807000          88047.8
16:51:42.825 INFO  ProgressMeter -       chr18:74706037             88.8               7824000          88070.0
16:51:53.303 INFO  ProgressMeter -       chr18:79066379             89.0               7841000          88088.1
16:52:03.837 INFO  ProgressMeter -        chr19:2584500             89.2               7858000          88105.3
16:52:14.092 INFO  ProgressMeter -        chr19:6597781             89.4               7874000          88115.9
16:52:24.650 INFO  ProgressMeter -       chr19:11205234             89.5               7891000          88132.6
16:52:34.707 INFO  ProgressMeter -       chr19:15744184             89.7               7906000          88135.1
16:52:45.208 INFO  ProgressMeter -       chr19:20334469             89.9               7921000          88130.4
16:52:55.349 INFO  ProgressMeter -       chr19:24562896             90.0               7940000          88176.0
16:53:05.525 INFO  ProgressMeter -       chr19:34128554             90.2               7956000          88187.5
16:53:15.535 INFO  ProgressMeter -       chr19:38550399             90.4               7971000          88190.7
16:53:26.056 INFO  ProgressMeter -       chr19:43856341             90.6               7986000          88185.6
16:53:36.697 INFO  ProgressMeter -       chr19:48281526             90.7               8002000          88189.6
16:53:47.273 INFO  ProgressMeter -       chr19:53026793             90.9               8018000          88194.6
16:53:57.652 INFO  ProgressMeter -       chr19:57102768             91.1               8036000          88224.7
16:54:07.875 INFO  ProgressMeter -       chr19:61093419             91.3               8054000          88257.2
16:54:18.038 INFO  ProgressMeter -        chr20:3842607             91.4               8069000          88257.8
16:54:28.220 INFO  ProgressMeter -        chr20:8341058             91.6               8085000          88268.9
16:54:38.798 INFO  ProgressMeter -       chr20:13695620             91.8               8101000          88273.7
16:54:49.490 INFO  ProgressMeter -       chr20:18676390             91.9               8117000          88276.7
16:55:00.003 INFO  ProgressMeter -       chr20:23850410             92.1               8132000          88271.6
16:55:10.760 INFO  ProgressMeter -       chr20:33477374             92.3               8152000          88316.8
16:55:20.963 INFO  ProgressMeter -       chr20:38823777             92.5               8165000          88295.0
16:55:31.512 INFO  ProgressMeter -       chr20:44002681             92.6               8179000          88278.5
16:55:41.647 INFO  ProgressMeter -       chr20:48629000             92.8               8193000          88268.7
16:55:51.984 INFO  ProgressMeter -       chr20:53205583             93.0               8208000          88266.5
16:56:01.986 INFO  ProgressMeter -       chr20:57705054             93.2               8224000          88280.3
16:56:12.420 INFO  ProgressMeter -       chr20:62126783             93.3               8239000          88276.5
16:56:22.510 INFO  ProgressMeter -       chr20:65944473             93.5               8254000          88278.2
16:56:33.034 INFO  ProgressMeter -       chr21:14369929             93.7               8277000          88358.4
16:56:43.185 INFO  ProgressMeter -       chr21:19440954             93.8               8295000          88390.9
16:56:53.312 INFO  ProgressMeter -       chr21:24531817             94.0               8313000          88423.7
16:57:03.835 INFO  ProgressMeter -       chr21:29711529             94.2               8330000          88439.5
16:57:14.004 INFO  ProgressMeter -       chr21:34536766             94.4               8344000          88429.1
16:57:24.460 INFO  ProgressMeter -       chr21:39138536             94.5               8359000          88424.7
16:57:35.165 INFO  ProgressMeter -       chr21:43334487             94.7               8374000          88416.5
16:57:45.497 INFO  ProgressMeter -       chr22:16727030             94.9               8395000          88477.4
16:57:55.771 INFO  ProgressMeter -       chr22:20987037             95.1               8412000          88496.8
16:58:06.024 INFO  ProgressMeter -       chr22:25109635             95.2               8428000          88506.1
16:58:16.246 INFO  ProgressMeter -       chr22:29144664             95.4               8442000          88494.7
16:58:26.872 INFO  ProgressMeter -       chr22:33773479             95.6               8457000          88487.7
16:58:37.192 INFO  ProgressMeter -       chr22:38098041             95.7               8472000          88485.4
16:58:47.778 INFO  ProgressMeter -       chr22:43139462             95.9               8486000          88468.6
16:58:57.989 INFO  ProgressMeter -       chr22:46993602             96.1               8501000          88468.0
16:59:08.546 INFO  ProgressMeter -       chr22:50673036             96.3               8518000          88482.9
16:59:18.582 INFO  ProgressMeter -         chrX:3590997             96.4               8540000          88557.6
16:59:28.706 INFO  ProgressMeter -        chrX:14004859             96.6               8564000          88651.3
16:59:39.082 INFO  ProgressMeter -        chrX:25357872             96.8               8587000          88730.6
16:59:49.114 INFO  ProgressMeter -        chrX:35771282             96.9               8612000          88835.4
16:59:59.190 INFO  ProgressMeter -        chrX:46807133             97.1               8634000          88908.4
17:00:09.322 INFO  ProgressMeter -        chrX:62940971             97.3               8655000          88969.9
17:00:19.600 INFO  ProgressMeter -        chrX:74837110             97.5               8677000          89039.3
17:00:29.697 INFO  ProgressMeter -        chrX:86584314             97.6               8702000          89141.9
17:00:40.094 INFO  ProgressMeter -        chrX:97376040             97.8               8731000          89280.4
17:00:50.214 INFO  ProgressMeter -       chrX:109920916             98.0               8753000          89351.3
17:01:00.495 INFO  ProgressMeter -       chrX:120867884             98.1               8779000          89460.2
17:01:10.697 INFO  ProgressMeter -       chrX:132804714             98.3               8802000          89539.5
17:01:21.028 INFO  ProgressMeter -       chrX:144442352             98.5               8828000          89647.0
17:01:32.360 INFO  ProgressMeter -         chrY:7331969             98.7               8850000          89698.3
17:01:37.729 INFO  GetPileupSummaries - 0 read(s) filtered by: MappingQualityAvailableReadFilter 
5937097 read(s) filtered by: MappingQualityNotZeroReadFilter 
0 read(s) filtered by: MappedReadFilter 
213167 read(s) filtered by: PrimaryLineReadFilter 
98195234 read(s) filtered by: NotDuplicateReadFilter 
0 read(s) filtered by: PassesVendorQualityCheckReadFilter 
0 read(s) filtered by: NonZeroReferenceLengthAlignmentReadFilter 
1645460 read(s) filtered by: MateOnSameContigOrNoMappedMateReadFilter 
0 read(s) filtered by: GoodCigarReadFilter 
0 read(s) filtered by: WellformedReadFilter 
105990958 total reads filtered out of 467684518 reads processed
17:01:37.729 INFO  ProgressMeter -        chrY:18283613             98.8               8854735          89665.0
17:01:37.729 INFO  ProgressMeter - Traversal complete. Processed 8854735 total loci in 98.8 minutes.
17:01:37.730 INFO  GetPileupSummaries - Shutting down engine
[July 14, 2024 at 5:01:37 PM CEST] org.broadinstitute.hellbender.tools.walkers.contamination.GetPileupSummaries done. Elapsed time: 100.16 minutes.
Runtime.totalMemory()=23756537856
Tool returned:
SUCCESS
