Using GATK jar /lustre1/project/stg_00096/home/rdewin/system/miniconda/envs/WGS/share/gatk4-4.5.0.0-0/gatk-package-4.5.0.0-local.jar
Running:
    java -Dsamjdk.use_async_io_read_samtools=false -Dsamjdk.use_async_io_write_samtools=true -Dsamjdk.use_async_io_write_tribble=false -Dsamjdk.compression_level=2 -jar /lustre1/project/stg_00096/home/rdewin/system/miniconda/envs/WGS/share/gatk4-4.5.0.0-0/gatk-package-4.5.0.0-local.jar FilterMutectCalls -R resources/genome.fa -V results/mutect2/P035/P035_variants.vcf --contamination-table results/mutect2/P035/P035_contamination.table --ob-priors results/mutect2/read_orientation_model.tar.gz -O results/mutect2/P035/P035_filtered_variants.vcf
20:16:02.301 INFO  NativeLibraryLoader - Loading libgkl_compression.so from jar:file:/lustre1/project/stg_00096/home/rdewin/system/miniconda/envs/WGS/share/gatk4-4.5.0.0-0/gatk-package-4.5.0.0-local.jar!/com/intel/gkl/native/libgkl_compression.so
20:16:02.578 INFO  FilterMutectCalls - ------------------------------------------------------------
20:16:02.581 INFO  FilterMutectCalls - The Genome Analysis Toolkit (GATK) v4.5.0.0
20:16:02.581 INFO  FilterMutectCalls - For support and documentation go to https://software.broadinstitute.org/gatk/
20:16:02.582 INFO  FilterMutectCalls - Executing as vsc35407@g28l22 on Linux v4.18.0-513.24.1.el8_9.x86_64 amd64
20:16:02.582 INFO  FilterMutectCalls - Java runtime: OpenJDK 64-Bit Server VM v17.0.10-internal+0-adhoc..src
20:16:02.583 INFO  FilterMutectCalls - Start Date/Time: July 14, 2024 at 8:16:02 PM CEST
20:16:02.583 INFO  FilterMutectCalls - ------------------------------------------------------------
20:16:02.583 INFO  FilterMutectCalls - ------------------------------------------------------------
20:16:02.585 INFO  FilterMutectCalls - HTSJDK Version: 4.1.0
20:16:02.585 INFO  FilterMutectCalls - Picard Version: 3.1.1
20:16:02.585 INFO  FilterMutectCalls - Built for Spark Version: 3.5.0
20:16:02.585 INFO  FilterMutectCalls - HTSJDK Defaults.COMPRESSION_LEVEL : 2
20:16:02.585 INFO  FilterMutectCalls - HTSJDK Defaults.USE_ASYNC_IO_READ_FOR_SAMTOOLS : false
20:16:02.586 INFO  FilterMutectCalls - HTSJDK Defaults.USE_ASYNC_IO_WRITE_FOR_SAMTOOLS : true
20:16:02.587 INFO  FilterMutectCalls - HTSJDK Defaults.USE_ASYNC_IO_WRITE_FOR_TRIBBLE : false
20:16:02.587 INFO  FilterMutectCalls - Deflater: IntelDeflater
20:16:02.587 INFO  FilterMutectCalls - Inflater: IntelInflater
20:16:02.588 INFO  FilterMutectCalls - GCS max retries/reopens: 20
20:16:02.588 INFO  FilterMutectCalls - Requester pays: disabled
20:16:02.589 INFO  FilterMutectCalls - Initializing engine
20:16:02.842 INFO  FeatureManager - Using codec VCFCodec to read file file:///lustre1/project/stg_00096/home/rdewin/WGS/results/mutect2/P035/P035_variants.vcf
20:16:03.146 INFO  FilterMutectCalls - Done initializing engine
20:16:03.361 INFO  IOUtils - Extracting data from archive: file:///lustre1/project/stg_00096/home/rdewin/WGS/results/mutect2/read_orientation_model.tar.gz
20:16:03.368 INFO  IOUtils - Extracting file: ./P011_tumor.orientation_priors
20:16:03.370 INFO  IOUtils - Extracting file: ./P022_tumor.orientation_priors
20:16:03.370 INFO  IOUtils - Extracting file: ./P060_tumor.orientation_priors
20:16:03.371 INFO  IOUtils - Extracting file: ./P059_tumor.orientation_priors
20:16:03.372 INFO  IOUtils - Extracting file: ./P038_tumor.orientation_priors
20:16:03.375 INFO  IOUtils - Extracting file: ./P062_tumor.orientation_priors
20:16:03.376 INFO  IOUtils - Extracting file: ./P018_tumor.orientation_priors
20:16:03.376 INFO  IOUtils - Extracting file: ./P058_tumor.orientation_priors
20:16:03.377 INFO  IOUtils - Extracting file: ./P103_tumor.orientation_priors
20:16:03.377 INFO  IOUtils - Extracting file: ./P033_tumor.orientation_priors
20:16:03.377 INFO  IOUtils - Extracting file: ./P029_tumor.orientation_priors
20:16:03.378 INFO  IOUtils - Extracting file: ./P024_tumor.orientation_priors
20:16:03.378 INFO  IOUtils - Extracting file: ./P016_tumor.orientation_priors
20:16:03.379 INFO  IOUtils - Extracting file: ./P066_tumor.orientation_priors
20:16:03.379 INFO  IOUtils - Extracting file: ./P036_tumor.orientation_priors
20:16:03.380 INFO  IOUtils - Extracting file: ./P020_tumor.orientation_priors
20:16:03.380 INFO  IOUtils - Extracting file: ./P026_tumor.orientation_priors
20:16:03.380 INFO  IOUtils - Extracting file: ./P056_tumor.orientation_priors
20:16:03.381 INFO  IOUtils - Extracting file: ./P064_tumor.orientation_priors
20:16:03.381 INFO  IOUtils - Extracting file: ./P034_tumor.orientation_priors
20:16:03.382 INFO  IOUtils - Extracting file: ./P028_tumor.orientation_priors
20:16:03.382 INFO  IOUtils - Extracting file: ./P017_tumor.orientation_priors
20:16:03.398 INFO  IOUtils - Extracting file: ./P065_tumor.orientation_priors
20:16:03.399 INFO  IOUtils - Extracting file: ./P023_tumor.orientation_priors
20:16:03.399 INFO  IOUtils - Extracting file: ./P037_tumor.orientation_priors
20:16:03.400 INFO  IOUtils - Extracting file: ./P013_tumor.orientation_priors
20:16:03.400 INFO  IOUtils - Extracting file: ./P057_tumor.orientation_priors
20:16:03.401 INFO  IOUtils - Extracting file: ./P019_tumor.orientation_priors
20:16:03.401 INFO  IOUtils - Extracting file: ./P061_tumor.orientation_priors
20:16:03.401 INFO  IOUtils - Extracting file: ./P041_tumor.orientation_priors
20:16:03.402 INFO  IOUtils - Extracting file: ./P035_tumor.orientation_priors
20:16:03.402 INFO  IOUtils - Extracting file: ./P086_tumor.orientation_priors
20:16:03.403 INFO  IOUtils - Extracting file: ./P105_tumor.orientation_priors
20:16:03.403 INFO  IOUtils - Extracting file: ./P027_tumor.orientation_priors
20:16:03.735 INFO  ProgressMeter - Starting traversal
20:16:03.736 INFO  ProgressMeter -        Current Locus  Elapsed Minutes    Variants Processed  Variants/Minute
20:16:03.737 INFO  FilterMutectCalls - Starting pass 0 through the variants
20:16:13.995 INFO  ProgressMeter -        chr5:46829035              0.2                 42000         246647.7
20:16:24.064 INFO  ProgressMeter -       chr12:31323652              0.3                 93000         274511.7
20:16:34.392 INFO  ProgressMeter -       chrX:128773156              0.5                152000         297504.5
20:16:34.695 INFO  FilterMutectCalls - Finished pass 0 through the variants
20:16:49.806 INFO  FilterMutectCalls - Starting pass 1 through the variants
20:16:49.820 INFO  ProgressMeter -          chr1:883147              0.8                153000         199201.5
20:16:59.877 INFO  ProgressMeter -       chr6:150549258              0.9                208000         222301.4
20:17:10.012 INFO  ProgressMeter -       chr16:74003058              1.1                272000         246243.0
20:17:15.862 INFO  FilterMutectCalls - Finished pass 1 through the variants
20:17:19.153 INFO  FilterMutectCalls - Starting pass 2 through the variants
20:17:20.032 INFO  ProgressMeter -        chr1:98625179              1.3                311000         244577.0
20:17:30.076 INFO  ProgressMeter -        chr8:58728986              1.4                372000         258512.9
20:17:40.088 INFO  ProgressMeter -       chr18:24450079              1.6                433000         269636.3
20:17:44.130 INFO  FilterMutectCalls - Finished pass 2 through the variants
20:17:44.171 INFO  FilterMutectCalls - Starting pass 3 through the variants
20:17:50.165 INFO  ProgressMeter -        chr3:88622855              1.8                486000         273988.0
20:18:00.201 INFO  ProgressMeter -       chr9:115110238              1.9                536000         276139.2
20:18:10.300 INFO  ProgressMeter -       chr18:54472380              2.1                587000         278278.2
20:18:14.710 INFO  FilterMutectCalls - Finished pass 3 through the variants
20:18:14.741 INFO  FilterMutectCalls - No variants filtered by: AllowAllVariantsVariantFilter
20:18:14.742 INFO  FilterMutectCalls - 0 read(s) filtered by: AllowAllReadsReadFilter 

20:18:14.742 INFO  ProgressMeter -       chrX:134907243              2.2                611812         280206.4
20:18:14.742 INFO  ProgressMeter - Traversal complete. Processed 611812 total variants in 2.2 minutes.
20:18:14.927 INFO  FilterMutectCalls - Shutting down engine
[July 14, 2024 at 8:18:14 PM CEST] org.broadinstitute.hellbender.tools.walkers.mutect.filtering.FilterMutectCalls done. Elapsed time: 2.21 minutes.
Runtime.totalMemory()=2583691264
