Using GATK jar /lustre1/project/stg_00096/home/rdewin/system/miniconda/envs/WGS/share/gatk4-4.5.0.0-0/gatk-package-4.5.0.0-local.jar
Running:
    java -Dsamjdk.use_async_io_read_samtools=false -Dsamjdk.use_async_io_write_samtools=true -Dsamjdk.use_async_io_write_tribble=false -Dsamjdk.compression_level=2 -jar /lustre1/project/stg_00096/home/rdewin/system/miniconda/envs/WGS/share/gatk4-4.5.0.0-0/gatk-package-4.5.0.0-local.jar GetPileupSummaries -I results/recal/P057/P057_dna_tumor_recal.bam -L resources/filtered_gnomad_chr.vcf.gz -V resources/filtered_gnomad_chr.vcf.gz -O results/mutect2/P057/P057_tumor_pileup_summaries.table
15:55:59.977 INFO  NativeLibraryLoader - Loading libgkl_compression.so from jar:file:/lustre1/project/stg_00096/home/rdewin/system/miniconda/envs/WGS/share/gatk4-4.5.0.0-0/gatk-package-4.5.0.0-local.jar!/com/intel/gkl/native/libgkl_compression.so
15:56:00.739 INFO  GetPileupSummaries - ------------------------------------------------------------
15:56:00.743 INFO  GetPileupSummaries - The Genome Analysis Toolkit (GATK) v4.5.0.0
15:56:00.743 INFO  GetPileupSummaries - For support and documentation go to https://software.broadinstitute.org/gatk/
15:56:00.743 INFO  GetPileupSummaries - Executing as vsc35407@g28l15 on Linux v4.18.0-513.24.1.el8_9.x86_64 amd64
15:56:00.743 INFO  GetPileupSummaries - Java runtime: OpenJDK 64-Bit Server VM v17.0.10-internal+0-adhoc..src
15:56:00.744 INFO  GetPileupSummaries - Start Date/Time: July 14, 2024 at 3:55:59 PM CEST
15:56:00.744 INFO  GetPileupSummaries - ------------------------------------------------------------
15:56:00.744 INFO  GetPileupSummaries - ------------------------------------------------------------
15:56:00.744 INFO  GetPileupSummaries - HTSJDK Version: 4.1.0
15:56:00.745 INFO  GetPileupSummaries - Picard Version: 3.1.1
15:56:00.745 INFO  GetPileupSummaries - Built for Spark Version: 3.5.0
15:56:00.745 INFO  GetPileupSummaries - HTSJDK Defaults.COMPRESSION_LEVEL : 2
15:56:00.745 INFO  GetPileupSummaries - HTSJDK Defaults.USE_ASYNC_IO_READ_FOR_SAMTOOLS : false
15:56:00.745 INFO  GetPileupSummaries - HTSJDK Defaults.USE_ASYNC_IO_WRITE_FOR_SAMTOOLS : true
15:56:00.745 INFO  GetPileupSummaries - HTSJDK Defaults.USE_ASYNC_IO_WRITE_FOR_TRIBBLE : false
15:56:00.745 INFO  GetPileupSummaries - Deflater: IntelDeflater
15:56:00.746 INFO  GetPileupSummaries - Inflater: IntelInflater
15:56:00.746 INFO  GetPileupSummaries - GCS max retries/reopens: 20
15:56:00.746 INFO  GetPileupSummaries - Requester pays: disabled
15:56:00.746 INFO  GetPileupSummaries - Initializing engine
15:56:00.950 INFO  FeatureManager - Using codec VCFCodec to read file file:///lustre1/project/stg_00096/home/rdewin/WGS/resources/filtered_gnomad_chr.vcf.gz
15:56:01.114 INFO  FeatureManager - Using codec VCFCodec to read file file:///lustre1/project/stg_00096/home/rdewin/WGS/resources/filtered_gnomad_chr.vcf.gz
15:57:25.072 INFO  IntervalArgumentCollection - Processing 8916026 bp from intervals
15:57:25.391 INFO  GetPileupSummaries - Done initializing engine
15:57:25.397 INFO  ProgressMeter - Starting traversal
15:57:25.397 INFO  ProgressMeter -        Current Locus  Elapsed Minutes        Loci Processed      Loci/Minute
15:58:02.777 INFO  ProgressMeter -          chr1:253141              0.6                  1000           1605.4
15:58:13.173 INFO  ProgressMeter -         chr1:5141537              0.8                 22000          27629.5
15:58:23.258 INFO  ProgressMeter -        chr1:11182065              1.0                 42000          43552.7
15:58:33.562 INFO  ProgressMeter -        chr1:17132660              1.1                 65000          57214.1
15:58:43.840 INFO  ProgressMeter -        chr1:23459763              1.3                 85000          65015.4
15:58:54.238 INFO  ProgressMeter -        chr1:30327965              1.5                104000          70237.8
15:59:04.333 INFO  ProgressMeter -        chr1:36984920              1.6                122000          73987.2
15:59:14.415 INFO  ProgressMeter -        chr1:43152924              1.8                140000          77051.5
15:59:24.609 INFO  ProgressMeter -        chr1:50479292              2.0                156000          78516.2
15:59:34.886 INFO  ProgressMeter -        chr1:56698705              2.2                175000          81088.0
15:59:45.451 INFO  ProgressMeter -        chr1:62727509              2.3                193000          82682.4
15:59:55.458 INFO  ProgressMeter -        chr1:68822920              2.5                210000          83965.9
16:00:05.589 INFO  ProgressMeter -        chr1:75570856              2.7                226000          84648.4
16:00:15.605 INFO  ProgressMeter -        chr1:81436140              2.8                244000          86012.4
16:00:25.753 INFO  ProgressMeter -        chr1:87631423              3.0                261000          86828.8
16:00:35.839 INFO  ProgressMeter -        chr1:94411266              3.2                278000          87585.7
16:00:46.161 INFO  ProgressMeter -       chr1:100840613              3.3                295000          88163.7
16:00:56.389 INFO  ProgressMeter -       chr1:106799752              3.5                314000          89292.9
16:01:06.613 INFO  ProgressMeter -       chr1:113075837              3.7                331000          89776.5
16:01:16.962 INFO  ProgressMeter -       chr1:119509216              3.9                349000          90428.6
16:01:27.242 INFO  ProgressMeter -       chr1:147087483              4.0                370000          91794.3
16:01:37.385 INFO  ProgressMeter -       chr1:153473287              4.2                389000          92623.8
16:01:47.708 INFO  ProgressMeter -       chr1:159688493              4.4                407000          93095.6
16:01:57.889 INFO  ProgressMeter -       chr1:165873762              4.5                425000          93581.1
16:02:08.188 INFO  ProgressMeter -       chr1:171688962              4.7                443000          93991.7
16:02:18.501 INFO  ProgressMeter -       chr1:178836141              4.9                460000          94164.8
16:02:29.074 INFO  ProgressMeter -       chr1:185489579              5.1                478000          94442.5
16:02:39.432 INFO  ProgressMeter -       chr1:192005917              5.2                497000          94957.9
16:02:50.041 INFO  ProgressMeter -       chr1:198335917              5.4                515000          95181.2
16:03:00.309 INFO  ProgressMeter -       chr1:204816462              5.6                533000          95487.8
16:03:10.466 INFO  ProgressMeter -       chr1:210616235              5.8                550000          95633.0
16:03:20.680 INFO  ProgressMeter -       chr1:216473738              5.9                568000          95923.5
16:03:30.928 INFO  ProgressMeter -       chr1:222868800              6.1                586000          96188.8
16:03:40.971 INFO  ProgressMeter -       chr1:229260198              6.3                604000          96492.3
16:03:51.038 INFO  ProgressMeter -       chr1:234884862              6.4                622000          96774.2
16:04:01.124 INFO  ProgressMeter -       chr1:240830481              6.6                642000          97340.1
16:04:11.359 INFO  ProgressMeter -       chr1:246860595              6.8                662000          97841.7
16:04:21.507 INFO  ProgressMeter -         chr2:3317100              6.9                682000          98339.4
16:04:32.049 INFO  ProgressMeter -         chr2:9199550              7.1                702000          98722.1
16:04:42.176 INFO  ProgressMeter -        chr2:14880986              7.3                721000          99043.2
16:04:52.205 INFO  ProgressMeter -        chr2:20728775              7.4                739000          99237.5
16:05:02.770 INFO  ProgressMeter -        chr2:27849476              7.6                757000          99306.3
16:05:12.864 INFO  ProgressMeter -        chr2:33908710              7.8                775000          99472.5
16:05:23.016 INFO  ProgressMeter -        chr2:39418132              8.0                795000          99870.4
16:05:33.340 INFO  ProgressMeter -        chr2:45081388              8.1                814000         100093.7
16:05:43.506 INFO  ProgressMeter -        chr2:50470895              8.3                832000         100219.2
16:05:53.840 INFO  ProgressMeter -        chr2:56155662              8.5                851000         100424.4
16:06:03.900 INFO  ProgressMeter -        chr2:62248336              8.6                869000         100558.9
16:06:14.141 INFO  ProgressMeter -        chr2:68649428              8.8                887000         100653.6
16:06:24.148 INFO  ProgressMeter -        chr2:74649247              9.0                904000         100677.3
16:06:34.416 INFO  ProgressMeter -        chr2:80306434              9.2                923000         100871.0
16:06:44.553 INFO  ProgressMeter -        chr2:85988757              9.3                942000         101080.9
16:06:54.924 INFO  ProgressMeter -        chr2:97465679              9.5                964000         101558.0
16:07:05.048 INFO  ProgressMeter -       chr2:103959188              9.7                980000         101440.3
16:07:15.319 INFO  ProgressMeter -       chr2:110230427              9.8                998000         101504.9
16:07:25.611 INFO  ProgressMeter -       chr2:116962800             10.0               1016000         101563.9
16:07:35.809 INFO  ProgressMeter -       chr2:123123821             10.2               1035000         101734.7
16:07:46.169 INFO  ProgressMeter -       chr2:129184006             10.3               1054000         101873.3
16:07:56.293 INFO  ProgressMeter -       chr2:134934023             10.5               1074000         102140.4
16:08:06.489 INFO  ProgressMeter -       chr2:140947575             10.7               1092000         102200.8
16:08:17.103 INFO  ProgressMeter -       chr2:147671859             10.9               1109000         102101.3
16:08:27.367 INFO  ProgressMeter -       chr2:154403554             11.0               1126000         102059.2
16:08:37.731 INFO  ProgressMeter -       chr2:161171480             11.2               1143000         102003.0
16:08:47.775 INFO  ProgressMeter -       chr2:167455473             11.4               1159000         101908.3
16:08:58.319 INFO  ProgressMeter -       chr2:173635858             11.5               1178000         102003.0
16:09:08.482 INFO  ProgressMeter -       chr2:179894070             11.7               1195000         101979.1
16:09:18.768 INFO  ProgressMeter -       chr2:186030884             11.9               1212000         101938.5
16:09:29.150 INFO  ProgressMeter -       chr2:192743827             12.1               1229000         101885.6
16:09:39.719 INFO  ProgressMeter -       chr2:200029439             12.2               1246000         101808.2
16:09:49.899 INFO  ProgressMeter -       chr2:207272618             12.4               1262000         101705.6
16:10:00.059 INFO  ProgressMeter -       chr2:213222957             12.6               1280000         101767.5
16:10:10.443 INFO  ProgressMeter -       chr2:219299525             12.8               1298000         101797.9
16:10:21.034 INFO  ProgressMeter -       chr2:226011596             12.9               1317000         101877.6
16:10:31.221 INFO  ProgressMeter -       chr2:232060343             13.1               1336000         102007.6
16:10:41.589 INFO  ProgressMeter -       chr2:237655486             13.3               1356000         102186.4
16:10:52.076 INFO  ProgressMeter -          chr3:101948             13.4               1376000         102345.5
16:11:02.225 INFO  ProgressMeter -         chr3:4849043             13.6               1396000         102543.0
16:11:12.225 INFO  ProgressMeter -        chr3:10024457             13.8               1415000         102681.6
16:11:22.469 INFO  ProgressMeter -        chr3:15610089             14.0               1433000         102715.2
16:11:32.531 INFO  ProgressMeter -        chr3:21167007             14.1               1450000         102699.2
16:11:42.612 INFO  ProgressMeter -        chr3:26316673             14.3               1468000         102751.4
16:11:52.827 INFO  ProgressMeter -        chr3:31634434             14.5               1486000         102786.4
16:12:02.996 INFO  ProgressMeter -        chr3:37866053             14.6               1504000         102826.0
16:12:13.577 INFO  ProgressMeter -        chr3:44241414             14.8               1522000         102817.0
16:12:23.719 INFO  ProgressMeter -        chr3:52196069             15.0               1538000         102724.9
16:12:33.773 INFO  ProgressMeter -        chr3:58321166             15.1               1555000         102710.8
16:12:44.262 INFO  ProgressMeter -        chr3:63899848             15.3               1574000         102779.0
16:12:54.401 INFO  ProgressMeter -        chr3:69615448             15.5               1593000         102884.4
16:13:04.635 INFO  ProgressMeter -        chr3:75622622             15.7               1611000         102913.2
16:13:15.215 INFO  ProgressMeter -        chr3:82290330             15.8               1630000         102967.1
16:13:25.568 INFO  ProgressMeter -        chr3:89040893             16.0               1648000         102981.7
16:13:35.697 INFO  ProgressMeter -       chr3:100948466             16.2               1669000         103205.2
16:13:45.714 INFO  ProgressMeter -       chr3:106991433             16.3               1687000         103252.3
16:13:55.720 INFO  ProgressMeter -       chr3:113088868             16.5               1704000         103239.0
16:14:06.264 INFO  ProgressMeter -       chr3:119420282             16.7               1721000         103170.6
16:14:16.753 INFO  ProgressMeter -       chr3:125710366             16.9               1739000         103168.4
16:14:26.785 INFO  ProgressMeter -       chr3:131372857             17.0               1757000         103212.5
16:14:37.386 INFO  ProgressMeter -       chr3:137296788             17.2               1776000         103256.9
16:14:47.814 INFO  ProgressMeter -       chr3:144323682             17.4               1793000         103202.6
16:14:58.325 INFO  ProgressMeter -       chr3:150496569             17.5               1812000         103254.9
16:15:08.469 INFO  ProgressMeter -       chr3:156599269             17.7               1830000         103285.6
16:15:18.830 INFO  ProgressMeter -       chr3:162525042             17.9               1848000         103294.9
16:15:29.015 INFO  ProgressMeter -       chr3:168973258             18.1               1866000         103320.6
16:15:39.355 INFO  ProgressMeter -       chr3:174849501             18.2               1885000         103386.1
16:15:49.422 INFO  ProgressMeter -       chr3:180592090             18.4               1903000         103421.6
16:15:59.759 INFO  ProgressMeter -       chr3:187215571             18.6               1921000         103431.4
16:16:09.885 INFO  ProgressMeter -       chr3:193106677             18.7               1939000         103460.4
16:16:20.228 INFO  ProgressMeter -       chr3:198367325             18.9               1960000         103627.8
16:16:30.261 INFO  ProgressMeter -         chr4:2407547             19.1               1980000         103767.9
16:16:40.301 INFO  ProgressMeter -         chr4:7236167             19.2               2001000         103956.7
16:16:50.508 INFO  ProgressMeter -        chr4:12307613             19.4               2023000         104178.9
16:17:01.052 INFO  ProgressMeter -        chr4:18238221             19.6               2042000         104214.2
16:17:11.430 INFO  ProgressMeter -        chr4:24122430             19.8               2061000         104263.5
16:17:21.490 INFO  ProgressMeter -        chr4:30217764             19.9               2080000         104339.7
16:17:31.671 INFO  ProgressMeter -        chr4:35862014             20.1               2100000         104454.0
16:17:41.747 INFO  ProgressMeter -        chr4:41665356             20.3               2119000         104525.8
16:17:52.072 INFO  ProgressMeter -        chr4:48266408             20.4               2137000         104526.5
16:18:02.240 INFO  ProgressMeter -        chr4:60857735             20.6               2161000         104831.4
16:18:12.478 INFO  ProgressMeter -        chr4:66517795             20.8               2181000         104933.0
16:18:22.520 INFO  ProgressMeter -        chr4:72738973             21.0               2199000         104954.0
16:18:32.828 INFO  ProgressMeter -        chr4:78951583             21.1               2218000         104999.9
16:18:42.885 INFO  ProgressMeter -        chr4:84857131             21.3               2235000         104971.7
16:18:53.010 INFO  ProgressMeter -        chr4:90162088             21.5               2250000         104845.2
16:19:03.014 INFO  ProgressMeter -        chr4:96246210             21.6               2268000         104869.2
16:19:13.382 INFO  ProgressMeter -       chr4:102382864             21.8               2286000         104863.7
16:19:23.820 INFO  ProgressMeter -       chr4:108728454             22.0               2304000         104852.5
16:19:33.970 INFO  ProgressMeter -       chr4:114904055             22.1               2321000         104819.3
16:19:44.095 INFO  ProgressMeter -       chr4:120501794             22.3               2337000         104743.6
16:19:54.538 INFO  ProgressMeter -       chr4:126800246             22.5               2356000         104777.8
16:20:04.539 INFO  ProgressMeter -       chr4:132875772             22.7               2374000         104801.4
16:20:14.979 INFO  ProgressMeter -       chr4:139352651             22.8               2393000         104834.9
16:20:25.456 INFO  ProgressMeter -       chr4:145872835             23.0               2411000         104821.6
16:20:35.591 INFO  ProgressMeter -       chr4:152584422             23.2               2428000         104791.1
16:20:45.966 INFO  ProgressMeter -       chr4:158958271             23.3               2445000         104743.1
16:20:56.268 INFO  ProgressMeter -       chr4:165074164             23.5               2464000         104786.3
16:21:06.741 INFO  ProgressMeter -       chr4:170685542             23.7               2484000         104858.6
16:21:17.033 INFO  ProgressMeter -       chr4:176683171             23.9               2503000         104901.0
16:21:27.455 INFO  ProgressMeter -       chr4:182768548             24.0               2522000         104933.4
16:21:37.774 INFO  ProgressMeter -       chr4:188518378             24.2               2543000         105055.4
16:21:48.111 INFO  ProgressMeter -          chr5:638975             24.4               2566000         105256.4
16:21:58.189 INFO  ProgressMeter -         chr5:5751564             24.5               2586000         105351.0
16:22:08.249 INFO  ProgressMeter -        chr5:11468516             24.7               2605000         105405.0
16:22:18.740 INFO  ProgressMeter -        chr5:18049501             24.9               2624000         105428.0
16:22:28.886 INFO  ProgressMeter -        chr5:24236973             25.1               2643000         105474.7
16:22:39.036 INFO  ProgressMeter -        chr5:29993735             25.2               2663000         105560.2
16:22:49.138 INFO  ProgressMeter -        chr5:36025633             25.4               2682000         105608.6
16:22:59.350 INFO  ProgressMeter -        chr5:41921213             25.6               2700000         105609.5
16:23:09.763 INFO  ProgressMeter -        chr5:52682452             25.7               2719000         105635.6
16:23:20.138 INFO  ProgressMeter -        chr5:58908567             25.9               2737000         105625.3
16:23:30.549 INFO  ProgressMeter -        chr5:65553424             26.1               2754000         105574.4
16:23:40.674 INFO  ProgressMeter -        chr5:72755586             26.3               2771000         105543.3
16:23:50.939 INFO  ProgressMeter -        chr5:78853081             26.4               2789000         105541.3
16:24:01.401 INFO  ProgressMeter -        chr5:85413930             26.6               2807000         105526.1
16:24:11.593 INFO  ProgressMeter -        chr5:92241943             26.8               2824000         105491.5
16:24:21.868 INFO  ProgressMeter -        chr5:98623069             26.9               2841000         105451.9
16:24:32.341 INFO  ProgressMeter -       chr5:104912586             27.1               2860000         105473.8
16:24:42.470 INFO  ProgressMeter -       chr5:110468013             27.3               2878000         105481.0
16:24:52.678 INFO  ProgressMeter -       chr5:115703874             27.5               2897000         105519.3
16:25:03.157 INFO  ProgressMeter -       chr5:120975928             27.6               2917000         105576.2
16:25:13.464 INFO  ProgressMeter -       chr5:126699851             27.8               2936000         105607.3
16:25:24.001 INFO  ProgressMeter -       chr5:133226807             28.0               2954000         105587.7
16:25:34.508 INFO  ProgressMeter -       chr5:140334615             28.2               2971000         105534.9
16:25:44.549 INFO  ProgressMeter -       chr5:146661338             28.3               2988000         105511.5
16:25:54.844 INFO  ProgressMeter -       chr5:152514183             28.5               3006000         105507.8
16:26:04.854 INFO  ProgressMeter -       chr5:158345427             28.7               3024000         105521.7
16:26:15.320 INFO  ProgressMeter -       chr5:164553093             28.8               3042000         105507.6
16:26:25.575 INFO  ProgressMeter -       chr5:170569512             29.0               3060000         105506.5
16:26:35.726 INFO  ProgressMeter -       chr5:176460343             29.2               3079000         105545.9
16:26:46.153 INFO  ProgressMeter -          chr6:263788             29.3               3100000         105636.5
16:26:56.650 INFO  ProgressMeter -         chr6:5763191             29.5               3120000         105687.9
16:27:07.152 INFO  ProgressMeter -        chr6:11592093             29.7               3140000         105738.4
16:27:17.624 INFO  ProgressMeter -        chr6:17934518             29.9               3159000         105756.7
16:27:27.744 INFO  ProgressMeter -        chr6:23688854             30.0               3178000         105795.4
16:27:37.902 INFO  ProgressMeter -        chr6:29429109             30.2               3196000         105798.3
16:27:48.221 INFO  ProgressMeter -        chr6:33139042             30.4               3229000         106285.6
16:27:58.539 INFO  ProgressMeter -        chr6:39306199             30.6               3248000         106309.3
16:28:08.737 INFO  ProgressMeter -        chr6:45362163             30.7               3266000         106307.0
16:28:18.755 INFO  ProgressMeter -        chr6:51626112             30.9               3283000         106282.8
16:28:28.765 INFO  ProgressMeter -        chr6:57274651             31.1               3301000         106291.4
16:28:39.033 INFO  ProgressMeter -        chr6:66684276             31.2               3320000         106317.3
16:28:49.479 INFO  ProgressMeter -        chr6:72548887             31.4               3339000         106333.0
16:28:59.547 INFO  ProgressMeter -        chr6:78689266             31.6               3357000         106337.9
16:29:09.573 INFO  ProgressMeter -        chr6:84613731             31.7               3376000         106376.7
16:29:19.702 INFO  ProgressMeter -        chr6:91001721             31.9               3394000         106378.0
16:29:30.023 INFO  ProgressMeter -        chr6:97005177             32.1               3412000         106368.7
16:29:40.511 INFO  ProgressMeter -       chr6:103445622             32.3               3429000         106319.3
16:29:51.040 INFO  ProgressMeter -       chr6:110032659             32.4               3449000         106360.7
16:30:01.167 INFO  ProgressMeter -       chr6:116270674             32.6               3466000         106331.6
16:30:11.251 INFO  ProgressMeter -       chr6:122057743             32.8               3482000         106274.4
16:30:21.532 INFO  ProgressMeter -       chr6:128651512             32.9               3499000         106237.7
16:30:31.566 INFO  ProgressMeter -       chr6:134048920             33.1               3517000         106244.7
16:30:41.974 INFO  ProgressMeter -       chr6:140053545             33.3               3535000         106231.8
16:30:52.466 INFO  ProgressMeter -       chr6:146561972             33.5               3553000         106214.6
16:31:02.574 INFO  ProgressMeter -       chr6:152693291             33.6               3572000         106247.5
16:31:12.840 INFO  ProgressMeter -       chr6:158516584             33.8               3591000         106271.8
16:31:23.008 INFO  ProgressMeter -       chr6:164088222             34.0               3609000         106271.5
16:31:33.162 INFO  ProgressMeter -       chr6:169371239             34.1               3628000         106301.3
16:31:43.246 INFO  ProgressMeter -         chr7:2201515             34.3               3650000         106421.8
16:31:53.617 INFO  ProgressMeter -         chr7:7334098             34.5               3674000         106584.4
16:32:03.940 INFO  ProgressMeter -        chr7:12235538             34.6               3694000         106632.4
16:32:14.107 INFO  ProgressMeter -        chr7:17290245             34.8               3714000         106687.9
16:32:24.465 INFO  ProgressMeter -        chr7:22985101             35.0               3733000         106704.5
16:32:34.576 INFO  ProgressMeter -        chr7:28884608             35.2               3751000         106705.1
16:32:45.052 INFO  ProgressMeter -        chr7:34551607             35.3               3769000         106687.2
16:32:55.389 INFO  ProgressMeter -        chr7:40534423             35.5               3787000         106676.5
16:33:05.702 INFO  ProgressMeter -        chr7:46729794             35.7               3805000         106667.0
16:33:16.070 INFO  ProgressMeter -        chr7:52424836             35.8               3823000         106655.0
16:33:26.438 INFO  ProgressMeter -        chr7:58041217             36.0               3845000         106754.8
16:33:36.624 INFO  ProgressMeter -        chr7:69261995             36.2               3871000         106971.8
16:33:46.937 INFO  ProgressMeter -        chr7:76974835             36.4               3892000         107043.7
16:33:57.178 INFO  ProgressMeter -        chr7:82731236             36.5               3911000         107063.6
16:34:07.342 INFO  ProgressMeter -        chr7:88595323             36.7               3929000         107059.9
16:34:17.683 INFO  ProgressMeter -        chr7:95160959             36.9               3946000         107020.6
16:34:27.872 INFO  ProgressMeter -       chr7:101809615             37.0               3964000         107015.8
16:34:38.106 INFO  ProgressMeter -       chr7:107702294             37.2               3983000         107035.9
16:34:48.575 INFO  ProgressMeter -       chr7:114078832             37.4               4001000         107017.8
16:34:58.710 INFO  ProgressMeter -       chr7:120893151             37.6               4017000         106962.6
16:35:08.719 INFO  ProgressMeter -       chr7:127335703             37.7               4034000         106940.2
16:35:18.917 INFO  ProgressMeter -       chr7:133795924             37.9               4051000         106909.1
16:35:29.337 INFO  ProgressMeter -       chr7:140281016             38.1               4069000         106894.3
16:35:39.404 INFO  ProgressMeter -       chr7:146371631             38.2               4088000         106922.1
16:35:49.493 INFO  ProgressMeter -       chr7:151751583             38.4               4108000         106974.7
16:35:59.960 INFO  ProgressMeter -       chr7:157071398             38.6               4129000         107035.3
16:36:10.148 INFO  ProgressMeter -         chr8:1386780             38.7               4151000         107134.1
16:36:20.436 INFO  ProgressMeter -         chr8:4973511             38.9               4175000         107278.7
16:36:30.659 INFO  ProgressMeter -         chr8:9689389             39.1               4198000         107399.5
16:36:40.782 INFO  ProgressMeter -        chr8:15261992             39.3               4222000         107549.3
16:36:51.115 INFO  ProgressMeter -        chr8:19729041             39.4               4244000         107637.5
16:37:01.454 INFO  ProgressMeter -        chr8:25111212             39.6               4264000         107674.2
16:37:11.583 INFO  ProgressMeter -        chr8:31321321             39.8               4283000         107694.9
16:37:21.903 INFO  ProgressMeter -        chr8:37916353             39.9               4301000         107681.8
16:37:32.355 INFO  ProgressMeter -        chr8:46776295             40.1               4322000         107737.7
16:37:42.718 INFO  ProgressMeter -        chr8:53272696             40.3               4339000         107697.7
16:37:53.343 INFO  ProgressMeter -        chr8:59543192             40.5               4359000         107720.7
16:38:03.406 INFO  ProgressMeter -        chr8:65543170             40.6               4376000         107694.4
16:38:13.905 INFO  ProgressMeter -        chr8:71909897             40.8               4394000         107673.7
16:38:24.103 INFO  ProgressMeter -        chr8:78012878             41.0               4412000         107666.4
16:38:34.439 INFO  ProgressMeter -        chr8:83969967             41.2               4431000         107677.4
16:38:44.962 INFO  ProgressMeter -        chr8:91180255             41.3               4450000         107680.2
16:38:55.011 INFO  ProgressMeter -        chr8:97632874             41.5               4467000         107655.3
16:39:05.436 INFO  ProgressMeter -       chr8:104229044             41.7               4485000         107638.3
16:39:15.723 INFO  ProgressMeter -       chr8:110259380             41.8               4502000         107603.6
16:39:26.081 INFO  ProgressMeter -       chr8:116635620             42.0               4520000         107589.8
16:39:36.279 INFO  ProgressMeter -       chr8:122630517             42.2               4538000         107583.0
16:39:46.694 INFO  ProgressMeter -       chr8:128839635             42.4               4558000         107614.3
16:39:56.970 INFO  ProgressMeter -       chr8:134515563             42.5               4576000         107604.2
16:40:07.288 INFO  ProgressMeter -       chr8:140059995             42.7               4595000         107615.8
16:40:17.326 INFO  ProgressMeter -       chr8:145535447             42.9               4614000         107639.1
16:40:27.359 INFO  ProgressMeter -         chr9:6672420             43.0               4644000         107917.9
16:40:37.556 INFO  ProgressMeter -        chr9:14723007             43.2               4676000         108234.1
16:40:47.690 INFO  ProgressMeter -        chr9:25122765             43.4               4712000         108642.6
16:40:57.886 INFO  ProgressMeter -        chr9:32752043             43.5               4739000         108838.7
16:41:07.971 INFO  ProgressMeter -        chr9:41927527             43.7               4764000         108992.2
16:41:17.992 INFO  ProgressMeter -        chr9:81403236             43.9               4791000         109192.6
16:41:28.513 INFO  ProgressMeter -        chr9:88212057             44.1               4809000         109166.6
16:41:38.730 INFO  ProgressMeter -        chr9:94007885             44.2               4828000         109175.9
16:41:48.909 INFO  ProgressMeter -       chr9:100255787             44.4               4847000         109186.7
16:41:59.159 INFO  ProgressMeter -       chr9:105860581             44.6               4866000         109194.5
16:42:09.355 INFO  ProgressMeter -       chr9:112273821             44.7               4884000         109182.1
16:42:19.560 INFO  ProgressMeter -       chr9:117996181             44.9               4904000         109213.9
16:42:29.607 INFO  ProgressMeter -       chr9:123844537             45.1               4923000         109229.7
16:42:39.788 INFO  ProgressMeter -       chr9:130116315             45.2               4941000         109217.9
16:42:50.340 INFO  ProgressMeter -       chr9:136813410             45.4               4959000         109191.3
16:43:00.668 INFO  ProgressMeter -       chr9:143156548             45.6               4978000         109195.8
16:43:10.694 INFO  ProgressMeter -       chr9:148490414             45.8               4998000         109234.1
16:43:20.759 INFO  ProgressMeter -        chr10:3372960             45.9               5018000         109270.6
16:43:31.346 INFO  ProgressMeter -        chr10:8956504             46.1               5039000         109307.9
16:43:41.359 INFO  ProgressMeter -       chr10:14727198             46.3               5058000         109324.3
16:43:51.614 INFO  ProgressMeter -       chr10:20231092             46.4               5079000         109374.1
16:44:01.895 INFO  ProgressMeter -       chr10:26312374             46.6               5099000         109401.1
16:44:12.431 INFO  ProgressMeter -       chr10:32144344             46.8               5120000         109439.4
16:44:22.835 INFO  ProgressMeter -       chr10:38410676             47.0               5140000         109461.1
16:44:33.316 INFO  ProgressMeter -       chr10:46607588             47.1               5169000         109670.8
16:44:43.437 INFO  ProgressMeter -       chr10:52773130             47.3               5188000         109681.3
16:44:53.705 INFO  ProgressMeter -       chr10:58168004             47.5               5206000         109665.1
16:45:04.074 INFO  ProgressMeter -       chr10:64629729             47.6               5224000         109645.1
16:45:14.401 INFO  ProgressMeter -       chr10:70305659             47.8               5243000         109647.8
16:45:24.646 INFO  ProgressMeter -       chr10:76287819             48.0               5261000         109632.8
16:45:34.843 INFO  ProgressMeter -       chr10:81370384             48.2               5277000         109578.1
16:45:45.206 INFO  ProgressMeter -       chr10:87030836             48.3               5296000         109579.6
16:45:55.636 INFO  ProgressMeter -       chr10:93536438             48.5               5314000         109558.0
16:46:05.883 INFO  ProgressMeter -       chr10:99995116             48.7               5332000         109543.4
16:46:15.994 INFO  ProgressMeter -      chr10:107152484             48.8               5349000         109513.6
16:46:26.347 INFO  ProgressMeter -      chr10:112982505             49.0               5368000         109515.6
16:46:36.540 INFO  ProgressMeter -      chr10:119074682             49.2               5385000         109483.0
16:46:47.023 INFO  ProgressMeter -      chr10:125031573             49.4               5404000         109480.4
16:46:57.512 INFO  ProgressMeter -      chr10:130799888             49.5               5424000         109497.8
16:47:07.636 INFO  ProgressMeter -        chr11:1247794             49.7               5445000         109548.6
16:47:17.860 INFO  ProgressMeter -        chr11:6324919             49.9               5466000         109595.3
16:47:27.996 INFO  ProgressMeter -       chr11:11946795             50.0               5484000         109585.1
16:47:38.210 INFO  ProgressMeter -       chr11:18367690             50.2               5500000         109532.2
16:47:48.342 INFO  ProgressMeter -       chr11:23887745             50.4               5519000         109542.2
16:47:58.583 INFO  ProgressMeter -       chr11:30232164             50.6               5538000         109548.2
16:48:08.756 INFO  ProgressMeter -       chr11:36558017             50.7               5555000         109517.1
16:48:19.245 INFO  ProgressMeter -       chr11:42541734             50.9               5575000         109533.9
16:48:29.280 INFO  ProgressMeter -       chr11:49070074             51.1               5593000         109527.7
16:48:39.641 INFO  ProgressMeter -       chr11:58368517             51.2               5616000         109607.4
16:48:50.219 INFO  ProgressMeter -       chr11:65014062             51.4               5634000         109581.7
16:49:00.566 INFO  ProgressMeter -       chr11:71341068             51.6               5653000         109583.7
16:49:10.715 INFO  ProgressMeter -       chr11:77297964             51.8               5671000         109573.3
16:49:21.144 INFO  ProgressMeter -       chr11:83232033             51.9               5690000         109572.4
16:49:31.411 INFO  ProgressMeter -       chr11:88791308             52.1               5708000         109558.1
16:49:41.459 INFO  ProgressMeter -       chr11:95028186             52.3               5726000         109551.4
16:49:51.884 INFO  ProgressMeter -      chr11:100730427             52.4               5745000         109550.7
16:50:02.017 INFO  ProgressMeter -      chr11:106880194             52.6               5762000         109522.2
16:50:12.486 INFO  ProgressMeter -      chr11:113668858             52.8               5780000         109501.2
16:50:22.748 INFO  ProgressMeter -      chr11:119862010             53.0               5798000         109487.5
16:50:32.972 INFO  ProgressMeter -      chr11:125820544             53.1               5816000         109475.1
16:50:43.382 INFO  ProgressMeter -      chr11:131558981             53.3               5834000         109456.5
16:50:53.498 INFO  ProgressMeter -        chr12:1405726             53.5               5852000         109448.0
16:51:03.741 INFO  ProgressMeter -        chr12:6555579             53.6               5869000         109416.5
16:51:14.138 INFO  ProgressMeter -       chr12:12253278             53.8               5889000         109435.8
16:51:24.283 INFO  ProgressMeter -       chr12:18460183             54.0               5906000         109408.0
16:51:34.348 INFO  ProgressMeter -       chr12:24272321             54.1               5924000         109401.5
16:51:44.539 INFO  ProgressMeter -       chr12:30021386             54.3               5942000         109390.8
16:51:54.629 INFO  ProgressMeter -       chr12:37816933             54.5               5967000         109512.0
16:52:04.827 INFO  ProgressMeter -       chr12:43555340             54.7               5987000         109537.3
16:52:15.246 INFO  ProgressMeter -       chr12:49642343             54.8               6005000         109518.7
16:52:25.464 INFO  ProgressMeter -       chr12:56059014             55.0               6023000         109506.9
16:52:35.728 INFO  ProgressMeter -       chr12:62735535             55.2               6040000         109475.5
16:52:45.999 INFO  ProgressMeter -       chr12:68968430             55.3               6058000         109462.1
16:52:56.177 INFO  ProgressMeter -       chr12:74971637             55.5               6076000         109451.8
16:53:06.887 INFO  ProgressMeter -       chr12:81656777             55.7               6094000         109424.2
16:53:17.353 INFO  ProgressMeter -       chr12:88269159             55.9               6112000         109404.8
16:53:27.356 INFO  ProgressMeter -       chr12:94836655             56.0               6129000         109382.7
16:53:37.582 INFO  ProgressMeter -      chr12:100873835             56.2               6147000         109371.2
16:53:48.239 INFO  ProgressMeter -      chr12:106865331             56.4               6165000         109345.9
16:53:58.320 INFO  ProgressMeter -      chr12:113435704             56.5               6183000         109339.4
16:54:08.468 INFO  ProgressMeter -      chr12:119537000             56.7               6203000         109365.9
16:54:18.630 INFO  ProgressMeter -      chr12:125734018             56.9               6222000         109374.3
16:54:28.837 INFO  ProgressMeter -      chr12:131157475             57.1               6243000         109416.3
16:54:38.906 INFO  ProgressMeter -       chr13:20508484             57.2               6265000         109479.8
16:54:49.412 INFO  ProgressMeter -       chr13:26063525             57.4               6285000         109494.3
16:54:59.872 INFO  ProgressMeter -       chr13:32144455             57.6               6304000         109492.8
16:55:09.998 INFO  ProgressMeter -       chr13:38339698             57.7               6322000         109484.5
16:55:20.119 INFO  ProgressMeter -       chr13:44890167             57.9               6340000         109476.4
16:55:30.221 INFO  ProgressMeter -       chr13:50909929             58.1               6357000         109451.7
16:55:40.737 INFO  ProgressMeter -       chr13:58208783             58.3               6374000         109414.2
16:55:51.010 INFO  ProgressMeter -       chr13:64157695             58.4               6393000         109418.8
16:56:01.251 INFO  ProgressMeter -       chr13:70485313             58.6               6411000         109407.3
16:56:11.351 INFO  ProgressMeter -       chr13:76495634             58.8               6428000         109383.2
16:56:21.361 INFO  ProgressMeter -       chr13:82986141             58.9               6445000         109362.0
16:56:31.477 INFO  ProgressMeter -       chr13:89325287             59.1               6463000         109354.6
16:56:41.880 INFO  ProgressMeter -       chr13:95893690             59.3               6482000         109355.2
16:56:52.035 INFO  ProgressMeter -      chr13:102042164             59.4               6500000         109346.7
16:57:02.451 INFO  ProgressMeter -      chr13:107846321             59.6               6520000         109363.8
16:57:12.496 INFO  ProgressMeter -      chr13:113255876             59.8               6540000         109392.0
16:57:23.002 INFO  ProgressMeter -       chr14:18332264             60.0               6562000         109439.5
16:57:33.452 INFO  ProgressMeter -       chr14:24517091             60.1               6580000         109421.9
16:57:43.781 INFO  ProgressMeter -       chr14:30511421             60.3               6598000         109408.0
16:57:54.193 INFO  ProgressMeter -       chr14:36686676             60.5               6617000         109408.2
16:58:04.673 INFO  ProgressMeter -       chr14:42800768             60.7               6637000         109422.9
16:58:15.136 INFO  ProgressMeter -       chr14:49402824             60.8               6655000         109405.1
16:58:25.484 INFO  ProgressMeter -       chr14:55884184             61.0               6673000         109390.8
16:58:35.644 INFO  ProgressMeter -       chr14:61641524             61.2               6691000         109382.3
16:58:46.034 INFO  ProgressMeter -       chr14:67393479             61.3               6708000         109352.3
16:58:56.178 INFO  ProgressMeter -       chr14:73321801             61.5               6726000         109342.7
16:59:06.745 INFO  ProgressMeter -       chr14:79385022             61.7               6744000         109322.3
16:59:17.149 INFO  ProgressMeter -       chr14:85456329             61.9               6763000         109323.0
16:59:27.566 INFO  ProgressMeter -       chr14:91260463             62.0               6782000         109323.4
16:59:37.581 INFO  ProgressMeter -       chr14:96615074             62.2               6800000         109319.4
16:59:47.764 INFO  ProgressMeter -       chr15:18253189             62.4               6824000         109406.7
16:59:57.937 INFO  ProgressMeter -       chr15:23808479             62.5               6847000         109477.8
17:00:08.254 INFO  ProgressMeter -       chr15:29832208             62.7               6867000         109496.6
17:00:18.821 INFO  ProgressMeter -       chr15:35666203             62.9               6886000         109492.1
17:00:29.136 INFO  ProgressMeter -       chr15:42299854             63.1               6904000         109479.0
17:00:39.548 INFO  ProgressMeter -       chr15:48465465             63.2               6922000         109463.3
17:00:50.047 INFO  ProgressMeter -       chr15:54235809             63.4               6942000         109476.6
17:01:00.177 INFO  ProgressMeter -       chr15:59856345             63.6               6959000         109453.3
17:01:10.560 INFO  ProgressMeter -       chr15:66484643             63.8               6977000         109438.5
17:01:20.797 INFO  ProgressMeter -       chr15:73199604             63.9               6994000         109412.3
17:01:31.247 INFO  ProgressMeter -       chr15:79460492             64.1               7012000         109395.8
17:01:41.565 INFO  ProgressMeter -       chr15:85472837             64.3               7030000         109383.2
17:01:51.723 INFO  ProgressMeter -       chr15:90904647             64.4               7049000         109390.7
17:02:02.135 INFO  ProgressMeter -       chr15:96765992             64.6               7069000         109406.4
17:02:12.271 INFO  ProgressMeter -        chr16:1912565             64.8               7090000         109445.3
17:02:22.665 INFO  ProgressMeter -        chr16:6930962             65.0               7111000         109476.7
17:02:32.754 INFO  ProgressMeter -       chr16:11419624             65.1               7132000         109516.5
17:02:42.756 INFO  ProgressMeter -       chr16:17253662             65.3               7153000         109558.5
17:02:53.080 INFO  ProgressMeter -       chr16:24740339             65.5               7173000         109576.1
17:03:03.309 INFO  ProgressMeter -       chr16:31871748             65.6               7192000         109580.9
17:03:13.479 INFO  ProgressMeter -       chr16:57018834             65.8               7219000         109709.0
17:03:23.820 INFO  ProgressMeter -       chr16:66631994             66.0               7248000         109861.9
17:03:33.923 INFO  ProgressMeter -       chr16:76694795             66.1               7275000         109990.5
17:03:44.227 INFO  ProgressMeter -       chr16:85248124             66.3               7306000         110173.1
17:03:54.357 INFO  ProgressMeter -       chr16:92018499             66.5               7339000         110389.7
17:04:04.484 INFO  ProgressMeter -        chr17:1720621             66.7               7368000         110545.3
17:04:14.933 INFO  ProgressMeter -        chr17:7738959             66.8               7389000         110571.4
17:04:24.984 INFO  ProgressMeter -       chr17:13612679             67.0               7409000         110593.5
17:04:35.216 INFO  ProgressMeter -       chr17:19748216             67.2               7428000         110595.5
17:04:45.367 INFO  ProgressMeter -       chr17:30963718             67.3               7451000         110659.2
17:04:55.574 INFO  ProgressMeter -       chr17:37284458             67.5               7470000         110661.8
17:05:05.879 INFO  ProgressMeter -       chr17:44220489             67.7               7488000         110647.0
17:05:16.123 INFO  ProgressMeter -       chr17:50369709             67.8               7506000         110633.8
17:05:26.132 INFO  ProgressMeter -       chr17:56794582             68.0               7523000         110612.4
17:05:36.488 INFO  ProgressMeter -       chr17:63783481             68.2               7541000         110596.4
17:05:46.945 INFO  ProgressMeter -       chr17:70281124             68.4               7560000         110592.4
17:05:57.198 INFO  ProgressMeter -       chr17:76444657             68.5               7579000         110593.9
17:06:07.460 INFO  ProgressMeter -       chr17:81672071             68.7               7599000         110609.7
17:06:17.558 INFO  ProgressMeter -        chr18:3051438             68.9               7619000         110629.8
17:06:27.748 INFO  ProgressMeter -        chr18:8596001             69.0               7639000         110647.3
17:06:37.773 INFO  ProgressMeter -       chr18:14016783             69.2               7658000         110654.7
17:06:48.179 INFO  ProgressMeter -       chr18:25998677             69.4               7678000         110666.4
17:06:58.393 INFO  ProgressMeter -       chr18:32103514             69.5               7695000         110639.9
17:07:08.418 INFO  ProgressMeter -       chr18:38309623             69.7               7711000         110604.3
17:07:18.761 INFO  ProgressMeter -       chr18:44890835             69.9               7728000         110574.7
17:07:29.265 INFO  ProgressMeter -       chr18:50732386             70.1               7746000         110555.3
17:07:39.787 INFO  ProgressMeter -       chr18:57089079             70.2               7764000         110535.6
17:07:50.125 INFO  ProgressMeter -       chr18:62996830             70.4               7783000         110534.9
17:08:00.478 INFO  ProgressMeter -       chr18:68923024             70.6               7802000         110533.9
17:08:10.587 INFO  ProgressMeter -       chr18:74495447             70.8               7821000         110539.2
17:08:20.913 INFO  ProgressMeter -       chr18:79652930             70.9               7841000         110553.0
17:08:31.328 INFO  ProgressMeter -        chr19:4352671             71.1               7863000         110592.5
17:08:41.509 INFO  ProgressMeter -       chr19:10178397             71.3               7886000         110651.9
17:08:51.669 INFO  ProgressMeter -       chr19:16253047             71.4               7906000         110669.6
17:09:01.900 INFO  ProgressMeter -       chr19:22207624             71.6               7927000         110699.4
17:09:12.290 INFO  ProgressMeter -       chr19:33135552             71.8               7951000         110766.6
17:09:22.689 INFO  ProgressMeter -       chr19:39580030             72.0               7971000         110777.8
17:09:32.991 INFO  ProgressMeter -       chr19:45884692             72.1               7991000         110791.4
17:09:43.320 INFO  ProgressMeter -       chr19:52043103             72.3               8012000         110818.0
17:09:53.633 INFO  ProgressMeter -       chr19:57377763             72.5               8035000         110872.5
17:10:03.731 INFO  ProgressMeter -        chr20:1088395             72.6               8058000         110932.3
17:10:13.979 INFO  ProgressMeter -        chr20:6978085             72.8               8078000         110946.8
17:10:24.327 INFO  ProgressMeter -       chr20:12790755             73.0               8096000         110931.2
17:10:34.397 INFO  ProgressMeter -       chr20:18363110             73.2               8114000         110922.8
17:10:44.668 INFO  ProgressMeter -       chr20:24376504             73.3               8132000         110909.3
17:10:54.990 INFO  ProgressMeter -       chr20:35628078             73.5               8156000         110976.2
17:11:04.991 INFO  ProgressMeter -       chr20:42423175             73.7               8173000         110955.9
17:11:15.408 INFO  ProgressMeter -       chr20:48555531             73.8               8191000         110938.8
17:11:25.483 INFO  ProgressMeter -       chr20:54743447             74.0               8211000         110957.3
17:11:35.601 INFO  ProgressMeter -       chr20:60226229             74.2               8231000         110974.7
17:11:45.698 INFO  ProgressMeter -       chr20:65267211             74.3               8250000         110979.1
17:11:55.833 INFO  ProgressMeter -       chr21:13822197             74.5               8275000         111063.0
17:12:05.990 INFO  ProgressMeter -       chr21:19482324             74.7               8295000         111079.0
17:12:16.162 INFO  ProgressMeter -       chr21:25150066             74.8               8315000         111094.7
17:12:26.244 INFO  ProgressMeter -       chr21:30902183             75.0               8334000         111099.1
17:12:36.268 INFO  ProgressMeter -       chr21:36861404             75.2               8351000         111078.3
17:12:46.591 INFO  ProgressMeter -       chr21:42218033             75.4               8370000         111076.9
17:12:56.890 INFO  ProgressMeter -       chr22:16547993             75.5               8394000         111142.2
17:13:07.296 INFO  ProgressMeter -       chr22:22480509             75.7               8417000         111191.4
17:13:17.468 INFO  ProgressMeter -       chr22:27523211             75.9               8437000         111206.5
17:13:27.678 INFO  ProgressMeter -       chr22:33518253             76.0               8456000         111207.5
17:13:38.079 INFO  ProgressMeter -       chr22:39339926             76.2               8475000         111203.9
17:13:48.503 INFO  ProgressMeter -       chr22:45481486             76.4               8495000         111212.8
17:13:58.510 INFO  ProgressMeter -       chr22:50239478             76.6               8516000         111244.8
17:14:08.528 INFO  ProgressMeter -         chrX:5459931             76.7               8545000         111380.7
17:14:18.771 INFO  ProgressMeter -        chrX:18104972             76.9               8571000         111471.6
17:14:28.890 INFO  ProgressMeter -        chrX:30289705             77.1               8598000         111578.0
17:14:38.890 INFO  ProgressMeter -        chrX:40775028             77.2               8623000         111660.9
17:14:49.243 INFO  ProgressMeter -        chrX:56652309             77.4               8649000         111747.9
17:14:59.474 INFO  ProgressMeter -        chrX:74110277             77.6               8675000         111837.4
17:15:09.708 INFO  ProgressMeter -        chrX:87150646             77.7               8704000         111965.1
17:15:19.877 INFO  ProgressMeter -        chrX:98385134             77.9               8733000         112094.0
17:15:30.119 INFO  ProgressMeter -       chrX:112340733             78.1               8759000         112181.7
17:15:40.402 INFO  ProgressMeter -       chrX:125027145             78.3               8788000         112306.6
17:15:50.426 INFO  ProgressMeter -       chrX:138880069             78.4               8813000         112386.2
17:16:00.481 INFO  ProgressMeter -       chrX:150607665             78.6               8842000         112515.5
17:16:09.490 INFO  GetPileupSummaries - 0 read(s) filtered by: MappingQualityAvailableReadFilter 
4253483 read(s) filtered by: MappingQualityNotZeroReadFilter 
0 read(s) filtered by: MappedReadFilter 
187386 read(s) filtered by: PrimaryLineReadFilter 
54476847 read(s) filtered by: NotDuplicateReadFilter 
0 read(s) filtered by: PassesVendorQualityCheckReadFilter 
0 read(s) filtered by: NonZeroReferenceLengthAlignmentReadFilter 
708105 read(s) filtered by: MateOnSameContigOrNoMappedMateReadFilter 
0 read(s) filtered by: GoodCigarReadFilter 
0 read(s) filtered by: WellformedReadFilter 
59625821 total reads filtered out of 367247054 reads processed
17:16:09.491 INFO  ProgressMeter -        chrY:17982012             78.7               8854825         112463.8
17:16:09.491 INFO  ProgressMeter - Traversal complete. Processed 8854825 total loci in 78.7 minutes.
17:16:09.491 INFO  GetPileupSummaries - Shutting down engine
[July 14, 2024 at 5:16:09 PM CEST] org.broadinstitute.hellbender.tools.walkers.contamination.GetPileupSummaries done. Elapsed time: 80.16 minutes.
Runtime.totalMemory()=4261412864
Tool returned:
SUCCESS
