Read1 before filtering:
total reads: 619947634
total bases: 92992145100
Q20 bases: 90345716036(97.1541%)
Q30 bases: 86075185701(92.5618%)

Read2 before filtering:
total reads: 619947634
total bases: 92992145100
Q20 bases: 89718497424(96.4797%)
Q30 bases: 84770820565(91.1591%)

Read1 after filtering:
total reads: 613458938
total bases: 91638118135
Q20 bases: 89285468506(97.4327%)
Q30 bases: 85173666252(92.9457%)

Read2 after filtering:
total reads: 613458938
total bases: 91631072744
Q20 bases: 88802836339(96.9135%)
Q30 bases: 84033978672(91.709%)

Filtering result:
reads passed filter: 1226917876
reads failed due to low quality: 12014898
reads failed due to too many N: 192614
reads failed due to too short: 769880
reads with adapter trimmed: 11646900
bases trimmed due to adapters: 739961478

Duplication rate: 15.7184%

Insert size peak (evaluated by paired-end reads): 269

JSON report: logs/fastp/P017/P017_dna_tumor.fastp.json
HTML report: logs/fastp/P017/P017_dna_tumor.fastp.html

fastp -w 12 -i /staging/leuven/stg_00096/home/rdewin/data/TALL_IF/TALL_IF/WGS/WGS_batch1/S095/S095_R01.fq.gz -I /staging/leuven/stg_00096/home/rdewin/data/TALL_IF/TALL_IF/WGS/WGS_batch1/S095/S095_R02.fq.gz -o results/fastp/P017/P017_dna_tumor_R1.trimmed.fq -O results/fastp/P017/P017_dna_tumor_R2.trimmed.fq -j logs/fastp/P017/P017_dna_tumor.fastp.json -h logs/fastp/P017/P017_dna_tumor.fastp.html 
fastp v0.23.4, time used: 1029 seconds
