Sep 27, 2024 2:52:27 PM com.intel.gkl.NativeLibraryLoader load
INFO: Loading libgkl_compression.so from jar:file:/lustre1/project/stg_00096/home/rdewin/system/miniconda/envs/RNA/share/picard-3.1.1-0/picard.jar!/com/intel/gkl/native/libgkl_compression.so
[Fri Sep 27 14:52:27 CEST 2024] AddOrReplaceReadGroups --INPUT results/star/P058/P058_Aligned.sortedByCoord.out.bam --OUTPUT results/star/P058/P058_Aligned.sortedByCoord.withRG.bam --RGID P058 --RGLB lib1 --RGPL illumina --RGPU unit1 --RGSM P058 --VERBOSITY INFO --QUIET false --VALIDATION_STRINGENCY STRICT --COMPRESSION_LEVEL 5 --MAX_RECORDS_IN_RAM 500000 --CREATE_INDEX false --CREATE_MD5_FILE false --help false --version false --showHidden false --USE_JDK_DEFLATER false --USE_JDK_INFLATER false
[Fri Sep 27 14:52:27 CEST 2024] Executing as vsc35407@i28l17 on Linux 4.18.0-513.24.1.el8_9.x86_64 amd64; OpenJDK 64-Bit Server VM 17.0.10-internal+0-adhoc..src; Deflater: Intel; Inflater: Intel; Provider GCS is available; Picard version: Version:3.1.1
INFO	2024-09-27 14:52:27	AddOrReplaceReadGroups	Created read-group ID=P058 PL=illumina LB=lib1 SM=P058

INFO	2024-09-27 14:52:42	AddOrReplaceReadGroups	Processed     1,000,000 records.  Elapsed time: 00:00:15s.  Time for last 1,000,000:   15s.  Last read position: chr1:20,603,206
INFO	2024-09-27 14:52:59	AddOrReplaceReadGroups	Processed     2,000,000 records.  Elapsed time: 00:00:32s.  Time for last 1,000,000:   16s.  Last read position: chr1:32,132,899
INFO	2024-09-27 14:53:15	AddOrReplaceReadGroups	Processed     3,000,000 records.  Elapsed time: 00:00:47s.  Time for last 1,000,000:   15s.  Last read position: chr1:45,501,957
INFO	2024-09-27 14:53:29	AddOrReplaceReadGroups	Processed     4,000,000 records.  Elapsed time: 00:01:02s.  Time for last 1,000,000:   14s.  Last read position: chr1:90,865,202
INFO	2024-09-27 14:53:46	AddOrReplaceReadGroups	Processed     5,000,000 records.  Elapsed time: 00:01:19s.  Time for last 1,000,000:   17s.  Last read position: chr1:117,108,278
INFO	2024-09-27 14:53:58	AddOrReplaceReadGroups	Processed     6,000,000 records.  Elapsed time: 00:01:31s.  Time for last 1,000,000:   12s.  Last read position: chr1:148,985,051
INFO	2024-09-27 14:54:08	AddOrReplaceReadGroups	Processed     7,000,000 records.  Elapsed time: 00:01:41s.  Time for last 1,000,000:    9s.  Last read position: chr1:155,879,355
INFO	2024-09-27 14:54:18	AddOrReplaceReadGroups	Processed     8,000,000 records.  Elapsed time: 00:01:51s.  Time for last 1,000,000:   10s.  Last read position: chr1:182,235,319
INFO	2024-09-27 14:54:27	AddOrReplaceReadGroups	Processed     9,000,000 records.  Elapsed time: 00:02:00s.  Time for last 1,000,000:    9s.  Last read position: chr1:205,851,415
INFO	2024-09-27 14:54:37	AddOrReplaceReadGroups	Processed    10,000,000 records.  Elapsed time: 00:02:09s.  Time for last 1,000,000:    9s.  Last read position: chr1:240,915,630
INFO	2024-09-27 14:54:47	AddOrReplaceReadGroups	Processed    11,000,000 records.  Elapsed time: 00:02:19s.  Time for last 1,000,000:   10s.  Last read position: chr2:31,310,594
INFO	2024-09-27 14:54:57	AddOrReplaceReadGroups	Processed    12,000,000 records.  Elapsed time: 00:02:30s.  Time for last 1,000,000:   10s.  Last read position: chr2:61,874,798
INFO	2024-09-27 14:55:07	AddOrReplaceReadGroups	Processed    13,000,000 records.  Elapsed time: 00:02:40s.  Time for last 1,000,000:    9s.  Last read position: chr2:96,782,530
INFO	2024-09-27 14:55:16	AddOrReplaceReadGroups	Processed    14,000,000 records.  Elapsed time: 00:02:49s.  Time for last 1,000,000:    9s.  Last read position: chr2:134,890,976
INFO	2024-09-27 14:55:26	AddOrReplaceReadGroups	Processed    15,000,000 records.  Elapsed time: 00:02:59s.  Time for last 1,000,000:    9s.  Last read position: chr2:182,569,180
INFO	2024-09-27 14:55:35	AddOrReplaceReadGroups	Processed    16,000,000 records.  Elapsed time: 00:03:08s.  Time for last 1,000,000:    9s.  Last read position: chr2:218,711,649
INFO	2024-09-27 14:55:45	AddOrReplaceReadGroups	Processed    17,000,000 records.  Elapsed time: 00:03:17s.  Time for last 1,000,000:    9s.  Last read position: chr3:12,617,348
INFO	2024-09-27 14:55:54	AddOrReplaceReadGroups	Processed    18,000,000 records.  Elapsed time: 00:03:26s.  Time for last 1,000,000:    8s.  Last read position: chr3:37,266,572
INFO	2024-09-27 14:56:02	AddOrReplaceReadGroups	Processed    19,000,000 records.  Elapsed time: 00:03:35s.  Time for last 1,000,000:    8s.  Last read position: chr3:49,840,425
INFO	2024-09-27 14:56:12	AddOrReplaceReadGroups	Processed    20,000,000 records.  Elapsed time: 00:03:44s.  Time for last 1,000,000:    9s.  Last read position: chr3:114,849,146
INFO	2024-09-27 14:56:21	AddOrReplaceReadGroups	Processed    21,000,000 records.  Elapsed time: 00:03:53s.  Time for last 1,000,000:    9s.  Last read position: chr3:145,803,755
INFO	2024-09-27 14:56:30	AddOrReplaceReadGroups	Processed    22,000,000 records.  Elapsed time: 00:04:03s.  Time for last 1,000,000:    9s.  Last read position: chr3:196,393,928
INFO	2024-09-27 14:56:39	AddOrReplaceReadGroups	Processed    23,000,000 records.  Elapsed time: 00:04:12s.  Time for last 1,000,000:    9s.  Last read position: chr4:39,424,565
INFO	2024-09-27 14:56:49	AddOrReplaceReadGroups	Processed    24,000,000 records.  Elapsed time: 00:04:21s.  Time for last 1,000,000:    9s.  Last read position: chr4:94,164,222
INFO	2024-09-27 14:56:58	AddOrReplaceReadGroups	Processed    25,000,000 records.  Elapsed time: 00:04:30s.  Time for last 1,000,000:    9s.  Last read position: chr4:154,424,868
INFO	2024-09-27 14:57:07	AddOrReplaceReadGroups	Processed    26,000,000 records.  Elapsed time: 00:04:40s.  Time for last 1,000,000:    9s.  Last read position: chr5:40,939,098
INFO	2024-09-27 14:57:17	AddOrReplaceReadGroups	Processed    27,000,000 records.  Elapsed time: 00:04:49s.  Time for last 1,000,000:    9s.  Last read position: chr5:82,619,386
INFO	2024-09-27 14:57:26	AddOrReplaceReadGroups	Processed    28,000,000 records.  Elapsed time: 00:04:58s.  Time for last 1,000,000:    9s.  Last read position: chr5:135,129,751
INFO	2024-09-27 14:57:36	AddOrReplaceReadGroups	Processed    29,000,000 records.  Elapsed time: 00:05:09s.  Time for last 1,000,000:   10s.  Last read position: chr5:164,053,984
INFO	2024-09-27 14:57:46	AddOrReplaceReadGroups	Processed    30,000,000 records.  Elapsed time: 00:05:18s.  Time for last 1,000,000:    9s.  Last read position: chr6:11,170,961
INFO	2024-09-27 14:57:54	AddOrReplaceReadGroups	Processed    31,000,000 records.  Elapsed time: 00:05:27s.  Time for last 1,000,000:    8s.  Last read position: chr6:26,065,270
INFO	2024-09-27 14:58:02	AddOrReplaceReadGroups	Processed    32,000,000 records.  Elapsed time: 00:05:34s.  Time for last 1,000,000:    7s.  Last read position: chr6:27,736,972
INFO	2024-09-27 14:58:10	AddOrReplaceReadGroups	Processed    33,000,000 records.  Elapsed time: 00:05:42s.  Time for last 1,000,000:    8s.  Last read position: chr6:31,514,649
INFO	2024-09-27 14:58:19	AddOrReplaceReadGroups	Processed    34,000,000 records.  Elapsed time: 00:05:51s.  Time for last 1,000,000:    8s.  Last read position: chr6:43,439,393
INFO	2024-09-27 14:58:26	AddOrReplaceReadGroups	Processed    35,000,000 records.  Elapsed time: 00:05:58s.  Time for last 1,000,000:    7s.  Last read position: chr6:52,835,282
INFO	2024-09-27 14:58:34	AddOrReplaceReadGroups	Processed    36,000,000 records.  Elapsed time: 00:06:06s.  Time for last 1,000,000:    7s.  Last read position: chr6:74,694,982
INFO	2024-09-27 14:58:41	AddOrReplaceReadGroups	Processed    37,000,000 records.  Elapsed time: 00:06:14s.  Time for last 1,000,000:    7s.  Last read position: chr6:74,696,162
INFO	2024-09-27 14:58:50	AddOrReplaceReadGroups	Processed    38,000,000 records.  Elapsed time: 00:06:23s.  Time for last 1,000,000:    8s.  Last read position: chr6:117,647,020
INFO	2024-09-27 14:58:59	AddOrReplaceReadGroups	Processed    39,000,000 records.  Elapsed time: 00:06:32s.  Time for last 1,000,000:    9s.  Last read position: chr7:2,051,565
INFO	2024-09-27 14:59:09	AddOrReplaceReadGroups	Processed    40,000,000 records.  Elapsed time: 00:06:41s.  Time for last 1,000,000:    9s.  Last read position: chr7:32,882,721
INFO	2024-09-27 14:59:17	AddOrReplaceReadGroups	Processed    41,000,000 records.  Elapsed time: 00:06:50s.  Time for last 1,000,000:    8s.  Last read position: chr7:76,396,816
INFO	2024-09-27 14:59:26	AddOrReplaceReadGroups	Processed    42,000,000 records.  Elapsed time: 00:06:59s.  Time for last 1,000,000:    8s.  Last read position: chr7:102,127,809
INFO	2024-09-27 14:59:35	AddOrReplaceReadGroups	Processed    43,000,000 records.  Elapsed time: 00:07:08s.  Time for last 1,000,000:    9s.  Last read position: chr7:144,147,473
INFO	2024-09-27 14:59:45	AddOrReplaceReadGroups	Processed    44,000,000 records.  Elapsed time: 00:07:17s.  Time for last 1,000,000:    9s.  Last read position: chr8:27,558,599
INFO	2024-09-27 14:59:55	AddOrReplaceReadGroups	Processed    45,000,000 records.  Elapsed time: 00:07:27s.  Time for last 1,000,000:    9s.  Last read position: chr8:73,721,803
INFO	2024-09-27 15:00:04	AddOrReplaceReadGroups	Processed    46,000,000 records.  Elapsed time: 00:07:37s.  Time for last 1,000,000:    9s.  Last read position: chr8:124,920,460
INFO	2024-09-27 15:00:13	AddOrReplaceReadGroups	Processed    47,000,000 records.  Elapsed time: 00:07:46s.  Time for last 1,000,000:    9s.  Last read position: chr9:19,391,606
INFO	2024-09-27 15:00:22	AddOrReplaceReadGroups	Processed    48,000,000 records.  Elapsed time: 00:07:55s.  Time for last 1,000,000:    8s.  Last read position: chr9:89,982,415
INFO	2024-09-27 15:00:31	AddOrReplaceReadGroups	Processed    49,000,000 records.  Elapsed time: 00:08:04s.  Time for last 1,000,000:    9s.  Last read position: chr9:134,442,793
INFO	2024-09-27 15:00:40	AddOrReplaceReadGroups	Processed    50,000,000 records.  Elapsed time: 00:08:13s.  Time for last 1,000,000:    9s.  Last read position: chr9:148,344,198
INFO	2024-09-27 15:00:49	AddOrReplaceReadGroups	Processed    51,000,000 records.  Elapsed time: 00:08:22s.  Time for last 1,000,000:    8s.  Last read position: chr10:22,610,748
INFO	2024-09-27 15:00:59	AddOrReplaceReadGroups	Processed    52,000,000 records.  Elapsed time: 00:08:31s.  Time for last 1,000,000:    9s.  Last read position: chr10:72,999,054
INFO	2024-09-27 15:01:08	AddOrReplaceReadGroups	Processed    53,000,000 records.  Elapsed time: 00:08:40s.  Time for last 1,000,000:    9s.  Last read position: chr10:103,281,532
INFO	2024-09-27 15:01:17	AddOrReplaceReadGroups	Processed    54,000,000 records.  Elapsed time: 00:08:50s.  Time for last 1,000,000:    9s.  Last read position: chr11:3,980,874
INFO	2024-09-27 15:01:26	AddOrReplaceReadGroups	Processed    55,000,000 records.  Elapsed time: 00:08:59s.  Time for last 1,000,000:    8s.  Last read position: chr11:35,368,452
INFO	2024-09-27 15:01:35	AddOrReplaceReadGroups	Processed    56,000,000 records.  Elapsed time: 00:09:07s.  Time for last 1,000,000:    8s.  Last read position: chr11:63,884,598
INFO	2024-09-27 15:01:44	AddOrReplaceReadGroups	Processed    57,000,000 records.  Elapsed time: 00:09:16s.  Time for last 1,000,000:    8s.  Last read position: chr11:71,854,768
INFO	2024-09-27 15:01:53	AddOrReplaceReadGroups	Processed    58,000,000 records.  Elapsed time: 00:09:26s.  Time for last 1,000,000:    9s.  Last read position: chr11:118,543,646
INFO	2024-09-27 15:02:02	AddOrReplaceReadGroups	Processed    59,000,000 records.  Elapsed time: 00:09:34s.  Time for last 1,000,000:    8s.  Last read position: chr12:6,546,861
INFO	2024-09-27 15:02:10	AddOrReplaceReadGroups	Processed    60,000,000 records.  Elapsed time: 00:09:43s.  Time for last 1,000,000:    8s.  Last read position: chr12:26,461,106
INFO	2024-09-27 15:02:19	AddOrReplaceReadGroups	Processed    61,000,000 records.  Elapsed time: 00:09:52s.  Time for last 1,000,000:    8s.  Last read position: chr12:51,770,819
INFO	2024-09-27 15:02:28	AddOrReplaceReadGroups	Processed    62,000,000 records.  Elapsed time: 00:10:01s.  Time for last 1,000,000:    8s.  Last read position: chr12:67,285,935
INFO	2024-09-27 15:02:37	AddOrReplaceReadGroups	Processed    63,000,000 records.  Elapsed time: 00:10:10s.  Time for last 1,000,000:    9s.  Last read position: chr12:106,438,310
INFO	2024-09-27 15:02:46	AddOrReplaceReadGroups	Processed    64,000,000 records.  Elapsed time: 00:10:19s.  Time for last 1,000,000:    8s.  Last read position: chr12:121,231,393
INFO	2024-09-27 15:02:55	AddOrReplaceReadGroups	Processed    65,000,000 records.  Elapsed time: 00:10:28s.  Time for last 1,000,000:    8s.  Last read position: chr13:9,254,237
INFO	2024-09-27 15:03:05	AddOrReplaceReadGroups	Processed    66,000,000 records.  Elapsed time: 00:10:37s.  Time for last 1,000,000:    9s.  Last read position: chr13:45,359,184
INFO	2024-09-27 15:03:14	AddOrReplaceReadGroups	Processed    67,000,000 records.  Elapsed time: 00:10:46s.  Time for last 1,000,000:    9s.  Last read position: chr14:2,109,312
INFO	2024-09-27 15:03:22	AddOrReplaceReadGroups	Processed    68,000,000 records.  Elapsed time: 00:10:55s.  Time for last 1,000,000:    8s.  Last read position: chr14:14,540,034
INFO	2024-09-27 15:03:30	AddOrReplaceReadGroups	Processed    69,000,000 records.  Elapsed time: 00:11:03s.  Time for last 1,000,000:    8s.  Last read position: chr14:29,061,512
INFO	2024-09-27 15:03:38	AddOrReplaceReadGroups	Processed    70,000,000 records.  Elapsed time: 00:11:10s.  Time for last 1,000,000:    7s.  Last read position: chr14:43,784,956
INFO	2024-09-27 15:03:45	AddOrReplaceReadGroups	Processed    71,000,000 records.  Elapsed time: 00:11:17s.  Time for last 1,000,000:    6s.  Last read position: chr14:44,067,817
INFO	2024-09-27 15:03:53	AddOrReplaceReadGroups	Processed    72,000,000 records.  Elapsed time: 00:11:25s.  Time for last 1,000,000:    8s.  Last read position: chr14:57,661,202
INFO	2024-09-27 15:04:02	AddOrReplaceReadGroups	Processed    73,000,000 records.  Elapsed time: 00:11:35s.  Time for last 1,000,000:    9s.  Last read position: chr14:91,084,894
INFO	2024-09-27 15:04:12	AddOrReplaceReadGroups	Processed    74,000,000 records.  Elapsed time: 00:11:44s.  Time for last 1,000,000:    9s.  Last read position: chr15:4,610,844
INFO	2024-09-27 15:04:21	AddOrReplaceReadGroups	Processed    75,000,000 records.  Elapsed time: 00:11:53s.  Time for last 1,000,000:    9s.  Last read position: chr15:42,519,585
INFO	2024-09-27 15:04:30	AddOrReplaceReadGroups	Processed    76,000,000 records.  Elapsed time: 00:12:02s.  Time for last 1,000,000:    8s.  Last read position: chr15:61,975,254
INFO	2024-09-27 15:04:39	AddOrReplaceReadGroups	Processed    77,000,000 records.  Elapsed time: 00:12:12s.  Time for last 1,000,000:    9s.  Last read position: chr15:86,948,092
INFO	2024-09-27 15:04:48	AddOrReplaceReadGroups	Processed    78,000,000 records.  Elapsed time: 00:12:20s.  Time for last 1,000,000:    8s.  Last read position: chr16:8,928,194
INFO	2024-09-27 15:04:57	AddOrReplaceReadGroups	Processed    79,000,000 records.  Elapsed time: 00:12:30s.  Time for last 1,000,000:    9s.  Last read position: chr16:27,509,242
INFO	2024-09-27 15:05:06	AddOrReplaceReadGroups	Processed    80,000,000 records.  Elapsed time: 00:12:38s.  Time for last 1,000,000:    8s.  Last read position: chr16:55,900,106
INFO	2024-09-27 15:05:15	AddOrReplaceReadGroups	Processed    81,000,000 records.  Elapsed time: 00:12:48s.  Time for last 1,000,000:    9s.  Last read position: chr16:84,748,908
INFO	2024-09-27 15:05:24	AddOrReplaceReadGroups	Processed    82,000,000 records.  Elapsed time: 00:12:57s.  Time for last 1,000,000:    9s.  Last read position: chr17:5,277,860
INFO	2024-09-27 15:05:33	AddOrReplaceReadGroups	Processed    83,000,000 records.  Elapsed time: 00:13:06s.  Time for last 1,000,000:    8s.  Last read position: chr17:19,628,239
INFO	2024-09-27 15:05:42	AddOrReplaceReadGroups	Processed    84,000,000 records.  Elapsed time: 00:13:15s.  Time for last 1,000,000:    9s.  Last read position: chr17:42,546,018
INFO	2024-09-27 15:05:51	AddOrReplaceReadGroups	Processed    85,000,000 records.  Elapsed time: 00:13:24s.  Time for last 1,000,000:    8s.  Last read position: chr17:52,051,630
INFO	2024-09-27 15:06:00	AddOrReplaceReadGroups	Processed    86,000,000 records.  Elapsed time: 00:13:33s.  Time for last 1,000,000:    9s.  Last read position: chr17:68,610,090
INFO	2024-09-27 15:06:09	AddOrReplaceReadGroups	Processed    87,000,000 records.  Elapsed time: 00:13:42s.  Time for last 1,000,000:    8s.  Last read position: chr17:79,570,601
INFO	2024-09-27 15:06:18	AddOrReplaceReadGroups	Processed    88,000,000 records.  Elapsed time: 00:13:50s.  Time for last 1,000,000:    8s.  Last read position: chr17:82,956,259
INFO	2024-09-27 15:06:27	AddOrReplaceReadGroups	Processed    89,000,000 records.  Elapsed time: 00:14:00s.  Time for last 1,000,000:    9s.  Last read position: chr18:49,229,237
INFO	2024-09-27 15:06:36	AddOrReplaceReadGroups	Processed    90,000,000 records.  Elapsed time: 00:14:09s.  Time for last 1,000,000:    9s.  Last read position: chr19:3,112,369
INFO	2024-09-27 15:06:45	AddOrReplaceReadGroups	Processed    91,000,000 records.  Elapsed time: 00:14:18s.  Time for last 1,000,000:    8s.  Last read position: chr19:12,240,590
INFO	2024-09-27 15:06:54	AddOrReplaceReadGroups	Processed    92,000,000 records.  Elapsed time: 00:14:27s.  Time for last 1,000,000:    8s.  Last read position: chr19:19,313,213
INFO	2024-09-27 15:07:03	AddOrReplaceReadGroups	Processed    93,000,000 records.  Elapsed time: 00:14:36s.  Time for last 1,000,000:    9s.  Last read position: chr19:46,721,679
INFO	2024-09-27 15:07:12	AddOrReplaceReadGroups	Processed    94,000,000 records.  Elapsed time: 00:14:44s.  Time for last 1,000,000:    8s.  Last read position: chr19:55,300,292
INFO	2024-09-27 15:07:21	AddOrReplaceReadGroups	Processed    95,000,000 records.  Elapsed time: 00:14:53s.  Time for last 1,000,000:    8s.  Last read position: chr20:11,962,391
INFO	2024-09-27 15:07:30	AddOrReplaceReadGroups	Processed    96,000,000 records.  Elapsed time: 00:15:02s.  Time for last 1,000,000:    9s.  Last read position: chr20:47,859,061
INFO	2024-09-27 15:07:40	AddOrReplaceReadGroups	Processed    97,000,000 records.  Elapsed time: 00:15:12s.  Time for last 1,000,000:   10s.  Last read position: chr21:5,567,126
INFO	2024-09-27 15:07:49	AddOrReplaceReadGroups	Processed    98,000,000 records.  Elapsed time: 00:15:22s.  Time for last 1,000,000:    9s.  Last read position: chr21:43,954,218
INFO	2024-09-27 15:07:59	AddOrReplaceReadGroups	Processed    99,000,000 records.  Elapsed time: 00:15:32s.  Time for last 1,000,000:   10s.  Last read position: chr22:30,135,248
INFO	2024-09-27 15:08:08	AddOrReplaceReadGroups	Processed   100,000,000 records.  Elapsed time: 00:15:41s.  Time for last 1,000,000:    8s.  Last read position: chr22:42,132,573
INFO	2024-09-27 15:08:17	AddOrReplaceReadGroups	Processed   101,000,000 records.  Elapsed time: 00:15:50s.  Time for last 1,000,000:    8s.  Last read position: chrX:12,558,273
INFO	2024-09-27 15:08:26	AddOrReplaceReadGroups	Processed   102,000,000 records.  Elapsed time: 00:15:59s.  Time for last 1,000,000:    9s.  Last read position: chrX:69,730,149
INFO	2024-09-27 15:08:35	AddOrReplaceReadGroups	Processed   103,000,000 records.  Elapsed time: 00:16:08s.  Time for last 1,000,000:    8s.  Last read position: chrX:122,341,509
INFO	2024-09-27 15:08:44	AddOrReplaceReadGroups	Processed   104,000,000 records.  Elapsed time: 00:16:16s.  Time for last 1,000,000:    8s.  Last read position: chrX:153,621,213
[Fri Sep 27 15:08:46 CEST 2024] picard.sam.AddOrReplaceReadGroups done. Elapsed time: 16.33 minutes.
Runtime.totalMemory()=538968064
