Sep 27, 2024 3:11:05 PM com.intel.gkl.NativeLibraryLoader load
INFO: Loading libgkl_compression.so from jar:file:/lustre1/project/stg_00096/home/rdewin/system/miniconda/envs/RNA/share/picard-3.1.1-0/picard.jar!/com/intel/gkl/native/libgkl_compression.so
[Fri Sep 27 15:11:05 CEST 2024] AddOrReplaceReadGroups --INPUT results/star/P065/P065_Aligned.sortedByCoord.out.bam --OUTPUT results/star/P065/P065_Aligned.sortedByCoord.withRG.bam --RGID P065 --RGLB lib1 --RGPL illumina --RGPU unit1 --RGSM P065 --VERBOSITY INFO --QUIET false --VALIDATION_STRINGENCY STRICT --COMPRESSION_LEVEL 5 --MAX_RECORDS_IN_RAM 500000 --CREATE_INDEX false --CREATE_MD5_FILE false --help false --version false --showHidden false --USE_JDK_DEFLATER false --USE_JDK_INFLATER false
[Fri Sep 27 15:11:05 CEST 2024] Executing as vsc35407@i28l17 on Linux 4.18.0-513.24.1.el8_9.x86_64 amd64; OpenJDK 64-Bit Server VM 17.0.10-internal+0-adhoc..src; Deflater: Intel; Inflater: Intel; Provider GCS is available; Picard version: Version:3.1.1
INFO	2024-09-27 15:11:05	AddOrReplaceReadGroups	Created read-group ID=P065 PL=illumina LB=lib1 SM=P065

INFO	2024-09-27 15:11:15	AddOrReplaceReadGroups	Processed     1,000,000 records.  Elapsed time: 00:00:09s.  Time for last 1,000,000:    9s.  Last read position: chr1:22,918,646
INFO	2024-09-27 15:11:23	AddOrReplaceReadGroups	Processed     2,000,000 records.  Elapsed time: 00:00:18s.  Time for last 1,000,000:    8s.  Last read position: chr1:35,609,824
INFO	2024-09-27 15:11:32	AddOrReplaceReadGroups	Processed     3,000,000 records.  Elapsed time: 00:00:26s.  Time for last 1,000,000:    8s.  Last read position: chr1:54,972,278
INFO	2024-09-27 15:11:41	AddOrReplaceReadGroups	Processed     4,000,000 records.  Elapsed time: 00:00:35s.  Time for last 1,000,000:    8s.  Last read position: chr1:109,133,132
INFO	2024-09-27 15:11:49	AddOrReplaceReadGroups	Processed     5,000,000 records.  Elapsed time: 00:00:43s.  Time for last 1,000,000:    8s.  Last read position: chr1:148,975,446
INFO	2024-09-27 15:11:58	AddOrReplaceReadGroups	Processed     6,000,000 records.  Elapsed time: 00:00:52s.  Time for last 1,000,000:    8s.  Last read position: chr1:161,867,937
INFO	2024-09-27 15:12:06	AddOrReplaceReadGroups	Processed     7,000,000 records.  Elapsed time: 00:01:01s.  Time for last 1,000,000:    8s.  Last read position: chr1:202,270,223
INFO	2024-09-27 15:12:15	AddOrReplaceReadGroups	Processed     8,000,000 records.  Elapsed time: 00:01:09s.  Time for last 1,000,000:    8s.  Last read position: chr1:234,696,302
INFO	2024-09-27 15:12:24	AddOrReplaceReadGroups	Processed     9,000,000 records.  Elapsed time: 00:01:18s.  Time for last 1,000,000:    8s.  Last read position: chr2:27,355,439
INFO	2024-09-27 15:12:33	AddOrReplaceReadGroups	Processed    10,000,000 records.  Elapsed time: 00:01:27s.  Time for last 1,000,000:    8s.  Last read position: chr2:62,327,626
INFO	2024-09-27 15:12:41	AddOrReplaceReadGroups	Processed    11,000,000 records.  Elapsed time: 00:01:36s.  Time for last 1,000,000:    8s.  Last read position: chr2:97,706,787
INFO	2024-09-27 15:12:50	AddOrReplaceReadGroups	Processed    12,000,000 records.  Elapsed time: 00:01:44s.  Time for last 1,000,000:    8s.  Last read position: chr2:149,121,859
INFO	2024-09-27 15:12:59	AddOrReplaceReadGroups	Processed    13,000,000 records.  Elapsed time: 00:01:53s.  Time for last 1,000,000:    8s.  Last read position: chr2:197,876,345
INFO	2024-09-27 15:13:07	AddOrReplaceReadGroups	Processed    14,000,000 records.  Elapsed time: 00:02:01s.  Time for last 1,000,000:    8s.  Last read position: chr2:230,712,659
INFO	2024-09-27 15:13:15	AddOrReplaceReadGroups	Processed    15,000,000 records.  Elapsed time: 00:02:10s.  Time for last 1,000,000:    8s.  Last read position: chr3:15,740,997
INFO	2024-09-27 15:13:23	AddOrReplaceReadGroups	Processed    16,000,000 records.  Elapsed time: 00:02:18s.  Time for last 1,000,000:    8s.  Last read position: chr3:31,638,043
INFO	2024-09-27 15:13:32	AddOrReplaceReadGroups	Processed    17,000,000 records.  Elapsed time: 00:02:26s.  Time for last 1,000,000:    8s.  Last read position: chr3:49,446,158
INFO	2024-09-27 15:13:40	AddOrReplaceReadGroups	Processed    18,000,000 records.  Elapsed time: 00:02:35s.  Time for last 1,000,000:    8s.  Last read position: chr3:116,669,450
INFO	2024-09-27 15:13:49	AddOrReplaceReadGroups	Processed    19,000,000 records.  Elapsed time: 00:02:43s.  Time for last 1,000,000:    8s.  Last read position: chr3:153,862,003
INFO	2024-09-27 15:13:58	AddOrReplaceReadGroups	Processed    20,000,000 records.  Elapsed time: 00:02:52s.  Time for last 1,000,000:    8s.  Last read position: chr3:198,449,554
INFO	2024-09-27 15:14:06	AddOrReplaceReadGroups	Processed    21,000,000 records.  Elapsed time: 00:03:00s.  Time for last 1,000,000:    8s.  Last read position: chr4:39,427,864
INFO	2024-09-27 15:14:15	AddOrReplaceReadGroups	Processed    22,000,000 records.  Elapsed time: 00:03:09s.  Time for last 1,000,000:    8s.  Last read position: chr4:104,643,814
INFO	2024-09-27 15:14:24	AddOrReplaceReadGroups	Processed    23,000,000 records.  Elapsed time: 00:03:18s.  Time for last 1,000,000:    9s.  Last read position: chr4:171,706,866
INFO	2024-09-27 15:14:33	AddOrReplaceReadGroups	Processed    24,000,000 records.  Elapsed time: 00:03:27s.  Time for last 1,000,000:    8s.  Last read position: chr5:61,976,391
INFO	2024-09-27 15:14:41	AddOrReplaceReadGroups	Processed    25,000,000 records.  Elapsed time: 00:03:35s.  Time for last 1,000,000:    8s.  Last read position: chr5:84,042,141
INFO	2024-09-27 15:14:50	AddOrReplaceReadGroups	Processed    26,000,000 records.  Elapsed time: 00:03:44s.  Time for last 1,000,000:    8s.  Last read position: chr5:138,912,776
INFO	2024-09-27 15:14:58	AddOrReplaceReadGroups	Processed    27,000,000 records.  Elapsed time: 00:03:52s.  Time for last 1,000,000:    8s.  Last read position: chr5:170,524,286
INFO	2024-09-27 15:15:06	AddOrReplaceReadGroups	Processed    28,000,000 records.  Elapsed time: 00:04:01s.  Time for last 1,000,000:    8s.  Last read position: chr6:6,932,008
INFO	2024-09-27 15:15:14	AddOrReplaceReadGroups	Processed    29,000,000 records.  Elapsed time: 00:04:09s.  Time for last 1,000,000:    8s.  Last read position: chr6:26,024,814
INFO	2024-09-27 15:15:22	AddOrReplaceReadGroups	Processed    30,000,000 records.  Elapsed time: 00:04:16s.  Time for last 1,000,000:    7s.  Last read position: chr6:31,210,136
INFO	2024-09-27 15:15:30	AddOrReplaceReadGroups	Processed    31,000,000 records.  Elapsed time: 00:04:24s.  Time for last 1,000,000:    7s.  Last read position: chr6:38,500,760
INFO	2024-09-27 15:15:36	AddOrReplaceReadGroups	Processed    32,000,000 records.  Elapsed time: 00:04:31s.  Time for last 1,000,000:    6s.  Last read position: chr6:52,835,206
INFO	2024-09-27 15:15:43	AddOrReplaceReadGroups	Processed    33,000,000 records.  Elapsed time: 00:04:37s.  Time for last 1,000,000:    6s.  Last read position: chr6:52,835,314
INFO	2024-09-27 15:15:49	AddOrReplaceReadGroups	Processed    34,000,000 records.  Elapsed time: 00:04:44s.  Time for last 1,000,000:    6s.  Last read position: chr6:52,835,331
INFO	2024-09-27 15:15:57	AddOrReplaceReadGroups	Processed    35,000,000 records.  Elapsed time: 00:04:51s.  Time for last 1,000,000:    7s.  Last read position: chr6:74,695,487
INFO	2024-09-27 15:16:04	AddOrReplaceReadGroups	Processed    36,000,000 records.  Elapsed time: 00:04:58s.  Time for last 1,000,000:    7s.  Last read position: chr6:74,697,023
INFO	2024-09-27 15:16:13	AddOrReplaceReadGroups	Processed    37,000,000 records.  Elapsed time: 00:05:07s.  Time for last 1,000,000:    8s.  Last read position: chr6:140,132,077
INFO	2024-09-27 15:16:21	AddOrReplaceReadGroups	Processed    38,000,000 records.  Elapsed time: 00:05:16s.  Time for last 1,000,000:    8s.  Last read position: chr7:5,646,859
INFO	2024-09-27 15:16:30	AddOrReplaceReadGroups	Processed    39,000,000 records.  Elapsed time: 00:05:24s.  Time for last 1,000,000:    8s.  Last read position: chr7:45,905,923
INFO	2024-09-27 15:16:38	AddOrReplaceReadGroups	Processed    40,000,000 records.  Elapsed time: 00:05:32s.  Time for last 1,000,000:    8s.  Last read position: chr7:93,886,747
INFO	2024-09-27 15:16:47	AddOrReplaceReadGroups	Processed    41,000,000 records.  Elapsed time: 00:05:41s.  Time for last 1,000,000:    8s.  Last read position: chr7:131,221,673
INFO	2024-09-27 15:16:55	AddOrReplaceReadGroups	Processed    42,000,000 records.  Elapsed time: 00:05:49s.  Time for last 1,000,000:    8s.  Last read position: chr7:160,201,803
INFO	2024-09-27 15:17:04	AddOrReplaceReadGroups	Processed    43,000,000 records.  Elapsed time: 00:05:58s.  Time for last 1,000,000:    8s.  Last read position: chr8:56,257,114
INFO	2024-09-27 15:17:12	AddOrReplaceReadGroups	Processed    44,000,000 records.  Elapsed time: 00:06:06s.  Time for last 1,000,000:    8s.  Last read position: chr8:102,067,533
INFO	2024-09-27 15:17:20	AddOrReplaceReadGroups	Processed    45,000,000 records.  Elapsed time: 00:06:15s.  Time for last 1,000,000:    8s.  Last read position: chr9:6,715,641
INFO	2024-09-27 15:17:28	AddOrReplaceReadGroups	Processed    46,000,000 records.  Elapsed time: 00:06:22s.  Time for last 1,000,000:    7s.  Last read position: chr9:35,678,425
INFO	2024-09-27 15:17:35	AddOrReplaceReadGroups	Processed    47,000,000 records.  Elapsed time: 00:06:29s.  Time for last 1,000,000:    6s.  Last read position: chr9:36,362,963
INFO	2024-09-27 15:17:43	AddOrReplaceReadGroups	Processed    48,000,000 records.  Elapsed time: 00:06:38s.  Time for last 1,000,000:    8s.  Last read position: chr9:112,414,352
INFO	2024-09-27 15:17:52	AddOrReplaceReadGroups	Processed    49,000,000 records.  Elapsed time: 00:06:46s.  Time for last 1,000,000:    8s.  Last read position: chr9:143,603,611
INFO	2024-09-27 15:18:00	AddOrReplaceReadGroups	Processed    50,000,000 records.  Elapsed time: 00:06:54s.  Time for last 1,000,000:    8s.  Last read position: chr10:14,954,444
INFO	2024-09-27 15:18:09	AddOrReplaceReadGroups	Processed    51,000,000 records.  Elapsed time: 00:07:03s.  Time for last 1,000,000:    8s.  Last read position: chr10:72,705,141
INFO	2024-09-27 15:18:17	AddOrReplaceReadGroups	Processed    52,000,000 records.  Elapsed time: 00:07:11s.  Time for last 1,000,000:    8s.  Last read position: chr10:110,996,687
INFO	2024-09-27 15:18:26	AddOrReplaceReadGroups	Processed    53,000,000 records.  Elapsed time: 00:07:20s.  Time for last 1,000,000:    8s.  Last read position: chr11:10,840,073
INFO	2024-09-27 15:18:34	AddOrReplaceReadGroups	Processed    54,000,000 records.  Elapsed time: 00:07:28s.  Time for last 1,000,000:    8s.  Last read position: chr11:61,797,547
INFO	2024-09-27 15:18:42	AddOrReplaceReadGroups	Processed    55,000,000 records.  Elapsed time: 00:07:36s.  Time for last 1,000,000:    7s.  Last read position: chr11:65,499,074
INFO	2024-09-27 15:18:50	AddOrReplaceReadGroups	Processed    56,000,000 records.  Elapsed time: 00:07:44s.  Time for last 1,000,000:    8s.  Last read position: chr11:93,647,135
INFO	2024-09-27 15:18:58	AddOrReplaceReadGroups	Processed    57,000,000 records.  Elapsed time: 00:07:53s.  Time for last 1,000,000:    8s.  Last read position: chr11:130,106,697
INFO	2024-09-27 15:19:07	AddOrReplaceReadGroups	Processed    58,000,000 records.  Elapsed time: 00:08:01s.  Time for last 1,000,000:    8s.  Last read position: chr12:28,180,102
INFO	2024-09-27 15:19:15	AddOrReplaceReadGroups	Processed    59,000,000 records.  Elapsed time: 00:08:09s.  Time for last 1,000,000:    8s.  Last read position: chr12:56,085,223
INFO	2024-09-27 15:19:23	AddOrReplaceReadGroups	Processed    60,000,000 records.  Elapsed time: 00:08:18s.  Time for last 1,000,000:    8s.  Last read position: chr12:100,082,331
INFO	2024-09-27 15:19:31	AddOrReplaceReadGroups	Processed    61,000,000 records.  Elapsed time: 00:08:26s.  Time for last 1,000,000:    8s.  Last read position: chr12:120,185,768
INFO	2024-09-27 15:19:39	AddOrReplaceReadGroups	Processed    62,000,000 records.  Elapsed time: 00:08:34s.  Time for last 1,000,000:    7s.  Last read position: chr13:8,932,623
INFO	2024-09-27 15:19:51	AddOrReplaceReadGroups	Processed    63,000,000 records.  Elapsed time: 00:08:45s.  Time for last 1,000,000:   11s.  Last read position: chr13:9,296,227
INFO	2024-09-27 15:20:00	AddOrReplaceReadGroups	Processed    64,000,000 records.  Elapsed time: 00:08:54s.  Time for last 1,000,000:    9s.  Last read position: chr13:41,521,166
INFO	2024-09-27 15:20:09	AddOrReplaceReadGroups	Processed    65,000,000 records.  Elapsed time: 00:09:03s.  Time for last 1,000,000:    8s.  Last read position: chr14:2,109,298
INFO	2024-09-27 15:20:18	AddOrReplaceReadGroups	Processed    66,000,000 records.  Elapsed time: 00:09:12s.  Time for last 1,000,000:    9s.  Last read position: chr14:14,539,970
INFO	2024-09-27 15:20:24	AddOrReplaceReadGroups	Processed    67,000,000 records.  Elapsed time: 00:09:19s.  Time for last 1,000,000:    6s.  Last read position: chr14:14,540,106
INFO	2024-09-27 15:20:31	AddOrReplaceReadGroups	Processed    68,000,000 records.  Elapsed time: 00:09:25s.  Time for last 1,000,000:    6s.  Last read position: chr14:15,462,300
INFO	2024-09-27 15:20:39	AddOrReplaceReadGroups	Processed    69,000,000 records.  Elapsed time: 00:09:33s.  Time for last 1,000,000:    8s.  Last read position: chr14:43,784,841
INFO	2024-09-27 15:20:45	AddOrReplaceReadGroups	Processed    70,000,000 records.  Elapsed time: 00:09:40s.  Time for last 1,000,000:    6s.  Last read position: chr14:43,784,860
INFO	2024-09-27 15:20:52	AddOrReplaceReadGroups	Processed    71,000,000 records.  Elapsed time: 00:09:46s.  Time for last 1,000,000:    6s.  Last read position: chr14:43,784,912
INFO	2024-09-27 15:20:58	AddOrReplaceReadGroups	Processed    72,000,000 records.  Elapsed time: 00:09:52s.  Time for last 1,000,000:    6s.  Last read position: chr14:43,784,957
INFO	2024-09-27 15:21:05	AddOrReplaceReadGroups	Processed    73,000,000 records.  Elapsed time: 00:09:59s.  Time for last 1,000,000:    6s.  Last read position: chr14:43,784,970
INFO	2024-09-27 15:21:11	AddOrReplaceReadGroups	Processed    74,000,000 records.  Elapsed time: 00:10:05s.  Time for last 1,000,000:    6s.  Last read position: chr14:44,067,788
INFO	2024-09-27 15:21:18	AddOrReplaceReadGroups	Processed    75,000,000 records.  Elapsed time: 00:10:12s.  Time for last 1,000,000:    6s.  Last read position: chr14:44,067,802
INFO	2024-09-27 15:21:24	AddOrReplaceReadGroups	Processed    76,000,000 records.  Elapsed time: 00:10:19s.  Time for last 1,000,000:    6s.  Last read position: chr14:44,067,870
INFO	2024-09-27 15:21:31	AddOrReplaceReadGroups	Processed    77,000,000 records.  Elapsed time: 00:10:25s.  Time for last 1,000,000:    6s.  Last read position: chr14:44,067,898
INFO	2024-09-27 15:21:38	AddOrReplaceReadGroups	Processed    78,000,000 records.  Elapsed time: 00:10:32s.  Time for last 1,000,000:    7s.  Last read position: chr14:44,067,918
INFO	2024-09-27 15:21:46	AddOrReplaceReadGroups	Processed    79,000,000 records.  Elapsed time: 00:10:40s.  Time for last 1,000,000:    8s.  Last read position: chr14:69,491,031
INFO	2024-09-27 15:21:55	AddOrReplaceReadGroups	Processed    80,000,000 records.  Elapsed time: 00:10:49s.  Time for last 1,000,000:    9s.  Last read position: chr15:3,855,753
INFO	2024-09-27 15:22:07	AddOrReplaceReadGroups	Processed    81,000,000 records.  Elapsed time: 00:11:01s.  Time for last 1,000,000:   11s.  Last read position: chr15:4,576,198
INFO	2024-09-27 15:22:17	AddOrReplaceReadGroups	Processed    82,000,000 records.  Elapsed time: 00:11:11s.  Time for last 1,000,000:    9s.  Last read position: chr15:29,161,185
INFO	2024-09-27 15:22:25	AddOrReplaceReadGroups	Processed    83,000,000 records.  Elapsed time: 00:11:19s.  Time for last 1,000,000:    8s.  Last read position: chr15:57,490,324
INFO	2024-09-27 15:22:33	AddOrReplaceReadGroups	Processed    84,000,000 records.  Elapsed time: 00:11:28s.  Time for last 1,000,000:    8s.  Last read position: chr15:80,400,981
INFO	2024-09-27 15:22:42	AddOrReplaceReadGroups	Processed    85,000,000 records.  Elapsed time: 00:11:36s.  Time for last 1,000,000:    8s.  Last read position: chr16:3,820,682
INFO	2024-09-27 15:22:50	AddOrReplaceReadGroups	Processed    86,000,000 records.  Elapsed time: 00:11:44s.  Time for last 1,000,000:    8s.  Last read position: chr16:23,945,400
INFO	2024-09-27 15:22:58	AddOrReplaceReadGroups	Processed    87,000,000 records.  Elapsed time: 00:11:53s.  Time for last 1,000,000:    8s.  Last read position: chr16:62,241,716
INFO	2024-09-27 15:23:07	AddOrReplaceReadGroups	Processed    88,000,000 records.  Elapsed time: 00:12:01s.  Time for last 1,000,000:    8s.  Last read position: chr16:95,641,488
INFO	2024-09-27 15:23:15	AddOrReplaceReadGroups	Processed    89,000,000 records.  Elapsed time: 00:12:09s.  Time for last 1,000,000:    8s.  Last read position: chr17:12,034,371
INFO	2024-09-27 15:23:23	AddOrReplaceReadGroups	Processed    90,000,000 records.  Elapsed time: 00:12:17s.  Time for last 1,000,000:    8s.  Last read position: chr17:36,820,086
INFO	2024-09-27 15:23:31	AddOrReplaceReadGroups	Processed    91,000,000 records.  Elapsed time: 00:12:25s.  Time for last 1,000,000:    7s.  Last read position: chr17:49,727,655
INFO	2024-09-27 15:23:39	AddOrReplaceReadGroups	Processed    92,000,000 records.  Elapsed time: 00:12:34s.  Time for last 1,000,000:    8s.  Last read position: chr17:75,933,954
INFO	2024-09-27 15:23:48	AddOrReplaceReadGroups	Processed    93,000,000 records.  Elapsed time: 00:12:42s.  Time for last 1,000,000:    8s.  Last read position: chr18:9,393,889
INFO	2024-09-27 15:23:56	AddOrReplaceReadGroups	Processed    94,000,000 records.  Elapsed time: 00:12:51s.  Time for last 1,000,000:    8s.  Last read position: chr18:70,542,799
INFO	2024-09-27 15:24:04	AddOrReplaceReadGroups	Processed    95,000,000 records.  Elapsed time: 00:12:58s.  Time for last 1,000,000:    7s.  Last read position: chr19:4,946,397
INFO	2024-09-27 15:24:12	AddOrReplaceReadGroups	Processed    96,000,000 records.  Elapsed time: 00:13:07s.  Time for last 1,000,000:    8s.  Last read position: chr19:16,235,570
INFO	2024-09-27 15:24:20	AddOrReplaceReadGroups	Processed    97,000,000 records.  Elapsed time: 00:13:15s.  Time for last 1,000,000:    8s.  Last read position: chr19:38,635,110
INFO	2024-09-27 15:24:28	AddOrReplaceReadGroups	Processed    98,000,000 records.  Elapsed time: 00:13:23s.  Time for last 1,000,000:    8s.  Last read position: chr19:52,487,591
INFO	2024-09-27 15:24:36	AddOrReplaceReadGroups	Processed    99,000,000 records.  Elapsed time: 00:13:30s.  Time for last 1,000,000:    7s.  Last read position: chr19:61,489,538
INFO	2024-09-27 15:24:45	AddOrReplaceReadGroups	Processed   100,000,000 records.  Elapsed time: 00:13:39s.  Time for last 1,000,000:    8s.  Last read position: chr20:38,337,004
INFO	2024-09-27 15:24:54	AddOrReplaceReadGroups	Processed   101,000,000 records.  Elapsed time: 00:13:48s.  Time for last 1,000,000:    9s.  Last read position: chr21:5,437,828
INFO	2024-09-27 15:25:02	AddOrReplaceReadGroups	Processed   102,000,000 records.  Elapsed time: 00:13:57s.  Time for last 1,000,000:    8s.  Last read position: chr21:43,211,176
INFO	2024-09-27 15:25:12	AddOrReplaceReadGroups	Processed   103,000,000 records.  Elapsed time: 00:14:06s.  Time for last 1,000,000:    9s.  Last read position: chr22:29,722,937
INFO	2024-09-27 15:25:20	AddOrReplaceReadGroups	Processed   104,000,000 records.  Elapsed time: 00:14:14s.  Time for last 1,000,000:    7s.  Last read position: chr22:41,637,653
INFO	2024-09-27 15:25:28	AddOrReplaceReadGroups	Processed   105,000,000 records.  Elapsed time: 00:14:23s.  Time for last 1,000,000:    8s.  Last read position: chrX:26,446,656
INFO	2024-09-27 15:25:37	AddOrReplaceReadGroups	Processed   106,000,000 records.  Elapsed time: 00:14:31s.  Time for last 1,000,000:    8s.  Last read position: chrX:77,799,351
INFO	2024-09-27 15:25:45	AddOrReplaceReadGroups	Processed   107,000,000 records.  Elapsed time: 00:14:39s.  Time for last 1,000,000:    8s.  Last read position: chrX:152,635,890
INFO	2024-09-27 15:25:52	AddOrReplaceReadGroups	Processed   108,000,000 records.  Elapsed time: 00:14:47s.  Time for last 1,000,000:    7s.  Last read position: chrM:6,613
[Fri Sep 27 15:25:53 CEST 2024] picard.sam.AddOrReplaceReadGroups done. Elapsed time: 14.81 minutes.
Runtime.totalMemory()=538968064
