Sep 27, 2024 2:52:25 PM com.intel.gkl.NativeLibraryLoader load
INFO: Loading libgkl_compression.so from jar:file:/lustre1/project/stg_00096/home/rdewin/system/miniconda/envs/RNA/share/picard-3.1.1-0/picard.jar!/com/intel/gkl/native/libgkl_compression.so
[Fri Sep 27 14:52:25 CEST 2024] AddOrReplaceReadGroups --INPUT results/star/P019/P019_Aligned.sortedByCoord.out.bam --OUTPUT results/star/P019/P019_Aligned.sortedByCoord.withRG.bam --RGID P019 --RGLB lib1 --RGPL illumina --RGPU unit1 --RGSM P019 --VERBOSITY INFO --QUIET false --VALIDATION_STRINGENCY STRICT --COMPRESSION_LEVEL 5 --MAX_RECORDS_IN_RAM 500000 --CREATE_INDEX false --CREATE_MD5_FILE false --help false --version false --showHidden false --USE_JDK_DEFLATER false --USE_JDK_INFLATER false
[Fri Sep 27 14:52:25 CEST 2024] Executing as vsc35407@i28l17 on Linux 4.18.0-513.24.1.el8_9.x86_64 amd64; OpenJDK 64-Bit Server VM 17.0.10-internal+0-adhoc..src; Deflater: Intel; Inflater: Intel; Provider GCS is available; Picard version: Version:3.1.1
INFO	2024-09-27 14:52:26	AddOrReplaceReadGroups	Created read-group ID=P019 PL=illumina LB=lib1 SM=P019

INFO	2024-09-27 14:52:40	AddOrReplaceReadGroups	Processed     1,000,000 records.  Elapsed time: 00:00:14s.  Time for last 1,000,000:   14s.  Last read position: chr1:22,878,816
INFO	2024-09-27 14:52:55	AddOrReplaceReadGroups	Processed     2,000,000 records.  Elapsed time: 00:00:29s.  Time for last 1,000,000:   14s.  Last read position: chr1:36,033,946
INFO	2024-09-27 14:53:08	AddOrReplaceReadGroups	Processed     3,000,000 records.  Elapsed time: 00:00:42s.  Time for last 1,000,000:   13s.  Last read position: chr1:75,981,335
INFO	2024-09-27 14:53:21	AddOrReplaceReadGroups	Processed     4,000,000 records.  Elapsed time: 00:00:55s.  Time for last 1,000,000:   12s.  Last read position: chr1:146,185,370
INFO	2024-09-27 14:53:33	AddOrReplaceReadGroups	Processed     5,000,000 records.  Elapsed time: 00:01:07s.  Time for last 1,000,000:   12s.  Last read position: chr1:160,296,082
INFO	2024-09-27 14:53:46	AddOrReplaceReadGroups	Processed     6,000,000 records.  Elapsed time: 00:01:20s.  Time for last 1,000,000:   12s.  Last read position: chr1:205,957,336
INFO	2024-09-27 14:53:54	AddOrReplaceReadGroups	Processed     7,000,000 records.  Elapsed time: 00:01:28s.  Time for last 1,000,000:    8s.  Last read position: chr2:8,882,363
INFO	2024-09-27 14:54:02	AddOrReplaceReadGroups	Processed     8,000,000 records.  Elapsed time: 00:01:36s.  Time for last 1,000,000:    8s.  Last read position: chr2:55,230,043
INFO	2024-09-27 14:54:10	AddOrReplaceReadGroups	Processed     9,000,000 records.  Elapsed time: 00:01:44s.  Time for last 1,000,000:    7s.  Last read position: chr2:86,758,116
INFO	2024-09-27 14:54:18	AddOrReplaceReadGroups	Processed    10,000,000 records.  Elapsed time: 00:01:52s.  Time for last 1,000,000:    7s.  Last read position: chr2:143,810,544
INFO	2024-09-27 14:54:26	AddOrReplaceReadGroups	Processed    11,000,000 records.  Elapsed time: 00:02:00s.  Time for last 1,000,000:    8s.  Last read position: chr2:201,868,554
INFO	2024-09-27 14:54:34	AddOrReplaceReadGroups	Processed    12,000,000 records.  Elapsed time: 00:02:08s.  Time for last 1,000,000:    7s.  Last read position: chr3:11,575,347
INFO	2024-09-27 14:54:41	AddOrReplaceReadGroups	Processed    13,000,000 records.  Elapsed time: 00:02:15s.  Time for last 1,000,000:    6s.  Last read position: chr3:33,374,384
INFO	2024-09-27 14:54:48	AddOrReplaceReadGroups	Processed    14,000,000 records.  Elapsed time: 00:02:22s.  Time for last 1,000,000:    7s.  Last read position: chr3:57,953,864
INFO	2024-09-27 14:54:56	AddOrReplaceReadGroups	Processed    15,000,000 records.  Elapsed time: 00:02:30s.  Time for last 1,000,000:    7s.  Last read position: chr3:139,230,962
INFO	2024-09-27 14:55:05	AddOrReplaceReadGroups	Processed    16,000,000 records.  Elapsed time: 00:02:39s.  Time for last 1,000,000:    8s.  Last read position: chr3:198,373,183
INFO	2024-09-27 14:55:13	AddOrReplaceReadGroups	Processed    17,000,000 records.  Elapsed time: 00:02:47s.  Time for last 1,000,000:    7s.  Last read position: chr4:39,860,192
INFO	2024-09-27 14:55:21	AddOrReplaceReadGroups	Processed    18,000,000 records.  Elapsed time: 00:02:55s.  Time for last 1,000,000:    7s.  Last read position: chr4:121,546,580
INFO	2024-09-27 14:55:29	AddOrReplaceReadGroups	Processed    19,000,000 records.  Elapsed time: 00:03:03s.  Time for last 1,000,000:    7s.  Last read position: chr5:14,323,722
INFO	2024-09-27 14:55:37	AddOrReplaceReadGroups	Processed    20,000,000 records.  Elapsed time: 00:03:11s.  Time for last 1,000,000:    8s.  Last read position: chr5:79,996,135
INFO	2024-09-27 14:55:45	AddOrReplaceReadGroups	Processed    21,000,000 records.  Elapsed time: 00:03:19s.  Time for last 1,000,000:    7s.  Last read position: chr5:151,559,582
INFO	2024-09-27 14:55:53	AddOrReplaceReadGroups	Processed    22,000,000 records.  Elapsed time: 00:03:27s.  Time for last 1,000,000:    7s.  Last read position: chr6:21,477,952
INFO	2024-09-27 14:56:00	AddOrReplaceReadGroups	Processed    23,000,000 records.  Elapsed time: 00:03:34s.  Time for last 1,000,000:    6s.  Last read position: chr6:30,481,035
INFO	2024-09-27 14:56:07	AddOrReplaceReadGroups	Processed    24,000,000 records.  Elapsed time: 00:03:41s.  Time for last 1,000,000:    7s.  Last read position: chr6:43,464,632
INFO	2024-09-27 14:56:13	AddOrReplaceReadGroups	Processed    25,000,000 records.  Elapsed time: 00:03:47s.  Time for last 1,000,000:    5s.  Last read position: chr6:52,835,245
INFO	2024-09-27 14:56:18	AddOrReplaceReadGroups	Processed    26,000,000 records.  Elapsed time: 00:03:52s.  Time for last 1,000,000:    5s.  Last read position: chr6:52,835,332
INFO	2024-09-27 14:56:24	AddOrReplaceReadGroups	Processed    27,000,000 records.  Elapsed time: 00:03:58s.  Time for last 1,000,000:    5s.  Last read position: chr6:52,835,380
INFO	2024-09-27 14:56:30	AddOrReplaceReadGroups	Processed    28,000,000 records.  Elapsed time: 00:04:04s.  Time for last 1,000,000:    6s.  Last read position: chr6:85,185,767
INFO	2024-09-27 14:56:38	AddOrReplaceReadGroups	Processed    29,000,000 records.  Elapsed time: 00:04:12s.  Time for last 1,000,000:    7s.  Last read position: chr6:157,234,703
INFO	2024-09-27 14:56:46	AddOrReplaceReadGroups	Processed    30,000,000 records.  Elapsed time: 00:04:20s.  Time for last 1,000,000:    7s.  Last read position: chr7:33,018,035
INFO	2024-09-27 14:56:54	AddOrReplaceReadGroups	Processed    31,000,000 records.  Elapsed time: 00:04:28s.  Time for last 1,000,000:    7s.  Last read position: chr7:76,431,531
INFO	2024-09-27 14:57:03	AddOrReplaceReadGroups	Processed    32,000,000 records.  Elapsed time: 00:04:36s.  Time for last 1,000,000:    8s.  Last read position: chr7:117,744,068
INFO	2024-09-27 14:57:10	AddOrReplaceReadGroups	Processed    33,000,000 records.  Elapsed time: 00:04:44s.  Time for last 1,000,000:    7s.  Last read position: chr8:6,441,828
INFO	2024-09-27 14:57:18	AddOrReplaceReadGroups	Processed    34,000,000 records.  Elapsed time: 00:04:52s.  Time for last 1,000,000:    8s.  Last read position: chr8:67,769,305
INFO	2024-09-27 14:57:26	AddOrReplaceReadGroups	Processed    35,000,000 records.  Elapsed time: 00:05:00s.  Time for last 1,000,000:    7s.  Last read position: chr8:145,316,413
INFO	2024-09-27 14:57:37	AddOrReplaceReadGroups	Processed    36,000,000 records.  Elapsed time: 00:05:11s.  Time for last 1,000,000:   10s.  Last read position: chr9:81,891,558
INFO	2024-09-27 14:57:45	AddOrReplaceReadGroups	Processed    37,000,000 records.  Elapsed time: 00:05:19s.  Time for last 1,000,000:    8s.  Last read position: chr9:137,436,997
INFO	2024-09-27 14:57:53	AddOrReplaceReadGroups	Processed    38,000,000 records.  Elapsed time: 00:05:27s.  Time for last 1,000,000:    8s.  Last read position: chr10:7,172,293
INFO	2024-09-27 14:58:01	AddOrReplaceReadGroups	Processed    39,000,000 records.  Elapsed time: 00:05:35s.  Time for last 1,000,000:    7s.  Last read position: chr10:71,273,523
INFO	2024-09-27 14:58:09	AddOrReplaceReadGroups	Processed    40,000,000 records.  Elapsed time: 00:05:43s.  Time for last 1,000,000:    7s.  Last read position: chr10:113,987,078
INFO	2024-09-27 14:58:16	AddOrReplaceReadGroups	Processed    41,000,000 records.  Elapsed time: 00:05:50s.  Time for last 1,000,000:    7s.  Last read position: chr11:5,285,016
INFO	2024-09-27 14:58:23	AddOrReplaceReadGroups	Processed    42,000,000 records.  Elapsed time: 00:05:57s.  Time for last 1,000,000:    6s.  Last read position: chr11:32,576,605
INFO	2024-09-27 14:58:30	AddOrReplaceReadGroups	Processed    43,000,000 records.  Elapsed time: 00:06:04s.  Time for last 1,000,000:    7s.  Last read position: chr11:65,492,845
INFO	2024-09-27 14:58:37	AddOrReplaceReadGroups	Processed    44,000,000 records.  Elapsed time: 00:06:11s.  Time for last 1,000,000:    6s.  Last read position: chr11:67,616,809
INFO	2024-09-27 14:58:45	AddOrReplaceReadGroups	Processed    45,000,000 records.  Elapsed time: 00:06:19s.  Time for last 1,000,000:    7s.  Last read position: chr11:119,230,806
INFO	2024-09-27 14:58:52	AddOrReplaceReadGroups	Processed    46,000,000 records.  Elapsed time: 00:06:26s.  Time for last 1,000,000:    7s.  Last read position: chr12:11,980,695
INFO	2024-09-27 14:59:00	AddOrReplaceReadGroups	Processed    47,000,000 records.  Elapsed time: 00:06:34s.  Time for last 1,000,000:    7s.  Last read position: chr12:55,900,587
INFO	2024-09-27 14:59:08	AddOrReplaceReadGroups	Processed    48,000,000 records.  Elapsed time: 00:06:42s.  Time for last 1,000,000:    7s.  Last read position: chr12:104,420,154
INFO	2024-09-27 14:59:15	AddOrReplaceReadGroups	Processed    49,000,000 records.  Elapsed time: 00:06:49s.  Time for last 1,000,000:    7s.  Last read position: chr12:122,475,711
INFO	2024-09-27 14:59:23	AddOrReplaceReadGroups	Processed    50,000,000 records.  Elapsed time: 00:06:57s.  Time for last 1,000,000:    7s.  Last read position: chr13:40,154,541
INFO	2024-09-27 14:59:30	AddOrReplaceReadGroups	Processed    51,000,000 records.  Elapsed time: 00:07:04s.  Time for last 1,000,000:    7s.  Last read position: chr14:2,769,658
INFO	2024-09-27 14:59:37	AddOrReplaceReadGroups	Processed    52,000,000 records.  Elapsed time: 00:07:11s.  Time for last 1,000,000:    6s.  Last read position: chr14:43,784,842
INFO	2024-09-27 14:59:43	AddOrReplaceReadGroups	Processed    53,000,000 records.  Elapsed time: 00:07:17s.  Time for last 1,000,000:    5s.  Last read position: chr14:43,785,031
INFO	2024-09-27 14:59:48	AddOrReplaceReadGroups	Processed    54,000,000 records.  Elapsed time: 00:07:22s.  Time for last 1,000,000:    5s.  Last read position: chr14:44,067,806
INFO	2024-09-27 14:59:54	AddOrReplaceReadGroups	Processed    55,000,000 records.  Elapsed time: 00:07:28s.  Time for last 1,000,000:    5s.  Last read position: chr14:44,067,962
INFO	2024-09-27 15:00:01	AddOrReplaceReadGroups	Processed    56,000,000 records.  Elapsed time: 00:07:35s.  Time for last 1,000,000:    7s.  Last read position: chr14:80,163,257
INFO	2024-09-27 15:00:08	AddOrReplaceReadGroups	Processed    57,000,000 records.  Elapsed time: 00:07:42s.  Time for last 1,000,000:    6s.  Last read position: chr14:97,917,746
INFO	2024-09-27 15:00:16	AddOrReplaceReadGroups	Processed    58,000,000 records.  Elapsed time: 00:07:50s.  Time for last 1,000,000:    7s.  Last read position: chr15:49,541,546
INFO	2024-09-27 15:00:24	AddOrReplaceReadGroups	Processed    59,000,000 records.  Elapsed time: 00:07:58s.  Time for last 1,000,000:    7s.  Last read position: chr15:82,508,839
INFO	2024-09-27 15:00:30	AddOrReplaceReadGroups	Processed    60,000,000 records.  Elapsed time: 00:08:04s.  Time for last 1,000,000:    6s.  Last read position: chr16:167,189
INFO	2024-09-27 15:00:36	AddOrReplaceReadGroups	Processed    61,000,000 records.  Elapsed time: 00:08:10s.  Time for last 1,000,000:    5s.  Last read position: chr16:170,794
INFO	2024-09-27 15:00:42	AddOrReplaceReadGroups	Processed    62,000,000 records.  Elapsed time: 00:08:16s.  Time for last 1,000,000:    5s.  Last read position: chr16:519,558
INFO	2024-09-27 15:00:49	AddOrReplaceReadGroups	Processed    63,000,000 records.  Elapsed time: 00:08:23s.  Time for last 1,000,000:    7s.  Last read position: chr16:21,337,680
INFO	2024-09-27 15:00:57	AddOrReplaceReadGroups	Processed    64,000,000 records.  Elapsed time: 00:08:31s.  Time for last 1,000,000:    7s.  Last read position: chr16:27,622,983
INFO	2024-09-27 15:01:04	AddOrReplaceReadGroups	Processed    65,000,000 records.  Elapsed time: 00:08:38s.  Time for last 1,000,000:    7s.  Last read position: chr16:59,911,476
INFO	2024-09-27 15:01:12	AddOrReplaceReadGroups	Processed    66,000,000 records.  Elapsed time: 00:08:46s.  Time for last 1,000,000:    7s.  Last read position: chr16:95,616,340
INFO	2024-09-27 15:01:19	AddOrReplaceReadGroups	Processed    67,000,000 records.  Elapsed time: 00:08:53s.  Time for last 1,000,000:    7s.  Last read position: chr17:17,740,059
INFO	2024-09-27 15:01:26	AddOrReplaceReadGroups	Processed    68,000,000 records.  Elapsed time: 00:09:00s.  Time for last 1,000,000:    6s.  Last read position: chr17:29,576,297
INFO	2024-09-27 15:01:33	AddOrReplaceReadGroups	Processed    69,000,000 records.  Elapsed time: 00:09:07s.  Time for last 1,000,000:    7s.  Last read position: chr17:45,899,211
INFO	2024-09-27 15:01:41	AddOrReplaceReadGroups	Processed    70,000,000 records.  Elapsed time: 00:09:15s.  Time for last 1,000,000:    7s.  Last read position: chr17:61,471,288
INFO	2024-09-27 15:01:48	AddOrReplaceReadGroups	Processed    71,000,000 records.  Elapsed time: 00:09:22s.  Time for last 1,000,000:    7s.  Last read position: chr17:82,139,866
INFO	2024-09-27 15:01:56	AddOrReplaceReadGroups	Processed    72,000,000 records.  Elapsed time: 00:09:30s.  Time for last 1,000,000:    7s.  Last read position: chr18:57,766,929
INFO	2024-09-27 15:02:04	AddOrReplaceReadGroups	Processed    73,000,000 records.  Elapsed time: 00:09:38s.  Time for last 1,000,000:    7s.  Last read position: chr19:7,389,296
INFO	2024-09-27 15:02:11	AddOrReplaceReadGroups	Processed    74,000,000 records.  Elapsed time: 00:09:45s.  Time for last 1,000,000:    7s.  Last read position: chr19:17,572,119
INFO	2024-09-27 15:02:19	AddOrReplaceReadGroups	Processed    75,000,000 records.  Elapsed time: 00:09:53s.  Time for last 1,000,000:    7s.  Last read position: chr19:46,600,976
INFO	2024-09-27 15:02:27	AddOrReplaceReadGroups	Processed    76,000,000 records.  Elapsed time: 00:10:01s.  Time for last 1,000,000:    7s.  Last read position: chr19:61,653,848
INFO	2024-09-27 15:02:35	AddOrReplaceReadGroups	Processed    77,000,000 records.  Elapsed time: 00:10:09s.  Time for last 1,000,000:    8s.  Last read position: chr20:45,942,812
INFO	2024-09-27 15:02:43	AddOrReplaceReadGroups	Processed    78,000,000 records.  Elapsed time: 00:10:16s.  Time for last 1,000,000:    7s.  Last read position: chr21:33,293,373
INFO	2024-09-27 15:02:50	AddOrReplaceReadGroups	Processed    79,000,000 records.  Elapsed time: 00:10:24s.  Time for last 1,000,000:    7s.  Last read position: chr22:26,173,205
INFO	2024-09-27 15:02:58	AddOrReplaceReadGroups	Processed    80,000,000 records.  Elapsed time: 00:10:32s.  Time for last 1,000,000:    7s.  Last read position: chr22:43,045,954
INFO	2024-09-27 15:03:05	AddOrReplaceReadGroups	Processed    81,000,000 records.  Elapsed time: 00:10:39s.  Time for last 1,000,000:    7s.  Last read position: chrX:45,177,795
INFO	2024-09-27 15:03:13	AddOrReplaceReadGroups	Processed    82,000,000 records.  Elapsed time: 00:10:47s.  Time for last 1,000,000:    7s.  Last read position: chrX:118,161,816
INFO	2024-09-27 15:03:20	AddOrReplaceReadGroups	Processed    83,000,000 records.  Elapsed time: 00:10:54s.  Time for last 1,000,000:    6s.  Last read position: chrM:6,323
INFO	2024-09-27 15:03:26	AddOrReplaceReadGroups	Processed    84,000,000 records.  Elapsed time: 00:11:00s.  Time for last 1,000,000:    6s.  Last read position: chrM:12,558
[Fri Sep 27 15:03:28 CEST 2024] picard.sam.AddOrReplaceReadGroups done. Elapsed time: 11.04 minutes.
Runtime.totalMemory()=538968064
