Sep 27, 2024 2:53:55 PM com.intel.gkl.NativeLibraryLoader load
INFO: Loading libgkl_compression.so from jar:file:/lustre1/project/stg_00096/home/rdewin/system/miniconda/envs/RNA/share/picard-3.1.1-0/picard.jar!/com/intel/gkl/native/libgkl_compression.so
[Fri Sep 27 14:53:55 CEST 2024] AddOrReplaceReadGroups --INPUT results/star/P021/P021_Aligned.sortedByCoord.out.bam --OUTPUT results/star/P021/P021_Aligned.sortedByCoord.withRG.bam --RGID P021 --RGLB lib1 --RGPL illumina --RGPU unit1 --RGSM P021 --VERBOSITY INFO --QUIET false --VALIDATION_STRINGENCY STRICT --COMPRESSION_LEVEL 5 --MAX_RECORDS_IN_RAM 500000 --CREATE_INDEX false --CREATE_MD5_FILE false --help false --version false --showHidden false --USE_JDK_DEFLATER false --USE_JDK_INFLATER false
[Fri Sep 27 14:53:55 CEST 2024] Executing as vsc35407@i28l17 on Linux 4.18.0-513.24.1.el8_9.x86_64 amd64; OpenJDK 64-Bit Server VM 17.0.10-internal+0-adhoc..src; Deflater: Intel; Inflater: Intel; Provider GCS is available; Picard version: Version:3.1.1
INFO	2024-09-27 14:53:55	AddOrReplaceReadGroups	Created read-group ID=P021 PL=illumina LB=lib1 SM=P021

INFO	2024-09-27 14:54:03	AddOrReplaceReadGroups	Processed     1,000,000 records.  Elapsed time: 00:00:07s.  Time for last 1,000,000:    7s.  Last read position: chr1:18,951,232
INFO	2024-09-27 14:54:10	AddOrReplaceReadGroups	Processed     2,000,000 records.  Elapsed time: 00:00:15s.  Time for last 1,000,000:    7s.  Last read position: chr1:31,777,396
INFO	2024-09-27 14:54:17	AddOrReplaceReadGroups	Processed     3,000,000 records.  Elapsed time: 00:00:22s.  Time for last 1,000,000:    7s.  Last read position: chr1:42,567,429
INFO	2024-09-27 14:54:25	AddOrReplaceReadGroups	Processed     4,000,000 records.  Elapsed time: 00:00:29s.  Time for last 1,000,000:    7s.  Last read position: chr1:67,289,260
INFO	2024-09-27 14:54:32	AddOrReplaceReadGroups	Processed     5,000,000 records.  Elapsed time: 00:00:36s.  Time for last 1,000,000:    7s.  Last read position: chr1:109,133,142
INFO	2024-09-27 14:54:39	AddOrReplaceReadGroups	Processed     6,000,000 records.  Elapsed time: 00:00:43s.  Time for last 1,000,000:    7s.  Last read position: chr1:145,418,422
INFO	2024-09-27 14:54:46	AddOrReplaceReadGroups	Processed     7,000,000 records.  Elapsed time: 00:00:50s.  Time for last 1,000,000:    6s.  Last read position: chr1:153,128,040
INFO	2024-09-27 14:54:53	AddOrReplaceReadGroups	Processed     8,000,000 records.  Elapsed time: 00:00:57s.  Time for last 1,000,000:    6s.  Last read position: chr1:160,538,042
INFO	2024-09-27 14:55:00	AddOrReplaceReadGroups	Processed     9,000,000 records.  Elapsed time: 00:01:04s.  Time for last 1,000,000:    7s.  Last read position: chr1:185,701,003
INFO	2024-09-27 14:55:07	AddOrReplaceReadGroups	Processed    10,000,000 records.  Elapsed time: 00:01:11s.  Time for last 1,000,000:    7s.  Last read position: chr1:211,856,123
INFO	2024-09-27 14:55:14	AddOrReplaceReadGroups	Processed    11,000,000 records.  Elapsed time: 00:01:19s.  Time for last 1,000,000:    7s.  Last read position: chr1:236,229,124
INFO	2024-09-27 14:55:22	AddOrReplaceReadGroups	Processed    12,000,000 records.  Elapsed time: 00:01:26s.  Time for last 1,000,000:    7s.  Last read position: chr2:26,270,507
INFO	2024-09-27 14:55:29	AddOrReplaceReadGroups	Processed    13,000,000 records.  Elapsed time: 00:01:33s.  Time for last 1,000,000:    7s.  Last read position: chr2:47,695,926
INFO	2024-09-27 14:55:36	AddOrReplaceReadGroups	Processed    14,000,000 records.  Elapsed time: 00:01:41s.  Time for last 1,000,000:    7s.  Last read position: chr2:70,308,544
INFO	2024-09-27 14:55:43	AddOrReplaceReadGroups	Processed    15,000,000 records.  Elapsed time: 00:01:47s.  Time for last 1,000,000:    6s.  Last read position: chr2:96,649,757
INFO	2024-09-27 14:55:51	AddOrReplaceReadGroups	Processed    16,000,000 records.  Elapsed time: 00:01:55s.  Time for last 1,000,000:    7s.  Last read position: chr2:124,349,143
INFO	2024-09-27 14:55:58	AddOrReplaceReadGroups	Processed    17,000,000 records.  Elapsed time: 00:02:02s.  Time for last 1,000,000:    7s.  Last read position: chr2:172,405,032
INFO	2024-09-27 14:56:05	AddOrReplaceReadGroups	Processed    18,000,000 records.  Elapsed time: 00:02:10s.  Time for last 1,000,000:    7s.  Last read position: chr2:201,298,927
INFO	2024-09-27 14:56:13	AddOrReplaceReadGroups	Processed    19,000,000 records.  Elapsed time: 00:02:17s.  Time for last 1,000,000:    7s.  Last read position: chr2:230,917,263
INFO	2024-09-27 14:56:20	AddOrReplaceReadGroups	Processed    20,000,000 records.  Elapsed time: 00:02:24s.  Time for last 1,000,000:    7s.  Last read position: chr3:12,837,700
INFO	2024-09-27 14:56:26	AddOrReplaceReadGroups	Processed    21,000,000 records.  Elapsed time: 00:02:30s.  Time for last 1,000,000:    5s.  Last read position: chr3:15,741,043
INFO	2024-09-27 14:56:32	AddOrReplaceReadGroups	Processed    22,000,000 records.  Elapsed time: 00:02:36s.  Time for last 1,000,000:    6s.  Last read position: chr3:23,922,674
INFO	2024-09-27 14:56:40	AddOrReplaceReadGroups	Processed    23,000,000 records.  Elapsed time: 00:02:44s.  Time for last 1,000,000:    7s.  Last read position: chr3:44,969,566
INFO	2024-09-27 14:56:47	AddOrReplaceReadGroups	Processed    24,000,000 records.  Elapsed time: 00:02:51s.  Time for last 1,000,000:    7s.  Last read position: chr3:52,719,097
INFO	2024-09-27 14:56:54	AddOrReplaceReadGroups	Processed    25,000,000 records.  Elapsed time: 00:02:58s.  Time for last 1,000,000:    7s.  Last read position: chr3:125,270,576
INFO	2024-09-27 14:57:02	AddOrReplaceReadGroups	Processed    26,000,000 records.  Elapsed time: 00:03:06s.  Time for last 1,000,000:    7s.  Last read position: chr3:151,735,397
INFO	2024-09-27 14:57:09	AddOrReplaceReadGroups	Processed    27,000,000 records.  Elapsed time: 00:03:13s.  Time for last 1,000,000:    7s.  Last read position: chr3:187,142,927
INFO	2024-09-27 14:57:16	AddOrReplaceReadGroups	Processed    28,000,000 records.  Elapsed time: 00:03:20s.  Time for last 1,000,000:    7s.  Last read position: chr4:898,393
INFO	2024-09-27 14:57:24	AddOrReplaceReadGroups	Processed    29,000,000 records.  Elapsed time: 00:03:28s.  Time for last 1,000,000:    7s.  Last read position: chr4:41,141,826
INFO	2024-09-27 14:57:31	AddOrReplaceReadGroups	Processed    30,000,000 records.  Elapsed time: 00:03:36s.  Time for last 1,000,000:    7s.  Last read position: chr4:92,014,124
INFO	2024-09-27 14:57:39	AddOrReplaceReadGroups	Processed    31,000,000 records.  Elapsed time: 00:03:43s.  Time for last 1,000,000:    7s.  Last read position: chr5:769,869
INFO	2024-09-27 14:57:47	AddOrReplaceReadGroups	Processed    32,000,000 records.  Elapsed time: 00:03:51s.  Time for last 1,000,000:    7s.  Last read position: chr5:65,542,945
INFO	2024-09-27 14:57:54	AddOrReplaceReadGroups	Processed    33,000,000 records.  Elapsed time: 00:03:58s.  Time for last 1,000,000:    7s.  Last read position: chr5:99,420,970
INFO	2024-09-27 14:58:02	AddOrReplaceReadGroups	Processed    34,000,000 records.  Elapsed time: 00:04:06s.  Time for last 1,000,000:    7s.  Last read position: chr5:146,648,482
INFO	2024-09-27 14:58:09	AddOrReplaceReadGroups	Processed    35,000,000 records.  Elapsed time: 00:04:13s.  Time for last 1,000,000:    7s.  Last read position: chr5:181,798,087
INFO	2024-09-27 14:58:16	AddOrReplaceReadGroups	Processed    36,000,000 records.  Elapsed time: 00:04:21s.  Time for last 1,000,000:    7s.  Last read position: chr6:24,536,175
INFO	2024-09-27 14:58:23	AddOrReplaceReadGroups	Processed    37,000,000 records.  Elapsed time: 00:04:27s.  Time for last 1,000,000:    6s.  Last read position: chr6:26,065,359
INFO	2024-09-27 14:58:29	AddOrReplaceReadGroups	Processed    38,000,000 records.  Elapsed time: 00:04:33s.  Time for last 1,000,000:    6s.  Last read position: chr6:27,693,783
INFO	2024-09-27 14:58:35	AddOrReplaceReadGroups	Processed    39,000,000 records.  Elapsed time: 00:04:39s.  Time for last 1,000,000:    6s.  Last read position: chr6:31,209,763
INFO	2024-09-27 14:58:42	AddOrReplaceReadGroups	Processed    40,000,000 records.  Elapsed time: 00:04:46s.  Time for last 1,000,000:    6s.  Last read position: chr6:33,603,471
INFO	2024-09-27 14:58:49	AddOrReplaceReadGroups	Processed    41,000,000 records.  Elapsed time: 00:04:53s.  Time for last 1,000,000:    7s.  Last read position: chr6:52,835,197
INFO	2024-09-27 14:58:55	AddOrReplaceReadGroups	Processed    42,000,000 records.  Elapsed time: 00:04:59s.  Time for last 1,000,000:    5s.  Last read position: chr6:52,835,251
INFO	2024-09-27 14:59:00	AddOrReplaceReadGroups	Processed    43,000,000 records.  Elapsed time: 00:05:05s.  Time for last 1,000,000:    5s.  Last read position: chr6:52,835,353
INFO	2024-09-27 14:59:06	AddOrReplaceReadGroups	Processed    44,000,000 records.  Elapsed time: 00:05:10s.  Time for last 1,000,000:    5s.  Last read position: chr6:53,113,004
INFO	2024-09-27 14:59:13	AddOrReplaceReadGroups	Processed    45,000,000 records.  Elapsed time: 00:05:17s.  Time for last 1,000,000:    6s.  Last read position: chr6:74,697,075
INFO	2024-09-27 14:59:20	AddOrReplaceReadGroups	Processed    46,000,000 records.  Elapsed time: 00:05:24s.  Time for last 1,000,000:    7s.  Last read position: chr6:123,643,004
INFO	2024-09-27 14:59:27	AddOrReplaceReadGroups	Processed    47,000,000 records.  Elapsed time: 00:05:32s.  Time for last 1,000,000:    7s.  Last read position: chr6:161,360,582
INFO	2024-09-27 14:59:35	AddOrReplaceReadGroups	Processed    48,000,000 records.  Elapsed time: 00:05:39s.  Time for last 1,000,000:    7s.  Last read position: chr7:7,717,825
INFO	2024-09-27 14:59:42	AddOrReplaceReadGroups	Processed    49,000,000 records.  Elapsed time: 00:05:46s.  Time for last 1,000,000:    7s.  Last read position: chr7:65,918,503
INFO	2024-09-27 14:59:49	AddOrReplaceReadGroups	Processed    50,000,000 records.  Elapsed time: 00:05:54s.  Time for last 1,000,000:    7s.  Last read position: chr7:102,108,707
INFO	2024-09-27 14:59:57	AddOrReplaceReadGroups	Processed    51,000,000 records.  Elapsed time: 00:06:01s.  Time for last 1,000,000:    7s.  Last read position: chr7:150,361,380
INFO	2024-09-27 15:00:05	AddOrReplaceReadGroups	Processed    52,000,000 records.  Elapsed time: 00:06:09s.  Time for last 1,000,000:    7s.  Last read position: chr8:30,475,824
INFO	2024-09-27 15:00:12	AddOrReplaceReadGroups	Processed    53,000,000 records.  Elapsed time: 00:06:16s.  Time for last 1,000,000:    7s.  Last read position: chr8:70,579,231
INFO	2024-09-27 15:00:19	AddOrReplaceReadGroups	Processed    54,000,000 records.  Elapsed time: 00:06:23s.  Time for last 1,000,000:    7s.  Last read position: chr8:104,526,805
INFO	2024-09-27 15:00:26	AddOrReplaceReadGroups	Processed    55,000,000 records.  Elapsed time: 00:06:30s.  Time for last 1,000,000:    7s.  Last read position: chr9:123,969
INFO	2024-09-27 15:00:33	AddOrReplaceReadGroups	Processed    56,000,000 records.  Elapsed time: 00:06:37s.  Time for last 1,000,000:    6s.  Last read position: chr9:35,678,564
INFO	2024-09-27 15:00:40	AddOrReplaceReadGroups	Processed    57,000,000 records.  Elapsed time: 00:06:44s.  Time for last 1,000,000:    7s.  Last read position: chr9:124,072,759
INFO	2024-09-27 15:00:48	AddOrReplaceReadGroups	Processed    58,000,000 records.  Elapsed time: 00:06:52s.  Time for last 1,000,000:    7s.  Last read position: chr9:145,564,612
INFO	2024-09-27 15:00:55	AddOrReplaceReadGroups	Processed    59,000,000 records.  Elapsed time: 00:06:59s.  Time for last 1,000,000:    7s.  Last read position: chr10:18,680,339
INFO	2024-09-27 15:01:02	AddOrReplaceReadGroups	Processed    60,000,000 records.  Elapsed time: 00:07:07s.  Time for last 1,000,000:    7s.  Last read position: chr10:69,806,108
INFO	2024-09-27 15:01:10	AddOrReplaceReadGroups	Processed    61,000,000 records.  Elapsed time: 00:07:14s.  Time for last 1,000,000:    7s.  Last read position: chr10:90,206,349
INFO	2024-09-27 15:01:17	AddOrReplaceReadGroups	Processed    62,000,000 records.  Elapsed time: 00:07:21s.  Time for last 1,000,000:    7s.  Last read position: chr10:115,734,143
INFO	2024-09-27 15:01:25	AddOrReplaceReadGroups	Processed    63,000,000 records.  Elapsed time: 00:07:29s.  Time for last 1,000,000:    7s.  Last read position: chr11:3,802,890
INFO	2024-09-27 15:01:32	AddOrReplaceReadGroups	Processed    64,000,000 records.  Elapsed time: 00:07:36s.  Time for last 1,000,000:    6s.  Last read position: chr11:19,257,421
INFO	2024-09-27 15:01:39	AddOrReplaceReadGroups	Processed    65,000,000 records.  Elapsed time: 00:07:43s.  Time for last 1,000,000:    7s.  Last read position: chr11:61,854,643
INFO	2024-09-27 15:01:46	AddOrReplaceReadGroups	Processed    66,000,000 records.  Elapsed time: 00:07:50s.  Time for last 1,000,000:    6s.  Last read position: chr11:65,337,129
INFO	2024-09-27 15:01:52	AddOrReplaceReadGroups	Processed    67,000,000 records.  Elapsed time: 00:07:56s.  Time for last 1,000,000:    6s.  Last read position: chr11:65,496,193
INFO	2024-09-27 15:01:59	AddOrReplaceReadGroups	Processed    68,000,000 records.  Elapsed time: 00:08:03s.  Time for last 1,000,000:    6s.  Last read position: chr11:67,271,260
INFO	2024-09-27 15:02:06	AddOrReplaceReadGroups	Processed    69,000,000 records.  Elapsed time: 00:08:10s.  Time for last 1,000,000:    7s.  Last read position: chr11:93,637,920
INFO	2024-09-27 15:02:13	AddOrReplaceReadGroups	Processed    70,000,000 records.  Elapsed time: 00:08:17s.  Time for last 1,000,000:    7s.  Last read position: chr11:122,837,818
INFO	2024-09-27 15:02:20	AddOrReplaceReadGroups	Processed    71,000,000 records.  Elapsed time: 00:08:25s.  Time for last 1,000,000:    7s.  Last read position: chr12:6,882,169
INFO	2024-09-27 15:02:28	AddOrReplaceReadGroups	Processed    72,000,000 records.  Elapsed time: 00:08:32s.  Time for last 1,000,000:    7s.  Last read position: chr12:46,165,502
INFO	2024-09-27 15:02:35	AddOrReplaceReadGroups	Processed    73,000,000 records.  Elapsed time: 00:08:39s.  Time for last 1,000,000:    7s.  Last read position: chr12:54,250,388
INFO	2024-09-27 15:02:42	AddOrReplaceReadGroups	Processed    74,000,000 records.  Elapsed time: 00:08:46s.  Time for last 1,000,000:    7s.  Last read position: chr12:68,294,698
INFO	2024-09-27 15:02:49	AddOrReplaceReadGroups	Processed    75,000,000 records.  Elapsed time: 00:08:54s.  Time for last 1,000,000:    7s.  Last read position: chr12:104,449,721
INFO	2024-09-27 15:02:56	AddOrReplaceReadGroups	Processed    76,000,000 records.  Elapsed time: 00:09:01s.  Time for last 1,000,000:    7s.  Last read position: chr12:116,704,273
INFO	2024-09-27 15:03:04	AddOrReplaceReadGroups	Processed    77,000,000 records.  Elapsed time: 00:09:08s.  Time for last 1,000,000:    7s.  Last read position: chr12:124,917,355
INFO	2024-09-27 15:03:11	AddOrReplaceReadGroups	Processed    78,000,000 records.  Elapsed time: 00:09:15s.  Time for last 1,000,000:    7s.  Last read position: chr13:25,428,240
INFO	2024-09-27 15:03:18	AddOrReplaceReadGroups	Processed    79,000,000 records.  Elapsed time: 00:09:22s.  Time for last 1,000,000:    7s.  Last read position: chr13:47,477,580
INFO	2024-09-27 15:03:25	AddOrReplaceReadGroups	Processed    80,000,000 records.  Elapsed time: 00:09:30s.  Time for last 1,000,000:    7s.  Last read position: chr14:2,812,261
INFO	2024-09-27 15:03:32	AddOrReplaceReadGroups	Processed    81,000,000 records.  Elapsed time: 00:09:36s.  Time for last 1,000,000:    6s.  Last read position: chr14:18,385,731
INFO	2024-09-27 15:03:38	AddOrReplaceReadGroups	Processed    82,000,000 records.  Elapsed time: 00:09:42s.  Time for last 1,000,000:    6s.  Last read position: chr14:43,784,846
INFO	2024-09-27 15:03:44	AddOrReplaceReadGroups	Processed    83,000,000 records.  Elapsed time: 00:09:48s.  Time for last 1,000,000:    5s.  Last read position: chr14:43,784,910
INFO	2024-09-27 15:03:50	AddOrReplaceReadGroups	Processed    84,000,000 records.  Elapsed time: 00:09:54s.  Time for last 1,000,000:    5s.  Last read position: chr14:43,784,963
INFO	2024-09-27 15:03:55	AddOrReplaceReadGroups	Processed    85,000,000 records.  Elapsed time: 00:09:59s.  Time for last 1,000,000:    5s.  Last read position: chr14:43,785,016
INFO	2024-09-27 15:04:01	AddOrReplaceReadGroups	Processed    86,000,000 records.  Elapsed time: 00:10:05s.  Time for last 1,000,000:    5s.  Last read position: chr14:44,058,864
INFO	2024-09-27 15:04:06	AddOrReplaceReadGroups	Processed    87,000,000 records.  Elapsed time: 00:10:10s.  Time for last 1,000,000:    5s.  Last read position: chr14:44,058,914
INFO	2024-09-27 15:04:12	AddOrReplaceReadGroups	Processed    88,000,000 records.  Elapsed time: 00:10:16s.  Time for last 1,000,000:    5s.  Last read position: chr14:44,067,800
INFO	2024-09-27 15:04:18	AddOrReplaceReadGroups	Processed    89,000,000 records.  Elapsed time: 00:10:22s.  Time for last 1,000,000:    5s.  Last read position: chr14:44,067,823
INFO	2024-09-27 15:04:23	AddOrReplaceReadGroups	Processed    90,000,000 records.  Elapsed time: 00:10:27s.  Time for last 1,000,000:    5s.  Last read position: chr14:44,067,884
INFO	2024-09-27 15:04:29	AddOrReplaceReadGroups	Processed    91,000,000 records.  Elapsed time: 00:10:33s.  Time for last 1,000,000:    5s.  Last read position: chr14:44,067,904
INFO	2024-09-27 15:04:35	AddOrReplaceReadGroups	Processed    92,000,000 records.  Elapsed time: 00:10:39s.  Time for last 1,000,000:    5s.  Last read position: chr14:44,067,946
INFO	2024-09-27 15:04:40	AddOrReplaceReadGroups	Processed    93,000,000 records.  Elapsed time: 00:10:45s.  Time for last 1,000,000:    5s.  Last read position: chr14:46,928,720
INFO	2024-09-27 15:04:48	AddOrReplaceReadGroups	Processed    94,000,000 records.  Elapsed time: 00:10:52s.  Time for last 1,000,000:    7s.  Last read position: chr14:67,657,652
INFO	2024-09-27 15:04:55	AddOrReplaceReadGroups	Processed    95,000,000 records.  Elapsed time: 00:10:59s.  Time for last 1,000,000:    6s.  Last read position: chr14:85,735,430
INFO	2024-09-27 15:05:02	AddOrReplaceReadGroups	Processed    96,000,000 records.  Elapsed time: 00:11:06s.  Time for last 1,000,000:    7s.  Last read position: chr14:100,606,660
INFO	2024-09-27 15:05:09	AddOrReplaceReadGroups	Processed    97,000,000 records.  Elapsed time: 00:11:13s.  Time for last 1,000,000:    7s.  Last read position: chr15:40,993,576
INFO	2024-09-27 15:05:16	AddOrReplaceReadGroups	Processed    98,000,000 records.  Elapsed time: 00:11:21s.  Time for last 1,000,000:    7s.  Last read position: chr15:61,479,790
INFO	2024-09-27 15:05:24	AddOrReplaceReadGroups	Processed    99,000,000 records.  Elapsed time: 00:11:28s.  Time for last 1,000,000:    7s.  Last read position: chr15:73,325,482
INFO	2024-09-27 15:05:31	AddOrReplaceReadGroups	Processed   100,000,000 records.  Elapsed time: 00:11:35s.  Time for last 1,000,000:    7s.  Last read position: chr15:98,364,974
INFO	2024-09-27 15:05:38	AddOrReplaceReadGroups	Processed   101,000,000 records.  Elapsed time: 00:11:42s.  Time for last 1,000,000:    6s.  Last read position: chr16:1,982,492
INFO	2024-09-27 15:05:45	AddOrReplaceReadGroups	Processed   102,000,000 records.  Elapsed time: 00:11:49s.  Time for last 1,000,000:    7s.  Last read position: chr16:14,946,958
INFO	2024-09-27 15:05:52	AddOrReplaceReadGroups	Processed   103,000,000 records.  Elapsed time: 00:11:56s.  Time for last 1,000,000:    7s.  Last read position: chr16:22,325,543
INFO	2024-09-27 15:05:59	AddOrReplaceReadGroups	Processed   104,000,000 records.  Elapsed time: 00:12:03s.  Time for last 1,000,000:    7s.  Last read position: chr16:29,947,743
INFO	2024-09-27 15:06:06	AddOrReplaceReadGroups	Processed   105,000,000 records.  Elapsed time: 00:12:11s.  Time for last 1,000,000:    7s.  Last read position: chr16:59,268,308
INFO	2024-09-27 15:06:14	AddOrReplaceReadGroups	Processed   106,000,000 records.  Elapsed time: 00:12:18s.  Time for last 1,000,000:    7s.  Last read position: chr16:81,696,445
INFO	2024-09-27 15:06:22	AddOrReplaceReadGroups	Processed   107,000,000 records.  Elapsed time: 00:12:26s.  Time for last 1,000,000:    7s.  Last read position: chr17:1,233,657
INFO	2024-09-27 15:06:29	AddOrReplaceReadGroups	Processed   108,000,000 records.  Elapsed time: 00:12:33s.  Time for last 1,000,000:    7s.  Last read position: chr17:16,215,880
INFO	2024-09-27 15:06:36	AddOrReplaceReadGroups	Processed   109,000,000 records.  Elapsed time: 00:12:40s.  Time for last 1,000,000:    6s.  Last read position: chr17:28,590,794
INFO	2024-09-27 15:06:43	AddOrReplaceReadGroups	Processed   110,000,000 records.  Elapsed time: 00:12:47s.  Time for last 1,000,000:    7s.  Last read position: chr17:40,065,175
INFO	2024-09-27 15:06:50	AddOrReplaceReadGroups	Processed   111,000,000 records.  Elapsed time: 00:12:54s.  Time for last 1,000,000:    7s.  Last read position: chr17:45,102,717
INFO	2024-09-27 15:06:58	AddOrReplaceReadGroups	Processed   112,000,000 records.  Elapsed time: 00:13:02s.  Time for last 1,000,000:    7s.  Last read position: chr17:58,471,771
INFO	2024-09-27 15:07:05	AddOrReplaceReadGroups	Processed   113,000,000 records.  Elapsed time: 00:13:09s.  Time for last 1,000,000:    7s.  Last read position: chr17:69,124,933
INFO	2024-09-27 15:07:12	AddOrReplaceReadGroups	Processed   114,000,000 records.  Elapsed time: 00:13:16s.  Time for last 1,000,000:    6s.  Last read position: chr17:79,701,565
INFO	2024-09-27 15:07:19	AddOrReplaceReadGroups	Processed   115,000,000 records.  Elapsed time: 00:13:23s.  Time for last 1,000,000:    7s.  Last read position: chr18:6,623,065
INFO	2024-09-27 15:07:26	AddOrReplaceReadGroups	Processed   116,000,000 records.  Elapsed time: 00:13:30s.  Time for last 1,000,000:    7s.  Last read position: chr18:57,781,470
INFO	2024-09-27 15:07:34	AddOrReplaceReadGroups	Processed   117,000,000 records.  Elapsed time: 00:13:38s.  Time for last 1,000,000:    7s.  Last read position: chr19:2,169,610
INFO	2024-09-27 15:07:40	AddOrReplaceReadGroups	Processed   118,000,000 records.  Elapsed time: 00:13:45s.  Time for last 1,000,000:    6s.  Last read position: chr19:6,464,844
INFO	2024-09-27 15:07:48	AddOrReplaceReadGroups	Processed   119,000,000 records.  Elapsed time: 00:13:52s.  Time for last 1,000,000:    7s.  Last read position: chr19:12,831,069
INFO	2024-09-27 15:07:55	AddOrReplaceReadGroups	Processed   120,000,000 records.  Elapsed time: 00:13:59s.  Time for last 1,000,000:    6s.  Last read position: chr19:16,656,401
INFO	2024-09-27 15:08:02	AddOrReplaceReadGroups	Processed   121,000,000 records.  Elapsed time: 00:14:06s.  Time for last 1,000,000:    7s.  Last read position: chr19:24,238,138
INFO	2024-09-27 15:08:09	AddOrReplaceReadGroups	Processed   122,000,000 records.  Elapsed time: 00:14:13s.  Time for last 1,000,000:    7s.  Last read position: chr19:43,578,077
INFO	2024-09-27 15:08:16	AddOrReplaceReadGroups	Processed   123,000,000 records.  Elapsed time: 00:14:20s.  Time for last 1,000,000:    7s.  Last read position: chr19:51,611,808
INFO	2024-09-27 15:08:23	AddOrReplaceReadGroups	Processed   124,000,000 records.  Elapsed time: 00:14:27s.  Time for last 1,000,000:    6s.  Last read position: chr19:58,316,913
INFO	2024-09-27 15:08:30	AddOrReplaceReadGroups	Processed   125,000,000 records.  Elapsed time: 00:14:34s.  Time for last 1,000,000:    7s.  Last read position: chr20:18,000,220
INFO	2024-09-27 15:08:37	AddOrReplaceReadGroups	Processed   126,000,000 records.  Elapsed time: 00:14:42s.  Time for last 1,000,000:    7s.  Last read position: chr20:40,508,861
INFO	2024-09-27 15:08:45	AddOrReplaceReadGroups	Processed   127,000,000 records.  Elapsed time: 00:14:49s.  Time for last 1,000,000:    7s.  Last read position: chr20:63,812,066
INFO	2024-09-27 15:08:52	AddOrReplaceReadGroups	Processed   128,000,000 records.  Elapsed time: 00:14:56s.  Time for last 1,000,000:    7s.  Last read position: chr21:40,221,221
INFO	2024-09-27 15:09:00	AddOrReplaceReadGroups	Processed   129,000,000 records.  Elapsed time: 00:15:04s.  Time for last 1,000,000:    7s.  Last read position: chr22:22,972,860
INFO	2024-09-27 15:09:07	AddOrReplaceReadGroups	Processed   130,000,000 records.  Elapsed time: 00:15:11s.  Time for last 1,000,000:    7s.  Last read position: chr22:32,405,910
INFO	2024-09-27 15:09:14	AddOrReplaceReadGroups	Processed   131,000,000 records.  Elapsed time: 00:15:18s.  Time for last 1,000,000:    6s.  Last read position: chr22:40,736,355
INFO	2024-09-27 15:09:21	AddOrReplaceReadGroups	Processed   132,000,000 records.  Elapsed time: 00:15:25s.  Time for last 1,000,000:    7s.  Last read position: chr22:50,932,709
INFO	2024-09-27 15:09:28	AddOrReplaceReadGroups	Processed   133,000,000 records.  Elapsed time: 00:15:32s.  Time for last 1,000,000:    7s.  Last read position: chrX:40,750,567
INFO	2024-09-27 15:09:36	AddOrReplaceReadGroups	Processed   134,000,000 records.  Elapsed time: 00:15:40s.  Time for last 1,000,000:    7s.  Last read position: chrX:69,731,989
INFO	2024-09-27 15:09:43	AddOrReplaceReadGroups	Processed   135,000,000 records.  Elapsed time: 00:15:47s.  Time for last 1,000,000:    7s.  Last read position: chrX:117,997,062
INFO	2024-09-27 15:09:50	AddOrReplaceReadGroups	Processed   136,000,000 records.  Elapsed time: 00:15:54s.  Time for last 1,000,000:    7s.  Last read position: chrX:152,670,169
INFO	2024-09-27 15:09:56	AddOrReplaceReadGroups	Processed   137,000,000 records.  Elapsed time: 00:16:00s.  Time for last 1,000,000:    6s.  Last read position: chrM:5,566
INFO	2024-09-27 15:10:02	AddOrReplaceReadGroups	Processed   138,000,000 records.  Elapsed time: 00:16:06s.  Time for last 1,000,000:    6s.  Last read position: chrM:7,842
INFO	2024-09-27 15:10:09	AddOrReplaceReadGroups	Processed   139,000,000 records.  Elapsed time: 00:16:13s.  Time for last 1,000,000:    6s.  Last read position: chrM:10,305
INFO	2024-09-27 15:10:15	AddOrReplaceReadGroups	Processed   140,000,000 records.  Elapsed time: 00:16:19s.  Time for last 1,000,000:    6s.  Last read position: chrM:15,207
[Fri Sep 27 15:10:16 CEST 2024] picard.sam.AddOrReplaceReadGroups done. Elapsed time: 16.34 minutes.
Runtime.totalMemory()=538968064
