Using GATK jar /lustre1/project/stg_00096/home/rdewin/system/miniconda/envs/WGS/share/gatk4-4.5.0.0-0/gatk-package-4.5.0.0-local.jar
Running:
    java -Dsamjdk.use_async_io_read_samtools=false -Dsamjdk.use_async_io_write_samtools=true -Dsamjdk.use_async_io_write_tribble=false -Dsamjdk.compression_level=2 -jar /lustre1/project/stg_00096/home/rdewin/system/miniconda/envs/WGS/share/gatk4-4.5.0.0-0/gatk-package-4.5.0.0-local.jar CalculateContamination -I results/mutect2/P065/P065_tumor_pileup_summaries.table -matched results/mutect2/P065/P065_normal_pileup_summaries.table -O results/mutect2/P065/P065_contamination.table
17:27:57.220 INFO  NativeLibraryLoader - Loading libgkl_compression.so from jar:file:/lustre1/project/stg_00096/home/rdewin/system/miniconda/envs/WGS/share/gatk4-4.5.0.0-0/gatk-package-4.5.0.0-local.jar!/com/intel/gkl/native/libgkl_compression.so
17:27:57.309 INFO  CalculateContamination - ------------------------------------------------------------
17:27:57.311 INFO  CalculateContamination - The Genome Analysis Toolkit (GATK) v4.5.0.0
17:27:57.311 INFO  CalculateContamination - For support and documentation go to https://software.broadinstitute.org/gatk/
17:27:57.311 INFO  CalculateContamination - Executing as vsc35407@i28l15 on Linux v4.18.0-513.24.1.el8_9.x86_64 amd64
17:27:57.311 INFO  CalculateContamination - Java runtime: OpenJDK 64-Bit Server VM v17.0.10-internal+0-adhoc..src
17:27:57.312 INFO  CalculateContamination - Start Date/Time: July 14, 2024 at 5:27:57 PM CEST
17:27:57.312 INFO  CalculateContamination - ------------------------------------------------------------
17:27:57.312 INFO  CalculateContamination - ------------------------------------------------------------
17:27:57.312 INFO  CalculateContamination - HTSJDK Version: 4.1.0
17:27:57.312 INFO  CalculateContamination - Picard Version: 3.1.1
17:27:57.312 INFO  CalculateContamination - Built for Spark Version: 3.5.0
17:27:57.313 INFO  CalculateContamination - HTSJDK Defaults.COMPRESSION_LEVEL : 2
17:27:57.313 INFO  CalculateContamination - HTSJDK Defaults.USE_ASYNC_IO_READ_FOR_SAMTOOLS : false
17:27:57.313 INFO  CalculateContamination - HTSJDK Defaults.USE_ASYNC_IO_WRITE_FOR_SAMTOOLS : true
17:27:57.313 INFO  CalculateContamination - HTSJDK Defaults.USE_ASYNC_IO_WRITE_FOR_TRIBBLE : false
17:27:57.313 INFO  CalculateContamination - Deflater: IntelDeflater
17:27:57.313 INFO  CalculateContamination - Inflater: IntelInflater
17:27:57.313 INFO  CalculateContamination - GCS max retries/reopens: 20
17:27:57.313 INFO  CalculateContamination - Requester pays: disabled
17:27:57.313 INFO  CalculateContamination - Initializing engine
17:27:57.314 INFO  CalculateContamination - Done initializing engine
17:28:13.952 WARN  KernelSegmenter - Specified dimension of the kernel approximation (100) exceeds the number of data points (2) to segment; using all data points to calculate kernel matrix.
17:28:13.969 WARN  KernelSegmenter - Number of points needed to calculate local changepoint costs (2 * window size = 100) exceeds number of data points (2).  Local changepoint costs will not be calculated for this window size.
17:28:13.969 WARN  KernelSegmenter - No changepoint candidates were found.  The specified window sizes may be inappropriate, or there may be insufficient data points.
17:28:13.974 INFO  KernelSegmenter - Found 0 changepoints after applying the changepoint penalty.
17:28:14.553 INFO  KernelSegmenter - Found 5 changepoints after applying the changepoint penalty.
17:28:15.400 INFO  KernelSegmenter - Found 5 changepoints after applying the changepoint penalty.
17:28:15.702 INFO  KernelSegmenter - Found 1 changepoints after applying the changepoint penalty.
17:28:16.429 INFO  KernelSegmenter - Found 7 changepoints after applying the changepoint penalty.
17:28:17.277 INFO  KernelSegmenter - Found 4 changepoints after applying the changepoint penalty.
17:28:18.312 INFO  KernelSegmenter - Found 7 changepoints after applying the changepoint penalty.
17:28:18.677 INFO  KernelSegmenter - Found 3 changepoints after applying the changepoint penalty.
17:28:19.274 INFO  KernelSegmenter - Found 3 changepoints after applying the changepoint penalty.
17:28:20.195 INFO  KernelSegmenter - Found 6 changepoints after applying the changepoint penalty.
17:28:20.609 INFO  KernelSegmenter - Found 6 changepoints after applying the changepoint penalty.
17:28:21.103 INFO  KernelSegmenter - Found 7 changepoints after applying the changepoint penalty.
17:28:21.909 INFO  KernelSegmenter - Found 3 changepoints after applying the changepoint penalty.
17:28:22.638 INFO  KernelSegmenter - Found 2 changepoints after applying the changepoint penalty.
17:28:23.556 INFO  KernelSegmenter - Found 8 changepoints after applying the changepoint penalty.
17:28:24.165 INFO  KernelSegmenter - Found 9 changepoints after applying the changepoint penalty.
17:28:25.059 INFO  KernelSegmenter - Found 6 changepoints after applying the changepoint penalty.
17:28:25.572 INFO  KernelSegmenter - Found 6 changepoints after applying the changepoint penalty.
17:28:25.927 INFO  KernelSegmenter - Found 1 changepoints after applying the changepoint penalty.
17:28:26.265 INFO  KernelSegmenter - Found 6 changepoints after applying the changepoint penalty.
17:28:26.677 INFO  KernelSegmenter - Found 7 changepoints after applying the changepoint penalty.
17:28:27.050 INFO  KernelSegmenter - Found 5 changepoints after applying the changepoint penalty.
17:28:27.534 INFO  KernelSegmenter - Found 5 changepoints after applying the changepoint penalty.
17:28:27.884 INFO  KernelSegmenter - Found 4 changepoints after applying the changepoint penalty.
17:35:05.116 INFO  CalculateContamination - Shutting down engine
[July 14, 2024 at 5:35:05 PM CEST] org.broadinstitute.hellbender.tools.walkers.contamination.CalculateContamination done. Elapsed time: 7.13 minutes.
Runtime.totalMemory()=7180648448
Tool returned:
SUCCESS
