Sep 27, 2024 2:52:30 PM com.intel.gkl.NativeLibraryLoader load
INFO: Loading libgkl_compression.so from jar:file:/lustre1/project/stg_00096/home/rdewin/system/miniconda/envs/RNA/share/picard-3.1.1-0/picard.jar!/com/intel/gkl/native/libgkl_compression.so
[Fri Sep 27 14:52:31 CEST 2024] AddOrReplaceReadGroups --INPUT results/star/P105/P105_Aligned.sortedByCoord.out.bam --OUTPUT results/star/P105/P105_Aligned.sortedByCoord.withRG.bam --RGID P105 --RGLB lib1 --RGPL illumina --RGPU unit1 --RGSM P105 --VERBOSITY INFO --QUIET false --VALIDATION_STRINGENCY STRICT --COMPRESSION_LEVEL 5 --MAX_RECORDS_IN_RAM 500000 --CREATE_INDEX false --CREATE_MD5_FILE false --help false --version false --showHidden false --USE_JDK_DEFLATER false --USE_JDK_INFLATER false
[Fri Sep 27 14:52:31 CEST 2024] Executing as vsc35407@i28l17 on Linux 4.18.0-513.24.1.el8_9.x86_64 amd64; OpenJDK 64-Bit Server VM 17.0.10-internal+0-adhoc..src; Deflater: Intel; Inflater: Intel; Provider GCS is available; Picard version: Version:3.1.1
INFO	2024-09-27 14:52:31	AddOrReplaceReadGroups	Created read-group ID=P105 PL=illumina LB=lib1 SM=P105

INFO	2024-09-27 14:52:49	AddOrReplaceReadGroups	Processed     1,000,000 records.  Elapsed time: 00:00:17s.  Time for last 1,000,000:   17s.  Last read position: chr1:19,039,497
INFO	2024-09-27 14:53:09	AddOrReplaceReadGroups	Processed     2,000,000 records.  Elapsed time: 00:00:38s.  Time for last 1,000,000:   20s.  Last read position: chr1:32,038,062
INFO	2024-09-27 14:53:27	AddOrReplaceReadGroups	Processed     3,000,000 records.  Elapsed time: 00:00:55s.  Time for last 1,000,000:   17s.  Last read position: chr1:44,751,534
INFO	2024-09-27 14:53:40	AddOrReplaceReadGroups	Processed     4,000,000 records.  Elapsed time: 00:01:08s.  Time for last 1,000,000:   12s.  Last read position: chr1:92,686,912
INFO	2024-09-27 14:53:54	AddOrReplaceReadGroups	Processed     5,000,000 records.  Elapsed time: 00:01:23s.  Time for last 1,000,000:   14s.  Last read position: chr1:148,761,561
INFO	2024-09-27 14:54:03	AddOrReplaceReadGroups	Processed     6,000,000 records.  Elapsed time: 00:01:32s.  Time for last 1,000,000:    9s.  Last read position: chr1:149,010,528
INFO	2024-09-27 14:54:13	AddOrReplaceReadGroups	Processed     7,000,000 records.  Elapsed time: 00:01:42s.  Time for last 1,000,000:    9s.  Last read position: chr1:154,751,675
INFO	2024-09-27 14:54:24	AddOrReplaceReadGroups	Processed     8,000,000 records.  Elapsed time: 00:01:53s.  Time for last 1,000,000:   10s.  Last read position: chr1:182,218,225
INFO	2024-09-27 14:54:35	AddOrReplaceReadGroups	Processed     9,000,000 records.  Elapsed time: 00:02:04s.  Time for last 1,000,000:   11s.  Last read position: chr1:211,864,473
INFO	2024-09-27 14:54:46	AddOrReplaceReadGroups	Processed    10,000,000 records.  Elapsed time: 00:02:15s.  Time for last 1,000,000:   10s.  Last read position: chr1:245,477,906
INFO	2024-09-27 14:54:58	AddOrReplaceReadGroups	Processed    11,000,000 records.  Elapsed time: 00:02:26s.  Time for last 1,000,000:   11s.  Last read position: chr2:30,189,895
INFO	2024-09-27 14:55:10	AddOrReplaceReadGroups	Processed    12,000,000 records.  Elapsed time: 00:02:39s.  Time for last 1,000,000:   12s.  Last read position: chr2:69,916,578
INFO	2024-09-27 14:55:21	AddOrReplaceReadGroups	Processed    13,000,000 records.  Elapsed time: 00:02:49s.  Time for last 1,000,000:   10s.  Last read position: chr2:102,313,987
INFO	2024-09-27 14:55:32	AddOrReplaceReadGroups	Processed    14,000,000 records.  Elapsed time: 00:03:01s.  Time for last 1,000,000:   11s.  Last read position: chr2:172,973,295
INFO	2024-09-27 14:55:43	AddOrReplaceReadGroups	Processed    15,000,000 records.  Elapsed time: 00:03:12s.  Time for last 1,000,000:   11s.  Last read position: chr2:216,594,813
INFO	2024-09-27 14:55:54	AddOrReplaceReadGroups	Processed    16,000,000 records.  Elapsed time: 00:03:22s.  Time for last 1,000,000:   10s.  Last read position: chr3:9,387,343
INFO	2024-09-27 14:56:02	AddOrReplaceReadGroups	Processed    17,000,000 records.  Elapsed time: 00:03:31s.  Time for last 1,000,000:    8s.  Last read position: chr3:15,741,018
INFO	2024-09-27 14:56:12	AddOrReplaceReadGroups	Processed    18,000,000 records.  Elapsed time: 00:03:41s.  Time for last 1,000,000:    9s.  Last read position: chr3:39,424,964
INFO	2024-09-27 14:56:23	AddOrReplaceReadGroups	Processed    19,000,000 records.  Elapsed time: 00:03:51s.  Time for last 1,000,000:   10s.  Last read position: chr3:52,542,835
INFO	2024-09-27 14:56:34	AddOrReplaceReadGroups	Processed    20,000,000 records.  Elapsed time: 00:04:02s.  Time for last 1,000,000:   11s.  Last read position: chr3:130,831,928
INFO	2024-09-27 14:56:45	AddOrReplaceReadGroups	Processed    21,000,000 records.  Elapsed time: 00:04:13s.  Time for last 1,000,000:   10s.  Last read position: chr3:173,845,829
INFO	2024-09-27 14:56:56	AddOrReplaceReadGroups	Processed    22,000,000 records.  Elapsed time: 00:04:24s.  Time for last 1,000,000:   10s.  Last read position: chr4:8,176,937
INFO	2024-09-27 14:57:06	AddOrReplaceReadGroups	Processed    23,000,000 records.  Elapsed time: 00:04:35s.  Time for last 1,000,000:   10s.  Last read position: chr4:80,396,244
INFO	2024-09-27 14:57:18	AddOrReplaceReadGroups	Processed    24,000,000 records.  Elapsed time: 00:04:46s.  Time for last 1,000,000:   11s.  Last read position: chr4:153,996,796
INFO	2024-09-27 14:57:29	AddOrReplaceReadGroups	Processed    25,000,000 records.  Elapsed time: 00:04:58s.  Time for last 1,000,000:   11s.  Last read position: chr5:41,088,960
INFO	2024-09-27 14:57:41	AddOrReplaceReadGroups	Processed    26,000,000 records.  Elapsed time: 00:05:09s.  Time for last 1,000,000:   11s.  Last read position: chr5:87,101,008
INFO	2024-09-27 14:57:52	AddOrReplaceReadGroups	Processed    27,000,000 records.  Elapsed time: 00:05:21s.  Time for last 1,000,000:   11s.  Last read position: chr5:139,845,035
INFO	2024-09-27 14:58:02	AddOrReplaceReadGroups	Processed    28,000,000 records.  Elapsed time: 00:05:31s.  Time for last 1,000,000:   10s.  Last read position: chr5:171,948,041
INFO	2024-09-27 14:58:13	AddOrReplaceReadGroups	Processed    29,000,000 records.  Elapsed time: 00:05:41s.  Time for last 1,000,000:   10s.  Last read position: chr6:11,218,516
INFO	2024-09-27 14:58:23	AddOrReplaceReadGroups	Processed    30,000,000 records.  Elapsed time: 00:05:51s.  Time for last 1,000,000:    9s.  Last read position: chr6:25,992,387
INFO	2024-09-27 14:58:31	AddOrReplaceReadGroups	Processed    31,000,000 records.  Elapsed time: 00:06:00s.  Time for last 1,000,000:    8s.  Last read position: chr6:27,679,740
INFO	2024-09-27 14:58:40	AddOrReplaceReadGroups	Processed    32,000,000 records.  Elapsed time: 00:06:09s.  Time for last 1,000,000:    9s.  Last read position: chr6:31,137,809
INFO	2024-09-27 14:58:50	AddOrReplaceReadGroups	Processed    33,000,000 records.  Elapsed time: 00:06:19s.  Time for last 1,000,000:    9s.  Last read position: chr6:33,094,054
INFO	2024-09-27 14:59:00	AddOrReplaceReadGroups	Processed    34,000,000 records.  Elapsed time: 00:06:29s.  Time for last 1,000,000:   10s.  Last read position: chr6:44,088,682
INFO	2024-09-27 14:59:08	AddOrReplaceReadGroups	Processed    35,000,000 records.  Elapsed time: 00:06:37s.  Time for last 1,000,000:    8s.  Last read position: chr6:52,835,263
INFO	2024-09-27 14:59:17	AddOrReplaceReadGroups	Processed    36,000,000 records.  Elapsed time: 00:06:46s.  Time for last 1,000,000:    8s.  Last read position: chr6:72,481,937
INFO	2024-09-27 14:59:26	AddOrReplaceReadGroups	Processed    37,000,000 records.  Elapsed time: 00:06:55s.  Time for last 1,000,000:    8s.  Last read position: chr6:74,696,254
INFO	2024-09-27 14:59:36	AddOrReplaceReadGroups	Processed    38,000,000 records.  Elapsed time: 00:07:05s.  Time for last 1,000,000:    9s.  Last read position: chr6:112,054,645
INFO	2024-09-27 14:59:47	AddOrReplaceReadGroups	Processed    39,000,000 records.  Elapsed time: 00:07:16s.  Time for last 1,000,000:   10s.  Last read position: chr6:152,590,677
INFO	2024-09-27 14:59:58	AddOrReplaceReadGroups	Processed    40,000,000 records.  Elapsed time: 00:07:27s.  Time for last 1,000,000:   11s.  Last read position: chr7:32,890,439
INFO	2024-09-27 15:00:09	AddOrReplaceReadGroups	Processed    41,000,000 records.  Elapsed time: 00:07:38s.  Time for last 1,000,000:   10s.  Last read position: chr7:76,421,082
INFO	2024-09-27 15:00:20	AddOrReplaceReadGroups	Processed    42,000,000 records.  Elapsed time: 00:07:49s.  Time for last 1,000,000:   11s.  Last read position: chr7:129,936,972
INFO	2024-09-27 15:00:31	AddOrReplaceReadGroups	Processed    43,000,000 records.  Elapsed time: 00:07:59s.  Time for last 1,000,000:   10s.  Last read position: chr8:6,732,452
INFO	2024-09-27 15:00:38	AddOrReplaceReadGroups	Processed    44,000,000 records.  Elapsed time: 00:08:07s.  Time for last 1,000,000:    7s.  Last read position: chr8:6,771,448
INFO	2024-09-27 15:00:49	AddOrReplaceReadGroups	Processed    45,000,000 records.  Elapsed time: 00:08:18s.  Time for last 1,000,000:   10s.  Last read position: chr8:59,401,593
INFO	2024-09-27 15:01:00	AddOrReplaceReadGroups	Processed    46,000,000 records.  Elapsed time: 00:08:28s.  Time for last 1,000,000:   10s.  Last read position: chr8:117,772,205
INFO	2024-09-27 15:01:12	AddOrReplaceReadGroups	Processed    47,000,000 records.  Elapsed time: 00:08:40s.  Time for last 1,000,000:   11s.  Last read position: chr9:19,391,236
INFO	2024-09-27 15:01:20	AddOrReplaceReadGroups	Processed    48,000,000 records.  Elapsed time: 00:08:49s.  Time for last 1,000,000:    8s.  Last read position: chr9:35,678,501
INFO	2024-09-27 15:01:31	AddOrReplaceReadGroups	Processed    49,000,000 records.  Elapsed time: 00:08:59s.  Time for last 1,000,000:   10s.  Last read position: chr9:112,019,640
INFO	2024-09-27 15:01:41	AddOrReplaceReadGroups	Processed    50,000,000 records.  Elapsed time: 00:09:10s.  Time for last 1,000,000:   10s.  Last read position: chr9:142,065,655
INFO	2024-09-27 15:01:52	AddOrReplaceReadGroups	Processed    51,000,000 records.  Elapsed time: 00:09:20s.  Time for last 1,000,000:   10s.  Last read position: chr10:11,882,217
INFO	2024-09-27 15:02:03	AddOrReplaceReadGroups	Processed    52,000,000 records.  Elapsed time: 00:09:31s.  Time for last 1,000,000:   10s.  Last read position: chr10:72,692,724
INFO	2024-09-27 15:02:13	AddOrReplaceReadGroups	Processed    53,000,000 records.  Elapsed time: 00:09:42s.  Time for last 1,000,000:   10s.  Last read position: chr10:103,219,778
INFO	2024-09-27 15:02:24	AddOrReplaceReadGroups	Processed    54,000,000 records.  Elapsed time: 00:09:52s.  Time for last 1,000,000:   10s.  Last read position: chr11:5,285,025
INFO	2024-09-27 15:02:35	AddOrReplaceReadGroups	Processed    55,000,000 records.  Elapsed time: 00:10:03s.  Time for last 1,000,000:   10s.  Last read position: chr11:34,575,867
INFO	2024-09-27 15:02:45	AddOrReplaceReadGroups	Processed    56,000,000 records.  Elapsed time: 00:10:13s.  Time for last 1,000,000:   10s.  Last read position: chr11:62,606,581
INFO	2024-09-27 15:02:55	AddOrReplaceReadGroups	Processed    57,000,000 records.  Elapsed time: 00:10:23s.  Time for last 1,000,000:    9s.  Last read position: chr11:67,435,246
INFO	2024-09-27 15:03:05	AddOrReplaceReadGroups	Processed    58,000,000 records.  Elapsed time: 00:10:34s.  Time for last 1,000,000:   10s.  Last read position: chr11:117,175,853
INFO	2024-09-27 15:03:15	AddOrReplaceReadGroups	Processed    59,000,000 records.  Elapsed time: 00:10:44s.  Time for last 1,000,000:   10s.  Last read position: chr12:6,548,483
INFO	2024-09-27 15:03:26	AddOrReplaceReadGroups	Processed    60,000,000 records.  Elapsed time: 00:10:55s.  Time for last 1,000,000:   10s.  Last read position: chr12:45,864,521
INFO	2024-09-27 15:03:36	AddOrReplaceReadGroups	Processed    61,000,000 records.  Elapsed time: 00:11:05s.  Time for last 1,000,000:   10s.  Last read position: chr12:56,084,245
INFO	2024-09-27 15:03:47	AddOrReplaceReadGroups	Processed    62,000,000 records.  Elapsed time: 00:11:15s.  Time for last 1,000,000:   10s.  Last read position: chr12:79,913,497
INFO	2024-09-27 15:03:58	AddOrReplaceReadGroups	Processed    63,000,000 records.  Elapsed time: 00:11:26s.  Time for last 1,000,000:   10s.  Last read position: chr12:120,086,294
INFO	2024-09-27 15:04:08	AddOrReplaceReadGroups	Processed    64,000,000 records.  Elapsed time: 00:11:36s.  Time for last 1,000,000:   10s.  Last read position: chr13:9,068,010
INFO	2024-09-27 15:04:19	AddOrReplaceReadGroups	Processed    65,000,000 records.  Elapsed time: 00:11:47s.  Time for last 1,000,000:   11s.  Last read position: chr13:40,169,341
INFO	2024-09-27 15:04:29	AddOrReplaceReadGroups	Processed    66,000,000 records.  Elapsed time: 00:11:58s.  Time for last 1,000,000:   10s.  Last read position: chr13:96,655,089
INFO	2024-09-27 15:04:38	AddOrReplaceReadGroups	Processed    67,000,000 records.  Elapsed time: 00:12:07s.  Time for last 1,000,000:    9s.  Last read position: chr14:14,540,140
INFO	2024-09-27 15:04:48	AddOrReplaceReadGroups	Processed    68,000,000 records.  Elapsed time: 00:12:16s.  Time for last 1,000,000:    9s.  Last read position: chr14:35,461,499
INFO	2024-09-27 15:04:57	AddOrReplaceReadGroups	Processed    69,000,000 records.  Elapsed time: 00:12:26s.  Time for last 1,000,000:    9s.  Last read position: chr14:43,784,854
INFO	2024-09-27 15:05:05	AddOrReplaceReadGroups	Processed    70,000,000 records.  Elapsed time: 00:12:34s.  Time for last 1,000,000:    7s.  Last read position: chr14:43,784,894
INFO	2024-09-27 15:05:13	AddOrReplaceReadGroups	Processed    71,000,000 records.  Elapsed time: 00:12:41s.  Time for last 1,000,000:    7s.  Last read position: chr14:43,784,947
INFO	2024-09-27 15:05:20	AddOrReplaceReadGroups	Processed    72,000,000 records.  Elapsed time: 00:12:49s.  Time for last 1,000,000:    7s.  Last read position: chr14:44,058,850
INFO	2024-09-27 15:05:28	AddOrReplaceReadGroups	Processed    73,000,000 records.  Elapsed time: 00:12:57s.  Time for last 1,000,000:    7s.  Last read position: chr14:44,067,813
INFO	2024-09-27 15:05:36	AddOrReplaceReadGroups	Processed    74,000,000 records.  Elapsed time: 00:13:05s.  Time for last 1,000,000:    7s.  Last read position: chr14:44,067,896
INFO	2024-09-27 15:05:44	AddOrReplaceReadGroups	Processed    75,000,000 records.  Elapsed time: 00:13:13s.  Time for last 1,000,000:    7s.  Last read position: chr14:44,067,917
INFO	2024-09-27 15:05:55	AddOrReplaceReadGroups	Processed    76,000,000 records.  Elapsed time: 00:13:24s.  Time for last 1,000,000:   10s.  Last read position: chr14:67,937,258
INFO	2024-09-27 15:06:06	AddOrReplaceReadGroups	Processed    77,000,000 records.  Elapsed time: 00:13:34s.  Time for last 1,000,000:   10s.  Last read position: chr14:100,014,220
INFO	2024-09-27 15:06:17	AddOrReplaceReadGroups	Processed    78,000,000 records.  Elapsed time: 00:13:45s.  Time for last 1,000,000:   11s.  Last read position: chr15:39,623,956
INFO	2024-09-27 15:06:27	AddOrReplaceReadGroups	Processed    79,000,000 records.  Elapsed time: 00:13:56s.  Time for last 1,000,000:   10s.  Last read position: chr15:58,357,824
INFO	2024-09-27 15:06:38	AddOrReplaceReadGroups	Processed    80,000,000 records.  Elapsed time: 00:14:06s.  Time for last 1,000,000:   10s.  Last read position: chr15:80,403,118
INFO	2024-09-27 15:06:47	AddOrReplaceReadGroups	Processed    81,000,000 records.  Elapsed time: 00:14:16s.  Time for last 1,000,000:    9s.  Last read position: chr16:1,982,157
INFO	2024-09-27 15:06:58	AddOrReplaceReadGroups	Processed    82,000,000 records.  Elapsed time: 00:14:26s.  Time for last 1,000,000:   10s.  Last read position: chr16:21,394,897
INFO	2024-09-27 15:07:08	AddOrReplaceReadGroups	Processed    83,000,000 records.  Elapsed time: 00:14:37s.  Time for last 1,000,000:   10s.  Last read position: chr16:52,769,619
INFO	2024-09-27 15:07:19	AddOrReplaceReadGroups	Processed    84,000,000 records.  Elapsed time: 00:14:48s.  Time for last 1,000,000:   10s.  Last read position: chr16:93,458,794
INFO	2024-09-27 15:07:29	AddOrReplaceReadGroups	Processed    85,000,000 records.  Elapsed time: 00:14:58s.  Time for last 1,000,000:   10s.  Last read position: chr17:7,361,264
INFO	2024-09-27 15:07:39	AddOrReplaceReadGroups	Processed    86,000,000 records.  Elapsed time: 00:15:08s.  Time for last 1,000,000:    9s.  Last read position: chr17:19,087,874
INFO	2024-09-27 15:07:49	AddOrReplaceReadGroups	Processed    87,000,000 records.  Elapsed time: 00:15:18s.  Time for last 1,000,000:   10s.  Last read position: chr17:40,590,215
INFO	2024-09-27 15:08:00	AddOrReplaceReadGroups	Processed    88,000,000 records.  Elapsed time: 00:15:29s.  Time for last 1,000,000:   10s.  Last read position: chr17:51,987,947
INFO	2024-09-27 15:08:11	AddOrReplaceReadGroups	Processed    89,000,000 records.  Elapsed time: 00:15:39s.  Time for last 1,000,000:   10s.  Last read position: chr17:76,561,743
INFO	2024-09-27 15:08:21	AddOrReplaceReadGroups	Processed    90,000,000 records.  Elapsed time: 00:15:50s.  Time for last 1,000,000:   10s.  Last read position: chr18:12,883,538
INFO	2024-09-27 15:08:32	AddOrReplaceReadGroups	Processed    91,000,000 records.  Elapsed time: 00:16:00s.  Time for last 1,000,000:   10s.  Last read position: chr19:847,653
INFO	2024-09-27 15:08:41	AddOrReplaceReadGroups	Processed    92,000,000 records.  Elapsed time: 00:16:10s.  Time for last 1,000,000:    9s.  Last read position: chr19:5,677,002
INFO	2024-09-27 15:08:52	AddOrReplaceReadGroups	Processed    93,000,000 records.  Elapsed time: 00:16:20s.  Time for last 1,000,000:   10s.  Last read position: chr19:15,562,676
INFO	2024-09-27 15:09:02	AddOrReplaceReadGroups	Processed    94,000,000 records.  Elapsed time: 00:16:31s.  Time for last 1,000,000:   10s.  Last read position: chr19:36,908,802
INFO	2024-09-27 15:09:12	AddOrReplaceReadGroups	Processed    95,000,000 records.  Elapsed time: 00:16:41s.  Time for last 1,000,000:   10s.  Last read position: chr19:50,345,704
INFO	2024-09-27 15:09:21	AddOrReplaceReadGroups	Processed    96,000,000 records.  Elapsed time: 00:16:50s.  Time for last 1,000,000:    9s.  Last read position: chr19:53,465,738
INFO	2024-09-27 15:09:32	AddOrReplaceReadGroups	Processed    97,000,000 records.  Elapsed time: 00:17:00s.  Time for last 1,000,000:   10s.  Last read position: chr20:4,821,951
INFO	2024-09-27 15:09:42	AddOrReplaceReadGroups	Processed    98,000,000 records.  Elapsed time: 00:17:11s.  Time for last 1,000,000:   10s.  Last read position: chr20:43,212,633
INFO	2024-09-27 15:09:53	AddOrReplaceReadGroups	Processed    99,000,000 records.  Elapsed time: 00:17:22s.  Time for last 1,000,000:   11s.  Last read position: chr21:14,215,688
INFO	2024-09-27 15:10:04	AddOrReplaceReadGroups	Processed   100,000,000 records.  Elapsed time: 00:17:33s.  Time for last 1,000,000:   10s.  Last read position: chr22:5,457,031
INFO	2024-09-27 15:10:15	AddOrReplaceReadGroups	Processed   101,000,000 records.  Elapsed time: 00:17:43s.  Time for last 1,000,000:   10s.  Last read position: chr22:31,357,431
INFO	2024-09-27 15:10:25	AddOrReplaceReadGroups	Processed   102,000,000 records.  Elapsed time: 00:17:53s.  Time for last 1,000,000:    9s.  Last read position: chr22:40,786,858
INFO	2024-09-27 15:10:36	AddOrReplaceReadGroups	Processed   103,000,000 records.  Elapsed time: 00:18:04s.  Time for last 1,000,000:   11s.  Last read position: chrX:23,759,540
INFO	2024-09-27 15:10:46	AddOrReplaceReadGroups	Processed   104,000,000 records.  Elapsed time: 00:18:15s.  Time for last 1,000,000:   10s.  Last read position: chrX:99,802,815
INFO	2024-09-27 15:10:57	AddOrReplaceReadGroups	Processed   105,000,000 records.  Elapsed time: 00:18:25s.  Time for last 1,000,000:   10s.  Last read position: chrX:152,637,038
[Fri Sep 27 15:11:02 CEST 2024] picard.sam.AddOrReplaceReadGroups done. Elapsed time: 18.53 minutes.
Runtime.totalMemory()=538968064
