Using GATK jar /lustre1/project/stg_00096/home/rdewin/system/miniconda/envs/WGS/share/gatk4-4.5.0.0-0/gatk-package-4.5.0.0-local.jar
Running:
    java -Dsamjdk.use_async_io_read_samtools=false -Dsamjdk.use_async_io_write_samtools=true -Dsamjdk.use_async_io_write_tribble=false -Dsamjdk.compression_level=2 -jar /lustre1/project/stg_00096/home/rdewin/system/miniconda/envs/WGS/share/gatk4-4.5.0.0-0/gatk-package-4.5.0.0-local.jar GetPileupSummaries -I results/recal/P034/P034_dna_tumor_recal.bam -L resources/filtered_gnomad_chr.vcf.gz -V resources/filtered_gnomad_chr.vcf.gz -O results/mutect2/P034/P034_tumor_pileup_summaries.table
15:21:23.847 INFO  NativeLibraryLoader - Loading libgkl_compression.so from jar:file:/lustre1/project/stg_00096/home/rdewin/system/miniconda/envs/WGS/share/gatk4-4.5.0.0-0/gatk-package-4.5.0.0-local.jar!/com/intel/gkl/native/libgkl_compression.so
15:21:23.990 INFO  GetPileupSummaries - ------------------------------------------------------------
15:21:23.993 INFO  GetPileupSummaries - The Genome Analysis Toolkit (GATK) v4.5.0.0
15:21:23.993 INFO  GetPileupSummaries - For support and documentation go to https://software.broadinstitute.org/gatk/
15:21:23.994 INFO  GetPileupSummaries - Executing as vsc35407@g28l05 on Linux v4.18.0-513.24.1.el8_9.x86_64 amd64
15:21:23.994 INFO  GetPileupSummaries - Java runtime: OpenJDK 64-Bit Server VM v17.0.10-internal+0-adhoc..src
15:21:23.994 INFO  GetPileupSummaries - Start Date/Time: July 14, 2024 at 3:21:23 PM CEST
15:21:23.995 INFO  GetPileupSummaries - ------------------------------------------------------------
15:21:23.995 INFO  GetPileupSummaries - ------------------------------------------------------------
15:21:23.996 INFO  GetPileupSummaries - HTSJDK Version: 4.1.0
15:21:23.996 INFO  GetPileupSummaries - Picard Version: 3.1.1
15:21:23.997 INFO  GetPileupSummaries - Built for Spark Version: 3.5.0
15:21:23.997 INFO  GetPileupSummaries - HTSJDK Defaults.COMPRESSION_LEVEL : 2
15:21:23.997 INFO  GetPileupSummaries - HTSJDK Defaults.USE_ASYNC_IO_READ_FOR_SAMTOOLS : false
15:21:23.997 INFO  GetPileupSummaries - HTSJDK Defaults.USE_ASYNC_IO_WRITE_FOR_SAMTOOLS : true
15:21:23.998 INFO  GetPileupSummaries - HTSJDK Defaults.USE_ASYNC_IO_WRITE_FOR_TRIBBLE : false
15:21:23.998 INFO  GetPileupSummaries - Deflater: IntelDeflater
15:21:23.998 INFO  GetPileupSummaries - Inflater: IntelInflater
15:21:23.999 INFO  GetPileupSummaries - GCS max retries/reopens: 20
15:21:23.999 INFO  GetPileupSummaries - Requester pays: disabled
15:21:24.000 INFO  GetPileupSummaries - Initializing engine
15:21:24.180 INFO  FeatureManager - Using codec VCFCodec to read file file:///lustre1/project/stg_00096/home/rdewin/WGS/resources/filtered_gnomad_chr.vcf.gz
15:21:24.373 INFO  FeatureManager - Using codec VCFCodec to read file file:///lustre1/project/stg_00096/home/rdewin/WGS/resources/filtered_gnomad_chr.vcf.gz
15:22:47.895 INFO  IntervalArgumentCollection - Processing 8916026 bp from intervals
15:22:48.087 INFO  GetPileupSummaries - Done initializing engine
15:22:48.093 INFO  ProgressMeter - Starting traversal
15:22:48.093 INFO  ProgressMeter -        Current Locus  Elapsed Minutes        Loci Processed      Loci/Minute
15:23:25.411 INFO  ProgressMeter -          chr1:256524              0.6                  1000           1608.0
15:23:35.546 INFO  ProgressMeter -         chr1:4338481              0.8                 19000          24024.8
15:23:46.101 INFO  ProgressMeter -        chr1:10021776              1.0                 38000          39306.3
15:23:56.434 INFO  ProgressMeter -        chr1:15257840              1.1                 59000          51800.6
15:24:06.704 INFO  ProgressMeter -        chr1:20808172              1.3                 77000          58771.1
15:24:17.206 INFO  ProgressMeter -        chr1:27181167              1.5                 95000          63964.4
15:24:27.493 INFO  ProgressMeter -        chr1:33808284              1.7                113000          68209.9
15:24:37.537 INFO  ProgressMeter -        chr1:40451784              1.8                132000          72366.4
15:24:47.661 INFO  ProgressMeter -        chr1:47380158              2.0                149000          74770.4
15:24:57.982 INFO  ProgressMeter -        chr1:54606465              2.2                168000          77605.3
15:25:08.318 INFO  ProgressMeter -        chr1:61250728              2.3                188000          80442.7
15:25:18.697 INFO  ProgressMeter -        chr1:68311614              2.5                208000          82866.9
15:25:28.768 INFO  ProgressMeter -        chr1:76543325              2.7                228000          85141.3
15:25:39.169 INFO  ProgressMeter -        chr1:84026428              2.9                250000          87680.8
15:25:49.664 INFO  ProgressMeter -        chr1:91680924              3.0                271000          89552.2
15:25:59.880 INFO  ProgressMeter -        chr1:99558193              3.2                291000          91039.0
15:26:09.895 INFO  ProgressMeter -       chr1:107093779              3.4                314000          93359.3
15:26:20.176 INFO  ProgressMeter -       chr1:114248763              3.5                333000          94208.8
15:26:30.342 INFO  ProgressMeter -       chr1:121547334              3.7                354000          95569.3
15:26:40.376 INFO  ProgressMeter -       chr1:148937332              3.9                376000          97123.3
15:26:50.788 INFO  ProgressMeter -       chr1:156396262              4.0                395000          97653.8
15:27:01.029 INFO  ProgressMeter -       chr1:163155149              4.2                416000          98681.5
15:27:11.424 INFO  ProgressMeter -       chr1:169998489              4.4                437000          99570.9
15:27:21.467 INFO  ProgressMeter -       chr1:177687479              4.6                456000         100083.0
15:27:31.790 INFO  ProgressMeter -       chr1:185062201              4.7                476000         100671.1
15:27:42.023 INFO  ProgressMeter -       chr1:192753101              4.9                498000         101657.2
15:27:52.074 INFO  ProgressMeter -       chr1:198324115              5.1                514000         101454.0
15:28:02.179 INFO  ProgressMeter -       chr1:203398824              5.2                528000         100864.7
15:28:12.687 INFO  ProgressMeter -       chr1:208247499              5.4                542000         100187.0
15:28:23.076 INFO  ProgressMeter -       chr1:213119478              5.6                557000          99766.6
15:28:33.603 INFO  ProgressMeter -       chr1:218697251              5.8                573000          99505.7
15:28:43.789 INFO  ProgressMeter -       chr1:223913422              5.9                588000          99186.4
15:28:54.006 INFO  ProgressMeter -       chr1:228957807              6.1                602000          98712.3
15:29:04.168 INFO  ProgressMeter -       chr1:233592518              6.3                617000          98438.3
15:29:14.193 INFO  ProgressMeter -       chr1:238434144              6.4                633000          98368.6
15:29:24.462 INFO  ProgressMeter -       chr1:243633216              6.6                649000          98242.0
15:29:34.528 INFO  ProgressMeter -       chr1:248011101              6.8                666000          98318.5
15:29:44.723 INFO  ProgressMeter -         chr2:4821319              6.9                687000          98936.9
15:29:55.105 INFO  ProgressMeter -        chr2:11402728              7.1                708000          99482.4
15:30:05.154 INFO  ProgressMeter -        chr2:17976160              7.3                729000         100077.8
15:30:15.738 INFO  ProgressMeter -        chr2:25290925              7.5                750000         100526.3
15:30:25.892 INFO  ProgressMeter -        chr2:32405365              7.6                768000         100655.7
15:30:36.175 INFO  ProgressMeter -        chr2:38694042              7.8                792000         101520.9
15:30:46.332 INFO  ProgressMeter -        chr2:45204411              8.0                813000         101999.6
15:30:56.482 INFO  ProgressMeter -        chr2:51376711              8.1                833000         102336.9
15:31:06.889 INFO  ProgressMeter -        chr2:58143048              8.3                857000         103088.4
15:31:17.314 INFO  ProgressMeter -        chr2:65965240              8.5                877000         103334.5
15:31:27.804 INFO  ProgressMeter -        chr2:72822282              8.7                898000         103673.2
15:31:37.842 INFO  ProgressMeter -        chr2:79700809              8.8                919000         104087.4
15:31:47.986 INFO  ProgressMeter -        chr2:86311996              9.0                941000         104576.5
15:31:58.429 INFO  ProgressMeter -        chr2:98420987              9.2                964000         105099.6
15:32:08.664 INFO  ProgressMeter -       chr2:105833945              9.3                983000         105214.3
15:32:19.023 INFO  ProgressMeter -       chr2:113388972              9.5               1003000         105407.2
15:32:29.565 INFO  ProgressMeter -       chr2:120507785              9.7               1025000         105766.2
15:32:39.749 INFO  ProgressMeter -       chr2:127412063              9.9               1046000         106075.3
15:32:50.091 INFO  ProgressMeter -       chr2:133673243             10.0               1068000         106445.7
15:33:00.242 INFO  ProgressMeter -       chr2:140749805             10.2               1089000         106738.9
15:33:10.700 INFO  ProgressMeter -       chr2:149108696             10.4               1110000         106969.7
15:33:20.945 INFO  ProgressMeter -       chr2:157258774             10.5               1130000         107134.2
15:33:31.059 INFO  ProgressMeter -       chr2:164863317             10.7               1150000         107315.5
15:33:41.476 INFO  ProgressMeter -       chr2:172120316             10.9               1171000         107532.8
15:33:51.920 INFO  ProgressMeter -       chr2:179468085             11.1               1191000         107648.9
15:34:02.035 INFO  ProgressMeter -       chr2:187321270             11.2               1212000         107902.8
15:34:12.357 INFO  ProgressMeter -       chr2:195738984             11.4               1233000         108116.3
15:34:22.902 INFO  ProgressMeter -       chr2:204292536             11.6               1252000         108116.4
15:34:32.996 INFO  ProgressMeter -       chr2:211745179             11.7               1272000         108270.4
15:34:43.268 INFO  ProgressMeter -       chr2:218476735             11.9               1293000         108477.1
15:34:53.456 INFO  ProgressMeter -       chr2:225529426             12.1               1313000         108608.0
15:35:03.566 INFO  ProgressMeter -       chr2:232314576             12.3               1334000         108828.1
15:35:13.599 INFO  ProgressMeter -       chr2:237956164             12.4               1354000         108973.1
15:35:23.696 INFO  ProgressMeter -         chr3:2059158             12.6               1382000         109740.3
15:35:34.034 INFO  ProgressMeter -         chr3:7854060             12.8               1405000         110060.8
15:35:44.411 INFO  ProgressMeter -        chr3:13851469             12.9               1424000         110058.3
15:35:54.720 INFO  ProgressMeter -        chr3:20381784             13.1               1444000         110141.4
15:36:04.727 INFO  ProgressMeter -        chr3:26647455             13.3               1466000         110414.7
15:36:15.134 INFO  ProgressMeter -        chr3:33055211             13.5               1488000         110626.5
15:36:25.679 INFO  ProgressMeter -        chr3:40456582             13.6               1508000         110667.5
15:36:35.916 INFO  ProgressMeter -        chr3:47532900             13.8               1527000         110676.0
15:36:46.053 INFO  ProgressMeter -        chr3:55297464             14.0               1543000         110482.9
15:36:56.213 INFO  ProgressMeter -        chr3:61662979             14.1               1563000         110574.1
15:37:06.703 INFO  ProgressMeter -        chr3:68173191             14.3               1585000         110760.5
15:37:17.010 INFO  ProgressMeter -        chr3:75229283             14.5               1605000         110827.9
15:37:27.276 INFO  ProgressMeter -        chr3:83016883             14.7               1628000         111103.4
15:37:37.346 INFO  ProgressMeter -        chr3:96585574             14.8               1653000         111531.9
15:37:47.396 INFO  ProgressMeter -       chr3:103947333             15.0               1675000         111753.5
15:37:57.645 INFO  ProgressMeter -       chr3:111593017             15.2               1697000         111945.3
15:38:07.761 INFO  ProgressMeter -       chr3:119066666             15.3               1717000         112018.8
15:38:18.291 INFO  ProgressMeter -       chr3:126349802             15.5               1738000         112105.3
15:38:28.529 INFO  ProgressMeter -       chr3:132240681             15.7               1757000         112097.1
15:38:38.861 INFO  ProgressMeter -       chr3:138968073             15.8               1777000         112141.2
15:38:49.019 INFO  ProgressMeter -       chr3:146404423             16.0               1796000         112141.9
15:38:59.332 INFO  ProgressMeter -       chr3:153801067             16.2               1819000         112372.0
15:39:09.553 INFO  ProgressMeter -       chr3:160966569             16.4               1840000         112485.7
15:39:19.900 INFO  ProgressMeter -       chr3:168781915             16.5               1862000         112643.1
15:39:30.111 INFO  ProgressMeter -       chr3:175691477             16.7               1884000         112812.6
15:39:40.517 INFO  ProgressMeter -       chr3:182991268             16.9               1906000         112956.7
15:39:50.523 INFO  ProgressMeter -       chr3:190140858             17.0               1926000         113025.0
15:40:00.783 INFO  ProgressMeter -       chr3:196668123             17.2               1948000         113180.4
15:40:11.316 INFO  ProgressMeter -         chr4:1000127             17.4               1971000         113360.3
15:40:21.575 INFO  ProgressMeter -         chr4:5963882             17.6               1992000         113452.4
15:40:31.786 INFO  ProgressMeter -        chr4:11074014             17.7               2014000         113604.3
15:40:41.949 INFO  ProgressMeter -        chr4:17583142             17.9               2036000         113758.4
15:40:52.255 INFO  ProgressMeter -        chr4:24640414             18.1               2058000         113894.6
15:41:02.428 INFO  ProgressMeter -        chr4:31766799             18.2               2081000         114096.8
15:41:12.552 INFO  ProgressMeter -        chr4:38613168             18.4               2105000         114354.7
15:41:22.923 INFO  ProgressMeter -        chr4:45881724             18.6               2127000         114475.0
15:41:33.018 INFO  ProgressMeter -        chr4:59423537             18.7               2152000         114781.1
15:41:43.159 INFO  ProgressMeter -        chr4:66297124             18.9               2176000         115024.2
15:41:53.203 INFO  ProgressMeter -        chr4:73851376             19.1               2199000         115220.5
15:42:03.226 INFO  ProgressMeter -        chr4:80860424             19.3               2220000         115311.5
15:42:13.736 INFO  ProgressMeter -        chr4:88504419             19.4               2241000         115352.7
15:42:23.972 INFO  ProgressMeter -        chr4:94612386             19.6               2259000         115267.2
15:42:34.196 INFO  ProgressMeter -       chr4:102165833             19.8               2281000         115386.5
15:42:44.406 INFO  ProgressMeter -       chr4:109530321             19.9               2302000         115454.9
15:42:54.605 INFO  ProgressMeter -       chr4:116623715             20.1               2321000         115423.8
15:43:04.752 INFO  ProgressMeter -       chr4:124109454             20.3               2343000         115546.0
15:43:15.126 INFO  ProgressMeter -       chr4:131623551             20.5               2366000         115693.8
15:43:25.203 INFO  ProgressMeter -       chr4:139547477             20.6               2389000         115866.9
15:43:35.496 INFO  ProgressMeter -       chr4:147246400             20.8               2410000         115920.9
15:43:45.951 INFO  ProgressMeter -       chr4:155414790             21.0               2430000         115911.4
15:43:56.353 INFO  ProgressMeter -       chr4:162852522             21.1               2451000         115954.2
15:44:06.683 INFO  ProgressMeter -       chr4:169723519             21.3               2476000         116190.6
15:44:16.810 INFO  ProgressMeter -       chr4:176644146             21.5               2498000         116301.9
15:44:27.261 INFO  ProgressMeter -       chr4:184202649             21.7               2522000         116474.6
15:44:37.562 INFO  ProgressMeter -       chr4:190476933             21.8               2545000         116612.2
15:44:47.608 INFO  ProgressMeter -         chr5:2286604             22.0               2568000         116770.4
15:44:57.733 INFO  ProgressMeter -         chr5:8425897             22.2               2590000         116873.8
15:45:08.105 INFO  ProgressMeter -        chr5:15334548             22.3               2611000         116909.6
15:45:18.213 INFO  ProgressMeter -        chr5:22810023             22.5               2633000         117012.0
15:45:28.315 INFO  ProgressMeter -        chr5:30150443             22.7               2658000         117245.7
15:45:38.338 INFO  ProgressMeter -        chr5:36833130             22.8               2679000         117307.6
15:45:48.563 INFO  ProgressMeter -        chr5:43899275             23.0               2700000         117351.4
15:45:58.969 INFO  ProgressMeter -        chr5:55904350             23.2               2722000         117422.5
15:46:09.214 INFO  ProgressMeter -        chr5:62964085             23.4               2742000         117420.4
15:46:20.146 INFO  ProgressMeter -        chr5:71924759             23.5               2763000         117403.6
15:46:30.183 INFO  ProgressMeter -        chr5:78759691             23.7               2783000         117418.8
15:46:40.421 INFO  ProgressMeter -        chr5:86339000             23.9               2804000         117459.3
15:46:50.543 INFO  ProgressMeter -        chr5:94863919             24.0               2824000         117466.9
15:47:00.547 INFO  ProgressMeter -       chr5:102132292             24.2               2846000         117566.6
15:47:10.816 INFO  ProgressMeter -       chr5:109729569             24.4               2869000         117684.7
15:47:21.239 INFO  ProgressMeter -       chr5:116185649             24.6               2892000         117788.8
15:47:31.629 INFO  ProgressMeter -       chr5:122553010             24.7               2917000         117975.1
15:47:41.636 INFO  ProgressMeter -       chr5:129620950             24.9               2938000         118028.2
15:47:52.236 INFO  ProgressMeter -       chr5:137091484             25.1               2958000         117994.2
15:48:02.538 INFO  ProgressMeter -       chr5:144708603             25.2               2976000         117904.7
15:48:12.683 INFO  ProgressMeter -       chr5:151472905             25.4               2996000         117907.2
15:48:23.029 INFO  ProgressMeter -       chr5:158211109             25.6               3017000         117933.3
15:48:33.287 INFO  ProgressMeter -       chr5:165559156             25.8               3038000         117965.9
15:48:43.802 INFO  ProgressMeter -       chr5:172486624             25.9               3059000         117978.4
15:48:54.145 INFO  ProgressMeter -       chr5:178800816             26.1               3080000         118003.9
15:49:04.229 INFO  ProgressMeter -         chr6:2564958             26.3               3101000         118048.3
15:49:14.610 INFO  ProgressMeter -         chr6:8686148             26.4               3123000         118107.9
15:49:24.814 INFO  ProgressMeter -        chr6:15192973             26.6               3144000         118142.2
15:49:35.194 INFO  ProgressMeter -        chr6:22258304             26.8               3166000         118200.5
15:49:45.590 INFO  ProgressMeter -        chr6:29275355             27.0               3188000         118256.9
15:49:55.754 INFO  ProgressMeter -        chr6:33452911             27.1               3223000         118808.6
15:50:05.821 INFO  ProgressMeter -        chr6:39733670             27.3               3242000         118774.4
15:50:16.111 INFO  ProgressMeter -        chr6:46166555             27.5               3261000         118724.5
15:50:26.154 INFO  ProgressMeter -        chr6:53548790             27.6               3282000         118765.3
15:50:36.432 INFO  ProgressMeter -        chr6:64133561             27.8               3305000         118860.9
15:50:46.497 INFO  ProgressMeter -        chr6:71478851             28.0               3328000         118970.3
15:50:56.748 INFO  ProgressMeter -        chr6:78807293             28.1               3350000         119029.7
15:51:06.977 INFO  ProgressMeter -        chr6:86163936             28.3               3373000         119125.3
15:51:17.312 INFO  ProgressMeter -        chr6:93820279             28.5               3394000         119142.2
15:51:27.438 INFO  ProgressMeter -       chr6:101808791             28.7               3416000         119208.3
15:51:37.609 INFO  ProgressMeter -       chr6:108841010             28.8               3438000         119270.4
15:51:47.805 INFO  ProgressMeter -       chr6:116197670             29.0               3458000         119261.2
15:51:57.877 INFO  ProgressMeter -       chr6:123785530             29.2               3479000         119294.9
15:52:07.918 INFO  ProgressMeter -       chr6:131276459             29.3               3499000         119296.1
15:52:17.973 INFO  ProgressMeter -       chr6:137777754             29.5               3520000         119330.2
15:52:28.226 INFO  ProgressMeter -       chr6:145308550             29.7               3541000         119350.8
15:52:38.270 INFO  ProgressMeter -       chr6:152151612             29.8               3562000         119384.9
15:52:48.713 INFO  ProgressMeter -       chr6:158821230             30.0               3584000         119425.6
15:52:59.021 INFO  ProgressMeter -       chr6:165117295             30.2               3604000         119408.5
15:53:09.342 INFO  ProgressMeter -       chr6:170766109             30.4               3626000         119456.5
15:53:19.428 INFO  ProgressMeter -         chr7:3340811             30.5               3647000         119486.7
15:53:29.770 INFO  ProgressMeter -         chr7:8634413             30.7               3671000         119597.6
15:53:40.140 INFO  ProgressMeter -        chr7:14941650             30.9               3697000         119770.2
15:53:50.279 INFO  ProgressMeter -        chr7:21624593             31.0               3720000         119859.2
15:54:00.629 INFO  ProgressMeter -        chr7:28381195             31.2               3741000         119869.6
15:54:10.893 INFO  ProgressMeter -        chr7:34665437             31.4               3761000         119853.5
15:54:21.061 INFO  ProgressMeter -        chr7:41583440             31.5               3781000         119843.7
15:54:31.152 INFO  ProgressMeter -        chr7:48237217             31.7               3801000         119838.7
15:54:41.513 INFO  ProgressMeter -        chr7:54766182             31.9               3824000         119911.1
15:54:51.938 INFO  ProgressMeter -        chr7:65842850             32.1               3851000         120103.3
15:55:01.977 INFO  ProgressMeter -        chr7:72786104             32.2               3873000         120162.4
15:55:12.052 INFO  ProgressMeter -        chr7:79913520             32.4               3893000         120156.9
15:55:22.421 INFO  ProgressMeter -        chr7:87250191             32.6               3916000         120225.5
15:55:32.798 INFO  ProgressMeter -        chr7:95149055             32.7               3937000         120231.9
15:55:42.931 INFO  ProgressMeter -       chr7:102400999             32.9               3957000         120222.6
15:55:53.025 INFO  ProgressMeter -       chr7:108768224             33.1               3977000         120215.8
15:56:03.111 INFO  ProgressMeter -       chr7:116418654             33.3               3997000         120209.6
15:56:13.662 INFO  ProgressMeter -       chr7:125106373             33.4               4018000         120205.3
15:56:23.834 INFO  ProgressMeter -       chr7:132693779             33.6               4038000         120194.1
15:56:34.225 INFO  ProgressMeter -       chr7:139870816             33.8               4058000         120169.9
15:56:44.466 INFO  ProgressMeter -       chr7:146568199             33.9               4079000         120184.3
15:56:54.661 INFO  ProgressMeter -       chr7:152547894             34.1               4101000         120230.7
15:57:05.023 INFO  ProgressMeter -       chr7:158056886             34.3               4123000         120266.7
15:57:15.065 INFO  ProgressMeter -         chr8:2254549             34.4               4146000         120350.0
15:57:25.239 INFO  ProgressMeter -         chr8:6403307             34.6               4174000         120569.3
15:57:35.317 INFO  ProgressMeter -        chr8:12688658             34.8               4198000         120677.1
15:57:45.608 INFO  ProgressMeter -        chr8:18014372             35.0               4226000         120886.0
15:57:55.962 INFO  ProgressMeter -        chr8:23500453             35.1               4248000         120918.4
15:58:06.145 INFO  ProgressMeter -        chr8:30118515             35.3               4269000         120931.9
15:58:16.430 INFO  ProgressMeter -        chr8:37505775             35.5               4290000         120939.6
15:58:26.688 INFO  ProgressMeter -        chr8:46546569             35.6               4311000         120948.6
15:58:36.914 INFO  ProgressMeter -        chr8:53789909             35.8               4331000         120931.5
15:58:47.345 INFO  ProgressMeter -        chr8:61054182             36.0               4353000         120958.7
15:58:57.817 INFO  ProgressMeter -        chr8:68472817             36.2               4374000         120955.5
15:59:08.015 INFO  ProgressMeter -        chr8:75663246             36.3               4395000         120967.7
15:59:18.379 INFO  ProgressMeter -        chr8:83317222             36.5               4418000         121025.3
15:59:28.779 INFO  ProgressMeter -        chr8:91685570             36.7               4441000         121080.5
15:59:39.002 INFO  ProgressMeter -        chr8:99189095             36.8               4461000         121063.4
15:59:49.018 INFO  ProgressMeter -       chr8:106066363             37.0               4480000         121030.7
15:59:59.449 INFO  ProgressMeter -       chr8:114039322             37.2               4501000         121029.6
16:00:09.715 INFO  ProgressMeter -       chr8:121263976             37.4               4523000         121064.2
16:00:19.721 INFO  ProgressMeter -       chr8:128034377             37.5               4544000         121085.8
16:00:30.029 INFO  ProgressMeter -       chr8:134511419             37.7               4565000         121091.1
16:00:40.464 INFO  ProgressMeter -       chr8:140876325             37.9               4587000         121115.8
16:00:50.465 INFO  ProgressMeter -       chr8:146113947             38.0               4605000         121058.3
16:01:00.934 INFO  ProgressMeter -         chr9:5299699             38.2               4629000         121133.7
16:01:11.340 INFO  ProgressMeter -        chr9:11519931             38.4               4653000         121211.5
16:01:21.527 INFO  ProgressMeter -        chr9:17764606             38.6               4677000         121300.2
16:01:31.799 INFO  ProgressMeter -        chr9:24675782             38.7               4700000         121358.0
16:01:42.005 INFO  ProgressMeter -        chr9:31533183             38.9               4724000         121444.2
16:01:52.154 INFO  ProgressMeter -        chr9:38110857             39.1               4744000         121430.3
16:02:02.367 INFO  ProgressMeter -        chr9:78932391             39.2               4772000         121617.2
16:02:12.936 INFO  ProgressMeter -        chr9:86850462             39.4               4793000         121606.4
16:02:23.047 INFO  ProgressMeter -        chr9:93555253             39.6               4815000         121644.5
16:02:33.047 INFO  ProgressMeter -       chr9:100370099             39.7               4836000         121662.8
16:02:43.161 INFO  ProgressMeter -       chr9:106488024             39.9               4856000         121650.0
16:02:53.518 INFO  ProgressMeter -       chr9:113650417             40.1               4876000         121625.2
16:03:03.889 INFO  ProgressMeter -       chr9:120399660             40.3               4900000         121699.1
16:03:14.114 INFO  ProgressMeter -       chr9:126855347             40.4               4920000         121680.8
16:03:24.585 INFO  ProgressMeter -       chr9:134329821             40.6               4940000         121650.4
16:03:35.125 INFO  ProgressMeter -       chr9:141285681             40.8               4959000         121592.3
16:03:45.439 INFO  ProgressMeter -       chr9:146854328             41.0               4979000         121570.2
16:03:55.810 INFO  ProgressMeter -        chr10:1617712             41.1               4999000         121545.6
16:04:06.135 INFO  ProgressMeter -        chr10:7428590             41.3               5022000         121596.1
16:04:16.584 INFO  ProgressMeter -       chr10:14178652             41.5               5044000         121615.9
16:04:26.679 INFO  ProgressMeter -       chr10:20244916             41.6               5067000         121676.9
16:04:37.052 INFO  ProgressMeter -       chr10:27041461             41.8               5090000         121723.8
16:04:47.355 INFO  ProgressMeter -       chr10:33262693             42.0               5112000         121750.0
16:04:57.431 INFO  ProgressMeter -       chr10:39636335             42.2               5136000         121834.3
16:05:07.583 INFO  ProgressMeter -       chr10:48226878             42.3               5162000         121961.6
16:05:17.938 INFO  ProgressMeter -       chr10:54877985             42.5               5183000         121960.4
16:05:28.254 INFO  ProgressMeter -       chr10:62001995             42.7               5205000         121984.6
16:05:38.374 INFO  ProgressMeter -       chr10:69052055             42.8               5226000         121994.5
16:05:48.898 INFO  ProgressMeter -       chr10:75064593             43.0               5246000         121962.0
16:05:58.943 INFO  ProgressMeter -       chr10:80709466             43.2               5262000         121859.7
16:06:09.234 INFO  ProgressMeter -       chr10:87173607             43.4               5284000         121885.0
16:06:19.307 INFO  ProgressMeter -       chr10:94359429             43.5               5304000         121874.4
16:06:29.389 INFO  ProgressMeter -      chr10:101456738             43.7               5323000         121840.5
16:06:39.467 INFO  ProgressMeter -      chr10:108885798             43.9               5342000         121807.1
16:06:49.870 INFO  ProgressMeter -      chr10:115682397             44.0               5363000         121804.4
16:07:00.155 INFO  ProgressMeter -      chr10:122590790             44.2               5383000         121784.6
16:07:10.497 INFO  ProgressMeter -      chr10:128521064             44.4               5403000         121762.2
16:07:20.907 INFO  ProgressMeter -      chr10:133870603             44.5               5424000         121759.4
16:07:31.016 INFO  ProgressMeter -        chr11:4306093             44.7               5444000         121747.9
16:07:41.143 INFO  ProgressMeter -       chr11:10499704             44.9               5466000         121780.2
16:07:51.681 INFO  ProgressMeter -       chr11:17637646             45.1               5485000         121727.2
16:08:01.983 INFO  ProgressMeter -       chr11:24199066             45.2               5507000         121751.5
16:08:12.438 INFO  ProgressMeter -       chr11:32365513             45.4               5529000         121768.8
16:08:22.919 INFO  ProgressMeter -       chr11:39093928             45.6               5550000         121762.8
16:08:33.427 INFO  ProgressMeter -       chr11:45942603             45.8               5572000         121777.6
16:08:43.519 INFO  ProgressMeter -       chr11:56026339             45.9               5596000         121854.2
16:08:53.601 INFO  ProgressMeter -       chr11:63121408             46.1               5615000         121822.1
16:09:03.896 INFO  ProgressMeter -       chr11:69568164             46.3               5633000         121759.4
16:09:14.135 INFO  ProgressMeter -       chr11:75466907             46.4               5652000         121721.1
16:09:24.478 INFO  ProgressMeter -       chr11:82136339             46.6               5673000         121721.5
16:09:34.875 INFO  ProgressMeter -       chr11:88756910             46.8               5694000         121719.5
16:09:44.962 INFO  ProgressMeter -       chr11:96133670             46.9               5715000         121730.9
16:09:55.322 INFO  ProgressMeter -      chr11:103161529             47.1               5738000         121773.0
16:10:05.532 INFO  ProgressMeter -      chr11:110778134             47.3               5759000         121778.9
16:10:15.927 INFO  ProgressMeter -      chr11:117737183             47.5               5778000         121734.7
16:10:25.956 INFO  ProgressMeter -      chr11:124301511             47.6               5797000         121706.4
16:10:36.318 INFO  ProgressMeter -      chr11:130790196             47.8               5817000         121685.1
16:10:46.796 INFO  ProgressMeter -        chr12:1457237             48.0               5838000         121679.8
16:10:57.016 INFO  ProgressMeter -        chr12:6973336             48.1               5856000         121623.2
16:11:07.020 INFO  ProgressMeter -       chr12:13391995             48.3               5878000         121658.8
16:11:17.180 INFO  ProgressMeter -       chr12:20745072             48.5               5899000         121667.1
16:11:27.211 INFO  ProgressMeter -       chr12:27454425             48.7               5920000         121680.6
16:11:37.338 INFO  ProgressMeter -       chr12:33904709             48.8               5942000         121710.6
16:11:47.438 INFO  ProgressMeter -       chr12:42270872             49.0               5969000         121843.5
16:11:57.510 INFO  ProgressMeter -       chr12:49078263             49.2               5989000         121834.3
16:12:07.603 INFO  ProgressMeter -       chr12:55899773             49.3               6008000         121804.0
16:12:17.731 INFO  ProgressMeter -       chr12:63503762             49.5               6028000         121792.7
16:12:27.751 INFO  ProgressMeter -       chr12:70407861             49.7               6048000         121785.8
16:12:38.080 INFO  ProgressMeter -       chr12:77972449             49.8               6070000         121806.6
16:12:48.205 INFO  ProgressMeter -       chr12:85982855             50.0               6091000         121815.5
16:12:58.592 INFO  ProgressMeter -       chr12:94183875             50.2               6112000         121813.7
16:13:09.032 INFO  ProgressMeter -      chr12:101268155             50.3               6133000         121809.8
16:13:19.219 INFO  ProgressMeter -      chr12:107989298             50.5               6153000         121796.4
16:13:29.478 INFO  ProgressMeter -      chr12:114565760             50.7               6172000         121760.4
16:13:39.485 INFO  ProgressMeter -      chr12:121066007             50.9               6192000         121754.3
16:13:49.593 INFO  ProgressMeter -      chr12:127216663             51.0               6212000         121744.3
16:13:59.723 INFO  ProgressMeter -      chr12:132630114             51.2               6234000         121772.5
16:14:09.980 INFO  ProgressMeter -       chr13:22694413             51.4               6258000         121834.5
16:14:20.182 INFO  ProgressMeter -       chr13:28819864             51.5               6279000         121840.0
16:14:30.673 INFO  ProgressMeter -       chr13:36290918             51.7               6300000         121834.2
16:14:40.910 INFO  ProgressMeter -       chr13:43737083             51.9               6321000         121838.2
16:14:50.972 INFO  ProgressMeter -       chr13:50783010             52.0               6341000         121829.9
16:15:01.102 INFO  ProgressMeter -       chr13:59504135             52.2               6361000         121819.0
16:15:11.351 INFO  ProgressMeter -       chr13:67331392             52.4               6385000         121879.9
16:15:21.789 INFO  ProgressMeter -       chr13:75166919             52.6               6408000         121914.1
16:15:32.136 INFO  ProgressMeter -       chr13:83336701             52.7               6430000         121932.6
16:15:42.250 INFO  ProgressMeter -       chr13:91409192             52.9               6453000         121978.9
16:15:52.532 INFO  ProgressMeter -       chr13:98630425             53.1               6474000         121980.7
16:16:02.577 INFO  ProgressMeter -      chr13:105521164             53.2               6496000         122010.4
16:16:12.856 INFO  ProgressMeter -      chr13:111893434             53.4               6518000         122030.9
16:16:23.158 INFO  ProgressMeter -       chr14:16841009             53.6               6541000         122069.1
16:16:33.583 INFO  ProgressMeter -       chr14:24159352             53.8               6563000         122083.8
16:16:43.693 INFO  ProgressMeter -       chr14:30965686             53.9               6583000         122073.3
16:16:53.888 INFO  ProgressMeter -       chr14:38245185             54.1               6607000         122133.4
16:17:04.042 INFO  ProgressMeter -       chr14:45764872             54.3               6629000         122158.0
16:17:14.511 INFO  ProgressMeter -       chr14:53114598             54.4               6650000         122152.2
16:17:24.619 INFO  ProgressMeter -       chr14:60103440             54.6               6670000         122141.6
16:17:35.053 INFO  ProgressMeter -       chr14:66679860             54.8               6689000         122100.7
16:17:45.130 INFO  ProgressMeter -       chr14:72815706             55.0               6708000         122073.3
16:17:55.506 INFO  ProgressMeter -       chr14:80087263             55.1               6730000         122089.4
16:18:05.973 INFO  ProgressMeter -       chr14:86847041             55.3               6751000         122084.1
16:18:16.320 INFO  ProgressMeter -       chr14:92915244             55.5               6771000         122065.0
16:18:26.437 INFO  ProgressMeter -       chr14:98590150             55.6               6790000         122036.6
16:18:36.442 INFO  ProgressMeter -       chr15:19915143             55.8               6814000         122102.0
16:18:46.610 INFO  ProgressMeter -       chr15:26079361             56.0               6838000         122161.1
16:18:56.860 INFO  ProgressMeter -       chr15:32377982             56.1               6860000         122181.2
16:19:07.286 INFO  ProgressMeter -       chr15:39717952             56.3               6881000         122177.1
16:19:17.538 INFO  ProgressMeter -       chr15:47033365             56.5               6901000         122161.6
16:19:27.813 INFO  ProgressMeter -       chr15:53581351             56.7               6923000         122180.7
16:19:37.996 INFO  ProgressMeter -       chr15:60138803             56.8               6943000         122167.7
16:19:48.416 INFO  ProgressMeter -       chr15:67207256             57.0               6962000         122128.9
16:19:58.822 INFO  ProgressMeter -       chr15:74593706             57.2               6980000         122073.3
16:20:09.384 INFO  ProgressMeter -       chr15:81283975             57.4               7000000         122047.3
16:20:19.478 INFO  ProgressMeter -       chr15:87692874             57.5               7020000         122038.0
16:20:29.728 INFO  ProgressMeter -       chr15:93895250             57.7               7042000         122058.0
16:20:39.858 INFO  ProgressMeter -          chr16:86308             57.9               7064000         122082.0
16:20:50.061 INFO  ProgressMeter -        chr16:5081107             58.0               7083000         122051.7
16:21:00.348 INFO  ProgressMeter -        chr16:9185546             58.2               7106000         122087.3
16:21:10.658 INFO  ProgressMeter -       chr16:15066196             58.4               7128000         122104.9
16:21:20.942 INFO  ProgressMeter -       chr16:22387399             58.5               7149000         122106.1
16:21:31.379 INFO  ProgressMeter -       chr16:29611932             58.7               7170000         122102.0
16:21:41.397 INFO  ProgressMeter -       chr16:54126419             58.9               7193000         122146.3
16:21:51.443 INFO  ProgressMeter -       chr16:60872007             59.1               7212000         122121.8
16:22:01.514 INFO  ProgressMeter -       chr16:67453001             59.2               7232000         122113.3
16:22:11.559 INFO  ProgressMeter -       chr16:74712510             59.4               7251000         122089.1
16:22:21.747 INFO  ProgressMeter -       chr16:81778346             59.6               7271000         122076.8
16:22:31.778 INFO  ProgressMeter -       chr16:86676648             59.7               7294000         122120.1
16:22:42.051 INFO  ProgressMeter -       chr16:91187350             59.9               7317000         122155.1
16:22:52.419 INFO  ProgressMeter -       chr16:95568291             60.1               7338000         122153.2
16:23:02.508 INFO  ProgressMeter -        chr17:4421896             60.2               7359000         122160.9
16:23:13.031 INFO  ProgressMeter -       chr17:10622455             60.4               7380000         122153.8
16:23:23.141 INFO  ProgressMeter -       chr17:16929240             60.6               7402000         122177.2
16:23:33.489 INFO  ProgressMeter -       chr17:28108778             60.8               7425000         122209.0
16:23:43.837 INFO  ProgressMeter -       chr17:35471286             60.9               7444000         122174.9
16:23:53.853 INFO  ProgressMeter -       chr17:42231431             61.1               7463000         122152.1
16:24:04.119 INFO  ProgressMeter -       chr17:48512367             61.3               7481000         122104.7
16:24:14.228 INFO  ProgressMeter -       chr17:55903558             61.4               7500000         122079.1
16:24:24.496 INFO  ProgressMeter -       chr17:63172967             61.6               7519000         122048.4
16:24:34.781 INFO  ProgressMeter -       chr17:70031043             61.8               7539000         122033.5
16:24:44.986 INFO  ProgressMeter -       chr17:76595786             61.9               7559000         122021.3
16:24:55.539 INFO  ProgressMeter -       chr17:81831621             62.1               7579000         121997.8
16:25:05.560 INFO  ProgressMeter -        chr18:3495695             62.3               7600000         122007.8
16:25:15.766 INFO  ProgressMeter -        chr18:9704099             62.5               7622000         122027.8
16:25:25.859 INFO  ProgressMeter -       chr18:15510140             62.6               7644000         122051.3
16:25:36.042 INFO  ProgressMeter -       chr18:28519998             62.8               7664000         122039.9
16:25:46.357 INFO  ProgressMeter -       chr18:36172484             63.0               7685000         122040.2
16:25:56.404 INFO  ProgressMeter -       chr18:43953664             63.1               7705000         122033.3
16:26:06.699 INFO  ProgressMeter -       chr18:50428406             63.3               7724000         122002.7
16:26:16.746 INFO  ProgressMeter -       chr18:57426490             63.5               7744000         121995.9
16:26:27.027 INFO  ProgressMeter -       chr18:64074421             63.6               7765000         121997.4
16:26:37.357 INFO  ProgressMeter -       chr18:71455648             63.8               7789000         122044.4
16:26:47.726 INFO  ProgressMeter -       chr18:77811508             64.0               7812000         122074.2
16:26:58.083 INFO  ProgressMeter -        chr19:2476668             64.2               7834000         122088.7
16:27:08.415 INFO  ProgressMeter -        chr19:7885672             64.3               7856000         122103.8
16:27:18.752 INFO  ProgressMeter -       chr19:14094455             64.5               7877000         122103.3
16:27:29.171 INFO  ProgressMeter -       chr19:20254611             64.7               7897000         122084.7
16:27:39.339 INFO  ProgressMeter -       chr19:31324213             64.9               7923000         122166.6
16:27:49.535 INFO  ProgressMeter -       chr19:37607395             65.0               7944000         122170.2
16:27:59.886 INFO  ProgressMeter -       chr19:44350885             65.2               7964000         122153.7
16:28:10.281 INFO  ProgressMeter -       chr19:50593237             65.4               7985000         122151.2
16:28:20.774 INFO  ProgressMeter -       chr19:56323579             65.5               8008000         122176.2
16:28:31.017 INFO  ProgressMeter -       chr19:61680435             65.7               8032000         122224.1
16:28:41.386 INFO  ProgressMeter -        chr20:6245330             65.9               8054000         122237.4
16:28:51.482 INFO  ProgressMeter -       chr20:13057300             66.1               8075000         122243.9
16:29:01.993 INFO  ProgressMeter -       chr20:19700030             66.2               8096000         122237.6
16:29:12.067 INFO  ProgressMeter -       chr20:25939728             66.4               8116000         122229.7
16:29:22.309 INFO  ProgressMeter -       chr20:38082281             66.6               8139000         122261.9
16:29:32.740 INFO  ProgressMeter -       chr20:45066880             66.7               8158000         122228.1
16:29:43.028 INFO  ProgressMeter -       chr20:51448498             66.9               8178000         122213.7
16:29:53.141 INFO  ProgressMeter -       chr20:57856503             67.1               8200000         122234.6
16:30:03.217 INFO  ProgressMeter -       chr20:63509822             67.3               8220000         122226.8
16:30:13.228 INFO  ProgressMeter -       chr21:12273335             67.4               8245000         122295.1
16:30:23.635 INFO  ProgressMeter -       chr21:19324670             67.6               8270000         122351.2
16:30:34.007 INFO  ProgressMeter -       chr21:26496443             67.8               8295000         122407.9
16:30:44.370 INFO  ProgressMeter -       chr21:33382838             67.9               8316000         122405.8
16:30:54.472 INFO  ProgressMeter -       chr21:39636715             68.1               8336000         122396.9
16:31:04.816 INFO  ProgressMeter -       chr21:44900467             68.3               8355000         122366.1
16:31:14.824 INFO  ProgressMeter -       chr22:19541532             68.4               8382000         122462.4
16:31:25.359 INFO  ProgressMeter -       chr22:25110936             68.6               8403000         122455.1
16:31:35.491 INFO  ProgressMeter -       chr22:31108995             68.8               8423000         122445.2
16:31:45.724 INFO  ProgressMeter -       chr22:36970255             69.0               8443000         122432.4
16:31:55.833 INFO  ProgressMeter -       chr22:43168933             69.1               8461000         122394.4
16:32:06.123 INFO  ProgressMeter -       chr22:48302036             69.3               8481000         122380.1
16:32:16.278 INFO  ProgressMeter -         chrX:1577045             69.5               8507000         122456.2
16:32:26.539 INFO  ProgressMeter -        chrX:13723312             69.6               8538000         122600.6
16:32:36.734 INFO  ProgressMeter -        chrX:28823393             69.8               8569000         122746.3
16:32:47.131 INFO  ProgressMeter -        chrX:41690074             70.0               8599000         122871.0
16:32:57.249 INFO  ProgressMeter -        chrX:61546512             70.2               8627000         122974.8
16:33:07.455 INFO  ProgressMeter -        chrX:77646023             70.3               8656000         123089.7
16:33:17.527 INFO  ProgressMeter -        chrX:91629273             70.5               8691000         123293.1
16:33:27.572 INFO  ProgressMeter -       chrX:107165173             70.7               8722000         123439.8
16:33:37.655 INFO  ProgressMeter -       chrX:121664037             70.8               8754000         123598.6
16:33:47.903 INFO  ProgressMeter -       chrX:137873251             71.0               8784000         123723.9
16:33:58.036 INFO  ProgressMeter -       chrX:151652854             71.2               8817000         123894.0
16:34:05.459 INFO  GetPileupSummaries - 0 read(s) filtered by: MappingQualityAvailableReadFilter 
4428200 read(s) filtered by: MappingQualityNotZeroReadFilter 
0 read(s) filtered by: MappedReadFilter 
217181 read(s) filtered by: PrimaryLineReadFilter 
64630737 read(s) filtered by: NotDuplicateReadFilter 
0 read(s) filtered by: PassesVendorQualityCheckReadFilter 
0 read(s) filtered by: NonZeroReferenceLengthAlignmentReadFilter 
2552639 read(s) filtered by: MateOnSameContigOrNoMappedMateReadFilter 
0 read(s) filtered by: GoodCigarReadFilter 
0 read(s) filtered by: WellformedReadFilter 
71828757 total reads filtered out of 352970765 reads processed
16:34:05.459 INFO  ProgressMeter -        chrY:18232567             71.3               8827739         123829.6
16:34:05.459 INFO  ProgressMeter - Traversal complete. Processed 8827739 total loci in 71.3 minutes.
16:34:05.460 INFO  GetPileupSummaries - Shutting down engine
[July 14, 2024 at 4:34:05 PM CEST] org.broadinstitute.hellbender.tools.walkers.contamination.GetPileupSummaries done. Elapsed time: 72.69 minutes.
Runtime.totalMemory()=4596957184
Tool returned:
SUCCESS
