
Attaching package: ‘Matrix’

The following object is masked from ‘package:S4Vectors’:

    expand

The following objects are masked from ‘package:tidyr’:

    expand, pack, unpack


Attaching package: ‘MatrixGenerics’

The following objects are masked from ‘package:matrixStats’:

    colAlls, colAnyNAs, colAnys, colAvgsPerRowSet, colCollapse,
    colCounts, colCummaxs, colCummins, colCumprods, colCumsums,
    colDiffs, colIQRDiffs, colIQRs, colLogSumExps, colMadDiffs,
    colMads, colMaxs, colMeans2, colMedians, colMins, colOrderStats,
    colProds, colQuantiles, colRanges, colRanks, colSdDiffs, colSds,
    colSums2, colTabulates, colVarDiffs, colVars, colWeightedMads,
    colWeightedMeans, colWeightedMedians, colWeightedSds,
    colWeightedVars, rowAlls, rowAnyNAs, rowAnys, rowAvgsPerColSet,
    rowCollapse, rowCounts, rowCummaxs, rowCummins, rowCumprods,
    rowCumsums, rowDiffs, rowIQRDiffs, rowIQRs, rowLogSumExps,
    rowMadDiffs, rowMads, rowMaxs, rowMeans2, rowMedians, rowMins,
    rowOrderStats, rowProds, rowQuantiles, rowRanges, rowRanks,
    rowSdDiffs, rowSds, rowSums2, rowTabulates, rowVarDiffs, rowVars,
    rowWeightedMads, rowWeightedMeans, rowWeightedMedians,
    rowWeightedSds, rowWeightedVars


Attaching package: ‘S4Arrays’

The following object is masked from ‘package:abind’:

    abind

The following object is masked from ‘package:base’:

    rowsum

Test passed 🎊
Test passed 😸
Loading required package: BSgenome
Loading required package: BiocIO

Attaching package: ‘BiocIO’

The following object is masked from ‘package:rtracklayer’:

    FileForFormat

2024-07-09 21:59:14.986216 Reading results/gridss/P066/P066_all_calls.vcf
Tumour samples: P066_tumor
Matched normals: P066_normal
2024-07-09 22:00:13.941748 Parsing single breakends results/gridss/P066/P066_all_calls.vcf
2024-07-09 22:00:21.495288 Calculating single breakend VAF results/gridss/P066/P066_all_calls.vcf
2024-07-09 22:00:26.581335 Filtering single breakends results/gridss/P066/P066_all_calls.vcf
2024-07-09 22:00:27.245308 Loading from cache  results/gridss/pondir//gridss_pon_single_breakend.bed.cached.parsed.rds
2024-07-09 22:00:30.973749 Parsing breakpoints results/gridss/P066/P066_all_calls.vcf
2024-07-09 22:00:32.815637 Calculating breakpoint VAF results/gridss/P066/P066_all_calls.vcf
2024-07-09 22:00:33.975052 Filtering breakpoints results/gridss/P066/P066_all_calls.vcf
2024-07-09 22:00:34.568782 Loading from cache  results/gridss/pondir//gridss_pon_breakpoint.bedpe.cached.parsed.rds
Warning message:
In .merge_two_Seqinfo_objects(x, y) :
  The 2 combined objects have no sequence levels in common. (Use
  suppressWarnings() to suppress this warning.)
2024-07-09 22:00:42.216398 Calculating transitive links results/gridss/P066/P066_all_calls.vcf
2024-07-09 22:00:46.276153 Calculating assembly links results/gridss/P066/P066_all_calls.vcf
2024-07-09 22:00:47.507245 Calculating bebe insertion links results/gridss/P066/P066_all_calls.vcf
2024-07-09 22:00:47.663577 Calculating bebp insertion links results/gridss/P066/P066_all_calls.vcf
2024-07-09 22:00:47.81646 Calculating simple inversions results/gridss/P066/P066_all_calls.vcf
2024-07-09 22:00:48.093153 Calculating dsb links results/gridss/P066/P066_all_calls.vcf
2024-07-09 22:00:48.322296 Removing duplicated/conflicting links results/gridss/P066/P066_all_calls.vcf
Warning message:
There were 2 warnings in `mutate()`.
The first warning was:
ℹ In argument: `max_supporting_fragment_count = max(...)`.
Caused by warning in `max()`:
! no non-missing arguments to max; returning -Inf
ℹ Run `dplyr::last_dplyr_warnings()` to see the 1 remaining warning. 
2024-07-09 22:00:48.554312 Calculating final linkage annotation results/gridss/P066/P066_all_calls.vcf
Warning messages:
1: In get_partner_anchor_sequence(gr, anchor_bases, bsgenome) :
  Ignoring contigs not in reference genome:  chr1 Ignoring contigs not in reference genome:  chr2 Ignoring contigs not in reference genome:  chr3 Ignoring contigs not in reference genome:  chr4 Ignoring contigs not in reference genome:  chr5 Ignoring contigs not in reference genome:  chr6 Ignoring contigs not in reference genome:  chr7 Ignoring contigs not in reference genome:  chr8 Ignoring contigs not in reference genome:  chr9 Ignoring contigs not in reference genome:  chr10 Ignoring contigs not in reference genome:  chr11 Ignoring contigs not in reference genome:  chr12 Ignoring contigs not in reference genome:  chr13 Ignoring contigs not in reference genome:  chr14 Ignoring contigs not in reference genome:  chr15 Ignoring contigs not in reference genome:  chr16 Ignoring contigs not in reference genome:  chr17 Ignoring contigs not in reference genome:  chr18 Ignoring contigs not in reference genome:  chr19 Ignoring contigs not in reference genome:  chr20 Ignoring contigs not in refer [... truncated]
2: In .merge_two_Seqinfo_objects(x, y) :
  The 2 combined objects have no sequence levels in common. (Use
  suppressWarnings() to suppress this warning.)
2024-07-09 22:00:50.161637 Final qual filtering  results/gridss/P066/P066_high_confidence_somatic.vcf.bgz
2024-07-09 22:00:50.359606 Writing  results/gridss/P066/P066_high_confidence_somatic.vcf.bgz
2024-07-09 22:00:50.804932 Writing  results/gridss/P066/P066_high_and_low_confidence_somatic.vcf.bgz
