Sep 27, 2024 2:52:32 PM com.intel.gkl.NativeLibraryLoader load
INFO: Loading libgkl_compression.so from jar:file:/lustre1/project/stg_00096/home/rdewin/system/miniconda/envs/RNA/share/picard-3.1.1-0/picard.jar!/com/intel/gkl/native/libgkl_compression.so
[Fri Sep 27 14:52:32 CEST 2024] AddOrReplaceReadGroups --INPUT results/star/P041/P041_Aligned.sortedByCoord.out.bam --OUTPUT results/star/P041/P041_Aligned.sortedByCoord.withRG.bam --RGID P041 --RGLB lib1 --RGPL illumina --RGPU unit1 --RGSM P041 --VERBOSITY INFO --QUIET false --VALIDATION_STRINGENCY STRICT --COMPRESSION_LEVEL 5 --MAX_RECORDS_IN_RAM 500000 --CREATE_INDEX false --CREATE_MD5_FILE false --help false --version false --showHidden false --USE_JDK_DEFLATER false --USE_JDK_INFLATER false
[Fri Sep 27 14:52:32 CEST 2024] Executing as vsc35407@i28l17 on Linux 4.18.0-513.24.1.el8_9.x86_64 amd64; OpenJDK 64-Bit Server VM 17.0.10-internal+0-adhoc..src; Deflater: Intel; Inflater: Intel; Provider GCS is available; Picard version: Version:3.1.1
INFO	2024-09-27 14:52:32	AddOrReplaceReadGroups	Created read-group ID=P041 PL=illumina LB=lib1 SM=P041

INFO	2024-09-27 14:52:48	AddOrReplaceReadGroups	Processed     1,000,000 records.  Elapsed time: 00:00:16s.  Time for last 1,000,000:   16s.  Last read position: chr1:28,171,709
INFO	2024-09-27 14:53:02	AddOrReplaceReadGroups	Processed     2,000,000 records.  Elapsed time: 00:00:30s.  Time for last 1,000,000:   14s.  Last read position: chr1:37,674,831
INFO	2024-09-27 14:53:22	AddOrReplaceReadGroups	Processed     3,000,000 records.  Elapsed time: 00:00:50s.  Time for last 1,000,000:   19s.  Last read position: chr1:44,690,586
INFO	2024-09-27 14:53:41	AddOrReplaceReadGroups	Processed     4,000,000 records.  Elapsed time: 00:01:08s.  Time for last 1,000,000:   18s.  Last read position: chr1:77,645,807
INFO	2024-09-27 14:53:55	AddOrReplaceReadGroups	Processed     5,000,000 records.  Elapsed time: 00:01:23s.  Time for last 1,000,000:   14s.  Last read position: chr1:109,133,156
INFO	2024-09-27 14:54:05	AddOrReplaceReadGroups	Processed     6,000,000 records.  Elapsed time: 00:01:33s.  Time for last 1,000,000:   10s.  Last read position: chr1:144,956,466
INFO	2024-09-27 14:54:15	AddOrReplaceReadGroups	Processed     7,000,000 records.  Elapsed time: 00:01:42s.  Time for last 1,000,000:    9s.  Last read position: chr1:148,984,959
INFO	2024-09-27 14:54:24	AddOrReplaceReadGroups	Processed     8,000,000 records.  Elapsed time: 00:01:51s.  Time for last 1,000,000:    9s.  Last read position: chr1:153,412,623
INFO	2024-09-27 14:54:34	AddOrReplaceReadGroups	Processed     9,000,000 records.  Elapsed time: 00:02:01s.  Time for last 1,000,000:   10s.  Last read position: chr1:167,426,978
INFO	2024-09-27 14:54:44	AddOrReplaceReadGroups	Processed    10,000,000 records.  Elapsed time: 00:02:12s.  Time for last 1,000,000:   10s.  Last read position: chr1:197,032,314
INFO	2024-09-27 14:54:55	AddOrReplaceReadGroups	Processed    11,000,000 records.  Elapsed time: 00:02:22s.  Time for last 1,000,000:   10s.  Last read position: chr1:211,690,562
INFO	2024-09-27 14:55:05	AddOrReplaceReadGroups	Processed    12,000,000 records.  Elapsed time: 00:02:32s.  Time for last 1,000,000:   10s.  Last read position: chr1:235,998,264
INFO	2024-09-27 14:55:16	AddOrReplaceReadGroups	Processed    13,000,000 records.  Elapsed time: 00:02:43s.  Time for last 1,000,000:   10s.  Last read position: chr2:26,208,711
INFO	2024-09-27 14:55:26	AddOrReplaceReadGroups	Processed    14,000,000 records.  Elapsed time: 00:02:54s.  Time for last 1,000,000:   10s.  Last read position: chr2:60,905,758
INFO	2024-09-27 14:55:37	AddOrReplaceReadGroups	Processed    15,000,000 records.  Elapsed time: 00:03:04s.  Time for last 1,000,000:   10s.  Last read position: chr2:95,913,511
INFO	2024-09-27 14:55:47	AddOrReplaceReadGroups	Processed    16,000,000 records.  Elapsed time: 00:03:15s.  Time for last 1,000,000:   10s.  Last read position: chr2:128,702,188
INFO	2024-09-27 14:55:59	AddOrReplaceReadGroups	Processed    17,000,000 records.  Elapsed time: 00:03:26s.  Time for last 1,000,000:   11s.  Last read position: chr2:190,150,827
INFO	2024-09-27 14:56:09	AddOrReplaceReadGroups	Processed    18,000,000 records.  Elapsed time: 00:03:36s.  Time for last 1,000,000:   10s.  Last read position: chr2:216,982,421
INFO	2024-09-27 14:56:19	AddOrReplaceReadGroups	Processed    19,000,000 records.  Elapsed time: 00:03:47s.  Time for last 1,000,000:   10s.  Last read position: chr3:12,599,052
INFO	2024-09-27 14:56:28	AddOrReplaceReadGroups	Processed    20,000,000 records.  Elapsed time: 00:03:56s.  Time for last 1,000,000:    9s.  Last read position: chr3:23,924,834
INFO	2024-09-27 14:56:39	AddOrReplaceReadGroups	Processed    21,000,000 records.  Elapsed time: 00:04:06s.  Time for last 1,000,000:   10s.  Last read position: chr3:47,745,819
INFO	2024-09-27 14:56:49	AddOrReplaceReadGroups	Processed    22,000,000 records.  Elapsed time: 00:04:17s.  Time for last 1,000,000:   10s.  Last read position: chr3:87,329,408
INFO	2024-09-27 14:57:00	AddOrReplaceReadGroups	Processed    23,000,000 records.  Elapsed time: 00:04:27s.  Time for last 1,000,000:   10s.  Last read position: chr3:132,333,889
INFO	2024-09-27 14:57:11	AddOrReplaceReadGroups	Processed    24,000,000 records.  Elapsed time: 00:04:38s.  Time for last 1,000,000:   10s.  Last read position: chr3:161,603,277
INFO	2024-09-27 14:57:22	AddOrReplaceReadGroups	Processed    25,000,000 records.  Elapsed time: 00:04:49s.  Time for last 1,000,000:   10s.  Last read position: chr3:198,795,594
INFO	2024-09-27 14:57:32	AddOrReplaceReadGroups	Processed    26,000,000 records.  Elapsed time: 00:05:00s.  Time for last 1,000,000:   10s.  Last read position: chr4:39,427,241
INFO	2024-09-27 14:57:44	AddOrReplaceReadGroups	Processed    27,000,000 records.  Elapsed time: 00:05:11s.  Time for last 1,000,000:   11s.  Last read position: chr4:99,104,033
INFO	2024-09-27 14:57:55	AddOrReplaceReadGroups	Processed    28,000,000 records.  Elapsed time: 00:05:22s.  Time for last 1,000,000:   11s.  Last read position: chr4:154,424,881
INFO	2024-09-27 14:58:06	AddOrReplaceReadGroups	Processed    29,000,000 records.  Elapsed time: 00:05:33s.  Time for last 1,000,000:   10s.  Last read position: chr5:33,573,295
INFO	2024-09-27 14:58:16	AddOrReplaceReadGroups	Processed    30,000,000 records.  Elapsed time: 00:05:44s.  Time for last 1,000,000:   10s.  Last read position: chr5:73,986,548
INFO	2024-09-27 14:58:27	AddOrReplaceReadGroups	Processed    31,000,000 records.  Elapsed time: 00:05:55s.  Time for last 1,000,000:   10s.  Last read position: chr5:135,862,000
INFO	2024-09-27 14:58:38	AddOrReplaceReadGroups	Processed    32,000,000 records.  Elapsed time: 00:06:05s.  Time for last 1,000,000:   10s.  Last read position: chr5:181,802,153
INFO	2024-09-27 14:58:48	AddOrReplaceReadGroups	Processed    33,000,000 records.  Elapsed time: 00:06:16s.  Time for last 1,000,000:   10s.  Last read position: chr6:25,972,219
INFO	2024-09-27 14:58:57	AddOrReplaceReadGroups	Processed    34,000,000 records.  Elapsed time: 00:06:25s.  Time for last 1,000,000:    9s.  Last read position: chr6:30,357,767
INFO	2024-09-27 14:59:07	AddOrReplaceReadGroups	Processed    35,000,000 records.  Elapsed time: 00:06:34s.  Time for last 1,000,000:    9s.  Last read position: chr6:34,245,595
INFO	2024-09-27 14:59:16	AddOrReplaceReadGroups	Processed    36,000,000 records.  Elapsed time: 00:06:44s.  Time for last 1,000,000:    9s.  Last read position: chr6:52,835,200
INFO	2024-09-27 14:59:24	AddOrReplaceReadGroups	Processed    37,000,000 records.  Elapsed time: 00:06:52s.  Time for last 1,000,000:    7s.  Last read position: chr6:52,835,328
INFO	2024-09-27 14:59:34	AddOrReplaceReadGroups	Processed    38,000,000 records.  Elapsed time: 00:07:01s.  Time for last 1,000,000:    9s.  Last read position: chr6:74,696,036
INFO	2024-09-27 14:59:43	AddOrReplaceReadGroups	Processed    39,000,000 records.  Elapsed time: 00:07:11s.  Time for last 1,000,000:    9s.  Last read position: chr6:97,783,453
INFO	2024-09-27 14:59:54	AddOrReplaceReadGroups	Processed    40,000,000 records.  Elapsed time: 00:07:21s.  Time for last 1,000,000:   10s.  Last read position: chr6:150,610,605
INFO	2024-09-27 15:00:04	AddOrReplaceReadGroups	Processed    41,000,000 records.  Elapsed time: 00:07:32s.  Time for last 1,000,000:   10s.  Last read position: chr7:6,022,918
INFO	2024-09-27 15:00:15	AddOrReplaceReadGroups	Processed    42,000,000 records.  Elapsed time: 00:07:43s.  Time for last 1,000,000:   10s.  Last read position: chr7:45,146,199
INFO	2024-09-27 15:00:26	AddOrReplaceReadGroups	Processed    43,000,000 records.  Elapsed time: 00:07:53s.  Time for last 1,000,000:   10s.  Last read position: chr7:93,877,957
INFO	2024-09-27 15:00:37	AddOrReplaceReadGroups	Processed    44,000,000 records.  Elapsed time: 00:08:04s.  Time for last 1,000,000:   10s.  Last read position: chr7:134,356,424
INFO	2024-09-27 15:00:47	AddOrReplaceReadGroups	Processed    45,000,000 records.  Elapsed time: 00:08:14s.  Time for last 1,000,000:   10s.  Last read position: chr7:159,985,782
INFO	2024-09-27 15:00:58	AddOrReplaceReadGroups	Processed    46,000,000 records.  Elapsed time: 00:08:25s.  Time for last 1,000,000:   10s.  Last read position: chr8:33,819,464
INFO	2024-09-27 15:01:08	AddOrReplaceReadGroups	Processed    47,000,000 records.  Elapsed time: 00:08:36s.  Time for last 1,000,000:   10s.  Last read position: chr8:70,470,761
INFO	2024-09-27 15:01:19	AddOrReplaceReadGroups	Processed    48,000,000 records.  Elapsed time: 00:08:46s.  Time for last 1,000,000:   10s.  Last read position: chr8:102,328,260
INFO	2024-09-27 15:01:29	AddOrReplaceReadGroups	Processed    49,000,000 records.  Elapsed time: 00:08:57s.  Time for last 1,000,000:   10s.  Last read position: chr8:144,974,575
INFO	2024-09-27 15:01:39	AddOrReplaceReadGroups	Processed    50,000,000 records.  Elapsed time: 00:09:07s.  Time for last 1,000,000:    9s.  Last read position: chr9:19,391,649
INFO	2024-09-27 15:01:48	AddOrReplaceReadGroups	Processed    51,000,000 records.  Elapsed time: 00:09:15s.  Time for last 1,000,000:    8s.  Last read position: chr9:35,678,503
INFO	2024-09-27 15:01:59	AddOrReplaceReadGroups	Processed    52,000,000 records.  Elapsed time: 00:09:26s.  Time for last 1,000,000:   10s.  Last read position: chr9:101,543,218
INFO	2024-09-27 15:02:09	AddOrReplaceReadGroups	Processed    53,000,000 records.  Elapsed time: 00:09:37s.  Time for last 1,000,000:   10s.  Last read position: chr9:139,656,252
INFO	2024-09-27 15:02:20	AddOrReplaceReadGroups	Processed    54,000,000 records.  Elapsed time: 00:09:47s.  Time for last 1,000,000:   10s.  Last read position: chr10:1,174,764
INFO	2024-09-27 15:02:30	AddOrReplaceReadGroups	Processed    55,000,000 records.  Elapsed time: 00:09:58s.  Time for last 1,000,000:   10s.  Last read position: chr10:50,729,399
INFO	2024-09-27 15:02:41	AddOrReplaceReadGroups	Processed    56,000,000 records.  Elapsed time: 00:10:09s.  Time for last 1,000,000:   10s.  Last read position: chr10:95,916,114
INFO	2024-09-27 15:02:52	AddOrReplaceReadGroups	Processed    57,000,000 records.  Elapsed time: 00:10:20s.  Time for last 1,000,000:   10s.  Last read position: chr11:248,935
INFO	2024-09-27 15:03:02	AddOrReplaceReadGroups	Processed    58,000,000 records.  Elapsed time: 00:10:30s.  Time for last 1,000,000:   10s.  Last read position: chr11:17,175,063
INFO	2024-09-27 15:03:13	AddOrReplaceReadGroups	Processed    59,000,000 records.  Elapsed time: 00:10:40s.  Time for last 1,000,000:   10s.  Last read position: chr11:61,952,835
INFO	2024-09-27 15:03:23	AddOrReplaceReadGroups	Processed    60,000,000 records.  Elapsed time: 00:10:50s.  Time for last 1,000,000:    9s.  Last read position: chr11:66,176,028
INFO	2024-09-27 15:03:33	AddOrReplaceReadGroups	Processed    61,000,000 records.  Elapsed time: 00:11:01s.  Time for last 1,000,000:   10s.  Last read position: chr11:95,833,464
INFO	2024-09-27 15:03:44	AddOrReplaceReadGroups	Processed    62,000,000 records.  Elapsed time: 00:11:11s.  Time for last 1,000,000:   10s.  Last read position: chr11:130,297,592
INFO	2024-09-27 15:03:54	AddOrReplaceReadGroups	Processed    63,000,000 records.  Elapsed time: 00:11:21s.  Time for last 1,000,000:    9s.  Last read position: chr12:11,653,900
INFO	2024-09-27 15:04:04	AddOrReplaceReadGroups	Processed    64,000,000 records.  Elapsed time: 00:11:32s.  Time for last 1,000,000:   10s.  Last read position: chr12:49,715,263
INFO	2024-09-27 15:04:14	AddOrReplaceReadGroups	Processed    65,000,000 records.  Elapsed time: 00:11:42s.  Time for last 1,000,000:   10s.  Last read position: chr12:57,935,157
INFO	2024-09-27 15:04:25	AddOrReplaceReadGroups	Processed    66,000,000 records.  Elapsed time: 00:11:53s.  Time for last 1,000,000:   11s.  Last read position: chr12:109,827,336
INFO	2024-09-27 15:04:35	AddOrReplaceReadGroups	Processed    67,000,000 records.  Elapsed time: 00:12:03s.  Time for last 1,000,000:   10s.  Last read position: chr12:122,217,397
INFO	2024-09-27 15:04:45	AddOrReplaceReadGroups	Processed    68,000,000 records.  Elapsed time: 00:12:13s.  Time for last 1,000,000:    9s.  Last read position: chr13:18,922,712
INFO	2024-09-27 15:04:56	AddOrReplaceReadGroups	Processed    69,000,000 records.  Elapsed time: 00:12:23s.  Time for last 1,000,000:   10s.  Last read position: chr13:44,560,070
INFO	2024-09-27 15:05:06	AddOrReplaceReadGroups	Processed    70,000,000 records.  Elapsed time: 00:12:34s.  Time for last 1,000,000:   10s.  Last read position: chr13:97,229,257
INFO	2024-09-27 15:05:16	AddOrReplaceReadGroups	Processed    71,000,000 records.  Elapsed time: 00:12:43s.  Time for last 1,000,000:    9s.  Last read position: chr14:14,810,420
INFO	2024-09-27 15:05:26	AddOrReplaceReadGroups	Processed    72,000,000 records.  Elapsed time: 00:12:54s.  Time for last 1,000,000:   10s.  Last read position: chr14:43,784,840
INFO	2024-09-27 15:05:35	AddOrReplaceReadGroups	Processed    73,000,000 records.  Elapsed time: 00:13:02s.  Time for last 1,000,000:    8s.  Last read position: chr14:43,784,945
INFO	2024-09-27 15:05:43	AddOrReplaceReadGroups	Processed    74,000,000 records.  Elapsed time: 00:13:10s.  Time for last 1,000,000:    8s.  Last read position: chr14:44,067,902
INFO	2024-09-27 15:05:53	AddOrReplaceReadGroups	Processed    75,000,000 records.  Elapsed time: 00:13:21s.  Time for last 1,000,000:   10s.  Last read position: chr14:68,749,536
INFO	2024-09-27 15:06:04	AddOrReplaceReadGroups	Processed    76,000,000 records.  Elapsed time: 00:13:31s.  Time for last 1,000,000:   10s.  Last read position: chr14:100,388,820
INFO	2024-09-27 15:06:15	AddOrReplaceReadGroups	Processed    77,000,000 records.  Elapsed time: 00:13:42s.  Time for last 1,000,000:   10s.  Last read position: chr15:42,485,431
INFO	2024-09-27 15:06:25	AddOrReplaceReadGroups	Processed    78,000,000 records.  Elapsed time: 00:13:53s.  Time for last 1,000,000:   10s.  Last read position: chr15:66,642,361
INFO	2024-09-27 15:06:36	AddOrReplaceReadGroups	Processed    79,000,000 records.  Elapsed time: 00:14:04s.  Time for last 1,000,000:   10s.  Last read position: chr16:202,002
INFO	2024-09-27 15:06:46	AddOrReplaceReadGroups	Processed    80,000,000 records.  Elapsed time: 00:14:14s.  Time for last 1,000,000:   10s.  Last read position: chr16:18,719,479
INFO	2024-09-27 15:06:57	AddOrReplaceReadGroups	Processed    81,000,000 records.  Elapsed time: 00:14:24s.  Time for last 1,000,000:   10s.  Last read position: chr16:30,472,992
INFO	2024-09-27 15:07:07	AddOrReplaceReadGroups	Processed    82,000,000 records.  Elapsed time: 00:14:35s.  Time for last 1,000,000:   10s.  Last read position: chr16:75,493,168
INFO	2024-09-27 15:07:18	AddOrReplaceReadGroups	Processed    83,000,000 records.  Elapsed time: 00:14:45s.  Time for last 1,000,000:   10s.  Last read position: chr17:1,233,998
INFO	2024-09-27 15:07:28	AddOrReplaceReadGroups	Processed    84,000,000 records.  Elapsed time: 00:14:55s.  Time for last 1,000,000:   10s.  Last read position: chr17:15,929,658
INFO	2024-09-27 15:07:38	AddOrReplaceReadGroups	Processed    85,000,000 records.  Elapsed time: 00:15:05s.  Time for last 1,000,000:    9s.  Last read position: chr17:19,137,775
INFO	2024-09-27 15:07:48	AddOrReplaceReadGroups	Processed    86,000,000 records.  Elapsed time: 00:15:15s.  Time for last 1,000,000:   10s.  Last read position: chr17:41,492,589
INFO	2024-09-27 15:07:58	AddOrReplaceReadGroups	Processed    87,000,000 records.  Elapsed time: 00:15:26s.  Time for last 1,000,000:   10s.  Last read position: chr17:58,553,787
INFO	2024-09-27 15:08:09	AddOrReplaceReadGroups	Processed    88,000,000 records.  Elapsed time: 00:15:36s.  Time for last 1,000,000:   10s.  Last read position: chr17:76,670,577
INFO	2024-09-27 15:08:19	AddOrReplaceReadGroups	Processed    89,000,000 records.  Elapsed time: 00:15:46s.  Time for last 1,000,000:   10s.  Last read position: chr18:3,413,313
INFO	2024-09-27 15:08:29	AddOrReplaceReadGroups	Processed    90,000,000 records.  Elapsed time: 00:15:57s.  Time for last 1,000,000:   10s.  Last read position: chr18:59,713,205
INFO	2024-09-27 15:08:39	AddOrReplaceReadGroups	Processed    91,000,000 records.  Elapsed time: 00:16:07s.  Time for last 1,000,000:   10s.  Last read position: chr19:3,955,465
INFO	2024-09-27 15:08:49	AddOrReplaceReadGroups	Processed    92,000,000 records.  Elapsed time: 00:16:17s.  Time for last 1,000,000:    9s.  Last read position: chr19:13,016,308
INFO	2024-09-27 15:08:59	AddOrReplaceReadGroups	Processed    93,000,000 records.  Elapsed time: 00:16:27s.  Time for last 1,000,000:   10s.  Last read position: chr19:21,431,040
INFO	2024-09-27 15:09:10	AddOrReplaceReadGroups	Processed    94,000,000 records.  Elapsed time: 00:16:37s.  Time for last 1,000,000:   10s.  Last read position: chr19:45,121,388
INFO	2024-09-27 15:09:19	AddOrReplaceReadGroups	Processed    95,000,000 records.  Elapsed time: 00:16:46s.  Time for last 1,000,000:    9s.  Last read position: chr19:52,497,264
INFO	2024-09-27 15:09:29	AddOrReplaceReadGroups	Processed    96,000,000 records.  Elapsed time: 00:16:56s.  Time for last 1,000,000:    9s.  Last read position: chr20:491,739
INFO	2024-09-27 15:09:39	AddOrReplaceReadGroups	Processed    97,000,000 records.  Elapsed time: 00:17:07s.  Time for last 1,000,000:   10s.  Last read position: chr20:37,771,715
INFO	2024-09-27 15:09:50	AddOrReplaceReadGroups	Processed    98,000,000 records.  Elapsed time: 00:17:17s.  Time for last 1,000,000:   10s.  Last read position: chr21:5,343,788
INFO	2024-09-27 15:10:01	AddOrReplaceReadGroups	Processed    99,000,000 records.  Elapsed time: 00:17:28s.  Time for last 1,000,000:   10s.  Last read position: chr21:44,293,488
INFO	2024-09-27 15:10:12	AddOrReplaceReadGroups	Processed   100,000,000 records.  Elapsed time: 00:17:39s.  Time for last 1,000,000:   10s.  Last read position: chr22:32,420,137
INFO	2024-09-27 15:10:22	AddOrReplaceReadGroups	Processed   101,000,000 records.  Elapsed time: 00:17:49s.  Time for last 1,000,000:   10s.  Last read position: chr22:42,849,919
INFO	2024-09-27 15:10:32	AddOrReplaceReadGroups	Processed   102,000,000 records.  Elapsed time: 00:17:59s.  Time for last 1,000,000:   10s.  Last read position: chrX:22,608,966
INFO	2024-09-27 15:10:43	AddOrReplaceReadGroups	Processed   103,000,000 records.  Elapsed time: 00:18:10s.  Time for last 1,000,000:   10s.  Last read position: chrX:79,635,887
INFO	2024-09-27 15:10:53	AddOrReplaceReadGroups	Processed   104,000,000 records.  Elapsed time: 00:18:20s.  Time for last 1,000,000:   10s.  Last read position: chrX:152,635,021
[Fri Sep 27 15:11:00 CEST 2024] picard.sam.AddOrReplaceReadGroups done. Elapsed time: 18.48 minutes.
Runtime.totalMemory()=538968064
