Using GATK jar /lustre1/project/stg_00096/home/rdewin/system/miniconda/envs/WGS/share/gatk4-4.5.0.0-0/gatk-package-4.5.0.0-local.jar
Running:
    java -Dsamjdk.use_async_io_read_samtools=false -Dsamjdk.use_async_io_write_samtools=true -Dsamjdk.use_async_io_write_tribble=false -Dsamjdk.compression_level=2 -jar /lustre1/project/stg_00096/home/rdewin/system/miniconda/envs/WGS/share/gatk4-4.5.0.0-0/gatk-package-4.5.0.0-local.jar CalculateContamination -I results/mutect2/P037/P037_tumor_pileup_summaries.table -matched results/mutect2/P037/P037_normal_pileup_summaries.table -O results/mutect2/P037/P037_contamination.table
16:46:14.114 INFO  NativeLibraryLoader - Loading libgkl_compression.so from jar:file:/lustre1/project/stg_00096/home/rdewin/system/miniconda/envs/WGS/share/gatk4-4.5.0.0-0/gatk-package-4.5.0.0-local.jar!/com/intel/gkl/native/libgkl_compression.so
16:46:14.425 INFO  CalculateContamination - ------------------------------------------------------------
16:46:14.428 INFO  CalculateContamination - The Genome Analysis Toolkit (GATK) v4.5.0.0
16:46:14.428 INFO  CalculateContamination - For support and documentation go to https://software.broadinstitute.org/gatk/
16:46:14.428 INFO  CalculateContamination - Executing as vsc35407@g28l12 on Linux v4.18.0-513.24.1.el8_9.x86_64 amd64
16:46:14.429 INFO  CalculateContamination - Java runtime: OpenJDK 64-Bit Server VM v17.0.10-internal+0-adhoc..src
16:46:14.429 INFO  CalculateContamination - Start Date/Time: July 14, 2024 at 4:46:14 PM CEST
16:46:14.429 INFO  CalculateContamination - ------------------------------------------------------------
16:46:14.429 INFO  CalculateContamination - ------------------------------------------------------------
16:46:14.431 INFO  CalculateContamination - HTSJDK Version: 4.1.0
16:46:14.431 INFO  CalculateContamination - Picard Version: 3.1.1
16:46:14.431 INFO  CalculateContamination - Built for Spark Version: 3.5.0
16:46:14.432 INFO  CalculateContamination - HTSJDK Defaults.COMPRESSION_LEVEL : 2
16:46:14.437 INFO  CalculateContamination - HTSJDK Defaults.USE_ASYNC_IO_READ_FOR_SAMTOOLS : false
16:46:14.438 INFO  CalculateContamination - HTSJDK Defaults.USE_ASYNC_IO_WRITE_FOR_SAMTOOLS : true
16:46:14.438 INFO  CalculateContamination - HTSJDK Defaults.USE_ASYNC_IO_WRITE_FOR_TRIBBLE : false
16:46:14.439 INFO  CalculateContamination - Deflater: IntelDeflater
16:46:14.439 INFO  CalculateContamination - Inflater: IntelInflater
16:46:14.440 INFO  CalculateContamination - GCS max retries/reopens: 20
16:46:14.440 INFO  CalculateContamination - Requester pays: disabled
16:46:14.440 INFO  CalculateContamination - Initializing engine
16:46:14.440 INFO  CalculateContamination - Done initializing engine
16:46:40.646 WARN  KernelSegmenter - Specified dimension of the kernel approximation (100) exceeds the number of data points (6) to segment; using all data points to calculate kernel matrix.
16:46:40.670 WARN  KernelSegmenter - Number of points needed to calculate local changepoint costs (2 * window size = 100) exceeds number of data points (6).  Local changepoint costs will not be calculated for this window size.
16:46:40.670 WARN  KernelSegmenter - No changepoint candidates were found.  The specified window sizes may be inappropriate, or there may be insufficient data points.
16:46:40.675 INFO  KernelSegmenter - Found 0 changepoints after applying the changepoint penalty.
16:46:41.673 INFO  KernelSegmenter - Found 5 changepoints after applying the changepoint penalty.
16:46:42.940 INFO  KernelSegmenter - Found 7 changepoints after applying the changepoint penalty.
16:46:43.352 INFO  KernelSegmenter - Found 2 changepoints after applying the changepoint penalty.
16:46:44.374 INFO  KernelSegmenter - Found 4 changepoints after applying the changepoint penalty.
16:46:45.544 INFO  KernelSegmenter - Found 2 changepoints after applying the changepoint penalty.
16:46:47.209 INFO  KernelSegmenter - Found 0 changepoints after applying the changepoint penalty.
16:46:47.830 INFO  KernelSegmenter - Found 3 changepoints after applying the changepoint penalty.
16:46:48.676 INFO  KernelSegmenter - Found 6 changepoints after applying the changepoint penalty.
16:46:49.929 INFO  KernelSegmenter - Found 4 changepoints after applying the changepoint penalty.
16:46:50.542 INFO  KernelSegmenter - Found 6 changepoints after applying the changepoint penalty.
16:46:51.247 INFO  KernelSegmenter - Found 5 changepoints after applying the changepoint penalty.
16:46:52.348 INFO  KernelSegmenter - Found 0 changepoints after applying the changepoint penalty.
16:46:53.484 INFO  KernelSegmenter - Found 10 changepoints after applying the changepoint penalty.
16:46:54.761 INFO  KernelSegmenter - Found 6 changepoints after applying the changepoint penalty.
16:46:55.634 INFO  KernelSegmenter - Found 3 changepoints after applying the changepoint penalty.
16:46:56.896 INFO  KernelSegmenter - Found 4 changepoints after applying the changepoint penalty.
16:46:57.645 INFO  KernelSegmenter - Found 4 changepoints after applying the changepoint penalty.
16:46:58.147 INFO  KernelSegmenter - Found 5 changepoints after applying the changepoint penalty.
16:46:58.618 INFO  KernelSegmenter - Found 3 changepoints after applying the changepoint penalty.
16:46:59.159 INFO  KernelSegmenter - Found 6 changepoints after applying the changepoint penalty.
16:46:59.688 INFO  KernelSegmenter - Found 5 changepoints after applying the changepoint penalty.
16:47:00.246 INFO  KernelSegmenter - Found 2 changepoints after applying the changepoint penalty.
16:47:00.750 INFO  KernelSegmenter - Found 4 changepoints after applying the changepoint penalty.
16:54:37.996 INFO  CalculateContamination - Shutting down engine
[July 14, 2024 at 4:54:37 PM CEST] org.broadinstitute.hellbender.tools.walkers.contamination.CalculateContamination done. Elapsed time: 8.40 minutes.
Runtime.totalMemory()=20619198464
Tool returned:
SUCCESS
