Using GATK jar /lustre1/project/stg_00096/home/rdewin/system/miniconda/envs/WGS/share/gatk4-4.5.0.0-0/gatk-package-4.5.0.0-local.jar
Running:
    java -Dsamjdk.use_async_io_read_samtools=false -Dsamjdk.use_async_io_write_samtools=true -Dsamjdk.use_async_io_write_tribble=false -Dsamjdk.compression_level=2 -jar /lustre1/project/stg_00096/home/rdewin/system/miniconda/envs/WGS/share/gatk4-4.5.0.0-0/gatk-package-4.5.0.0-local.jar GetPileupSummaries -I results/recal/P037/P037_dna_tumor_recal.bam -L resources/filtered_gnomad_chr.vcf.gz -V resources/filtered_gnomad_chr.vcf.gz -O results/mutect2/P037/P037_tumor_pileup_summaries.table
15:24:21.124 INFO  NativeLibraryLoader - Loading libgkl_compression.so from jar:file:/lustre1/project/stg_00096/home/rdewin/system/miniconda/envs/WGS/share/gatk4-4.5.0.0-0/gatk-package-4.5.0.0-local.jar!/com/intel/gkl/native/libgkl_compression.so
15:24:21.295 INFO  GetPileupSummaries - ------------------------------------------------------------
15:24:21.298 INFO  GetPileupSummaries - The Genome Analysis Toolkit (GATK) v4.5.0.0
15:24:21.298 INFO  GetPileupSummaries - For support and documentation go to https://software.broadinstitute.org/gatk/
15:24:21.298 INFO  GetPileupSummaries - Executing as vsc35407@g28l12 on Linux v4.18.0-513.24.1.el8_9.x86_64 amd64
15:24:21.299 INFO  GetPileupSummaries - Java runtime: OpenJDK 64-Bit Server VM v17.0.10-internal+0-adhoc..src
15:24:21.304 INFO  GetPileupSummaries - Start Date/Time: July 14, 2024 at 3:24:21 PM CEST
15:24:21.304 INFO  GetPileupSummaries - ------------------------------------------------------------
15:24:21.304 INFO  GetPileupSummaries - ------------------------------------------------------------
15:24:21.309 INFO  GetPileupSummaries - HTSJDK Version: 4.1.0
15:24:21.309 INFO  GetPileupSummaries - Picard Version: 3.1.1
15:24:21.309 INFO  GetPileupSummaries - Built for Spark Version: 3.5.0
15:24:21.310 INFO  GetPileupSummaries - HTSJDK Defaults.COMPRESSION_LEVEL : 2
15:24:21.310 INFO  GetPileupSummaries - HTSJDK Defaults.USE_ASYNC_IO_READ_FOR_SAMTOOLS : false
15:24:21.310 INFO  GetPileupSummaries - HTSJDK Defaults.USE_ASYNC_IO_WRITE_FOR_SAMTOOLS : true
15:24:21.311 INFO  GetPileupSummaries - HTSJDK Defaults.USE_ASYNC_IO_WRITE_FOR_TRIBBLE : false
15:24:21.311 INFO  GetPileupSummaries - Deflater: IntelDeflater
15:24:21.311 INFO  GetPileupSummaries - Inflater: IntelInflater
15:24:21.312 INFO  GetPileupSummaries - GCS max retries/reopens: 20
15:24:21.312 INFO  GetPileupSummaries - Requester pays: disabled
15:24:21.313 INFO  GetPileupSummaries - Initializing engine
15:24:21.502 INFO  FeatureManager - Using codec VCFCodec to read file file:///lustre1/project/stg_00096/home/rdewin/WGS/resources/filtered_gnomad_chr.vcf.gz
15:24:21.681 INFO  FeatureManager - Using codec VCFCodec to read file file:///lustre1/project/stg_00096/home/rdewin/WGS/resources/filtered_gnomad_chr.vcf.gz
15:25:44.673 INFO  IntervalArgumentCollection - Processing 8916026 bp from intervals
15:25:44.864 INFO  GetPileupSummaries - Done initializing engine
15:25:44.870 INFO  ProgressMeter - Starting traversal
15:25:44.870 INFO  ProgressMeter -        Current Locus  Elapsed Minutes        Loci Processed      Loci/Minute
15:26:24.710 INFO  ProgressMeter -          chr1:256407              0.7                  1000           1506.1
15:26:34.851 INFO  ProgressMeter -         chr1:3902202              0.8                 17000          20407.8
15:26:45.256 INFO  ProgressMeter -         chr1:9318907              1.0                 36000          35769.9
15:26:55.336 INFO  ProgressMeter -        chr1:14366541              1.2                 56000          47682.6
15:27:05.667 INFO  ProgressMeter -        chr1:20010786              1.3                 75000          55695.8
15:27:16.204 INFO  ProgressMeter -        chr1:26212215              1.5                 93000          61094.4
15:27:26.285 INFO  ProgressMeter -        chr1:32457039              1.7                110000          65079.8
15:27:36.412 INFO  ProgressMeter -        chr1:38790341              1.9                127000          68315.1
15:27:46.413 INFO  ProgressMeter -        chr1:44568915              2.0                143000          70592.3
15:27:56.513 INFO  ProgressMeter -        chr1:51586328              2.2                159000          72468.7
15:28:06.732 INFO  ProgressMeter -        chr1:57373999              2.4                177000          74862.0
15:28:17.055 INFO  ProgressMeter -        chr1:63418128              2.5                195000          76880.6
15:28:27.086 INFO  ProgressMeter -        chr1:69700626              2.7                212000          78414.0
15:28:37.108 INFO  ProgressMeter -        chr1:76748783              2.9                229000          79773.3
15:28:47.495 INFO  ProgressMeter -        chr1:83091429              3.0                248000          81478.4
15:28:57.845 INFO  ProgressMeter -        chr1:89603163              3.2                266000          82705.0
15:29:08.154 INFO  ProgressMeter -        chr1:96479633              3.4                283000          83528.9
15:29:18.631 INFO  ProgressMeter -       chr1:102860544              3.6                302000          84768.0
15:29:29.118 INFO  ProgressMeter -       chr1:109657681              3.7                321000          85887.1
15:29:39.126 INFO  ProgressMeter -       chr1:115738646              3.9                338000          86572.0
15:29:49.420 INFO  ProgressMeter -       chr1:126853705              4.1                357000          87589.5
15:29:59.614 INFO  ProgressMeter -       chr1:149081233              4.2                377000          88795.0
15:30:10.101 INFO  ProgressMeter -       chr1:155853789              4.4                394000          89129.9
15:30:20.589 INFO  ProgressMeter -       chr1:161827637              4.6                413000          89874.4
15:30:30.822 INFO  ProgressMeter -       chr1:167841510              4.8                431000          90435.1
15:30:41.271 INFO  ProgressMeter -       chr1:174385728              4.9                449000          90890.4
15:30:51.346 INFO  ProgressMeter -       chr1:180873944              5.1                466000          91230.6
15:31:01.625 INFO  ProgressMeter -       chr1:187641613              5.3                484000          91679.7
15:31:11.935 INFO  ProgressMeter -       chr1:194368192              5.5                504000          92458.7
15:31:22.480 INFO  ProgressMeter -       chr1:200811474              5.6                522000          92770.0
15:31:32.989 INFO  ProgressMeter -       chr1:207129093              5.8                539000          92899.3
15:31:43.307 INFO  ProgressMeter -       chr1:212872845              6.0                557000          93238.1
15:31:53.412 INFO  ProgressMeter -       chr1:219048638              6.1                575000          93612.4
15:32:03.758 INFO  ProgressMeter -       chr1:225276050              6.3                593000          93906.6
15:32:14.265 INFO  ProgressMeter -       chr1:231609913              6.5                611000          94146.0
15:32:24.268 INFO  ProgressMeter -       chr1:237230781              6.7                629000          94492.2
15:32:34.847 INFO  ProgressMeter -       chr1:243401439              6.8                649000          94980.9
15:32:45.317 INFO  ProgressMeter -          chr2:396353              7.0                670000          95612.8
15:32:55.611 INFO  ProgressMeter -         chr2:5500590              7.2                690000          96113.4
15:33:05.970 INFO  ProgressMeter -        chr2:11452560              7.4                709000          96440.7
15:33:16.048 INFO  ProgressMeter -        chr2:17329609              7.5                728000          96813.2
15:33:26.475 INFO  ProgressMeter -        chr2:23608421              7.7                747000          97096.0
15:33:36.979 INFO  ProgressMeter -        chr2:30403509              7.9                764000          97096.4
15:33:47.004 INFO  ProgressMeter -        chr2:36060049              8.0                783000          97441.8
15:33:57.154 INFO  ProgressMeter -        chr2:41623463              8.2                802000          97748.5
15:34:07.234 INFO  ProgressMeter -        chr2:46963468              8.4                820000          97937.0
15:34:17.237 INFO  ProgressMeter -        chr2:52370845              8.5                838000          98132.8
15:34:27.635 INFO  ProgressMeter -        chr2:58098670              8.7                858000          98476.4
15:34:38.003 INFO  ProgressMeter -        chr2:65032188              8.9                875000          98474.5
15:34:48.544 INFO  ProgressMeter -        chr2:70981327              9.1                894000          98662.1
15:34:58.856 INFO  ProgressMeter -        chr2:77059400              9.2                912000          98775.1
15:35:09.095 INFO  ProgressMeter -        chr2:83049781              9.4                932000          99109.4
15:35:19.098 INFO  ProgressMeter -        chr2:89036642              9.6                951000          99368.2
15:35:29.405 INFO  ProgressMeter -       chr2:100182189              9.7                969000          99463.7
15:35:39.950 INFO  ProgressMeter -       chr2:106732221              9.9                987000          99516.2
15:35:50.308 INFO  ProgressMeter -       chr2:113642432             10.1               1005000          99597.5
15:36:00.405 INFO  ProgressMeter -       chr2:119671368             10.3               1024000          99815.8
15:36:10.928 INFO  ProgressMeter -       chr2:126129110             10.4               1043000          99958.9
15:36:21.094 INFO  ProgressMeter -       chr2:131713655             10.6               1062000         100153.4
15:36:31.467 INFO  ProgressMeter -       chr2:137640824             10.8               1081000         100309.8
15:36:41.492 INFO  ProgressMeter -       chr2:143575432             10.9               1100000         100514.6
15:36:51.577 INFO  ProgressMeter -       chr2:150785332             11.1               1116000         100433.9
15:37:01.767 INFO  ProgressMeter -       chr2:157815990             11.3               1133000         100428.9
15:37:11.784 INFO  ProgressMeter -       chr2:164186475             11.4               1150000         100449.4
15:37:22.018 INFO  ProgressMeter -       chr2:170438729             11.6               1168000         100524.0
15:37:32.146 INFO  ProgressMeter -       chr2:176656550             11.8               1185000         100526.5
15:37:42.704 INFO  ProgressMeter -       chr2:183160309             12.0               1203000         100552.5
15:37:53.241 INFO  ProgressMeter -       chr2:190100427             12.1               1222000         100663.1
15:38:03.321 INFO  ProgressMeter -       chr2:197047762             12.3               1239000         100670.2
15:38:13.831 INFO  ProgressMeter -       chr2:204823048             12.5               1255000         100539.3
15:38:24.226 INFO  ProgressMeter -       chr2:211488865             12.7               1273000         100585.4
15:38:34.653 INFO  ProgressMeter -       chr2:217574093             12.8               1292000         100703.8
15:38:44.989 INFO  ProgressMeter -       chr2:223839307             13.0               1310000         100753.9
15:38:55.390 INFO  ProgressMeter -       chr2:230103825             13.2               1329000         100870.3
15:39:05.519 INFO  ProgressMeter -       chr2:235442336             13.3               1347000         100943.1
15:39:15.940 INFO  ProgressMeter -       chr2:240605794             13.5               1366000         101051.7
15:39:26.286 INFO  ProgressMeter -         chr3:2813075             13.7               1387000         101313.0
15:39:36.519 INFO  ProgressMeter -         chr3:7839821             13.9               1407000         101509.2
15:39:47.136 INFO  ProgressMeter -        chr3:13567625             14.0               1425000         101512.1
15:39:57.204 INFO  ProgressMeter -        chr3:19126636             14.2               1442000         101509.5
15:40:07.282 INFO  ProgressMeter -        chr3:24605018             14.4               1461000         101645.3
15:40:17.469 INFO  ProgressMeter -        chr3:30228016             14.5               1480000         101765.0
15:40:27.561 INFO  ProgressMeter -        chr3:36144367             14.7               1498000         101825.0
15:40:38.024 INFO  ProgressMeter -        chr3:42317559             14.9               1516000         101841.5
15:40:48.322 INFO  ProgressMeter -        chr3:49376699             15.1               1532000         101743.2
15:40:58.792 INFO  ProgressMeter -        chr3:56310764             15.2               1548000         101627.9
15:41:08.891 INFO  ProgressMeter -        chr3:61887999             15.4               1566000         101686.1
15:41:19.115 INFO  ProgressMeter -        chr3:67299267             15.6               1585000         101793.4
15:41:29.258 INFO  ProgressMeter -        chr3:73354317             15.7               1602000         101780.3
15:41:39.554 INFO  ProgressMeter -        chr3:79638272             15.9               1622000         101939.6
15:41:49.697 INFO  ProgressMeter -        chr3:86657999             16.1               1640000         101987.2
15:42:00.056 INFO  ProgressMeter -        chr3:98793606             16.3               1662000         102257.5
15:42:10.128 INFO  ProgressMeter -       chr3:105126490             16.4               1680000         102308.2
15:42:20.321 INFO  ProgressMeter -       chr3:111411026             16.6               1699000         102405.9
15:42:30.884 INFO  ProgressMeter -       chr3:118098882             16.8               1717000         102404.2
15:42:41.133 INFO  ProgressMeter -       chr3:124273158             16.9               1735000         102434.2
15:42:51.436 INFO  ProgressMeter -       chr3:129987946             17.1               1753000         102458.1
15:43:01.657 INFO  ProgressMeter -       chr3:135737905             17.3               1771000         102489.8
15:43:12.144 INFO  ProgressMeter -       chr3:142792045             17.5               1788000         102437.4
15:43:22.462 INFO  ProgressMeter -       chr3:148908757             17.6               1807000         102515.9
15:43:33.065 INFO  ProgressMeter -       chr3:155488623             17.8               1826000         102565.5
15:43:43.328 INFO  ProgressMeter -       chr3:161372979             18.0               1844000         102591.0
15:43:53.374 INFO  ProgressMeter -       chr3:167767039             18.1               1862000         102636.3
15:44:03.474 INFO  ProgressMeter -       chr3:173712395             18.3               1881000         102730.4
15:44:13.874 INFO  ProgressMeter -       chr3:179732700             18.5               1900000         102795.0
15:44:24.351 INFO  ProgressMeter -       chr3:186350532             18.7               1918000         102797.7
15:44:34.647 INFO  ProgressMeter -       chr3:192435065             18.8               1936000         102816.8
15:44:44.835 INFO  ProgressMeter -       chr3:197768950             19.0               1956000         102950.5
15:44:55.146 INFO  ProgressMeter -         chr4:1419846             19.2               1976000         103070.9
15:45:05.391 INFO  ProgressMeter -         chr4:6123915             19.3               1996000         103195.0
15:45:15.597 INFO  ProgressMeter -        chr4:10968520             19.5               2017000         103371.8
15:45:26.013 INFO  ProgressMeter -        chr4:16792339             19.7               2037000         103476.0
15:45:36.113 INFO  ProgressMeter -        chr4:22687074             19.9               2056000         103555.8
15:45:46.405 INFO  ProgressMeter -        chr4:28987108             20.0               2075000         103617.5
15:45:56.620 INFO  ProgressMeter -        chr4:35080381             20.2               2096000         103783.9
15:46:06.836 INFO  ProgressMeter -        chr4:40703205             20.4               2115000         103849.0
15:46:17.455 INFO  ProgressMeter -        chr4:47392625             20.5               2134000         103879.2
15:46:27.501 INFO  ProgressMeter -        chr4:59666546             20.7               2156000         104101.7
15:46:37.589 INFO  ProgressMeter -        chr4:65279297             20.9               2176000         104221.4
15:46:47.788 INFO  ProgressMeter -        chr4:71771397             21.0               2195000         104282.4
15:46:57.987 INFO  ProgressMeter -        chr4:77846976             21.2               2214000         104342.3
15:47:08.349 INFO  ProgressMeter -        chr4:84019402             21.4               2232000         104341.4
15:47:18.519 INFO  ProgressMeter -        chr4:89563714             21.6               2248000         104263.2
15:47:28.541 INFO  ProgressMeter -        chr4:95342977             21.7               2265000         104244.2
15:47:39.112 INFO  ProgressMeter -       chr4:102000720             21.9               2284000         104273.0
15:47:49.197 INFO  ProgressMeter -       chr4:108245088             22.1               2302000         104294.5
15:47:59.526 INFO  ProgressMeter -       chr4:114748218             22.2               2320000         104296.5
15:48:09.797 INFO  ProgressMeter -       chr4:120703850             22.4               2337000         104258.5
15:48:20.044 INFO  ProgressMeter -       chr4:127042499             22.6               2356000         104311.4
15:48:30.219 INFO  ProgressMeter -       chr4:133323253             22.8               2375000         104369.0
15:48:40.304 INFO  ProgressMeter -       chr4:140029089             22.9               2394000         104432.5
15:48:50.673 INFO  ProgressMeter -       chr4:146571899             23.1               2412000         104430.4
15:49:01.189 INFO  ProgressMeter -       chr4:153542316             23.3               2430000         104417.4
15:49:11.317 INFO  ProgressMeter -       chr4:159798554             23.4               2447000         104390.7
15:49:21.764 INFO  ProgressMeter -       chr4:166241235             23.6               2467000         104467.9
15:49:32.163 INFO  ProgressMeter -       chr4:171842213             23.8               2487000         104547.6
15:49:42.520 INFO  ProgressMeter -       chr4:178087537             24.0               2506000         104587.4
15:49:52.758 INFO  ProgressMeter -       chr4:184213737             24.1               2526000         104676.6
15:50:03.058 INFO  ProgressMeter -       chr4:189731670             24.3               2546000         104760.2
15:50:13.187 INFO  ProgressMeter -         chr5:1234747             24.5               2568000         104936.5
15:50:23.730 INFO  ProgressMeter -         chr5:6944901             24.6               2589000         105040.4
15:50:33.946 INFO  ProgressMeter -        chr5:12928629             24.8               2608000         105085.3
15:50:44.202 INFO  ProgressMeter -        chr5:19248261             25.0               2627000         105126.8
15:50:54.604 INFO  ProgressMeter -        chr5:25824283             25.2               2647000         105197.4
15:51:05.056 INFO  ProgressMeter -        chr5:31898152             25.3               2668000         105303.0
15:51:15.332 INFO  ProgressMeter -        chr5:37847151             25.5               2686000         105301.5
15:51:25.333 INFO  ProgressMeter -        chr5:43723391             25.7               2704000         105319.0
15:51:35.843 INFO  ProgressMeter -        chr5:54675584             25.8               2723000         105340.3
15:51:46.134 INFO  ProgressMeter -        chr5:60662483             26.0               2741000         105337.7
15:51:56.291 INFO  ProgressMeter -        chr5:67393483             26.2               2758000         105306.0
15:52:06.688 INFO  ProgressMeter -        chr5:74717388             26.4               2775000         105258.6
15:52:16.959 INFO  ProgressMeter -        chr5:80711909             26.5               2793000         105257.9
15:52:27.469 INFO  ProgressMeter -        chr5:87415179             26.7               2812000         105279.0
15:52:37.841 INFO  ProgressMeter -        chr5:94966359             26.9               2829000         105234.4
15:52:48.036 INFO  ProgressMeter -       chr5:101209648             27.1               2848000         105275.7
15:52:58.052 INFO  ProgressMeter -       chr5:107559075             27.2               2867000         105328.1
15:53:08.567 INFO  ProgressMeter -       chr5:113345933             27.4               2887000         105384.4
15:53:18.663 INFO  ProgressMeter -       chr5:118743298             27.6               2907000         105466.6
15:53:28.973 INFO  ProgressMeter -       chr5:124475298             27.7               2927000         105534.3
15:53:39.133 INFO  ProgressMeter -       chr5:130417193             27.9               2946000         105574.8
15:53:49.667 INFO  ProgressMeter -       chr5:137090077             28.1               2963000         105520.1
15:54:00.110 INFO  ProgressMeter -       chr5:144075290             28.3               2979000         105436.4
15:54:10.365 INFO  ProgressMeter -       chr5:150229434             28.4               2997000         105435.7
15:54:20.748 INFO  ProgressMeter -       chr5:156889074             28.6               3018000         105532.0
15:54:31.068 INFO  ProgressMeter -       chr5:163007728             28.8               3036000         105526.7
15:54:41.355 INFO  ProgressMeter -       chr5:169511789             28.9               3055000         105558.1
15:54:51.515 INFO  ProgressMeter -       chr5:175161909             29.1               3073000         105562.4
15:55:01.732 INFO  ProgressMeter -       chr5:180634828             29.3               3092000         105597.4
15:55:12.035 INFO  ProgressMeter -         chr6:4026791             29.5               3112000         105660.8
15:55:22.055 INFO  ProgressMeter -         chr6:9560601             29.6               3131000         105706.5
15:55:32.557 INFO  ProgressMeter -        chr6:15479195             29.8               3150000         105723.3
15:55:42.665 INFO  ProgressMeter -        chr6:21479676             30.0               3169000         105762.9
15:55:52.741 INFO  ProgressMeter -        chr6:27355149             30.1               3188000         105804.1
15:56:02.870 INFO  ProgressMeter -        chr6:31864908             30.3               3214000         106072.6
15:56:13.156 INFO  ProgressMeter -        chr6:36945225             30.5               3239000         106296.3
15:56:23.478 INFO  ProgressMeter -        chr6:42740525             30.6               3257000         106286.9
15:56:34.030 INFO  ProgressMeter -        chr6:49401312             30.8               3275000         106264.5
15:56:44.301 INFO  ProgressMeter -        chr6:55465036             31.0               3294000         106290.6
15:56:54.639 INFO  ProgressMeter -        chr6:65096917             31.2               3313000         106312.6
15:57:04.914 INFO  ProgressMeter -        chr6:71207085             31.3               3333000         106369.9
15:57:15.026 INFO  ProgressMeter -        chr6:77203388             31.5               3351000         106372.2
15:57:25.130 INFO  ProgressMeter -        chr6:83251555             31.7               3371000         106438.1
15:57:35.378 INFO  ProgressMeter -        chr6:89713103             31.8               3389000         106432.4
15:57:45.631 INFO  ProgressMeter -        chr6:96089482             32.0               3408000         106457.9
15:57:55.981 INFO  ProgressMeter -       chr6:102969097             32.2               3426000         106446.5
15:58:06.123 INFO  ProgressMeter -       chr6:109155929             32.4               3445000         106477.6
15:58:16.759 INFO  ProgressMeter -       chr6:115780198             32.5               3463000         106450.8
15:58:26.929 INFO  ProgressMeter -       chr6:122243862             32.7               3481000         106449.4
15:58:36.949 INFO  ProgressMeter -       chr6:128825555             32.9               3498000         106425.8
15:58:47.337 INFO  ProgressMeter -       chr6:134599282             33.0               3517000         106443.1
15:58:57.733 INFO  ProgressMeter -       chr6:140556510             33.2               3535000         106429.8
15:59:08.196 INFO  ProgressMeter -       chr6:147409598             33.4               3553000         106413.1
15:59:18.436 INFO  ProgressMeter -       chr6:153172411             33.6               3572000         106438.1
15:59:28.792 INFO  ProgressMeter -       chr6:158985496             33.7               3591000         106456.7
15:59:39.009 INFO  ProgressMeter -       chr6:164645858             33.9               3609000         106452.9
15:59:49.094 INFO  ProgressMeter -       chr6:169724905             34.1               3628000         106485.4
15:59:59.362 INFO  ProgressMeter -         chr7:2355207             34.2               3649000         106566.5
16:00:09.615 INFO  ProgressMeter -         chr7:7003891             34.4               3670000         106647.6
16:00:19.617 INFO  ProgressMeter -        chr7:11986908             34.6               3691000         106740.8
16:00:29.721 INFO  ProgressMeter -        chr7:17197252             34.7               3712000         106827.8
16:00:40.252 INFO  ProgressMeter -        chr7:23273295             34.9               3732000         106863.6
16:00:50.393 INFO  ProgressMeter -        chr7:29190602             35.1               3750000         106861.8
16:01:00.696 INFO  ProgressMeter -        chr7:34740708             35.3               3768000         106851.9
16:01:11.204 INFO  ProgressMeter -        chr7:40973521             35.4               3786000         106831.9
16:01:21.452 INFO  ProgressMeter -        chr7:47016136             35.6               3804000         106824.8
16:01:31.878 INFO  ProgressMeter -        chr7:52831972             35.8               3823000         106837.0
16:01:41.937 INFO  ProgressMeter -        chr7:58233678             36.0               3844000         106923.0
16:01:51.999 INFO  ProgressMeter -        chr7:68411726             36.1               3866000         107035.7
16:02:02.393 INFO  ProgressMeter -        chr7:74764113             36.3               3885000         107048.2
16:02:12.797 INFO  ProgressMeter -        chr7:80895080             36.5               3903000         107032.9
16:02:22.963 INFO  ProgressMeter -        chr7:86981859             36.6               3922000         107056.4
16:02:33.251 INFO  ProgressMeter -        chr7:93538041             36.8               3940000         107046.7
16:02:43.639 INFO  ProgressMeter -       chr7:100203064             37.0               3958000         107032.4
16:02:53.935 INFO  ProgressMeter -       chr7:105884761             37.2               3976000         107022.5
16:03:04.417 INFO  ProgressMeter -       chr7:112454579             37.3               3994000         107003.8
16:03:14.747 INFO  ProgressMeter -       chr7:119427539             37.5               4011000         106965.8
16:03:25.141 INFO  ProgressMeter -       chr7:126621305             37.7               4029000         106951.8
16:03:35.218 INFO  ProgressMeter -       chr7:132979293             37.8               4046000         106926.4
16:03:45.692 INFO  ProgressMeter -       chr7:139509081             38.0               4064000         106908.9
16:03:56.050 INFO  ProgressMeter -       chr7:145523383             38.2               4083000         106923.1
16:04:06.175 INFO  ProgressMeter -       chr7:150984152             38.4               4102000         106948.0
16:04:16.294 INFO  ProgressMeter -       chr7:155836671             38.5               4122000         106999.0
16:04:26.316 INFO  ProgressMeter -          chr8:170290             38.7               4142000         107054.0
16:04:36.480 INFO  ProgressMeter -         chr8:3946778             38.9               4166000         107204.9
16:04:46.674 INFO  ProgressMeter -         chr8:8284167             39.0               4190000         107353.1
16:04:56.696 INFO  ProgressMeter -        chr8:13861603             39.2               4212000         107456.9
16:05:06.752 INFO  ProgressMeter -        chr8:18289651             39.4               4235000         107583.7
16:05:17.194 INFO  ProgressMeter -        chr8:23351633             39.5               4255000         107616.0
16:05:27.505 INFO  ProgressMeter -        chr8:29229474             39.7               4274000         107628.7
16:05:37.553 INFO  ProgressMeter -        chr8:35187771             39.9               4292000         107628.1
16:05:47.871 INFO  ProgressMeter -        chr8:41857739             40.1               4310000         107615.4
16:05:58.417 INFO  ProgressMeter -        chr8:50581540             40.2               4328000         107592.7
16:06:08.549 INFO  ProgressMeter -        chr8:56413639             40.4               4346000         107588.5
16:06:18.845 INFO  ProgressMeter -        chr8:62552059             40.6               4365000         107601.8
16:06:29.368 INFO  ProgressMeter -        chr8:68923797             40.7               4383000         107580.4
16:06:39.626 INFO  ProgressMeter -        chr8:75131667             40.9               4401000         107570.8
16:06:49.945 INFO  ProgressMeter -        chr8:81670488             41.1               4420000         107582.9
16:07:00.027 INFO  ProgressMeter -        chr8:88458499             41.3               4439000         107605.3
16:07:10.157 INFO  ProgressMeter -        chr8:95153799             41.4               4457000         107601.3
16:07:20.185 INFO  ProgressMeter -       chr8:101559654             41.6               4474000         107577.6
16:07:30.425 INFO  ProgressMeter -       chr8:107550780             41.8               4492000         107569.0
16:07:40.861 INFO  ProgressMeter -       chr8:114437524             41.9               4510000         107552.1
16:07:50.975 INFO  ProgressMeter -       chr8:120498546             42.1               4529000         107572.7
16:08:01.492 INFO  ProgressMeter -       chr8:126795111             42.3               4548000         107576.2
16:08:11.559 INFO  ProgressMeter -       chr8:132443800             42.4               4567000         107598.6
16:08:21.932 INFO  ProgressMeter -       chr8:138187133             42.6               4586000         107607.9
16:08:32.498 INFO  ProgressMeter -       chr8:143873141             42.8               4605000         107609.0
16:08:42.926 INFO  ProgressMeter -         chr9:2334017             43.0               4626000         107662.5
16:08:52.981 INFO  ProgressMeter -         chr9:7580455             43.1               4645000         107684.8
16:09:03.473 INFO  ProgressMeter -        chr9:12880142             43.3               4667000         107757.9
16:09:13.676 INFO  ProgressMeter -        chr9:18219576             43.5               4687000         107796.5
16:09:23.733 INFO  ProgressMeter -        chr9:23959992             43.6               4706000         107817.8
16:09:34.218 INFO  ProgressMeter -        chr9:29912307             43.8               4727000         107867.1
16:09:44.586 INFO  ProgressMeter -        chr9:35975316             44.0               4746000         107875.3
16:09:54.958 INFO  ProgressMeter -        chr9:43704036             44.2               4768000         107951.2
16:10:05.299 INFO  ProgressMeter -        chr9:81712887             44.3               4789000         108005.1
16:10:15.806 INFO  ProgressMeter -        chr9:88480696             44.5               4807000         107984.7
16:10:26.166 INFO  ProgressMeter -        chr9:94576791             44.7               4826000         107992.6
16:10:36.408 INFO  ProgressMeter -       chr9:100479100             44.9               4845000         108005.2
16:10:46.541 INFO  ProgressMeter -       chr9:105881396             45.0               4863000         107999.8
16:10:57.137 INFO  ProgressMeter -       chr9:112350791             45.2               4881000         107976.1
16:11:07.180 INFO  ProgressMeter -       chr9:118041482             45.4               4901000         108018.6
16:11:17.425 INFO  ProgressMeter -       chr9:123897069             45.5               4920000         108030.8
16:11:27.845 INFO  ProgressMeter -       chr9:130235477             45.7               4938000         108014.1
16:11:38.423 INFO  ProgressMeter -       chr9:136890173             45.9               4956000         107991.4
16:11:48.481 INFO  ProgressMeter -       chr9:142598481             46.1               4973000         107967.5
16:11:58.719 INFO  ProgressMeter -       chr9:147805955             46.2               4992000         107979.9
16:12:08.764 INFO  ProgressMeter -        chr10:2507213             46.4               5011000         107999.8
16:12:19.149 INFO  ProgressMeter -        chr10:7742343             46.6               5032000         108049.3
16:12:29.546 INFO  ProgressMeter -       chr10:13750081             46.7               5051000         108055.3
16:12:39.962 INFO  ProgressMeter -       chr10:18950901             46.9               5071000         108081.7
16:12:50.080 INFO  ProgressMeter -       chr10:24669989             47.1               5090000         108098.2
16:13:00.536 INFO  ProgressMeter -       chr10:30137677             47.3               5110000         108122.8
16:13:10.740 INFO  ProgressMeter -       chr10:35795118             47.4               5128000         108114.6
16:13:20.832 INFO  ProgressMeter -       chr10:43595670             47.6               5155000         108299.8
16:13:31.398 INFO  ProgressMeter -       chr10:49548993             47.8               5175000         108319.2
16:13:41.984 INFO  ProgressMeter -       chr10:55337890             48.0               5194000         108316.9
16:13:52.181 INFO  ProgressMeter -       chr10:61549068             48.1               5213000         108329.2
16:14:02.803 INFO  ProgressMeter -       chr10:68075915             48.3               5232000         108325.5
16:14:13.016 INFO  ProgressMeter -       chr10:73081022             48.5               5250000         108316.4
16:14:23.411 INFO  ProgressMeter -       chr10:78951626             48.6               5265000         108239.0
16:14:33.490 INFO  ProgressMeter -       chr10:84449279             48.8               5284000         108255.8
16:14:43.965 INFO  ProgressMeter -       chr10:90620580             49.0               5303000         108257.9
16:14:54.516 INFO  ProgressMeter -       chr10:97069453             49.2               5321000         108236.7
16:15:04.748 INFO  ProgressMeter -      chr10:103899863             49.3               5337000         108186.9
16:15:15.141 INFO  ProgressMeter -      chr10:110115863             49.5               5356000         108192.1
16:15:25.576 INFO  ProgressMeter -      chr10:116217690             49.7               5374000         108175.7
16:15:35.980 INFO  ProgressMeter -      chr10:122439596             49.9               5392000         108160.6
16:15:45.986 INFO  ProgressMeter -      chr10:127801810             50.0               5410000         108159.8
16:15:56.173 INFO  ProgressMeter -      chr10:133044731             50.2               5430000         108192.4
16:16:06.641 INFO  ProgressMeter -        chr11:3501670             50.4               5450000         108214.7
16:16:17.149 INFO  ProgressMeter -        chr11:8947422             50.5               5471000         108255.2
16:16:27.744 INFO  ProgressMeter -       chr11:15278423             50.7               5489000         108233.2
16:16:37.984 INFO  ProgressMeter -       chr11:21396737             50.9               5506000         108204.3
16:16:48.216 INFO  ProgressMeter -       chr11:28733337             51.1               5530000         108312.9
16:16:58.355 INFO  ProgressMeter -       chr11:37475972             51.2               5554000         108424.2
16:17:08.495 INFO  ProgressMeter -       chr11:45771652             51.4               5581000         108593.0
16:17:18.944 INFO  ProgressMeter -       chr11:56305847             51.6               5607000         108730.4
16:17:29.325 INFO  ProgressMeter -       chr11:62810583             51.7               5624000         108695.4
16:17:39.856 INFO  ProgressMeter -       chr11:69059888             51.9               5641000         108655.4
16:17:50.120 INFO  ProgressMeter -       chr11:74317749             52.1               5659000         108644.1
16:18:00.280 INFO  ProgressMeter -       chr11:80221441             52.3               5676000         108617.4
16:18:10.383 INFO  ProgressMeter -       chr11:85849787             52.4               5694000         108611.9
16:18:20.436 INFO  ProgressMeter -       chr11:91647025             52.6               5713000         108627.1
16:18:30.617 INFO  ProgressMeter -       chr11:98033286             52.8               5731000         108618.9
16:18:40.752 INFO  ProgressMeter -      chr11:103693884             52.9               5750000         108631.2
16:18:50.997 INFO  ProgressMeter -      chr11:110417788             53.1               5768000         108620.9
16:19:01.123 INFO  ProgressMeter -      chr11:116782518             53.3               5785000         108595.9
16:19:11.661 INFO  ProgressMeter -      chr11:123103244             53.4               5803000         108575.9
16:19:21.821 INFO  ProgressMeter -      chr11:128828009             53.6               5821000         108568.6
16:19:31.923 INFO  ProgressMeter -      chr11:134258642             53.8               5839000         108563.4
16:19:42.354 INFO  ProgressMeter -        chr12:3954933             54.0               5857000         108547.3
16:19:52.392 INFO  ProgressMeter -        chr12:9482054             54.1               5875000         108544.3
16:20:02.781 INFO  ProgressMeter -       chr12:17114433             54.3               5898000         108621.8
16:20:13.120 INFO  ProgressMeter -       chr12:23299124             54.5               5917000         108626.9
16:20:23.374 INFO  ProgressMeter -       chr12:29234653             54.6               5935000         108616.6
16:20:33.446 INFO  ProgressMeter -       chr12:34316780             54.8               5955000         108648.9
16:20:43.584 INFO  ProgressMeter -       chr12:41875474             55.0               5978000         108733.3
16:20:53.863 INFO  ProgressMeter -       chr12:47877399             55.1               5996000         108721.9
16:21:04.064 INFO  ProgressMeter -       chr12:54076433             55.3               6013000         108695.1
16:21:14.504 INFO  ProgressMeter -       chr12:60895264             55.5               6031000         108678.6
16:21:24.948 INFO  ProgressMeter -       chr12:67299612             55.7               6049000         108662.2
16:21:35.264 INFO  ProgressMeter -       chr12:73262355             55.8               6067000         108649.9
16:21:45.393 INFO  ProgressMeter -       chr12:79732288             56.0               6085000         108643.8
16:21:55.693 INFO  ProgressMeter -       chr12:86495873             56.2               6103000         108632.2
16:22:06.027 INFO  ProgressMeter -       chr12:94260789             56.4               6123000         108655.1
16:22:16.405 INFO  ProgressMeter -      chr12:100281004             56.5               6141000         108641.1
16:22:26.678 INFO  ProgressMeter -      chr12:106151727             56.7               6159000         108630.5
16:22:37.024 INFO  ProgressMeter -      chr12:112517583             56.9               6176000         108600.0
16:22:47.616 INFO  ProgressMeter -      chr12:118402975             57.0               6195000         108597.0
16:22:57.636 INFO  ProgressMeter -      chr12:124198893             57.2               6212000         108577.2
16:23:07.686 INFO  ProgressMeter -      chr12:129532441             57.4               6232000         108608.8
16:23:18.062 INFO  ProgressMeter -       chr13:18549078             57.6               6254000         108664.7
16:23:28.252 INFO  ProgressMeter -       chr13:24093758             57.7               6274000         108691.5
16:23:38.597 INFO  ProgressMeter -       chr13:29679748             57.9               6293000         108695.9
16:23:49.032 INFO  ProgressMeter -       chr13:36269971             58.1               6311000         108680.4
16:23:59.148 INFO  ProgressMeter -       chr13:42595922             58.2               6329000         108674.8
16:24:09.404 INFO  ProgressMeter -       chr13:48888025             58.4               6347000         108664.9
16:24:20.012 INFO  ProgressMeter -       chr13:56055620             58.6               6365000         108644.3
16:24:30.267 INFO  ProgressMeter -       chr13:62912402             58.8               6384000         108651.6
16:24:40.679 INFO  ProgressMeter -       chr13:69715676             58.9               6404000         108671.0
16:24:51.155 INFO  ProgressMeter -       chr13:76348196             59.1               6423000         108671.5
16:25:01.265 INFO  ProgressMeter -       chr13:83202019             59.3               6441000         108666.3
16:25:11.309 INFO  ProgressMeter -       chr13:89952845             59.4               6460000         108679.8
16:25:21.502 INFO  ProgressMeter -       chr13:96483690             59.6               6479000         108688.8
16:25:31.924 INFO  ProgressMeter -      chr13:102585158             59.8               6497000         108674.1
16:25:42.452 INFO  ProgressMeter -      chr13:108586193             60.0               6518000         108706.4
16:25:52.667 INFO  ProgressMeter -       chr14:13391398             60.1               6538000         108731.2
16:26:02.978 INFO  ProgressMeter -       chr14:18501751             60.3               6558000         108753.0
16:26:13.566 INFO  ProgressMeter -       chr14:24957208             60.5               6577000         108749.8
16:26:24.016 INFO  ProgressMeter -       chr14:31093046             60.7               6595000         108734.3
16:26:34.041 INFO  ProgressMeter -       chr14:37140523             60.8               6614000         108748.0
16:26:44.224 INFO  ProgressMeter -       chr14:43291745             61.0               6634000         108773.3
16:26:54.239 INFO  ProgressMeter -       chr14:49523712             61.2               6651000         108754.4
16:27:04.652 INFO  ProgressMeter -       chr14:56065602             61.3               6669000         108740.1
16:27:14.747 INFO  ProgressMeter -       chr14:61816291             61.5               6687000         108735.4
16:27:25.094 INFO  ProgressMeter -       chr14:67572459             61.7               6704000         108706.9
16:27:35.626 INFO  ProgressMeter -       chr14:73535333             61.8               6722000         108689.4
16:27:46.080 INFO  ProgressMeter -       chr14:79890570             62.0               6741000         108690.5
16:27:56.202 INFO  ProgressMeter -       chr14:85652353             62.2               6759000         108685.1
16:28:06.429 INFO  ProgressMeter -       chr14:91176081             62.4               6777000         108676.6
16:28:16.953 INFO  ProgressMeter -       chr14:96838403             62.5               6796000         108675.6
16:28:27.243 INFO  ProgressMeter -       chr15:18102832             62.7               6818000         108729.3
16:28:37.566 INFO  ProgressMeter -       chr15:22574098             62.9               6838000         108749.8
16:28:47.796 INFO  ProgressMeter -       chr15:28306177             63.0               6858000         108772.9
16:28:58.123 INFO  ProgressMeter -       chr15:34103877             63.2               6877000         108777.3
16:29:08.331 INFO  ProgressMeter -       chr15:40211324             63.4               6895000         108769.4
16:29:18.937 INFO  ProgressMeter -       chr15:47016667             63.6               6913000         108750.1
16:29:29.391 INFO  ProgressMeter -       chr15:52748122             63.7               6932000         108750.9
16:29:39.680 INFO  ProgressMeter -       chr15:58298625             63.9               6950000         108740.7
16:29:50.044 INFO  ProgressMeter -       chr15:64358533             64.1               6967000         108712.9
16:30:00.525 INFO  ProgressMeter -       chr15:71015366             64.3               6984000         108682.0
16:30:10.748 INFO  ProgressMeter -       chr15:77319001             64.4               7000000         108642.8
16:30:20.952 INFO  ProgressMeter -       chr15:83375442             64.6               7017000         108620.0
16:30:31.189 INFO  ProgressMeter -       chr15:88707151             64.8               7036000         108627.2
16:30:41.728 INFO  ProgressMeter -       chr15:94503965             64.9               7056000         108641.4
16:30:51.919 INFO  ProgressMeter -       chr15:99710835             65.1               7076000         108665.1
16:31:02.296 INFO  ProgressMeter -        chr16:4897860             65.3               7095000         108668.3
16:31:12.675 INFO  ProgressMeter -        chr16:8584064             65.5               7116000         108702.0
16:31:23.033 INFO  ProgressMeter -       chr16:13445368             65.6               7136000         108720.7
16:31:33.406 INFO  ProgressMeter -       chr16:19499782             65.8               7155000         108723.9
16:31:43.706 INFO  ProgressMeter -       chr16:26299100             66.0               7173000         108713.8
16:31:53.884 INFO  ProgressMeter -       chr16:33440022             66.2               7191000         108707.1
16:32:04.021 INFO  ProgressMeter -       chr16:55998634             66.3               7211000         108731.8
16:32:14.495 INFO  ProgressMeter -       chr16:62161413             66.5               7229000         108717.0
16:32:24.801 INFO  ProgressMeter -       chr16:68173025             66.7               7247000         108706.9
16:32:35.029 INFO  ProgressMeter -       chr16:74718987             66.8               7264000         108684.0
16:32:45.033 INFO  ProgressMeter -       chr16:80935345             67.0               7281000         108667.3
16:32:55.314 INFO  ProgressMeter -       chr16:85285144             67.2               7301000         108687.8
16:33:05.465 INFO  ProgressMeter -       chr16:89578528             67.3               7322000         108726.6
16:33:15.704 INFO  ProgressMeter -       chr16:93829383             67.5               7343000         108762.8
16:33:25.994 INFO  ProgressMeter -        chr17:1821465             67.7               7363000         108782.7
16:33:36.230 INFO  ProgressMeter -        chr17:7102329             67.9               7382000         108789.2
16:33:46.513 INFO  ProgressMeter -       chr17:12710260             68.0               7400000         108781.4
16:33:57.131 INFO  ProgressMeter -       chr17:18324609             68.2               7419000         108776.1
16:34:07.695 INFO  ProgressMeter -       chr17:29045962             68.4               7442000         108832.3
16:34:17.968 INFO  ProgressMeter -       chr17:35504949             68.6               7459000         108808.5
16:34:28.437 INFO  ProgressMeter -       chr17:41752114             68.7               7476000         108779.6
16:34:38.478 INFO  ProgressMeter -       chr17:47141802             68.9               7493000         108762.1
16:34:49.099 INFO  ProgressMeter -       chr17:53676680             69.1               7509000         108715.0
16:34:59.452 INFO  ProgressMeter -       chr17:58565499             69.2               7523000         108646.3
16:35:09.985 INFO  ProgressMeter -       chr17:63906883             69.4               7536000         108558.8
16:35:20.593 INFO  ProgressMeter -       chr17:68714491             69.6               7550000         108484.2
16:35:30.650 INFO  ProgressMeter -       chr17:73578279             69.8               7564000         108424.2
16:35:40.909 INFO  ProgressMeter -       chr17:77779493             69.9               7578000         108359.3
16:35:51.454 INFO  ProgressMeter -       chr17:81545035             70.1               7593000         108301.7
16:36:01.915 INFO  ProgressMeter -        chr18:2043575             70.3               7610000         108274.9
16:36:12.338 INFO  ProgressMeter -        chr18:7565449             70.5               7630000         108291.8
16:36:22.551 INFO  ProgressMeter -       chr18:12883345             70.6               7649000         108299.8
16:36:33.024 INFO  ProgressMeter -       chr18:24495719             70.8               7668000         108301.2
16:36:43.264 INFO  ProgressMeter -       chr18:30926560             71.0               7686000         108294.3
16:36:53.510 INFO  ProgressMeter -       chr18:37253646             71.1               7703000         108273.4
16:37:03.715 INFO  ProgressMeter -       chr18:44192186             71.3               7721000         108267.5
16:37:13.829 INFO  ProgressMeter -       chr18:50023525             71.5               7738000         108250.0
16:37:24.093 INFO  ProgressMeter -       chr18:56274443             71.7               7756000         108242.8
16:37:34.560 INFO  ProgressMeter -       chr18:62124712             71.8               7775000         108244.4
16:37:44.628 INFO  ProgressMeter -       chr18:68222534             72.0               7794000         108256.1
16:37:54.892 INFO  ProgressMeter -       chr18:74183898             72.2               7814000         108276.6
16:38:05.420 INFO  ProgressMeter -       chr18:79583146             72.3               7835000         108304.3
16:38:15.672 INFO  ProgressMeter -        chr19:3791750             72.5               7855000         108324.9
16:38:26.072 INFO  ProgressMeter -        chr19:8890421             72.7               7875000         108341.7
16:38:36.187 INFO  ProgressMeter -       chr19:14205110             72.9               7893000         108338.1
16:38:46.529 INFO  ProgressMeter -       chr19:19697703             73.0               7911000         108328.8
16:38:56.624 INFO  ProgressMeter -       chr19:29859157             73.2               7933000         108380.4
16:39:07.045 INFO  ProgressMeter -       chr19:35626926             73.4               7953000         108396.4
16:39:17.439 INFO  ProgressMeter -       chr19:41760075             73.5               7971000         108385.8
16:39:27.677 INFO  ProgressMeter -       chr19:47224839             73.7               7990000         108392.7
16:39:38.112 INFO  ProgressMeter -       chr19:52858628             73.9               8009000         108394.7
16:39:48.219 INFO  ProgressMeter -       chr19:57534376             74.1               8030000         108431.8
16:39:58.284 INFO  ProgressMeter -         chr20:843619             74.2               8051000         108469.6
16:40:08.386 INFO  ProgressMeter -        chr20:6286389             74.4               8070000         108479.5
16:40:18.560 INFO  ProgressMeter -       chr20:12230336             74.6               8088000         108474.2
16:40:29.031 INFO  ProgressMeter -       chr20:18023253             74.7               8107000         108475.2
16:40:39.265 INFO  ProgressMeter -       chr20:24136048             74.9               8125000         108468.5
16:40:49.462 INFO  ProgressMeter -       chr20:34738844             75.1               8147000         108515.9
16:40:59.949 INFO  ProgressMeter -       chr20:41532341             75.3               8164000         108489.8
16:41:10.093 INFO  ProgressMeter -       chr20:47412742             75.4               8181000         108472.0
16:41:20.585 INFO  ProgressMeter -       chr20:53269006             75.6               8200000         108472.4
16:41:30.836 INFO  ProgressMeter -       chr20:58967347             75.8               8220000         108491.8
16:41:40.965 INFO  ProgressMeter -       chr20:64174060             75.9               8239000         108500.8
16:41:51.311 INFO  ProgressMeter -       chr21:12844141             76.1               8264000         108583.5
16:42:01.755 INFO  ProgressMeter -       chr21:18983770             76.3               8285000         108611.0
16:42:12.157 INFO  ProgressMeter -       chr21:24872887             76.5               8306000         108639.4
16:42:22.198 INFO  ProgressMeter -       chr21:30589845             76.6               8325000         108650.1
16:42:32.274 INFO  ProgressMeter -       chr21:36518940             76.8               8342000         108633.8
16:42:42.860 INFO  ProgressMeter -       chr21:41943989             77.0               8361000         108631.7
16:42:53.194 INFO  ProgressMeter -       chr22:16295730             77.1               8384000         108687.3
16:43:03.334 INFO  ProgressMeter -       chr22:21438397             77.3               8405000         108721.4
16:43:13.804 INFO  ProgressMeter -       chr22:26715649             77.5               8426000         108747.5
16:43:24.383 INFO  ProgressMeter -       chr22:32574190             77.7               8444000         108732.4
16:43:34.844 INFO  ProgressMeter -       chr22:37968509             77.8               8463000         108733.0
16:43:45.068 INFO  ProgressMeter -       chr22:43762499             78.0               8480000         108713.3
16:43:55.177 INFO  ProgressMeter -       chr22:48666583             78.2               8499000         108722.1
16:44:05.518 INFO  ProgressMeter -         chrX:1622417             78.3               8524000         108802.0
16:44:15.522 INFO  ProgressMeter -        chrX:11918899             78.5               8551000         108914.9
16:44:25.594 INFO  ProgressMeter -        chrX:24492412             78.7               8577000         109012.9
16:44:35.915 INFO  ProgressMeter -        chrX:36071924             78.9               8604000         109117.5
16:44:46.286 INFO  ProgressMeter -        chrX:49814006             79.0               8630000         109207.9
16:44:56.530 INFO  ProgressMeter -        chrX:67974387             79.2               8655000         109288.1
16:45:06.708 INFO  ProgressMeter -        chrX:81810478             79.4               8681000         109382.1
16:45:16.839 INFO  ProgressMeter -        chrX:93113137             79.5               8712000         109539.7
16:45:27.031 INFO  ProgressMeter -       chrX:107045970             79.7               8739000         109645.0
16:45:37.136 INFO  ProgressMeter -       chrX:119662180             79.9               8767000         109764.4
16:45:47.350 INFO  ProgressMeter -       chrX:133652521             80.0               8794000         109868.2
16:45:57.647 INFO  ProgressMeter -       chrX:146378264             80.2               8824000         110007.2
16:46:07.959 INFO  ProgressMeter -        chrY:16210353             80.4               8844000         110020.8
16:46:09.921 INFO  GetPileupSummaries - 0 read(s) filtered by: MappingQualityAvailableReadFilter 
4875163 read(s) filtered by: MappingQualityNotZeroReadFilter 
0 read(s) filtered by: MappedReadFilter 
147524 read(s) filtered by: PrimaryLineReadFilter 
71696052 read(s) filtered by: NotDuplicateReadFilter 
0 read(s) filtered by: PassesVendorQualityCheckReadFilter 
0 read(s) filtered by: NonZeroReferenceLengthAlignmentReadFilter 
1335222 read(s) filtered by: MateOnSameContigOrNoMappedMateReadFilter 
0 read(s) filtered by: GoodCigarReadFilter 
0 read(s) filtered by: WellformedReadFilter 
78053961 total reads filtered out of 377818410 reads processed
16:46:09.921 INFO  ProgressMeter -        chrY:21512252             80.4               8845276         109991.9
16:46:09.921 INFO  ProgressMeter - Traversal complete. Processed 8845276 total loci in 80.4 minutes.
16:46:09.925 INFO  GetPileupSummaries - Shutting down engine
[July 14, 2024 at 4:46:09 PM CEST] org.broadinstitute.hellbender.tools.walkers.contamination.GetPileupSummaries done. Elapsed time: 81.81 minutes.
Runtime.totalMemory()=19344130048
Tool returned:
SUCCESS
