Sep 27, 2024 2:52:22 PM com.intel.gkl.NativeLibraryLoader load
INFO: Loading libgkl_compression.so from jar:file:/lustre1/project/stg_00096/home/rdewin/system/miniconda/envs/RNA/share/picard-3.1.1-0/picard.jar!/com/intel/gkl/native/libgkl_compression.so
[Fri Sep 27 14:52:22 CEST 2024] AddOrReplaceReadGroups --INPUT results/star/P023/P023_Aligned.sortedByCoord.out.bam --OUTPUT results/star/P023/P023_Aligned.sortedByCoord.withRG.bam --RGID P023 --RGLB lib1 --RGPL illumina --RGPU unit1 --RGSM P023 --VERBOSITY INFO --QUIET false --VALIDATION_STRINGENCY STRICT --COMPRESSION_LEVEL 5 --MAX_RECORDS_IN_RAM 500000 --CREATE_INDEX false --CREATE_MD5_FILE false --help false --version false --showHidden false --USE_JDK_DEFLATER false --USE_JDK_INFLATER false
[Fri Sep 27 14:52:22 CEST 2024] Executing as vsc35407@i28l17 on Linux 4.18.0-513.24.1.el8_9.x86_64 amd64; OpenJDK 64-Bit Server VM 17.0.10-internal+0-adhoc..src; Deflater: Intel; Inflater: Intel; Provider GCS is available; Picard version: Version:3.1.1
INFO	2024-09-27 14:52:22	AddOrReplaceReadGroups	Created read-group ID=P023 PL=illumina LB=lib1 SM=P023

INFO	2024-09-27 14:52:35	AddOrReplaceReadGroups	Processed     1,000,000 records.  Elapsed time: 00:00:12s.  Time for last 1,000,000:   12s.  Last read position: chr1:26,672,955
INFO	2024-09-27 14:52:47	AddOrReplaceReadGroups	Processed     2,000,000 records.  Elapsed time: 00:00:24s.  Time for last 1,000,000:   11s.  Last read position: chr1:67,301,773
INFO	2024-09-27 14:52:56	AddOrReplaceReadGroups	Processed     3,000,000 records.  Elapsed time: 00:00:33s.  Time for last 1,000,000:    9s.  Last read position: chr1:148,975,492
INFO	2024-09-27 14:53:05	AddOrReplaceReadGroups	Processed     4,000,000 records.  Elapsed time: 00:00:43s.  Time for last 1,000,000:    9s.  Last read position: chr1:175,552,138
INFO	2024-09-27 14:53:14	AddOrReplaceReadGroups	Processed     5,000,000 records.  Elapsed time: 00:00:52s.  Time for last 1,000,000:    8s.  Last read position: chr1:235,261,726
INFO	2024-09-27 14:53:23	AddOrReplaceReadGroups	Processed     6,000,000 records.  Elapsed time: 00:01:01s.  Time for last 1,000,000:    8s.  Last read position: chr2:63,847,770
INFO	2024-09-27 14:53:32	AddOrReplaceReadGroups	Processed     7,000,000 records.  Elapsed time: 00:01:10s.  Time for last 1,000,000:    9s.  Last read position: chr2:114,356,554
INFO	2024-09-27 14:53:43	AddOrReplaceReadGroups	Processed     8,000,000 records.  Elapsed time: 00:01:21s.  Time for last 1,000,000:   10s.  Last read position: chr2:216,981,754
INFO	2024-09-27 14:53:52	AddOrReplaceReadGroups	Processed     9,000,000 records.  Elapsed time: 00:01:30s.  Time for last 1,000,000:    9s.  Last read position: chr3:15,741,021
INFO	2024-09-27 14:53:59	AddOrReplaceReadGroups	Processed    10,000,000 records.  Elapsed time: 00:01:36s.  Time for last 1,000,000:    6s.  Last read position: chr3:43,523,178
INFO	2024-09-27 14:54:06	AddOrReplaceReadGroups	Processed    11,000,000 records.  Elapsed time: 00:01:44s.  Time for last 1,000,000:    7s.  Last read position: chr3:124,234,738
INFO	2024-09-27 14:54:14	AddOrReplaceReadGroups	Processed    12,000,000 records.  Elapsed time: 00:01:52s.  Time for last 1,000,000:    7s.  Last read position: chr3:191,113,044
INFO	2024-09-27 14:54:22	AddOrReplaceReadGroups	Processed    13,000,000 records.  Elapsed time: 00:02:00s.  Time for last 1,000,000:    7s.  Last read position: chr4:93,057,830
INFO	2024-09-27 14:54:30	AddOrReplaceReadGroups	Processed    14,000,000 records.  Elapsed time: 00:02:08s.  Time for last 1,000,000:    7s.  Last read position: chr5:55,353,294
INFO	2024-09-27 14:54:38	AddOrReplaceReadGroups	Processed    15,000,000 records.  Elapsed time: 00:02:16s.  Time for last 1,000,000:    8s.  Last read position: chr5:139,952,731
INFO	2024-09-27 14:54:46	AddOrReplaceReadGroups	Processed    16,000,000 records.  Elapsed time: 00:02:23s.  Time for last 1,000,000:    7s.  Last read position: chr6:11,240,119
INFO	2024-09-27 14:54:53	AddOrReplaceReadGroups	Processed    17,000,000 records.  Elapsed time: 00:02:30s.  Time for last 1,000,000:    6s.  Last read position: chr6:31,209,853
INFO	2024-09-27 14:55:00	AddOrReplaceReadGroups	Processed    18,000,000 records.  Elapsed time: 00:02:37s.  Time for last 1,000,000:    7s.  Last read position: chr6:52,835,202
INFO	2024-09-27 14:55:05	AddOrReplaceReadGroups	Processed    19,000,000 records.  Elapsed time: 00:02:43s.  Time for last 1,000,000:    5s.  Last read position: chr6:52,835,307
INFO	2024-09-27 14:55:11	AddOrReplaceReadGroups	Processed    20,000,000 records.  Elapsed time: 00:02:48s.  Time for last 1,000,000:    5s.  Last read position: chr6:52,835,380
INFO	2024-09-27 14:55:18	AddOrReplaceReadGroups	Processed    21,000,000 records.  Elapsed time: 00:02:56s.  Time for last 1,000,000:    7s.  Last read position: chr6:140,145,868
INFO	2024-09-27 14:55:26	AddOrReplaceReadGroups	Processed    22,000,000 records.  Elapsed time: 00:03:03s.  Time for last 1,000,000:    7s.  Last read position: chr7:32,635,431
INFO	2024-09-27 14:55:34	AddOrReplaceReadGroups	Processed    23,000,000 records.  Elapsed time: 00:03:11s.  Time for last 1,000,000:    7s.  Last read position: chr7:101,812,419
INFO	2024-09-27 14:55:42	AddOrReplaceReadGroups	Processed    24,000,000 records.  Elapsed time: 00:03:19s.  Time for last 1,000,000:    7s.  Last read position: chr8:6,732,455
INFO	2024-09-27 14:55:50	AddOrReplaceReadGroups	Processed    25,000,000 records.  Elapsed time: 00:03:27s.  Time for last 1,000,000:    7s.  Last read position: chr8:101,625,835
INFO	2024-09-27 14:55:57	AddOrReplaceReadGroups	Processed    26,000,000 records.  Elapsed time: 00:03:34s.  Time for last 1,000,000:    7s.  Last read position: chr9:19,095,486
INFO	2024-09-27 14:56:04	AddOrReplaceReadGroups	Processed    27,000,000 records.  Elapsed time: 00:03:42s.  Time for last 1,000,000:    7s.  Last read position: chr9:110,311,460
INFO	2024-09-27 14:56:12	AddOrReplaceReadGroups	Processed    28,000,000 records.  Elapsed time: 00:03:50s.  Time for last 1,000,000:    7s.  Last read position: chr10:6,227,417
INFO	2024-09-27 14:56:20	AddOrReplaceReadGroups	Processed    29,000,000 records.  Elapsed time: 00:03:57s.  Time for last 1,000,000:    7s.  Last read position: chr10:74,657,764
INFO	2024-09-27 14:56:28	AddOrReplaceReadGroups	Processed    30,000,000 records.  Elapsed time: 00:04:05s.  Time for last 1,000,000:    8s.  Last read position: chr11:162,059
INFO	2024-09-27 14:56:36	AddOrReplaceReadGroups	Processed    31,000,000 records.  Elapsed time: 00:04:13s.  Time for last 1,000,000:    7s.  Last read position: chr11:61,953,440
INFO	2024-09-27 14:56:42	AddOrReplaceReadGroups	Processed    32,000,000 records.  Elapsed time: 00:04:20s.  Time for last 1,000,000:    6s.  Last read position: chr11:65,998,095
INFO	2024-09-27 14:56:50	AddOrReplaceReadGroups	Processed    33,000,000 records.  Elapsed time: 00:04:28s.  Time for last 1,000,000:    7s.  Last read position: chr12:945,217
INFO	2024-09-27 14:56:58	AddOrReplaceReadGroups	Processed    34,000,000 records.  Elapsed time: 00:04:36s.  Time for last 1,000,000:    7s.  Last read position: chr12:56,612,826
INFO	2024-09-27 14:57:06	AddOrReplaceReadGroups	Processed    35,000,000 records.  Elapsed time: 00:04:43s.  Time for last 1,000,000:    7s.  Last read position: chr12:119,699,947
INFO	2024-09-27 14:57:13	AddOrReplaceReadGroups	Processed    36,000,000 records.  Elapsed time: 00:04:51s.  Time for last 1,000,000:    7s.  Last read position: chr13:31,476,517
INFO	2024-09-27 14:57:21	AddOrReplaceReadGroups	Processed    37,000,000 records.  Elapsed time: 00:04:58s.  Time for last 1,000,000:    7s.  Last read position: chr14:14,540,221
INFO	2024-09-27 14:57:27	AddOrReplaceReadGroups	Processed    38,000,000 records.  Elapsed time: 00:05:05s.  Time for last 1,000,000:    6s.  Last read position: chr14:43,784,896
INFO	2024-09-27 14:57:33	AddOrReplaceReadGroups	Processed    39,000,000 records.  Elapsed time: 00:05:10s.  Time for last 1,000,000:    5s.  Last read position: chr14:43,784,968
INFO	2024-09-27 14:57:39	AddOrReplaceReadGroups	Processed    40,000,000 records.  Elapsed time: 00:05:16s.  Time for last 1,000,000:    5s.  Last read position: chr14:44,058,861
INFO	2024-09-27 14:57:44	AddOrReplaceReadGroups	Processed    41,000,000 records.  Elapsed time: 00:05:22s.  Time for last 1,000,000:    5s.  Last read position: chr14:44,058,983
INFO	2024-09-27 14:57:50	AddOrReplaceReadGroups	Processed    42,000,000 records.  Elapsed time: 00:05:28s.  Time for last 1,000,000:    5s.  Last read position: chr14:44,067,823
INFO	2024-09-27 14:57:56	AddOrReplaceReadGroups	Processed    43,000,000 records.  Elapsed time: 00:05:33s.  Time for last 1,000,000:    5s.  Last read position: chr14:44,067,898
INFO	2024-09-27 14:58:02	AddOrReplaceReadGroups	Processed    44,000,000 records.  Elapsed time: 00:05:39s.  Time for last 1,000,000:    5s.  Last read position: chr14:44,067,966
INFO	2024-09-27 14:58:09	AddOrReplaceReadGroups	Processed    45,000,000 records.  Elapsed time: 00:05:46s.  Time for last 1,000,000:    7s.  Last read position: chr14:83,936,369
INFO	2024-09-27 14:58:16	AddOrReplaceReadGroups	Processed    46,000,000 records.  Elapsed time: 00:05:54s.  Time for last 1,000,000:    7s.  Last read position: chr15:38,789,310
INFO	2024-09-27 14:58:24	AddOrReplaceReadGroups	Processed    47,000,000 records.  Elapsed time: 00:06:02s.  Time for last 1,000,000:    7s.  Last read position: chr15:83,344,871
INFO	2024-09-27 14:58:32	AddOrReplaceReadGroups	Processed    48,000,000 records.  Elapsed time: 00:06:09s.  Time for last 1,000,000:    7s.  Last read position: chr16:21,683,353
INFO	2024-09-27 14:58:40	AddOrReplaceReadGroups	Processed    49,000,000 records.  Elapsed time: 00:06:17s.  Time for last 1,000,000:    7s.  Last read position: chr16:72,545,443
INFO	2024-09-27 14:58:48	AddOrReplaceReadGroups	Processed    50,000,000 records.  Elapsed time: 00:06:25s.  Time for last 1,000,000:    7s.  Last read position: chr17:7,740,566
INFO	2024-09-27 14:58:55	AddOrReplaceReadGroups	Processed    51,000,000 records.  Elapsed time: 00:06:32s.  Time for last 1,000,000:    7s.  Last read position: chr17:36,837,570
INFO	2024-09-27 14:59:03	AddOrReplaceReadGroups	Processed    52,000,000 records.  Elapsed time: 00:06:40s.  Time for last 1,000,000:    7s.  Last read position: chr17:65,370,062
INFO	2024-09-27 14:59:10	AddOrReplaceReadGroups	Processed    53,000,000 records.  Elapsed time: 00:06:48s.  Time for last 1,000,000:    7s.  Last read position: chr18:21,950,477
INFO	2024-09-27 14:59:18	AddOrReplaceReadGroups	Processed    54,000,000 records.  Elapsed time: 00:06:55s.  Time for last 1,000,000:    7s.  Last read position: chr19:7,626,866
INFO	2024-09-27 14:59:25	AddOrReplaceReadGroups	Processed    55,000,000 records.  Elapsed time: 00:07:03s.  Time for last 1,000,000:    7s.  Last read position: chr19:17,533,816
INFO	2024-09-27 14:59:33	AddOrReplaceReadGroups	Processed    56,000,000 records.  Elapsed time: 00:07:10s.  Time for last 1,000,000:    7s.  Last read position: chr19:48,297,376
INFO	2024-09-27 14:59:40	AddOrReplaceReadGroups	Processed    57,000,000 records.  Elapsed time: 00:07:18s.  Time for last 1,000,000:    7s.  Last read position: chr20:3,930,834
INFO	2024-09-27 14:59:48	AddOrReplaceReadGroups	Processed    58,000,000 records.  Elapsed time: 00:07:25s.  Time for last 1,000,000:    7s.  Last read position: chr20:64,184,405
INFO	2024-09-27 14:59:56	AddOrReplaceReadGroups	Processed    59,000,000 records.  Elapsed time: 00:07:33s.  Time for last 1,000,000:    7s.  Last read position: chr22:25,581,094
INFO	2024-09-27 15:00:03	AddOrReplaceReadGroups	Processed    60,000,000 records.  Elapsed time: 00:07:41s.  Time for last 1,000,000:    7s.  Last read position: chr22:50,862,785
INFO	2024-09-27 15:00:11	AddOrReplaceReadGroups	Processed    61,000,000 records.  Elapsed time: 00:07:49s.  Time for last 1,000,000:    7s.  Last read position: chrX:95,936,983
INFO	2024-09-27 15:00:18	AddOrReplaceReadGroups	Processed    62,000,000 records.  Elapsed time: 00:07:56s.  Time for last 1,000,000:    6s.  Last read position: chrM:4,025
INFO	2024-09-27 15:00:24	AddOrReplaceReadGroups	Processed    63,000,000 records.  Elapsed time: 00:08:02s.  Time for last 1,000,000:    6s.  Last read position: chrM:5,602
INFO	2024-09-27 15:00:30	AddOrReplaceReadGroups	Processed    64,000,000 records.  Elapsed time: 00:08:08s.  Time for last 1,000,000:    6s.  Last read position: chrM:6,271
INFO	2024-09-27 15:00:37	AddOrReplaceReadGroups	Processed    65,000,000 records.  Elapsed time: 00:08:14s.  Time for last 1,000,000:    6s.  Last read position: chrM:7,355
INFO	2024-09-27 15:00:43	AddOrReplaceReadGroups	Processed    66,000,000 records.  Elapsed time: 00:08:21s.  Time for last 1,000,000:    6s.  Last read position: chrM:8,795
INFO	2024-09-27 15:00:49	AddOrReplaceReadGroups	Processed    67,000,000 records.  Elapsed time: 00:08:27s.  Time for last 1,000,000:    6s.  Last read position: chrM:10,780
INFO	2024-09-27 15:00:56	AddOrReplaceReadGroups	Processed    68,000,000 records.  Elapsed time: 00:08:33s.  Time for last 1,000,000:    6s.  Last read position: chrM:13,497
[Fri Sep 27 15:00:59 CEST 2024] picard.sam.AddOrReplaceReadGroups done. Elapsed time: 8.62 minutes.
Runtime.totalMemory()=538968064
