[E::hts_open_format] Failed to open file "sorttmp_{wildcards.sample}_{wildcards.datatype}_{wildcards.alias}.0000.bam" : File exists
samtools sort: failed to create "sorttmp_{wildcards.sample}_{wildcards.datatype}_{wildcards.alias}.0000.bam": File exists
[E::hts_open_format] Failed to open file "sorttmp_{wildcards.sample}_{wildcards.datatype}_{wildcards.alias}.0000-001.bam" : File exists
samtools sort: failed to create "sorttmp_{wildcards.sample}_{wildcards.datatype}_{wildcards.alias}.0000-001.bam": File exists
[E::hts_open_format] Failed to open file "sorttmp_{wildcards.sample}_{wildcards.datatype}_{wildcards.alias}.0000-002.bam" : File exists
samtools sort: failed to create "sorttmp_{wildcards.sample}_{wildcards.datatype}_{wildcards.alias}.0000-002.bam": File exists
[E::hts_open_format] Failed to open file "sorttmp_{wildcards.sample}_{wildcards.datatype}_{wildcards.alias}.0001.bam" : File exists
samtools sort: failed to create "sorttmp_{wildcards.sample}_{wildcards.datatype}_{wildcards.alias}.0001.bam": File exists
[E::hts_open_format] Failed to open file "sorttmp_{wildcards.sample}_{wildcards.datatype}_{wildcards.alias}.0001-001.bam" : File exists
samtools sort: failed to create "sorttmp_{wildcards.sample}_{wildcards.datatype}_{wildcards.alias}.0001-001.bam": File exists
[E::hts_open_format] Failed to open file "sorttmp_{wildcards.sample}_{wildcards.datatype}_{wildcards.alias}.0001-002.bam" : File exists
samtools sort: failed to create "sorttmp_{wildcards.sample}_{wildcards.datatype}_{wildcards.alias}.0001-002.bam": File exists
[E::hts_open_format] Failed to open file "sorttmp_{wildcards.sample}_{wildcards.datatype}_{wildcards.alias}.0002.bam" : File exists
samtools sort: failed to create "sorttmp_{wildcards.sample}_{wildcards.datatype}_{wildcards.alias}.0002.bam": File exists
[E::hts_open_format] Failed to open file "sorttmp_{wildcards.sample}_{wildcards.datatype}_{wildcards.alias}.0002-001.bam" : File exists
samtools sort: failed to create "sorttmp_{wildcards.sample}_{wildcards.datatype}_{wildcards.alias}.0002-001.bam": File exists
[E::hts_open_format] Failed to open file "sorttmp_{wildcards.sample}_{wildcards.datatype}_{wildcards.alias}.0002-002.bam" : File exists
samtools sort: failed to create "sorttmp_{wildcards.sample}_{wildcards.datatype}_{wildcards.alias}.0002-002.bam": File exists
[E::hts_open_format] Failed to open file "sorttmp_{wildcards.sample}_{wildcards.datatype}_{wildcards.alias}.0003.bam" : File exists
samtools sort: failed to create "sorttmp_{wildcards.sample}_{wildcards.datatype}_{wildcards.alias}.0003.bam": File exists
[E::hts_open_format] Failed to open file "sorttmp_{wildcards.sample}_{wildcards.datatype}_{wildcards.alias}.0003-001.bam" : File exists
samtools sort: failed to create "sorttmp_{wildcards.sample}_{wildcards.datatype}_{wildcards.alias}.0003-001.bam": File exists
[E::hts_open_format] Failed to open file "sorttmp_{wildcards.sample}_{wildcards.datatype}_{wildcards.alias}.0003-002.bam" : File exists
samtools sort: failed to create "sorttmp_{wildcards.sample}_{wildcards.datatype}_{wildcards.alias}.0003-002.bam": File exists
[E::hts_open_format] Failed to open file "sorttmp_{wildcards.sample}_{wildcards.datatype}_{wildcards.alias}.0004.bam" : File exists
samtools sort: failed to create "sorttmp_{wildcards.sample}_{wildcards.datatype}_{wildcards.alias}.0004.bam": File exists
[E::hts_open_format] Failed to open file "sorttmp_{wildcards.sample}_{wildcards.datatype}_{wildcards.alias}.0004-001.bam" : File exists
samtools sort: failed to create "sorttmp_{wildcards.sample}_{wildcards.datatype}_{wildcards.alias}.0004-001.bam": File exists
[E::hts_open_format] Failed to open file "sorttmp_{wildcards.sample}_{wildcards.datatype}_{wildcards.alias}.0004-002.bam" : File exists
samtools sort: failed to create "sorttmp_{wildcards.sample}_{wildcards.datatype}_{wildcards.alias}.0004-002.bam": File exists
[E::hts_open_format] Failed to open file "sorttmp_{wildcards.sample}_{wildcards.datatype}_{wildcards.alias}.0005.bam" : File exists
samtools sort: failed to create "sorttmp_{wildcards.sample}_{wildcards.datatype}_{wildcards.alias}.0005.bam": File exists
[E::hts_open_format] Failed to open file "sorttmp_{wildcards.sample}_{wildcards.datatype}_{wildcards.alias}.0005-001.bam" : File exists
samtools sort: failed to create "sorttmp_{wildcards.sample}_{wildcards.datatype}_{wildcards.alias}.0005-001.bam": File exists
[E::hts_open_format] Failed to open file "sorttmp_{wildcards.sample}_{wildcards.datatype}_{wildcards.alias}.0005-002.bam" : File exists
samtools sort: failed to create "sorttmp_{wildcards.sample}_{wildcards.datatype}_{wildcards.alias}.0005-002.bam": File exists
[E::hts_open_format] Failed to open file "sorttmp_{wildcards.sample}_{wildcards.datatype}_{wildcards.alias}.0006.bam" : File exists
samtools sort: failed to create "sorttmp_{wildcards.sample}_{wildcards.datatype}_{wildcards.alias}.0006.bam": File exists
[E::hts_open_format] Failed to open file "sorttmp_{wildcards.sample}_{wildcards.datatype}_{wildcards.alias}.0006-001.bam" : File exists
samtools sort: failed to create "sorttmp_{wildcards.sample}_{wildcards.datatype}_{wildcards.alias}.0006-001.bam": File exists
[E::hts_open_format] Failed to open file "sorttmp_{wildcards.sample}_{wildcards.datatype}_{wildcards.alias}.0006-002.bam" : File exists
samtools sort: failed to create "sorttmp_{wildcards.sample}_{wildcards.datatype}_{wildcards.alias}.0006-002.bam": File exists
[E::hts_open_format] Failed to open file "sorttmp_{wildcards.sample}_{wildcards.datatype}_{wildcards.alias}.0007.bam" : File exists
samtools sort: failed to create "sorttmp_{wildcards.sample}_{wildcards.datatype}_{wildcards.alias}.0007.bam": File exists
[E::hts_open_format] Failed to open file "sorttmp_{wildcards.sample}_{wildcards.datatype}_{wildcards.alias}.0007-001.bam" : File exists
samtools sort: failed to create "sorttmp_{wildcards.sample}_{wildcards.datatype}_{wildcards.alias}.0007-001.bam": File exists
[E::hts_open_format] Failed to open file "sorttmp_{wildcards.sample}_{wildcards.datatype}_{wildcards.alias}.0007-002.bam" : File exists
samtools sort: failed to create "sorttmp_{wildcards.sample}_{wildcards.datatype}_{wildcards.alias}.0007-002.bam": File exists
[E::hts_open_format] Failed to open file "sorttmp_{wildcards.sample}_{wildcards.datatype}_{wildcards.alias}.0008.bam" : File exists
samtools sort: failed to create "sorttmp_{wildcards.sample}_{wildcards.datatype}_{wildcards.alias}.0008.bam": File exists
[E::hts_open_format] Failed to open file "sorttmp_{wildcards.sample}_{wildcards.datatype}_{wildcards.alias}.0009.bam" : File exists
samtools sort: failed to create "sorttmp_{wildcards.sample}_{wildcards.datatype}_{wildcards.alias}.0009.bam": File exists
[E::hts_open_format] Failed to open file "sorttmp_{wildcards.sample}_{wildcards.datatype}_{wildcards.alias}.0010.bam" : File exists
samtools sort: failed to create "sorttmp_{wildcards.sample}_{wildcards.datatype}_{wildcards.alias}.0010.bam": File exists
[E::hts_open_format] Failed to open file "sorttmp_{wildcards.sample}_{wildcards.datatype}_{wildcards.alias}.0010-001.bam" : File exists
samtools sort: failed to create "sorttmp_{wildcards.sample}_{wildcards.datatype}_{wildcards.alias}.0010-001.bam": File exists
[E::hts_open_format] Failed to open file "sorttmp_{wildcards.sample}_{wildcards.datatype}_{wildcards.alias}.0011.bam" : File exists
samtools sort: failed to create "sorttmp_{wildcards.sample}_{wildcards.datatype}_{wildcards.alias}.0011.bam": File exists
[E::hts_open_format] Failed to open file "sorttmp_{wildcards.sample}_{wildcards.datatype}_{wildcards.alias}.0011-001.bam" : File exists
samtools sort: failed to create "sorttmp_{wildcards.sample}_{wildcards.datatype}_{wildcards.alias}.0011-001.bam": File exists
[bam_sort_core] merging from 12 files and 18 in-memory blocks...
