Using GATK jar /lustre1/project/stg_00096/home/rdewin/system/miniconda/envs/WGS/share/gatk4-4.5.0.0-0/gatk-package-4.5.0.0-local.jar
Running:
    java -Dsamjdk.use_async_io_read_samtools=false -Dsamjdk.use_async_io_write_samtools=true -Dsamjdk.use_async_io_write_tribble=false -Dsamjdk.compression_level=2 -jar /lustre1/project/stg_00096/home/rdewin/system/miniconda/envs/WGS/share/gatk4-4.5.0.0-0/gatk-package-4.5.0.0-local.jar BaseRecalibrator -I results/mapped_reads/P022/P022_dna_normal.marked.bam -R resources/genome.fa --known-sites resources/dbSNPv155_common.vcf.gz -O results/recal/P022/P022_dna_normal_recal_data.table
16:26:41.393 INFO  NativeLibraryLoader - Loading libgkl_compression.so from jar:file:/lustre1/project/stg_00096/home/rdewin/system/miniconda/envs/WGS/share/gatk4-4.5.0.0-0/gatk-package-4.5.0.0-local.jar!/com/intel/gkl/native/libgkl_compression.so
16:26:41.622 INFO  BaseRecalibrator - ------------------------------------------------------------
16:26:41.624 INFO  BaseRecalibrator - The Genome Analysis Toolkit (GATK) v4.5.0.0
16:26:41.624 INFO  BaseRecalibrator - For support and documentation go to https://software.broadinstitute.org/gatk/
16:26:41.624 INFO  BaseRecalibrator - Executing as vsc35407@i28l15 on Linux v4.18.0-513.24.1.el8_9.x86_64 amd64
16:26:41.624 INFO  BaseRecalibrator - Java runtime: OpenJDK 64-Bit Server VM v17.0.10-internal+0-adhoc..src
16:26:41.624 INFO  BaseRecalibrator - Start Date/Time: June 24, 2024 at 4:26:41 PM CEST
16:26:41.624 INFO  BaseRecalibrator - ------------------------------------------------------------
16:26:41.625 INFO  BaseRecalibrator - ------------------------------------------------------------
16:26:41.625 INFO  BaseRecalibrator - HTSJDK Version: 4.1.0
16:26:41.625 INFO  BaseRecalibrator - Picard Version: 3.1.1
16:26:41.625 INFO  BaseRecalibrator - Built for Spark Version: 3.5.0
16:26:41.625 INFO  BaseRecalibrator - HTSJDK Defaults.COMPRESSION_LEVEL : 2
16:26:41.625 INFO  BaseRecalibrator - HTSJDK Defaults.USE_ASYNC_IO_READ_FOR_SAMTOOLS : false
16:26:41.626 INFO  BaseRecalibrator - HTSJDK Defaults.USE_ASYNC_IO_WRITE_FOR_SAMTOOLS : true
16:26:41.626 INFO  BaseRecalibrator - HTSJDK Defaults.USE_ASYNC_IO_WRITE_FOR_TRIBBLE : false
16:26:41.626 INFO  BaseRecalibrator - Deflater: IntelDeflater
16:26:41.626 INFO  BaseRecalibrator - Inflater: IntelInflater
16:26:41.626 INFO  BaseRecalibrator - GCS max retries/reopens: 20
16:26:41.626 INFO  BaseRecalibrator - Requester pays: disabled
16:26:41.626 INFO  BaseRecalibrator - Initializing engine
16:26:41.815 INFO  FeatureManager - Using codec VCFCodec to read file file:///lustre1/project/stg_00096/home/rdewin/WGS/resources/dbSNPv155_common.vcf.gz
16:26:41.934 INFO  BaseRecalibrator - Done initializing engine
16:26:41.938 INFO  BaseRecalibrationEngine - The covariates being used here: 
16:26:41.938 INFO  BaseRecalibrationEngine - 	ReadGroupCovariate
16:26:41.938 INFO  BaseRecalibrationEngine - 	QualityScoreCovariate
16:26:41.938 INFO  BaseRecalibrationEngine - 	ContextCovariate
16:26:41.938 INFO  BaseRecalibrationEngine - 	CycleCovariate
16:26:41.940 INFO  ProgressMeter - Starting traversal
16:26:41.940 INFO  ProgressMeter -        Current Locus  Elapsed Minutes       Reads Processed     Reads/Minute
16:26:51.947 INFO  ProgressMeter -         chr1:3295188              0.2                600000        3598560.6
16:27:01.949 INFO  ProgressMeter -         chr1:6838352              0.3               1253000        3757309.2
16:27:11.950 INFO  ProgressMeter -        chr1:10439989              0.5               1901000        3800733.1
16:27:21.956 INFO  ProgressMeter -        chr1:13906375              0.7               2519000        3777083.6
16:27:31.967 INFO  ProgressMeter -        chr1:17746764              0.8               3176000        3809219.2
16:27:41.968 INFO  ProgressMeter -        chr1:21391083              1.0               3842000        3840207.9
16:27:51.971 INFO  ProgressMeter -        chr1:25020549              1.2               4502000        3857204.1
16:28:01.982 INFO  ProgressMeter -        chr1:28923627              1.3               5188000        3888958.3
16:28:11.991 INFO  ProgressMeter -        chr1:32562812              1.5               5852000        3899123.8
16:28:22.000 INFO  ProgressMeter -        chr1:36289841              1.7               6520000        3909654.2
16:28:32.008 INFO  ProgressMeter -        chr1:40008356              1.8               7192000        3920521.1
16:28:42.007 INFO  ProgressMeter -        chr1:43572895              2.0               7838000        3916813.1
16:28:52.008 INFO  ProgressMeter -        chr1:47372830              2.2               8521000        3930713.2
16:29:02.009 INFO  ProgressMeter -        chr1:51245175              2.3               9209000        3944770.1
16:29:12.018 INFO  ProgressMeter -        chr1:54971057              2.5               9876000        3948346.9
16:29:22.028 INFO  ProgressMeter -        chr1:58751227              2.7              10548000        3953350.4
16:29:32.038 INFO  ProgressMeter -        chr1:62567557              2.8              11222000        3958447.2
16:29:42.044 INFO  ProgressMeter -        chr1:66427052              3.0              11899000        3964043.0
16:29:52.061 INFO  ProgressMeter -        chr1:70302578              3.2              12572000        3967578.5
16:30:02.071 INFO  ProgressMeter -        chr1:74366291              3.3              13256000        3974196.9
16:30:12.082 INFO  ProgressMeter -        chr1:78159244              3.5              13912000        3972190.1
16:30:22.083 INFO  ProgressMeter -        chr1:81916960              3.7              14548000        3965077.1
16:30:32.090 INFO  ProgressMeter -        chr1:85831757              3.8              15221000        3968107.8
16:30:42.090 INFO  ProgressMeter -        chr1:89689390              4.0              15899000        3972267.3
16:30:52.095 INFO  ProgressMeter -        chr1:93599364              4.2              16583000        3977469.9
16:31:02.097 INFO  ProgressMeter -        chr1:97452135              4.3              17261000        3980919.1
16:31:12.097 INFO  ProgressMeter -       chr1:101367850              4.5              17941000        3984571.9
16:31:22.110 INFO  ProgressMeter -       chr1:105591557              4.7              18591000        3981368.5
16:31:32.118 INFO  ProgressMeter -       chr1:109590884              4.8              19265000        3983417.1
16:31:42.126 INFO  ProgressMeter -       chr1:113221121              5.0              19918000        3981131.7
16:31:52.134 INFO  ProgressMeter -       chr1:117028324              5.2              20594000        3983442.6
16:32:02.140 INFO  ProgressMeter -       chr1:121209022              5.3              21262000        3984134.9
16:32:12.149 INFO  ProgressMeter -       chr1:129735955              5.5              21891000        3977662.6
16:32:22.161 INFO  ProgressMeter -       chr1:145080987              5.7              22435000        3956545.9
16:32:32.172 INFO  ProgressMeter -       chr1:149763822              5.8              23074000        3952922.6
16:32:42.198 INFO  ProgressMeter -       chr1:153599635              6.0              23750000        3955509.5
16:32:52.210 INFO  ProgressMeter -       chr1:157312382              6.2              24427000        3958246.7
16:33:02.217 INFO  ProgressMeter -       chr1:161346556              6.3              25098000        3959955.5
16:33:12.225 INFO  ProgressMeter -       chr1:165051636              6.5              25756000        3959568.0
16:33:22.233 INFO  ProgressMeter -       chr1:168809853              6.7              26422000        3960408.9
16:33:32.240 INFO  ProgressMeter -       chr1:172535312              6.8              27076000        3959444.3
16:33:42.249 INFO  ProgressMeter -       chr1:176177739              7.0              27717000        3956660.5
16:33:52.250 INFO  ProgressMeter -       chr1:179968717              7.2              28385000        3957844.3
16:34:02.261 INFO  ProgressMeter -       chr1:183769061              7.3              29061000        3959974.7
16:34:12.271 INFO  ProgressMeter -       chr1:187632808              7.5              29726000        3960553.5
16:34:22.273 INFO  ProgressMeter -       chr1:191601646              7.7              30389000        3960923.9
16:34:32.278 INFO  ProgressMeter -       chr1:195576977              7.8              31062000        3962512.1
16:34:42.280 INFO  ProgressMeter -       chr1:199472643              8.0              31746000        3965449.4
16:34:52.287 INFO  ProgressMeter -       chr1:203185026              8.2              32416000        3966497.2
16:35:02.298 INFO  ProgressMeter -       chr1:206986803              8.3              33094000        3968438.6
16:35:12.305 INFO  ProgressMeter -       chr1:210720492              8.5              33761000        3969041.8
16:35:22.318 INFO  ProgressMeter -       chr1:214293706              8.7              34393000        3965548.1
16:35:32.319 INFO  ProgressMeter -       chr1:218165114              8.8              35057000        3965881.0
16:35:42.333 INFO  ProgressMeter -       chr1:222050153              9.0              35734000        3967556.9
16:35:52.344 INFO  ProgressMeter -       chr1:225810849              9.2              36403000        3968321.5
16:36:02.350 INFO  ProgressMeter -       chr1:229778145              9.3              37075000        3969415.2
16:36:12.352 INFO  ProgressMeter -       chr1:233567457              9.5              37745000        3970288.1
16:36:22.353 INFO  ProgressMeter -       chr1:237304273              9.7              38394000        3968966.9
16:36:32.355 INFO  ProgressMeter -       chr1:241055235              9.8              39038000        3967182.4
16:36:42.356 INFO  ProgressMeter -       chr1:244889896             10.0              39697000        3966949.6
16:36:52.369 INFO  ProgressMeter -           chr2:85053             10.2              40318000        3962917.9
16:37:02.381 INFO  ProgressMeter -         chr2:3725480             10.3              40967000        3961736.8
16:37:12.393 INFO  ProgressMeter -         chr2:7454152             10.5              41623000        3961253.2
16:37:22.404 INFO  ProgressMeter -        chr2:11156913             10.7              42293000        3962102.4
16:37:32.409 INFO  ProgressMeter -        chr2:14968271             10.8              42962000        3962863.7
16:37:42.418 INFO  ProgressMeter -        chr2:18570873             11.0              43602000        3960949.5
16:37:52.424 INFO  ProgressMeter -        chr2:22382864             11.2              44270000        3961621.7
16:38:02.428 INFO  ProgressMeter -        chr2:26103541             11.3              44934000        3961927.3
16:38:12.431 INFO  ProgressMeter -        chr2:29837794             11.5              45606000        3962919.1
16:38:22.445 INFO  ProgressMeter -        chr2:33572974             11.7              46271000        3963232.2
16:38:32.446 INFO  ProgressMeter -        chr2:37289504             11.8              46907000        3961148.8
16:38:42.449 INFO  ProgressMeter -        chr2:41051907             12.0              47565000        3960955.3
16:38:52.449 INFO  ProgressMeter -        chr2:44822016             12.2              48229000        3961265.4
16:39:02.453 INFO  ProgressMeter -        chr2:48524530             12.3              48892000        3961470.0
16:39:12.465 INFO  ProgressMeter -        chr2:52388116             12.5              49555000        3961632.1
16:39:22.472 INFO  ProgressMeter -        chr2:56158607             12.7              50213000        3961411.2
16:39:32.479 INFO  ProgressMeter -        chr2:60067228             12.8              50892000        3962836.4
16:39:42.492 INFO  ProgressMeter -        chr2:63893383             13.0              51565000        3963733.4
16:39:52.504 INFO  ProgressMeter -        chr2:67672784             13.2              52233000        3964238.1
16:40:02.505 INFO  ProgressMeter -        chr2:71408291             13.3              52900000        3964699.9
16:40:12.506 INFO  ProgressMeter -        chr2:75237119             13.5              53584000        3966413.6
16:40:22.509 INFO  ProgressMeter -        chr2:79134050             13.7              54247000        3966540.3
16:40:32.520 INFO  ProgressMeter -        chr2:82991669             13.8              54909000        3966553.5
16:40:42.522 INFO  ProgressMeter -        chr2:86651357             14.0              55553000        3965324.0
16:40:52.527 INFO  ProgressMeter -        chr2:92091203             14.2              56165000        3961852.2
16:41:02.537 INFO  ProgressMeter -        chr2:97866166             14.3              56776000        3958368.4
16:41:12.539 INFO  ProgressMeter -       chr2:101752095             14.5              57447000        3959136.2
16:41:22.541 INFO  ProgressMeter -       chr2:105635977             14.7              58128000        3960567.8
16:41:32.553 INFO  ProgressMeter -       chr2:109426947             14.8              58789000        3960579.9
16:41:42.560 INFO  ProgressMeter -       chr2:113689125             15.0              59459000        3961204.5
16:41:52.564 INFO  ProgressMeter -       chr2:117642533             15.2              60133000        3962096.3
16:42:02.569 INFO  ProgressMeter -       chr2:121414644             15.3              60806000        3962903.6
16:42:12.575 INFO  ProgressMeter -       chr2:125222966             15.5              61467000        3962907.0
16:42:22.646 INFO  ProgressMeter -       chr2:128881298             15.7              62116000        3961875.4
16:42:32.654 INFO  ProgressMeter -       chr2:132775937             15.8              62763000        3961001.9
16:42:42.664 INFO  ProgressMeter -       chr2:136619522             16.0              63434000        3961637.3
16:42:52.671 INFO  ProgressMeter -       chr2:140457659             16.2              64098000        3961839.1
16:43:02.677 INFO  ProgressMeter -       chr2:144360492             16.3              64765000        3962224.3
16:43:12.681 INFO  ProgressMeter -       chr2:148326045             16.5              65456000        3964063.3
16:43:22.686 INFO  ProgressMeter -       chr2:152249651             16.7              66139000        3965385.8
16:43:32.695 INFO  ProgressMeter -       chr2:156181340             16.8              66813000        3966124.3
16:43:42.695 INFO  ProgressMeter -       chr2:160087711             17.0              67491000        3967122.4
16:43:52.702 INFO  ProgressMeter -       chr2:163992288             17.2              68165000        3967841.3
16:44:02.715 INFO  ProgressMeter -       chr2:167946577             17.3              68840000        3968584.9
16:44:12.729 INFO  ProgressMeter -       chr2:171726579             17.5              69502000        3968560.8
16:44:22.742 INFO  ProgressMeter -       chr2:175463381             17.7              70161000        3968374.9
16:44:32.756 INFO  ProgressMeter -       chr2:179266356             17.8              70828000        3968637.0
16:44:42.770 INFO  ProgressMeter -       chr2:183140709             18.0              71503000        3969338.4
16:44:52.783 INFO  ProgressMeter -       chr2:187105586             18.2              72172000        3969700.5
16:45:02.787 INFO  ProgressMeter -       chr2:191028871             18.3              72850000        3970579.0
16:45:12.799 INFO  ProgressMeter -       chr2:195052015             18.5              73536000        3971845.2
16:45:22.803 INFO  ProgressMeter -       chr2:198850072             18.7              74198000        3971832.4
16:45:32.809 INFO  ProgressMeter -       chr2:202738267             18.8              74878000        3972767.8
16:45:42.824 INFO  ProgressMeter -       chr2:206647270             19.0              75560000        3973760.7
16:45:52.832 INFO  ProgressMeter -       chr2:210533933             19.2              76237000        3974499.8
16:46:02.844 INFO  ProgressMeter -       chr2:214495361             19.3              76907000        3974850.6
16:46:12.855 INFO  ProgressMeter -       chr2:218266639             19.5              77570000        3974840.2
16:46:22.869 INFO  ProgressMeter -       chr2:221953428             19.7              78230000        3974670.8
16:46:32.876 INFO  ProgressMeter -       chr2:225803416             19.8              78899000        3974974.3
16:46:42.881 INFO  ProgressMeter -       chr2:229619679             20.0              79556000        3974683.2
16:46:52.890 INFO  ProgressMeter -       chr2:233267460             20.2              80210000        3974235.1
16:47:02.904 INFO  ProgressMeter -       chr2:236840554             20.3              80859000        3973532.4
16:47:12.916 INFO  ProgressMeter -       chr2:240444267             20.5              81520000        3973432.5
16:47:22.925 INFO  ProgressMeter -         chr3:1239222             20.7              82140000        3971364.7
16:47:32.939 INFO  ProgressMeter -         chr3:4783617             20.8              82752000        3968927.2
16:47:42.953 INFO  ProgressMeter -         chr3:8398422             21.0              83381000        3967334.2
16:47:52.953 INFO  ProgressMeter -        chr3:11969897             21.2              84028000        3966662.8
16:48:02.956 INFO  ProgressMeter -        chr3:15516490             21.4              84675000        3965995.7
16:48:12.962 INFO  ProgressMeter -        chr3:18938331             21.5              85282000        3963464.6
16:48:22.977 INFO  ProgressMeter -        chr3:22497361             21.7              85898000        3961366.2
16:48:32.976 INFO  ProgressMeter -        chr3:25968072             21.9              86503000        3958838.7
16:48:42.980 INFO  ProgressMeter -        chr3:29567403             22.0              87117000        3956749.2
16:48:52.979 INFO  ProgressMeter -        chr3:33093229             22.2              87731000        3954700.1
16:49:02.991 INFO  ProgressMeter -        chr3:36859998             22.4              88386000        3954480.5
16:49:12.999 INFO  ProgressMeter -        chr3:40503810             22.5              89041000        3954278.8
16:49:22.998 INFO  ProgressMeter -        chr3:44216301             22.7              89703000        3954409.0
16:49:33.008 INFO  ProgressMeter -        chr3:47839272             22.9              90359000        3954248.8
16:49:43.008 INFO  ProgressMeter -        chr3:51300831             23.0              90987000        3952897.3
16:49:53.015 INFO  ProgressMeter -        chr3:54837773             23.2              91632000        3952281.5
16:50:03.020 INFO  ProgressMeter -        chr3:58016345             23.4              92189000        3947911.6
16:50:13.026 INFO  ProgressMeter -        chr3:61422293             23.5              92792000        3945556.8
16:50:23.036 INFO  ProgressMeter -        chr3:64732948             23.7              93375000        3942382.5
16:50:33.046 INFO  ProgressMeter -        chr3:68376616             23.9              94011000        3941469.0
16:50:43.053 INFO  ProgressMeter -        chr3:72068095             24.0              94662000        3941203.8
16:50:53.064 INFO  ProgressMeter -        chr3:75693109             24.2              95296000        3940228.4
16:51:03.076 INFO  ProgressMeter -        chr3:79460468             24.4              95932000        3939345.8
16:51:13.084 INFO  ProgressMeter -        chr3:83332636             24.5              96581000        3939016.2
16:51:23.094 INFO  ProgressMeter -        chr3:87098627             24.7              97208000        3937797.1
16:51:33.105 INFO  ProgressMeter -        chr3:90916026             24.9              97846000        3937029.1
16:51:43.186 INFO  ProgressMeter -        chr3:98880328             25.0              98460000        3935131.2
16:51:53.198 INFO  ProgressMeter -       chr3:102266852             25.2              99041000        3932128.1
16:52:03.205 INFO  ProgressMeter -       chr3:105917423             25.4              99677000        3931346.6
16:52:13.215 INFO  ProgressMeter -       chr3:109659596             25.5             100309000        3930410.9
16:52:23.228 INFO  ProgressMeter -       chr3:113423737             25.7             100962000        3930297.3
16:52:33.240 INFO  ProgressMeter -       chr3:117057945             25.9             101597000        3929491.4
16:52:43.247 INFO  ProgressMeter -       chr3:120882560             26.0             102257000        3929671.7
16:52:53.248 INFO  ProgressMeter -       chr3:124544989             26.2             102895000        3929019.6
16:53:03.254 INFO  ProgressMeter -       chr3:128135076             26.4             103536000        3928479.7
16:53:13.267 INFO  ProgressMeter -       chr3:131400949             26.5             104135000        3926345.7
16:53:23.270 INFO  ProgressMeter -       chr3:134872023             26.7             104757000        3925124.7
16:53:33.280 INFO  ProgressMeter -       chr3:138539027             26.9             105409000        3925018.9
16:53:43.288 INFO  ProgressMeter -       chr3:142369638             27.0             106082000        3925698.8
16:53:53.301 INFO  ProgressMeter -       chr3:146032984             27.2             106735000        3925620.3
16:54:03.303 INFO  ProgressMeter -       chr3:149858355             27.4             107392000        3925713.0
16:54:13.316 INFO  ProgressMeter -       chr3:153703711             27.5             108059000        3926144.0
16:54:23.326 INFO  ProgressMeter -       chr3:157532629             27.7             108727000        3926613.1
16:54:33.338 INFO  ProgressMeter -       chr3:161384221             27.9             109399000        3927217.8
16:54:43.345 INFO  ProgressMeter -       chr3:165118487             28.0             110052000        3927144.3
16:54:53.351 INFO  ProgressMeter -       chr3:169107399             28.2             110701000        3926934.4
16:55:03.367 INFO  ProgressMeter -       chr3:173024134             28.4             111377000        3927658.3
16:55:13.369 INFO  ProgressMeter -       chr3:176767994             28.5             112035000        3927770.3
16:55:23.377 INFO  ProgressMeter -       chr3:180711789             28.7             112701000        3928148.4
16:55:33.379 INFO  ProgressMeter -       chr3:184664424             28.9             113376000        3928849.9
16:55:43.380 INFO  ProgressMeter -       chr3:188442557             29.0             114044000        3929302.1
16:55:53.391 INFO  ProgressMeter -       chr3:192215156             29.2             114706000        3929521.3
16:56:03.410 INFO  ProgressMeter -       chr3:196017152             29.4             115357000        3929343.1
16:56:13.417 INFO  ProgressMeter -       chr3:199487804             29.5             115994000        3928721.6
16:56:23.422 INFO  ProgressMeter -         chr4:2086789             29.7             116631000        3928111.5
16:56:33.424 INFO  ProgressMeter -         chr4:5621255             29.9             117279000        3927883.3
16:56:43.437 INFO  ProgressMeter -         chr4:8928574             30.0             117892000        3926467.8
16:56:53.442 INFO  ProgressMeter -        chr4:12923210             30.2             118545000        3926410.2
16:57:03.448 INFO  ProgressMeter -        chr4:16733986             30.4             119211000        3926779.3
16:57:13.456 INFO  ProgressMeter -        chr4:20632716             30.5             119881000        3927273.3
16:57:23.456 INFO  ProgressMeter -        chr4:24411980             30.7             120531000        3927123.1
16:57:33.459 INFO  ProgressMeter -        chr4:28265501             30.9             121200000        3927585.9
16:57:43.460 INFO  ProgressMeter -        chr4:32236466             31.0             121866000        3927951.4
16:57:53.468 INFO  ProgressMeter -        chr4:36201327             31.2             122529000        3928202.0
16:58:03.473 INFO  ProgressMeter -        chr4:39862657             31.4             123171000        3927786.5
16:58:13.480 INFO  ProgressMeter -        chr4:43594389             31.5             123818000        3927532.0
16:58:23.480 INFO  ProgressMeter -        chr4:47492735             31.7             124483000        3927858.5
16:58:33.487 INFO  ProgressMeter -        chr4:56343826             31.9             125121000        3927321.7
16:58:43.496 INFO  ProgressMeter -        chr4:60084465             32.0             125778000        3927379.7
16:58:53.509 INFO  ProgressMeter -        chr4:63924327             32.2             126428000        3927211.5
16:59:03.520 INFO  ProgressMeter -        chr4:67885578             32.4             127090000        3927419.9
16:59:13.520 INFO  ProgressMeter -        chr4:71839153             32.5             127756000        3927771.3
16:59:23.525 INFO  ProgressMeter -        chr4:75544417             32.7             128410000        3927742.1
16:59:33.528 INFO  ProgressMeter -        chr4:79422729             32.9             129081000        3928236.5
16:59:43.530 INFO  ProgressMeter -        chr4:83224797             33.0             129752000        3928723.9
16:59:53.535 INFO  ProgressMeter -        chr4:87100766             33.2             130424000        3929232.6
17:00:03.551 INFO  ProgressMeter -        chr4:91037744             33.4             131106000        3930014.4
17:00:13.553 INFO  ProgressMeter -        chr4:94920519             33.5             131782000        3930636.8
17:00:23.556 INFO  ProgressMeter -        chr4:98888774             33.7             132454000        3931132.3
17:00:33.565 INFO  ProgressMeter -       chr4:102770100             33.9             133125000        3931583.8
17:00:43.570 INFO  ProgressMeter -       chr4:106616915             34.0             133790000        3931858.4
17:00:53.577 INFO  ProgressMeter -       chr4:110303037             34.2             134423000        3931192.5
17:01:03.583 INFO  ProgressMeter -       chr4:114042627             34.4             135075000        3931088.0
17:01:13.593 INFO  ProgressMeter -       chr4:117989099             34.5             135749000        3931614.0
17:01:23.600 INFO  ProgressMeter -       chr4:121958189             34.7             136412000        3931825.5
17:01:33.607 INFO  ProgressMeter -       chr4:125863263             34.9             137084000        3932289.4
17:01:43.609 INFO  ProgressMeter -       chr4:129792485             35.0             137755000        3932733.4
17:01:53.621 INFO  ProgressMeter -       chr4:133617016             35.2             138411000        3932724.7
17:02:03.634 INFO  ProgressMeter -       chr4:137557766             35.4             139062000        3932574.6
17:02:13.644 INFO  ProgressMeter -       chr4:141515410             35.5             139722000        3932684.8
17:02:23.645 INFO  ProgressMeter -       chr4:145370045             35.7             140397000        3933230.8
17:02:33.654 INFO  ProgressMeter -       chr4:149239123             35.9             141076000        3933868.5
17:02:43.656 INFO  ProgressMeter -       chr4:153163046             36.0             141754000        3934485.4
17:02:53.660 INFO  ProgressMeter -       chr4:156978622             36.2             142425000        3934901.3
17:03:03.669 INFO  ProgressMeter -       chr4:160803325             36.4             143089000        3935108.3
17:03:13.675 INFO  ProgressMeter -       chr4:164739251             36.5             143764000        3935623.6
17:03:23.683 INFO  ProgressMeter -       chr4:168573422             36.7             144411000        3935363.9
17:03:33.696 INFO  ProgressMeter -       chr4:172345913             36.9             145057000        3935074.2
17:03:43.707 INFO  ProgressMeter -       chr4:176198669             37.0             145719000        3935219.1
17:03:53.723 INFO  ProgressMeter -       chr4:179944782             37.2             146360000        3934791.2
17:04:03.729 INFO  ProgressMeter -       chr4:183819161             37.4             147013000        3934707.5
17:04:13.744 INFO  ProgressMeter -       chr4:187609947             37.5             147667000        3934633.7
17:04:23.753 INFO  ProgressMeter -       chr4:191381809             37.7             148325000        3934675.4
17:04:33.761 INFO  ProgressMeter -         chr5:1295943             37.9             148944000        3933690.2
17:04:43.772 INFO  ProgressMeter -         chr5:4693891             38.0             149554000        3932471.8
17:04:53.813 INFO  ProgressMeter -         chr5:8265123             38.2             150183000        3931710.0
17:05:03.827 INFO  ProgressMeter -        chr5:11725698             38.4             150798000        3930637.7
17:05:13.840 INFO  ProgressMeter -        chr5:15134309             38.5             151392000        3929028.1
17:05:23.852 INFO  ProgressMeter -        chr5:18917956             38.7             152022000        3928367.6
17:05:33.858 INFO  ProgressMeter -        chr5:22898019             38.9             152661000        3927951.2
17:05:43.865 INFO  ProgressMeter -        chr5:26646534             39.0             153287000        3927205.2
17:05:53.865 INFO  ProgressMeter -        chr5:30401016             39.2             153913000        3926477.2
17:06:03.876 INFO  ProgressMeter -        chr5:34023714             39.4             154548000        3925965.8
17:06:13.884 INFO  ProgressMeter -        chr5:37769278             39.5             155177000        3925311.9
17:06:23.895 INFO  ProgressMeter -        chr5:41330188             39.7             155801000        3924532.6
17:06:33.902 INFO  ProgressMeter -        chr5:44836851             39.9             156416000        3923540.6
17:06:43.915 INFO  ProgressMeter -        chr5:51713207             40.0             157038000        3922721.9
17:06:53.931 INFO  ProgressMeter -        chr5:55257530             40.2             157646000        3921556.9
17:07:03.938 INFO  ProgressMeter -        chr5:58858218             40.4             158278000        3921010.7
17:07:13.944 INFO  ProgressMeter -        chr5:62547096             40.5             158920000        3920717.2
17:07:23.955 INFO  ProgressMeter -        chr5:66280156             40.7             159565000        3920491.9
17:07:33.960 INFO  ProgressMeter -        chr5:69947460             40.9             160211000        3920304.0
17:07:43.960 INFO  ProgressMeter -        chr5:74652756             41.0             160846000        3919854.4
17:07:53.963 INFO  ProgressMeter -        chr5:78063616             41.2             161444000        3918507.2
17:08:03.971 INFO  ProgressMeter -        chr5:81713620             41.4             162084000        3918178.3
17:08:13.985 INFO  ProgressMeter -        chr5:85408164             41.5             162721000        3917770.3
17:08:23.991 INFO  ProgressMeter -        chr5:89119816             41.7             163349000        3917162.4
17:08:34.001 INFO  ProgressMeter -        chr5:92867809             41.9             163991000        3916887.4
17:08:44.003 INFO  ProgressMeter -        chr5:96681107             42.0             164652000        3917079.0
17:08:54.017 INFO  ProgressMeter -       chr5:100340125             42.2             165287000        3916634.4
17:09:04.024 INFO  ProgressMeter -       chr5:104120617             42.4             165927000        3916322.2
17:09:14.037 INFO  ProgressMeter -       chr5:107964151             42.5             166571000        3916097.2
17:09:24.048 INFO  ProgressMeter -       chr5:111649269             42.7             167205000        3915642.9
17:09:34.055 INFO  ProgressMeter -       chr5:115006203             42.9             167794000        3914148.5
17:09:44.107 INFO  ProgressMeter -       chr5:118543401             43.0             168403000        3913062.2
17:09:54.122 INFO  ProgressMeter -       chr5:122134483             43.2             169024000        3912317.9
17:10:04.129 INFO  ProgressMeter -       chr5:125781632             43.4             169655000        3911821.9
17:10:14.134 INFO  ProgressMeter -       chr5:129438014             43.5             170291000        3911449.1
17:10:24.140 INFO  ProgressMeter -       chr5:133110122             43.7             170936000        3911280.6
17:10:34.141 INFO  ProgressMeter -       chr5:136635693             43.9             171576000        3911008.3
17:10:44.150 INFO  ProgressMeter -       chr5:140321451             44.0             172231000        3911066.9
17:10:54.161 INFO  ProgressMeter -       chr5:143984054             44.2             172885000        3911099.4
17:11:04.171 INFO  ProgressMeter -       chr5:147697681             44.4             173529000        3910907.8
17:11:14.177 INFO  ProgressMeter -       chr5:151208942             44.5             174158000        3910386.7
17:11:24.178 INFO  ProgressMeter -       chr5:154787510             44.7             174792000        3909988.6
17:11:34.190 INFO  ProgressMeter -       chr5:158356290             44.9             175422000        3909488.3
17:11:44.197 INFO  ProgressMeter -       chr5:161965914             45.0             176061000        3909198.9
17:11:54.202 INFO  ProgressMeter -       chr5:165726963             45.2             176698000        3908870.2
17:12:04.205 INFO  ProgressMeter -       chr5:169361670             45.4             177325000        3908326.3
17:12:14.216 INFO  ProgressMeter -       chr5:172867540             45.5             177958000        3907908.2
17:12:24.217 INFO  ProgressMeter -       chr5:176382554             45.7             178594000        3907570.2
17:12:34.232 INFO  ProgressMeter -       chr5:179996274             45.9             179224000        3907085.4
17:12:44.243 INFO  ProgressMeter -         chr6:1436058             46.0             179816000        3905784.4
17:12:54.249 INFO  ProgressMeter -         chr6:4839179             46.2             180428000        3904932.7
17:13:04.252 INFO  ProgressMeter -         chr6:8051582             46.4             181006000        3903359.5
17:13:14.252 INFO  ProgressMeter -        chr6:11574183             46.5             181623000        3902638.4
17:13:24.260 INFO  ProgressMeter -        chr6:15119156             46.7             182255000        3902232.4
17:13:34.265 INFO  ProgressMeter -        chr6:18702572             46.9             182885000        3901789.4
17:13:44.266 INFO  ProgressMeter -        chr6:22297994             47.0             183506000        3901165.2
17:13:54.279 INFO  ProgressMeter -        chr6:25898006             47.2             184135000        3900698.3
17:14:04.280 INFO  ProgressMeter -        chr6:29568909             47.4             184745000        3899850.1
17:14:14.286 INFO  ProgressMeter -        chr6:32515977             47.5             185270000        3897213.0
17:14:24.290 INFO  ProgressMeter -        chr6:35924154             47.7             185888000        3896546.5
17:14:34.302 INFO  ProgressMeter -        chr6:39467519             47.9             186525000        3896272.1
17:14:44.305 INFO  ProgressMeter -        chr6:42951808             48.0             187159000        3895946.6
17:14:54.314 INFO  ProgressMeter -        chr6:46458619             48.2             187787000        3895492.1
17:15:04.323 INFO  ProgressMeter -        chr6:50172442             48.4             188433000        3895412.8
17:15:14.334 INFO  ProgressMeter -        chr6:53813571             48.5             189074000        3895228.5
17:15:24.349 INFO  ProgressMeter -        chr6:57419994             48.7             189693000        3894588.3
17:15:34.731 INFO  ProgressMeter -        chr6:63453501             48.9             190281000        3892831.1
17:15:44.732 INFO  ProgressMeter -        chr6:67162165             49.0             190906000        3892344.4
17:15:54.738 INFO  ProgressMeter -        chr6:70683681             49.2             191493000        3891082.3
17:16:04.753 INFO  ProgressMeter -        chr6:74398662             49.4             192128000        3890788.9
17:16:14.762 INFO  ProgressMeter -        chr6:78059004             49.5             192754000        3890323.7
17:16:24.779 INFO  ProgressMeter -        chr6:81774532             49.7             193385000        3889951.8
17:16:34.794 INFO  ProgressMeter -        chr6:85468162             49.9             194015000        3889564.9
17:16:44.797 INFO  ProgressMeter -        chr6:89100087             50.0             194646000        3889217.5
17:16:54.808 INFO  ProgressMeter -        chr6:92496189             50.2             195242000        3888162.4
17:17:04.821 INFO  ProgressMeter -        chr6:96156162             50.4             195854000        3887430.6
17:17:14.829 INFO  ProgressMeter -        chr6:99973453             50.5             196501000        3887402.4
17:17:24.830 INFO  ProgressMeter -       chr6:103462247             50.7             197099000        3886417.2
17:17:34.842 INFO  ProgressMeter -       chr6:107155728             50.9             197723000        3885935.4
17:17:44.847 INFO  ProgressMeter -       chr6:110713483             51.0             198351000        3885544.0
17:17:54.848 INFO  ProgressMeter -       chr6:114361105             51.2             198990000        3885375.0
17:18:04.853 INFO  ProgressMeter -       chr6:118122418             51.4             199633000        3885281.2
17:18:14.864 INFO  ProgressMeter -       chr6:121770550             51.5             200267000        3885004.6
17:18:24.873 INFO  ProgressMeter -       chr6:125452323             51.7             200898000        3884673.0
17:18:34.879 INFO  ProgressMeter -       chr6:129017835             51.9             201519000        3884155.8
17:18:44.881 INFO  ProgressMeter -       chr6:132688340             52.0             202156000        3883954.3
17:18:54.892 INFO  ProgressMeter -       chr6:136250891             52.2             202779000        3883474.8
17:19:04.900 INFO  ProgressMeter -       chr6:139773634             52.4             203400000        3882963.8
17:19:14.908 INFO  ProgressMeter -       chr6:143496275             52.5             204039000        3882798.7
17:19:24.919 INFO  ProgressMeter -       chr6:147082126             52.7             204665000        3882384.3
17:19:34.927 INFO  ProgressMeter -       chr6:150718518             52.9             205301000        3882165.3
17:19:44.928 INFO  ProgressMeter -       chr6:154325290             53.0             205932000        3881861.9
17:19:54.936 INFO  ProgressMeter -       chr6:157923766             53.2             206556000        3881420.5
17:20:04.945 INFO  ProgressMeter -       chr6:161475801             53.4             207193000        3881224.0
17:20:14.949 INFO  ProgressMeter -       chr6:164944747             53.6             207779000        3880082.5
17:20:24.949 INFO  ProgressMeter -       chr6:168464443             53.7             208398000        3879567.2
17:20:34.949 INFO  ProgressMeter -       chr6:171771918             53.9             208987000        3878498.3
17:20:44.949 INFO  ProgressMeter -         chr7:2730791             54.1             209533000        3876640.5
17:20:54.950 INFO  ProgressMeter -         chr7:6134102             54.2             210132000        3875770.4
17:21:04.959 INFO  ProgressMeter -         chr7:9626245             54.4             210738000        3875026.1
17:21:14.958 INFO  ProgressMeter -        chr7:13120476             54.6             211336000        3874149.2
17:21:24.963 INFO  ProgressMeter -        chr7:16714726             54.7             211947000        3873509.3
17:21:35.033 INFO  ProgressMeter -        chr7:20337271             54.9             212571000        3873034.8
17:21:45.040 INFO  ProgressMeter -        chr7:23564581             55.1             213136000        3871564.2
17:21:55.052 INFO  ProgressMeter -        chr7:27053118             55.2             213748000        3870946.7
17:22:05.061 INFO  ProgressMeter -        chr7:30602662             55.4             214384000        3870770.9
17:22:15.067 INFO  ProgressMeter -        chr7:34117987             55.6             215010000        3870419.6
17:22:25.081 INFO  ProgressMeter -        chr7:37747850             55.7             215652000        3870348.3
17:22:35.085 INFO  ProgressMeter -        chr7:41433980             55.9             216288000        3870181.6
17:22:45.097 INFO  ProgressMeter -        chr7:45029629             56.1             216928000        3870078.0
17:22:55.104 INFO  ProgressMeter -        chr7:48522286             56.2             217557000        3869785.2
17:23:05.107 INFO  ProgressMeter -        chr7:51318326             56.4             218055000        3867175.3
17:23:15.118 INFO  ProgressMeter -        chr7:54697746             56.6             218633000        3865986.4
17:23:25.120 INFO  ProgressMeter -        chr7:58234588             56.7             219213000        3864849.9
17:23:35.136 INFO  ProgressMeter -        chr7:65564442             56.9             219745000        3862860.5
17:23:45.142 INFO  ProgressMeter -        chr7:69216197             57.1             220359000        3862331.2
17:23:55.149 INFO  ProgressMeter -        chr7:72850094             57.2             220995000        3862188.4
17:24:05.157 INFO  ProgressMeter -        chr7:77111249             57.4             221629000        3862010.4
17:24:15.169 INFO  ProgressMeter -        chr7:80715440             57.6             222245000        3861516.3
17:24:25.181 INFO  ProgressMeter -        chr7:84410814             57.7             222879000        3861336.8
17:24:35.190 INFO  ProgressMeter -        chr7:88075254             57.9             223504000        3861006.3
17:24:45.191 INFO  ProgressMeter -        chr7:91733159             58.1             224131000        3860720.9
17:24:55.198 INFO  ProgressMeter -        chr7:95212677             58.2             224738000        3860087.1
17:25:05.205 INFO  ProgressMeter -        chr7:98927580             58.4             225376000        3859987.8
17:25:15.218 INFO  ProgressMeter -       chr7:102542426             58.6             226014000        3859882.4
17:25:25.222 INFO  ProgressMeter -       chr7:106157993             58.7             226630000        3859412.9
17:25:35.232 INFO  ProgressMeter -       chr7:109725361             58.9             227258000        3859143.3
17:25:45.240 INFO  ProgressMeter -       chr7:113458734             59.1             227894000        3859012.8
17:25:55.253 INFO  ProgressMeter -       chr7:117273725             59.2             228541000        3859063.4
17:26:05.353 INFO  ProgressMeter -       chr7:120801739             59.4             229146000        3858312.2
17:26:15.367 INFO  ProgressMeter -       chr7:124600745             59.6             229794000        3858380.2
17:26:25.377 INFO  ProgressMeter -       chr7:128333662             59.7             230427000        3858202.0
17:26:35.390 INFO  ProgressMeter -       chr7:131883376             59.9             231062000        3858052.8
17:26:45.402 INFO  ProgressMeter -       chr7:135485564             60.1             231696000        3857890.0
17:26:55.408 INFO  ProgressMeter -       chr7:139100727             60.2             232327000        3857684.6
17:27:05.417 INFO  ProgressMeter -       chr7:142696750             60.4             232963000        3857560.0
17:27:15.417 INFO  ProgressMeter -       chr7:146399391             60.6             233585000        3857214.5
17:27:25.426 INFO  ProgressMeter -       chr7:150098918             60.7             234215000        3856993.0
17:27:35.431 INFO  ProgressMeter -       chr7:153435859             60.9             234813000        3856251.5
17:27:45.431 INFO  ProgressMeter -       chr7:156948670             61.1             235430000        3855830.4
17:27:55.451 INFO  ProgressMeter -       chr7:160376022             61.2             236043000        3855325.3
17:28:05.466 INFO  ProgressMeter -         chr8:2714963             61.4             236543000        3852987.6
17:28:15.469 INFO  ProgressMeter -         chr8:5927901             61.6             237100000        3851601.0
17:28:25.478 INFO  ProgressMeter -         chr8:9783690             61.7             237711000        3851091.5
17:28:35.491 INFO  ProgressMeter -        chr8:14220312             61.9             238300000        3850223.1
17:28:45.491 INFO  ProgressMeter -        chr8:17662913             62.1             238883000        3849277.2
17:28:55.499 INFO  ProgressMeter -        chr8:20838305             62.2             239444000        3847974.5
17:29:05.514 INFO  ProgressMeter -        chr8:24301361             62.4             240071000        3847729.5
17:29:15.517 INFO  ProgressMeter -        chr8:27903209             62.6             240699000        3847515.0
17:29:25.527 INFO  ProgressMeter -        chr8:31543118             62.7             241340000        3847499.7
17:29:35.535 INFO  ProgressMeter -        chr8:35286456             62.9             241983000        3847519.4
17:29:45.550 INFO  ProgressMeter -        chr8:39017792             63.1             242639000        3847738.0
17:29:55.556 INFO  ProgressMeter -        chr8:42541474             63.2             243245000        3847173.8
17:30:05.563 INFO  ProgressMeter -        chr8:47907619             63.4             243862000        3846785.0
17:30:15.573 INFO  ProgressMeter -        chr8:51589863             63.6             244501000        3846741.4
17:30:25.584 INFO  ProgressMeter -        chr8:55224521             63.7             245139000        3846681.3
17:30:35.587 INFO  ProgressMeter -        chr8:58910309             63.9             245779000        3846660.9
17:30:45.595 INFO  ProgressMeter -        chr8:62565544             64.1             246420000        3846651.2
17:30:55.606 INFO  ProgressMeter -        chr8:66319887             64.2             247067000        3846731.9
17:31:05.608 INFO  ProgressMeter -        chr8:70035226             64.4             247710000        3846759.1
17:31:15.610 INFO  ProgressMeter -        chr8:73725622             64.6             248348000        3846708.7
17:31:25.616 INFO  ProgressMeter -        chr8:77472206             64.7             248984000        3846623.7
17:31:35.629 INFO  ProgressMeter -        chr8:81089362             64.9             249602000        3846254.8
17:31:45.634 INFO  ProgressMeter -        chr8:84668868             65.1             250212000        3845772.7
17:31:55.637 INFO  ProgressMeter -        chr8:89114887             65.2             250838000        3845540.4
17:32:05.637 INFO  ProgressMeter -        chr8:92838747             65.4             251476000        3845495.7
17:32:15.642 INFO  ProgressMeter -        chr8:96485061             65.6             252112000        3845415.8
17:32:25.643 INFO  ProgressMeter -       chr8:100068136             65.7             252743000        3845265.2
17:32:35.650 INFO  ProgressMeter -       chr8:103679277             65.9             253378000        3845169.2
17:32:45.653 INFO  ProgressMeter -       chr8:107366725             66.1             254022000        3845212.8
17:32:55.660 INFO  ProgressMeter -       chr8:111082559             66.2             254664000        3845223.1
17:33:05.662 INFO  ProgressMeter -       chr8:114933092             66.4             255306000        3845238.2
17:33:15.669 INFO  ProgressMeter -       chr8:118665591             66.6             255941000        3845143.2
17:33:25.670 INFO  ProgressMeter -       chr8:122253768             66.7             256566000        3844904.6
17:33:35.680 INFO  ProgressMeter -       chr8:125814819             66.9             257195000        3844718.4
17:33:45.686 INFO  ProgressMeter -       chr8:129350766             67.1             257823000        3844522.0
17:33:55.693 INFO  ProgressMeter -       chr8:132752965             67.2             258429000        3843998.4
17:34:05.698 INFO  ProgressMeter -       chr8:136269389             67.4             259062000        3843879.9
17:34:15.699 INFO  ProgressMeter -       chr8:139903923             67.6             259691000        3843706.5
17:34:25.701 INFO  ProgressMeter -       chr8:143341698             67.7             260328000        3843651.2
17:34:35.706 INFO  ProgressMeter -          chr9:489399             67.9             260950000        3843372.4
17:34:45.718 INFO  ProgressMeter -         chr9:4025824             68.1             261569000        3843044.4
17:34:55.720 INFO  ProgressMeter -         chr9:7505787             68.2             262183000        3842654.0
17:35:05.722 INFO  ProgressMeter -        chr9:11053862             68.4             262784000        3842075.4
17:35:15.733 INFO  ProgressMeter -        chr9:14656223             68.6             263401000        3841724.7
17:35:25.744 INFO  ProgressMeter -        chr9:18136685             68.7             264010000        3841259.2
17:35:35.761 INFO  ProgressMeter -        chr9:21752181             68.9             264644000        3841153.3
17:35:45.779 INFO  ProgressMeter -        chr9:25477127             69.1             265276000        3841018.0
17:35:55.785 INFO  ProgressMeter -        chr9:29118441             69.2             265901000        3840793.3
17:36:05.798 INFO  ProgressMeter -        chr9:32561641             69.4             266485000        3839973.4
17:36:15.802 INFO  ProgressMeter -        chr9:36044891             69.6             267106000        3839695.7
17:36:25.809 INFO  ProgressMeter -        chr9:39730230             69.7             267731000        3839475.8
17:36:35.822 INFO  ProgressMeter -        chr9:46504774             69.9             268265000        3837947.8
17:36:45.836 INFO  ProgressMeter -        chr9:71495257             70.1             268825000        3836798.1
17:36:55.843 INFO  ProgressMeter -        chr9:78028860             70.2             269504000        3837354.6
17:37:05.848 INFO  ProgressMeter -        chr9:82523198             70.4             270113000        3836916.0
17:37:15.854 INFO  ProgressMeter -        chr9:86221894             70.6             270753000        3836917.8
17:37:25.867 INFO  ProgressMeter -        chr9:89859386             70.7             271390000        3836870.9
17:37:35.872 INFO  ProgressMeter -        chr9:93468336             70.9             272017000        3836690.4
17:37:45.872 INFO  ProgressMeter -        chr9:96942467             71.1             272617000        3836135.3
17:37:55.890 INFO  ProgressMeter -       chr9:100404258             71.2             273224000        3835664.9
17:38:05.896 INFO  ProgressMeter -       chr9:103944256             71.4             273859000        3835600.5
17:38:15.896 INFO  ProgressMeter -       chr9:107519809             71.6             274495000        3835554.0
17:38:25.906 INFO  ProgressMeter -       chr9:111122555             71.7             275136000        3835570.2
17:38:35.907 INFO  ProgressMeter -       chr9:114810004             71.9             275776000        3835578.7
17:38:45.907 INFO  ProgressMeter -       chr9:118472839             72.1             276403000        3835408.5
17:38:55.912 INFO  ProgressMeter -       chr9:122066955             72.2             277038000        3835346.4
17:39:05.921 INFO  ProgressMeter -       chr9:125775460             72.4             277674000        3835293.0
17:39:15.925 INFO  ProgressMeter -       chr9:129277323             72.6             278301000        3835122.0
17:39:25.931 INFO  ProgressMeter -       chr9:132743879             72.7             278911000        3834714.6
17:39:35.940 INFO  ProgressMeter -       chr9:136246445             72.9             279544000        3834622.8
17:39:45.952 INFO  ProgressMeter -       chr9:139810527             73.1             280187000        3834666.5
17:39:55.961 INFO  ProgressMeter -       chr9:143234604             73.2             280816000        3834519.7
17:40:05.974 INFO  ProgressMeter -       chr9:146616529             73.4             281441000        3834316.4
17:40:15.980 INFO  ProgressMeter -       chr9:149935073             73.6             282065000        3834107.5
17:40:25.980 INFO  ProgressMeter -        chr10:2874492             73.7             282681000        3833794.5
17:40:35.983 INFO  ProgressMeter -        chr10:6349245             73.9             283300000        3833521.7
17:40:45.983 INFO  ProgressMeter -        chr10:9787934             74.1             283899000        3832982.7
17:40:55.988 INFO  ProgressMeter -       chr10:13224616             74.2             284508000        3832576.6
17:41:05.998 INFO  ProgressMeter -       chr10:16643363             74.4             285109000        3832060.4
17:41:16.001 INFO  ProgressMeter -       chr10:19894053             74.6             285669000        3831002.8
17:41:26.013 INFO  ProgressMeter -       chr10:23603808             74.7             286309000        3831013.4
17:41:36.026 INFO  ProgressMeter -       chr10:27195747             74.9             286937000        3830861.3
17:41:46.035 INFO  ProgressMeter -       chr10:30719790             75.1             287555000        3830580.8
17:41:56.048 INFO  ProgressMeter -       chr10:34364661             75.2             288194000        3830577.4
17:42:06.052 INFO  ProgressMeter -       chr10:38130776             75.4             288835000        3830608.1
17:42:16.056 INFO  ProgressMeter -       chr10:43568995             75.6             289370000        3829236.0
17:42:26.067 INFO  ProgressMeter -       chr10:47065932             75.7             289991000        3828999.5
17:42:36.079 INFO  ProgressMeter -       chr10:50916910             75.9             290597000        3828565.6
17:42:46.083 INFO  ProgressMeter -       chr10:54606228             76.1             291229000        3828482.1
17:42:56.093 INFO  ProgressMeter -       chr10:58348891             76.2             291853000        3828289.1
17:43:06.093 INFO  ProgressMeter -       chr10:62036503             76.4             292494000        3828327.7
17:43:16.101 INFO  ProgressMeter -       chr10:65757797             76.6             293140000        3828424.8
17:43:26.103 INFO  ProgressMeter -       chr10:69483766             76.7             293768000        3828291.9
17:43:36.114 INFO  ProgressMeter -       chr10:72931160             76.9             294398000        3828178.1
17:43:46.121 INFO  ProgressMeter -       chr10:76601157             77.1             295046000        3828301.7
17:43:56.130 INFO  ProgressMeter -       chr10:80109278             77.2             295682000        3828267.7
17:44:06.136 INFO  ProgressMeter -       chr10:83682019             77.4             296303000        3828042.6
17:44:16.142 INFO  ProgressMeter -       chr10:87191065             77.6             296914000        3827689.5
17:44:26.150 INFO  ProgressMeter -       chr10:90848361             77.7             297547000        3827619.3
17:44:36.160 INFO  ProgressMeter -       chr10:94382572             77.9             298162000        3827316.6
17:44:46.160 INFO  ProgressMeter -       chr10:97986723             78.1             298802000        3827343.7
17:44:56.171 INFO  ProgressMeter -      chr10:101510155             78.2             299427000        3827170.8
17:45:06.171 INFO  ProgressMeter -      chr10:105121899             78.4             300077000        3827324.8
17:45:16.175 INFO  ProgressMeter -      chr10:108809604             78.6             300718000        3827361.2
17:45:26.189 INFO  ProgressMeter -      chr10:112379324             78.7             301347000        3827236.9
17:45:36.191 INFO  ProgressMeter -      chr10:115946149             78.9             301982000        3827198.9
17:45:46.203 INFO  ProgressMeter -      chr10:119577551             79.1             302624000        3827241.4
17:45:56.208 INFO  ProgressMeter -      chr10:123094192             79.2             303254000        3827138.9
17:46:06.221 INFO  ProgressMeter -      chr10:126570493             79.4             303886000        3827053.9
17:46:16.226 INFO  ProgressMeter -      chr10:130093335             79.6             304514000        3826927.0
17:46:26.227 INFO  ProgressMeter -      chr10:133486665             79.7             305131000        3826664.2
17:46:36.232 INFO  ProgressMeter -        chr11:2338394             79.9             305748000        3826400.2
17:46:46.232 INFO  ProgressMeter -        chr11:5571055             80.1             306333000        3825741.6
17:46:56.236 INFO  ProgressMeter -        chr11:9045166             80.2             306945000        3825419.1
17:47:06.243 INFO  ProgressMeter -       chr11:12590383             80.4             307581000        3825394.1
17:47:16.252 INFO  ProgressMeter -       chr11:15818467             80.6             308151000        3824549.1
17:47:26.262 INFO  ProgressMeter -       chr11:19466401             80.7             308792000        3824584.7
17:47:36.303 INFO  ProgressMeter -       chr11:23044530             80.9             309418000        3824411.2
17:47:46.304 INFO  ProgressMeter -       chr11:26677860             81.1             310029000        3824084.7
17:47:56.314 INFO  ProgressMeter -       chr11:30437001             81.2             310684000        3824294.2
17:48:06.320 INFO  ProgressMeter -       chr11:33904525             81.4             311303000        3824063.6
17:48:16.435 INFO  ProgressMeter -       chr11:37323721             81.6             311915000        3823751.4
17:48:26.328 INFO  ProgressMeter -       chr11:41016235             81.7             312540000        3823596.3
17:48:36.331 INFO  ProgressMeter -       chr11:44645324             81.9             313168000        3823480.9
17:48:46.342 INFO  ProgressMeter -       chr11:48228988             82.1             313817000        3823616.3
17:48:56.352 INFO  ProgressMeter -       chr11:54606715             82.2             314404000        3822997.3
17:49:06.357 INFO  ProgressMeter -       chr11:58189479             82.4             315028000        3822832.9
17:49:16.366 INFO  ProgressMeter -       chr11:61862226             82.6             315673000        3822921.2
17:49:26.367 INFO  ProgressMeter -       chr11:65356852             82.7             316317000        3823003.1
17:49:36.376 INFO  ProgressMeter -       chr11:68888080             82.9             316967000        3823151.8
17:49:46.385 INFO  ProgressMeter -       chr11:72289125             83.1             317593000        3823009.4
17:49:56.393 INFO  ProgressMeter -       chr11:75657356             83.2             318206000        3822712.9
17:50:06.405 INFO  ProgressMeter -       chr11:79235061             83.4             318849000        3822774.3
17:50:16.409 INFO  ProgressMeter -       chr11:82921445             83.6             319483000        3822734.5
17:50:26.417 INFO  ProgressMeter -       chr11:86495488             83.7             320105000        3822547.1
17:50:36.424 INFO  ProgressMeter -       chr11:90279534             83.9             320718000        3822255.4
17:50:46.435 INFO  ProgressMeter -       chr11:94016403             84.1             321358000        3822281.5
17:50:56.439 INFO  ProgressMeter -       chr11:97746471             84.2             321993000        3822254.2
17:51:06.448 INFO  ProgressMeter -      chr11:101427354             84.4             322620000        3822128.4
17:51:16.449 INFO  ProgressMeter -      chr11:105013954             84.6             323237000        3821890.9
17:51:26.456 INFO  ProgressMeter -      chr11:108768762             84.7             323877000        3821921.3
17:51:36.468 INFO  ProgressMeter -      chr11:112419671             84.9             324517000        3821947.8
17:51:46.475 INFO  ProgressMeter -      chr11:115945023             85.1             325149000        3821883.9
17:51:56.478 INFO  ProgressMeter -      chr11:119216232             85.2             325742000        3821365.7
17:52:06.478 INFO  ProgressMeter -      chr11:122712311             85.4             326373000        3821296.7
17:52:16.478 INFO  ProgressMeter -      chr11:126218997             85.6             326991000        3821076.0
17:52:26.482 INFO  ProgressMeter -      chr11:129763132             85.7             327622000        3821004.9
17:52:36.494 INFO  ProgressMeter -      chr11:133208419             85.9             328244000        3820823.3
17:52:46.526 INFO  ProgressMeter -        chr12:1278762             86.1             328823000        3820128.1
17:52:56.526 INFO  ProgressMeter -        chr12:4740655             86.2             329452000        3820038.9
17:53:06.541 INFO  ProgressMeter -        chr12:8170954             86.4             330085000        3819985.4
17:53:16.548 INFO  ProgressMeter -       chr12:11601520             86.6             330697000        3819695.3
17:53:26.562 INFO  ProgressMeter -       chr12:14892967             86.7             331279000        3819055.4
17:53:36.568 INFO  ProgressMeter -       chr12:18597592             86.9             331915000        3819045.2
17:53:46.579 INFO  ProgressMeter -       chr12:22251210             87.1             332540000        3818905.0
17:53:56.594 INFO  ProgressMeter -       chr12:25925279             87.2             333172000        3818842.7
17:54:06.602 INFO  ProgressMeter -       chr12:29562875             87.4             333809000        3818842.9
17:54:16.606 INFO  ProgressMeter -       chr12:32842949             87.6             334391000        3818217.9
17:54:26.621 INFO  ProgressMeter -       chr12:38097885             87.7             334908000        3816847.4
17:54:36.635 INFO  ProgressMeter -       chr12:41615186             87.9             335512000        3816470.9
17:54:46.639 INFO  ProgressMeter -       chr12:45266084             88.1             336140000        3816376.3
17:54:56.648 INFO  ProgressMeter -       chr12:48810392             88.2             336770000        3816301.8
17:55:06.662 INFO  ProgressMeter -       chr12:52366013             88.4             337406000        3816290.5
17:55:16.667 INFO  ProgressMeter -       chr12:55931526             88.6             338045000        3816320.2
17:55:26.673 INFO  ProgressMeter -       chr12:59589491             88.7             338694000        3816461.8
17:55:36.681 INFO  ProgressMeter -       chr12:63313974             88.9             339337000        3816533.9
17:55:46.686 INFO  ProgressMeter -       chr12:66993323             89.1             339978000        3816585.5
17:55:56.695 INFO  ProgressMeter -       chr12:70557974             89.2             340607000        3816499.5
17:56:06.709 INFO  ProgressMeter -       chr12:74124608             89.4             341220000        3816232.1
17:56:16.717 INFO  ProgressMeter -       chr12:77840061             89.6             341858000        3816247.6
17:56:26.727 INFO  ProgressMeter -       chr12:81597339             89.7             342494000        3816240.1
17:56:36.733 INFO  ProgressMeter -       chr12:85295201             89.9             343112000        3816035.2
17:56:46.736 INFO  ProgressMeter -       chr12:89120024             90.1             343760000        3816166.2
17:56:56.738 INFO  ProgressMeter -       chr12:92768493             90.2             344393000        3816131.3
17:57:06.741 INFO  ProgressMeter -       chr12:96326062             90.4             345019000        3816018.3
17:57:16.746 INFO  ProgressMeter -      chr12:100023750             90.6             345663000        3816103.1
17:57:26.752 INFO  ProgressMeter -      chr12:103555174             90.7             346280000        3815889.3
17:57:36.760 INFO  ProgressMeter -      chr12:107125086             90.9             346913000        3815850.9
17:57:46.769 INFO  ProgressMeter -      chr12:110671366             91.1             347548000        3815833.9
17:57:56.777 INFO  ProgressMeter -      chr12:114218334             91.2             348187000        3815861.5
17:58:06.790 INFO  ProgressMeter -      chr12:117559098             91.4             348779000        3815371.4
17:58:16.798 INFO  ProgressMeter -      chr12:120998106             91.6             349388000        3815072.2
17:58:26.807 INFO  ProgressMeter -      chr12:124526799             91.7             350020000        3815024.7
17:58:36.806 INFO  ProgressMeter -      chr12:128065461             91.9             350646000        3814917.7
17:58:46.821 INFO  ProgressMeter -      chr12:131495457             92.1             351255000        3814616.1
17:58:56.824 INFO  ProgressMeter -       chr13:10819703             92.2             351859000        3814269.6
17:59:06.833 INFO  ProgressMeter -       chr13:20021173             92.4             352432000        3813584.9
17:59:16.837 INFO  ProgressMeter -       chr13:23418921             92.6             353025000        3813122.7
17:59:26.847 INFO  ProgressMeter -       chr13:26919640             92.7             353643000        3812926.3
17:59:36.858 INFO  ProgressMeter -       chr13:30490547             92.9             354278000        3812913.5
17:59:46.869 INFO  ProgressMeter -       chr13:34113985             93.1             354913000        3812900.8
17:59:56.877 INFO  ProgressMeter -       chr13:37763213             93.2             355542000        3812825.8
18:00:06.889 INFO  ProgressMeter -       chr13:41363090             93.4             356173000        3812769.8
18:00:16.904 INFO  ProgressMeter -       chr13:45030475             93.6             356822000        3812904.2
18:00:26.914 INFO  ProgressMeter -       chr13:48715188             93.7             357471000        3813041.6
18:00:36.916 INFO  ProgressMeter -       chr13:52293029             93.9             358100000        3812971.7
18:00:46.929 INFO  ProgressMeter -       chr13:56165817             94.1             358751000        3813127.0
18:00:56.934 INFO  ProgressMeter -       chr13:59998115             94.2             359394000        3813203.0
18:01:06.937 INFO  ProgressMeter -       chr13:63763622             94.4             360020000        3813100.0
18:01:16.949 INFO  ProgressMeter -       chr13:67563100             94.6             360661000        3813149.9
18:01:26.951 INFO  ProgressMeter -       chr13:71318878             94.8             361288000        3813058.6
18:01:36.964 INFO  ProgressMeter -       chr13:75023587             94.9             361923000        3813044.5
18:01:46.966 INFO  ProgressMeter -       chr13:78697437             95.1             362558000        3813037.8
18:01:56.978 INFO  ProgressMeter -       chr13:82546896             95.3             363204000        3813140.0
18:02:06.978 INFO  ProgressMeter -       chr13:86352182             95.4             363838000        3813124.0
18:02:16.978 INFO  ProgressMeter -       chr13:90163391             95.6             364475000        3813139.5
18:02:26.979 INFO  ProgressMeter -       chr13:93845020             95.8             365103000        3813060.3
18:02:37.014 INFO  ProgressMeter -       chr13:97442342             95.9             365735000        3813000.5
18:02:47.021 INFO  ProgressMeter -      chr13:101037374             96.1             366368000        3812970.5
18:02:57.027 INFO  ProgressMeter -      chr13:104669707             96.3             366991000        3812836.1
18:03:07.039 INFO  ProgressMeter -      chr13:108351602             96.4             367621000        3812771.4
18:03:17.050 INFO  ProgressMeter -      chr13:111839348             96.6             368243000        3812624.8
18:03:27.052 INFO  ProgressMeter -        chr14:4368994             96.8             368876000        3812598.3
18:03:37.057 INFO  ProgressMeter -       chr14:13131441             96.9             369527000        3812755.6
18:03:47.061 INFO  ProgressMeter -       chr14:16755589             97.1             370135000        3812470.2
18:03:57.062 INFO  ProgressMeter -       chr14:20056935             97.3             370728000        3812034.1
18:04:07.061 INFO  ProgressMeter -       chr14:23812141             97.4             371365000        3812051.1
18:04:17.072 INFO  ProgressMeter -       chr14:27410800             97.6             371990000        3811938.0
18:04:27.077 INFO  ProgressMeter -       chr14:31049410             97.8             372625000        3811931.4
18:04:37.081 INFO  ProgressMeter -       chr14:34738316             97.9             373260000        3811925.5
18:04:47.094 INFO  ProgressMeter -       chr14:38454721             98.1             373883000        3811791.5
18:04:57.095 INFO  ProgressMeter -       chr14:42183358             98.3             374516000        3811767.5
18:05:07.119 INFO  ProgressMeter -       chr14:45815967             98.4             375149000        3811728.7
18:05:17.122 INFO  ProgressMeter -       chr14:49469462             98.6             375792000        3811804.9
18:05:27.124 INFO  ProgressMeter -       chr14:52926867             98.8             376397000        3811496.8
18:05:37.133 INFO  ProgressMeter -       chr14:56526366             98.9             377027000        3811438.0
18:05:47.143 INFO  ProgressMeter -       chr14:60018064             99.1             377637000        3811176.8
18:05:57.151 INFO  ProgressMeter -       chr14:63260167             99.3             378216000        3810605.5
18:06:07.157 INFO  ProgressMeter -       chr14:66835071             99.4             378853000        3810621.4
18:06:17.167 INFO  ProgressMeter -       chr14:70386649             99.6             379488000        3810613.4
18:06:27.167 INFO  ProgressMeter -       chr14:73954240             99.8             380124000        3810622.4
18:06:37.180 INFO  ProgressMeter -       chr14:77680607             99.9             380767000        3810693.1
18:06:47.186 INFO  ProgressMeter -       chr14:81426268            100.1             381399000        3810658.2
18:06:57.195 INFO  ProgressMeter -       chr14:84817525            100.3             382000000        3810312.3
18:07:07.199 INFO  ProgressMeter -       chr14:88240033            100.4             382617000        3810130.0
18:07:17.210 INFO  ProgressMeter -       chr14:91473666            100.6             383202000        3809625.7
18:07:27.223 INFO  ProgressMeter -       chr14:95020880            100.8             383840000        3809648.0
18:07:37.225 INFO  ProgressMeter -       chr14:98537901            100.9             384478000        3809677.0
18:07:47.238 INFO  ProgressMeter -        chr15:5179074            101.1             385061000        3809155.0
18:07:57.253 INFO  ProgressMeter -       chr15:18416026            101.3             385658000        3808771.7
18:08:07.257 INFO  ProgressMeter -       chr15:21545414            101.4             386267000        3808514.8
18:08:17.269 INFO  ProgressMeter -       chr15:25112714            101.6             386891000        3808401.5
18:08:27.282 INFO  ProgressMeter -       chr15:29119996            101.8             387508000        3808219.1
18:08:37.294 INFO  ProgressMeter -       chr15:32545768            101.9             388069000        3807488.5
18:08:47.306 INFO  ProgressMeter -       chr15:36112121            102.1             388685000        3807299.0
18:08:57.440 INFO  ProgressMeter -       chr15:39345555            102.3             389267000        3806702.0
18:09:07.445 INFO  ProgressMeter -       chr15:42814610            102.4             389865000        3806343.0
18:09:17.453 INFO  ProgressMeter -       chr15:46126982            102.6             390443000        3805788.4
18:09:27.462 INFO  ProgressMeter -       chr15:49764566            102.8             391084000        3805848.1
18:09:37.467 INFO  ProgressMeter -       chr15:53328323            102.9             391706000        3805725.4
18:09:47.469 INFO  ProgressMeter -       chr15:56964414            103.1             392343000        3805750.5
18:09:57.472 INFO  ProgressMeter -       chr15:60555986            103.3             392983000        3805803.9
18:10:07.475 INFO  ProgressMeter -       chr15:64139820            103.4             393626000        3805886.2
18:10:17.475 INFO  ProgressMeter -       chr15:67609012            103.6             394256000        3805844.5
18:10:27.486 INFO  ProgressMeter -       chr15:71285056            103.8             394904000        3805969.8
18:10:37.497 INFO  ProgressMeter -       chr15:74925014            103.9             395548000        3806056.1
18:10:47.513 INFO  ProgressMeter -       chr15:78169235            104.1             396132000        3805562.8
18:10:57.525 INFO  ProgressMeter -       chr15:81770542            104.3             396763000        3805524.2
18:11:07.533 INFO  ProgressMeter -       chr15:85506230            104.4             397387000        3805421.1
18:11:17.533 INFO  ProgressMeter -       chr15:88924435            104.6             398006000        3805275.5
18:11:27.534 INFO  ProgressMeter -       chr15:92452369            104.8             398636000        3805234.6
18:11:37.548 INFO  ProgressMeter -       chr15:96024100            104.9             399252000        3805052.7
18:11:47.555 INFO  ProgressMeter -       chr15:99375639            105.1             399855000        3804751.8
18:11:57.565 INFO  ProgressMeter -        chr16:2847748            105.3             400428000        3804165.1
18:12:07.577 INFO  ProgressMeter -        chr16:6009126            105.4             401004000        3803607.4
18:12:17.586 INFO  ProgressMeter -        chr16:9253157            105.6             401574000        3802996.6
18:12:27.597 INFO  ProgressMeter -       chr16:12708588            105.8             402192000        3802840.3
18:12:37.609 INFO  ProgressMeter -       chr16:16273833            105.9             402813000        3802712.2
18:12:47.612 INFO  ProgressMeter -       chr16:20273321            106.1             403429000        3802542.8
18:12:57.624 INFO  ProgressMeter -       chr16:24434676            106.3             404032000        3802246.2
18:13:07.632 INFO  ProgressMeter -       chr16:27820367            106.4             404630000        3801905.9
18:13:17.644 INFO  ProgressMeter -       chr16:31663607            106.6             405223000        3801517.4
18:13:27.645 INFO  ProgressMeter -       chr16:38488939            106.8             405754000        3800556.5
18:13:37.645 INFO  ProgressMeter -       chr16:53674668            106.9             406336000        3800075.0
18:13:47.661 INFO  ProgressMeter -       chr16:57241477            107.1             406979000        3800155.7
18:13:57.662 INFO  ProgressMeter -       chr16:60888636            107.3             407618000        3800207.7
18:14:07.664 INFO  ProgressMeter -       chr16:64451920            107.4             408252000        3800212.9
18:14:17.667 INFO  ProgressMeter -       chr16:68220720            107.6             408893000        3800281.5
18:14:27.674 INFO  ProgressMeter -       chr16:71923072            107.8             409529000        3800301.7
18:14:37.739 INFO  ProgressMeter -       chr16:75532950            107.9             410181000        3800436.1
18:14:47.741 INFO  ProgressMeter -       chr16:79021648            108.1             410776000        3800079.6
18:14:57.748 INFO  ProgressMeter -       chr16:82594421            108.3             411357000        3799592.0
18:15:07.749 INFO  ProgressMeter -       chr16:85968049            108.4             411950000        3799220.1
18:15:17.759 INFO  ProgressMeter -       chr16:89363324            108.6             412554000        3798945.3
18:15:27.761 INFO  ProgressMeter -       chr16:92593461            108.8             413149000        3798593.3
18:15:37.762 INFO  ProgressMeter -       chr16:95847326            108.9             413754000        3798334.8
18:15:47.768 INFO  ProgressMeter -        chr17:2924924            109.1             414348000        3797973.3
18:15:57.781 INFO  ProgressMeter -        chr17:6389972            109.3             414968000        3797847.4
18:16:07.783 INFO  ProgressMeter -        chr17:9810905            109.4             415584000        3797691.1
18:16:17.787 INFO  ProgressMeter -       chr17:13382154            109.6             416211000        3797634.0
18:16:27.795 INFO  ProgressMeter -       chr17:17040801            109.8             416838000        3797575.8
18:16:37.797 INFO  ProgressMeter -       chr17:20789003            109.9             417468000        3797547.5
18:16:47.825 INFO  ProgressMeter -       chr17:27947702            110.1             418065000        3797205.1
18:16:57.837 INFO  ProgressMeter -       chr17:31627090            110.3             418724000        3797435.8
18:17:07.845 INFO  ProgressMeter -       chr17:35116344            110.4             419349000        3797359.6
18:17:17.844 INFO  ProgressMeter -       chr17:38763020            110.6             419957000        3797134.5
18:17:27.857 INFO  ProgressMeter -       chr17:42448432            110.8             420599000        3797209.6
18:17:37.880 INFO  ProgressMeter -       chr17:45862620            110.9             421206000        3796963.3
18:17:47.899 INFO  ProgressMeter -       chr17:49570683            111.1             421841000        3796972.6
18:17:57.914 INFO  ProgressMeter -       chr17:53123944            111.3             422482000        3797037.0
18:18:07.922 INFO  ProgressMeter -       chr17:56761377            111.4             423117000        3797051.8
18:18:17.929 INFO  ProgressMeter -       chr17:60347936            111.6             423758000        3797120.9
18:18:27.934 INFO  ProgressMeter -       chr17:64069708            111.8             424402000        3797217.8
18:18:37.944 INFO  ProgressMeter -       chr17:67607688            111.9             425030000        3797168.7
18:18:47.946 INFO  ProgressMeter -       chr17:71142686            112.1             425647000        3797026.1
18:18:57.952 INFO  ProgressMeter -       chr17:74513799            112.3             426242000        3796686.2
18:19:07.959 INFO  ProgressMeter -       chr17:77846265            112.4             426860000        3796550.2
18:19:17.969 INFO  ProgressMeter -       chr17:80849370            112.6             427420000        3795898.4
18:19:27.970 INFO  ProgressMeter -       chr17:84191128            112.8             428001000        3795439.9
18:19:37.976 INFO  ProgressMeter -        chr18:3316809            112.9             428553000        3794723.6
18:19:47.978 INFO  ProgressMeter -        chr18:6616408            113.1             429131000        3794240.5
18:19:57.996 INFO  ProgressMeter -        chr18:9796415            113.3             429696000        3793635.6
18:20:08.002 INFO  ProgressMeter -       chr18:12981676            113.4             430263000        3793057.4
18:20:18.032 INFO  ProgressMeter -       chr18:18331705            113.6             430801000        3792211.1
18:20:28.033 INFO  ProgressMeter -       chr18:23856633            113.8             431364000        3791603.8
18:20:38.034 INFO  ProgressMeter -       chr18:27098214            113.9             431934000        3791059.6
18:20:48.036 INFO  ProgressMeter -       chr18:30240866            114.1             432469000        3790209.8
18:20:58.050 INFO  ProgressMeter -       chr18:33520905            114.3             433032000        3789600.8
18:21:08.058 INFO  ProgressMeter -       chr18:36893291            114.4             433620000        3789215.4
18:21:18.064 INFO  ProgressMeter -       chr18:40199764            114.6             434200000        3788762.9
18:21:28.075 INFO  ProgressMeter -       chr18:43666111            114.8             434792000        3788412.5
18:21:38.088 INFO  ProgressMeter -       chr18:46999646            114.9             435384000        3788062.6
18:21:48.092 INFO  ProgressMeter -       chr18:50383870            115.1             435977000        3787727.2
18:21:58.099 INFO  ProgressMeter -       chr18:53871545            115.3             436583000        3787504.0
18:22:08.113 INFO  ProgressMeter -       chr18:57291476            115.4             437184000        3787234.3
18:22:18.130 INFO  ProgressMeter -       chr18:60638218            115.6             437774000        3786869.1
18:22:28.130 INFO  ProgressMeter -       chr18:63988962            115.8             438361000        3786487.3
18:22:38.138 INFO  ProgressMeter -       chr18:67281039            115.9             438913000        3785800.8
18:22:48.138 INFO  ProgressMeter -       chr18:70455620            116.1             439448000        3784974.2
18:22:58.143 INFO  ProgressMeter -       chr18:73883440            116.3             440030000        3784551.6
18:23:08.157 INFO  ProgressMeter -       chr18:77186283            116.4             440621000        3784202.5
18:23:18.172 INFO  ProgressMeter -       chr18:80381594            116.6             441189000        3783656.7
18:23:28.180 INFO  ProgressMeter -        chr19:3066538            116.8             441751000        3783064.8
18:23:38.197 INFO  ProgressMeter -        chr19:6062821            116.9             442297000        3782333.5
18:23:48.204 INFO  ProgressMeter -        chr19:9451459            117.1             442862000        3781770.8
18:23:58.204 INFO  ProgressMeter -       chr19:12619418            117.3             443426000        3781205.5
18:24:08.210 INFO  ProgressMeter -       chr19:16008091            117.4             444027000        3780953.6
18:24:18.219 INFO  ProgressMeter -       chr19:19304377            117.6             444626000        3780683.8
18:24:28.219 INFO  ProgressMeter -       chr19:22319869            117.8             445156000        3779833.8
18:24:38.219 INFO  ProgressMeter -       chr19:29094381            117.9             445690000        3779020.0
18:24:48.227 INFO  ProgressMeter -       chr19:32400496            118.1             446217000        3778145.0
18:24:58.237 INFO  ProgressMeter -       chr19:35486945            118.3             446766000        3777458.0
18:25:08.260 INFO  ProgressMeter -       chr19:38498226            118.4             447307000        3776697.4
18:25:18.268 INFO  ProgressMeter -       chr19:41977485            118.6             447866000        3776099.1
18:25:28.272 INFO  ProgressMeter -       chr19:45096619            118.8             448424000        3775496.3
18:25:38.280 INFO  ProgressMeter -       chr19:48004576            118.9             448958000        3774691.2
18:25:48.286 INFO  ProgressMeter -       chr19:51276581            119.1             449504000        3773990.2
18:25:58.299 INFO  ProgressMeter -       chr19:54428167            119.3             450045000        3773245.6
18:26:08.316 INFO  ProgressMeter -       chr19:57434450            119.4             450572000        3772384.2
18:26:18.329 INFO  ProgressMeter -       chr19:60249666            119.6             451071000        3771292.2
18:26:28.346 INFO  ProgressMeter -        chr20:1281290            119.8             451554000        3770068.1
18:26:38.349 INFO  ProgressMeter -        chr20:3625180            119.9             451973000        3768321.1
18:26:48.351 INFO  ProgressMeter -        chr20:6364679            120.1             452464000        3767180.0
18:26:58.362 INFO  ProgressMeter -        chr20:9169797            120.3             452953000        3766019.2
18:27:08.368 INFO  ProgressMeter -       chr20:11917983            120.4             453436000        3764814.4
18:27:18.372 INFO  ProgressMeter -       chr20:14834831            120.6             453941000        3763796.9
18:27:28.384 INFO  ProgressMeter -       chr20:17627006            120.8             454432000        3762662.6
18:27:38.398 INFO  ProgressMeter -       chr20:20384911            120.9             454923000        3761529.9
18:27:48.405 INFO  ProgressMeter -       chr20:23228938            121.1             455428000        3760519.0
18:27:58.412 INFO  ProgressMeter -       chr20:25920181            121.3             455917000        3759379.5
18:28:08.431 INFO  ProgressMeter -       chr20:31465017            121.4             456353000        3757800.6
18:28:18.447 INFO  ProgressMeter -       chr20:34762235            121.6             456858000        3756794.9
18:28:28.461 INFO  ProgressMeter -       chr20:37670121            121.8             457378000        3755916.1
18:28:38.469 INFO  ProgressMeter -       chr20:40427590            121.9             457874000        3754846.0
18:28:48.479 INFO  ProgressMeter -       chr20:43222451            122.1             458379000        3753851.6
18:28:58.481 INFO  ProgressMeter -       chr20:46046632            122.3             458888000        3752896.6
18:29:08.483 INFO  ProgressMeter -       chr20:48837638            122.4             459393000        3751911.6
18:29:18.497 INFO  ProgressMeter -       chr20:51626299            122.6             459891000        3750866.1
18:29:28.512 INFO  ProgressMeter -       chr20:54250796            122.8             460363000        3749611.6
18:29:38.514 INFO  ProgressMeter -       chr20:57104097            122.9             460865000        3748610.1
18:29:48.528 INFO  ProgressMeter -       chr20:59962108            123.1             461380000        3747711.4
18:29:58.532 INFO  ProgressMeter -       chr20:62900776            123.3             461913000        3746966.7
18:30:08.544 INFO  ProgressMeter -       chr20:65506655            123.4             462402000        3745862.5
18:30:18.545 INFO  ProgressMeter -        chr21:6390708            123.6             462940000        3745163.7
18:30:28.549 INFO  ProgressMeter -       chr21:12458784            123.8             463464000        3744352.2
18:30:38.557 INFO  ProgressMeter -       chr21:15785628            123.9             464039000        3743952.4
18:30:48.566 INFO  ProgressMeter -       chr21:19095635            124.1             464603000        3743464.5
18:30:58.575 INFO  ProgressMeter -       chr21:22385605            124.3             465155000        3742881.3
18:31:08.590 INFO  ProgressMeter -       chr21:25598283            124.4             465703000        3742264.6
18:31:18.597 INFO  ProgressMeter -       chr21:28852682            124.6             466270000        3741806.0
18:31:28.612 INFO  ProgressMeter -       chr21:32060819            124.8             466838000        3741352.6
18:31:38.616 INFO  ProgressMeter -       chr21:35142819            124.9             467391000        3740785.9
18:31:48.633 INFO  ProgressMeter -       chr21:38324289            125.1             467961000        3740350.1
18:31:58.650 INFO  ProgressMeter -       chr21:41396877            125.3             468515000        3739787.8
18:32:08.668 INFO  ProgressMeter -       chr21:44401260            125.4             469074000        3739266.3
18:32:18.673 INFO  ProgressMeter -        chr22:6508966            125.6             469635000        3738769.0
18:32:28.677 INFO  ProgressMeter -       chr22:11654814            125.8             470229000        3738534.9
18:32:38.697 INFO  ProgressMeter -       chr22:17564769            125.9             470752000        3737730.4
18:32:48.709 INFO  ProgressMeter -       chr22:20588693            126.1             471271000        3736900.1
18:32:58.727 INFO  ProgressMeter -       chr22:23445230            126.3             471765000        3735871.2
18:33:08.744 INFO  ProgressMeter -       chr22:26315954            126.4             472289000        3735082.7
18:33:18.745 INFO  ProgressMeter -       chr22:29300775            126.6             472827000        3734415.2
18:33:28.751 INFO  ProgressMeter -       chr22:32254380            126.8             473362000        3733722.3
18:33:38.762 INFO  ProgressMeter -       chr22:35063676            126.9             473865000        3732777.8
18:33:48.762 INFO  ProgressMeter -       chr22:37934047            127.1             474394000        3732045.1
18:33:58.771 INFO  ProgressMeter -       chr22:40803149            127.3             474921000        3731293.8
18:34:08.787 INFO  ProgressMeter -       chr22:43661283            127.4             475435000        3730439.5
18:34:18.818 INFO  ProgressMeter -       chr22:46268139            127.6             475914000        3729305.9
18:34:28.849 INFO  ProgressMeter -       chr22:48986539            127.8             476421000        3728394.8
18:34:38.854 INFO  ProgressMeter -          chrX:174550            127.9             476877000        3727099.2
18:34:48.870 INFO  ProgressMeter -         chrX:3272479            128.1             477322000        3725716.2
18:34:58.891 INFO  ProgressMeter -         chrX:9107175            128.3             477821000        3724755.4
18:35:08.901 INFO  ProgressMeter -        chrX:14919010            128.4             478337000        3723935.2
18:35:18.908 INFO  ProgressMeter -        chrX:20827966            128.6             478857000        3723149.3
18:35:28.907 INFO  ProgressMeter -        chrX:26787016            128.8             479372000        3722329.9
18:35:38.913 INFO  ProgressMeter -        chrX:32476992            128.9             479858000        3721284.8
18:35:48.914 INFO  ProgressMeter -        chrX:38358741            129.1             480364000        3720399.7
18:35:58.927 INFO  ProgressMeter -        chrX:44337915            129.3             480891000        3719673.6
18:36:09.056 INFO  ProgressMeter -        chrX:50353398            129.5             481396000        3718723.9
18:36:19.060 INFO  ProgressMeter -        chrX:56642354            129.6             481907000        3717883.2
18:36:29.067 INFO  ProgressMeter -        chrX:64862248            129.8             482400000        3716903.6
18:36:39.070 INFO  ProgressMeter -        chrX:70814384            130.0             482915000        3716098.1
18:36:49.073 INFO  ProgressMeter -        chrX:77121321            130.1             483442000        3715386.9
18:36:59.080 INFO  ProgressMeter -        chrX:83279619            130.3             483963000        3714629.6
18:37:09.082 INFO  ProgressMeter -        chrX:89326423            130.5             484461000        3713700.4
18:37:19.083 INFO  ProgressMeter -        chrX:94817019            130.6             484915000        3712437.0
18:37:29.095 INFO  ProgressMeter -       chrX:100784620            130.8             485413000        3711508.2
18:37:39.105 INFO  ProgressMeter -       chrX:106827217            131.0             485925000        3710689.5
18:37:49.121 INFO  ProgressMeter -       chrX:112436883            131.1             486414000        3709694.7
18:37:59.138 INFO  ProgressMeter -       chrX:118255022            131.3             486899000        3708671.5
18:38:09.150 INFO  ProgressMeter -       chrX:123936496            131.5             487382000        3707638.5
18:38:19.159 INFO  ProgressMeter -       chrX:129657667            131.6             487876000        3706692.2
18:38:29.174 INFO  ProgressMeter -       chrX:135674837            131.8             488390000        3705897.7
18:38:39.192 INFO  ProgressMeter -       chrX:141419646            132.0             488871000        3704853.7
18:38:49.196 INFO  ProgressMeter -       chrX:147205296            132.1             489355000        3703841.5
18:38:59.206 INFO  ProgressMeter -       chrX:153146064            132.3             489848000        3702897.2
18:39:09.214 INFO  ProgressMeter -         chrY:7358293            132.5             490361000        3702107.6
18:39:19.226 INFO  ProgressMeter -        chrY:13859838            132.6             490783000        3700631.1
18:39:29.233 INFO  ProgressMeter -        chrY:21328582            132.8             491299000        3699869.0
18:39:39.247 INFO  ProgressMeter -        chrY:59865478            133.0             491687000        3698142.7
18:39:47.396 INFO  BaseRecalibrator - 36641791 read(s) filtered by: MappingQualityNotZeroReadFilter 
0 read(s) filtered by: MappingQualityAvailableReadFilter 
0 read(s) filtered by: MappedReadFilter 
0 read(s) filtered by: NotSecondaryAlignmentReadFilter 
68883452 read(s) filtered by: NotDuplicateReadFilter 
0 read(s) filtered by: PassesVendorQualityCheckReadFilter 
0 read(s) filtered by: WellformedReadFilter 
105525243 total reads filtered out of 597649373 reads processed
18:39:47.396 INFO  ProgressMeter -           chrM:16534            133.1             492124130        3697653.3
18:39:47.396 INFO  ProgressMeter - Traversal complete. Processed 492124130 total reads in 133.1 minutes.
18:39:47.435 INFO  BaseRecalibrator - Calculating quantized quality scores...
18:39:47.445 INFO  BaseRecalibrator - Writing recalibration report...
18:39:47.774 INFO  BaseRecalibrator - ...done!
18:39:47.776 INFO  BaseRecalibrator - BaseRecalibrator was able to recalibrate 492124130 reads
18:39:47.776 INFO  BaseRecalibrator - Shutting down engine
[June 24, 2024 at 6:39:47 PM CEST] org.broadinstitute.hellbender.tools.walkers.bqsr.BaseRecalibrator done. Elapsed time: 133.11 minutes.
Runtime.totalMemory()=1778384896
Tool returned:
SUCCESS
