Using GATK jar /lustre1/project/stg_00096/home/rdewin/system/miniconda/envs/WGS/share/gatk4-4.5.0.0-0/gatk-package-4.5.0.0-local.jar
Running:
    java -Dsamjdk.use_async_io_read_samtools=false -Dsamjdk.use_async_io_write_samtools=true -Dsamjdk.use_async_io_write_tribble=false -Dsamjdk.compression_level=2 -jar /lustre1/project/stg_00096/home/rdewin/system/miniconda/envs/WGS/share/gatk4-4.5.0.0-0/gatk-package-4.5.0.0-local.jar ApplyBQSR -R resources/genome.fa -I results/mapped_reads/P022/P022_dna_normal.marked.bam --bqsr-recal-file results/recal/P022/P022_dna_normal_recal_data.table -O results/recal/P022/P022_dna_normal_recal.bam --create-output-bam-index false
18:39:51.435 INFO  NativeLibraryLoader - Loading libgkl_compression.so from jar:file:/lustre1/project/stg_00096/home/rdewin/system/miniconda/envs/WGS/share/gatk4-4.5.0.0-0/gatk-package-4.5.0.0-local.jar!/com/intel/gkl/native/libgkl_compression.so
18:39:51.562 INFO  ApplyBQSR - ------------------------------------------------------------
18:39:51.564 INFO  ApplyBQSR - The Genome Analysis Toolkit (GATK) v4.5.0.0
18:39:51.564 INFO  ApplyBQSR - For support and documentation go to https://software.broadinstitute.org/gatk/
18:39:51.565 INFO  ApplyBQSR - Executing as vsc35407@i28l15 on Linux v4.18.0-513.24.1.el8_9.x86_64 amd64
18:39:51.565 INFO  ApplyBQSR - Java runtime: OpenJDK 64-Bit Server VM v17.0.10-internal+0-adhoc..src
18:39:51.565 INFO  ApplyBQSR - Start Date/Time: June 24, 2024 at 6:39:51 PM CEST
18:39:51.567 INFO  ApplyBQSR - ------------------------------------------------------------
18:39:51.567 INFO  ApplyBQSR - ------------------------------------------------------------
18:39:51.567 INFO  ApplyBQSR - HTSJDK Version: 4.1.0
18:39:51.567 INFO  ApplyBQSR - Picard Version: 3.1.1
18:39:51.567 INFO  ApplyBQSR - Built for Spark Version: 3.5.0
18:39:51.568 INFO  ApplyBQSR - HTSJDK Defaults.COMPRESSION_LEVEL : 2
18:39:51.568 INFO  ApplyBQSR - HTSJDK Defaults.USE_ASYNC_IO_READ_FOR_SAMTOOLS : false
18:39:51.568 INFO  ApplyBQSR - HTSJDK Defaults.USE_ASYNC_IO_WRITE_FOR_SAMTOOLS : true
18:39:51.568 INFO  ApplyBQSR - HTSJDK Defaults.USE_ASYNC_IO_WRITE_FOR_TRIBBLE : false
18:39:51.568 INFO  ApplyBQSR - Deflater: IntelDeflater
18:39:51.568 INFO  ApplyBQSR - Inflater: IntelInflater
18:39:51.568 INFO  ApplyBQSR - GCS max retries/reopens: 20
18:39:51.568 INFO  ApplyBQSR - Requester pays: disabled
18:39:51.572 INFO  ApplyBQSR - Initializing engine
18:39:51.762 INFO  ApplyBQSR - Done initializing engine
18:39:51.799 INFO  ProgressMeter - Starting traversal
18:39:51.800 INFO  ProgressMeter -        Current Locus  Elapsed Minutes       Reads Processed     Reads/Minute
18:40:01.810 INFO  ProgressMeter -         chr1:2869461              0.2                655000        3926858.5
18:40:11.811 INFO  ProgressMeter -         chr1:6330075              0.3               1393000        4176911.5
18:40:21.821 INFO  ProgressMeter -         chr1:9970727              0.5               2141000        4279147.2
18:40:31.831 INFO  ProgressMeter -        chr1:13392543              0.7               2868000        4298775.9
18:40:41.835 INFO  ProgressMeter -        chr1:16828710              0.8               3598000        4314666.0
18:40:51.838 INFO  ProgressMeter -        chr1:20333197              1.0               4336000        4333327.8
18:41:01.850 INFO  ProgressMeter -        chr1:23833662              1.2               5062000        4335822.1
18:41:11.860 INFO  ProgressMeter -        chr1:27493695              1.3               5811000        4355038.2
18:41:21.865 INFO  ProgressMeter -        chr1:31052447              1.5               6548000        4362231.3
18:41:31.872 INFO  ProgressMeter -        chr1:34483050              1.7               7257000        4351067.2
18:41:41.877 INFO  ProgressMeter -        chr1:38118129              1.8               8007000        4364439.1
18:41:51.879 INFO  ProgressMeter -        chr1:41746682              2.0               8756000        4375156.1
18:42:01.882 INFO  ProgressMeter -        chr1:45334837              2.2               9496000        4380006.5
18:42:11.888 INFO  ProgressMeter -        chr1:48914869              2.3              10233000        4382847.8
18:42:21.895 INFO  ProgressMeter -        chr1:52612420              2.5              10975000        4387250.7
18:42:31.908 INFO  ProgressMeter -        chr1:56272846              2.7              11730000        4395837.8
18:42:41.907 INFO  ProgressMeter -        chr1:59932525              2.8              12471000        4398786.6
18:42:51.917 INFO  ProgressMeter -        chr1:63705056              3.0              13227000        4406136.0
18:43:01.927 INFO  ProgressMeter -        chr1:67424408              3.2              13974000        4409894.4
18:43:11.938 INFO  ProgressMeter -        chr1:71206168              3.3              14726000        4414775.9
18:43:21.945 INFO  ProgressMeter -        chr1:75154711              3.5              15481000        4420111.9
18:43:31.952 INFO  ProgressMeter -        chr1:78857292              3.7              16215000        4419239.5
18:43:41.959 INFO  ProgressMeter -        chr1:82718821              3.8              16960000        4421291.4
18:43:51.968 INFO  ProgressMeter -        chr1:86470261              4.0              17706000        4423403.6
18:44:01.970 INFO  ProgressMeter -        chr1:90137007              4.2              18445000        4423809.5
18:44:11.979 INFO  ProgressMeter -        chr1:93801228              4.3              19176000        4422203.3
18:44:21.985 INFO  ProgressMeter -        chr1:97729582              4.5              19963000        4433184.7
18:44:31.991 INFO  ProgressMeter -       chr1:101823812              4.7              20773000        4448338.6
18:44:42.000 INFO  ProgressMeter -       chr1:106249233              4.8              21583000        4462370.8
18:44:52.012 INFO  ProgressMeter -       chr1:110248483              5.0              22394000        4475637.2
18:45:02.020 INFO  ProgressMeter -       chr1:114134722              5.2              23184000        4484043.6
18:45:12.025 INFO  ProgressMeter -       chr1:118075130              5.3              23987000        4494402.4
18:45:22.027 INFO  ProgressMeter -       chr1:121964230              5.5              24779000        4502175.8
18:45:32.038 INFO  ProgressMeter -       chr1:126575328              5.7              25617000        4517498.1
18:45:42.047 INFO  ProgressMeter -       chr1:129884327              5.8              26433000        4528175.8
18:45:52.058 INFO  ProgressMeter -       chr1:134606969              6.0              27256000        4539426.0
18:46:02.063 INFO  ProgressMeter -       chr1:138332985              6.2              28074000        4549306.8
18:46:12.070 INFO  ProgressMeter -       chr1:140507243              6.3              28880000        4556774.3
18:46:22.072 INFO  ProgressMeter -       chr1:144252822              6.5              29706000        4566980.4
18:46:32.078 INFO  ProgressMeter -       chr1:148033851              6.7              30506000        4572733.4
18:46:42.079 INFO  ProgressMeter -       chr1:151909798              6.8              31310000        4578846.5
18:46:52.083 INFO  ProgressMeter -       chr1:155867414              7.0              32131000        4587063.0
18:47:02.091 INFO  ProgressMeter -       chr1:159877123              7.2              32958000        4595702.0
18:47:12.097 INFO  ProgressMeter -       chr1:164089249              7.3              33790000        4604619.2
18:47:22.108 INFO  ProgressMeter -       chr1:168183933              7.5              34626000        4613642.2
18:47:32.117 INFO  ProgressMeter -       chr1:172340607              7.7              35457000        4621651.2
18:47:42.119 INFO  ProgressMeter -       chr1:176437622              7.8              36284000        4628858.3
18:47:52.122 INFO  ProgressMeter -       chr1:180541992              8.0              37112000        4635890.1
18:48:02.131 INFO  ProgressMeter -       chr1:184643588              8.2              37944000        4643077.1
18:48:12.133 INFO  ProgressMeter -       chr1:188951328              8.3              38777000        4650143.0
18:48:22.144 INFO  ProgressMeter -       chr1:193282103              8.5              39616000        4657564.3
18:48:32.155 INFO  ProgressMeter -       chr1:197483469              8.7              40444000        4663440.7
18:48:42.163 INFO  ProgressMeter -       chr1:201608425              8.8              41276000        4669565.3
18:48:52.168 INFO  ProgressMeter -       chr1:205645053              9.0              42117000        4676479.7
18:49:02.175 INFO  ProgressMeter -       chr1:209722686              9.2              42955000        4682807.2
18:49:12.187 INFO  ProgressMeter -       chr1:213789189              9.3              43779000        4687376.2
18:49:22.196 INFO  ProgressMeter -       chr1:218044787              9.5              44612000        4692739.8
18:49:32.205 INFO  ProgressMeter -       chr1:222223937              9.7              45445000        4697934.5
18:49:42.207 INFO  ProgressMeter -       chr1:226240130              9.8              46268000        4701976.8
18:49:52.209 INFO  ProgressMeter -       chr1:230323000             10.0              47104000        4707191.3
18:50:02.210 INFO  ProgressMeter -       chr1:234443782             10.2              47938000        4712046.0
18:50:12.218 INFO  ProgressMeter -       chr1:238591895             10.3              48755000        4715047.0
18:50:22.229 INFO  ProgressMeter -       chr1:242825199             10.5              49587000        4719357.8
18:50:32.230 INFO  ProgressMeter -       chr1:247009615             10.7              50419000        4723615.0
18:50:42.233 INFO  ProgressMeter -         chr2:2700110             10.8              51247000        4727343.2
18:50:52.241 INFO  ProgressMeter -         chr2:6851597             11.0              52084000        4731754.6
18:51:02.251 INFO  ProgressMeter -        chr2:10858585             11.2              52914000        4735386.7
18:51:12.256 INFO  ProgressMeter -        chr2:14822073             11.3              53710000        4735941.8
18:51:22.257 INFO  ProgressMeter -        chr2:18611809             11.5              54479000        4734175.7
18:51:32.259 INFO  ProgressMeter -        chr2:22714443             11.7              55299000        4736808.3
18:51:42.264 INFO  ProgressMeter -        chr2:26677468             11.8              56111000        4738684.5
18:51:52.271 INFO  ProgressMeter -        chr2:30711811             12.0              56942000        4742071.1
18:52:02.275 INFO  ProgressMeter -        chr2:34861943             12.2              57774000        4745460.1
18:52:12.279 INFO  ProgressMeter -        chr2:39100240             12.3              58613000        4749331.2
18:52:22.290 INFO  ProgressMeter -        chr2:43285127             12.5              59452000        4753061.0
18:52:32.292 INFO  ProgressMeter -        chr2:47436070             12.7              60296000        4757130.9
18:52:42.296 INFO  ProgressMeter -        chr2:51659108             12.8              61132000        4760466.0
18:52:52.303 INFO  ProgressMeter -        chr2:55863369             13.0              61964000        4763389.8
18:53:02.313 INFO  ProgressMeter -        chr2:59808987             13.2              62746000        4762426.4
18:53:12.321 INFO  ProgressMeter -        chr2:63699615             13.3              63530000        4761654.9
18:53:22.328 INFO  ProgressMeter -        chr2:67757427             13.5              64349000        4763493.4
18:53:32.338 INFO  ProgressMeter -        chr2:71354981             13.7              65083000        4759054.1
18:53:42.352 INFO  ProgressMeter -        chr2:75099221             13.8              65852000        4757238.9
18:53:52.358 INFO  ProgressMeter -        chr2:79117456             14.0              66635000        4756483.2
18:54:02.359 INFO  ProgressMeter -        chr2:83123752             14.2              67418000        4755790.0
18:54:12.371 INFO  ProgressMeter -        chr2:87005300             14.3              68195000        4754633.8
18:54:22.377 INFO  ProgressMeter -        chr2:90924636             14.5              68968000        4753261.3
18:54:32.387 INFO  ProgressMeter -        chr2:95202527             14.7              69756000        4752925.9
18:54:42.393 INFO  ProgressMeter -        chr2:98915937             14.8              70526000        4751401.3
18:54:52.393 INFO  ProgressMeter -       chr2:102614425             15.0              71281000        4748942.9
18:55:02.400 INFO  ProgressMeter -       chr2:106453675             15.2              72051000        4747485.2
18:55:12.408 INFO  ProgressMeter -       chr2:110165352             15.3              72802000        4744820.8
18:55:22.418 INFO  ProgressMeter -       chr2:113821865             15.5              73563000        4742853.4
18:55:32.425 INFO  ProgressMeter -       chr2:117712568             15.7              74326000        4741060.5
18:55:42.430 INFO  ProgressMeter -       chr2:121447419             15.8              75090000        4739383.4
18:55:52.436 INFO  ProgressMeter -       chr2:125288275             16.0              75852000        4737611.3
18:56:02.445 INFO  ProgressMeter -       chr2:129032272             16.2              76615000        4735927.9
18:56:12.453 INFO  ProgressMeter -       chr2:132800708             16.3              77380000        4734396.4
18:56:22.457 INFO  ProgressMeter -       chr2:136572584             16.5              78134000        4732258.2
18:56:32.464 INFO  ProgressMeter -       chr2:140428938             16.7              78896000        4730618.9
18:56:42.468 INFO  ProgressMeter -       chr2:144389539             16.8              79670000        4729743.1
18:56:52.476 INFO  ProgressMeter -       chr2:148214088             17.0              80430000        4728043.0
18:57:02.479 INFO  ProgressMeter -       chr2:152082347             17.2              81204000        4727218.4
18:57:12.479 INFO  ProgressMeter -       chr2:156033469             17.3              81980000        4726529.5
18:57:22.487 INFO  ProgressMeter -       chr2:159872023             17.5              82743000        4725084.4
18:57:32.493 INFO  ProgressMeter -       chr2:163806664             17.7              83519000        4724401.9
18:57:42.498 INFO  ProgressMeter -       chr2:167742672             17.8              84288000        4723348.7
18:57:52.498 INFO  ProgressMeter -       chr2:171587983             18.0              85057000        4722336.9
18:58:02.500 INFO  ProgressMeter -       chr2:175418277             18.2              85831000        4721610.0
18:58:12.511 INFO  ProgressMeter -       chr2:179499748             18.3              86651000        4723365.2
18:58:22.514 INFO  ProgressMeter -       chr2:183589381             18.5              87467000        4724906.7
18:58:32.522 INFO  ProgressMeter -       chr2:187912434             18.7              88302000        4727416.8
18:58:42.526 INFO  ProgressMeter -       chr2:192035303             18.8              89120000        4728997.1
18:58:52.534 INFO  ProgressMeter -       chr2:195913176             19.0              89871000        4727013.2
18:59:02.535 INFO  ProgressMeter -       chr2:200131748             19.2              90710000        4729672.8
18:59:12.546 INFO  ProgressMeter -       chr2:204357236             19.3              91552000        4732404.8
18:59:22.560 INFO  ProgressMeter -       chr2:208236874             19.5              92334000        4732015.3
18:59:32.569 INFO  ProgressMeter -       chr2:212351219             19.7              93142000        4732953.5
18:59:42.571 INFO  ProgressMeter -       chr2:216841055             19.8              94017000        4737283.7
18:59:52.575 INFO  ProgressMeter -       chr2:221055632             20.0              94891000        4741487.8
19:00:02.584 INFO  ProgressMeter -       chr2:225473289             20.2              95766000        4745656.3
19:00:12.588 INFO  ProgressMeter -       chr2:229823870             20.3              96621000        4748785.2
19:00:22.588 INFO  ProgressMeter -       chr2:234012673             20.5              97488000        4752467.5
19:00:32.597 INFO  ProgressMeter -       chr2:238271225             20.7              98370000        4756781.3
19:00:42.607 INFO  ProgressMeter -       chr2:242409731             20.8              99250000        4760930.2
19:00:52.606 INFO  ProgressMeter -         chr3:4197371             21.0             100134000        4765237.5
19:01:02.609 INFO  ProgressMeter -         chr3:8451698             21.2             100983000        4767813.3
19:01:12.610 INFO  ProgressMeter -        chr3:12518774             21.3             101823000        4769934.7
19:01:22.622 INFO  ProgressMeter -        chr3:16598801             21.5             102673000        4772451.0
19:01:32.626 INFO  ProgressMeter -        chr3:20787615             21.7             103517000        4774673.9
19:01:42.632 INFO  ProgressMeter -        chr3:25063944             21.8             104358000        4776722.0
19:01:52.641 INFO  ProgressMeter -        chr3:29380472             22.0             105207000        4779091.5
19:02:02.650 INFO  ProgressMeter -        chr3:33617300             22.2             106048000        4781064.7
19:02:12.651 INFO  ProgressMeter -        chr3:37697449             22.3             106864000        4781921.9
19:02:22.652 INFO  ProgressMeter -        chr3:41791848             22.5             107702000        4783740.0
19:02:32.660 INFO  ProgressMeter -        chr3:45516319             22.7             108465000        4782196.6
19:02:42.669 INFO  ProgressMeter -        chr3:49531459             22.8             109298000        4783742.9
19:02:52.668 INFO  ProgressMeter -        chr3:53497637             23.0             110134000        4785424.8
19:03:02.674 INFO  ProgressMeter -        chr3:57601659             23.2             110965000        4786846.3
19:03:12.677 INFO  ProgressMeter -        chr3:61758446             23.3             111804000        4788603.7
19:03:22.686 INFO  ProgressMeter -        chr3:65985654             23.5             112651000        4790649.3
19:03:32.697 INFO  ProgressMeter -        chr3:70170237             23.7             113490000        4792324.8
19:03:42.699 INFO  ProgressMeter -        chr3:74289327             23.8             114322000        4793717.0
19:03:52.699 INFO  ProgressMeter -        chr3:78625594             24.0             115164000        4795509.5
19:04:02.699 INFO  ProgressMeter -        chr3:83000394             24.2             116004000        4797194.6
19:04:12.708 INFO  ProgressMeter -        chr3:87442134             24.3             116852000        4799152.3
19:04:22.711 INFO  ProgressMeter -        chr3:91893932             24.5             117719000        4801881.3
19:04:32.721 INFO  ProgressMeter -        chr3:97247313             24.7             118601000        4805161.7
19:04:42.730 INFO  ProgressMeter -       chr3:101671683             24.8             119457000        4807348.4
19:04:52.739 INFO  ProgressMeter -       chr3:106029240             25.0             120323000        4809912.2
19:05:02.742 INFO  ProgressMeter -       chr3:110477844             25.2             121187000        4812378.5
19:05:12.744 INFO  ProgressMeter -       chr3:114742042             25.3             122033000        4814105.5
19:05:22.749 INFO  ProgressMeter -       chr3:119017813             25.5             122886000        4816071.6
19:05:32.752 INFO  ProgressMeter -       chr3:123240812             25.7             123724000        4817437.5
19:05:42.755 INFO  ProgressMeter -       chr3:127415154             25.8             124569000        4819062.9
19:05:52.764 INFO  ProgressMeter -       chr3:131650433             26.0             125454000        4822177.1
19:06:02.763 INFO  ProgressMeter -       chr3:135980260             26.2             126336000        4825167.7
19:06:12.771 INFO  ProgressMeter -       chr3:140288571             26.3             127211000        4827833.5
19:06:22.780 INFO  ProgressMeter -       chr3:144453790             26.5             128061000        4829513.9
19:06:32.781 INFO  ProgressMeter -       chr3:148641607             26.7             128892000        4830488.3
19:06:42.787 INFO  ProgressMeter -       chr3:152762789             26.8             129700000        4830582.0
19:06:52.794 INFO  ProgressMeter -       chr3:156934902             27.0             130538000        4831776.1
19:07:02.798 INFO  ProgressMeter -       chr3:161142887             27.2             131376000        4832967.3
19:07:12.799 INFO  ProgressMeter -       chr3:165209172             27.3             132187000        4833165.7
19:07:22.803 INFO  ProgressMeter -       chr3:169705984             27.5             133026000        4834373.3
19:07:32.812 INFO  ProgressMeter -       chr3:173932306             27.7             133868000        4835657.3
19:07:42.818 INFO  ProgressMeter -       chr3:178189942             27.9             134705000        4836755.1
19:07:52.825 INFO  ProgressMeter -       chr3:182517411             28.0             135550000        4838119.6
19:08:02.827 INFO  ProgressMeter -       chr3:186734744             28.2             136386000        4839168.6
19:08:12.826 INFO  ProgressMeter -       chr3:190853879             28.4             137222000        4840208.2
19:08:22.835 INFO  ProgressMeter -       chr3:195152909             28.5             138065000        4841458.4
19:08:32.838 INFO  ProgressMeter -       chr3:199166426             28.7             138911000        4842812.8
19:08:42.838 INFO  ProgressMeter -         chr4:1937597             28.9             139721000        4842912.1
19:08:52.853 INFO  ProgressMeter -         chr4:5865400             29.0             140547000        4843519.9
19:09:02.857 INFO  ProgressMeter -         chr4:9829305             29.2             141376000        4844251.2
19:09:12.866 INFO  ProgressMeter -        chr4:14031740             29.4             142212000        4845201.7
19:09:22.875 INFO  ProgressMeter -        chr4:18214813             29.5             143047000        4846113.1
19:09:32.881 INFO  ProgressMeter -        chr4:22501463             29.7             143885000        4847112.5
19:09:42.890 INFO  ProgressMeter -        chr4:26457485             29.9             144671000        4846356.1
19:09:52.901 INFO  ProgressMeter -        chr4:30769981             30.0             145503000        4847143.2
19:10:02.907 INFO  ProgressMeter -        chr4:35169885             30.2             146342000        4848150.9
19:10:12.928 INFO  ProgressMeter -        chr4:39348537             30.4             147174000        4848919.5
19:10:22.918 INFO  ProgressMeter -        chr4:43541321             30.5             148004000        4849627.4
19:10:32.925 INFO  ProgressMeter -        chr4:47789684             30.7             148834000        4850317.1
19:10:42.927 INFO  ProgressMeter -        chr4:52373165             30.9             149639000        4850202.1
19:10:52.936 INFO  ProgressMeter -        chr4:57202652             31.0             150482000        4851295.1
19:11:02.938 INFO  ProgressMeter -        chr4:61512892             31.2             151344000        4853003.9
19:11:12.941 INFO  ProgressMeter -        chr4:65991141             31.4             152199000        4854473.8
19:11:22.945 INFO  ProgressMeter -        chr4:70545585             31.5             153065000        4856266.9
19:11:32.952 INFO  ProgressMeter -        chr4:74914256             31.7             153943000        4858412.2
19:11:42.963 INFO  ProgressMeter -        chr4:79359389             31.9             154819000        4860467.1
19:11:52.974 INFO  ProgressMeter -        chr4:83720188             32.0             155697000        4862560.5
19:12:02.985 INFO  ProgressMeter -        chr4:88190004             32.2             156583000        4864880.8
19:12:12.993 INFO  ProgressMeter -        chr4:92546139             32.4             157451000        4866625.8
19:12:23.000 INFO  ProgressMeter -        chr4:97069783             32.5             158330000        4868696.2
19:12:33.004 INFO  ProgressMeter -       chr4:101605237             32.7             159219000        4871058.8
19:12:43.004 INFO  ProgressMeter -       chr4:106078347             32.9             160106000        4873346.4
19:12:53.004 INFO  ProgressMeter -       chr4:110531794             33.0             160981000        4875247.6
19:13:03.013 INFO  ProgressMeter -       chr4:114905801             33.2             161852000        4876989.5
19:13:13.020 INFO  ProgressMeter -       chr4:119475719             33.4             162738000        4879163.7
19:13:23.025 INFO  ProgressMeter -       chr4:124025351             33.5             163620000        4881204.2
19:13:33.034 INFO  ProgressMeter -       chr4:128519240             33.7             164505000        4883304.0
19:13:43.044 INFO  ProgressMeter -       chr4:133003173             33.9             165380000        4885087.6
19:13:53.053 INFO  ProgressMeter -       chr4:137613636             34.0             166270000        4887292.3
19:14:03.062 INFO  ProgressMeter -       chr4:142169895             34.2             167146000        4889068.3
19:14:13.071 INFO  ProgressMeter -       chr4:146500269             34.4             168009000        4890448.7
19:14:23.075 INFO  ProgressMeter -       chr4:150899812             34.5             168888000        4892293.3
19:14:33.082 INFO  ProgressMeter -       chr4:155378969             34.7             169775000        4894339.2
19:14:43.089 INFO  ProgressMeter -       chr4:159743856             34.9             170652000        4896080.8
19:14:53.090 INFO  ProgressMeter -       chr4:163934844             35.0             171478000        4896366.0
19:15:03.098 INFO  ProgressMeter -       chr4:168332495             35.2             172323000        4897167.5
19:15:13.110 INFO  ProgressMeter -       chr4:172506478             35.4             173144000        4897278.0
19:15:23.117 INFO  ProgressMeter -       chr4:176637598             35.5             173957000        4897169.2
19:15:33.120 INFO  ProgressMeter -       chr4:180984222             35.7             174799000        4897885.4
19:15:43.129 INFO  ProgressMeter -       chr4:185134992             35.9             175599000        4897409.9
19:15:53.140 INFO  ProgressMeter -       chr4:189324587             36.0             176442000        4898128.0
19:16:03.150 INFO  ProgressMeter -           chr5:44455             36.2             177289000        4898952.3
19:16:13.153 INFO  ProgressMeter -         chr5:3920621             36.4             178132000        4899674.7
19:16:23.162 INFO  ProgressMeter -         chr5:8151565             36.5             178984000        4900625.7
19:16:33.164 INFO  ProgressMeter -        chr5:12479597             36.7             179854000        4902069.8
19:16:43.172 INFO  ProgressMeter -        chr5:16809650             36.9             180723000        4903462.6
19:16:53.178 INFO  ProgressMeter -        chr5:21138644             37.0             181564000        4904091.1
19:17:03.184 INFO  ProgressMeter -        chr5:25697252             37.2             182421000        4905144.1
19:17:13.189 INFO  ProgressMeter -        chr5:30195217             37.4             183277000        4906165.3
19:17:23.198 INFO  ProgressMeter -        chr5:34456787             37.5             184133000        4907164.3
19:17:33.200 INFO  ProgressMeter -        chr5:38777656             37.7             184997000        4908384.2
19:17:43.207 INFO  ProgressMeter -        chr5:43075383             37.9             185855000        4909424.0
19:17:53.209 INFO  ProgressMeter -        chr5:47534056             38.0             186729000        4910886.2
19:18:03.214 INFO  ProgressMeter -        chr5:52350636             38.2             187622000        4912826.8
19:18:13.218 INFO  ProgressMeter -        chr5:56723358             38.4             188485000        4913972.6
19:18:23.226 INFO  ProgressMeter -        chr5:60937099             38.5             189324000        4914472.7
19:18:33.227 INFO  ProgressMeter -        chr5:65185491             38.7             190170000        4915166.4
19:18:43.235 INFO  ProgressMeter -        chr5:69340373             38.9             191001000        4915455.5
19:18:53.235 INFO  ProgressMeter -        chr5:73542467             39.0             191839000        4915936.1
19:19:03.238 INFO  ProgressMeter -        chr5:77779387             39.2             192690000        4916738.1
19:19:13.242 INFO  ProgressMeter -        chr5:81982835             39.4             193534000        4917351.3
19:19:23.249 INFO  ProgressMeter -        chr5:86334061             39.5             194385000        4918132.3
19:19:33.258 INFO  ProgressMeter -        chr5:90548981             39.7             195207000        4918174.0
19:19:43.267 INFO  ProgressMeter -        chr5:94908380             39.9             196059000        4918966.0
19:19:53.270 INFO  ProgressMeter -        chr5:98953394             40.0             196868000        4918687.3
19:20:03.272 INFO  ProgressMeter -       chr5:103064597             40.2             197668000        4918193.1
19:20:13.273 INFO  ProgressMeter -       chr5:107067710             40.4             198440000        4917007.1
19:20:23.283 INFO  ProgressMeter -       chr5:111278758             40.5             199264000        4917097.9
19:20:33.288 INFO  ProgressMeter -       chr5:115378320             40.7             200083000        4917077.2
19:20:43.290 INFO  ProgressMeter -       chr5:119563861             40.9             200906000        4917156.5
19:20:53.294 INFO  ProgressMeter -       chr5:123777288             41.0             201740000        4917501.3
19:21:03.295 INFO  ProgressMeter -       chr5:128017366             41.2             202580000        4917995.0
19:21:13.297 INFO  ProgressMeter -       chr5:132147662             41.4             203395000        4917878.2
19:21:23.303 INFO  ProgressMeter -       chr5:136188299             41.5             204237000        4918404.7
19:21:33.308 INFO  ProgressMeter -       chr5:140163843             41.7             205048000        4918187.3
19:21:43.319 INFO  ProgressMeter -       chr5:144226415             41.9             205878000        4918411.9
19:21:53.323 INFO  ProgressMeter -       chr5:148480448             42.0             206722000        4918981.5
19:22:03.327 INFO  ProgressMeter -       chr5:152532824             42.2             207557000        4919333.2
19:22:13.336 INFO  ProgressMeter -       chr5:156662370             42.4             208391000        4919647.0
19:22:23.340 INFO  ProgressMeter -       chr5:160640028             42.5             209196000        4919289.9
19:22:33.342 INFO  ProgressMeter -       chr5:164890417             42.7             210031000        4919640.2
19:22:43.353 INFO  ProgressMeter -       chr5:169198610             42.9             210872000        4920110.5
19:22:53.362 INFO  ProgressMeter -       chr5:173159195             43.0             211692000        4920091.0
19:23:03.370 INFO  ProgressMeter -       chr5:177358950             43.2             212563000        4921258.1
19:23:13.371 INFO  ProgressMeter -       chr5:181455717             43.4             213420000        4922102.8
19:23:23.382 INFO  ProgressMeter -         chr6:3562980             43.5             214277000        4922926.0
19:23:33.387 INFO  ProgressMeter -         chr6:7648222             43.7             215118000        4923388.0
19:23:43.389 INFO  ProgressMeter -        chr6:11867956             43.9             215964000        4923960.4
19:23:53.394 INFO  ProgressMeter -        chr6:16060196             44.0             216818000        4924712.1
19:24:03.399 INFO  ProgressMeter -        chr6:20304303             44.2             217662000        4925224.4
19:24:13.403 INFO  ProgressMeter -        chr6:24581904             44.4             218508000        4925785.3
19:24:23.406 INFO  ProgressMeter -        chr6:28886882             44.5             219361000        4926497.4
19:24:33.415 INFO  ProgressMeter -        chr6:32808191             44.7             220169000        4926190.0
19:24:43.424 INFO  ProgressMeter -        chr6:37027694             44.9             221046000        4927421.1
19:24:53.425 INFO  ProgressMeter -        chr6:41220722             45.0             221912000        4928413.4
19:25:03.430 INFO  ProgressMeter -        chr6:45387470             45.2             222770000        4929214.1
19:25:13.435 INFO  ProgressMeter -        chr6:49541559             45.4             223597000        4929323.7
19:25:23.437 INFO  ProgressMeter -        chr6:53817763             45.5             224456000        4930142.6
19:25:33.445 INFO  ProgressMeter -        chr6:58106643             45.7             225298000        4930572.7
19:25:43.457 INFO  ProgressMeter -        chr6:62413450             45.9             226140000        4930994.3
19:25:53.466 INFO  ProgressMeter -        chr6:66559377             46.0             226940000        4930503.9
19:26:03.468 INFO  ProgressMeter -        chr6:70816839             46.2             227748000        4930202.7
19:26:13.476 INFO  ProgressMeter -        chr6:75055829             46.4             228581000        4930432.2
19:26:23.485 INFO  ProgressMeter -        chr6:79187153             46.5             229384000        4930011.8
19:26:33.674 INFO  ProgressMeter -        chr6:83130246             46.7             230148000        4928444.3
19:26:43.674 INFO  ProgressMeter -        chr6:86875091             46.9             230886000        4926664.6
19:26:53.678 INFO  ProgressMeter -        chr6:90793307             47.0             231668000        4925827.7
19:27:03.685 INFO  ProgressMeter -        chr6:95079923             47.2             232505000        4926153.4
19:27:13.692 INFO  ProgressMeter -        chr6:99435327             47.4             233343000        4926499.7
19:27:23.702 INFO  ProgressMeter -       chr6:103721758             47.5             234180000        4926819.0
19:27:33.711 INFO  ProgressMeter -       chr6:107969618             47.7             235009000        4926966.6
19:27:43.714 INFO  ProgressMeter -       chr6:112073144             47.9             235838000        4927128.7
19:27:53.712 INFO  ProgressMeter -       chr6:116192479             48.0             236649000        4926916.6
19:28:03.721 INFO  ProgressMeter -       chr6:120412219             48.2             237484000        4927190.2
19:28:13.730 INFO  ProgressMeter -       chr6:124652836             48.4             238316000        4927396.6
19:28:23.739 INFO  ProgressMeter -       chr6:128839353             48.5             239149000        4927625.5
19:28:33.745 INFO  ProgressMeter -       chr6:132866078             48.7             239946000        4927115.3
19:28:43.755 INFO  ProgressMeter -       chr6:137042128             48.9             240783000        4927422.1
19:28:53.756 INFO  ProgressMeter -       chr6:141189349             49.0             241615000        4927640.0
19:29:03.762 INFO  ProgressMeter -       chr6:145221359             49.2             242409000        4927077.3
19:29:13.772 INFO  ProgressMeter -       chr6:149129556             49.4             243185000        4926147.1
19:29:23.773 INFO  ProgressMeter -       chr6:152788540             49.5             243923000        4924466.0
19:29:33.781 INFO  ProgressMeter -       chr6:156908401             49.7             244734000        4924258.4
19:29:43.788 INFO  ProgressMeter -       chr6:160949832             49.9             245559000        4924332.9
19:29:54.006 INFO  ProgressMeter -       chr6:165057211             50.0             246386000        4924099.1
19:30:04.013 INFO  ProgressMeter -       chr6:169190406             50.2             247222000        4924392.8
19:30:14.014 INFO  ProgressMeter -          chr7:898119             50.4             248031000        4924158.2
19:30:24.023 INFO  ProgressMeter -         chr7:4904540             50.5             248868000        4924467.9
19:30:34.030 INFO  ProgressMeter -         chr7:8910264             50.7             249683000        4924341.7
19:30:44.040 INFO  ProgressMeter -        chr7:13158500             50.9             250512000        4924488.2
19:30:54.047 INFO  ProgressMeter -        chr7:17433826             51.0             251347000        4924756.2
19:31:04.052 INFO  ProgressMeter -        chr7:21665370             51.2             252179000        4924967.1
19:31:14.053 INFO  ProgressMeter -        chr7:25782559             51.4             253005000        4925066.2
19:31:24.062 INFO  ProgressMeter -        chr7:29848513             51.5             253832000        4925172.9
19:31:34.064 INFO  ProgressMeter -        chr7:33923053             51.7             254663000        4925364.2
19:31:44.075 INFO  ProgressMeter -        chr7:38032675             51.9             255495000        4925560.9
19:31:54.082 INFO  ProgressMeter -        chr7:42250535             52.0             256329000        4925802.6
19:32:04.084 INFO  ProgressMeter -        chr7:46288720             52.2             257159000        4925971.0
19:32:14.086 INFO  ProgressMeter -        chr7:50356056             52.4             257986000        4926082.5
19:32:24.092 INFO  ProgressMeter -        chr7:54523907             52.5             258817000        4926264.7
19:32:34.091 INFO  ProgressMeter -        chr7:58689785             52.7             259628000        4926074.2
19:32:44.094 INFO  ProgressMeter -        chr7:63364001             52.9             260471000        4926485.4
19:32:54.105 INFO  ProgressMeter -        chr7:67173875             53.0             261307000        4926749.6
19:33:04.113 INFO  ProgressMeter -        chr7:71333337             53.2             262135000        4926866.5
19:33:14.122 INFO  ProgressMeter -        chr7:75420297             53.4             262958000        4926887.4
19:33:24.131 INFO  ProgressMeter -        chr7:79620036             53.5             263787000        4927020.3
19:33:34.136 INFO  ProgressMeter -        chr7:83854074             53.7             264617000        4927177.1
19:33:44.143 INFO  ProgressMeter -        chr7:88110581             53.9             265457000        4927517.0
19:33:54.147 INFO  ProgressMeter -        chr7:92346065             54.0             266287000        4927671.2
19:34:04.154 INFO  ProgressMeter -        chr7:96535335             54.2             267120000        4927876.9
19:34:14.164 INFO  ProgressMeter -       chr7:100624766             54.4             267935000        4927745.6
19:34:24.169 INFO  ProgressMeter -       chr7:104574010             54.5             268760000        4927807.6
19:34:34.170 INFO  ProgressMeter -       chr7:108723818             54.7             269594000        4928038.3
19:34:44.173 INFO  ProgressMeter -       chr7:113044097             54.9             270442000        4928519.6
19:34:54.175 INFO  ProgressMeter -       chr7:117336503             55.0             271275000        4928725.5
19:35:04.180 INFO  ProgressMeter -       chr7:121598675             55.2             272107000        4928909.1
19:35:14.187 INFO  ProgressMeter -       chr7:125897127             55.4             272946000        4929215.0
19:35:24.195 INFO  ProgressMeter -       chr7:130012062             55.5             273761000        4929085.5
19:35:34.203 INFO  ProgressMeter -       chr7:134137224             55.7             274601000        4929405.6
19:35:44.212 INFO  ProgressMeter -       chr7:138339006             55.9             275436000        4929632.8
19:35:54.222 INFO  ProgressMeter -       chr7:142451019             56.0             276263000        4929715.8
19:36:04.229 INFO  ProgressMeter -       chr7:146496933             56.2             277082000        4929657.5
19:36:14.231 INFO  ProgressMeter -       chr7:150775072             56.4             277919000        4929929.1
19:36:24.236 INFO  ProgressMeter -       chr7:154778152             56.5             278739000        4929891.1
19:36:34.241 INFO  ProgressMeter -       chr7:158410489             56.7             279482000        4928498.4
19:36:44.244 INFO  ProgressMeter -         chr8:1691054             56.9             280281000        4928099.9
19:36:54.246 INFO  ProgressMeter -         chr8:5846303             57.0             281109000        4928213.6
19:37:04.253 INFO  ProgressMeter -         chr8:9646600             57.2             281835000        4926537.9
19:37:14.254 INFO  ProgressMeter -        chr8:14106860             57.4             282598000        4925522.6
19:37:24.255 INFO  ProgressMeter -        chr8:17978632             57.5             283349000        4924304.6
19:37:34.263 INFO  ProgressMeter -        chr8:22017479             57.7             284168000        4924263.5
19:37:44.272 INFO  ProgressMeter -        chr8:25969930             57.9             284971000        4923944.7
19:37:54.283 INFO  ProgressMeter -        chr8:30097248             58.0             285804000        4924141.8
19:38:04.288 INFO  ProgressMeter -        chr8:34299053             58.2             286636000        4924330.4
19:38:14.290 INFO  ProgressMeter -        chr8:38520087             58.4             287474000        4924622.2
19:38:24.302 INFO  ProgressMeter -        chr8:42743973             58.5             288310000        4924866.9
19:38:34.311 INFO  ProgressMeter -        chr8:46799808             58.7             289156000        4925282.0
19:38:44.316 INFO  ProgressMeter -        chr8:50916042             58.9             289988000        4925463.9
19:38:54.323 INFO  ProgressMeter -        chr8:54684377             59.0             290736000        4924219.3
19:39:04.334 INFO  ProgressMeter -        chr8:58455272             59.2             291489000        4923060.6
19:39:14.334 INFO  ProgressMeter -        chr8:62476261             59.4             292294000        4922799.3
19:39:24.344 INFO  ProgressMeter -        chr8:66597000             59.5             293106000        4922644.7
19:39:34.354 INFO  ProgressMeter -        chr8:70860050             59.7             293946000        4922957.2
19:39:44.361 INFO  ProgressMeter -        chr8:75100809             59.9             294786000        4923274.8
19:39:54.370 INFO  ProgressMeter -        chr8:79525991             60.0             295636000        4923755.8
19:40:04.368 INFO  ProgressMeter -        chr8:83852708             60.2             296487000        4924258.9
19:40:14.379 INFO  ProgressMeter -        chr8:87897126             60.4             297332000        4924647.6
19:40:24.382 INFO  ProgressMeter -        chr8:92264709             60.5             298184000        4925157.9
19:40:34.393 INFO  ProgressMeter -        chr8:96245490             60.7             298974000        4924636.1
19:40:44.394 INFO  ProgressMeter -       chr8:100072784             60.9             299747000        4923848.6
19:40:54.394 INFO  ProgressMeter -       chr8:104214429             61.0             300581000        4924067.5
19:41:04.397 INFO  ProgressMeter -       chr8:108435218             61.2             301417000        4924313.8
19:41:14.398 INFO  ProgressMeter -       chr8:112728875             61.4             302253000        4924561.4
19:41:24.460 INFO  ProgressMeter -       chr8:117036056             61.5             303075000        4924498.9
19:41:34.462 INFO  ProgressMeter -       chr8:121234147             61.7             303904000        4924629.9
19:41:44.463 INFO  ProgressMeter -       chr8:125337353             61.9             304733000        4924761.6
19:41:54.468 INFO  ProgressMeter -       chr8:129445232             62.0             305566000        4924951.7
19:42:04.473 INFO  ProgressMeter -       chr8:133505772             62.2             306391000        4925012.2
19:42:14.480 INFO  ProgressMeter -       chr8:137557919             62.4             307219000        4925119.1
19:42:24.486 INFO  ProgressMeter -       chr8:141690408             62.5             308054000        4925337.5
19:42:34.490 INFO  ProgressMeter -       chr8:145554303             62.7             308888000        4925540.0
19:42:44.496 INFO  ProgressMeter -         chr9:3374300             62.9             309718000        4925676.5
19:42:54.497 INFO  ProgressMeter -         chr9:7518405             63.0             310551000        4925866.4
19:43:04.502 INFO  ProgressMeter -        chr9:11859045             63.2             311391000        4926160.8
19:43:14.504 INFO  ProgressMeter -        chr9:16073361             63.4             312224000        4926347.1
19:43:24.504 INFO  ProgressMeter -        chr9:20227514             63.5             313058000        4926550.8
19:43:34.507 INFO  ProgressMeter -        chr9:24470920             63.7             313889000        4926702.5
19:43:44.509 INFO  ProgressMeter -        chr9:28734095             63.9             314722000        4926885.9
19:43:54.516 INFO  ProgressMeter -        chr9:33040599             64.0             315559000        4927125.7
19:44:04.523 INFO  ProgressMeter -        chr9:37117898             64.2             316392000        4927299.5
19:44:14.523 INFO  ProgressMeter -        chr9:41177927             64.4             317219000        4927389.3
19:44:24.523 INFO  ProgressMeter -        chr9:45550142             64.5             318048000        4927509.7
19:44:34.525 INFO  ProgressMeter -        chr9:53140685             64.7             318942000        4928631.3
19:44:44.535 INFO  ProgressMeter -        chr9:62060279             64.9             319856000        4930046.6
19:44:54.538 INFO  ProgressMeter -        chr9:69089147             65.0             320722000        4930723.0
19:45:04.540 INFO  ProgressMeter -        chr9:74819180             65.2             321589000        4931413.8
19:45:14.551 INFO  ProgressMeter -        chr9:78875145             65.4             322399000        4931219.2
19:45:24.559 INFO  ProgressMeter -        chr9:82784104             65.5             323189000        4930721.7
19:45:34.575 INFO  ProgressMeter -        chr9:86614135             65.7             323944000        4929686.6
19:45:44.577 INFO  ProgressMeter -        chr9:90415848             65.9             324708000        4928809.5
19:45:54.582 INFO  ProgressMeter -        chr9:94612582             66.0             325533000        4928855.5
19:46:04.589 INFO  ProgressMeter -        chr9:98300374             66.2             326270000        4927571.0
19:46:14.600 INFO  ProgressMeter -       chr9:101965027             66.4             327018000        4926453.8
19:46:24.609 INFO  ProgressMeter -       chr9:105898893             66.5             327826000        4926246.2
19:46:34.612 INFO  ProgressMeter -       chr9:110070107             66.7             328669000        4926571.6
19:46:44.615 INFO  ProgressMeter -       chr9:114324476             66.9             329526000        4927106.0
19:46:54.616 INFO  ProgressMeter -       chr9:118650392             67.0             330370000        4927443.9
19:47:04.624 INFO  ProgressMeter -       chr9:122940548             67.2             331231000        4928025.6
19:47:14.629 INFO  ProgressMeter -       chr9:127143701             67.4             332087000        4928534.0
19:47:24.640 INFO  ProgressMeter -       chr9:131427372             67.5             332942000        4929017.7
19:47:34.647 INFO  ProgressMeter -       chr9:135553417             67.7             333794000        4929459.6
19:47:44.654 INFO  ProgressMeter -       chr9:139565377             67.9             334623000        4929560.5
19:47:54.654 INFO  ProgressMeter -       chr9:143252973             68.0             335398000        4928875.7
19:48:04.657 INFO  ProgressMeter -       chr9:147167911             68.2             336231000        4929042.2
19:48:14.667 INFO  ProgressMeter -         chr10:362847             68.4             337055000        4929065.5
19:48:24.667 INFO  ProgressMeter -        chr10:4389938             68.5             337874000        4929028.8
19:48:34.673 INFO  ProgressMeter -        chr10:8167561             68.7             338643000        4928258.7
19:48:44.683 INFO  ProgressMeter -       chr10:12218099             68.9             339451000        4928052.6
19:48:54.692 INFO  ProgressMeter -       chr10:16119859             69.0             340240000        4927572.3
19:49:04.703 INFO  ProgressMeter -       chr10:20303888             69.2             341062000        4927571.1
19:49:14.709 INFO  ProgressMeter -       chr10:24322883             69.4             341858000        4927199.9
19:49:24.715 INFO  ProgressMeter -       chr10:28498246             69.5             342691000        4927362.5
19:49:34.717 INFO  ProgressMeter -       chr10:32632056             69.7             343522000        4927499.2
19:49:44.720 INFO  ProgressMeter -       chr10:36775274             69.9             344343000        4927493.2
19:49:54.724 INFO  ProgressMeter -       chr10:40834712             70.0             345177000        4927669.4
19:50:04.732 INFO  ProgressMeter -       chr10:44863284             70.2             346036000        4928197.3
19:50:14.734 INFO  ProgressMeter -       chr10:48870884             70.4             346865000        4928304.6
19:50:24.743 INFO  ProgressMeter -       chr10:53022122             70.5             347704000        4928543.8
19:50:34.747 INFO  ProgressMeter -       chr10:57336273             70.7             348530000        4928602.7
19:50:44.752 INFO  ProgressMeter -       chr10:61509738             70.9             349349000        4928563.7
19:50:54.753 INFO  ProgressMeter -       chr10:65695023             71.0             350178000        4928668.0
19:51:04.762 INFO  ProgressMeter -       chr10:69942193             71.2             350998000        4928637.3
19:51:14.764 INFO  ProgressMeter -       chr10:73798738             71.4             351805000        4928432.7
19:51:24.772 INFO  ProgressMeter -       chr10:77452041             71.5             352542000        4927243.9
19:51:34.773 INFO  ProgressMeter -       chr10:81151507             71.7             353313000        4926543.8
19:51:44.783 INFO  ProgressMeter -       chr10:84730308             71.9             354018000        4924916.2
19:51:54.793 INFO  ProgressMeter -       chr10:88373432             72.0             354753000        4923713.7
19:52:04.796 INFO  ProgressMeter -       chr10:92146480             72.2             355511000        4922843.2
19:52:14.797 INFO  ProgressMeter -       chr10:96141875             72.4             356310000        4922545.4
19:52:24.799 INFO  ProgressMeter -      chr10:100045177             72.5             357109000        4922247.9
19:52:34.800 INFO  ProgressMeter -      chr10:104038695             72.7             357922000        4922145.3
19:52:44.802 INFO  ProgressMeter -      chr10:108049192             72.9             358731000        4921987.2
19:52:54.815 INFO  ProgressMeter -      chr10:112098649             73.1             359544000        4921872.3
19:53:04.817 INFO  ProgressMeter -      chr10:116050077             73.2             360346000        4921619.9
19:53:14.828 INFO  ProgressMeter -      chr10:120025177             73.4             361152000        4921413.2
19:53:24.829 INFO  ProgressMeter -      chr10:123952445             73.6             361960000        4921245.7
19:53:34.965 INFO  ProgressMeter -      chr10:127890300             73.7             362773000        4921140.1
19:53:44.844 INFO  ProgressMeter -      chr10:131839973             73.9             363586000        4921035.1
19:53:54.845 INFO  ProgressMeter -        chr11:1012280             74.1             364415000        4921152.0
19:54:04.852 INFO  ProgressMeter -        chr11:4878896             74.2             365236000        4921155.2
19:54:14.861 INFO  ProgressMeter -        chr11:8968672             74.4             366061000        4921209.9
19:54:24.871 INFO  ProgressMeter -       chr11:12984177             74.6             366883000        4921223.0
19:54:34.874 INFO  ProgressMeter -       chr11:16888172             74.7             367670000        4920775.3
19:54:44.886 INFO  ProgressMeter -       chr11:20859155             74.9             368478000        4920601.3
19:54:54.895 INFO  ProgressMeter -       chr11:25063642             75.1             369295000        4920549.1
19:55:04.905 INFO  ProgressMeter -       chr11:29169017             75.2             370103000        4920377.4
19:55:14.913 INFO  ProgressMeter -       chr11:33266797             75.4             370912000        4920222.0
19:55:24.917 INFO  ProgressMeter -       chr11:37327027             75.6             371759000        4920574.5
19:55:34.918 INFO  ProgressMeter -       chr11:41680719             75.7             372601000        4920862.7
19:55:44.922 INFO  ProgressMeter -       chr11:45783491             75.9             373431000        4920988.3
19:55:54.922 INFO  ProgressMeter -       chr11:49699169             76.1             374222000        4920604.8
19:56:04.927 INFO  ProgressMeter -       chr11:54172907             76.2             375070000        4920965.5
19:56:14.931 INFO  ProgressMeter -       chr11:58530548             76.4             375929000        4921469.6
19:56:24.938 INFO  ProgressMeter -       chr11:62574872             76.6             376755000        4921538.4
19:56:34.947 INFO  ProgressMeter -       chr11:66551407             76.7             377600000        4921851.3
19:56:44.946 INFO  ProgressMeter -       chr11:70550929             76.9             378443000        4922146.4
19:56:54.951 INFO  ProgressMeter -       chr11:74714042             77.1             379311000        4922759.4
19:57:04.955 INFO  ProgressMeter -       chr11:78639344             77.2             380123000        4922645.6
19:57:14.965 INFO  ProgressMeter -       chr11:83020739             77.4             380989000        4923223.7
19:57:24.973 INFO  ProgressMeter -       chr11:87156499             77.6             381814000        4923272.8
19:57:34.985 INFO  ProgressMeter -       chr11:91273090             77.7             382607000        4922905.7
19:57:44.991 INFO  ProgressMeter -       chr11:95532749             77.9             383450000        4923188.5
19:57:54.998 INFO  ProgressMeter -       chr11:99873302             78.1             384294000        4923482.8
19:58:04.997 INFO  ProgressMeter -      chr11:104121366             78.2             385135000        4923743.9
19:58:14.999 INFO  ProgressMeter -      chr11:108337100             78.4             385952000        4923696.6
19:58:24.999 INFO  ProgressMeter -      chr11:112411360             78.6             386767000        4923625.1
19:58:35.001 INFO  ProgressMeter -      chr11:116272692             78.7             387557000        4923233.2
19:58:45.011 INFO  ProgressMeter -      chr11:120202633             78.9             388380000        4923254.0
19:58:55.014 INFO  ProgressMeter -      chr11:124255652             79.1             389201000        4923256.7
19:59:05.015 INFO  ProgressMeter -      chr11:128359192             79.2             390032000        4923387.6
19:59:15.027 INFO  ProgressMeter -      chr11:132403083             79.4             390862000        4923494.1
19:59:25.038 INFO  ProgressMeter -        chr12:1320086             79.6             391703000        4923739.4
19:59:35.045 INFO  ProgressMeter -        chr12:5338393             79.7             392542000        4923962.7
19:59:45.053 INFO  ProgressMeter -        chr12:9375843             79.9             393390000        4924297.7
19:59:55.057 INFO  ProgressMeter -       chr12:13677435             80.1             394265000        4924970.7
20:00:05.061 INFO  ProgressMeter -       chr12:18034900             80.2             395124000        4925442.4
20:00:15.071 INFO  ProgressMeter -       chr12:22366504             80.4             395971000        4925756.8
20:00:25.071 INFO  ProgressMeter -       chr12:26679004             80.6             396822000        4926129.7
20:00:35.074 INFO  ProgressMeter -       chr12:30896752             80.7             397668000        4926436.1
20:00:45.075 INFO  ProgressMeter -       chr12:34957768             80.9             398529000        4926928.7
20:00:55.076 INFO  ProgressMeter -       chr12:39127453             81.1             399383000        4927332.9
20:01:05.080 INFO  ProgressMeter -       chr12:43459548             81.2             400234000        4927695.5
20:01:15.088 INFO  ProgressMeter -       chr12:47708675             81.4             401081000        4928003.4
20:01:25.089 INFO  ProgressMeter -       chr12:51887029             81.6             401935000        4928403.0
20:01:35.100 INFO  ProgressMeter -       chr12:56021516             81.7             402788000        4928779.6
20:01:45.101 INFO  ProgressMeter -       chr12:60229014             81.9             403638000        4929126.1
20:01:55.112 INFO  ProgressMeter -       chr12:64557506             82.1             404490000        4929486.5
20:02:05.116 INFO  ProgressMeter -       chr12:68798875             82.2             405346000        4929901.1
20:02:15.117 INFO  ProgressMeter -       chr12:73101808             82.4             406206000        4930365.6
20:02:25.126 INFO  ProgressMeter -       chr12:77297209             82.6             407023000        4930299.4
20:02:35.135 INFO  ProgressMeter -       chr12:81492580             82.7             407837000        4930197.1
20:02:45.135 INFO  ProgressMeter -       chr12:85740300             82.9             408648000        4930068.1
20:02:55.136 INFO  ProgressMeter -       chr12:89933553             83.1             409467000        4930034.8
20:03:05.141 INFO  ProgressMeter -       chr12:94041599             83.2             410282000        4929949.7
20:03:15.141 INFO  ProgressMeter -       chr12:98080495             83.4             411090000        4929785.9
20:03:25.147 INFO  ProgressMeter -      chr12:102154432             83.6             411901000        4929652.8
20:03:35.157 INFO  ProgressMeter -      chr12:106151131             83.7             412708000        4929468.5
20:03:45.163 INFO  ProgressMeter -      chr12:110113577             83.9             413517000        4929312.7
20:03:55.173 INFO  ProgressMeter -      chr12:114087085             84.1             414332000        4929224.9
20:04:05.173 INFO  ProgressMeter -      chr12:118081730             84.2             415142000        4929088.0
20:04:15.183 INFO  ProgressMeter -      chr12:122118371             84.4             415962000        4929060.3
20:04:25.184 INFO  ProgressMeter -      chr12:126109532             84.6             416786000        4929089.7
20:04:35.183 INFO  ProgressMeter -      chr12:130230068             84.7             417609000        4929107.3
20:04:45.187 INFO  ProgressMeter -        chr13:4867015             84.9             418457000        4929415.3
20:04:55.194 INFO  ProgressMeter -       chr13:10153859             85.1             419271000        4929319.6
20:05:05.203 INFO  ProgressMeter -       chr13:17017364             85.2             420090000        4929281.0
20:05:15.210 INFO  ProgressMeter -       chr13:21342058             85.4             420919000        4929361.5
20:05:25.213 INFO  ProgressMeter -       chr13:25445780             85.6             421740000        4929352.1
20:05:35.217 INFO  ProgressMeter -       chr13:29527048             85.7             422567000        4929411.7
20:05:45.228 INFO  ProgressMeter -       chr13:33604470             85.9             423388000        4929394.6
20:05:55.240 INFO  ProgressMeter -       chr13:37709327             86.1             424197000        4929237.1
20:06:05.247 INFO  ProgressMeter -       chr13:41804273             86.2             425018000        4929224.2
20:06:15.257 INFO  ProgressMeter -       chr13:45873894             86.4             425841000        4929231.6
20:06:25.268 INFO  ProgressMeter -       chr13:49992395             86.6             426668000        4929284.2
20:06:35.276 INFO  ProgressMeter -       chr13:54104412             86.7             427489000        4929270.4
20:06:45.281 INFO  ProgressMeter -       chr13:58370142             86.9             428301000        4929155.8
20:06:55.290 INFO  ProgressMeter -       chr13:62679041             87.1             429134000        4929279.1
20:07:05.300 INFO  ProgressMeter -       chr13:67024508             87.2             429968000        4929412.4
20:07:15.307 INFO  ProgressMeter -       chr13:71396072             87.4             430802000        4929548.1
20:07:25.309 INFO  ProgressMeter -       chr13:75590191             87.6             431624000        4929550.9
20:07:35.309 INFO  ProgressMeter -       chr13:79788637             87.7             432450000        4929601.1
20:07:45.310 INFO  ProgressMeter -       chr13:84151420             87.9             433282000        4929718.5
20:07:55.317 INFO  ProgressMeter -       chr13:88564138             88.1             434120000        4929898.0
20:08:05.321 INFO  ProgressMeter -       chr13:92884449             88.2             434954000        4930034.3
20:08:15.329 INFO  ProgressMeter -       chr13:97151278             88.4             435809000        4930403.9
20:08:25.330 INFO  ProgressMeter -      chr13:101533102             88.6             436689000        4931061.8
20:08:35.331 INFO  ProgressMeter -      chr13:106009757             88.7             437564000        4931659.1
20:08:45.337 INFO  ProgressMeter -      chr13:110488822             88.9             438457000        4932452.9
20:08:55.340 INFO  ProgressMeter -         chr14:675531             89.1             439354000        4933291.4
20:09:05.347 INFO  ProgressMeter -        chr14:5159509             89.2             440240000        4933999.8
20:09:15.354 INFO  ProgressMeter -       chr14:10384730             89.4             441133000        4934783.9
20:09:25.355 INFO  ProgressMeter -       chr14:14634684             89.6             442011000        4935403.1
20:09:35.362 INFO  ProgressMeter -       chr14:18911064             89.7             442887000        4935992.2
20:09:45.366 INFO  ProgressMeter -       chr14:23417615             89.9             443768000        4936637.5
20:09:55.370 INFO  ProgressMeter -       chr14:27753885             90.1             444629000        4937058.3
20:10:05.378 INFO  ProgressMeter -       chr14:32094220             90.2             445494000        4937518.2
20:10:15.385 INFO  ProgressMeter -       chr14:36559101             90.4             446362000        4938010.6
20:10:25.386 INFO  ProgressMeter -       chr14:41116346             90.6             447244000        4938661.1
20:10:35.395 INFO  ProgressMeter -       chr14:45629651             90.7             448135000        4939401.3
20:10:45.399 INFO  ProgressMeter -       chr14:50007765             90.9             449016000        4940034.1
20:10:55.408 INFO  ProgressMeter -       chr14:54427157             91.1             449900000        4940691.2
20:11:05.409 INFO  ProgressMeter -       chr14:58860602             91.2             450781000        4941321.2
20:11:15.417 INFO  ProgressMeter -       chr14:63241670             91.4             451675000        4942084.8
20:11:25.426 INFO  ProgressMeter -       chr14:67618510             91.6             452567000        4942823.7
20:11:35.434 INFO  ProgressMeter -       chr14:71854259             91.7             453436000        4943308.4
20:11:45.439 INFO  ProgressMeter -       chr14:76206196             91.9             454310000        4943849.2
20:11:55.443 INFO  ProgressMeter -       chr14:80635028             92.1             455163000        4944160.9
20:12:05.452 INFO  ProgressMeter -       chr14:84944283             92.2             456030000        4944618.9
20:12:15.456 INFO  ProgressMeter -       chr14:88938455             92.4             456854000        4944614.2
20:12:25.458 INFO  ProgressMeter -       chr14:93160241             92.6             457716000        4945021.8
20:12:35.465 INFO  ProgressMeter -       chr14:97262187             92.7             458571000        4945349.0
20:12:45.466 INFO  ProgressMeter -         chr15:230161             92.9             459427000        4945689.2
20:12:55.470 INFO  ProgressMeter -        chr15:5514810             93.1             460284000        4946038.2
20:13:05.471 INFO  ProgressMeter -       chr15:13413023             93.2             461140000        4946376.0
20:13:15.476 INFO  ProgressMeter -       chr15:17526380             93.4             462000000        4946752.8
20:13:25.482 INFO  ProgressMeter -       chr15:19723968             93.6             462849000        4947009.8
20:13:35.489 INFO  ProgressMeter -       chr15:23512088             93.7             463688000        4947158.4
20:13:45.492 INFO  ProgressMeter -       chr15:27660404             93.9             464535000        4947395.1
20:13:55.493 INFO  ProgressMeter -       chr15:31744991             94.1             465374000        4947547.6
20:14:05.497 INFO  ProgressMeter -       chr15:35967689             94.2             466208000        4947644.0
20:14:15.501 INFO  ProgressMeter -       chr15:40012594             94.4             467043000        4947750.6
20:14:25.504 INFO  ProgressMeter -       chr15:44194778             94.6             467882000        4947900.0
20:14:35.561 INFO  ProgressMeter -       chr15:48342846             94.7             468712000        4947906.9
20:14:45.564 INFO  ProgressMeter -       chr15:52543520             94.9             469554000        4948087.1
20:14:55.570 INFO  ProgressMeter -       chr15:56713200             95.1             470389000        4948190.4
20:15:05.573 INFO  ProgressMeter -       chr15:60811772             95.2             471223000        4948285.5
20:15:15.580 INFO  ProgressMeter -       chr15:64885238             95.4             472062000        4948429.2
20:15:25.592 INFO  ProgressMeter -       chr15:68873593             95.6             472889000        4948442.5
20:15:35.599 INFO  ProgressMeter -       chr15:72936762             95.7             473724000        4948543.6
20:15:45.600 INFO  ProgressMeter -       chr15:76966897             95.9             474558000        4948639.2
20:15:55.608 INFO  ProgressMeter -       chr15:81023312             96.1             475392000        4948728.3
20:16:05.608 INFO  ProgressMeter -       chr15:85102400             96.2             476222000        4948782.5
20:16:15.614 INFO  ProgressMeter -       chr15:89144541             96.4             477056000        4948872.8
20:16:25.620 INFO  ProgressMeter -       chr15:93249251             96.6             477889000        4948952.5
20:16:35.620 INFO  ProgressMeter -       chr15:97448693             96.7             478724000        4949057.7
20:16:45.621 INFO  ProgressMeter -        chr16:1626559             96.9             479558000        4949151.3
20:16:55.624 INFO  ProgressMeter -        chr16:5558211             97.1             480393000        4949253.3
20:17:05.627 INFO  ProgressMeter -        chr16:9702854             97.2             481227000        4949345.4
20:17:15.630 INFO  ProgressMeter -       chr16:13772263             97.4             482057000        4949394.5
20:17:25.638 INFO  ProgressMeter -       chr16:17685201             97.6             482885000        4949419.5
20:17:35.638 INFO  ProgressMeter -       chr16:21766583             97.7             483717000        4949492.1
20:17:45.641 INFO  ProgressMeter -       chr16:25851994             97.9             484537000        4949440.2
20:17:55.650 INFO  ProgressMeter -       chr16:29958652             98.1             485374000        4949555.1
20:18:05.651 INFO  ProgressMeter -       chr16:34323322             98.2             486206000        4949626.3
20:18:15.651 INFO  ProgressMeter -       chr16:39300085             98.4             487059000        4949911.5
20:18:25.655 INFO  ProgressMeter -       chr16:47653862             98.6             487911000        4950182.2
20:18:35.660 INFO  ProgressMeter -       chr16:53281857             98.7             488755000        4950370.2
20:18:45.663 INFO  ProgressMeter -       chr16:57360401             98.9             489593000        4950498.5
20:18:55.663 INFO  ProgressMeter -       chr16:61500792             99.1             490422000        4950538.1
20:19:05.665 INFO  ProgressMeter -       chr16:65572717             99.2             491256000        4950626.2
20:19:15.665 INFO  ProgressMeter -       chr16:69890173             99.4             492092000        4950735.8
20:19:25.675 INFO  ProgressMeter -       chr16:73973627             99.6             492923000        4950786.5
20:19:35.679 INFO  ProgressMeter -       chr16:78103974             99.7             493761000        4950912.3
20:19:45.685 INFO  ProgressMeter -       chr16:82371373             99.9             494595000        4950995.9
20:19:55.688 INFO  ProgressMeter -       chr16:86406384            100.1             495403000        4950822.7
20:20:05.692 INFO  ProgressMeter -       chr16:90511428            100.2             496243000        4950967.7
20:20:15.692 INFO  ProgressMeter -       chr16:94415736            100.4             497075000        4951035.0
20:20:25.696 INFO  ProgressMeter -        chr17:2044364            100.6             497918000        4951209.0
20:20:35.698 INFO  ProgressMeter -        chr17:6128500            100.7             498758000        4951354.2
20:20:45.698 INFO  ProgressMeter -       chr17:10190732            100.9             499593000        4951451.1
20:20:55.698 INFO  ProgressMeter -       chr17:14274227            101.1             500410000        4951369.6
20:21:05.707 INFO  ProgressMeter -       chr17:18344338            101.2             501242000        4951429.1
20:21:15.710 INFO  ProgressMeter -       chr17:22362324            101.4             502087000        4951621.6
20:21:25.720 INFO  ProgressMeter -       chr17:27010155            101.6             502931000        4951797.9
20:21:35.729 INFO  ProgressMeter -       chr17:31112287            101.7             503770000        4951925.2
20:21:45.730 INFO  ProgressMeter -       chr17:35190071            101.9             504607000        4952039.0
20:21:55.741 INFO  ProgressMeter -       chr17:39317262            102.1             505440000        4952105.2
20:22:05.748 INFO  ProgressMeter -       chr17:43364175            102.2             506277000        4952213.5
20:22:15.752 INFO  ProgressMeter -       chr17:47253975            102.4             507117000        4952353.1
20:22:25.752 INFO  ProgressMeter -       chr17:51233757            102.6             507943000        4952359.1
20:22:35.755 INFO  ProgressMeter -       chr17:55301735            102.7             508759000        4952265.2
20:22:45.969 INFO  ProgressMeter -       chr17:59262646            102.9             509573000        4951983.8
20:22:55.975 INFO  ProgressMeter -       chr17:63473862            103.1             510413000        4952121.3
20:23:05.980 INFO  ProgressMeter -       chr17:67576973            103.2             511252000        4952248.7
20:23:15.984 INFO  ProgressMeter -       chr17:71749454            103.4             512083000        4952299.9
20:23:25.992 INFO  ProgressMeter -       chr17:75748445            103.6             512906000        4952270.5
20:23:35.999 INFO  ProgressMeter -       chr17:79660141            103.7             513737000        4952319.2
20:23:46.003 INFO  ProgressMeter -       chr17:83517348            103.9             514570000        4952389.3
20:23:56.012 INFO  ProgressMeter -        chr18:3652388            104.1             515402000        4952445.6
20:24:06.021 INFO  ProgressMeter -        chr18:7826414            104.2             516237000        4952530.5
20:24:16.029 INFO  ProgressMeter -       chr18:11912540            104.4             517077000        4952663.8
20:24:26.029 INFO  ProgressMeter -       chr18:15910408            104.6             517903000        4952669.1
20:24:36.037 INFO  ProgressMeter -       chr18:20696766            104.7             518769000        4953050.0
20:24:46.047 INFO  ProgressMeter -       chr18:24741607            104.9             519593000        4953028.5
20:24:56.050 INFO  ProgressMeter -       chr18:28930848            105.1             520429000        4953125.3
20:25:06.056 INFO  ProgressMeter -       chr18:33231042            105.2             521266000        4953230.4
20:25:16.055 INFO  ProgressMeter -       chr18:37352817            105.4             522085000        4953168.4
20:25:26.057 INFO  ProgressMeter -       chr18:41558037            105.6             522918000        4953237.6
20:25:36.066 INFO  ProgressMeter -       chr18:45796860            105.7             523757000        4953357.9
20:25:46.068 INFO  ProgressMeter -       chr18:49839635            105.9             524598000        4953502.1
20:25:56.070 INFO  ProgressMeter -       chr18:54059581            106.1             525439000        4953645.9
20:26:06.073 INFO  ProgressMeter -       chr18:58226897            106.2             526280000        4953788.5
20:26:16.077 INFO  ProgressMeter -       chr18:62422189            106.4             527119000        4953911.8
20:26:26.076 INFO  ProgressMeter -       chr18:66713117            106.6             527958000        4954037.0
20:26:36.079 INFO  ProgressMeter -       chr18:71041527            106.7             528790000        4954094.0
20:26:46.087 INFO  ProgressMeter -       chr18:75284652            106.9             529626000        4954184.3
20:26:56.088 INFO  ProgressMeter -       chr18:79353475            107.1             530460000        4954261.9
20:27:06.089 INFO  ProgressMeter -        chr19:2754032            107.2             531289000        4954291.0
20:27:16.098 INFO  ProgressMeter -        chr19:6769156            107.4             532123000        4954361.2
20:27:26.102 INFO  ProgressMeter -       chr19:10877820            107.6             532957000        4954435.0
20:27:36.103 INFO  ProgressMeter -       chr19:14956163            107.7             533788000        4954483.1
20:27:46.108 INFO  ProgressMeter -       chr19:19003862            107.9             534624000        4954574.3
20:27:56.118 INFO  ProgressMeter -       chr19:23167173            108.1             535462000        4954679.9
20:28:06.124 INFO  ProgressMeter -       chr19:28192884            108.2             536320000        4954973.0
20:28:16.132 INFO  ProgressMeter -       chr19:32201726            108.4             537182000        4955300.6
20:28:26.138 INFO  ProgressMeter -       chr19:36272145            108.6             538013000        4955343.1
20:28:36.147 INFO  ProgressMeter -       chr19:40306156            108.7             538844000        4955383.3
20:28:46.155 INFO  ProgressMeter -       chr19:44355867            108.9             539676000        4955433.2
20:28:56.165 INFO  ProgressMeter -       chr19:48342386            109.1             540512000        4955518.2
20:29:06.169 INFO  ProgressMeter -       chr19:52523915            109.2             541348000        4955607.5
20:29:16.175 INFO  ProgressMeter -       chr19:56624616            109.4             542189000        4955740.6
20:29:26.180 INFO  ProgressMeter -       chr19:60739028            109.6             543025000        4955828.5
20:29:36.181 INFO  ProgressMeter -        chr20:3034301            109.7             543850000        4955818.9
20:29:46.183 INFO  ProgressMeter -        chr20:7126643            109.9             544687000        4955918.5
20:29:56.190 INFO  ProgressMeter -       chr20:11309668            110.1             545522000        4955994.4
20:30:06.199 INFO  ProgressMeter -       chr20:15472326            110.2             546347000        4955978.6
20:30:16.210 INFO  ProgressMeter -       chr20:19633079            110.4             547191000        4956133.5
20:30:26.213 INFO  ProgressMeter -       chr20:23766172            110.6             548031000        4956258.4
20:30:36.214 INFO  ProgressMeter -       chr20:27752752            110.7             548870000        4956374.6
20:30:46.222 INFO  ProgressMeter -       chr20:31245608            110.9             549693000        4956341.1
20:30:56.230 INFO  ProgressMeter -       chr20:35555980            111.1             550519000        4956333.9
20:31:06.239 INFO  ProgressMeter -       chr20:39437597            111.2             551312000        4956030.0
20:31:16.243 INFO  ProgressMeter -       chr20:43469084            111.4             552145000        4956089.8
20:31:26.247 INFO  ProgressMeter -       chr20:47549359            111.6             552985000        4956212.2
20:31:36.251 INFO  ProgressMeter -       chr20:51559653            111.7             553815000        4956244.7
20:31:46.260 INFO  ProgressMeter -       chr20:55536456            111.9             554627000        4956112.6
20:31:56.267 INFO  ProgressMeter -       chr20:59625423            112.1             555461000        4956178.7
20:32:06.274 INFO  ProgressMeter -       chr20:63613012            112.2             556290000        4956200.0
20:32:16.284 INFO  ProgressMeter -         chr21:705624            112.4             557123000        4956254.6
20:32:26.292 INFO  ProgressMeter -        chr21:5374681            112.6             557944000        4956204.0
20:32:36.293 INFO  ProgressMeter -       chr21:10254902            112.7             558772000        4956220.7
20:32:46.299 INFO  ProgressMeter -       chr21:12971252            112.9             559590000        4956145.1
20:32:56.309 INFO  ProgressMeter -       chr21:17188461            113.1             560420000        4956173.0
20:33:06.314 INFO  ProgressMeter -       chr21:21513558            113.2             561252000        4956222.0
20:33:16.325 INFO  ProgressMeter -       chr21:25793295            113.4             562082000        4956249.0
20:33:26.325 INFO  ProgressMeter -       chr21:29957352            113.6             562911000        4956275.0
20:33:36.331 INFO  ProgressMeter -       chr21:34037152            113.7             563746000        4956349.4
20:33:46.342 INFO  ProgressMeter -       chr21:38100549            113.9             564576000        4956376.0
20:33:56.346 INFO  ProgressMeter -       chr21:42121585            114.1             565411000        4956451.5
20:34:06.348 INFO  ProgressMeter -         chr22:988727            114.2             566253000        4956589.4
20:34:16.351 INFO  ProgressMeter -        chr22:5284507            114.4             567097000        4956743.7
20:34:26.353 INFO  ProgressMeter -        chr22:9943227            114.6             567930000        4956802.3
20:34:36.362 INFO  ProgressMeter -       chr22:13415941            114.7             568768000        4956899.2
20:34:46.365 INFO  ProgressMeter -       chr22:17355826            114.9             569608000        4957017.6
20:34:56.371 INFO  ProgressMeter -       chr22:21191931            115.1             570439000        4957055.3
20:35:06.382 INFO  ProgressMeter -       chr22:24973709            115.2             571276000        4957141.3
20:35:16.391 INFO  ProgressMeter -       chr22:28996746            115.4             572109000        4957193.9
20:35:26.398 INFO  ProgressMeter -       chr22:33020171            115.6             572937000        4957204.4
20:35:36.409 INFO  ProgressMeter -       chr22:37051128            115.7             573770000        4957255.3
20:35:46.411 INFO  ProgressMeter -       chr22:40881581            115.9             574580000        4957114.1
20:35:56.411 INFO  ProgressMeter -       chr22:44868073            116.1             575411000        4957155.5
20:36:06.414 INFO  ProgressMeter -       chr22:48793512            116.2             576245000        4957220.6
20:36:16.424 INFO  ProgressMeter -         chrX:1565331            116.4             577085000        4957332.0
20:36:26.426 INFO  ProgressMeter -         chrX:9118863            116.6             577907000        4957294.4
20:36:36.435 INFO  ProgressMeter -        chrX:17215934            116.7             578732000        4957277.6
20:36:46.437 INFO  ProgressMeter -        chrX:25488357            116.9             579559000        4957282.9
20:36:56.437 INFO  ProgressMeter -        chrX:34019608            117.1             580389000        4957315.2
20:37:06.445 INFO  ProgressMeter -        chrX:42252514            117.2             581216000        4957316.3
20:37:16.453 INFO  ProgressMeter -        chrX:50373680            117.4             582031000        4957215.1
20:37:26.457 INFO  ProgressMeter -        chrX:58559033            117.6             582866000        4957287.8
20:37:36.457 INFO  ProgressMeter -        chrX:66705248            117.7             583695000        4957310.7
20:37:46.464 INFO  ProgressMeter -        chrX:74939633            117.9             584527000        4957354.9
20:37:56.470 INFO  ProgressMeter -        chrX:83470787            118.1             585360000        4957408.0
20:38:06.475 INFO  ProgressMeter -        chrX:92162441            118.2             586189000        4957427.9
20:38:16.481 INFO  ProgressMeter -       chrX:100672164            118.4             587019000        4957455.5
20:38:26.491 INFO  ProgressMeter -       chrX:108979790            118.6             587853000        4957514.0
20:38:36.498 INFO  ProgressMeter -       chrX:117477541            118.7             588687000        4957574.3
20:38:46.498 INFO  ProgressMeter -       chrX:125901085            118.9             589520000        4957631.0
20:38:56.510 INFO  ProgressMeter -       chrX:134147532            119.1             590350000        4957654.7
20:39:06.513 INFO  ProgressMeter -       chrX:142529138            119.2             591182000        4957699.9
20:39:16.513 INFO  ProgressMeter -       chrX:150846975            119.4             592009000        4957705.9
20:39:26.515 INFO  ProgressMeter -         chrY:6913060            119.6             592842000        4957760.7
20:39:36.519 INFO  ProgressMeter -        chrY:15418974            119.7             593679000        4957847.3
20:39:46.529 INFO  ProgressMeter -        chrY:23631670            119.9             594512000        4957896.3
20:39:56.536 INFO  ProgressMeter -        chrY:32185256            120.1             595340000        4957905.5
20:40:06.541 INFO  ProgressMeter -        chrY:49963955            120.2             596182000        4958032.5
20:40:16.546 INFO  ProgressMeter -            chrM:2615            120.4             597013000        4958067.7
20:40:24.170 INFO  ApplyBQSR - 0 read(s) filtered by: WellformedReadFilter 

20:40:24.170 INFO  ProgressMeter -             unmapped            120.5             597649373        4958120.6
20:40:24.170 INFO  ProgressMeter - Traversal complete. Processed 597649373 total reads in 120.5 minutes.
20:40:24.265 INFO  ApplyBQSR - Shutting down engine
[June 24, 2024 at 8:40:24 PM CEST] org.broadinstitute.hellbender.tools.walkers.bqsr.ApplyBQSR done. Elapsed time: 120.55 minutes.
Runtime.totalMemory()=1224736768
