Read1 before filtering:
total reads: 736298086
total bases: 110444712900
Q20 bases: 108120381267(97.8955%)
Q30 bases: 103849671259(94.0286%)

Read2 before filtering:
total reads: 736298086
total bases: 110444712900
Q20 bases: 107126830837(96.9959%)
Q30 bases: 101604813466(91.9961%)

Read1 after filtering:
total reads: 731713894
total bases: 109336728938
Q20 bases: 107224859103(98.0685%)
Q30 bases: 103066451295(94.2652%)

Read2 after filtering:
total reads: 731713894
total bases: 109329634589
Q20 bases: 106365946225(97.2892%)
Q30 bases: 100985122614(92.3676%)

Filtering result:
reads passed filter: 1463427788
reads failed due to low quality: 9084458
reads failed due to too many N: 11174
reads failed due to too short: 72752
reads with adapter trimmed: 10939518
bases trimmed due to adapters: 810344314

Duplication rate: 19.4739%

Insert size peak (evaluated by paired-end reads): 269

JSON report: logs/fastp/P064/P064_dna_tumor.fastp.json
HTML report: logs/fastp/P064/P064_dna_tumor.fastp.html

fastp -w 12 -i /staging/leuven/stg_00096/home/rdewin/data/TALL_IF/TALL_IF/WGS/WGS_batch2/a0210/a0210_EDHG200012763-1a_HHFWFDSXY_L1_1.fq.gz -I /staging/leuven/stg_00096/home/rdewin/data/TALL_IF/TALL_IF/WGS/WGS_batch2/a0210/a0210_EDHG200012763-1a_HHFWFDSXY_L1_2.fq.gz -o results/fastp/P064/P064_dna_tumor_R1.trimmed.fq -O results/fastp/P064/P064_dna_tumor_R2.trimmed.fq -j logs/fastp/P064/P064_dna_tumor.fastp.json -h logs/fastp/P064/P064_dna_tumor.fastp.html 
fastp v0.23.4, time used: 2822 seconds
