Read1 before filtering:
total reads: 362763490
total bases: 54414523500
Q20 bases: 52976364906(97.357%)
Q30 bases: 50506403141(92.8179%)

Read2 before filtering:
total reads: 362763490
total bases: 54414523500
Q20 bases: 52433271501(96.359%)
Q30 bases: 49243689368(90.4973%)

Read1 after filtering:
total reads: 359695796
total bases: 53798117416
Q20 bases: 52493082589(97.5742%)
Q30 bases: 50092088914(93.1112%)

Read2 after filtering:
total reads: 359695796
total bases: 53796549502
Q20 bases: 52025303511(96.7075%)
Q30 bases: 48916953109(90.9295%)

Filtering result:
reads passed filter: 719391592
reads failed due to low quality: 6075914
reads failed due to too many N: 29622
reads failed due to too short: 29852
reads with adapter trimmed: 4250694
bases trimmed due to adapters: 295774779

Duplication rate: 14.8328%

Insert size peak (evaluated by paired-end reads): 269

JSON report: logs/fastp/P064/P064_dna_normal.fastp.json
HTML report: logs/fastp/P064/P064_dna_normal.fastp.html

fastp -w 12 -i /staging/leuven/stg_00096/home/rdewin/data/TALL_IF/TALL_IF/WGS/WGS_batch2/a0233/a0233_EDHG200012732-1a_HJ5HHDSXY_L4_1.fq.gz -I /staging/leuven/stg_00096/home/rdewin/data/TALL_IF/TALL_IF/WGS/WGS_batch2/a0233/a0233_EDHG200012732-1a_HJ5HHDSXY_L4_2.fq.gz -o results/fastp/P064/P064_dna_normal_R1.trimmed.fq -O results/fastp/P064/P064_dna_normal_R2.trimmed.fq -j logs/fastp/P064/P064_dna_normal.fastp.json -h logs/fastp/P064/P064_dna_normal.fastp.html 
fastp v0.23.4, time used: 2932 seconds
