Using GATK jar /lustre1/project/stg_00096/home/rdewin/system/miniconda/envs/WGS/share/gatk4-4.5.0.0-0/gatk-package-4.5.0.0-local.jar
Running:
    java -Dsamjdk.use_async_io_read_samtools=false -Dsamjdk.use_async_io_write_samtools=true -Dsamjdk.use_async_io_write_tribble=false -Dsamjdk.compression_level=2 -jar /lustre1/project/stg_00096/home/rdewin/system/miniconda/envs/WGS/share/gatk4-4.5.0.0-0/gatk-package-4.5.0.0-local.jar GetPileupSummaries -I results/recal/P059/P059_dna_normal_recal.bam -L resources/filtered_gnomad_chr.vcf.gz -V resources/filtered_gnomad_chr.vcf.gz -O results/mutect2/P059/P059_normal_pileup_summaries.table
15:55:59.977 INFO  NativeLibraryLoader - Loading libgkl_compression.so from jar:file:/lustre1/project/stg_00096/home/rdewin/system/miniconda/envs/WGS/share/gatk4-4.5.0.0-0/gatk-package-4.5.0.0-local.jar!/com/intel/gkl/native/libgkl_compression.so
15:56:00.735 INFO  GetPileupSummaries - ------------------------------------------------------------
15:56:00.738 INFO  GetPileupSummaries - The Genome Analysis Toolkit (GATK) v4.5.0.0
15:56:00.738 INFO  GetPileupSummaries - For support and documentation go to https://software.broadinstitute.org/gatk/
15:56:00.738 INFO  GetPileupSummaries - Executing as vsc35407@g28l15 on Linux v4.18.0-513.24.1.el8_9.x86_64 amd64
15:56:00.738 INFO  GetPileupSummaries - Java runtime: OpenJDK 64-Bit Server VM v17.0.10-internal+0-adhoc..src
15:56:00.739 INFO  GetPileupSummaries - Start Date/Time: July 14, 2024 at 3:55:59 PM CEST
15:56:00.739 INFO  GetPileupSummaries - ------------------------------------------------------------
15:56:00.739 INFO  GetPileupSummaries - ------------------------------------------------------------
15:56:00.739 INFO  GetPileupSummaries - HTSJDK Version: 4.1.0
15:56:00.739 INFO  GetPileupSummaries - Picard Version: 3.1.1
15:56:00.740 INFO  GetPileupSummaries - Built for Spark Version: 3.5.0
15:56:00.740 INFO  GetPileupSummaries - HTSJDK Defaults.COMPRESSION_LEVEL : 2
15:56:00.740 INFO  GetPileupSummaries - HTSJDK Defaults.USE_ASYNC_IO_READ_FOR_SAMTOOLS : false
15:56:00.740 INFO  GetPileupSummaries - HTSJDK Defaults.USE_ASYNC_IO_WRITE_FOR_SAMTOOLS : true
15:56:00.740 INFO  GetPileupSummaries - HTSJDK Defaults.USE_ASYNC_IO_WRITE_FOR_TRIBBLE : false
15:56:00.740 INFO  GetPileupSummaries - Deflater: IntelDeflater
15:56:00.740 INFO  GetPileupSummaries - Inflater: IntelInflater
15:56:00.741 INFO  GetPileupSummaries - GCS max retries/reopens: 20
15:56:00.741 INFO  GetPileupSummaries - Requester pays: disabled
15:56:00.741 INFO  GetPileupSummaries - Initializing engine
15:56:00.969 INFO  FeatureManager - Using codec VCFCodec to read file file:///lustre1/project/stg_00096/home/rdewin/WGS/resources/filtered_gnomad_chr.vcf.gz
15:56:01.107 INFO  FeatureManager - Using codec VCFCodec to read file file:///lustre1/project/stg_00096/home/rdewin/WGS/resources/filtered_gnomad_chr.vcf.gz
15:57:23.224 INFO  IntervalArgumentCollection - Processing 8916026 bp from intervals
15:57:23.419 INFO  GetPileupSummaries - Done initializing engine
15:57:23.425 INFO  ProgressMeter - Starting traversal
15:57:23.426 INFO  ProgressMeter -        Current Locus  Elapsed Minutes        Loci Processed      Loci/Minute
15:58:03.421 INFO  ProgressMeter -          chr1:250120              0.7                  1000           1500.3
15:58:13.544 INFO  ProgressMeter -         chr1:4869965              0.8                 21000          25140.7
15:58:23.754 INFO  ProgressMeter -         chr1:9966568              1.0                 38000          37794.0
15:58:33.913 INFO  ProgressMeter -        chr1:14575319              1.2                 57000          48520.3
15:58:44.076 INFO  ProgressMeter -        chr1:19646793              1.3                 74000          55052.7
15:58:54.263 INFO  ProgressMeter -        chr1:25111277              1.5                 90000          59447.1
15:59:04.603 INFO  ProgressMeter -        chr1:30822472              1.7                106000          62860.8
15:59:14.829 INFO  ProgressMeter -        chr1:36532834              1.9                121000          65168.8
15:59:25.449 INFO  ProgressMeter -        chr1:42058059              2.0                137000          67364.9
15:59:36.048 INFO  ProgressMeter -        chr1:47889667              2.2                151000          68314.5
15:59:46.230 INFO  ProgressMeter -        chr1:53417323              2.4                165000          69325.8
15:59:56.774 INFO  ProgressMeter -        chr1:58484426              2.6                181000          70819.3
16:00:07.435 INFO  ProgressMeter -        chr1:63550833              2.7                196000          71703.8
16:00:17.844 INFO  ProgressMeter -        chr1:68723341              2.9                210000          72240.3
16:00:27.854 INFO  ProgressMeter -        chr1:74190325              3.1                223000          72548.6
16:00:38.044 INFO  ProgressMeter -        chr1:79336656              3.2                237000          73066.2
16:00:48.606 INFO  ProgressMeter -        chr1:84360415              3.4                252000          73691.4
16:00:58.622 INFO  ProgressMeter -        chr1:89355707              3.6                266000          74165.3
16:01:08.986 INFO  ProgressMeter -        chr1:94969204              3.8                280000          74481.3
16:01:19.411 INFO  ProgressMeter -       chr1:100295043              3.9                294000          74750.5
16:01:29.908 INFO  ProgressMeter -       chr1:105330436              4.1                310000          75461.9
16:01:40.627 INFO  ProgressMeter -       chr1:110912194              4.3                325000          75816.5
16:01:51.002 INFO  ProgressMeter -       chr1:116116614              4.5                340000          76240.3
16:02:01.353 INFO  ProgressMeter -       chr1:121793281              4.6                356000          76854.7
16:02:11.897 INFO  ProgressMeter -       chr1:147836386              4.8                374000          77789.4
16:02:22.323 INFO  ProgressMeter -       chr1:153333551              5.0                390000          78287.8
16:02:32.484 INFO  ProgressMeter -       chr1:158612356              5.2                405000          78626.0
16:02:42.839 INFO  ProgressMeter -       chr1:163844697              5.3                420000          78895.0
16:02:53.072 INFO  ProgressMeter -       chr1:168666624              5.5                435000          79176.1
16:03:03.370 INFO  ProgressMeter -       chr1:173838459              5.7                449000          79248.3
16:03:13.733 INFO  ProgressMeter -       chr1:179457063              5.8                463000          79301.9
16:03:23.825 INFO  ProgressMeter -       chr1:184670891              6.0                477000          79412.0
16:03:34.546 INFO  ProgressMeter -       chr1:189760577              6.2                493000          79704.7
16:03:44.736 INFO  ProgressMeter -       chr1:195015431              6.4                507000          79777.6
16:03:54.998 INFO  ProgressMeter -       chr1:199995878              6.5                521000          79832.1
16:04:05.170 INFO  ProgressMeter -       chr1:205386087              6.7                536000          80051.0
16:04:15.686 INFO  ProgressMeter -       chr1:210511184              6.9                551000          80192.3
16:04:25.831 INFO  ProgressMeter -       chr1:215354066              7.0                566000          80396.8
16:04:36.525 INFO  ProgressMeter -       chr1:220672591              7.2                581000          80489.9
16:04:46.903 INFO  ProgressMeter -       chr1:225950051              7.4                596000          80635.5
16:04:57.610 INFO  ProgressMeter -       chr1:231447039              7.6                612000          80848.3
16:05:08.090 INFO  ProgressMeter -       chr1:236356160              7.7                628000          81091.0
16:05:18.371 INFO  ProgressMeter -       chr1:241067204              7.9                644000          81356.8
16:05:28.737 INFO  ProgressMeter -       chr1:245956803              8.1                660000          81597.2
16:05:38.891 INFO  ProgressMeter -         chr2:1875546              8.3                678000          82104.9
16:05:49.176 INFO  ProgressMeter -         chr2:6297861              8.4                695000          82451.8
16:05:59.646 INFO  ProgressMeter -        chr2:11505339              8.6                711000          82639.2
16:06:09.897 INFO  ProgressMeter -        chr2:16311901              8.8                727000          82853.6
16:06:19.935 INFO  ProgressMeter -        chr2:21214385              8.9                742000          82981.1
16:06:30.575 INFO  ProgressMeter -        chr2:27051994              9.1                757000          83012.1
16:06:40.613 INFO  ProgressMeter -        chr2:32426372              9.3                771000          83024.2
16:06:51.080 INFO  ProgressMeter -        chr2:36883115              9.5                788000          83290.2
16:07:01.663 INFO  ProgressMeter -        chr2:41609494              9.6                804000          83426.1
16:07:12.077 INFO  ProgressMeter -        chr2:46377218              9.8                820000          83580.9
16:07:22.518 INFO  ProgressMeter -        chr2:51006704             10.0                835000          83626.6
16:07:33.190 INFO  ProgressMeter -        chr2:55696079             10.2                851000          83737.3
16:07:43.874 INFO  ProgressMeter -        chr2:60684634             10.3                867000          83842.6
16:07:53.942 INFO  ProgressMeter -        chr2:66188094             10.5                881000          83836.1
16:08:04.025 INFO  ProgressMeter -        chr2:70912435             10.7                896000          83921.5
16:08:14.647 INFO  ProgressMeter -        chr2:76293634             10.9                911000          83934.6
16:08:25.166 INFO  ProgressMeter -        chr2:81035835             11.0                927000          84051.1
16:08:35.303 INFO  ProgressMeter -        chr2:85681299             11.2                943000          84211.8
16:08:45.726 INFO  ProgressMeter -        chr2:95027187             11.4                963000          84684.3
16:08:55.865 INFO  ProgressMeter -       chr2:101378236             11.5                976000          84570.7
16:09:06.419 INFO  ProgressMeter -       chr2:106861326             11.7                991000          84581.3
16:09:16.610 INFO  ProgressMeter -       chr2:112629260             11.9               1006000          84634.5
16:09:26.793 INFO  ProgressMeter -       chr2:117589108             12.1               1021000          84687.3
16:09:37.170 INFO  ProgressMeter -       chr2:122793294             12.2               1037000          84798.0
16:09:47.855 INFO  ProgressMeter -       chr2:128009155             12.4               1053000          84870.5
16:09:58.236 INFO  ProgressMeter -       chr2:132955327             12.6               1071000          85134.0
16:10:08.489 INFO  ProgressMeter -       chr2:137985039             12.8               1086000          85169.6
16:10:18.617 INFO  ProgressMeter -       chr2:142640786             12.9               1101000          85217.8
16:10:29.108 INFO  ProgressMeter -       chr2:148554066             13.1               1114000          85072.6
16:10:39.661 INFO  ProgressMeter -       chr2:153915827             13.3               1128000          85000.0
16:10:50.147 INFO  ProgressMeter -       chr2:159454987             13.4               1142000          84936.5
16:11:00.815 INFO  ProgressMeter -       chr2:165071524             13.6               1156000          84855.6
16:11:10.832 INFO  ProgressMeter -       chr2:169805291             13.8               1170000          84843.5
16:11:21.374 INFO  ProgressMeter -       chr2:174942089             14.0               1185000          84850.2
16:11:31.701 INFO  ProgressMeter -       chr2:180141430             14.1               1199000          84807.4
16:11:41.839 INFO  ProgressMeter -       chr2:184984661             14.3               1213000          84784.5
16:11:52.387 INFO  ProgressMeter -       chr2:190378018             14.5               1227000          84721.9
16:12:02.436 INFO  ProgressMeter -       chr2:195984033             14.7               1240000          84640.8
16:12:12.687 INFO  ProgressMeter -       chr2:201731297             14.8               1253000          84542.1
16:12:22.921 INFO  ProgressMeter -       chr2:207501763             15.0               1266000          84447.4
16:12:33.347 INFO  ProgressMeter -       chr2:212604719             15.2               1281000          84469.0
16:12:43.789 INFO  ProgressMeter -       chr2:217512704             15.3               1296000          84488.4
16:12:54.480 INFO  ProgressMeter -       chr2:222981637             15.5               1312000          84549.4
16:13:04.831 INFO  ProgressMeter -       chr2:228178187             15.7               1327000          84575.7
16:13:15.163 INFO  ProgressMeter -       chr2:233106152             15.9               1343000          84666.2
16:13:25.581 INFO  ProgressMeter -       chr2:237847560             16.0               1360000          84809.7
16:13:35.617 INFO  ProgressMeter -       chr2:242281229             16.2               1377000          84983.4
16:13:45.994 INFO  ProgressMeter -         chr3:3616168             16.4               1395000          85184.9
16:13:56.009 INFO  ProgressMeter -         chr3:7704821             16.5               1411000          85292.6
16:14:06.630 INFO  ProgressMeter -        chr3:12753481             16.7               1427000          85346.5
16:14:17.482 INFO  ProgressMeter -        chr3:17808899             16.9               1443000          85380.0
16:14:27.481 INFO  ProgressMeter -        chr3:22270248             17.1               1458000          85425.1
16:14:38.083 INFO  ProgressMeter -        chr3:27004272             17.2               1474000          85477.6
16:14:48.162 INFO  ProgressMeter -        chr3:31458153             17.4               1489000          85514.4
16:14:58.432 INFO  ProgressMeter -        chr3:36453520             17.6               1504000          85535.1
16:15:08.529 INFO  ProgressMeter -        chr3:41623115             17.8               1518000          85512.9
16:15:18.854 INFO  ProgressMeter -        chr3:46836987             17.9               1533000          85528.8
16:15:29.274 INFO  ProgressMeter -        chr3:54024811             18.1               1546000          85426.3
16:15:39.798 INFO  ProgressMeter -        chr3:59134107             18.3               1561000          85427.2
16:15:50.253 INFO  ProgressMeter -        chr3:63709213             18.4               1577000          85487.6
16:16:00.639 INFO  ProgressMeter -        chr3:68394709             18.6               1593000          85552.2
16:16:10.719 INFO  ProgressMeter -        chr3:73402354             18.8               1607000          85532.4
16:16:21.176 INFO  ProgressMeter -        chr3:78399717             19.0               1624000          85642.7
16:16:31.649 INFO  ProgressMeter -        chr3:84062889             19.1               1638000          85593.1
16:16:41.768 INFO  ProgressMeter -        chr3:89180776             19.3               1652000          85570.6
16:16:51.988 INFO  ProgressMeter -        chr3:99620759             19.5               1669000          85695.1
16:17:01.999 INFO  ProgressMeter -       chr3:104642752             19.6               1683000          85680.0
16:17:12.069 INFO  ProgressMeter -       chr3:109309308             19.8               1698000          85711.3
16:17:22.411 INFO  ProgressMeter -       chr3:114582895             20.0               1712000          85672.5
16:17:32.757 INFO  ProgressMeter -       chr3:119784994             20.2               1726000          85634.1
16:17:42.803 INFO  ProgressMeter -       chr3:124653927             20.3               1740000          85617.5
16:17:53.252 INFO  ProgressMeter -       chr3:129584631             20.5               1756000          85670.7
16:18:03.770 INFO  ProgressMeter -       chr3:134684066             20.7               1772000          85718.2
16:18:13.818 INFO  ProgressMeter -       chr3:139992532             20.8               1786000          85701.1
16:18:23.937 INFO  ProgressMeter -       chr3:145319424             21.0               1800000          85679.6
16:18:34.131 INFO  ProgressMeter -       chr3:150035942             21.2               1815000          85700.5
16:18:44.941 INFO  ProgressMeter -       chr3:155363807             21.4               1830000          85679.8
16:18:55.231 INFO  ProgressMeter -       chr3:160125321             21.5               1845000          85694.0
16:19:05.352 INFO  ProgressMeter -       chr3:164887441             21.7               1859000          85673.1
16:19:15.664 INFO  ProgressMeter -       chr3:169975107             21.9               1874000          85685.7
16:19:26.231 INFO  ProgressMeter -       chr3:174852483             22.0               1889000          85681.6
16:19:36.510 INFO  ProgressMeter -       chr3:179580157             22.2               1904000          85696.0
16:19:46.616 INFO  ProgressMeter -       chr3:184786631             22.4               1918000          85676.6
16:19:56.780 INFO  ProgressMeter -       chr3:189962114             22.6               1933000          85698.2
16:20:06.831 INFO  ProgressMeter -       chr3:194346796             22.7               1948000          85726.5
16:20:17.036 INFO  ProgressMeter -       chr3:198654179             22.9               1966000          85875.9
16:20:27.367 INFO  ProgressMeter -         chr4:2387601             23.1               1984000          86015.3
16:20:37.714 INFO  ProgressMeter -         chr4:6634903             23.2               2003000          86194.6
16:20:48.140 INFO  ProgressMeter -        chr4:11231402             23.4               2023000          86409.0
16:20:58.171 INFO  ProgressMeter -        chr4:15844212             23.6               2039000          86474.9
16:21:08.390 INFO  ProgressMeter -        chr4:20763169             23.7               2054000          86486.4
16:21:18.391 INFO  ProgressMeter -        chr4:25410611             23.9               2069000          86510.8
16:21:28.924 INFO  ProgressMeter -        chr4:30373800             24.1               2085000          86544.6
16:21:39.237 INFO  ProgressMeter -        chr4:35070818             24.3               2101000          86590.9
16:21:49.706 INFO  ProgressMeter -        chr4:39791984             24.4               2117000          86627.4
16:21:59.778 INFO  ProgressMeter -        chr4:44509084             24.6               2132000          86646.0
16:22:09.961 INFO  ProgressMeter -        chr4:55978007             24.8               2151000          86819.3
16:22:20.109 INFO  ProgressMeter -        chr4:60952579             24.9               2166000          86832.0
16:22:30.324 INFO  ProgressMeter -        chr4:65470191             25.1               2182000          86880.5
16:22:40.355 INFO  ProgressMeter -        chr4:70210283             25.3               2197000          86899.3
16:22:50.722 INFO  ProgressMeter -        chr4:75089612             25.5               2212000          86898.7
16:23:01.011 INFO  ProgressMeter -        chr4:80186405             25.6               2227000          86902.6
16:23:11.214 INFO  ProgressMeter -        chr4:85078437             25.8               2241000          86872.4
16:23:21.693 INFO  ProgressMeter -        chr4:89624835             26.0               2254000          86788.8
16:23:32.180 INFO  ProgressMeter -        chr4:94444062             26.1               2268000          86744.0
16:23:42.694 INFO  ProgressMeter -        chr4:99505655             26.3               2283000          86736.4
16:23:52.841 INFO  ProgressMeter -       chr4:104265842             26.5               2297000          86711.2
16:24:03.367 INFO  ProgressMeter -       chr4:109335020             26.7               2311000          86665.7
16:24:13.531 INFO  ProgressMeter -       chr4:114451024             26.8               2325000          86640.4
16:24:23.985 INFO  ProgressMeter -       chr4:119106141             27.0               2338000          86562.7
16:24:34.393 INFO  ProgressMeter -       chr4:124217954             27.2               2353000          86562.1
16:24:44.678 INFO  ProgressMeter -       chr4:128860415             27.4               2368000          86568.1
16:24:55.021 INFO  ProgressMeter -       chr4:133825596             27.5               2383000          86570.9
16:25:05.492 INFO  ProgressMeter -       chr4:139169807             27.7               2398000          86567.0
16:25:15.540 INFO  ProgressMeter -       chr4:144391097             27.9               2412000          86549.1
16:25:25.993 INFO  ProgressMeter -       chr4:149669597             28.0               2426000          86510.7
16:25:36.577 INFO  ProgressMeter -       chr4:155403674             28.2               2440000          86466.0
16:25:47.254 INFO  ProgressMeter -       chr4:160392594             28.4               2455000          86452.4
16:25:57.562 INFO  ProgressMeter -       chr4:165293733             28.6               2470000          86457.6
16:26:07.743 INFO  ProgressMeter -       chr4:169687175             28.7               2486000          86503.8
16:26:18.184 INFO  ProgressMeter -       chr4:174224693             28.9               2501000          86502.0
16:26:28.808 INFO  ProgressMeter -       chr4:179283700             29.1               2516000          86491.1
16:26:39.286 INFO  ProgressMeter -       chr4:184060566             29.3               2532000          86521.7
16:26:49.610 INFO  ProgressMeter -       chr4:188688951             29.4               2549000          86593.5
16:26:59.970 INFO  ProgressMeter -       chr4:193292707             29.6               2567000          86696.5
16:27:10.013 INFO  ProgressMeter -         chr5:4170703             29.8               2586000          86847.2
16:27:20.479 INFO  ProgressMeter -         chr5:9087251             30.0               2603000          86909.0
16:27:30.899 INFO  ProgressMeter -        chr5:13998220             30.1               2618000          86905.9
16:27:41.557 INFO  ProgressMeter -        chr5:19328138             30.3               2634000          86924.5
16:27:51.874 INFO  ProgressMeter -        chr5:24320465             30.5               2649000          86926.2
16:28:02.405 INFO  ProgressMeter -        chr5:29117021             30.6               2665000          86950.4
16:28:12.655 INFO  ProgressMeter -        chr5:33783323             30.8               2681000          86987.6
16:28:23.025 INFO  ProgressMeter -        chr5:38787986             31.0               2696000          86986.5
16:28:33.459 INFO  ProgressMeter -        chr5:43763176             31.2               2711000          86982.4
16:28:44.038 INFO  ProgressMeter -        chr5:53139852             31.3               2726000          86971.7
16:28:54.623 INFO  ProgressMeter -        chr5:58319214             31.5               2741000          86960.8
16:29:05.054 INFO  ProgressMeter -        chr5:63560367             31.7               2755000          86925.5
16:29:15.092 INFO  ProgressMeter -        chr5:68631279             31.9               2769000          86908.5
16:29:25.156 INFO  ProgressMeter -        chr5:74611617             32.0               2782000          86859.3
16:29:35.434 INFO  ProgressMeter -        chr5:79494972             32.2               2797000          86863.0
16:29:45.491 INFO  ProgressMeter -        chr5:84582232             32.4               2811000          86845.7
16:29:55.919 INFO  ProgressMeter -        chr5:90275117             32.5               2825000          86812.1
16:30:05.972 INFO  ProgressMeter -        chr5:95583949             32.7               2838000          86764.8
16:30:16.275 INFO  ProgressMeter -       chr5:100468237             32.9               2853000          86767.9
16:30:26.578 INFO  ProgressMeter -       chr5:105405888             33.1               2868000          86771.0
16:30:36.903 INFO  ProgressMeter -       chr5:110094557             33.2               2883000          86773.0
16:30:47.495 INFO  ProgressMeter -       chr5:114590509             33.4               2899000          86793.4
16:30:57.560 INFO  ProgressMeter -       chr5:118816585             33.6               2915000          86836.3
16:31:07.891 INFO  ProgressMeter -       chr5:123055949             33.7               2931000          86867.4
16:31:17.953 INFO  ProgressMeter -       chr5:127792462             33.9               2946000          86880.2
16:31:28.157 INFO  ProgressMeter -       chr5:133091761             34.1               2960000          86857.4
16:31:38.901 INFO  ProgressMeter -       chr5:139041376             34.3               2975000          86841.3
16:31:49.245 INFO  ProgressMeter -       chr5:144793420             34.4               2989000          86813.0
16:31:59.871 INFO  ProgressMeter -       chr5:149950509             34.6               3004000          86802.2
16:32:10.469 INFO  ProgressMeter -       chr5:155016108             34.8               3020000          86821.4
16:32:20.677 INFO  ProgressMeter -       chr5:160043605             35.0               3035000          86827.9
16:32:31.047 INFO  ProgressMeter -       chr5:165103387             35.1               3050000          86827.8
16:32:41.125 INFO  ProgressMeter -       chr5:170050309             35.3               3065000          86839.6
16:32:51.565 INFO  ProgressMeter -       chr5:175142830             35.5               3081000          86864.6
16:33:01.698 INFO  ProgressMeter -       chr5:180017309             35.6               3098000          86930.0
16:33:11.837 INFO  ProgressMeter -         chr6:2698696             35.8               3115000          86994.6
16:33:22.331 INFO  ProgressMeter -         chr6:7294607             36.0               3132000          87044.2
16:33:32.857 INFO  ProgressMeter -        chr6:11966379             36.2               3148000          87064.3
16:33:43.066 INFO  ProgressMeter -        chr6:17097137             36.3               3163000          87069.4
16:33:53.367 INFO  ProgressMeter -        chr6:22010897             36.5               3179000          87098.2
16:34:03.882 INFO  ProgressMeter -        chr6:26867978             36.7               3195000          87118.3
16:34:13.975 INFO  ProgressMeter -        chr6:30988092             36.8               3216000          87290.5
16:34:24.492 INFO  ProgressMeter -        chr6:35141600             37.0               3242000          87579.6
16:34:35.073 INFO  ProgressMeter -        chr6:40352910             37.2               3258000          87594.5
16:34:45.607 INFO  ProgressMeter -        chr6:45691355             37.4               3274000          87611.1
16:34:55.874 INFO  ProgressMeter -        chr6:51029131             37.5               3288000          87584.7
16:35:06.012 INFO  ProgressMeter -        chr6:55601250             37.7               3303000          87590.0
16:35:16.115 INFO  ProgressMeter -        chr6:63518300             37.9               3318000          87596.7
16:35:26.519 INFO  ProgressMeter -        chr6:68400357             38.1               3333000          87591.7
16:35:36.889 INFO  ProgressMeter -        chr6:73194565             38.2               3348000          87588.1
16:35:47.458 INFO  ProgressMeter -        chr6:78256891             38.4               3363000          87576.9
16:35:57.654 INFO  ProgressMeter -        chr6:82933344             38.6               3379000          87605.9
16:36:07.871 INFO  ProgressMeter -        chr6:88095144             38.7               3393000          87582.2
16:36:18.561 INFO  ProgressMeter -        chr6:93591507             38.9               3408000          87566.7
16:36:28.861 INFO  ProgressMeter -        chr6:98291811             39.1               3423000          87565.9
16:36:38.911 INFO  ProgressMeter -       chr6:103400441             39.3               3436000          87523.4
16:36:49.359 INFO  ProgressMeter -       chr6:108401540             39.4               3452000          87542.7
16:36:59.469 INFO  ProgressMeter -       chr6:113388322             39.6               3466000          87523.7
16:37:09.711 INFO  ProgressMeter -       chr6:118832765             39.8               3480000          87500.0
16:37:19.725 INFO  ProgressMeter -       chr6:123726495             39.9               3494000          87484.9
16:37:30.499 INFO  ProgressMeter -       chr6:129230651             40.1               3508000          87442.3
16:37:40.841 INFO  ProgressMeter -       chr6:133774720             40.3               3523000          87440.5
16:37:50.928 INFO  ProgressMeter -       chr6:138383968             40.5               3537000          87423.2
16:38:01.512 INFO  ProgressMeter -       chr6:143735402             40.6               3552000          87412.8
16:38:11.833 INFO  ProgressMeter -       chr6:148862747             40.8               3566000          87387.4
16:38:21.982 INFO  ProgressMeter -       chr6:153491193             41.0               3582000          87417.2
16:38:32.023 INFO  ProgressMeter -       chr6:158134375             41.1               3597000          87426.2
16:38:42.452 INFO  ProgressMeter -       chr6:163034788             41.3               3613000          87445.6
16:38:52.710 INFO  ProgressMeter -       chr6:167566038             41.5               3628000          87446.8
16:39:03.097 INFO  ProgressMeter -       chr6:172113487             41.7               3647000          87539.6
16:39:13.635 INFO  ProgressMeter -         chr7:4417632             41.8               3667000          87650.1
16:39:23.848 INFO  ProgressMeter -         chr7:8412973             42.0               3686000          87747.2
16:39:34.194 INFO  ProgressMeter -        chr7:12438558             42.2               3703000          87791.5
16:39:44.505 INFO  ProgressMeter -        chr7:16569738             42.4               3719000          87813.1
16:39:54.537 INFO  ProgressMeter -        chr7:20901336             42.5               3734000          87820.6
16:40:05.141 INFO  ProgressMeter -        chr7:25741989             42.7               3750000          87831.8
16:40:15.704 INFO  ProgressMeter -        chr7:30867199             42.9               3765000          87821.0
16:40:26.057 INFO  ProgressMeter -        chr7:35570324             43.0               3780000          87818.4
16:40:36.513 INFO  ProgressMeter -        chr7:40658590             43.2               3795000          87810.4
16:40:46.878 INFO  ProgressMeter -        chr7:46001732             43.4               3810000          87806.5
16:40:57.601 INFO  ProgressMeter -        chr7:50963873             43.6               3826000          87813.6
16:41:08.053 INFO  ProgressMeter -        chr7:55468536             43.7               3843000          87852.5
16:41:18.224 INFO  ProgressMeter -        chr7:64476994             43.9               3863000          87968.8
16:41:28.553 INFO  ProgressMeter -        chr7:69629171             44.1               3881000          88033.6
16:41:38.863 INFO  ProgressMeter -        chr7:75484061             44.3               3897000          88053.3
16:41:49.456 INFO  ProgressMeter -        chr7:80806249             44.4               3913000          88063.5
16:41:59.801 INFO  ProgressMeter -        chr7:85460983             44.6               3928000          88059.4
16:42:10.042 INFO  ProgressMeter -        chr7:88797626             44.8               3938000          87947.1
16:42:20.624 INFO  ProgressMeter -        chr7:94278609             45.0               3952000          87913.5
16:42:30.870 INFO  ProgressMeter -        chr7:99400828             45.1               3966000          87891.0
16:42:41.467 INFO  ProgressMeter -       chr7:104858007             45.3               3983000          87923.6
16:42:52.193 INFO  ProgressMeter -       chr7:109967999             45.5               3998000          87907.8
16:43:03.033 INFO  ProgressMeter -       chr7:115499937             45.7               4013000          87888.5
16:43:13.267 INFO  ProgressMeter -       chr7:120981924             45.8               4026000          87845.1
16:43:23.855 INFO  ProgressMeter -       chr7:126706807             46.0               4040000          87812.4
16:43:33.855 INFO  ProgressMeter -       chr7:131919672             46.2               4054000          87798.7
16:43:44.293 INFO  ProgressMeter -       chr7:137437892             46.3               4069000          87792.8
16:43:54.716 INFO  ProgressMeter -       chr7:142516542             46.5               4084000          87787.4
16:44:04.980 INFO  ProgressMeter -       chr7:147397947             46.7               4100000          87808.4
16:44:15.493 INFO  ProgressMeter -       chr7:151804849             46.9               4117000          87842.9
16:44:26.082 INFO  ProgressMeter -       chr7:156341542             47.0               4135000          87895.9
16:44:36.464 INFO  ProgressMeter -          chr8:331811             47.2               4154000          87976.2
16:44:46.917 INFO  ProgressMeter -         chr8:3652333             47.4               4175000          88096.0
16:44:57.193 INFO  ProgressMeter -         chr8:6823613             47.6               4195000          88199.2
16:45:07.430 INFO  ProgressMeter -        chr8:11116460             47.7               4213000          88261.0
16:45:17.937 INFO  ProgressMeter -        chr8:15598886             47.9               4234000          88376.8
16:45:28.405 INFO  ProgressMeter -        chr8:19242773             48.1               4252000          88430.5
16:45:38.697 INFO  ProgressMeter -        chr8:23672307             48.3               4269000          88468.4
16:45:49.045 INFO  ProgressMeter -        chr8:28472064             48.4               4285000          88483.8
16:45:59.569 INFO  ProgressMeter -        chr8:33566515             48.6               4300000          88473.0
16:46:10.175 INFO  ProgressMeter -        chr8:39462389             48.8               4315000          88459.9
16:46:20.415 INFO  ProgressMeter -        chr8:46506785             48.9               4331000          88478.4
16:46:30.978 INFO  ProgressMeter -        chr8:51935233             49.1               4345000          88446.3
16:46:41.111 INFO  ProgressMeter -        chr8:56877130             49.3               4360000          88447.6
16:46:51.235 INFO  ProgressMeter -        chr8:61730693             49.5               4375000          88449.1
16:47:01.829 INFO  ProgressMeter -        chr8:66837725             49.6               4390000          88436.7
16:47:12.047 INFO  ProgressMeter -        chr8:71909160             49.8               4404000          88415.4
16:47:22.415 INFO  ProgressMeter -        chr8:76966893             50.0               4419000          88409.8
16:47:32.723 INFO  ProgressMeter -        chr8:82017226             50.2               4434000          88406.0
16:47:43.127 INFO  ProgressMeter -        chr8:87562041             50.3               4449000          88399.5
16:47:53.600 INFO  ProgressMeter -        chr8:92658246             50.5               4464000          88391.0
16:48:03.788 INFO  ProgressMeter -        chr8:98022400             50.7               4478000          88371.1
16:48:14.092 INFO  ProgressMeter -       chr8:103217564             50.8               4492000          88348.0
16:48:24.312 INFO  ProgressMeter -       chr8:108066356             51.0               4506000          88327.4
16:48:34.801 INFO  ProgressMeter -       chr8:113188215             51.2               4520000          88299.2
16:48:45.498 INFO  ProgressMeter -       chr8:118487734             51.4               4535000          88284.8
16:48:55.565 INFO  ProgressMeter -       chr8:123196661             51.5               4550000          88288.4
16:49:06.023 INFO  ProgressMeter -       chr8:128228592             51.7               4566000          88300.2
16:49:16.513 INFO  ProgressMeter -       chr8:133102607             51.9               4582000          88311.1
16:49:26.804 INFO  ProgressMeter -       chr8:137866383             52.1               4598000          88327.5
16:49:36.947 INFO  ProgressMeter -       chr8:142771742             52.2               4614000          88347.9
16:49:47.307 INFO  ProgressMeter -         chr9:1123361             52.4               4633000          88419.4
16:49:57.921 INFO  ProgressMeter -         chr9:5218332             52.6               4650000          88445.2
16:50:08.294 INFO  ProgressMeter -         chr9:9554384             52.7               4666000          88458.7
16:50:18.731 INFO  ProgressMeter -        chr9:13822225             52.9               4683000          88489.1
16:50:29.270 INFO  ProgressMeter -        chr9:18192801             53.1               4700000          88516.6
16:50:39.376 INFO  ProgressMeter -        chr9:22878502             53.3               4715000          88518.3
16:50:49.508 INFO  ProgressMeter -        chr9:27300130             53.4               4731000          88538.0
16:50:59.895 INFO  ProgressMeter -        chr9:31890487             53.6               4747000          88550.5
16:51:09.929 INFO  ProgressMeter -        chr9:36864778             53.8               4762000          88554.1
16:51:19.975 INFO  ProgressMeter -        chr9:43302832             53.9               4781000          88631.4
16:51:30.217 INFO  ProgressMeter -        chr9:80447012             54.1               4801000          88721.4
16:51:40.558 INFO  ProgressMeter -        chr9:85710813             54.3               4815000          88697.7
16:51:50.733 INFO  ProgressMeter -        chr9:90580265             54.5               4830000          88696.9
16:52:00.800 INFO  ProgressMeter -        chr9:95584292             54.6               4845000          88699.1
16:52:11.026 INFO  ProgressMeter -       chr9:100478522             54.8               4861000          88715.2
16:52:21.310 INFO  ProgressMeter -       chr9:105224252             55.0               4877000          88729.6
16:52:31.900 INFO  ProgressMeter -       chr9:110473808             55.1               4893000          88735.8
16:52:42.105 INFO  ProgressMeter -       chr9:115623498             55.3               4908000          88734.1
16:52:52.266 INFO  ProgressMeter -       chr9:120233276             55.5               4924000          88751.6
16:53:02.483 INFO  ProgressMeter -       chr9:125050464             55.7               4939000          88749.6
16:53:12.880 INFO  ProgressMeter -       chr9:130116315             55.8               4954000          88742.8
16:53:23.510 INFO  ProgressMeter -       chr9:135821748             56.0               4969000          88729.9
16:53:33.782 INFO  ProgressMeter -       chr9:141323004             56.2               4984000          88726.5
16:53:44.074 INFO  ProgressMeter -       chr9:146439804             56.3               5002000          88775.9
16:53:54.170 INFO  ProgressMeter -         chr10:776901             56.5               5021000          88847.8
16:54:04.279 INFO  ProgressMeter -        chr10:5239142             56.7               5038000          88883.6
16:54:14.811 INFO  ProgressMeter -       chr10:10073448             56.9               5055000          88908.2
16:54:24.941 INFO  ProgressMeter -       chr10:14698026             57.0               5071000          88925.5
16:54:35.524 INFO  ProgressMeter -       chr10:19151798             57.2               5088000          88948.5
16:54:45.932 INFO  ProgressMeter -       chr10:23902336             57.4               5104000          88958.5
16:54:56.146 INFO  ProgressMeter -       chr10:28354292             57.5               5120000          88973.3
16:55:06.476 INFO  ProgressMeter -       chr10:32871014             57.7               5136000          88985.2
16:55:16.483 INFO  ProgressMeter -       chr10:37772220             57.9               5151000          88987.9
16:55:26.824 INFO  ProgressMeter -       chr10:44609460             58.1               5175000          89137.1
16:55:37.283 INFO  ProgressMeter -       chr10:49224554             58.2               5191000          89145.1
16:55:47.452 INFO  ProgressMeter -       chr10:54019220             58.4               5206000          89143.2
16:55:57.992 INFO  ProgressMeter -       chr10:58475964             58.6               5221000          89131.9
16:56:08.498 INFO  ProgressMeter -       chr10:63785247             58.8               5236000          89121.6
16:56:19.117 INFO  ProgressMeter -       chr10:68611486             58.9               5251000          89108.5
16:56:29.151 INFO  ProgressMeter -       chr10:73065003             59.1               5267000          89127.0
16:56:39.779 INFO  ProgressMeter -       chr10:78263204             59.3               5280000          89080.0
16:56:50.006 INFO  ProgressMeter -       chr10:82809794             59.4               5296000          89093.8
16:57:00.543 INFO  ProgressMeter -       chr10:87684844             59.6               5312000          89099.7
16:57:11.378 INFO  ProgressMeter -       chr10:93170602             59.8               5327000          89081.5
16:57:22.063 INFO  ProgressMeter -       chr10:98516733             60.0               5342000          89067.1
16:57:32.417 INFO  ProgressMeter -      chr10:104704273             60.1               5356000          89044.3
16:57:43.010 INFO  ProgressMeter -      chr10:109819412             60.3               5372000          89048.9
16:57:53.336 INFO  ProgressMeter -      chr10:114836858             60.5               5387000          89043.6
16:58:03.387 INFO  ProgressMeter -      chr10:119772661             60.7               5401000          89028.5
16:58:13.810 INFO  ProgressMeter -      chr10:124751044             60.8               5417000          89037.2
16:58:24.213 INFO  ProgressMeter -      chr10:129597149             61.0               5434000          89062.8
16:58:34.571 INFO  ProgressMeter -      chr10:134322777             61.2               5453000          89122.1
16:58:44.960 INFO  ProgressMeter -        chr11:4498584             61.4               5473000          89196.5
16:58:55.335 INFO  ProgressMeter -        chr11:8994009             61.5               5489000          89205.9
16:59:05.725 INFO  ProgressMeter -       chr11:13887720             61.7               5504000          89198.6
16:59:16.309 INFO  ProgressMeter -       chr11:19660095             61.9               5518000          89170.6
16:59:26.597 INFO  ProgressMeter -       chr11:24075448             62.1               5534000          89182.1
16:59:36.838 INFO  ProgressMeter -       chr11:29171644             62.2               5549000          89178.5
16:59:46.971 INFO  ProgressMeter -       chr11:34582256             62.4               5563000          89161.5
16:59:57.312 INFO  ProgressMeter -       chr11:39240459             62.6               5578000          89155.6
17:00:07.850 INFO  ProgressMeter -       chr11:44086957             62.7               5594000          89161.1
17:00:18.296 INFO  ProgressMeter -       chr11:49624250             62.9               5609000          89152.8
17:00:28.860 INFO  ProgressMeter -       chr11:57202225             63.1               5628000          89205.1
17:00:39.527 INFO  ProgressMeter -       chr11:63097099             63.3               5643000          89191.5
17:00:50.048 INFO  ProgressMeter -       chr11:68970707             63.4               5659000          89197.2
17:01:00.516 INFO  ProgressMeter -       chr11:73920122             63.6               5676000          89219.8
17:01:11.115 INFO  ProgressMeter -       chr11:79169233             63.8               5691000          89207.9
17:01:21.215 INFO  ProgressMeter -       chr11:83777939             64.0               5706000          89207.6
17:01:31.867 INFO  ProgressMeter -       chr11:88412162             64.1               5721000          89194.6
17:01:42.189 INFO  ProgressMeter -       chr11:93363891             64.3               5736000          89189.2
17:01:52.742 INFO  ProgressMeter -       chr11:98448288             64.5               5751000          89178.6
17:02:02.914 INFO  ProgressMeter -      chr11:102958457             64.7               5766000          89176.7
17:02:13.662 INFO  ProgressMeter -      chr11:108325239             64.8               5781000          89161.7
17:02:23.870 INFO  ProgressMeter -      chr11:113810365             65.0               5795000          89143.7
17:02:33.932 INFO  ProgressMeter -      chr11:118922352             65.2               5810000          89144.5
17:02:44.577 INFO  ProgressMeter -      chr11:124368716             65.4               5826000          89147.3
17:02:54.809 INFO  ProgressMeter -      chr11:129378553             65.5               5841000          89144.2
17:03:05.165 INFO  ProgressMeter -      chr11:134034424             65.7               5857000          89153.5
17:03:15.232 INFO  ProgressMeter -        chr12:2950097             65.9               5872000          89154.2
17:03:25.649 INFO  ProgressMeter -        chr12:8005493             66.0               5888000          89162.1
17:03:36.178 INFO  ProgressMeter -       chr12:12718605             66.2               5905000          89182.5
17:03:46.504 INFO  ProgressMeter -       chr12:17944951             66.4               5919000          89162.2
17:03:56.720 INFO  ProgressMeter -       chr12:22687941             66.6               5934000          89159.5
17:04:07.097 INFO  ProgressMeter -       chr12:27401464             66.7               5949000          89153.2
17:04:17.224 INFO  ProgressMeter -       chr12:31968867             66.9               5964000          89152.5
17:04:27.334 INFO  ProgressMeter -       chr12:38130579             67.1               5984000          89226.7
17:04:37.525 INFO  ProgressMeter -       chr12:42470229             67.2               5999000          89224.4
17:04:47.710 INFO  ProgressMeter -       chr12:47258384             67.4               6013000          89207.4
17:04:57.945 INFO  ProgressMeter -       chr12:52671780             67.6               6028000          89204.2
17:05:08.231 INFO  ProgressMeter -       chr12:58367283             67.7               6043000          89199.9
17:05:18.398 INFO  ProgressMeter -       chr12:63341520             67.9               6057000          89183.4
17:05:28.503 INFO  ProgressMeter -       chr12:68351131             68.1               6071000          89168.5
17:05:39.137 INFO  ProgressMeter -       chr12:73243710             68.3               6086000          89156.7
17:05:49.755 INFO  ProgressMeter -       chr12:78454342             68.4               6101000          89145.3
17:06:00.041 INFO  ProgressMeter -       chr12:83653663             68.6               6115000          89126.6
17:06:10.699 INFO  ProgressMeter -       chr12:89284791             68.8               6129000          89100.0
17:06:21.028 INFO  ProgressMeter -       chr12:94563983             69.0               6143000          89080.6
17:06:31.559 INFO  ProgressMeter -       chr12:99492066             69.1               6158000          89071.4
17:06:41.588 INFO  ProgressMeter -      chr12:104174745             69.3               6172000          89058.6
17:06:51.878 INFO  ProgressMeter -      chr12:109315032             69.5               6187000          89054.7
17:07:01.897 INFO  ProgressMeter -      chr12:114517397             69.6               6202000          89056.5
17:07:11.990 INFO  ProgressMeter -      chr12:119526318             69.8               6218000          89071.1
17:07:22.357 INFO  ProgressMeter -      chr12:124846419             70.0               6234000          89079.8
17:07:32.775 INFO  ProgressMeter -      chr12:129678614             70.2               6252000          89115.9
17:07:43.230 INFO  ProgressMeter -       chr13:18255632             70.3               6272000          89179.5
17:07:53.333 INFO  ProgressMeter -       chr13:22777067             70.5               6289000          89207.6
17:08:03.614 INFO  ProgressMeter -       chr13:27328971             70.7               6305000          89217.7
17:08:13.924 INFO  ProgressMeter -       chr13:32387931             70.8               6320000          89213.1
17:08:23.933 INFO  ProgressMeter -       chr13:37308815             71.0               6334000          89200.7
17:08:34.464 INFO  ProgressMeter -       chr13:42633135             71.2               6349000          89191.4
17:08:44.779 INFO  ProgressMeter -       chr13:47737691             71.4               6364000          89186.8
17:08:54.987 INFO  ProgressMeter -       chr13:53012783             71.5               6378000          89170.4
17:09:05.148 INFO  ProgressMeter -       chr13:58927055             71.7               6391000          89141.0
17:09:15.517 INFO  ProgressMeter -       chr13:63593520             71.9               6407000          89149.3
17:09:25.690 INFO  ProgressMeter -       chr13:68832966             72.0               6421000          89133.8
17:09:36.192 INFO  ProgressMeter -       chr13:73912269             72.2               6436000          89125.5
17:09:46.292 INFO  ProgressMeter -       chr13:78838822             72.4               6450000          89111.7
17:09:56.485 INFO  ProgressMeter -       chr13:84148321             72.6               6464000          89096.0
17:10:07.110 INFO  ProgressMeter -       chr13:89490625             72.7               6479000          89085.3
17:10:17.604 INFO  ProgressMeter -       chr13:94525726             72.9               6494000          89077.3
17:10:28.106 INFO  ProgressMeter -       chr13:99847800             73.1               6509000          89069.2
17:10:38.772 INFO  ProgressMeter -      chr13:104711160             73.3               6525000          89071.5
17:10:48.886 INFO  ProgressMeter -      chr13:109344444             73.4               6541000          89084.9
17:10:58.950 INFO  ProgressMeter -       chr14:13588621             73.6               6560000          89140.0
17:11:09.342 INFO  ProgressMeter -       chr14:17985405             73.8               6577000          89161.2
17:11:19.598 INFO  ProgressMeter -       chr14:22787091             73.9               6592000          89157.9
17:11:30.167 INFO  ProgressMeter -       chr14:27731629             74.1               6606000          89134.9
17:11:40.859 INFO  ProgressMeter -       chr14:33094935             74.3               6621000          89123.0
17:11:51.224 INFO  ProgressMeter -       chr14:37549724             74.5               6637000          89131.2
17:12:01.399 INFO  ProgressMeter -       chr14:42313175             74.6               6652000          89129.6
17:12:12.091 INFO  ProgressMeter -       chr14:47660025             74.8               6667000          89117.8
17:12:22.575 INFO  ProgressMeter -       chr14:52886533             75.0               6682000          89110.2
17:12:33.136 INFO  ProgressMeter -       chr14:58066283             75.2               6697000          89101.1
17:12:43.408 INFO  ProgressMeter -       chr14:62938078             75.3               6711000          89084.4
17:12:53.877 INFO  ProgressMeter -       chr14:67816661             75.5               6726000          89077.2
17:13:04.119 INFO  ProgressMeter -       chr14:72846568             75.7               6741000          89074.5
17:13:14.283 INFO  ProgressMeter -       chr14:77511728             75.8               6755000          89060.1
17:13:24.487 INFO  ProgressMeter -       chr14:82283407             76.0               6770000          89058.2
17:13:34.746 INFO  ProgressMeter -       chr14:87144039             76.2               6785000          89055.3
17:13:45.057 INFO  ProgressMeter -       chr14:92018951             76.4               6801000          89064.4
17:13:55.662 INFO  ProgressMeter -       chr14:97106714             76.5               6818000          89080.8
17:14:05.931 INFO  ProgressMeter -       chr15:18029937             76.7               6839000          89155.8
17:14:16.090 INFO  ProgressMeter -       chr15:21699510             76.9               6854000          89154.6
17:14:26.475 INFO  ProgressMeter -       chr15:26050647             77.1               6872000          89187.9
17:14:36.758 INFO  ProgressMeter -       chr15:31001681             77.2               6889000          89210.1
17:14:47.374 INFO  ProgressMeter -       chr15:36040338             77.4               6905000          89212.9
17:14:57.875 INFO  ProgressMeter -       chr15:41446625             77.6               6920000          89205.0
17:15:08.374 INFO  ProgressMeter -       chr15:46764772             77.7               6935000          89197.1
17:15:18.929 INFO  ProgressMeter -       chr15:51626842             77.9               6950000          89188.3
17:15:29.538 INFO  ProgressMeter -       chr15:56157511             78.1               6966000          89191.2
17:15:40.075 INFO  ProgressMeter -       chr15:61158046             78.3               6981000          89182.8
17:15:50.095 INFO  ProgressMeter -       chr15:66493116             78.4               6995000          89171.3
17:16:00.655 INFO  ProgressMeter -       chr15:72333306             78.6               7010000          89162.5
17:16:10.697 INFO  ProgressMeter -       chr15:77612276             78.8               7024000          89150.8
17:16:20.716 INFO  ProgressMeter -       chr15:82700074             79.0               7038000          89139.6
17:16:30.838 INFO  ProgressMeter -       chr15:87265900             79.1               7054000          89151.8
17:16:41.221 INFO  ProgressMeter -       chr15:91925218             79.3               7071000          89171.6
17:16:51.516 INFO  ProgressMeter -       chr15:96730550             79.5               7087000          89180.4
17:17:01.773 INFO  ProgressMeter -        chr16:1340172             79.6               7106000          89227.5
17:17:12.301 INFO  ProgressMeter -        chr16:6098021             79.8               7124000          89256.9
17:17:22.613 INFO  ProgressMeter -        chr16:9227467             80.0               7142000          89290.1
17:17:33.010 INFO  ProgressMeter -       chr16:13680270             80.2               7160000          89321.7
17:17:43.504 INFO  ProgressMeter -       chr16:19044021             80.3               7177000          89338.8
17:17:53.524 INFO  ProgressMeter -       chr16:24835800             80.5               7192000          89339.8
17:18:04.319 INFO  ProgressMeter -       chr16:30923469             80.7               7209000          89351.3
17:18:15.160 INFO  ProgressMeter -       chr16:53169786             80.9               7228000          89386.6
17:18:25.657 INFO  ProgressMeter -       chr16:58622996             81.0               7243000          89378.7
17:18:35.826 INFO  ProgressMeter -       chr16:63544518             81.2               7258000          89376.9
17:18:46.074 INFO  ProgressMeter -       chr16:68767548             81.4               7273000          89373.6
17:18:56.699 INFO  ProgressMeter -       chr16:74526225             81.6               7288000          89363.5
17:19:06.834 INFO  ProgressMeter -       chr16:79590495             81.7               7302000          89350.1
17:19:16.924 INFO  ProgressMeter -       chr16:84083492             81.9               7318000          89362.0
17:19:27.017 INFO  ProgressMeter -       chr16:87515986             82.1               7336000          89398.2
17:19:37.410 INFO  ProgressMeter -       chr16:91227473             82.2               7355000          89440.9
17:19:47.496 INFO  ProgressMeter -       chr16:95310823             82.4               7375000          89501.2
17:19:57.721 INFO  ProgressMeter -        chr17:3384964             82.6               7393000          89534.4
17:20:07.937 INFO  ProgressMeter -        chr17:8199267             82.7               7410000          89555.6
17:20:18.677 INFO  ProgressMeter -       chr17:13259356             82.9               7427000          89567.3
17:20:28.892 INFO  ProgressMeter -       chr17:17939486             83.1               7443000          89576.4
17:20:39.226 INFO  ProgressMeter -       chr17:27722604             83.3               7462000          89619.3
17:20:49.516 INFO  ProgressMeter -       chr17:33335227             83.4               7478000          89626.8
17:20:59.595 INFO  ProgressMeter -       chr17:38640316             83.6               7493000          89626.2
17:21:09.821 INFO  ProgressMeter -       chr17:44222188             83.8               7508000          89622.9
17:21:19.904 INFO  ProgressMeter -       chr17:49137650             83.9               7523000          89622.2
17:21:30.570 INFO  ProgressMeter -       chr17:54921236             84.1               7538000          89611.1
17:21:41.190 INFO  ProgressMeter -       chr17:60467888             84.3               7553000          89600.9
17:21:51.556 INFO  ProgressMeter -       chr17:66066477             84.5               7567000          89583.3
17:22:02.223 INFO  ProgressMeter -       chr17:71379645             84.6               7583000          89584.2
17:22:12.297 INFO  ProgressMeter -       chr17:76320305             84.8               7599000          89595.5
17:22:22.669 INFO  ProgressMeter -       chr17:81009918             85.0               7617000          89625.1
17:22:32.916 INFO  ProgressMeter -        chr18:1790285             85.2               7635000          89656.7
17:22:43.318 INFO  ProgressMeter -        chr18:6296335             85.3               7651000          89662.0
17:22:53.538 INFO  ProgressMeter -       chr18:10779969             85.5               7667000          89670.6
17:23:04.028 INFO  ProgressMeter -       chr18:15333309             85.7               7684000          89686.0
17:23:14.524 INFO  ProgressMeter -       chr18:26204401             85.9               7699000          89678.0
17:23:24.605 INFO  ProgressMeter -       chr18:31336340             86.0               7713000          89665.6
17:23:35.019 INFO  ProgressMeter -       chr18:36398650             86.2               7727000          89647.4
17:23:45.243 INFO  ProgressMeter -       chr18:41881484             86.4               7741000          89632.7
17:23:55.506 INFO  ProgressMeter -       chr18:47283583             86.5               7755000          89617.3
17:24:05.521 INFO  ProgressMeter -       chr18:51977869             86.7               7770000          89617.7
17:24:15.766 INFO  ProgressMeter -       chr18:56935537             86.9               7784000          89602.8
17:24:25.934 INFO  ProgressMeter -       chr18:61476415             87.0               7799000          89600.6
17:24:36.242 INFO  ProgressMeter -       chr18:66228863             87.2               7814000          89596.1
17:24:46.560 INFO  ProgressMeter -       chr18:70568616             87.4               7828000          89580.0
17:24:56.679 INFO  ProgressMeter -       chr18:74869895             87.6               7843000          89578.8
17:25:07.024 INFO  ProgressMeter -       chr18:78962105             87.7               7859000          89585.1
17:25:17.274 INFO  ProgressMeter -        chr19:2681499             87.9               7877000          89615.8
17:25:27.437 INFO  ProgressMeter -        chr19:6914891             88.1               7894000          89637.3
17:25:38.131 INFO  ProgressMeter -       chr19:11567127             88.2               7911000          89648.6
17:25:48.711 INFO  ProgressMeter -       chr19:16293695             88.4               7927000          89650.9
17:25:58.867 INFO  ProgressMeter -       chr19:20613705             88.6               7941000          89638.2
17:26:09.149 INFO  ProgressMeter -       chr19:24465678             88.8               7958000          89656.5
17:26:19.629 INFO  ProgressMeter -       chr19:33874584             88.9               7974000          89659.3
17:26:29.928 INFO  ProgressMeter -       chr19:38635439             89.1               7990000          89666.1
17:26:40.632 INFO  ProgressMeter -       chr19:43869395             89.3               8005000          89654.9
17:26:51.327 INFO  ProgressMeter -       chr19:48635547             89.5               8022000          89666.3
17:27:01.490 INFO  ProgressMeter -       chr19:53349621             89.6               8038000          89675.4
17:27:11.578 INFO  ProgressMeter -       chr19:57115157             89.8               8055000          89696.8
17:27:21.737 INFO  ProgressMeter -       chr19:61189878             90.0               8073000          89728.1
17:27:32.371 INFO  ProgressMeter -        chr20:4223812             90.1               8089000          89729.1
17:27:42.745 INFO  ProgressMeter -        chr20:8441554             90.3               8104000          89723.5
17:27:53.097 INFO  ProgressMeter -       chr20:13132756             90.5               8118000          89707.1
17:28:03.563 INFO  ProgressMeter -       chr20:17530061             90.7               8132000          89688.9
17:28:13.608 INFO  ProgressMeter -       chr20:22005308             90.8               8145000          89666.7
17:28:23.733 INFO  ProgressMeter -       chr20:26307258             91.0               8160000          89665.3
17:28:34.189 INFO  ProgressMeter -       chr20:36053761             91.2               8178000          89691.3
17:28:44.287 INFO  ProgressMeter -       chr20:41328088             91.3               8191000          89668.4
17:28:54.785 INFO  ProgressMeter -       chr20:45823974             91.5               8204000          89639.0
17:29:04.957 INFO  ProgressMeter -       chr20:50241008             91.7               8218000          89627.1
17:29:15.443 INFO  ProgressMeter -       chr20:55043927             91.9               8233000          89618.7
17:29:25.913 INFO  ProgressMeter -       chr20:59303177             92.0               8249000          89622.7
17:29:35.981 INFO  ProgressMeter -       chr20:63522464             92.2               8264000          89622.2
17:29:46.462 INFO  ProgressMeter -       chr21:10010326             92.4               8285000          89680.1
17:29:57.163 INFO  ProgressMeter -       chr21:14932917             92.6               8301000          89680.2
17:30:07.566 INFO  ProgressMeter -       chr21:19147033             92.7               8316000          89674.2
17:30:17.747 INFO  ProgressMeter -       chr21:23082358             92.9               8330000          89661.1
17:30:27.750 INFO  ProgressMeter -       chr21:27210827             93.1               8344000          89651.0
17:30:38.118 INFO  ProgressMeter -       chr21:31649163             93.2               8358000          89635.0
17:30:48.719 INFO  ProgressMeter -       chr21:36417130             93.4               8372000          89615.3
17:30:58.814 INFO  ProgressMeter -       chr21:40617695             93.6               8387000          89614.5
17:31:09.173 INFO  ProgressMeter -        chr22:6476821             93.8               8403000          89620.1
17:31:19.605 INFO  ProgressMeter -       chr22:18122551             93.9               8424000          89677.8
17:31:30.202 INFO  ProgressMeter -       chr22:22679930             94.1               8441000          89690.1
17:31:40.413 INFO  ProgressMeter -       chr22:26576173             94.3               8457000          89697.9
17:31:50.444 INFO  ProgressMeter -       chr22:30835344             94.5               8470000          89676.8
17:32:01.099 INFO  ProgressMeter -       chr22:34893763             94.6               8484000          89657.8
17:32:11.177 INFO  ProgressMeter -       chr22:39295184             94.8               8498000          89646.0
17:32:21.185 INFO  ProgressMeter -       chr22:43853042             95.0               8512000          89635.3
17:32:31.805 INFO  ProgressMeter -       chr22:48232276             95.1               8529000          89647.2
17:32:41.985 INFO  ProgressMeter -          chrX:576550             95.3               8548000          89686.9
17:32:52.227 INFO  ProgressMeter -         chrX:6525181             95.5               8571000          89767.5
17:33:02.287 INFO  ProgressMeter -        chrX:15583645             95.6               8590000          89808.8
17:33:12.508 INFO  ProgressMeter -        chrX:25174234             95.8               8610000          89859.7
17:33:22.836 INFO  ProgressMeter -        chrX:33259955             96.0               8630000          89905.0
17:33:32.913 INFO  ProgressMeter -        chrX:42669998             96.2               8650000          89956.0
17:33:42.933 INFO  ProgressMeter -        chrX:53931465             96.3               8669000          89997.3
17:33:53.532 INFO  ProgressMeter -        chrX:68545227             96.5               8689000          90039.8
17:34:03.578 INFO  ProgressMeter -        chrX:78402952             96.7               8708000          90080.4
17:34:13.935 INFO  ProgressMeter -        chrX:87567723             96.8               8729000          90136.7
17:34:23.956 INFO  ProgressMeter -        chrX:95320696             97.0               8751000          90208.3
17:34:34.313 INFO  ProgressMeter -       chrX:105758144             97.2               8770000          90243.6
17:34:44.368 INFO  ProgressMeter -       chrX:115435780             97.3               8790000          90293.7
17:34:54.629 INFO  ProgressMeter -       chrX:124464029             97.5               8811000          90350.7
17:35:04.930 INFO  ProgressMeter -       chrX:136048921             97.7               8831000          90396.6
17:35:15.145 INFO  ProgressMeter -       chrX:144519776             97.9               8853000          90464.1
17:35:25.995 INFO  ProgressMeter -         chrY:4001605             98.0               8874000          90511.5
17:35:34.081 INFO  GetPileupSummaries - 0 read(s) filtered by: MappingQualityAvailableReadFilter 
5443132 read(s) filtered by: MappingQualityNotZeroReadFilter 
0 read(s) filtered by: MappedReadFilter 
285875 read(s) filtered by: PrimaryLineReadFilter 
42735728 read(s) filtered by: NotDuplicateReadFilter 
0 read(s) filtered by: PassesVendorQualityCheckReadFilter 
0 read(s) filtered by: NonZeroReferenceLengthAlignmentReadFilter 
698782 read(s) filtered by: MateOnSameContigOrNoMappedMateReadFilter 
0 read(s) filtered by: GoodCigarReadFilter 
0 read(s) filtered by: WellformedReadFilter 
49163517 total reads filtered out of 424044600 reads processed
17:35:34.082 INFO  ProgressMeter -        chrY:20042607             98.2               8879640          90444.7
17:35:34.082 INFO  ProgressMeter - Traversal complete. Processed 8879640 total loci in 98.2 minutes.
17:35:34.083 INFO  GetPileupSummaries - Shutting down engine
[July 14, 2024 at 5:35:34 PM CEST] org.broadinstitute.hellbender.tools.walkers.contamination.GetPileupSummaries done. Elapsed time: 99.57 minutes.
Runtime.totalMemory()=4311744512
Tool returned:
SUCCESS
