[E::hts_open_format] Failed to open file "sorttmp_{wildcards.sample}_{wildcards.datatype}_{wildcards.alias}.0000.bam" : File exists
samtools sort: failed to create "sorttmp_{wildcards.sample}_{wildcards.datatype}_{wildcards.alias}.0000.bam": File exists
[E::hts_open_format] Failed to open file "sorttmp_{wildcards.sample}_{wildcards.datatype}_{wildcards.alias}.0000-001.bam" : File exists
samtools sort: failed to create "sorttmp_{wildcards.sample}_{wildcards.datatype}_{wildcards.alias}.0000-001.bam": File exists
[E::hts_open_format] Failed to open file "sorttmp_{wildcards.sample}_{wildcards.datatype}_{wildcards.alias}.0001.bam" : File exists
samtools sort: failed to create "sorttmp_{wildcards.sample}_{wildcards.datatype}_{wildcards.alias}.0001.bam": File exists
[E::hts_open_format] Failed to open file "sorttmp_{wildcards.sample}_{wildcards.datatype}_{wildcards.alias}.0001-001.bam" : File exists
samtools sort: failed to create "sorttmp_{wildcards.sample}_{wildcards.datatype}_{wildcards.alias}.0001-001.bam": File exists
[E::hts_open_format] Failed to open file "sorttmp_{wildcards.sample}_{wildcards.datatype}_{wildcards.alias}.0002.bam" : File exists
samtools sort: failed to create "sorttmp_{wildcards.sample}_{wildcards.datatype}_{wildcards.alias}.0002.bam": File exists
[E::hts_open_format] Failed to open file "sorttmp_{wildcards.sample}_{wildcards.datatype}_{wildcards.alias}.0002-001.bam" : File exists
samtools sort: failed to create "sorttmp_{wildcards.sample}_{wildcards.datatype}_{wildcards.alias}.0002-001.bam": File exists
[E::hts_open_format] Failed to open file "sorttmp_{wildcards.sample}_{wildcards.datatype}_{wildcards.alias}.0003.bam" : File exists
samtools sort: failed to create "sorttmp_{wildcards.sample}_{wildcards.datatype}_{wildcards.alias}.0003.bam": File exists
[E::hts_open_format] Failed to open file "sorttmp_{wildcards.sample}_{wildcards.datatype}_{wildcards.alias}.0003-001.bam" : File exists
samtools sort: failed to create "sorttmp_{wildcards.sample}_{wildcards.datatype}_{wildcards.alias}.0003-001.bam": File exists
[E::hts_open_format] Failed to open file "sorttmp_{wildcards.sample}_{wildcards.datatype}_{wildcards.alias}.0004.bam" : File exists
samtools sort: failed to create "sorttmp_{wildcards.sample}_{wildcards.datatype}_{wildcards.alias}.0004.bam": File exists
[E::hts_open_format] Failed to open file "sorttmp_{wildcards.sample}_{wildcards.datatype}_{wildcards.alias}.0004-001.bam" : File exists
samtools sort: failed to create "sorttmp_{wildcards.sample}_{wildcards.datatype}_{wildcards.alias}.0004-001.bam": File exists
[E::hts_open_format] Failed to open file "sorttmp_{wildcards.sample}_{wildcards.datatype}_{wildcards.alias}.0005.bam" : File exists
samtools sort: failed to create "sorttmp_{wildcards.sample}_{wildcards.datatype}_{wildcards.alias}.0005.bam": File exists
[E::hts_open_format] Failed to open file "sorttmp_{wildcards.sample}_{wildcards.datatype}_{wildcards.alias}.0005-001.bam" : File exists
samtools sort: failed to create "sorttmp_{wildcards.sample}_{wildcards.datatype}_{wildcards.alias}.0005-001.bam": File exists
[E::hts_open_format] Failed to open file "sorttmp_{wildcards.sample}_{wildcards.datatype}_{wildcards.alias}.0006.bam" : File exists
samtools sort: failed to create "sorttmp_{wildcards.sample}_{wildcards.datatype}_{wildcards.alias}.0006.bam": File exists
[E::hts_open_format] Failed to open file "sorttmp_{wildcards.sample}_{wildcards.datatype}_{wildcards.alias}.0006-001.bam" : File exists
samtools sort: failed to create "sorttmp_{wildcards.sample}_{wildcards.datatype}_{wildcards.alias}.0006-001.bam": File exists
[E::hts_open_format] Failed to open file "sorttmp_{wildcards.sample}_{wildcards.datatype}_{wildcards.alias}.0007.bam" : File exists
samtools sort: failed to create "sorttmp_{wildcards.sample}_{wildcards.datatype}_{wildcards.alias}.0007.bam": File exists
[E::hts_open_format] Failed to open file "sorttmp_{wildcards.sample}_{wildcards.datatype}_{wildcards.alias}.0007-001.bam" : File exists
samtools sort: failed to create "sorttmp_{wildcards.sample}_{wildcards.datatype}_{wildcards.alias}.0007-001.bam": File exists
[E::hts_open_format] Failed to open file "sorttmp_{wildcards.sample}_{wildcards.datatype}_{wildcards.alias}.0008.bam" : File exists
samtools sort: failed to create "sorttmp_{wildcards.sample}_{wildcards.datatype}_{wildcards.alias}.0008.bam": File exists
[E::hts_open_format] Failed to open file "sorttmp_{wildcards.sample}_{wildcards.datatype}_{wildcards.alias}.0008-001.bam" : File exists
samtools sort: failed to create "sorttmp_{wildcards.sample}_{wildcards.datatype}_{wildcards.alias}.0008-001.bam": File exists
[E::hts_open_format] Failed to open file "sorttmp_{wildcards.sample}_{wildcards.datatype}_{wildcards.alias}.0009.bam" : File exists
samtools sort: failed to create "sorttmp_{wildcards.sample}_{wildcards.datatype}_{wildcards.alias}.0009.bam": File exists
[E::hts_open_format] Failed to open file "sorttmp_{wildcards.sample}_{wildcards.datatype}_{wildcards.alias}.0009-001.bam" : File exists
samtools sort: failed to create "sorttmp_{wildcards.sample}_{wildcards.datatype}_{wildcards.alias}.0009-001.bam": File exists
[E::hts_open_format] Failed to open file "sorttmp_{wildcards.sample}_{wildcards.datatype}_{wildcards.alias}.0010.bam" : File exists
samtools sort: failed to create "sorttmp_{wildcards.sample}_{wildcards.datatype}_{wildcards.alias}.0010.bam": File exists
[E::hts_open_format] Failed to open file "sorttmp_{wildcards.sample}_{wildcards.datatype}_{wildcards.alias}.0010-001.bam" : File exists
samtools sort: failed to create "sorttmp_{wildcards.sample}_{wildcards.datatype}_{wildcards.alias}.0010-001.bam": File exists
[E::hts_open_format] Failed to open file "sorttmp_{wildcards.sample}_{wildcards.datatype}_{wildcards.alias}.0011.bam" : File exists
samtools sort: failed to create "sorttmp_{wildcards.sample}_{wildcards.datatype}_{wildcards.alias}.0011.bam": File exists
[E::hts_open_format] Failed to open file "sorttmp_{wildcards.sample}_{wildcards.datatype}_{wildcards.alias}.0011-001.bam" : File exists
samtools sort: failed to create "sorttmp_{wildcards.sample}_{wildcards.datatype}_{wildcards.alias}.0011-001.bam": File exists
[E::hts_open_format] Failed to open file "sorttmp_{wildcards.sample}_{wildcards.datatype}_{wildcards.alias}.0012.bam" : File exists
samtools sort: failed to create "sorttmp_{wildcards.sample}_{wildcards.datatype}_{wildcards.alias}.0012.bam": File exists
[E::hts_open_format] Failed to open file "sorttmp_{wildcards.sample}_{wildcards.datatype}_{wildcards.alias}.0012-001.bam" : File exists
samtools sort: failed to create "sorttmp_{wildcards.sample}_{wildcards.datatype}_{wildcards.alias}.0012-001.bam": File exists
[E::hts_open_format] Failed to open file "sorttmp_{wildcards.sample}_{wildcards.datatype}_{wildcards.alias}.0013.bam" : File exists
samtools sort: failed to create "sorttmp_{wildcards.sample}_{wildcards.datatype}_{wildcards.alias}.0013.bam": File exists
[E::hts_open_format] Failed to open file "sorttmp_{wildcards.sample}_{wildcards.datatype}_{wildcards.alias}.0013-001.bam" : File exists
samtools sort: failed to create "sorttmp_{wildcards.sample}_{wildcards.datatype}_{wildcards.alias}.0013-001.bam": File exists
[E::hts_open_format] Failed to open file "sorttmp_{wildcards.sample}_{wildcards.datatype}_{wildcards.alias}.0014.bam" : File exists
samtools sort: failed to create "sorttmp_{wildcards.sample}_{wildcards.datatype}_{wildcards.alias}.0014.bam": File exists
[E::hts_open_format] Failed to open file "sorttmp_{wildcards.sample}_{wildcards.datatype}_{wildcards.alias}.0014-001.bam" : File exists
samtools sort: failed to create "sorttmp_{wildcards.sample}_{wildcards.datatype}_{wildcards.alias}.0014-001.bam": File exists
[E::hts_open_format] Failed to open file "sorttmp_{wildcards.sample}_{wildcards.datatype}_{wildcards.alias}.0015.bam" : File exists
samtools sort: failed to create "sorttmp_{wildcards.sample}_{wildcards.datatype}_{wildcards.alias}.0015.bam": File exists
[E::hts_open_format] Failed to open file "sorttmp_{wildcards.sample}_{wildcards.datatype}_{wildcards.alias}.0015-001.bam" : File exists
samtools sort: failed to create "sorttmp_{wildcards.sample}_{wildcards.datatype}_{wildcards.alias}.0015-001.bam": File exists
[E::hts_open_format] Failed to open file "sorttmp_{wildcards.sample}_{wildcards.datatype}_{wildcards.alias}.0016.bam" : File exists
samtools sort: failed to create "sorttmp_{wildcards.sample}_{wildcards.datatype}_{wildcards.alias}.0016.bam": File exists
[E::hts_open_format] Failed to open file "sorttmp_{wildcards.sample}_{wildcards.datatype}_{wildcards.alias}.0016-001.bam" : File exists
samtools sort: failed to create "sorttmp_{wildcards.sample}_{wildcards.datatype}_{wildcards.alias}.0016-001.bam": File exists
[E::hts_open_format] Failed to open file "sorttmp_{wildcards.sample}_{wildcards.datatype}_{wildcards.alias}.0017.bam" : File exists
samtools sort: failed to create "sorttmp_{wildcards.sample}_{wildcards.datatype}_{wildcards.alias}.0017.bam": File exists
[E::hts_open_format] Failed to open file "sorttmp_{wildcards.sample}_{wildcards.datatype}_{wildcards.alias}.0017-001.bam" : File exists
samtools sort: failed to create "sorttmp_{wildcards.sample}_{wildcards.datatype}_{wildcards.alias}.0017-001.bam": File exists
[E::hts_open_format] Failed to open file "sorttmp_{wildcards.sample}_{wildcards.datatype}_{wildcards.alias}.0018.bam" : File exists
samtools sort: failed to create "sorttmp_{wildcards.sample}_{wildcards.datatype}_{wildcards.alias}.0018.bam": File exists
[E::hts_open_format] Failed to open file "sorttmp_{wildcards.sample}_{wildcards.datatype}_{wildcards.alias}.0018-001.bam" : File exists
samtools sort: failed to create "sorttmp_{wildcards.sample}_{wildcards.datatype}_{wildcards.alias}.0018-001.bam": File exists
[E::hts_open_format] Failed to open file "sorttmp_{wildcards.sample}_{wildcards.datatype}_{wildcards.alias}.0019.bam" : File exists
samtools sort: failed to create "sorttmp_{wildcards.sample}_{wildcards.datatype}_{wildcards.alias}.0019.bam": File exists
[E::hts_open_format] Failed to open file "sorttmp_{wildcards.sample}_{wildcards.datatype}_{wildcards.alias}.0019-001.bam" : File exists
samtools sort: failed to create "sorttmp_{wildcards.sample}_{wildcards.datatype}_{wildcards.alias}.0019-001.bam": File exists
[E::hts_open_format] Failed to open file "sorttmp_{wildcards.sample}_{wildcards.datatype}_{wildcards.alias}.0020.bam" : File exists
samtools sort: failed to create "sorttmp_{wildcards.sample}_{wildcards.datatype}_{wildcards.alias}.0020.bam": File exists
[E::hts_open_format] Failed to open file "sorttmp_{wildcards.sample}_{wildcards.datatype}_{wildcards.alias}.0020-001.bam" : File exists
samtools sort: failed to create "sorttmp_{wildcards.sample}_{wildcards.datatype}_{wildcards.alias}.0020-001.bam": File exists
[E::hts_open_format] Failed to open file "sorttmp_{wildcards.sample}_{wildcards.datatype}_{wildcards.alias}.0021.bam" : File exists
samtools sort: failed to create "sorttmp_{wildcards.sample}_{wildcards.datatype}_{wildcards.alias}.0021.bam": File exists
[E::hts_open_format] Failed to open file "sorttmp_{wildcards.sample}_{wildcards.datatype}_{wildcards.alias}.0021-001.bam" : File exists
samtools sort: failed to create "sorttmp_{wildcards.sample}_{wildcards.datatype}_{wildcards.alias}.0021-001.bam": File exists
[E::hts_open_format] Failed to open file "sorttmp_{wildcards.sample}_{wildcards.datatype}_{wildcards.alias}.0022.bam" : File exists
samtools sort: failed to create "sorttmp_{wildcards.sample}_{wildcards.datatype}_{wildcards.alias}.0022.bam": File exists
[E::hts_open_format] Failed to open file "sorttmp_{wildcards.sample}_{wildcards.datatype}_{wildcards.alias}.0022-001.bam" : File exists
samtools sort: failed to create "sorttmp_{wildcards.sample}_{wildcards.datatype}_{wildcards.alias}.0022-001.bam": File exists
[E::hts_open_format] Failed to open file "sorttmp_{wildcards.sample}_{wildcards.datatype}_{wildcards.alias}.0023.bam" : File exists
samtools sort: failed to create "sorttmp_{wildcards.sample}_{wildcards.datatype}_{wildcards.alias}.0023.bam": File exists
[E::hts_open_format] Failed to open file "sorttmp_{wildcards.sample}_{wildcards.datatype}_{wildcards.alias}.0023-001.bam" : File exists
samtools sort: failed to create "sorttmp_{wildcards.sample}_{wildcards.datatype}_{wildcards.alias}.0023-001.bam": File exists
[E::hts_open_format] Failed to open file "sorttmp_{wildcards.sample}_{wildcards.datatype}_{wildcards.alias}.0024.bam" : File exists
samtools sort: failed to create "sorttmp_{wildcards.sample}_{wildcards.datatype}_{wildcards.alias}.0024.bam": File exists
[E::hts_open_format] Failed to open file "sorttmp_{wildcards.sample}_{wildcards.datatype}_{wildcards.alias}.0024-001.bam" : File exists
samtools sort: failed to create "sorttmp_{wildcards.sample}_{wildcards.datatype}_{wildcards.alias}.0024-001.bam": File exists
[E::hts_open_format] Failed to open file "sorttmp_{wildcards.sample}_{wildcards.datatype}_{wildcards.alias}.0025.bam" : File exists
samtools sort: failed to create "sorttmp_{wildcards.sample}_{wildcards.datatype}_{wildcards.alias}.0025.bam": File exists
[E::hts_open_format] Failed to open file "sorttmp_{wildcards.sample}_{wildcards.datatype}_{wildcards.alias}.0025-001.bam" : File exists
samtools sort: failed to create "sorttmp_{wildcards.sample}_{wildcards.datatype}_{wildcards.alias}.0025-001.bam": File exists
[E::hts_open_format] Failed to open file "sorttmp_{wildcards.sample}_{wildcards.datatype}_{wildcards.alias}.0026.bam" : File exists
samtools sort: failed to create "sorttmp_{wildcards.sample}_{wildcards.datatype}_{wildcards.alias}.0026.bam": File exists
[E::hts_open_format] Failed to open file "sorttmp_{wildcards.sample}_{wildcards.datatype}_{wildcards.alias}.0026-001.bam" : File exists
samtools sort: failed to create "sorttmp_{wildcards.sample}_{wildcards.datatype}_{wildcards.alias}.0026-001.bam": File exists
[bam_sort_core] merging from 27 files and 18 in-memory blocks...
