Read1 before filtering:
total reads: 577679428
total bases: 86651914200
Q20 bases: 84949403951(98.0352%)
Q30 bases: 81827552494(94.4325%)

Read2 before filtering:
total reads: 577679428
total bases: 86651914200
Q20 bases: 84212611585(97.1849%)
Q30 bases: 80158175540(92.5059%)

Read1 after filtering:
total reads: 573934897
total bases: 85746167737
Q20 bases: 84217825945(98.2176%)
Q30 bases: 81187001477(94.683%)

Read2 after filtering:
total reads: 573934897
total bases: 85741357126
Q20 bases: 83593561648(97.495%)
Q30 bases: 79653361477(92.8996%)

Filtering result:
reads passed filter: 1147869794
reads failed due to low quality: 7406104
reads failed due to too many N: 9170
reads failed due to too short: 73788
reads with adapter trimmed: 8936704
bases trimmed due to adapters: 662136260

Duplication rate: 17.1893%

Insert size peak (evaluated by paired-end reads): 269

JSON report: logs/fastp/P065/P065_dna_tumor.fastp.json
HTML report: logs/fastp/P065/P065_dna_tumor.fastp.html

fastp -w 12 -i /staging/leuven/stg_00096/home/rdewin/data/TALL_IF/TALL_IF/WGS/WGS_batch2/a0211/a0211_EDHG200012764-1a_HHFWFDSXY_L1_1.fq.gz -I /staging/leuven/stg_00096/home/rdewin/data/TALL_IF/TALL_IF/WGS/WGS_batch2/a0211/a0211_EDHG200012764-1a_HHFWFDSXY_L1_2.fq.gz -o results/fastp/P065/P065_dna_tumor_R1.trimmed.fq -O results/fastp/P065/P065_dna_tumor_R2.trimmed.fq -j logs/fastp/P065/P065_dna_tumor.fastp.json -h logs/fastp/P065/P065_dna_tumor.fastp.html 
fastp v0.23.4, time used: 2252 seconds
