Using GATK jar /lustre1/project/stg_00096/home/rdewin/system/miniconda/envs/WGS/share/gatk4-4.5.0.0-0/gatk-package-4.5.0.0-local.jar
Running:
    java -Dsamjdk.use_async_io_read_samtools=false -Dsamjdk.use_async_io_write_samtools=true -Dsamjdk.use_async_io_write_tribble=false -Dsamjdk.compression_level=2 -jar /lustre1/project/stg_00096/home/rdewin/system/miniconda/envs/WGS/share/gatk4-4.5.0.0-0/gatk-package-4.5.0.0-local.jar GetPileupSummaries -I results/recal/P022/P022_dna_tumor_recal.bam -L resources/whole_genome.intervals -V resources/gnomad_chr.vcf.gz -O results/mutect2/P022/P022_tumor_pileup_summaries.table
13:00:50.694 INFO  NativeLibraryLoader - Loading libgkl_compression.so from jar:file:/lustre1/project/stg_00096/home/rdewin/system/miniconda/envs/WGS/share/gatk4-4.5.0.0-0/gatk-package-4.5.0.0-local.jar!/com/intel/gkl/native/libgkl_compression.so
13:00:51.024 INFO  GetPileupSummaries - ------------------------------------------------------------
13:00:51.028 INFO  GetPileupSummaries - The Genome Analysis Toolkit (GATK) v4.5.0.0
13:00:51.028 INFO  GetPileupSummaries - For support and documentation go to https://software.broadinstitute.org/gatk/
13:00:51.032 INFO  GetPileupSummaries - Executing as vsc35407@g28l05 on Linux v4.18.0-513.24.1.el8_9.x86_64 amd64
13:00:51.032 INFO  GetPileupSummaries - Java runtime: OpenJDK 64-Bit Server VM v17.0.10-internal+0-adhoc..src
13:00:51.033 INFO  GetPileupSummaries - Start Date/Time: April 27, 2024 at 1:00:50 PM CEST
13:00:51.033 INFO  GetPileupSummaries - ------------------------------------------------------------
13:00:51.033 INFO  GetPileupSummaries - ------------------------------------------------------------
13:00:51.034 INFO  GetPileupSummaries - HTSJDK Version: 4.1.0
13:00:51.034 INFO  GetPileupSummaries - Picard Version: 3.1.1
13:00:51.034 INFO  GetPileupSummaries - Built for Spark Version: 3.5.0
13:00:51.034 INFO  GetPileupSummaries - HTSJDK Defaults.COMPRESSION_LEVEL : 2
13:00:51.035 INFO  GetPileupSummaries - HTSJDK Defaults.USE_ASYNC_IO_READ_FOR_SAMTOOLS : false
13:00:51.035 INFO  GetPileupSummaries - HTSJDK Defaults.USE_ASYNC_IO_WRITE_FOR_SAMTOOLS : true
13:00:51.035 INFO  GetPileupSummaries - HTSJDK Defaults.USE_ASYNC_IO_WRITE_FOR_TRIBBLE : false
13:00:51.035 INFO  GetPileupSummaries - Deflater: IntelDeflater
13:00:51.035 INFO  GetPileupSummaries - Inflater: IntelInflater
13:00:51.035 INFO  GetPileupSummaries - GCS max retries/reopens: 20
13:00:51.036 INFO  GetPileupSummaries - Requester pays: disabled
13:00:51.036 INFO  GetPileupSummaries - Initializing engine
13:00:51.288 INFO  FeatureManager - Using codec VCFCodec to read file file:///lustre1/project/stg_00096/home/rdewin/WGS/resources/gnomad_chr.vcf.gz
13:00:51.556 INFO  IntervalArgumentCollection - Processing 3117292070 bp from intervals
13:00:51.560 INFO  GetPileupSummaries - Done initializing engine
13:00:51.565 INFO  ProgressMeter - Starting traversal
13:00:51.566 INFO  ProgressMeter -        Current Locus  Elapsed Minutes        Loci Processed      Loci/Minute
13:01:01.579 INFO  ProgressMeter -         chr1:2099975              0.2               2001000       11998800.7
13:01:11.576 INFO  ProgressMeter -         chr1:4751066              0.3               4625000       13869452.2
13:01:21.575 INFO  ProgressMeter -         chr1:7629704              0.5               7496000       14988003.2
13:01:31.575 INFO  ProgressMeter -        chr1:10661526              0.7              10524000       15782843.4
13:01:41.577 INFO  ProgressMeter -        chr1:13654395              0.8              13461000       16149970.0
13:01:51.577 INFO  ProgressMeter -        chr1:16797801              1.0              16403000       16400266.6
13:02:01.579 INFO  ProgressMeter -        chr1:19696309              1.2              19300000       16540021.7
13:02:11.582 INFO  ProgressMeter -        chr1:22688770              1.3              22290000       16714366.1
13:02:21.584 INFO  ProgressMeter -        chr1:25817504              1.5              25346000       16894142.2
13:02:31.585 INFO  ProgressMeter -        chr1:28955003              1.7              28481000       17085524.6
13:02:41.586 INFO  ProgressMeter -        chr1:31900045              1.8              31422000       17136312.8
13:02:51.586 INFO  ProgressMeter -        chr1:34926275              2.0              34446000       17220273.5
13:03:01.586 INFO  ProgressMeter -        chr1:37977072              2.2              37495000       17302855.7
13:03:11.587 INFO  ProgressMeter -        chr1:41087647              2.3              40603000       17398675.9
13:03:21.591 INFO  ProgressMeter -        chr1:44107990              2.5              43622000       17446008.6
13:03:31.592 INFO  ProgressMeter -        chr1:47198175              2.7              46703000       17510888.9
13:03:41.592 INFO  ProgressMeter -        chr1:50288534              2.8              49791000       17570606.8
13:03:51.593 INFO  ProgressMeter -        chr1:53500329              3.0              53000000       17664017.1
13:04:01.595 INFO  ProgressMeter -        chr1:56528837              3.2              56027000       17690036.8
13:04:11.599 INFO  ProgressMeter -        chr1:59634957              3.3              59131000       17736462.2
13:04:21.599 INFO  ProgressMeter -        chr1:62911987              3.5              62406000       17827484.3
13:04:31.600 INFO  ProgressMeter -        chr1:66144767              3.7              65636000       17897961.2
13:04:41.602 INFO  ProgressMeter -        chr1:69448820              3.8              68936000       17980490.0
13:04:51.602 INFO  ProgressMeter -        chr1:72871541              4.0              72354000       18085787.1
13:05:01.602 INFO  ProgressMeter -        chr1:76213414              4.2              75691000       18163224.5
13:05:11.603 INFO  ProgressMeter -        chr1:79541610              4.3              79016000       18231867.0
13:05:21.605 INFO  ProgressMeter -        chr1:82906563              4.5              82377000       18303356.2
13:05:31.606 INFO  ProgressMeter -        chr1:86198373              4.7              85665000       18354163.7
13:05:41.606 INFO  ProgressMeter -        chr1:89442570              4.8              88905000       18391601.2
13:05:51.606 INFO  ProgressMeter -        chr1:92691298              5.0              92149000       18427343.0
13:06:01.607 INFO  ProgressMeter -        chr1:95874972              5.2              95332000       18448914.8
13:06:11.607 INFO  ProgressMeter -        chr1:99202859              5.3              98658000       18496005.2
13:06:21.608 INFO  ProgressMeter -       chr1:102487019              5.5             101938000       18531879.4
13:06:31.609 INFO  ProgressMeter -       chr1:106247389              5.7             105363000       18591119.4
13:06:41.611 INFO  ProgressMeter -       chr1:109552619              5.8             108577000       18610807.2
13:06:51.612 INFO  ProgressMeter -       chr1:112567424              6.0             111590000       18595957.2
13:07:01.613 INFO  ProgressMeter -       chr1:115751386              6.2             114770000       18608987.5
13:07:11.614 INFO  ProgressMeter -       chr1:118874910              6.3             117888000       18611592.8
13:07:21.615 INFO  ProgressMeter -       chr1:124114912              6.5             121596000       18704774.8
13:07:31.615 INFO  ProgressMeter -       chr1:129452230              6.7             125119000       18765598.1
13:07:41.615 INFO  ProgressMeter -       chr1:139748803              6.8             128867000       18856377.8
13:07:51.616 INFO  ProgressMeter -       chr1:146349900              7.0             132946000       18990070.2
13:08:01.618 INFO  ProgressMeter -       chr1:150121046              7.2             136566000       19053461.1
13:08:11.619 INFO  ProgressMeter -       chr1:153584529              7.3             139984000       19086471.6
13:08:21.618 INFO  ProgressMeter -       chr1:156871159              7.5             143267000       19100059.5
13:08:31.618 INFO  ProgressMeter -       chr1:160273910              7.7             146669000       19128576.8
13:08:41.619 INFO  ProgressMeter -       chr1:164029953              7.8             150178000       19169497.9
13:08:51.619 INFO  ProgressMeter -       chr1:167434259              8.0             153580000       19195380.5
13:09:01.622 INFO  ProgressMeter -       chr1:170953400              8.2             157095000       19233963.5
13:09:11.622 INFO  ProgressMeter -       chr1:174534619              8.3             160673000       19278639.3
13:09:21.623 INFO  ProgressMeter -       chr1:177996203              8.5             164132000       19307489.2
13:09:31.625 INFO  ProgressMeter -       chr1:181442836              8.7             167577000       19333614.1
13:09:41.626 INFO  ProgressMeter -       chr1:184963317              8.8             171095000       19367052.8
13:09:51.626 INFO  ProgressMeter -       chr1:188712594              9.0             174841000       19424619.5
13:10:01.628 INFO  ProgressMeter -       chr1:192546621              9.2             178671000       19489184.9
13:10:11.629 INFO  ProgressMeter -       chr1:196242086              9.3             182359000       19536266.5
13:10:21.631 INFO  ProgressMeter -       chr1:199957639              9.5             186072000       19584327.4
13:10:31.632 INFO  ProgressMeter -       chr1:203240811              9.7             189352000       19585909.2
13:10:41.635 INFO  ProgressMeter -       chr1:206525975              9.8             192625000       19586725.6
13:10:51.636 INFO  ProgressMeter -       chr1:209917286             10.0             196012000       19598946.1
13:11:01.636 INFO  ProgressMeter -       chr1:213363037             10.2             199453000       19616076.8
13:11:11.636 INFO  ProgressMeter -       chr1:216978584             10.3             203064000       19649136.4
13:11:21.637 INFO  ProgressMeter -       chr1:220567824             10.5             206649000       19678639.4
13:11:31.638 INFO  ProgressMeter -       chr1:224055662             10.7             210134000       19697877.3
13:11:41.641 INFO  ProgressMeter -       chr1:227439289             10.8             213516000       19706895.4
13:11:51.643 INFO  ProgressMeter -       chr1:230988541             11.0             216805000       19707246.3
13:12:01.643 INFO  ProgressMeter -       chr1:234365284             11.2             220174000       19714808.9
13:12:11.646 INFO  ProgressMeter -       chr1:237941754             11.3             223732000       19738765.6
13:12:21.646 INFO  ProgressMeter -       chr1:241571489             11.5             227357000       19767882.0
13:12:31.648 INFO  ProgressMeter -       chr1:245104122             11.7             230883000       19787653.4
13:12:41.650 INFO  ProgressMeter -          chr2:259331             11.8             234369000       19803488.0
13:12:51.651 INFO  ProgressMeter -         chr2:3501140             12.0             237592000       19796996.2
13:13:01.651 INFO  ProgressMeter -         chr2:6960387             12.2             241046000       19809693.4
13:13:11.651 INFO  ProgressMeter -        chr2:10295367             12.3             244376000       19811994.6
13:13:21.652 INFO  ProgressMeter -        chr2:13696260             12.5             247768000       19819167.4
13:13:31.654 INFO  ProgressMeter -        chr2:17161766             12.7             251221000       19830940.6
13:13:41.655 INFO  ProgressMeter -        chr2:20644475             12.8             254699000       19844407.4
13:13:51.656 INFO  ProgressMeter -        chr2:24092101             13.0             258145000       19855042.2
13:14:01.655 INFO  ProgressMeter -        chr2:27467059             13.2             261518000       19859889.2
13:14:11.656 INFO  ProgressMeter -        chr2:30863638             13.3             264913000       19866264.9
13:14:21.656 INFO  ProgressMeter -        chr2:34398209             13.5             268441000       19882333.9
13:14:31.655 INFO  ProgressMeter -        chr2:38015789             13.7             272053000       19904156.7
13:14:41.657 INFO  ProgressMeter -        chr2:41595532             13.8             275632000       19923020.5
13:14:51.657 INFO  ProgressMeter -        chr2:45023739             14.0             279056000       19930412.3
13:15:01.659 INFO  ProgressMeter -        chr2:48402780             14.2             282434000       19934336.6
13:15:11.661 INFO  ProgressMeter -        chr2:52033152             14.3             286062000       19955632.8
13:15:21.660 INFO  ProgressMeter -        chr2:55661405             14.5             289687000       19976255.4
13:15:31.661 INFO  ProgressMeter -        chr2:59261226             14.7             293278000       19994068.8
13:15:41.663 INFO  ProgressMeter -        chr2:62761227             14.8             296776000       20005190.4
13:15:51.665 INFO  ProgressMeter -        chr2:66265142             15.0             300279000       20016398.2
13:16:01.666 INFO  ProgressMeter -        chr2:69762832             15.2             303769000       20026524.6
13:16:11.668 INFO  ProgressMeter -        chr2:73152919             15.3             307158000       20029822.8
13:16:21.670 INFO  ProgressMeter -        chr2:76607438             15.5             310596000       20036211.0
13:16:31.670 INFO  ProgressMeter -        chr2:80306749             15.7             314292000       20058972.2
13:16:41.672 INFO  ProgressMeter -        chr2:84019258             15.8             317997000       20081780.3
13:16:51.674 INFO  ProgressMeter -        chr2:87667756             16.0             321510000       20092114.6
13:17:01.675 INFO  ProgressMeter -        chr2:92467813             16.2             325262000       20117038.4
13:17:11.676 INFO  ProgressMeter -        chr2:97537555             16.3             328688000       20121496.6
13:17:21.679 INFO  ProgressMeter -       chr2:101059622             16.5             332040000       20121360.0
13:17:31.679 INFO  ProgressMeter -       chr2:104512123             16.7             335485000       20126845.8
13:17:41.680 INFO  ProgressMeter -       chr2:107927371             16.8             338895000       20130104.1
13:17:51.681 INFO  ProgressMeter -       chr2:111684785             17.0             342429000       20140631.3
13:18:01.681 INFO  ProgressMeter -       chr2:115176662             17.2             345885000       20146411.0
13:18:11.680 INFO  ProgressMeter -       chr2:118783014             17.3             349486000       20160444.0
13:18:21.683 INFO  ProgressMeter -       chr2:122080242             17.5             352780000       20156630.3
13:18:31.684 INFO  ProgressMeter -       chr2:125591232             17.7             356286000       20164887.3
13:18:41.684 INFO  ProgressMeter -       chr2:128796521             17.8             359477000       20155366.0
13:18:51.684 INFO  ProgressMeter -       chr2:132084017             18.0             362628000       20143799.1
13:19:01.685 INFO  ProgressMeter -       chr2:135338788             18.2             365876000       20137783.2
13:19:11.685 INFO  ProgressMeter -       chr2:138630901             18.3             369159000       20133767.3
13:19:21.685 INFO  ProgressMeter -       chr2:142135559             18.5             372662000       20141732.6
13:19:31.688 INFO  ProgressMeter -       chr2:145554656             18.7             376077000       20144805.8
13:19:41.688 INFO  ProgressMeter -       chr2:149013058             18.8             379534000       20150090.1
13:19:51.690 INFO  ProgressMeter -       chr2:152403611             19.0             382907000       20150825.8
13:20:01.690 INFO  ProgressMeter -       chr2:155872809             19.2             386371000       20156313.6
13:20:11.690 INFO  ProgressMeter -       chr2:159298569             19.3             389790000       20159396.8
13:20:21.691 INFO  ProgressMeter -       chr2:162664452             19.5             393152000       20159504.5
13:20:31.691 INFO  ProgressMeter -       chr2:166086975             19.7             396572000       20162542.1
13:20:41.693 INFO  ProgressMeter -       chr2:169481044             19.8             399959000       20163848.1
13:20:51.694 INFO  ProgressMeter -       chr2:172837673             20.0             403305000       20163099.3
13:21:01.696 INFO  ProgressMeter -       chr2:176146305             20.2             406609000       20160263.8
13:21:11.697 INFO  ProgressMeter -       chr2:179471371             20.3             409929000       20158294.6
13:21:21.696 INFO  ProgressMeter -       chr2:182857644             20.5             413305000       20159088.9
13:21:31.697 INFO  ProgressMeter -       chr2:186386880             20.7             416832000       20167159.8
13:21:41.697 INFO  ProgressMeter -       chr2:189919402             20.8             420362000       20175261.6
13:21:51.700 INFO  ProgressMeter -       chr2:193340088             21.0             423782000       20177965.3
13:22:01.701 INFO  ProgressMeter -       chr2:196884150             21.2             427320000       20186200.7
13:22:11.701 INFO  ProgressMeter -       chr2:200293956             21.3             430725000       20188105.2
13:22:21.703 INFO  ProgressMeter -       chr2:203691009             21.5             434121000       20189545.9
13:22:31.702 INFO  ProgressMeter -       chr2:207032982             21.7             437460000       20188349.5
13:22:41.702 INFO  ProgressMeter -       chr2:210475167             21.8             440899000       20191751.1
13:22:51.704 INFO  ProgressMeter -       chr2:214156418             22.0             444576000       20205902.9
13:23:01.703 INFO  ProgressMeter -       chr2:217665101             22.2             448082000       20212143.6
13:23:11.705 INFO  ProgressMeter -       chr2:220957951             22.3             451373000       20208635.1
13:23:21.707 INFO  ProgressMeter -       chr2:224526202             22.5             454939000       20217399.5
13:23:31.709 INFO  ProgressMeter -       chr2:228112724             22.7             458522000       20226785.0
13:23:41.710 INFO  ProgressMeter -       chr2:231626371             22.8             462028000       20232676.3
13:23:51.713 INFO  ProgressMeter -       chr2:234926129             23.0             465322000       20229251.1
13:24:01.715 INFO  ProgressMeter -       chr2:238169368             23.2             468562000       20223544.5
13:24:11.715 INFO  ProgressMeter -       chr2:241309405             23.3             471684000       20212877.3
13:24:21.715 INFO  ProgressMeter -         chr3:2109438             23.5             475161000       20217480.6
13:24:31.715 INFO  ProgressMeter -         chr3:5630324             23.7             478679000       20223751.2
13:24:41.716 INFO  ProgressMeter -         chr3:9108989             23.8             482155000       20228157.9
13:24:51.718 INFO  ProgressMeter -        chr3:12297054             24.0             485342000       20220463.0
13:25:01.717 INFO  ProgressMeter -        chr3:15450601             24.2             488494000       20211440.1
13:25:11.720 INFO  ProgressMeter -        chr3:18899945             24.3             491938000       20214511.8
13:25:21.721 INFO  ProgressMeter -        chr3:22510477             24.5             495545000       20224207.8
13:25:31.721 INFO  ProgressMeter -        chr3:26065001             24.7             499099000       20231624.4
13:25:41.723 INFO  ProgressMeter -        chr3:29641813             24.8             502669000       20239572.1
13:25:51.724 INFO  ProgressMeter -        chr3:33141778             25.0             506164000       20244427.6
13:26:01.726 INFO  ProgressMeter -        chr3:36691473             25.2             509710000       20251245.1
13:26:11.727 INFO  ProgressMeter -        chr3:40025351             25.3             513037000       20249315.7
13:26:21.727 INFO  ProgressMeter -        chr3:43448730             25.5             516455000       20251006.3
13:26:31.730 INFO  ProgressMeter -        chr3:46780065             25.7             519785000       20249220.4
13:26:41.731 INFO  ProgressMeter -        chr3:50155719             25.8             523158000       20249121.9
13:26:51.733 INFO  ProgressMeter -        chr3:53366381             26.0             526366000       20242692.1
13:27:01.733 INFO  ProgressMeter -        chr3:56732476             26.2             529727000       20242190.8
13:27:11.735 INFO  ProgressMeter -        chr3:60195394             26.3             533187000       20245467.7
13:27:21.733 INFO  ProgressMeter -        chr3:63727885             26.5             536716000       20251306.9
13:27:31.734 INFO  ProgressMeter -        chr3:67233451             26.7             540219000       20256085.6
13:27:41.736 INFO  ProgressMeter -        chr3:70752996             26.8             543736000       20261326.6
13:27:51.735 INFO  ProgressMeter -        chr3:74202117             27.0             547180000       20263812.0
13:28:01.738 INFO  ProgressMeter -        chr3:77833786             27.2             550808000       20273014.3
13:28:11.737 INFO  ProgressMeter -        chr3:81570285             27.3             554542000       20286006.8
13:28:21.737 INFO  ProgressMeter -        chr3:85383326             27.5             558350000       20301532.4
13:28:31.738 INFO  ProgressMeter -        chr3:89129459             27.7             562088000       20314328.9
13:28:41.738 INFO  ProgressMeter -        chr3:96493600             27.8             565650000       20320661.6
13:28:51.739 INFO  ProgressMeter -       chr3:100245853             28.0             569395000       20333441.9
13:29:01.742 INFO  ProgressMeter -       chr3:103809326             28.2             572953000       20339420.5
13:29:11.742 INFO  ProgressMeter -       chr3:107517411             28.3             576651000       20350293.4
13:29:21.742 INFO  ProgressMeter -       chr3:111123440             28.5             580252000       20357624.0
13:29:31.744 INFO  ProgressMeter -       chr3:114716501             28.7             583839000       20364369.3
13:29:41.746 INFO  ProgressMeter -       chr3:118243587             28.8             587365000       20368932.9
13:29:51.747 INFO  ProgressMeter -       chr3:121829929             29.0             590948000       20375397.7
13:30:01.749 INFO  ProgressMeter -       chr3:125379562             29.2             594495000       20380566.1
13:30:11.750 INFO  ProgressMeter -       chr3:128718904             29.3             597828000       20378381.1
13:30:21.750 INFO  ProgressMeter -       chr3:131881919             29.5             600987000       20370334.6
13:30:31.749 INFO  ProgressMeter -       chr3:135296809             29.7             604397000       20370838.3
13:30:41.749 INFO  ProgressMeter -       chr3:138661010             29.8             607760000       20369761.1
13:30:51.751 INFO  ProgressMeter -       chr3:142178371             30.0             611268000       20373506.1
13:31:01.754 INFO  ProgressMeter -       chr3:145618880             30.2             614706000       20374889.4
13:31:11.753 INFO  ProgressMeter -       chr3:149257858             30.3             618339000       20382707.9
13:31:21.753 INFO  ProgressMeter -       chr3:152940603             30.5             622013000       20391785.1
13:31:31.753 INFO  ProgressMeter -       chr3:156570995             30.7             625637000       20399133.3
13:31:41.753 INFO  ProgressMeter -       chr3:160145650             30.8             629210000       20404748.3
13:31:51.756 INFO  ProgressMeter -       chr3:163736897             31.0             632797000       20410732.5
13:32:01.756 INFO  ProgressMeter -       chr3:167587398             31.2             636612000       20423989.2
13:32:11.755 INFO  ProgressMeter -       chr3:171339967             31.3             640362000       20435030.7
13:32:21.755 INFO  ProgressMeter -       chr3:174958733             31.5             643977000       20441670.1
13:32:31.755 INFO  ProgressMeter -       chr3:178649954             31.7             647666000       20450576.2
13:32:41.756 INFO  ProgressMeter -       chr3:182299299             31.8             651308000       20457902.1
13:32:51.759 INFO  ProgressMeter -       chr3:185908172             32.0             654913000       20463974.2
13:33:01.763 INFO  ProgressMeter -       chr3:189324743             32.2             658322000       20463890.7
13:33:11.763 INFO  ProgressMeter -       chr3:192782307             32.3             661774000       20465169.5
13:33:21.763 INFO  ProgressMeter -       chr3:196414388             32.5             665394000       20471603.9
13:33:31.764 INFO  ProgressMeter -       chr3:199641564             32.7             668599000       20465248.9
13:33:41.766 INFO  ProgressMeter -         chr4:2948732             32.8             672882000       20491798.0
13:33:51.765 INFO  ProgressMeter -         chr4:7680985             33.0             677606000       20531451.6
13:34:01.767 INFO  ProgressMeter -        chr4:12902102             33.2             682586000       20578403.9
13:34:11.768 INFO  ProgressMeter -        chr4:18072969             33.3             687746000       20630306.7
13:34:21.768 INFO  ProgressMeter -        chr4:23441446             33.5             693101000       20687513.3
13:34:31.767 INFO  ProgressMeter -        chr4:28709422             33.7             698363000       20741391.6
13:34:41.767 INFO  ProgressMeter -        chr4:34233200             33.8             703876000       20802157.0
13:34:51.770 INFO  ProgressMeter -        chr4:37949481             34.0             707584000       20809223.4
13:35:01.769 INFO  ProgressMeter -        chr4:41440826             34.2             711074000       20809861.3
13:35:11.770 INFO  ProgressMeter -        chr4:45032219             34.3             714659000       20813259.7
13:35:21.770 INFO  ProgressMeter -        chr4:48672137             34.5             718296000       20818132.3
13:35:31.771 INFO  ProgressMeter -        chr4:56573129             34.7             721668000       20815294.6
13:35:41.771 INFO  ProgressMeter -        chr4:60092743             34.8             725185000       20816666.3
13:35:51.772 INFO  ProgressMeter -        chr4:63745074             35.0             728827000       20821596.0
13:36:01.771 INFO  ProgressMeter -        chr4:67475978             35.2             732551000       20828810.5
13:36:11.774 INFO  ProgressMeter -        chr4:71174001             35.3             736241000       20834975.1
13:36:21.774 INFO  ProgressMeter -        chr4:74700582             35.5             739760000       20836275.1
13:36:31.776 INFO  ProgressMeter -        chr4:78288087             35.7             743338000       20839207.4
13:36:41.779 INFO  ProgressMeter -        chr4:81772468             35.8             746820000       20839433.5
13:36:51.781 INFO  ProgressMeter -        chr4:85343745             36.0             750385000       20841962.9
13:37:01.781 INFO  ProgressMeter -        chr4:88881995             36.2             753920000       20843649.1
13:37:11.781 INFO  ProgressMeter -        chr4:92475728             36.3             757501000       20846595.4
13:37:21.782 INFO  ProgressMeter -        chr4:96164240             36.5             761186000       20852363.8
13:37:31.783 INFO  ProgressMeter -        chr4:99812712             36.7             764831000       20856970.0
13:37:41.785 INFO  ProgressMeter -       chr4:103364877             36.8             768381000       20858955.6
13:37:51.786 INFO  ProgressMeter -       chr4:106996108             37.0             772008000       20863013.6
13:38:01.787 INFO  ProgressMeter -       chr4:110630160             37.2             775640000       20867169.7
13:38:11.787 INFO  ProgressMeter -       chr4:114106370             37.3             779112000       20867012.7
13:38:21.788 INFO  ProgressMeter -       chr4:117758364             37.5             782755000       20871407.4
13:38:31.788 INFO  ProgressMeter -       chr4:121508984             37.7             786499000       20878453.5
13:38:41.788 INFO  ProgressMeter -       chr4:125105177             37.8             790091000       20881420.4
13:38:51.788 INFO  ProgressMeter -       chr4:128667710             38.0             793652000       20883545.5
13:39:01.788 INFO  ProgressMeter -       chr4:132307898             38.2             797290000       20887669.4
13:39:11.789 INFO  ProgressMeter -       chr4:136043006             38.3             800982000       20893166.0
13:39:21.788 INFO  ProgressMeter -       chr4:139826586             38.5             804757000       20900770.6
13:39:31.790 INFO  ProgressMeter -       chr4:143410462             38.7             808339000       20903309.7
13:39:41.790 INFO  ProgressMeter -       chr4:146956386             38.8             811884000       20904874.4
13:39:51.792 INFO  ProgressMeter -       chr4:150515414             39.0             815438000       20906656.4
13:40:01.791 INFO  ProgressMeter -       chr4:154083625             39.2             818997000       20908559.8
13:40:11.792 INFO  ProgressMeter -       chr4:157505495             39.3             822417000       20906913.5
13:40:21.791 INFO  ProgressMeter -       chr4:161105499             39.5             826014000       20909761.7
13:40:31.791 INFO  ProgressMeter -       chr4:164756927             39.7             829660000       20913821.2
13:40:41.791 INFO  ProgressMeter -       chr4:168460786             39.8             833361000       20919227.3
13:40:51.792 INFO  ProgressMeter -       chr4:172138126             40.0             837019000       20923504.7
13:41:01.793 INFO  ProgressMeter -       chr4:175762042             40.2             840640000       20926834.2
13:41:11.793 INFO  ProgressMeter -       chr4:179374078             40.3             844247000       20929780.6
13:41:21.794 INFO  ProgressMeter -       chr4:183025072             40.5             847892000       20933640.8
13:41:31.796 INFO  ProgressMeter -       chr4:186618504             40.7             851478000       20936010.1
13:41:41.798 INFO  ProgressMeter -       chr4:190048432             40.8             854901000       20934368.7
13:41:51.799 INFO  ProgressMeter -          chr5:117108             41.0             858417000       20935017.1
13:42:01.801 INFO  ProgressMeter -         chr5:3028599             41.2             861315000       20920641.2
13:42:11.802 INFO  ProgressMeter -         chr5:6353235             41.3             864628000       20916437.4
13:42:21.802 INFO  ProgressMeter -         chr5:9800490             41.5             868070000       20915375.5
13:42:31.801 INFO  ProgressMeter -        chr5:13313879             41.7             871577000       20915881.9
13:42:41.801 INFO  ProgressMeter -        chr5:16728853             41.8             874986000       20914041.9
13:42:51.801 INFO  ProgressMeter -        chr5:20468954             42.0             878603000       20917168.4
13:43:01.803 INFO  ProgressMeter -        chr5:24296969             42.2             882312000       20922443.6
13:43:11.804 INFO  ProgressMeter -        chr5:28042160             42.3             886052000       20928401.2
13:43:21.805 INFO  ProgressMeter -        chr5:31710674             42.5             889717000       20932563.9
13:43:31.806 INFO  ProgressMeter -        chr5:35277887             42.7             893162000       20931522.0
13:43:41.807 INFO  ProgressMeter -        chr5:38697357             42.8             896580000       20929866.1
13:43:51.809 INFO  ProgressMeter -        chr5:42229676             43.0             900102000       20930633.3
13:44:01.810 INFO  ProgressMeter -        chr5:45777572             43.2             903645000       20931889.0
13:44:11.812 INFO  ProgressMeter -        chr5:51928612             43.3             907434000       20938803.5
13:44:21.814 INFO  ProgressMeter -        chr5:55464239             43.5             910964000       20939719.5
13:44:31.813 INFO  ProgressMeter -        chr5:58948321             43.7             914446000       20939537.4
13:44:41.813 INFO  ProgressMeter -        chr5:62527348             43.8             918015000       20941341.3
13:44:51.815 INFO  ProgressMeter -        chr5:66085468             44.0             921567000       20942729.3
13:45:01.817 INFO  ProgressMeter -        chr5:69594590             44.2             925073000       20943065.4
13:45:11.818 INFO  ProgressMeter -        chr5:73969693             44.3             928650000       20945008.2
13:45:21.819 INFO  ProgressMeter -        chr5:77405361             44.5             932084000       20943723.3
13:45:31.820 INFO  ProgressMeter -        chr5:80899653             44.7             935574000       20943701.6
13:45:41.821 INFO  ProgressMeter -        chr5:84409213             44.8             939080000       20944036.9
13:45:51.823 INFO  ProgressMeter -        chr5:88140526             45.0             942803000       20949191.5
13:46:01.823 INFO  ProgressMeter -        chr5:91786180             45.2             946446000       20952537.0
13:46:11.824 INFO  ProgressMeter -        chr5:95411995             45.3             950067000       20955372.6
13:46:21.825 INFO  ProgressMeter -        chr5:98917766             45.5             953567000       20955528.4
13:46:31.825 INFO  ProgressMeter -       chr5:102628514             45.7             957268000       20960091.7
13:46:41.826 INFO  ProgressMeter -       chr5:106338414             45.8             960974000       20964723.3
13:46:51.826 INFO  ProgressMeter -       chr5:109990709             46.0             964620000       20968024.8
13:47:01.828 INFO  ProgressMeter -       chr5:113522418             46.2             968147000       20968709.8
13:47:11.829 INFO  ProgressMeter -       chr5:117067082             46.3             971690000       20969742.8
13:47:21.831 INFO  ProgressMeter -       chr5:120631857             46.5             975250000       20971126.4
13:47:31.834 INFO  ProgressMeter -       chr5:124249236             46.7             978866000       20973692.5
13:47:41.835 INFO  ProgressMeter -       chr5:127771080             46.8             982381000       20974098.9
13:47:51.838 INFO  ProgressMeter -       chr5:131352215             47.0             985960000       20975849.1
13:48:01.838 INFO  ProgressMeter -       chr5:134694096             47.2             989297000       20972479.0
13:48:11.840 INFO  ProgressMeter -       chr5:137984277             47.3             992584000       20968068.9
13:48:21.840 INFO  ProgressMeter -       chr5:141389315             47.5             995983000       20966054.8
13:48:31.839 INFO  ProgressMeter -       chr5:144779717             47.7             999369000       20963782.1
13:48:41.840 INFO  ProgressMeter -       chr5:148296024             47.8            1002876000       20964047.3
13:48:51.842 INFO  ProgressMeter -       chr5:151657153             48.0            1006232000       20961157.9
13:49:01.843 INFO  ProgressMeter -       chr5:155048346             48.2            1009618000       20958918.5
13:49:11.843 INFO  ProgressMeter -       chr5:158475661             48.3            1013040000       20957446.5
13:49:21.843 INFO  ProgressMeter -       chr5:161915752             48.5            1016472000       20956190.8
13:49:31.845 INFO  ProgressMeter -       chr5:165588045             48.7            1020139000       20959764.8
13:49:41.846 INFO  ProgressMeter -       chr5:169126646             48.8            1023673000       20960584.0
13:49:51.847 INFO  ProgressMeter -       chr5:172376426             49.0            1026921000       20955568.5
13:50:01.849 INFO  ProgressMeter -       chr5:175663209             49.2            1030202000       20951251.1
13:50:11.851 INFO  ProgressMeter -       chr5:178983225             49.3            1033484000       20946983.1
13:50:21.853 INFO  ProgressMeter -          chr6:349711             49.5            1036818000       20943801.4
13:50:31.855 INFO  ProgressMeter -         chr6:3651292             49.7            1040111000       20939808.5
13:50:41.856 INFO  ProgressMeter -         chr6:7005863             49.8            1043463000       20937033.2
13:50:51.855 INFO  ProgressMeter -        chr6:10523768             50.0            1046977000       20937523.0
13:51:01.858 INFO  ProgressMeter -        chr6:13964437             50.2            1050416000       20936500.8
13:51:11.858 INFO  ProgressMeter -        chr6:17368723             50.3            1053818000       20934757.3
13:51:21.860 INFO  ProgressMeter -        chr6:20919861             50.5            1057356000       20935711.2
13:51:31.862 INFO  ProgressMeter -        chr6:24468467             50.7            1060898000       20936737.7
13:51:41.864 INFO  ProgressMeter -        chr6:28242143             50.8            1064549000       20939901.6
13:51:51.865 INFO  ProgressMeter -        chr6:31629593             51.0            1067927000       20937699.2
13:52:01.866 INFO  ProgressMeter -        chr6:34929210             51.2            1071167000       20932814.4
13:52:11.868 INFO  ProgressMeter -        chr6:38255856             51.3            1074490000       20929578.0
13:52:21.868 INFO  ProgressMeter -        chr6:41487597             51.5            1077720000       20924563.7
13:52:31.867 INFO  ProgressMeter -        chr6:44753144             51.7            1080982000       20920201.0
13:52:41.869 INFO  ProgressMeter -        chr6:48270804             51.8            1084498000       20920759.5
13:52:51.870 INFO  ProgressMeter -        chr6:51891749             52.0            1088112000       20923198.8
13:53:01.871 INFO  ProgressMeter -        chr6:55385216             52.2            1091602000       20923245.8
13:53:11.876 INFO  ProgressMeter -        chr6:60885181             52.3            1094715000       20916062.7
13:53:21.877 INFO  ProgressMeter -        chr6:64656455             52.5            1098320000       20918315.7
13:53:31.880 INFO  ProgressMeter -        chr6:68403742             52.7            1102063000       20923174.4
13:53:41.880 INFO  ProgressMeter -        chr6:72109188             52.8            1105758000       20927100.6
13:53:51.881 INFO  ProgressMeter -        chr6:75741687             53.0            1109385000       20929725.8
13:54:01.880 INFO  ProgressMeter -        chr6:79385467             53.2            1113026000       20932597.9
13:54:11.882 INFO  ProgressMeter -        chr6:83041680             53.3            1116680000       20935682.6
13:54:21.884 INFO  ProgressMeter -        chr6:86606368             53.5            1120239000       20936972.6
13:54:31.885 INFO  ProgressMeter -        chr6:90148986             53.7            1123781000       20937944.3
13:54:41.886 INFO  ProgressMeter -        chr6:93682987             53.8            1127313000       20938724.3
13:54:51.887 INFO  ProgressMeter -        chr6:97422244             54.0            1131044000       20943190.8
13:55:01.888 INFO  ProgressMeter -       chr6:101033399             54.2            1134654000       20945389.7
13:55:11.887 INFO  ProgressMeter -       chr6:104787203             54.3            1138403000       20950139.6
13:55:21.888 INFO  ProgressMeter -       chr6:108355777             54.5            1141965000       20951423.1
13:55:31.889 INFO  ProgressMeter -       chr6:111779200             54.7            1145386000       20950119.9
13:55:41.889 INFO  ProgressMeter -       chr6:115327048             54.8            1148926000       20951000.9
13:55:51.889 INFO  ProgressMeter -       chr6:118940637             55.0            1152538000       20953185.5
13:56:01.892 INFO  ProgressMeter -       chr6:122536579             55.2            1156132000       20955018.0
13:56:11.893 INFO  ProgressMeter -       chr6:126191585             55.3            1159784000       20957893.9
13:56:21.893 INFO  ProgressMeter -       chr6:129755552             55.5            1163346000       20959137.3
13:56:31.894 INFO  ProgressMeter -       chr6:133323651             55.7            1166908000       20960360.8
13:56:41.895 INFO  ProgressMeter -       chr6:136860773             55.8            1170443000       20961099.6
13:56:51.897 INFO  ProgressMeter -       chr6:140312292             56.0            1173893000       20960310.2
13:57:01.898 INFO  ProgressMeter -       chr6:143944251             56.2            1177519000       20962664.8
13:57:11.900 INFO  ProgressMeter -       chr6:147493678             56.3            1181066000       20963597.1
13:57:21.902 INFO  ProgressMeter -       chr6:151031564             56.5            1184597000       20964240.7
13:57:31.903 INFO  ProgressMeter -       chr6:154525953             56.7            1188089000       20964198.5
13:57:41.903 INFO  ProgressMeter -       chr6:158071026             56.8            1191629000       20965007.3
13:57:51.904 INFO  ProgressMeter -       chr6:161436035             57.0            1194987000       20962618.6
13:58:01.905 INFO  ProgressMeter -       chr6:165013157             57.2            1198427000       20961665.9
13:58:11.907 INFO  ProgressMeter -       chr6:168420686             57.3            1201811000       20959742.1
13:58:21.909 INFO  ProgressMeter -       chr6:171680993             57.5            1205058000       20955447.0
13:58:31.911 INFO  ProgressMeter -         chr7:2757399             57.7            1208173000       20948894.1
13:58:41.911 INFO  ProgressMeter -         chr7:6044310             57.8            1211446000       20945116.7
13:58:51.912 INFO  ProgressMeter -         chr7:9537721             58.0            1214910000       20944647.7
13:59:01.913 INFO  ProgressMeter -        chr7:13211795             58.2            1218576000       20947647.9
13:59:11.915 INFO  ProgressMeter -        chr7:16904950             58.3            1222263000       20950996.9
13:59:21.915 INFO  ProgressMeter -        chr7:20541731             58.5            1225896000       20953403.8
13:59:31.917 INFO  ProgressMeter -        chr7:24081682             58.7            1229435000       20954194.9
13:59:41.918 INFO  ProgressMeter -        chr7:27544702             58.8            1232895000       20953633.0
13:59:51.920 INFO  ProgressMeter -        chr7:30962970             59.0            1236309000       20952294.6
14:00:01.923 INFO  ProgressMeter -        chr7:34410506             59.2            1239752000       20951453.9
14:00:11.923 INFO  ProgressMeter -        chr7:37774740             59.3            1243114000       20949264.6
14:00:21.924 INFO  ProgressMeter -        chr7:41389048             59.5            1246677000       20950453.7
14:00:31.927 INFO  ProgressMeter -        chr7:44744135             59.7            1250031000       20948133.7
14:00:41.928 INFO  ProgressMeter -        chr7:48075648             59.8            1253360000       20945414.7
14:00:51.927 INFO  ProgressMeter -        chr7:51467809             60.0            1256745000       20943649.8
14:01:01.927 INFO  ProgressMeter -        chr7:55040963             60.2            1260291000       20944570.4
14:01:11.929 INFO  ProgressMeter -        chr7:58903096             60.3            1263885000       20946269.8
14:01:21.930 INFO  ProgressMeter -        chr7:65500964             60.5            1267606000       20950064.5
14:01:31.932 INFO  ProgressMeter -        chr7:69085313             60.7            1271107000       20950206.7
14:01:41.933 INFO  ProgressMeter -        chr7:72570132             60.8            1274585000       20949975.7
14:01:51.933 INFO  ProgressMeter -        chr7:76180499             61.0            1278005000       20948801.0
14:02:01.933 INFO  ProgressMeter -        chr7:79955506             61.2            1281508000       20948989.6
14:02:11.933 INFO  ProgressMeter -        chr7:83659804             61.3            1285209000       20952405.0
14:02:21.935 INFO  ProgressMeter -        chr7:87388309             61.5            1288934000       20956180.8
14:02:31.936 INFO  ProgressMeter -        chr7:91020861             61.7            1292565000       20958417.7
14:02:41.937 INFO  ProgressMeter -        chr7:94601650             61.8            1296143000       20959785.4
14:02:51.937 INFO  ProgressMeter -        chr7:98182123             62.0            1299722000       20961167.6
14:03:01.939 INFO  ProgressMeter -       chr7:101567460             62.2            1303103000       20959352.0
14:03:11.940 INFO  ProgressMeter -       chr7:105006430             62.3            1306416000       20956449.8
14:03:21.941 INFO  ProgressMeter -       chr7:108509862             62.5            1309915000       20956544.3
14:03:31.943 INFO  ProgressMeter -       chr7:112147749             62.7            1313545000       20958723.0
14:03:41.944 INFO  ProgressMeter -       chr7:115792207             62.8            1317178000       20960943.4
14:03:51.946 INFO  ProgressMeter -       chr7:119420328             63.0            1320804000       20963041.0
14:04:01.945 INFO  ProgressMeter -       chr7:123127186             63.2            1324508000       20966367.7
14:04:11.947 INFO  ProgressMeter -       chr7:126776328             63.3            1328153000       20968740.0
14:04:21.947 INFO  ProgressMeter -       chr7:130246097             63.5            1331622000       20968328.4
14:04:31.948 INFO  ProgressMeter -       chr7:133668347             63.7            1335038000       20967086.5
14:04:41.948 INFO  ProgressMeter -       chr7:137088306             63.8            1338456000       20965888.0
14:04:51.949 INFO  ProgressMeter -       chr7:140628008             64.0            1341991000       20966518.2
14:05:01.951 INFO  ProgressMeter -       chr7:144229950             64.2            1345576000       20967918.8
14:05:11.951 INFO  ProgressMeter -       chr7:147919259             64.3            1349136000       20968934.4
14:05:21.953 INFO  ProgressMeter -       chr7:151330327             64.5            1352539000       20967500.1
14:05:31.955 INFO  ProgressMeter -       chr7:154674732             64.7            1355880000       20965114.6
14:05:41.957 INFO  ProgressMeter -       chr7:157910997             64.8            1359109000       20961013.9
14:05:51.958 INFO  ProgressMeter -          chr8:597693             65.0            1362346000       20957062.8
14:06:01.960 INFO  ProgressMeter -         chr8:3994844             65.2            1365671000       20954482.1
14:06:11.961 INFO  ProgressMeter -         chr8:7836828             65.3            1369201000       20955046.6
14:06:21.963 INFO  ProgressMeter -        chr8:11138452             65.5            1372500000       20952081.9
14:06:31.964 INFO  ProgressMeter -        chr8:15671797             65.7            1376322000       20957101.3
14:06:41.966 INFO  ProgressMeter -        chr8:19261074             65.8            1379908000       20958505.5
14:06:51.968 INFO  ProgressMeter -        chr8:22559881             66.0            1383201000       20955463.6
14:07:01.968 INFO  ProgressMeter -        chr8:25971874             66.2            1386607000       20954155.3
14:07:11.970 INFO  ProgressMeter -        chr8:29370325             66.3            1390002000       20952677.2
14:07:21.971 INFO  ProgressMeter -        chr8:32887832             66.5            1393517000       20953016.0
14:07:31.971 INFO  ProgressMeter -        chr8:36448951             66.7            1397069000       20953913.4
14:07:41.973 INFO  ProgressMeter -        chr8:39962840             66.8            1400578000       20954152.5
14:07:51.975 INFO  ProgressMeter -        chr8:43403164             67.0            1404017000       20953345.8
14:08:01.976 INFO  ProgressMeter -        chr8:48276522             67.2            1407354000       20951029.8
14:08:11.976 INFO  ProgressMeter -        chr8:51793902             67.3            1410870000       20951388.6
14:08:21.977 INFO  ProgressMeter -        chr8:55295658             67.5            1414369000       20951488.6
14:08:31.978 INFO  ProgressMeter -        chr8:58817673             67.7            1417850000       20951322.2
14:08:41.979 INFO  ProgressMeter -        chr8:62332804             67.8            1421361000       20951598.8
14:08:51.982 INFO  ProgressMeter -        chr8:65870123             68.0            1424895000       20952207.1
14:09:01.983 INFO  ProgressMeter -        chr8:69392420             68.2            1428415000       20952607.0
14:09:11.984 INFO  ProgressMeter -        chr8:72968411             68.3            1431988000       20953785.7
14:09:21.986 INFO  ProgressMeter -        chr8:76526988             68.5            1435540000       20954647.0
14:09:31.989 INFO  ProgressMeter -        chr8:80214150             68.7            1439221000       20957377.4
14:09:41.991 INFO  ProgressMeter -        chr8:83798535             68.8            1442803000       20958661.6
14:09:51.992 INFO  ProgressMeter -        chr8:88058778             69.0            1446367000       20959683.9
14:10:01.994 INFO  ProgressMeter -        chr8:91588961             69.2            1449893000       20960146.8
14:10:11.996 INFO  ProgressMeter -        chr8:94853948             69.3            1453153000       20956776.3
14:10:21.995 INFO  ProgressMeter -        chr8:97986228             69.5            1456284000       20951571.2
14:10:31.995 INFO  ProgressMeter -       chr8:101221258             69.7            1459517000       20947854.9
14:10:41.997 INFO  ProgressMeter -       chr8:104368296             69.8            1462663000       20942900.6
14:10:51.997 INFO  ProgressMeter -       chr8:107627804             70.0            1465918000       20939536.9
14:11:02.000 INFO  ProgressMeter -       chr8:110926506             70.2            1469215000       20936772.8
14:11:12.001 INFO  ProgressMeter -       chr8:114372567             70.3            1472659000       20936126.5
14:11:22.000 INFO  ProgressMeter -       chr8:117745603             70.5            1476028000       20934419.5
14:11:32.002 INFO  ProgressMeter -       chr8:120958904             70.7            1479239000       20930475.1
14:11:42.004 INFO  ProgressMeter -       chr8:124163478             70.8            1482438000       20926379.8
14:11:52.004 INFO  ProgressMeter -       chr8:127280491             71.0            1485552000       20921116.6
14:12:02.006 INFO  ProgressMeter -       chr8:130548758             71.2            1488819000       20918017.8
14:12:12.007 INFO  ProgressMeter -       chr8:133905622             71.3            1492173000       20916157.9
14:12:22.008 INFO  ProgressMeter -       chr8:137168192             71.5            1495434000       20913011.0
14:12:32.009 INFO  ProgressMeter -       chr8:140605036             71.7            1498866000       20912254.9
14:12:42.010 INFO  ProgressMeter -       chr8:143677828             71.8            1501935000       20906454.2
14:12:52.012 INFO  ProgressMeter -          chr9:579585             72.0            1505060000       20901453.2
14:13:02.014 INFO  ProgressMeter -         chr9:4050749             72.2            1508526000       20901200.1
14:13:12.016 INFO  ProgressMeter -         chr9:7581932             72.3            1512054000       20901805.1
14:13:22.018 INFO  ProgressMeter -        chr9:11231082             72.5            1515690000       20903896.9
14:13:32.018 INFO  ProgressMeter -        chr9:14869869             72.7            1519327000       20906002.4
14:13:42.018 INFO  ProgressMeter -        chr9:18361545             72.8            1522817000       20906080.2
14:13:52.021 INFO  ProgressMeter -        chr9:21838127             73.0            1526293000       20905951.6
14:14:02.022 INFO  ProgressMeter -        chr9:25523342             73.2            1529975000       20908648.2
14:14:12.023 INFO  ProgressMeter -        chr9:29080795             73.3            1533529000       20909587.3
14:14:22.025 INFO  ProgressMeter -        chr9:32736054             73.5            1537177000       20911796.3
14:14:32.027 INFO  ProgressMeter -        chr9:36094605             73.7            1540531000       20910004.6
14:14:42.027 INFO  ProgressMeter -        chr9:39544730             73.8            1543948000       20909083.7
14:14:52.029 INFO  ProgressMeter -        chr9:44795593             74.0            1548285000       20920588.7
14:15:02.030 INFO  ProgressMeter -        chr9:57248645             74.2            1552898000       20935767.6
14:15:12.032 INFO  ProgressMeter -        chr9:73070787             74.3            1557884000       20955891.2
14:15:22.034 INFO  ProgressMeter -        chr9:77622878             74.5            1561758000       20961000.1
14:15:32.036 INFO  ProgressMeter -        chr9:81923888             74.7            1565384000       20962769.7
14:15:42.036 INFO  ProgressMeter -        chr9:85504155             74.8            1568962000       20963890.2
14:15:52.039 INFO  ProgressMeter -        chr9:89044665             75.0            1572499000       20964454.4
14:16:02.039 INFO  ProgressMeter -        chr9:92515075             75.2            1575967000       20964107.5
14:16:12.040 INFO  ProgressMeter -        chr9:96060505             75.3            1579492000       20964509.5
14:16:22.043 INFO  ProgressMeter -        chr9:99529366             75.5            1582958000       20964128.3
14:16:32.044 INFO  ProgressMeter -       chr9:102809068             75.7            1586234000       20961238.0
14:16:42.045 INFO  ProgressMeter -       chr9:106068155             75.8            1589491000       20958114.5
14:16:52.047 INFO  ProgressMeter -       chr9:109495867             76.0            1592909000       20957118.3
14:17:02.047 INFO  ProgressMeter -       chr9:112832352             76.2            1596241000       20955006.7
14:17:12.048 INFO  ProgressMeter -       chr9:116472259             76.3            1599873000       20956829.4
14:17:22.048 INFO  ProgressMeter -       chr9:119996567             76.5            1603395000       20957211.0
14:17:32.049 INFO  ProgressMeter -       chr9:123441666             76.7            1606831000       20956464.8
14:17:42.049 INFO  ProgressMeter -       chr9:126840173             76.8            1610169000       20954451.0
14:17:52.050 INFO  ProgressMeter -       chr9:130270278             77.0            1613598000       20953623.0
14:18:02.051 INFO  ProgressMeter -       chr9:133660252             77.2            1616985000       20952254.5
14:18:12.051 INFO  ProgressMeter -       chr9:136941295             77.3            1620263000       20949487.0
14:18:22.051 INFO  ProgressMeter -       chr9:140242174             77.5            1623557000       20946937.8
14:18:32.051 INFO  ProgressMeter -       chr9:143451153             77.7            1626764000       20943279.5
14:18:42.054 INFO  ProgressMeter -       chr9:146538240             77.8            1629843000       20937979.1
14:18:52.055 INFO  ProgressMeter -       chr9:149478954             78.0            1632774000       20930817.5
14:19:02.056 INFO  ProgressMeter -        chr10:2235250             78.2            1636084000       20928530.1
14:19:12.058 INFO  ProgressMeter -        chr10:5628592             78.3            1639472000       20927239.1
14:19:22.058 INFO  ProgressMeter -        chr10:9016749             78.5            1642850000       20925839.6
14:19:32.060 INFO  ProgressMeter -       chr10:12467077             78.7            1646296000       20925305.9
14:19:42.059 INFO  ProgressMeter -       chr10:15849691             78.8            1649672000       20923891.0
14:19:52.060 INFO  ProgressMeter -       chr10:19390440             79.0            1653207000       20924494.6
14:20:02.059 INFO  ProgressMeter -       chr10:23003469             79.2            1656817000       20926042.8
14:20:12.060 INFO  ProgressMeter -       chr10:26502591             79.3            1660314000       20926160.4
14:20:22.059 INFO  ProgressMeter -       chr10:30033143             79.5            1663841000       20926654.8
14:20:32.061 INFO  ProgressMeter -       chr10:33509671             79.7            1667315000       20926473.1
14:20:42.061 INFO  ProgressMeter -       chr10:37011100             79.8            1670808000       20926538.9
14:20:52.061 INFO  ProgressMeter -       chr10:41978467             80.0            1674274000       20926267.0
14:21:02.061 INFO  ProgressMeter -       chr10:45643962             80.2            1677615000       20924437.1
14:21:12.062 INFO  ProgressMeter -       chr10:49314883             80.3            1681111000       20924544.1
14:21:22.061 INFO  ProgressMeter -       chr10:52750104             80.5            1684539000       20923805.9
14:21:32.063 INFO  ProgressMeter -       chr10:56480828             80.7            1688259000       20926681.7
14:21:42.065 INFO  ProgressMeter -       chr10:60161145             80.8            1691936000       20929013.7
14:21:52.065 INFO  ProgressMeter -       chr10:63663285             81.0            1695434000       20929135.1
14:22:02.067 INFO  ProgressMeter -       chr10:67356555             81.2            1699112000       20931469.0
14:22:12.066 INFO  ProgressMeter -       chr10:70835155             81.3            1702584000       20931265.2
14:22:22.067 INFO  ProgressMeter -       chr10:74058407             81.5            1705805000       20927978.5
14:22:32.068 INFO  ProgressMeter -       chr10:77498784             81.7            1709243000       20927362.1
14:22:42.068 INFO  ProgressMeter -       chr10:80681370             81.8            1712414000       20923490.1
14:22:52.070 INFO  ProgressMeter -       chr10:84204716             82.0            1715922000       20923734.6
14:23:02.070 INFO  ProgressMeter -       chr10:87581298             82.2            1719294000       20922331.7
14:23:12.070 INFO  ProgressMeter -       chr10:91134524             82.3            1722802000       20922586.0
14:23:22.071 INFO  ProgressMeter -       chr10:94606729             82.5            1726271000       20922362.5
14:23:32.073 INFO  ProgressMeter -       chr10:98037759             82.7            1729700000       20921651.8
14:23:42.074 INFO  ProgressMeter -      chr10:101420172             82.8            1733068000       20920211.8
14:23:52.074 INFO  ProgressMeter -      chr10:104730509             83.0            1736375000       20918046.9
14:24:02.074 INFO  ProgressMeter -      chr10:108202543             83.2            1739841000       20917802.4
14:24:12.074 INFO  ProgressMeter -      chr10:111683275             83.3            1743317000       20917678.8
14:24:22.074 INFO  ProgressMeter -      chr10:115069896             83.5            1746691000       20916334.2
14:24:32.074 INFO  ProgressMeter -      chr10:118494340             83.7            1750113000       20915568.7
14:24:42.074 INFO  ProgressMeter -      chr10:121795703             83.8            1753410000       20913315.3
14:24:52.074 INFO  ProgressMeter -      chr10:125025298             84.0            1756636000       20910225.7
14:25:02.075 INFO  ProgressMeter -      chr10:128289256             84.2            1759890000       20907476.9
14:25:12.078 INFO  ProgressMeter -      chr10:131552266             84.3            1763128000       20904540.9
14:25:22.081 INFO  ProgressMeter -          chr11:21375             84.5            1766214000       20899817.9
14:25:32.082 INFO  ProgressMeter -        chr11:3195924             84.7            1769297000       20895090.4
14:25:42.081 INFO  ProgressMeter -        chr11:6612530             84.8            1772672000       20893823.1
14:25:52.081 INFO  ProgressMeter -       chr11:10032310             85.0            1776088000       20893043.2
14:26:02.081 INFO  ProgressMeter -       chr11:13393007             85.2            1779447000       20891597.0
14:26:12.081 INFO  ProgressMeter -       chr11:16846938             85.3            1782896000       20891211.1
14:26:22.082 INFO  ProgressMeter -       chr11:20161639             85.5            1786164000       20888705.9
14:26:32.082 INFO  ProgressMeter -       chr11:23755708             85.7            1789755000       20889984.6
14:26:42.083 INFO  ProgressMeter -       chr11:27453810             85.8            1793443000       20892384.2
14:26:52.083 INFO  ProgressMeter -       chr11:31018997             86.0            1797007000       20893336.8
14:27:02.084 INFO  ProgressMeter -       chr11:34444931             86.2            1800431000       20892657.2
14:27:12.085 INFO  ProgressMeter -       chr11:37866442             86.3            1803847000       20891887.5
14:27:22.085 INFO  ProgressMeter -       chr11:41544343             86.5            1807521000       20894107.1
14:27:32.085 INFO  ProgressMeter -       chr11:45004322             86.7            1810961000       20893618.5
14:27:42.085 INFO  ProgressMeter -       chr11:48288453             86.8            1814236000       20891231.8
14:27:52.085 INFO  ProgressMeter -       chr11:53584083             87.0            1818015000       20894646.7
14:28:02.085 INFO  ProgressMeter -       chr11:57667547             87.2            1821631000       20896178.8
14:28:12.086 INFO  ProgressMeter -       chr11:61074950             87.3            1825033000       20895250.9
14:28:22.088 INFO  ProgressMeter -       chr11:64354604             87.5            1828247000       20892174.1
14:28:32.088 INFO  ProgressMeter -       chr11:67558914             87.7            1831448000       20888968.8
14:28:42.089 INFO  ProgressMeter -       chr11:70693543             87.8            1834579000       20884974.8
14:28:52.089 INFO  ProgressMeter -       chr11:73890615             88.0            1837772000       20881704.3
14:29:02.089 INFO  ProgressMeter -       chr11:77140710             88.2            1841021000       20879081.3
14:29:12.090 INFO  ProgressMeter -       chr11:80526959             88.3            1844401000       20877947.2
14:29:22.090 INFO  ProgressMeter -       chr11:84108248             88.5            1847979000       20879058.3
14:29:32.092 INFO  ProgressMeter -       chr11:87672998             88.7            1851532000       20879875.4
14:29:42.092 INFO  ProgressMeter -       chr11:91507151             88.8            1855212000       20882126.8
14:29:52.093 INFO  ProgressMeter -       chr11:95073739             89.0            1858681000       20881995.4
14:30:02.095 INFO  ProgressMeter -       chr11:98649202             89.2            1862244000       20882918.5
14:30:12.095 INFO  ProgressMeter -      chr11:102237940             89.3            1865829000       20884084.4
14:30:22.097 INFO  ProgressMeter -      chr11:105814416             89.5            1869396000       20885044.9
14:30:32.097 INFO  ProgressMeter -      chr11:109406676             89.7            1872980000       20886191.3
14:30:42.099 INFO  ProgressMeter -      chr11:112855595             89.8            1876428000       20885815.9
14:30:52.099 INFO  ProgressMeter -      chr11:116144839             90.0            1879713000       20883638.7
14:31:02.099 INFO  ProgressMeter -      chr11:119372032             90.2            1882933000       20880748.7
14:31:12.100 INFO  ProgressMeter -      chr11:122636019             90.3            1886193000       20878308.3
14:31:22.101 INFO  ProgressMeter -      chr11:126022469             90.5            1889578000       20877257.9
14:31:32.102 INFO  ProgressMeter -      chr11:129326190             90.7            1892877000       20875263.0
14:31:42.103 INFO  ProgressMeter -      chr11:132598951             90.8            1896147000       20872956.2
14:31:52.104 INFO  ProgressMeter -         chr12:707248             91.0            1899372000       20870163.3
14:32:02.104 INFO  ProgressMeter -        chr12:3976751             91.2            1902634000       20867790.3
14:32:12.106 INFO  ProgressMeter -        chr12:7220640             91.3            1905875000       20865188.5
14:32:22.106 INFO  ProgressMeter -       chr12:10632762             91.5            1909283000       20864428.6
14:32:32.106 INFO  ProgressMeter -       chr12:14003006             91.7            1912651000       20863235.2
14:32:42.108 INFO  ProgressMeter -       chr12:17626230             91.8            1916273000       20864804.2
14:32:52.109 INFO  ProgressMeter -       chr12:21243644             92.0            1919887000       20866288.1
14:33:02.110 INFO  ProgressMeter -       chr12:24847196             92.2            1923487000       20867607.2
14:33:12.113 INFO  ProgressMeter -       chr12:28363829             92.3            1926999000       20867968.6
14:33:22.114 INFO  ProgressMeter -       chr12:31807570             92.5            1930439000       20867550.4
14:33:32.115 INFO  ProgressMeter -       chr12:36921150             92.7            1933953000       20867939.6
14:33:42.115 INFO  ProgressMeter -       chr12:40674778             92.8            1937593000       20869680.9
14:33:52.117 INFO  ProgressMeter -       chr12:44286620             93.0            1941202000       20871078.9
14:34:02.117 INFO  ProgressMeter -       chr12:47780766             93.2            1944695000       20871234.3
14:34:12.117 INFO  ProgressMeter -       chr12:51164891             93.3            1948077000       20870200.1
14:34:22.117 INFO  ProgressMeter -       chr12:54384875             93.5            1951295000       20867415.7
14:34:32.117 INFO  ProgressMeter -       chr12:57748195             93.7            1954654000       20866146.4
14:34:42.119 INFO  ProgressMeter -       chr12:61312569             93.8            1958203000       20866898.9
14:34:52.120 INFO  ProgressMeter -       chr12:64891282             94.0            1961779000       20867939.6
14:35:02.122 INFO  ProgressMeter -       chr12:68358703             94.2            1965245000       20867804.9
14:35:12.124 INFO  ProgressMeter -       chr12:71929465             94.3            1968812000       20868741.2
14:35:22.126 INFO  ProgressMeter -       chr12:75621837             94.5            1972499000       20870947.6
14:35:32.125 INFO  ProgressMeter -       chr12:79254438             94.7            1976124000       20872495.1
14:35:42.126 INFO  ProgressMeter -       chr12:82941001             94.8            1979801000       20874581.8
14:35:52.127 INFO  ProgressMeter -       chr12:86690565             95.0            1983543000       20877348.9
14:36:02.126 INFO  ProgressMeter -       chr12:90338660             95.2            1987185000       20879055.6
14:36:12.129 INFO  ProgressMeter -       chr12:93953002             95.3            1990796000       20880420.3
14:36:22.130 INFO  ProgressMeter -       chr12:97492234             95.5            1994331000       20880991.8
14:36:32.130 INFO  ProgressMeter -      chr12:100981887             95.7            1997818000       20881063.3
14:36:42.130 INFO  ProgressMeter -      chr12:104476575             95.8            2001310000       20881186.6
14:36:52.131 INFO  ProgressMeter -      chr12:107830592             96.0            2004661000       20879837.3
14:37:02.131 INFO  ProgressMeter -      chr12:111132466             96.2            2007960000       20877955.6
14:37:12.133 INFO  ProgressMeter -      chr12:114418137             96.3            2011242000       20875896.8
14:37:22.135 INFO  ProgressMeter -      chr12:117731966             96.5            2014549000       20874104.1
14:37:32.138 INFO  ProgressMeter -      chr12:121098082             96.7            2017911000       20872882.9
14:37:42.138 INFO  ProgressMeter -      chr12:124422956             96.8            2021226000       20871191.3
14:37:52.139 INFO  ProgressMeter -      chr12:127723964             97.0            2024514000       20869223.7
14:38:02.140 INFO  ProgressMeter -      chr12:131002663             97.2            2027781000       20867046.7
14:38:12.564 INFO  ProgressMeter -        chr13:9123193             97.3            2031395000       20866930.6
14:38:22.564 INFO  ProgressMeter -       chr13:18277652             97.5            2035052000       20868768.0
14:38:32.567 INFO  ProgressMeter -       chr13:21745386             97.7            2038513000       20868585.6
14:38:42.569 INFO  ProgressMeter -       chr13:25145056             97.9            2041902000       20867667.9
14:38:52.568 INFO  ProgressMeter -       chr13:28568015             98.0            2045317000       20867025.7
14:39:02.569 INFO  ProgressMeter -       chr13:31969883             98.2            2048709000       20866147.9
14:39:12.569 INFO  ProgressMeter -       chr13:35513688             98.4            2052249000       20866781.5
14:39:22.570 INFO  ProgressMeter -       chr13:39120625             98.5            2055852000       20868048.8
14:39:32.571 INFO  ProgressMeter -       chr13:42566961             98.7            2059294000       20867683.9
14:39:42.570 INFO  ProgressMeter -       chr13:46036162             98.9            2062758000       20867542.8
14:39:52.573 INFO  ProgressMeter -       chr13:49540025             99.0            2066257000       20867745.1
14:40:02.573 INFO  ProgressMeter -       chr13:52959038             99.2            2069674000       20867130.6
14:40:12.573 INFO  ProgressMeter -       chr13:56746491             99.4            2073430000       20869930.2
14:40:22.573 INFO  ProgressMeter -       chr13:60388111             99.5            2077066000       20871514.6
14:40:32.575 INFO  ProgressMeter -       chr13:64176073             99.7            2080837000       20874441.1
14:40:42.575 INFO  ProgressMeter -       chr13:67902617             99.9            2084559000       20876874.0
14:40:52.575 INFO  ProgressMeter -       chr13:71655632            100.0            2088310000       20879588.7
14:41:02.578 INFO  ProgressMeter -       chr13:75239994            100.2            2091889000       20880570.7
14:41:12.577 INFO  ProgressMeter -       chr13:78838386            100.4            2095482000       20881695.8
14:41:22.579 INFO  ProgressMeter -       chr13:82556089            100.5            2099194000       20883994.1
14:41:32.579 INFO  ProgressMeter -       chr13:86332474            100.7            2102953000       20886758.6
14:41:42.579 INFO  ProgressMeter -       chr13:89567426            100.9            2106185000       20884288.3
14:41:52.579 INFO  ProgressMeter -       chr13:92462502            101.0            2109078000       20878470.3
14:42:02.582 INFO  ProgressMeter -       chr13:95282000            101.2            2111897000       20871929.8
14:42:12.585 INFO  ProgressMeter -       chr13:98013013            101.4            2114624000       20864503.1
14:42:22.586 INFO  ProgressMeter -      chr13:100756826            101.5            2117365000       20857245.6
14:42:32.586 INFO  ProgressMeter -      chr13:103607581            101.7            2120213000       20851067.5
14:42:42.588 INFO  ProgressMeter -      chr13:106471131            101.9            2123075000       20845040.3
14:42:52.590 INFO  ProgressMeter -      chr13:109275496            102.0            2125871000       20838385.9
14:43:02.592 INFO  ProgressMeter -      chr13:111835454            102.2            2128419000       20829329.5
14:43:12.591 INFO  ProgressMeter -        chr14:1948641            102.4            2131208000       20822660.7
14:43:22.592 INFO  ProgressMeter -        chr14:7343530            102.5            2135201000       20827754.6
14:43:32.593 INFO  ProgressMeter -       chr14:13751006            102.7            2139166000       20832559.2
14:43:42.593 INFO  ProgressMeter -       chr14:17834738            102.9            2143072000       20836778.1
14:43:52.595 INFO  ProgressMeter -       chr14:21274498            103.0            2146509000       20836423.8
14:44:02.597 INFO  ProgressMeter -       chr14:24943399            103.2            2150176000       20838299.8
14:44:12.597 INFO  ProgressMeter -       chr14:28470281            103.4            2153701000       20838802.5
14:44:22.598 INFO  ProgressMeter -       chr14:32015907            103.5            2157233000       20839371.1
14:44:32.598 INFO  ProgressMeter -       chr14:35662012            103.7            2160875000       20840995.5
14:44:42.599 INFO  ProgressMeter -       chr14:39397658            103.9            2164607000       20843481.3
14:44:52.601 INFO  ProgressMeter -       chr14:43077905            104.0            2168277000       20845359.8
14:45:02.601 INFO  ProgressMeter -       chr14:46535619            104.2            2171732000       20845175.2
14:45:12.601 INFO  ProgressMeter -       chr14:50039756            104.4            2175232000       20845422.5
14:45:22.603 INFO  ProgressMeter -       chr14:53554985            104.5            2178745000       20845786.7
14:45:32.604 INFO  ProgressMeter -       chr14:57074513            104.7            2182258000       20846153.1
14:45:42.606 INFO  ProgressMeter -       chr14:60498612            104.9            2185681000       20845656.7
14:45:52.607 INFO  ProgressMeter -       chr14:63881483            105.0            2189059000       20844736.6
14:46:02.607 INFO  ProgressMeter -       chr14:67266533            105.2            2192442000       20843870.3
14:46:12.607 INFO  ProgressMeter -       chr14:70662699            105.4            2195836000       20843111.1
14:46:22.610 INFO  ProgressMeter -       chr14:73978024            105.5            2199150000       20841586.3
14:46:32.610 INFO  ProgressMeter -       chr14:77474514            105.7            2202643000       20841769.9
14:46:42.611 INFO  ProgressMeter -       chr14:81149802            105.9            2206312000       20843612.4
14:46:52.613 INFO  ProgressMeter -       chr14:84590893            106.0            2209750000       20843266.8
14:47:02.614 INFO  ProgressMeter -       chr14:87877722            106.2            2213031000       20841447.1
14:47:12.615 INFO  ProgressMeter -       chr14:91120944            106.4            2216272000       20839257.0
14:47:22.616 INFO  ProgressMeter -       chr14:94351949            106.5            2219501000       20836961.1
14:47:32.618 INFO  ProgressMeter -       chr14:97564507            106.7            2222709000       20834472.2
14:47:42.618 INFO  ProgressMeter -      chr14:100832873            106.9            2225885000       20831698.1
14:47:52.618 INFO  ProgressMeter -       chr15:13979278            107.0            2229597000       20833941.2
14:48:02.623 INFO  ProgressMeter -       chr15:18672599            107.2            2232440000       20828053.6
14:48:12.625 INFO  ProgressMeter -       chr15:21441670            107.4            2234867000       20818318.9
14:48:22.627 INFO  ProgressMeter -       chr15:24865167            107.5            2238287000       20817850.0
14:48:32.629 INFO  ProgressMeter -       chr15:28656183            107.7            2241769000       20817958.3
14:48:42.629 INFO  ProgressMeter -       chr15:32198111            107.9            2245202000       20817618.4
14:48:52.629 INFO  ProgressMeter -       chr15:35792605            108.0            2248781000       20818631.1
14:49:02.629 INFO  ProgressMeter -       chr15:39106544            108.2            2252094000       20817182.0
14:49:12.629 INFO  ProgressMeter -       chr15:42600518            108.4            2255529000       20816863.3
14:49:22.630 INFO  ProgressMeter -       chr15:46079295            108.5            2259005000       20816920.2
14:49:32.631 INFO  ProgressMeter -       chr15:49600215            108.7            2262523000       20817363.4
14:49:42.632 INFO  ProgressMeter -       chr15:53116993            108.9            2266036000       20817759.3
14:49:52.632 INFO  ProgressMeter -       chr15:56591802            109.0            2269509000       20817790.3
14:50:02.633 INFO  ProgressMeter -       chr15:60040070            109.2            2272954000       20817564.7
14:50:12.633 INFO  ProgressMeter -       chr15:63429177            109.4            2276337000       20816769.6
14:50:22.635 INFO  ProgressMeter -       chr15:66739798            109.5            2279644000       20815279.8
14:50:32.636 INFO  ProgressMeter -       chr15:70081871            109.7            2282981000       20814071.3
14:50:42.638 INFO  ProgressMeter -       chr15:73451362            109.9            2286264000       20812371.6
14:50:52.638 INFO  ProgressMeter -       chr15:76750952            110.0            2289559000       20810792.6
14:51:02.640 INFO  ProgressMeter -       chr15:80081747            110.2            2292887000       20809511.4
14:51:12.642 INFO  ProgressMeter -       chr15:83640671            110.4            2296251000       20808563.6
14:51:22.642 INFO  ProgressMeter -       chr15:86992390            110.5            2299600000       20807482.8
14:51:32.645 INFO  ProgressMeter -       chr15:90278259            110.7            2302881000       20805784.7
14:51:42.647 INFO  ProgressMeter -       chr15:93725521            110.9            2306324000       20805556.3
14:51:52.648 INFO  ProgressMeter -       chr15:97157184            111.0            2309752000       20805196.5
14:52:02.648 INFO  ProgressMeter -         chr16:722138            111.2            2313005000       20803267.0
14:52:12.650 INFO  ProgressMeter -        chr16:3814084            111.4            2316037000       20799352.3
14:52:22.651 INFO  ProgressMeter -        chr16:7097506            111.5            2319317000       20797676.3
14:52:32.652 INFO  ProgressMeter -       chr16:10478228            111.7            2322691000       20796847.0
14:52:42.652 INFO  ProgressMeter -       chr16:13741262            111.9            2325951000       20795004.0
14:52:52.653 INFO  ProgressMeter -       chr16:17262738            112.0            2329301000       20793966.8
14:53:02.656 INFO  ProgressMeter -       chr16:20863657            112.2            2332749000       20793800.1
14:53:12.657 INFO  ProgressMeter -       chr16:24841143            112.4            2336209000       20793746.9
14:53:22.658 INFO  ProgressMeter -       chr16:28146674            112.5            2339512000       20792298.5
14:53:32.660 INFO  ProgressMeter -       chr16:31853224            112.7            2342801000       20790727.1
14:53:42.660 INFO  ProgressMeter -       chr16:38454315            112.9            2346974000       20796999.7
14:53:52.660 INFO  ProgressMeter -       chr16:52516987            113.0            2350862000       20800732.2
14:54:02.660 INFO  ProgressMeter -       chr16:55855705            113.2            2354197000       20799567.8
14:54:12.660 INFO  ProgressMeter -       chr16:59239180            113.4            2357579000       20798821.5
14:54:22.660 INFO  ProgressMeter -       chr16:62608282            113.5            2360889000       20797443.1
14:54:32.662 INFO  ProgressMeter -       chr16:65941479            113.7            2364219000       20796241.7
14:54:42.662 INFO  ProgressMeter -       chr16:69605512            113.9            2367881000       20797959.8
14:54:52.664 INFO  ProgressMeter -       chr16:72973849            114.0            2371241000       20797021.2
14:55:02.666 INFO  ProgressMeter -       chr16:76381859            114.2            2374608000       20796146.6
14:55:12.668 INFO  ProgressMeter -       chr16:79803343            114.4            2378024000       20795703.1
14:55:22.670 INFO  ProgressMeter -       chr16:83501028            114.5            2381548000       20796203.9
14:55:32.672 INFO  ProgressMeter -       chr16:86849829            114.7            2384894000       20795151.2
14:55:42.672 INFO  ProgressMeter -       chr16:90115996            114.9            2388151000       20793332.7
14:55:52.675 INFO  ProgressMeter -       chr16:93180065            115.0            2391211000       20789797.7
14:56:02.676 INFO  ProgressMeter -       chr16:96254439            115.2            2394242000       20786027.1
14:56:12.678 INFO  ProgressMeter -        chr17:3265627            115.4            2397530000       20784495.4
14:56:22.680 INFO  ProgressMeter -        chr17:6472910            115.5            2400731000       20782212.0
14:56:32.680 INFO  ProgressMeter -        chr17:9778881            115.7            2404034000       20780819.9
14:56:42.682 INFO  ProgressMeter -       chr17:13181784            115.9            2407434000       20780266.1
14:56:52.684 INFO  ProgressMeter -       chr17:16613796            116.0            2410862000       20779955.2
14:57:02.686 INFO  ProgressMeter -       chr17:20050832            116.2            2414092000       20777944.0
14:57:12.690 INFO  ProgressMeter -       chr17:23735390            116.4            2417495000       20777413.5
14:57:22.692 INFO  ProgressMeter -       chr17:29900127            116.5            2420810000       20776138.2
14:57:32.692 INFO  ProgressMeter -       chr17:33346714            116.7            2424244000       20775892.3
14:57:42.694 INFO  ProgressMeter -       chr17:36609994            116.9            2427505000       20774160.7
14:57:52.695 INFO  ProgressMeter -       chr17:40249413            117.0            2430888000       20773479.6
14:58:02.696 INFO  ProgressMeter -       chr17:43515646            117.2            2434152000       20771784.9
14:58:12.696 INFO  ProgressMeter -       chr17:46812114            117.4            2437372000       20769723.0
14:58:22.696 INFO  ProgressMeter -       chr17:50308229            117.5            2440718000       20768739.2
14:58:32.698 INFO  ProgressMeter -       chr17:53655372            117.7            2444061000       20767726.8
14:58:42.699 INFO  ProgressMeter -       chr17:57160026            117.9            2447562000       20768063.7
14:58:52.699 INFO  ProgressMeter -       chr17:60560857            118.0            2450960000       20767524.1
14:59:02.699 INFO  ProgressMeter -       chr17:64141181            118.2            2454516000       20768325.7
14:59:12.699 INFO  ProgressMeter -       chr17:67496955            118.4            2457864000       20767367.7
14:59:22.701 INFO  ProgressMeter -       chr17:70974009            118.5            2461331000       20767410.5
14:59:32.702 INFO  ProgressMeter -       chr17:74428223            118.7            2464778000       20767287.7
14:59:42.703 INFO  ProgressMeter -       chr17:77567791            118.9            2467917000       20764573.7
14:59:52.704 INFO  ProgressMeter -       chr17:80669286            119.0            2471014000       20761514.5
15:00:02.705 INFO  ProgressMeter -       chr17:83732811            119.2            2474068000       20758103.0
15:00:12.707 INFO  ProgressMeter -        chr18:3414734            119.4            2477635000       20758996.4
15:00:22.709 INFO  ProgressMeter -        chr18:6937113            119.5            2481156000       20759502.4
15:00:32.711 INFO  ProgressMeter -       chr18:10370863            119.7            2484588000       20759263.3
15:00:42.713 INFO  ProgressMeter -       chr18:13724051            119.9            2487933000       20758299.1
15:00:52.715 INFO  ProgressMeter -       chr18:20682255            120.0            2491557000       20759662.1
15:01:02.715 INFO  ProgressMeter -       chr18:24385738            120.2            2495071000       20760111.9
15:01:12.715 INFO  ProgressMeter -       chr18:27861486            120.4            2498543000       20760211.4
15:01:22.716 INFO  ProgressMeter -       chr18:31509685            120.5            2502183000       20761701.8
15:01:32.718 INFO  ProgressMeter -       chr18:35098685            120.7            2505771000       20762754.3
15:01:42.719 INFO  ProgressMeter -       chr18:38514767            120.9            2509183000       20762350.5
15:01:52.721 INFO  ProgressMeter -       chr18:42141666            121.0            2512805000       20763680.2
15:02:02.722 INFO  ProgressMeter -       chr18:45678672            121.2            2516337000       20764266.4
15:02:12.723 INFO  ProgressMeter -       chr18:48972703            121.4            2519565000       20762345.9
15:02:22.725 INFO  ProgressMeter -       chr18:52351065            121.5            2522940000       20761637.5
15:02:32.726 INFO  ProgressMeter -       chr18:55927135            121.7            2526512000       20762555.6
15:02:42.727 INFO  ProgressMeter -       chr18:59366718            121.9            2529950000       20762365.9
15:02:52.728 INFO  ProgressMeter -       chr18:62893789            122.0            2533471000       20762859.8
15:03:02.730 INFO  ProgressMeter -       chr18:66478407            122.2            2537051000       20763835.2
15:03:12.730 INFO  ProgressMeter -       chr18:70214745            122.4            2540783000       20766050.2
15:03:22.733 INFO  ProgressMeter -       chr18:73840514            122.5            2544404000       20767350.4
15:03:32.732 INFO  ProgressMeter -       chr18:77231647            122.7            2547784000       20766688.3
15:03:42.734 INFO  ProgressMeter -       chr18:80537549            122.9            2551071000       20765268.2
15:03:52.735 INFO  ProgressMeter -        chr19:3295172            123.0            2554229000       20762803.4
15:04:02.735 INFO  ProgressMeter -        chr19:6471498            123.2            2557401000       20760461.7
15:04:12.734 INFO  ProgressMeter -        chr19:9963893            123.4            2560734000       20759431.5
15:04:22.734 INFO  ProgressMeter -       chr19:13289596            123.5            2564056000       20758315.0
15:04:32.734 INFO  ProgressMeter -       chr19:16606022            123.7            2567361000       20757064.1
15:04:42.734 INFO  ProgressMeter -       chr19:19807742            123.9            2570561000       20754968.8
15:04:52.735 INFO  ProgressMeter -       chr19:23324686            124.0            2574072000       20755384.0
15:05:02.736 INFO  ProgressMeter -       chr19:29987815            124.2            2577787000       20757440.8
15:05:12.738 INFO  ProgressMeter -       chr19:33265178            124.4            2581049000       20755849.2
15:05:22.737 INFO  ProgressMeter -       chr19:36574024            124.5            2584354000       20754610.0
15:05:32.737 INFO  ProgressMeter -       chr19:40138103            124.7            2587666000       20753430.2
15:05:42.738 INFO  ProgressMeter -       chr19:43476352            124.9            2590987000       20752322.9
15:05:52.740 INFO  ProgressMeter -       chr19:46646814            125.0            2594155000       20749991.9
15:06:02.741 INFO  ProgressMeter -       chr19:49950625            125.2            2597454000       20748716.4
15:06:12.744 INFO  ProgressMeter -       chr19:53517711            125.4            2600714000       20747127.6
15:06:22.744 INFO  ProgressMeter -       chr19:56871711            125.5            2604065000       20746276.3
15:06:32.746 INFO  ProgressMeter -       chr19:60186937            125.7            2607361000       20744987.0
15:06:42.746 INFO  ProgressMeter -        chr20:1855395            125.9            2610714000       20744153.9
15:06:52.746 INFO  ProgressMeter -        chr20:5168413            126.0            2614010000       20742873.5
15:07:02.746 INFO  ProgressMeter -        chr20:8674676            126.2            2617514000       20743244.8
15:07:12.748 INFO  ProgressMeter -       chr20:12179769            126.4            2621015000       20743585.9
15:07:22.748 INFO  ProgressMeter -       chr20:15688436            126.5            2624519000       20743955.3
15:07:32.750 INFO  ProgressMeter -       chr20:19077692            126.7            2627907000       20743405.3
15:07:42.751 INFO  ProgressMeter -       chr20:22474420            126.9            2631298000       20742880.5
15:07:52.751 INFO  ProgressMeter -       chr20:25659051            127.0            2634480000       20740711.6
15:08:02.752 INFO  ProgressMeter -       chr20:31423904            127.2            2637689000       20738760.7
15:08:12.754 INFO  ProgressMeter -       chr20:35051501            127.4            2640814000       20736152.5
15:08:22.754 INFO  ProgressMeter -       chr20:38400750            127.5            2644162000       20735305.4
15:08:32.757 INFO  ProgressMeter -       chr20:41678740            127.7            2647434000       20733859.9
15:08:42.756 INFO  ProgressMeter -       chr20:44987345            127.9            2650740000       20732689.5
15:08:52.756 INFO  ProgressMeter -       chr20:48274573            128.0            2654022000       20731334.6
15:09:02.756 INFO  ProgressMeter -       chr20:51539035            128.2            2657264000       20729671.2
15:09:12.758 INFO  ProgressMeter -       chr20:54880648            128.4            2660602000       20728757.4
15:09:22.758 INFO  ProgressMeter -       chr20:58327366            128.5            2664041000       20728631.8
15:09:32.758 INFO  ProgressMeter -       chr20:61533808            128.7            2667246000       20726690.9
15:09:42.761 INFO  ProgressMeter -       chr20:64617533            128.9            2670320000       20723730.3
15:09:52.761 INFO  ProgressMeter -        chr21:2217143            129.0            2673356000       20720490.8
15:10:02.762 INFO  ProgressMeter -       chr21:10471957            129.2            2677232000       20723761.9
15:10:12.762 INFO  ProgressMeter -       chr21:14039897            129.4            2680424000       20721734.1
15:10:22.763 INFO  ProgressMeter -       chr21:17691787            129.5            2684072000       20723232.2
15:10:32.764 INFO  ProgressMeter -       chr21:21446565            129.7            2687821000       20725505.2
15:10:42.764 INFO  ProgressMeter -       chr21:25089517            129.9            2691461000       20726935.7
15:10:52.765 INFO  ProgressMeter -       chr21:28643576            130.0            2695011000       20727667.6
15:11:02.767 INFO  ProgressMeter -       chr21:32058344            130.2            2698419000       20727304.3
15:11:12.768 INFO  ProgressMeter -       chr21:35379979            130.4            2701738000       20726261.8
15:11:22.768 INFO  ProgressMeter -       chr21:38720416            130.5            2705074000       20725354.8
15:11:32.769 INFO  ProgressMeter -       chr21:41853602            130.7            2708197000       20722817.7
15:11:42.769 INFO  ProgressMeter -       chr21:44931679            130.9            2711264000       20719861.7
15:11:52.769 INFO  ProgressMeter -        chr22:6366478            131.0            2714849000       20720866.8
15:12:02.771 INFO  ProgressMeter -       chr22:11114377            131.2            2718605000       20723167.5
15:12:12.773 INFO  ProgressMeter -       chr22:16628558            131.4            2722067000       20723224.2
15:12:22.774 INFO  ProgressMeter -       chr22:20044768            131.5            2725365000       20722036.5
15:12:32.776 INFO  ProgressMeter -       chr22:23246219            131.7            2728433000       20719102.5
15:12:42.777 INFO  ProgressMeter -       chr22:26406550            131.9            2731591000       20716861.2
15:12:52.779 INFO  ProgressMeter -       chr22:29694324            132.0            2734872000       20715554.5
15:13:02.780 INFO  ProgressMeter -       chr22:32979546            132.2            2738153000       20714253.8
15:13:12.783 INFO  ProgressMeter -       chr22:36272005            132.4            2741443000       20713019.2
15:13:22.785 INFO  ProgressMeter -       chr22:39422132            132.5            2744586000       20710681.0
15:13:32.788 INFO  ProgressMeter -       chr22:42741012            132.7            2747900000       20709634.8
15:13:42.791 INFO  ProgressMeter -       chr22:45860608            132.9            2751013000       20707080.9
15:13:52.790 INFO  ProgressMeter -       chr22:48878953            133.0            2754025000       20703779.3
15:14:02.793 INFO  ProgressMeter -          chrX:806080            133.2            2757213000       20701799.6
15:14:12.793 INFO  ProgressMeter -         chrX:5834832            133.4            2762191000       20713255.6
15:14:22.794 INFO  ProgressMeter -        chrX:12104031            133.5            2768426000       20734094.7
15:14:32.795 INFO  ProgressMeter -        chrX:18365710            133.7            2774682000       20755038.9
15:14:42.795 INFO  ProgressMeter -        chrX:24688857            133.9            2780995000       20776359.4
15:14:52.795 INFO  ProgressMeter -        chrX:31172600            134.0            2787462000       20798775.9
15:15:02.795 INFO  ProgressMeter -        chrX:37674941            134.2            2793950000       20821293.2
15:15:12.796 INFO  ProgressMeter -        chrX:43931674            134.4            2800195000       20841943.5
15:15:22.796 INFO  ProgressMeter -        chrX:50431486            134.5            2806465000       20862731.0
15:15:32.797 INFO  ProgressMeter -        chrX:57177980            134.7            2812790000       20883872.8
15:15:42.797 INFO  ProgressMeter -        chrX:65495633            134.9            2818947000       20903719.1
15:15:52.797 INFO  ProgressMeter -        chrX:71991002            135.0            2825153000       20923879.3
15:16:02.798 INFO  ProgressMeter -        chrX:78429061            135.2            2831576000       20945595.1
15:16:12.797 INFO  ProgressMeter -        chrX:85015400            135.4            2838142000       20968313.8
15:16:22.798 INFO  ProgressMeter -        chrX:91750317            135.5            2844843000       20991970.2
15:16:32.798 INFO  ProgressMeter -        chrX:98302468            135.7            2851381000       21014369.8
15:16:42.798 INFO  ProgressMeter -       chrX:104915717            135.9            2857683000       21034977.3
15:16:52.798 INFO  ProgressMeter -       chrX:111239285            136.0            2863983000       21055519.6
15:17:02.799 INFO  ProgressMeter -       chrX:117820878            136.2            2870386000       21076765.3
15:17:12.799 INFO  ProgressMeter -       chrX:124293730            136.4            2876748000       21097661.0
15:17:22.800 INFO  ProgressMeter -       chrX:130622496            136.5            2883059000       21118132.0
15:17:32.799 INFO  ProgressMeter -       chrX:137060196            136.7            2889302000       21138055.7
15:17:42.800 INFO  ProgressMeter -       chrX:143689488            136.9            2895728000       21159265.5
15:17:52.800 INFO  ProgressMeter -       chrX:150004578            137.0            2901928000       21178776.8
15:18:02.801 INFO  ProgressMeter -         chrY:4528133            137.2            2907825000       21196029.5
15:18:12.802 INFO  ProgressMeter -        chrY:12315852            137.4            2913987000       21215169.7
15:18:22.802 INFO  ProgressMeter -        chrY:20145564            137.5            2920196000       21234607.8
15:18:32.803 INFO  ProgressMeter -        chrY:38941464            137.7            2926076000       21251606.8
15:18:40.024 INFO  GetPileupSummaries - 0 read(s) filtered by: MappingQualityAvailableReadFilter 
66003574 read(s) filtered by: MappingQualityNotZeroReadFilter 
0 read(s) filtered by: MappedReadFilter 
359673 read(s) filtered by: PrimaryLineReadFilter 
129568913 read(s) filtered by: NotDuplicateReadFilter 
0 read(s) filtered by: PassesVendorQualityCheckReadFilter 
0 read(s) filtered by: NonZeroReferenceLengthAlignmentReadFilter 
1772987 read(s) filtered by: MateOnSameContigOrNoMappedMateReadFilter 
0 read(s) filtered by: GoodCigarReadFilter 
0 read(s) filtered by: WellformedReadFilter 
197705147 total reads filtered out of 1062585657 reads processed
15:18:40.024 INFO  ProgressMeter -           chrM:16539            137.8            2930021030       21261674.4
15:18:40.024 INFO  ProgressMeter - Traversal complete. Processed 2930021030 total loci in 137.8 minutes.
15:18:40.025 INFO  GetPileupSummaries - Shutting down engine
[April 27, 2024 at 3:18:40 PM CEST] org.broadinstitute.hellbender.tools.walkers.contamination.GetPileupSummaries done. Elapsed time: 137.82 minutes.
Runtime.totalMemory()=1224736768
Tool returned:
SUCCESS
