Using GATK jar /lustre1/project/stg_00096/home/rdewin/system/miniconda/envs/WGS/share/gatk4-4.5.0.0-0/gatk-package-4.5.0.0-local.jar
Running:
    java -Dsamjdk.use_async_io_read_samtools=false -Dsamjdk.use_async_io_write_samtools=true -Dsamjdk.use_async_io_write_tribble=false -Dsamjdk.compression_level=2 -jar /lustre1/project/stg_00096/home/rdewin/system/miniconda/envs/WGS/share/gatk4-4.5.0.0-0/gatk-package-4.5.0.0-local.jar FilterMutectCalls -R resources/genome.fa -V results/mutect2/P022/P022_variants.vcf --contamination-table results/mutect2/P022/P022_contamination.table --ob-priors results/mutect2/read_orientation_model.tar.gz -O results/mutect2/P022/P022_filtered_variants.vcf
19:47:04.409 INFO  NativeLibraryLoader - Loading libgkl_compression.so from jar:file:/lustre1/project/stg_00096/home/rdewin/system/miniconda/envs/WGS/share/gatk4-4.5.0.0-0/gatk-package-4.5.0.0-local.jar!/com/intel/gkl/native/libgkl_compression.so
19:47:05.144 INFO  FilterMutectCalls - ------------------------------------------------------------
19:47:05.147 INFO  FilterMutectCalls - The Genome Analysis Toolkit (GATK) v4.5.0.0
19:47:05.147 INFO  FilterMutectCalls - For support and documentation go to https://software.broadinstitute.org/gatk/
19:47:05.148 INFO  FilterMutectCalls - Executing as vsc35407@i28l10 on Linux v4.18.0-513.24.1.el8_9.x86_64 amd64
19:47:05.148 INFO  FilterMutectCalls - Java runtime: OpenJDK 64-Bit Server VM v17.0.10-internal+0-adhoc..src
19:47:05.148 INFO  FilterMutectCalls - Start Date/Time: April 29, 2024 at 7:47:04 PM CEST
19:47:05.148 INFO  FilterMutectCalls - ------------------------------------------------------------
19:47:05.148 INFO  FilterMutectCalls - ------------------------------------------------------------
19:47:05.149 INFO  FilterMutectCalls - HTSJDK Version: 4.1.0
19:47:05.149 INFO  FilterMutectCalls - Picard Version: 3.1.1
19:47:05.149 INFO  FilterMutectCalls - Built for Spark Version: 3.5.0
19:47:05.149 INFO  FilterMutectCalls - HTSJDK Defaults.COMPRESSION_LEVEL : 2
19:47:05.149 INFO  FilterMutectCalls - HTSJDK Defaults.USE_ASYNC_IO_READ_FOR_SAMTOOLS : false
19:47:05.149 INFO  FilterMutectCalls - HTSJDK Defaults.USE_ASYNC_IO_WRITE_FOR_SAMTOOLS : true
19:47:05.150 INFO  FilterMutectCalls - HTSJDK Defaults.USE_ASYNC_IO_WRITE_FOR_TRIBBLE : false
19:47:05.150 INFO  FilterMutectCalls - Deflater: IntelDeflater
19:47:05.150 INFO  FilterMutectCalls - Inflater: IntelInflater
19:47:05.150 INFO  FilterMutectCalls - GCS max retries/reopens: 20
19:47:05.150 INFO  FilterMutectCalls - Requester pays: disabled
19:47:05.150 INFO  FilterMutectCalls - Initializing engine
19:47:05.374 INFO  FeatureManager - Using codec VCFCodec to read file file:///lustre1/project/stg_00096/home/rdewin/WGS/results/mutect2/P022/P022_variants.vcf
19:47:05.521 INFO  FilterMutectCalls - Done initializing engine
19:47:05.690 INFO  IOUtils - Extracting data from archive: file:///lustre1/project/stg_00096/home/rdewin/WGS/results/mutect2/read_orientation_model.tar.gz
19:47:05.755 INFO  IOUtils - Extracting file: ./P022_tumor.orientation_priors
19:47:05.757 INFO  IOUtils - Extracting file: ./P013_tumor_tumor.orientation_priors
19:47:05.759 INFO  IOUtils - Extracting file: ./P018_tumor.orientation_priors
19:47:05.759 INFO  IOUtils - Extracting file: ./P024_tumor.orientation_priors
19:47:05.760 INFO  IOUtils - Extracting file: ./P016_tumor.orientation_priors
19:47:05.761 INFO  IOUtils - Extracting file: ./P020_tumor.orientation_priors
19:47:05.761 INFO  IOUtils - Extracting file: ./P026_tumor.orientation_priors
19:47:05.761 INFO  IOUtils - Extracting file: ./P028_tumor.orientation_priors
19:47:05.762 INFO  IOUtils - Extracting file: ./P023_tumor.orientation_priors
19:47:05.763 INFO  IOUtils - Extracting file: ./P019_tumor.orientation_priors
19:47:05.987 INFO  ProgressMeter - Starting traversal
19:47:05.988 INFO  ProgressMeter -        Current Locus  Elapsed Minutes    Variants Processed  Variants/Minute
19:47:05.989 INFO  FilterMutectCalls - Starting pass 0 through the variants
19:47:16.155 INFO  ProgressMeter -       chr4:110473075              0.2                 35000         206713.3
19:47:26.283 INFO  ProgressMeter -       chr14:29938176              0.3                 99000         292682.9
19:47:32.398 INFO  FilterMutectCalls - Finished pass 0 through the variants
19:47:44.412 INFO  FilterMutectCalls - Starting pass 1 through the variants
19:47:44.436 INFO  ProgressMeter -         chr1:1362619              0.6                141000         220043.2
19:47:54.461 INFO  ProgressMeter -        chr9:15995961              0.8                206000         254992.6
19:48:04.575 INFO  ProgressMeter -       chr22:11245155              1.0                276000         282656.6
19:48:05.612 INFO  FilterMutectCalls - Finished pass 1 through the variants
19:48:08.924 INFO  FilterMutectCalls - Starting pass 2 through the variants
19:48:14.716 INFO  ProgressMeter -         chr5:7481173              1.1                320000         279366.2
19:48:24.726 INFO  ProgressMeter -       chr15:53687171              1.3                387000         294905.8
19:48:29.941 INFO  FilterMutectCalls - Finished pass 2 through the variants
19:48:29.981 INFO  FilterMutectCalls - Starting pass 3 through the variants
19:48:34.822 INFO  ProgressMeter -        chr3:52696974              1.5                448000         302590.3
19:48:45.009 INFO  ProgressMeter -       chr11:48675388              1.7                505000         306008.1
19:48:55.043 INFO  ProgressMeter -        chrX:78816872              1.8                562000         309204.6
19:48:55.441 INFO  FilterMutectCalls - Finished pass 3 through the variants
19:48:55.473 INFO  FilterMutectCalls - No variants filtered by: AllowAllVariantsVariantFilter
19:48:55.474 INFO  FilterMutectCalls - 0 read(s) filtered by: AllowAllReadsReadFilter 

19:48:55.474 INFO  ProgressMeter -       chrX:152243678              1.8                563632         308878.9
19:48:55.474 INFO  ProgressMeter - Traversal complete. Processed 563632 total variants in 1.8 minutes.
19:48:55.622 INFO  FilterMutectCalls - Shutting down engine
[April 29, 2024 at 7:48:55 PM CEST] org.broadinstitute.hellbender.tools.walkers.mutect.filtering.FilterMutectCalls done. Elapsed time: 1.86 minutes.
Runtime.totalMemory()=1476395008
