Read1 before filtering:
total reads: 505502259
total bases: 75825338850
Q20 bases: 73794941316(97.3223%)
Q30 bases: 70428228401(92.8822%)

Read2 before filtering:
total reads: 505502259
total bases: 75825338850
Q20 bases: 73603911294(97.0703%)
Q30 bases: 69985032939(92.2977%)

Read1 after filtering:
total reads: 501080692
total bases: 74964255693
Q20 bases: 73121119231(97.5413%)
Q30 bases: 69851656413(93.18%)

Read2 after filtering:
total reads: 501080692
total bases: 74960584818
Q20 bases: 73021624944(97.4134%)
Q30 bases: 69511723786(92.731%)

Filtering result:
reads passed filter: 1002161384
reads failed due to low quality: 8365162
reads failed due to too many N: 120100
reads failed due to too short: 357872
reads with adapter trimmed: 6674380
bases trimmed due to adapters: 372757569

Duplication rate: 15.5031%

Insert size peak (evaluated by paired-end reads): 269

JSON report: logs/fastp/P033/P033_dna_tumor.fastp.json
HTML report: logs/fastp/P033/P033_dna_tumor.fastp.html

fastp -w 12 -i /staging/leuven/stg_00096/home/rdewin/data/TALL_IF/TALL_IF/WGS/WGS_batch1/S114/S114_R01.fq.gz -I /staging/leuven/stg_00096/home/rdewin/data/TALL_IF/TALL_IF/WGS/WGS_batch1/S114/S114_R02.fq.gz -o results/fastp/P033/P033_dna_tumor_R1.trimmed.fq -O results/fastp/P033/P033_dna_tumor_R2.trimmed.fq -j logs/fastp/P033/P033_dna_tumor.fastp.json -h logs/fastp/P033/P033_dna_tumor.fastp.html 
fastp v0.23.4, time used: 1277 seconds
