Using GATK jar /lustre1/project/stg_00096/home/rdewin/system/miniconda/envs/WGS/share/gatk4-4.5.0.0-0/gatk-package-4.5.0.0-local.jar
Running:
    java -Dsamjdk.use_async_io_read_samtools=false -Dsamjdk.use_async_io_write_samtools=true -Dsamjdk.use_async_io_write_tribble=false -Dsamjdk.compression_level=2 -jar /lustre1/project/stg_00096/home/rdewin/system/miniconda/envs/WGS/share/gatk4-4.5.0.0-0/gatk-package-4.5.0.0-local.jar FilterMutectCalls -R resources/genome.fa -V results/mutect2/P060/P060_variants.vcf --contamination-table results/mutect2/P060/P060_contamination.table --ob-priors results/mutect2/read_orientation_model.tar.gz -O results/mutect2/P060/P060_filtered_variants.vcf
20:14:08.107 INFO  NativeLibraryLoader - Loading libgkl_compression.so from jar:file:/lustre1/project/stg_00096/home/rdewin/system/miniconda/envs/WGS/share/gatk4-4.5.0.0-0/gatk-package-4.5.0.0-local.jar!/com/intel/gkl/native/libgkl_compression.so
20:14:08.430 INFO  FilterMutectCalls - ------------------------------------------------------------
20:14:08.433 INFO  FilterMutectCalls - The Genome Analysis Toolkit (GATK) v4.5.0.0
20:14:08.434 INFO  FilterMutectCalls - For support and documentation go to https://software.broadinstitute.org/gatk/
20:14:08.434 INFO  FilterMutectCalls - Executing as vsc35407@g28l22 on Linux v4.18.0-513.24.1.el8_9.x86_64 amd64
20:14:08.434 INFO  FilterMutectCalls - Java runtime: OpenJDK 64-Bit Server VM v17.0.10-internal+0-adhoc..src
20:14:08.444 INFO  FilterMutectCalls - Start Date/Time: July 14, 2024 at 8:14:08 PM CEST
20:14:08.444 INFO  FilterMutectCalls - ------------------------------------------------------------
20:14:08.444 INFO  FilterMutectCalls - ------------------------------------------------------------
20:14:08.449 INFO  FilterMutectCalls - HTSJDK Version: 4.1.0
20:14:08.449 INFO  FilterMutectCalls - Picard Version: 3.1.1
20:14:08.449 INFO  FilterMutectCalls - Built for Spark Version: 3.5.0
20:14:08.449 INFO  FilterMutectCalls - HTSJDK Defaults.COMPRESSION_LEVEL : 2
20:14:08.449 INFO  FilterMutectCalls - HTSJDK Defaults.USE_ASYNC_IO_READ_FOR_SAMTOOLS : false
20:14:08.450 INFO  FilterMutectCalls - HTSJDK Defaults.USE_ASYNC_IO_WRITE_FOR_SAMTOOLS : true
20:14:08.464 INFO  FilterMutectCalls - HTSJDK Defaults.USE_ASYNC_IO_WRITE_FOR_TRIBBLE : false
20:14:08.464 INFO  FilterMutectCalls - Deflater: IntelDeflater
20:14:08.464 INFO  FilterMutectCalls - Inflater: IntelInflater
20:14:08.466 INFO  FilterMutectCalls - GCS max retries/reopens: 20
20:14:08.466 INFO  FilterMutectCalls - Requester pays: disabled
20:14:08.467 INFO  FilterMutectCalls - Initializing engine
20:14:08.794 INFO  FeatureManager - Using codec VCFCodec to read file file:///lustre1/project/stg_00096/home/rdewin/WGS/results/mutect2/P060/P060_variants.vcf
20:14:09.479 INFO  FilterMutectCalls - Done initializing engine
20:14:09.754 INFO  IOUtils - Extracting data from archive: file:///lustre1/project/stg_00096/home/rdewin/WGS/results/mutect2/read_orientation_model.tar.gz
20:14:09.765 INFO  IOUtils - Extracting file: ./P011_tumor.orientation_priors
20:14:09.766 INFO  IOUtils - Extracting file: ./P022_tumor.orientation_priors
20:14:09.773 INFO  IOUtils - Extracting file: ./P060_tumor.orientation_priors
20:14:09.775 INFO  IOUtils - Extracting file: ./P059_tumor.orientation_priors
20:14:09.777 INFO  IOUtils - Extracting file: ./P038_tumor.orientation_priors
20:14:09.778 INFO  IOUtils - Extracting file: ./P062_tumor.orientation_priors
20:14:09.780 INFO  IOUtils - Extracting file: ./P018_tumor.orientation_priors
20:14:09.780 INFO  IOUtils - Extracting file: ./P058_tumor.orientation_priors
20:14:09.781 INFO  IOUtils - Extracting file: ./P103_tumor.orientation_priors
20:14:09.784 INFO  IOUtils - Extracting file: ./P033_tumor.orientation_priors
20:14:09.784 INFO  IOUtils - Extracting file: ./P029_tumor.orientation_priors
20:14:09.785 INFO  IOUtils - Extracting file: ./P024_tumor.orientation_priors
20:14:09.787 INFO  IOUtils - Extracting file: ./P016_tumor.orientation_priors
20:14:09.787 INFO  IOUtils - Extracting file: ./P066_tumor.orientation_priors
20:14:09.788 INFO  IOUtils - Extracting file: ./P036_tumor.orientation_priors
20:14:09.788 INFO  IOUtils - Extracting file: ./P020_tumor.orientation_priors
20:14:09.793 INFO  IOUtils - Extracting file: ./P026_tumor.orientation_priors
20:14:09.794 INFO  IOUtils - Extracting file: ./P056_tumor.orientation_priors
20:14:09.795 INFO  IOUtils - Extracting file: ./P064_tumor.orientation_priors
20:14:09.796 INFO  IOUtils - Extracting file: ./P034_tumor.orientation_priors
20:14:09.797 INFO  IOUtils - Extracting file: ./P028_tumor.orientation_priors
20:14:09.799 INFO  IOUtils - Extracting file: ./P017_tumor.orientation_priors
20:14:09.800 INFO  IOUtils - Extracting file: ./P065_tumor.orientation_priors
20:14:09.800 INFO  IOUtils - Extracting file: ./P023_tumor.orientation_priors
20:14:09.801 INFO  IOUtils - Extracting file: ./P037_tumor.orientation_priors
20:14:09.802 INFO  IOUtils - Extracting file: ./P013_tumor.orientation_priors
20:14:09.803 INFO  IOUtils - Extracting file: ./P057_tumor.orientation_priors
20:14:09.804 INFO  IOUtils - Extracting file: ./P019_tumor.orientation_priors
20:14:09.804 INFO  IOUtils - Extracting file: ./P061_tumor.orientation_priors
20:14:09.806 INFO  IOUtils - Extracting file: ./P041_tumor.orientation_priors
20:14:09.806 INFO  IOUtils - Extracting file: ./P035_tumor.orientation_priors
20:14:09.812 INFO  IOUtils - Extracting file: ./P086_tumor.orientation_priors
20:14:09.815 INFO  IOUtils - Extracting file: ./P105_tumor.orientation_priors
20:14:09.819 INFO  IOUtils - Extracting file: ./P027_tumor.orientation_priors
20:14:10.865 INFO  ProgressMeter - Starting traversal
20:14:10.867 INFO  ProgressMeter -        Current Locus  Elapsed Minutes    Variants Processed  Variants/Minute
20:14:10.869 INFO  FilterMutectCalls - Starting pass 0 through the variants
20:14:21.743 INFO  ProgressMeter -       chr1:181979620              0.2                  8000          44203.0
20:14:31.815 INFO  ProgressMeter -        chr9:64250080              0.3                 57000         163277.0
20:14:41.393 INFO  FilterMutectCalls - Finished pass 0 through the variants
20:14:57.419 INFO  FilterMutectCalls - Starting pass 1 through the variants
20:14:57.465 INFO  ProgressMeter -         chr1:1910757              0.8                119000         153228.7
20:15:07.468 INFO  ProgressMeter -        chr9:73370517              0.9                177000         187635.8
20:15:17.181 INFO  FilterMutectCalls - Finished pass 1 through the variants
20:15:20.506 INFO  FilterMutectCalls - Starting pass 2 through the variants
20:15:20.547 INFO  ProgressMeter -         chr1:2350232              1.2                238000         204939.8
20:15:30.577 INFO  ProgressMeter -        chr9:73716482              1.3                296000         222813.3
20:15:40.592 INFO  FilterMutectCalls - Finished pass 2 through the variants
20:15:40.661 INFO  FilterMutectCalls - Starting pass 3 through the variants
20:15:41.172 INFO  ProgressMeter -         chr1:5762194              1.5                357000         237198.8
20:15:51.306 INFO  ProgressMeter -        chr6:69316815              1.7                397000         237163.6
20:16:01.370 INFO  ProgressMeter -       chr14:81288984              1.8                443000         240538.6
20:16:08.887 INFO  FilterMutectCalls - Finished pass 3 through the variants
20:16:08.946 INFO  FilterMutectCalls - No variants filtered by: AllowAllVariantsVariantFilter
20:16:08.946 INFO  FilterMutectCalls - 0 read(s) filtered by: AllowAllReadsReadFilter 

20:16:08.947 INFO  ProgressMeter -       chrX:144266564              2.0                475552         241646.4
20:16:08.947 INFO  ProgressMeter - Traversal complete. Processed 475552 total variants in 2.0 minutes.
20:16:09.352 INFO  FilterMutectCalls - Shutting down engine
[July 14, 2024 at 8:16:09 PM CEST] org.broadinstitute.hellbender.tools.walkers.mutect.filtering.FilterMutectCalls done. Elapsed time: 2.02 minutes.
Runtime.totalMemory()=2583691264
