Using GATK jar /lustre1/project/stg_00096/home/rdewin/system/miniconda/envs/WGS/share/gatk4-4.5.0.0-0/gatk-package-4.5.0.0-local.jar
Running:
    java -Dsamjdk.use_async_io_read_samtools=false -Dsamjdk.use_async_io_write_samtools=true -Dsamjdk.use_async_io_write_tribble=false -Dsamjdk.compression_level=2 -jar /lustre1/project/stg_00096/home/rdewin/system/miniconda/envs/WGS/share/gatk4-4.5.0.0-0/gatk-package-4.5.0.0-local.jar CalculateContamination -I results/mutect2/P060/P060_tumor_pileup_summaries.table -matched results/mutect2/P060/P060_normal_pileup_summaries.table -O results/mutect2/P060/P060_contamination.table
17:05:50.636 INFO  NativeLibraryLoader - Loading libgkl_compression.so from jar:file:/lustre1/project/stg_00096/home/rdewin/system/miniconda/envs/WGS/share/gatk4-4.5.0.0-0/gatk-package-4.5.0.0-local.jar!/com/intel/gkl/native/libgkl_compression.so
17:05:50.833 INFO  CalculateContamination - ------------------------------------------------------------
17:05:50.835 INFO  CalculateContamination - The Genome Analysis Toolkit (GATK) v4.5.0.0
17:05:50.835 INFO  CalculateContamination - For support and documentation go to https://software.broadinstitute.org/gatk/
17:05:50.835 INFO  CalculateContamination - Executing as vsc35407@i28l15 on Linux v4.18.0-513.24.1.el8_9.x86_64 amd64
17:05:50.835 INFO  CalculateContamination - Java runtime: OpenJDK 64-Bit Server VM v17.0.10-internal+0-adhoc..src
17:05:50.835 INFO  CalculateContamination - Start Date/Time: July 14, 2024 at 5:05:50 PM CEST
17:05:50.835 INFO  CalculateContamination - ------------------------------------------------------------
17:05:50.835 INFO  CalculateContamination - ------------------------------------------------------------
17:05:50.836 INFO  CalculateContamination - HTSJDK Version: 4.1.0
17:05:50.836 INFO  CalculateContamination - Picard Version: 3.1.1
17:05:50.836 INFO  CalculateContamination - Built for Spark Version: 3.5.0
17:05:50.836 INFO  CalculateContamination - HTSJDK Defaults.COMPRESSION_LEVEL : 2
17:05:50.836 INFO  CalculateContamination - HTSJDK Defaults.USE_ASYNC_IO_READ_FOR_SAMTOOLS : false
17:05:50.836 INFO  CalculateContamination - HTSJDK Defaults.USE_ASYNC_IO_WRITE_FOR_SAMTOOLS : true
17:05:50.837 INFO  CalculateContamination - HTSJDK Defaults.USE_ASYNC_IO_WRITE_FOR_TRIBBLE : false
17:05:50.837 INFO  CalculateContamination - Deflater: IntelDeflater
17:05:50.837 INFO  CalculateContamination - Inflater: IntelInflater
17:05:50.837 INFO  CalculateContamination - GCS max retries/reopens: 20
17:05:50.837 INFO  CalculateContamination - Requester pays: disabled
17:05:50.837 INFO  CalculateContamination - Initializing engine
17:05:50.837 INFO  CalculateContamination - Done initializing engine
17:06:08.134 WARN  KernelSegmenter - Specified dimension of the kernel approximation (100) exceeds the number of data points (5) to segment; using all data points to calculate kernel matrix.
17:06:08.187 WARN  KernelSegmenter - Number of points needed to calculate local changepoint costs (2 * window size = 100) exceeds number of data points (5).  Local changepoint costs will not be calculated for this window size.
17:06:08.187 WARN  KernelSegmenter - No changepoint candidates were found.  The specified window sizes may be inappropriate, or there may be insufficient data points.
17:06:08.191 INFO  KernelSegmenter - Found 0 changepoints after applying the changepoint penalty.
17:06:08.937 INFO  KernelSegmenter - Found 6 changepoints after applying the changepoint penalty.
17:06:09.853 INFO  KernelSegmenter - Found 6 changepoints after applying the changepoint penalty.
17:06:10.175 INFO  KernelSegmenter - Found 2 changepoints after applying the changepoint penalty.
17:06:10.975 INFO  KernelSegmenter - Found 6 changepoints after applying the changepoint penalty.
17:06:11.883 INFO  KernelSegmenter - Found 8 changepoints after applying the changepoint penalty.
17:06:12.858 INFO  KernelSegmenter - Found 5 changepoints after applying the changepoint penalty.
17:06:13.321 INFO  KernelSegmenter - Found 4 changepoints after applying the changepoint penalty.
17:06:13.966 INFO  KernelSegmenter - Found 7 changepoints after applying the changepoint penalty.
17:06:15.105 INFO  KernelSegmenter - Found 4 changepoints after applying the changepoint penalty.
17:06:15.546 INFO  KernelSegmenter - Found 9 changepoints after applying the changepoint penalty.
17:06:16.021 INFO  KernelSegmenter - Found 7 changepoints after applying the changepoint penalty.
17:06:16.879 INFO  KernelSegmenter - Found 7 changepoints after applying the changepoint penalty.
17:06:17.674 INFO  KernelSegmenter - Found 7 changepoints after applying the changepoint penalty.
17:06:18.698 INFO  KernelSegmenter - Found 4 changepoints after applying the changepoint penalty.
17:06:19.438 INFO  KernelSegmenter - Found 9 changepoints after applying the changepoint penalty.
17:06:20.395 INFO  KernelSegmenter - Found 8 changepoints after applying the changepoint penalty.
17:06:20.952 INFO  KernelSegmenter - Found 9 changepoints after applying the changepoint penalty.
17:06:21.284 INFO  KernelSegmenter - Found 2 changepoints after applying the changepoint penalty.
17:06:21.635 INFO  KernelSegmenter - Found 8 changepoints after applying the changepoint penalty.
17:06:22.093 INFO  KernelSegmenter - Found 8 changepoints after applying the changepoint penalty.
17:06:22.518 INFO  KernelSegmenter - Found 8 changepoints after applying the changepoint penalty.
17:06:22.915 INFO  KernelSegmenter - Found 4 changepoints after applying the changepoint penalty.
17:06:23.306 INFO  KernelSegmenter - Found 5 changepoints after applying the changepoint penalty.
17:13:24.048 INFO  CalculateContamination - Shutting down engine
[July 14, 2024 at 5:13:24 PM CEST] org.broadinstitute.hellbender.tools.walkers.contamination.CalculateContamination done. Elapsed time: 7.56 minutes.
Runtime.totalMemory()=7398752256
Tool returned:
SUCCESS
