Using GATK jar /lustre1/project/stg_00096/home/rdewin/system/miniconda/envs/WGS/share/gatk4-4.5.0.0-0/gatk-package-4.5.0.0-local.jar
Running:
    java -Dsamjdk.use_async_io_read_samtools=false -Dsamjdk.use_async_io_write_samtools=true -Dsamjdk.use_async_io_write_tribble=false -Dsamjdk.compression_level=2 -jar /lustre1/project/stg_00096/home/rdewin/system/miniconda/envs/WGS/share/gatk4-4.5.0.0-0/gatk-package-4.5.0.0-local.jar GetPileupSummaries -I results/recal/P062/P062_dna_normal_recal.bam -L resources/filtered_gnomad_chr.vcf.gz -V resources/filtered_gnomad_chr.vcf.gz -O results/mutect2/P062/P062_normal_pileup_summaries.table
16:31:26.618 INFO  NativeLibraryLoader - Loading libgkl_compression.so from jar:file:/lustre1/project/stg_00096/home/rdewin/system/miniconda/envs/WGS/share/gatk4-4.5.0.0-0/gatk-package-4.5.0.0-local.jar!/com/intel/gkl/native/libgkl_compression.so
16:31:26.756 INFO  GetPileupSummaries - ------------------------------------------------------------
16:31:26.759 INFO  GetPileupSummaries - The Genome Analysis Toolkit (GATK) v4.5.0.0
16:31:26.759 INFO  GetPileupSummaries - For support and documentation go to https://software.broadinstitute.org/gatk/
16:31:26.759 INFO  GetPileupSummaries - Executing as vsc35407@i28l15 on Linux v4.18.0-513.24.1.el8_9.x86_64 amd64
16:31:26.759 INFO  GetPileupSummaries - Java runtime: OpenJDK 64-Bit Server VM v17.0.10-internal+0-adhoc..src
16:31:26.759 INFO  GetPileupSummaries - Start Date/Time: July 14, 2024 at 4:31:26 PM CEST
16:31:26.759 INFO  GetPileupSummaries - ------------------------------------------------------------
16:31:26.759 INFO  GetPileupSummaries - ------------------------------------------------------------
16:31:26.760 INFO  GetPileupSummaries - HTSJDK Version: 4.1.0
16:31:26.760 INFO  GetPileupSummaries - Picard Version: 3.1.1
16:31:26.760 INFO  GetPileupSummaries - Built for Spark Version: 3.5.0
16:31:26.760 INFO  GetPileupSummaries - HTSJDK Defaults.COMPRESSION_LEVEL : 2
16:31:26.760 INFO  GetPileupSummaries - HTSJDK Defaults.USE_ASYNC_IO_READ_FOR_SAMTOOLS : false
16:31:26.760 INFO  GetPileupSummaries - HTSJDK Defaults.USE_ASYNC_IO_WRITE_FOR_SAMTOOLS : true
16:31:26.760 INFO  GetPileupSummaries - HTSJDK Defaults.USE_ASYNC_IO_WRITE_FOR_TRIBBLE : false
16:31:26.761 INFO  GetPileupSummaries - Deflater: IntelDeflater
16:31:26.761 INFO  GetPileupSummaries - Inflater: IntelInflater
16:31:26.761 INFO  GetPileupSummaries - GCS max retries/reopens: 20
16:31:26.761 INFO  GetPileupSummaries - Requester pays: disabled
16:31:26.761 INFO  GetPileupSummaries - Initializing engine
16:31:26.980 INFO  FeatureManager - Using codec VCFCodec to read file file:///lustre1/project/stg_00096/home/rdewin/WGS/resources/filtered_gnomad_chr.vcf.gz
16:31:27.112 INFO  FeatureManager - Using codec VCFCodec to read file file:///lustre1/project/stg_00096/home/rdewin/WGS/resources/filtered_gnomad_chr.vcf.gz
16:32:33.387 INFO  IntervalArgumentCollection - Processing 8916026 bp from intervals
16:32:33.692 INFO  GetPileupSummaries - Done initializing engine
16:32:33.699 INFO  ProgressMeter - Starting traversal
16:32:33.699 INFO  ProgressMeter -        Current Locus  Elapsed Minutes        Loci Processed      Loci/Minute
16:33:09.483 INFO  ProgressMeter -          chr1:249979              0.6                  1000           1676.8
16:33:19.832 INFO  ProgressMeter -         chr1:6522642              0.8                 27000          35116.6
16:33:29.860 INFO  ProgressMeter -        chr1:13228744              0.9                 52000          55555.6
16:33:40.180 INFO  ProgressMeter -        chr1:20261124              1.1                 76000          68592.1
16:33:50.539 INFO  ProgressMeter -        chr1:28234652              1.3                 98000          76522.6
16:34:00.574 INFO  ProgressMeter -        chr1:35893057              1.4                119000          82187.1
16:34:10.804 INFO  ProgressMeter -        chr1:43158171              1.6                140000          86504.3
16:34:21.215 INFO  ProgressMeter -        chr1:51516103              1.8                159000          88731.8
16:34:31.323 INFO  ProgressMeter -        chr1:58323874              2.0                180000          91818.0
16:34:41.507 INFO  ProgressMeter -        chr1:65111573              2.1                200000          93890.8
16:34:51.805 INFO  ProgressMeter -        chr1:72410176              2.3                219000          95145.0
16:35:01.855 INFO  ProgressMeter -        chr1:79721188              2.5                238000          96385.5
16:35:11.948 INFO  ProgressMeter -        chr1:86494035              2.6                258000          97821.1
16:35:22.355 INFO  ProgressMeter -        chr1:94356790              2.8                278000          98899.5
16:35:32.709 INFO  ProgressMeter -       chr1:101695766              3.0                298000          99882.7
16:35:42.883 INFO  ProgressMeter -       chr1:108720793              3.2                319000         101171.3
16:35:52.887 INFO  ProgressMeter -       chr1:115895635              3.3                339000         102114.6
16:36:02.888 INFO  ProgressMeter -       chr1:142909663              3.5                362000         103830.0
16:36:13.290 INFO  ProgressMeter -       chr1:151303202              3.7                384000         104922.3
16:36:23.679 INFO  ProgressMeter -       chr1:158728661              3.8                406000         105922.3
16:36:33.931 INFO  ProgressMeter -       chr1:165873078              4.0                427000         106647.4
16:36:43.947 INFO  ProgressMeter -       chr1:172602613              4.2                447000         107174.1
16:36:54.404 INFO  ProgressMeter -       chr1:180486155              4.3                467000         107478.2
16:37:04.626 INFO  ProgressMeter -       chr1:187931327              4.5                487000         107851.9
16:37:14.732 INFO  ProgressMeter -       chr1:194657032              4.7                507000         108243.5
16:37:24.778 INFO  ProgressMeter -       chr1:201396563              4.9                526000         108424.2
16:37:35.072 INFO  ProgressMeter -       chr1:208593052              5.0                546000         108702.5
16:37:45.411 INFO  ProgressMeter -       chr1:215422745              5.2                567000         109139.2
16:37:55.698 INFO  ProgressMeter -       chr1:222479078              5.4                587000         109379.2
16:38:05.958 INFO  ProgressMeter -       chr1:229775422              5.5                608000         109793.9
16:38:16.091 INFO  ProgressMeter -       chr1:236389502              5.7                629000         110224.5
16:38:26.590 INFO  ProgressMeter -       chr1:243113352              5.9                651000         110685.7
16:38:36.789 INFO  ProgressMeter -          chr2:785687              6.1                674000         111377.3
16:38:46.799 INFO  ProgressMeter -         chr2:6627337              6.2                697000         112087.9
16:38:57.142 INFO  ProgressMeter -        chr2:13680976              6.4                719000         112506.9
16:39:07.371 INFO  ProgressMeter -        chr2:20625646              6.6                741000         112936.7
16:39:17.628 INFO  ProgressMeter -        chr2:28573156              6.7                761000         113039.9
16:39:27.878 INFO  ProgressMeter -        chr2:35255491              6.9                783000         113429.2
16:39:38.072 INFO  ProgressMeter -        chr2:41642371              7.1                805000         113815.0
16:39:48.334 INFO  ProgressMeter -        chr2:48087662              7.2                827000         114165.0
16:39:58.581 INFO  ProgressMeter -        chr2:54257818              7.4                848000         114367.4
16:40:08.606 INFO  ProgressMeter -        chr2:60741185              7.6                868000         114484.9
16:40:18.689 INFO  ProgressMeter -        chr2:68149773              7.7                888000         114583.4
16:40:28.828 INFO  ProgressMeter -        chr2:75164326              7.9                908000         114663.8
16:40:39.206 INFO  ProgressMeter -        chr2:81637136              8.1                930000         114931.4
16:40:49.639 INFO  ProgressMeter -        chr2:88782145              8.3                953000         115296.4
16:40:59.656 INFO  ProgressMeter -       chr2:101011818              8.4                976000         115741.3
16:41:09.983 INFO  ProgressMeter -       chr2:108448040              8.6                997000         115866.5
16:41:20.337 INFO  ProgressMeter -       chr2:116249252              8.8               1018000         115981.0
16:41:30.580 INFO  ProgressMeter -       chr2:123361553              8.9               1040000         116227.1
16:41:40.742 INFO  ProgressMeter -       chr2:130374418              9.1               1062000         116480.8
16:41:51.081 INFO  ProgressMeter -       chr2:137366076              9.3               1085000         116796.0
16:42:01.203 INFO  ProgressMeter -       chr2:143956782              9.5               1106000         116933.1
16:42:11.236 INFO  ProgressMeter -       chr2:151779133              9.6               1124000         116771.7
16:42:21.510 INFO  ProgressMeter -       chr2:159394008              9.8               1143000         116670.2
16:42:31.931 INFO  ProgressMeter -       chr2:166969236             10.0               1162000         116543.4
16:42:42.217 INFO  ProgressMeter -       chr2:173790325             10.1               1183000         116644.0
16:42:52.544 INFO  ProgressMeter -       chr2:181096036             10.3               1203000         116636.6
16:43:02.552 INFO  ProgressMeter -       chr2:188276516             10.5               1222000         116593.4
16:43:12.802 INFO  ProgressMeter -       chr2:195949857             10.7               1241000         116507.0
16:43:23.148 INFO  ProgressMeter -       chr2:204211714             10.8               1259000         116314.2
16:43:33.470 INFO  ProgressMeter -       chr2:211692754             11.0               1279000         116313.3
16:43:43.879 INFO  ProgressMeter -       chr2:218402553             11.2               1300000         116386.6
16:43:54.110 INFO  ProgressMeter -       chr2:225754273             11.3               1321000         116488.6
16:44:04.474 INFO  ProgressMeter -       chr2:232764347             11.5               1343000         116651.6
16:44:14.552 INFO  ProgressMeter -       chr2:239078460             11.7               1366000         116943.2
16:44:24.909 INFO  ProgressMeter -         chr3:2399328             11.9               1391000         117349.3
16:44:35.129 INFO  ProgressMeter -         chr3:8171605             12.0               1414000         117599.8
16:44:45.198 INFO  ProgressMeter -        chr3:14867333             12.2               1435000         117703.5
16:44:55.597 INFO  ProgressMeter -        chr3:21603642             12.4               1456000         117752.0
16:45:05.905 INFO  ProgressMeter -        chr3:27918550             12.5               1478000         117893.2
16:45:15.940 INFO  ProgressMeter -        chr3:34274766             12.7               1499000         117994.2
16:45:26.415 INFO  ProgressMeter -        chr3:41584417             12.9               1519000         117951.1
16:45:36.551 INFO  ProgressMeter -        chr3:49481976             13.0               1538000         117876.7
16:45:46.727 INFO  ProgressMeter -        chr3:57303975             13.2               1557000         117801.8
16:45:57.010 INFO  ProgressMeter -        chr3:63676429             13.4               1578000         117862.2
16:46:07.156 INFO  ProgressMeter -        chr3:70046392             13.6               1599000         117941.2
16:46:17.432 INFO  ProgressMeter -        chr3:76887776             13.7               1621000         118072.2
16:46:27.516 INFO  ProgressMeter -        chr3:84372686             13.9               1640000         118011.5
16:46:37.667 INFO  ProgressMeter -        chr3:96871738             14.1               1662000         118156.1
16:46:48.175 INFO  ProgressMeter -       chr3:103712099             14.2               1683000         118177.7
16:46:58.476 INFO  ProgressMeter -       chr3:110917060             14.4               1704000         118227.0
16:47:08.955 INFO  ProgressMeter -       chr3:118363910             14.6               1724000         118182.6
16:47:19.218 INFO  ProgressMeter -       chr3:125402120             14.8               1744000         118168.1
16:47:29.249 INFO  ProgressMeter -       chr3:132007534             14.9               1765000         118251.4
16:47:39.260 INFO  ProgressMeter -       chr3:138495821             15.1               1785000         118269.2
16:47:49.739 INFO  ProgressMeter -       chr3:146370492             15.3               1805000         118226.3
16:47:59.809 INFO  ProgressMeter -       chr3:153019698             15.4               1826000         118301.4
16:48:10.055 INFO  ProgressMeter -       chr3:159741004             15.6               1846000         118288.3
16:48:20.429 INFO  ProgressMeter -       chr3:166639802             15.8               1866000         118259.7
16:48:30.445 INFO  ProgressMeter -       chr3:173299951             15.9               1886000         118275.9
16:48:40.712 INFO  ProgressMeter -       chr3:179926416             16.1               1907000         118323.2
16:48:51.064 INFO  ProgressMeter -       chr3:187207854             16.3               1927000         118297.8
16:49:01.270 INFO  ProgressMeter -       chr3:193577698             16.5               1947000         118290.2
16:49:11.504 INFO  ProgressMeter -       chr3:199388999             16.6               1971000         118520.2
16:49:21.573 INFO  ProgressMeter -         chr4:4146793             16.8               1994000         118705.3
16:49:31.680 INFO  ProgressMeter -         chr4:9760131             17.0               2020000         119059.2
16:49:42.031 INFO  ProgressMeter -        chr4:15888121             17.1               2041000         119086.1
16:49:52.124 INFO  ProgressMeter -        chr4:22196663             17.3               2061000         119084.2
16:50:02.476 INFO  ProgressMeter -        chr4:28712732             17.5               2081000         119053.0
16:50:12.746 INFO  ProgressMeter -        chr4:35069994             17.7               2103000         119144.9
16:50:23.161 INFO  ProgressMeter -        chr4:41273208             17.8               2124000         119163.1
16:50:33.177 INFO  ProgressMeter -        chr4:48194578             18.0               2143000         119113.1
16:50:43.461 INFO  ProgressMeter -        chr4:61082744             18.2               2169000         119420.6
16:50:53.859 INFO  ProgressMeter -        chr4:67463745             18.3               2191000         119491.7
16:51:03.984 INFO  ProgressMeter -        chr4:73823180             18.5               2210000         119428.8
16:51:14.432 INFO  ProgressMeter -        chr4:80732018             18.7               2231000         119441.5
16:51:24.472 INFO  ProgressMeter -        chr4:87095801             18.8               2249000         119337.6
16:51:34.864 INFO  ProgressMeter -        chr4:93155809             19.0               2266000         119143.0
16:51:45.271 INFO  ProgressMeter -        chr4:99904562             19.2               2286000         119106.8
16:51:55.302 INFO  ProgressMeter -       chr4:106048175             19.4               2304000         119009.1
16:52:05.480 INFO  ProgressMeter -       chr4:112844298             19.5               2322000         118896.0
16:52:16.236 INFO  ProgressMeter -       chr4:119479792             19.7               2341000         118788.0
16:52:26.408 INFO  ProgressMeter -       chr4:126175315             19.9               2361000         118771.6
16:52:36.498 INFO  ProgressMeter -       chr4:132754071             20.0               2381000         118773.0
16:52:46.895 INFO  ProgressMeter -       chr4:139595034             20.2               2401000         118744.3
16:52:57.112 INFO  ProgressMeter -       chr4:146480113             20.4               2420000         118684.4
16:53:07.546 INFO  ProgressMeter -       chr4:153463328             20.6               2438000         118570.8
16:53:17.796 INFO  ProgressMeter -       chr4:160010307             20.7               2456000         118451.1
16:53:27.827 INFO  ProgressMeter -       chr4:166476844             20.9               2476000         118456.8
16:53:38.269 INFO  ProgressMeter -       chr4:172359289             21.1               2497000         118475.1
16:53:48.570 INFO  ProgressMeter -       chr4:178920057             21.2               2517000         118466.1
16:53:58.641 INFO  ProgressMeter -       chr4:185055614             21.4               2538000         118511.2
16:54:08.895 INFO  ProgressMeter -       chr4:191258841             21.6               2560000         118592.1
16:54:19.269 INFO  ProgressMeter -         chr5:3057429             21.8               2584000         118752.7
16:54:29.676 INFO  ProgressMeter -         chr5:9655467             21.9               2607000         118862.3
16:54:39.885 INFO  ProgressMeter -        chr5:16182223             22.1               2626000         118806.9
16:54:50.355 INFO  ProgressMeter -        chr5:23149849             22.3               2647000         118818.9
16:55:00.428 INFO  ProgressMeter -        chr5:29387667             22.4               2668000         118865.8
16:55:10.830 INFO  ProgressMeter -        chr5:35789356             22.6               2689000         118883.1
16:55:20.943 INFO  ProgressMeter -        chr5:42340037             22.8               2709000         118881.5
16:55:31.103 INFO  ProgressMeter -        chr5:53138604             23.0               2728000         118832.2
16:55:41.143 INFO  ProgressMeter -        chr5:59244938             23.1               2746000         118750.7
16:55:51.602 INFO  ProgressMeter -        chr5:66436341             23.3               2764000         118634.8
16:56:01.760 INFO  ProgressMeter -        chr5:73978909             23.5               2782000         118546.1
16:56:12.014 INFO  ProgressMeter -        chr5:80270727             23.6               2801000         118492.7
16:56:22.648 INFO  ProgressMeter -        chr5:87322620             23.8               2821000         118455.3
16:56:32.654 INFO  ProgressMeter -        chr5:94718424             24.0               2838000         118335.9
16:56:43.097 INFO  ProgressMeter -       chr5:101448363             24.2               2858000         118311.2
16:56:53.357 INFO  ProgressMeter -       chr5:107735757             24.3               2877000         118260.6
16:57:03.428 INFO  ProgressMeter -       chr5:113160807             24.5               2896000         118225.9
16:57:13.687 INFO  ProgressMeter -       chr5:118826439             24.7               2917000         118257.7
16:57:23.917 INFO  ProgressMeter -       chr5:124577914             24.8               2937000         118251.5
16:57:34.262 INFO  ProgressMeter -       chr5:130904499             25.0               2957000         118235.6
16:57:44.696 INFO  ProgressMeter -       chr5:138058684             25.2               2975000         118134.1
16:57:55.438 INFO  ProgressMeter -       chr5:145541912             25.4               2993000         118018.2
16:58:05.457 INFO  ProgressMeter -       chr5:151779546             25.5               3012000         117982.2
16:58:15.853 INFO  ProgressMeter -       chr5:158208079             25.7               3032000         117964.9
16:58:26.009 INFO  ProgressMeter -       chr5:164343690             25.9               3050000         117888.8
16:58:36.311 INFO  ProgressMeter -       chr5:170740957             26.0               3069000         117845.5
16:58:46.362 INFO  ProgressMeter -       chr5:176852029             26.2               3089000         117857.0
16:58:56.284 INFO  ProgressMeter -          chr6:655914             26.4               3110000         117908.4
16:59:06.354 INFO  ProgressMeter -         chr6:6475814             26.5               3131000         117956.9
16:59:16.577 INFO  ProgressMeter -        chr6:12360824             26.7               3151000         117950.3
16:59:26.613 INFO  ProgressMeter -        chr6:18575372             26.9               3170000         117923.2
16:59:37.048 INFO  ProgressMeter -        chr6:24881097             27.1               3191000         117941.5
16:59:47.267 INFO  ProgressMeter -        chr6:30460750             27.2               3215000         118085.1
16:59:57.547 INFO  ProgressMeter -        chr6:35837984             27.4               3246000         118478.1
17:00:07.628 INFO  ProgressMeter -        chr6:41913320             27.6               3265000         118445.3
17:00:17.940 INFO  ProgressMeter -        chr6:48480502             27.7               3283000         118360.3
17:00:28.217 INFO  ProgressMeter -        chr6:54829103             27.9               3302000         118314.7
17:00:38.330 INFO  ProgressMeter -        chr6:63920530             28.1               3321000         118281.2
17:00:48.655 INFO  ProgressMeter -        chr6:69543875             28.2               3339000         118197.8
17:00:59.068 INFO  ProgressMeter -        chr6:75851246             28.4               3358000         118144.6
17:01:09.222 INFO  ProgressMeter -        chr6:82032803             28.6               3378000         118144.7
17:01:19.797 INFO  ProgressMeter -        chr6:88778011             28.8               3397000         118081.4
17:01:29.863 INFO  ProgressMeter -        chr6:95431129             28.9               3416000         118053.4
17:01:40.701 INFO  ProgressMeter -       chr6:102407904             29.1               3435000         117988.9
17:01:50.556 INFO  ProgressMeter -       chr6:108386124             29.3               3454000         117960.7
17:02:00.652 INFO  ProgressMeter -       chr6:114926519             29.4               3472000         117897.9
17:02:11.086 INFO  ProgressMeter -       chr6:121943736             29.6               3491000         117847.2
17:02:21.324 INFO  ProgressMeter -       chr6:128837601             29.8               3509000         117776.4
17:02:31.528 INFO  ProgressMeter -       chr6:134908155             30.0               3529000         117775.4
17:02:41.962 INFO  ProgressMeter -       chr6:142017125             30.1               3549000         117759.4
17:02:52.013 INFO  ProgressMeter -       chr6:148855033             30.3               3568000         117735.5
17:03:02.406 INFO  ProgressMeter -       chr6:155334870             30.5               3590000         117788.1
17:03:12.664 INFO  ProgressMeter -       chr6:162227286             30.6               3612000         117848.9
17:03:22.891 INFO  ProgressMeter -       chr6:168108965             30.8               3632000         117846.1
17:03:32.984 INFO  ProgressMeter -         chr7:1864372             31.0               3658000         118045.4
17:03:43.365 INFO  ProgressMeter -         chr7:7614504             31.2               3685000         118256.4
17:03:53.659 INFO  ProgressMeter -        chr7:13056695             31.3               3708000         118342.9
17:04:04.068 INFO  ProgressMeter -        chr7:19317464             31.5               3730000         118389.6
17:04:14.220 INFO  ProgressMeter -        chr7:25739181             31.7               3752000         118451.8
17:04:24.338 INFO  ProgressMeter -        chr7:32422127             31.8               3772000         118453.2
17:04:34.463 INFO  ProgressMeter -        chr7:38723299             32.0               3792000         118452.9
17:04:44.551 INFO  ProgressMeter -        chr7:45995792             32.2               3812000         118455.5
17:04:54.596 INFO  ProgressMeter -        chr7:52473890             32.3               3833000         118491.6
17:05:04.632 INFO  ProgressMeter -        chr7:59341080             32.5               3859000         118681.7
17:05:14.798 INFO  ProgressMeter -        chr7:69839951             32.7               3884000         118831.3
17:05:24.864 INFO  ProgressMeter -        chr7:77962094             32.9               3906000         118894.2
17:05:35.006 INFO  ProgressMeter -        chr7:84138956             33.0               3926000         118891.3
17:05:45.390 INFO  ProgressMeter -        chr7:90355782             33.2               3944000         118813.6
17:05:55.612 INFO  ProgressMeter -        chr7:97735949             33.4               3963000         118776.4
17:06:06.142 INFO  ProgressMeter -       chr7:105138077             33.5               3986000         118840.6
17:06:16.174 INFO  ProgressMeter -       chr7:112096763             33.7               4006000         118844.5
17:06:26.557 INFO  ProgressMeter -       chr7:119867508             33.9               4025000         118798.3
17:06:36.950 INFO  ProgressMeter -       chr7:127440688             34.1               4045000         118781.3
17:06:47.456 INFO  ProgressMeter -       chr7:135351956             34.2               4065000         118758.0
17:06:57.783 INFO  ProgressMeter -       chr7:142429278             34.4               4086000         118774.2
17:07:08.164 INFO  ProgressMeter -       chr7:149137485             34.6               4109000         118845.2
17:07:18.286 INFO  ProgressMeter -       chr7:155333765             34.7               4133000         118958.8
17:07:28.508 INFO  ProgressMeter -          chr8:960544             34.9               4159000         119123.0
17:07:38.685 INFO  ProgressMeter -         chr8:5317391             35.1               4188000         119373.7
17:07:48.709 INFO  ProgressMeter -        chr8:10904350             35.3               4214000         119545.5
17:07:59.040 INFO  ProgressMeter -        chr8:16920379             35.4               4242000         119754.9
17:08:09.473 INFO  ProgressMeter -        chr8:22685246             35.6               4267000         119872.2
17:08:19.619 INFO  ProgressMeter -        chr8:29617981             35.8               4289000         119920.6
17:08:29.766 INFO  ProgressMeter -        chr8:36750598             35.9               4310000         119940.6
17:08:40.018 INFO  ProgressMeter -        chr8:46437484             36.1               4332000         119982.3
17:08:50.191 INFO  ProgressMeter -        chr8:53716047             36.3               4352000         119972.9
17:09:00.565 INFO  ProgressMeter -        chr8:60857468             36.4               4374000         120007.4
17:09:10.620 INFO  ProgressMeter -        chr8:67881708             36.6               4394000         120004.3
17:09:21.081 INFO  ProgressMeter -        chr8:75226043             36.8               4415000         120006.4
17:09:31.173 INFO  ProgressMeter -        chr8:82188039             37.0               4436000         120028.5
17:09:41.374 INFO  ProgressMeter -        chr8:89856297             37.1               4457000         120044.5
17:09:51.539 INFO  ProgressMeter -        chr8:96837120             37.3               4476000         120008.6
17:10:01.717 INFO  ProgressMeter -       chr8:104134829             37.5               4496000         119999.1
17:10:12.105 INFO  ProgressMeter -       chr8:111283970             37.6               4516000         119978.4
17:10:22.561 INFO  ProgressMeter -       chr8:118731321             37.8               4537000         119980.9
17:10:32.878 INFO  ProgressMeter -       chr8:125834121             38.0               4559000         120017.0
17:10:43.233 INFO  ProgressMeter -       chr8:132760562             38.2               4582000         120076.8
17:10:53.716 INFO  ProgressMeter -       chr8:139677974             38.3               4605000         120129.5
17:11:04.057 INFO  ProgressMeter -          chr9:355645             38.5               4630000         120241.2
17:11:14.211 INFO  ProgressMeter -         chr9:6246017             38.7               4654000         120335.6
17:11:24.321 INFO  ProgressMeter -        chr9:12022349             38.8               4678000         120431.4
17:11:34.615 INFO  ProgressMeter -        chr9:18399400             39.0               4702000         120517.0
17:11:44.947 INFO  ProgressMeter -        chr9:25265525             39.2               4725000         120574.3
17:11:55.177 INFO  ProgressMeter -        chr9:31861032             39.4               4748000         120636.3
17:12:05.249 INFO  ProgressMeter -        chr9:38939031             39.5               4770000         120680.6
17:12:15.257 INFO  ProgressMeter -        chr9:79311673             39.7               4798000         120878.9
17:12:25.766 INFO  ProgressMeter -        chr9:87050300             39.9               4819000         120874.5
17:12:35.918 INFO  ProgressMeter -        chr9:93732838             40.0               4841000         120913.2
17:12:46.036 INFO  ProgressMeter -       chr9:100736431             40.2               4863000         120953.3
17:12:56.282 INFO  ProgressMeter -       chr9:107696146             40.4               4885000         120986.6
17:13:06.305 INFO  ProgressMeter -       chr9:114838820             40.5               4906000         121006.0
17:13:16.700 INFO  ProgressMeter -       chr9:121499802             40.7               4929000         121056.0
17:13:27.155 INFO  ProgressMeter -       chr9:128763125             40.9               4951000         121078.2
17:13:37.205 INFO  ProgressMeter -       chr9:136171523             41.1               4971000         121071.4
17:13:47.626 INFO  ProgressMeter -       chr9:143885286             41.2               4994000         121119.2
17:13:57.743 INFO  ProgressMeter -         chr10:234774             41.4               5020000         121253.9
17:14:07.869 INFO  ProgressMeter -        chr10:6787815             41.6               5045000         121363.0
17:14:17.907 INFO  ProgressMeter -       chr10:13683022             41.7               5068000         121427.7
17:14:28.145 INFO  ProgressMeter -       chr10:19904710             41.9               5092000         121505.9
17:14:38.341 INFO  ProgressMeter -       chr10:26775141             42.1               5115000         121561.8
17:14:48.522 INFO  ProgressMeter -       chr10:33200899             42.2               5138000         121618.0
17:14:58.525 INFO  ProgressMeter -       chr10:41924078             42.4               5163000         121729.3
17:15:08.557 INFO  ProgressMeter -       chr10:49198103             42.6               5192000         121932.4
17:15:18.586 INFO  ProgressMeter -       chr10:55568123             42.7               5213000         121946.9
17:15:28.998 INFO  ProgressMeter -       chr10:62994714             42.9               5235000         121966.4
17:15:39.041 INFO  ProgressMeter -       chr10:69798342             43.1               5256000         121980.0
17:15:49.513 INFO  ProgressMeter -       chr10:77103933             43.3               5278000         121996.5
17:15:59.760 INFO  ProgressMeter -       chr10:83444102             43.4               5299000         122000.3
17:16:09.908 INFO  ProgressMeter -       chr10:90510854             43.6               5321000         122031.5
17:16:20.198 INFO  ProgressMeter -       chr10:98072068             43.8               5342000         122033.2
17:16:30.237 INFO  ProgressMeter -      chr10:106444829             43.9               5362000         122023.7
17:16:40.684 INFO  ProgressMeter -      chr10:113631914             44.1               5385000         122063.4
17:16:50.799 INFO  ProgressMeter -      chr10:121092694             44.3               5406000         122073.0
17:17:00.879 INFO  ProgressMeter -      chr10:127921958             44.5               5429000         122129.0
17:17:10.919 INFO  ProgressMeter -      chr10:134509963             44.6               5455000         122253.7
17:17:21.257 INFO  ProgressMeter -        chr11:6542568             44.8               5482000         122386.2
17:17:31.564 INFO  ProgressMeter -       chr11:13506130             45.0               5504000         122407.9
17:17:41.589 INFO  ProgressMeter -       chr11:21098669             45.1               5524000         122397.9
17:17:51.622 INFO  ProgressMeter -       chr11:27363995             45.3               5547000         122453.8
17:18:01.949 INFO  ProgressMeter -       chr11:35623185             45.5               5567000         122430.1
17:18:12.224 INFO  ProgressMeter -       chr11:42415343             45.6               5590000         122474.7
17:18:22.659 INFO  ProgressMeter -       chr11:50360690             45.8               5612000         122490.0
17:18:33.019 INFO  ProgressMeter -       chr11:60444368             46.0               5637000         122573.7
17:18:43.237 INFO  ProgressMeter -       chr11:68590236             46.2               5659000         122598.1
17:18:53.460 INFO  ProgressMeter -       chr11:75752735             46.3               5682000         122643.6
17:19:03.573 INFO  ProgressMeter -       chr11:82754918             46.5               5704000         122672.2
17:19:13.766 INFO  ProgressMeter -       chr11:89254797             46.7               5725000         122675.6
17:19:23.785 INFO  ProgressMeter -       chr11:96661362             46.8               5746000         122686.6
17:19:34.001 INFO  ProgressMeter -      chr11:103270277             47.0               5768000         122710.3
17:19:44.321 INFO  ProgressMeter -      chr11:110909326             47.2               5789000         122708.0
17:19:54.404 INFO  ProgressMeter -      chr11:118559120             47.3               5810000         122716.0
17:20:04.479 INFO  ProgressMeter -      chr11:125974319             47.5               5832000         122745.4
17:20:14.563 INFO  ProgressMeter -      chr11:132868972             47.7               5854000         122774.1
17:20:24.912 INFO  ProgressMeter -        chr12:4034734             47.9               5877000         122812.2
17:20:34.992 INFO  ProgressMeter -       chr12:10930567             48.0               5900000         122861.5
17:20:45.182 INFO  ProgressMeter -       chr12:18267502             48.2               5921000         122864.3
17:20:55.587 INFO  ProgressMeter -       chr12:25341302             48.4               5943000         122878.7
17:21:05.676 INFO  ProgressMeter -       chr12:31971014             48.5               5965000         122906.2
17:21:15.783 INFO  ProgressMeter -       chr12:40255250             48.7               5992000         123035.5
17:21:25.945 INFO  ProgressMeter -       chr12:46958231             48.9               6013000         123038.8
17:21:36.184 INFO  ProgressMeter -       chr12:54861203             49.0               6035000         123059.3
17:21:46.664 INFO  ProgressMeter -       chr12:62784301             49.2               6056000         123049.2
17:21:56.859 INFO  ProgressMeter -       chr12:69969198             49.4               6077000         123051.1
17:22:07.169 INFO  ProgressMeter -       chr12:77131371             49.6               6098000         123048.2
17:22:17.663 INFO  ProgressMeter -       chr12:84868086             49.7               6119000         123037.7
17:22:27.950 INFO  ProgressMeter -       chr12:92828322             49.9               6139000         123015.7
17:22:38.001 INFO  ProgressMeter -       chr12:99874100             50.1               6160000         123023.6
17:22:48.227 INFO  ProgressMeter -      chr12:106886423             50.2               6181000         123024.2
17:22:58.488 INFO  ProgressMeter -      chr12:114523674             50.4               6203000         123043.3
17:23:08.608 INFO  ProgressMeter -      chr12:121852044             50.6               6226000         123087.7
17:23:18.666 INFO  ProgressMeter -      chr12:128905714             50.7               6250000         123154.0
17:23:28.857 INFO  ProgressMeter -       chr13:19308176             50.9               6277000         123273.5
17:23:39.138 INFO  ProgressMeter -       chr13:26059288             51.1               6301000         123329.8
17:23:49.533 INFO  ProgressMeter -       chr13:33422379             51.3               6324000         123361.7
17:23:59.610 INFO  ProgressMeter -       chr13:40797409             51.4               6345000         123367.1
17:24:10.163 INFO  ProgressMeter -       chr13:48622808             51.6               6367000         123373.0
17:24:20.449 INFO  ProgressMeter -       chr13:56828419             51.8               6387000         123350.8
17:24:30.577 INFO  ProgressMeter -       chr13:63992080             51.9               6409000         123373.5
17:24:40.842 INFO  ProgressMeter -       chr13:71516187             52.1               6430000         123371.4
17:24:51.019 INFO  ProgressMeter -       chr13:78901614             52.3               6451000         123372.9
17:25:01.077 INFO  ProgressMeter -       chr13:86402694             52.5               6472000         123378.9
17:25:11.262 INFO  ProgressMeter -       chr13:94043749             52.6               6493000         123380.0
17:25:21.728 INFO  ProgressMeter -      chr13:101583596             52.8               6515000         123389.0
17:25:31.738 INFO  ProgressMeter -      chr13:108278494             53.0               6538000         123434.6
17:25:42.233 INFO  ProgressMeter -       chr14:14297795             53.1               6565000         123536.4
17:25:52.583 INFO  ProgressMeter -       chr14:21394122             53.3               6588000         123568.1
17:26:02.936 INFO  ProgressMeter -       chr14:28420491             53.5               6609000         123562.1
17:26:13.391 INFO  ProgressMeter -       chr14:35893935             53.7               6631000         123570.8
17:26:23.696 INFO  ProgressMeter -       chr14:42706090             53.8               6654000         123603.8
17:26:33.862 INFO  ProgressMeter -       chr14:50192895             54.0               6675000         123604.9
17:26:43.966 INFO  ProgressMeter -       chr14:57596818             54.2               6696000         123608.3
17:26:54.211 INFO  ProgressMeter -       chr14:64643448             54.3               6717000         123606.4
17:27:04.526 INFO  ProgressMeter -       chr14:71892115             54.5               6739000         123620.1
17:27:14.660 INFO  ProgressMeter -       chr14:78932645             54.7               6760000         123622.4
17:27:24.813 INFO  ProgressMeter -       chr14:86047623             54.9               6782000         123642.0
17:27:34.942 INFO  ProgressMeter -       chr14:92931446             55.0               6805000         123680.7
17:27:45.068 INFO  ProgressMeter -      chr14:100004395             55.2               6830000         123755.5
17:27:55.173 INFO  ProgressMeter -       chr15:22238550             55.4               6859000         123902.9
17:28:05.352 INFO  ProgressMeter -       chr15:29291745             55.5               6884000         123974.5
17:28:15.419 INFO  ProgressMeter -       chr15:36108849             55.7               6906000         123996.0
17:28:25.648 INFO  ProgressMeter -       chr15:43803703             55.9               6928000         124011.4
17:28:35.834 INFO  ProgressMeter -       chr15:51120890             56.0               6949000         124010.5
17:28:46.185 INFO  ProgressMeter -       chr15:57871205             56.2               6972000         124039.1
17:28:56.208 INFO  ProgressMeter -       chr15:65336009             56.4               6993000         124044.0
17:29:06.393 INFO  ProgressMeter -       chr15:73808045             56.5               7014000         124043.0
17:29:16.614 INFO  ProgressMeter -       chr15:81295138             56.7               7036000         124058.3
17:29:26.843 INFO  ProgressMeter -       chr15:88470521             56.9               7059000         124090.9
17:29:37.096 INFO  ProgressMeter -       chr15:95436072             57.1               7083000         124139.9
17:29:47.371 INFO  ProgressMeter -        chr16:2134832             57.2               7110000         124240.2
17:29:57.705 INFO  ProgressMeter -        chr16:7704647             57.4               7135000         124302.9
17:30:08.069 INFO  ProgressMeter -       chr16:13929624             57.6               7162000         124398.9
17:30:18.445 INFO  ProgressMeter -       chr16:22216140             57.7               7186000         124442.0
17:30:28.948 INFO  ProgressMeter -       chr16:31024741             57.9               7210000         124480.3
17:30:39.339 INFO  ProgressMeter -       chr16:55541964             58.1               7235000         124539.5
17:30:49.593 INFO  ProgressMeter -       chr16:63094550             58.3               7257000         124551.8
17:30:59.789 INFO  ProgressMeter -       chr16:70632505             58.4               7279000         124566.1
17:31:09.907 INFO  ProgressMeter -       chr16:78810723             58.6               7300000         124566.0
17:31:20.170 INFO  ProgressMeter -       chr16:85050246             58.8               7325000         124628.8
17:31:30.373 INFO  ProgressMeter -       chr16:90467702             58.9               7352000         124727.4
17:31:40.540 INFO  ProgressMeter -       chr16:96266040             59.1               7380000         124843.5
17:31:50.836 INFO  ProgressMeter -        chr17:6692980             59.3               7406000         124920.7
17:32:00.913 INFO  ProgressMeter -       chr17:13763692             59.5               7430000         124971.5
17:32:11.130 INFO  ProgressMeter -       chr17:21288798             59.6               7453000         125000.3
17:32:21.471 INFO  ProgressMeter -       chr17:33817863             59.8               7480000         125091.6
17:32:31.778 INFO  ProgressMeter -       chr17:41939320             60.0               7503000         125116.8
17:32:41.834 INFO  ProgressMeter -       chr17:49641349             60.1               7525000         125133.9
17:32:51.874 INFO  ProgressMeter -       chr17:57410138             60.3               7546000         125134.9
17:33:01.892 INFO  ProgressMeter -       chr17:65462032             60.5               7566000         125120.2
17:33:12.270 INFO  ProgressMeter -       chr17:73072422             60.6               7589000         125142.6
17:33:22.570 INFO  ProgressMeter -       chr17:80134626             60.8               7614000         125200.4
17:33:32.916 INFO  ProgressMeter -        chr18:3029216             61.0               7640000         125272.7
17:33:43.367 INFO  ProgressMeter -        chr18:9761654             61.2               7664000         125308.3
17:33:53.474 INFO  ProgressMeter -       chr18:21858241             61.3               7688000         125355.5
17:34:03.670 INFO  ProgressMeter -       chr18:29658326             61.5               7709000         125350.6
17:34:14.170 INFO  ProgressMeter -       chr18:37421886             61.7               7730000         125335.4
17:34:24.548 INFO  ProgressMeter -       chr18:45647390             61.8               7751000         125324.4
17:34:34.671 INFO  ProgressMeter -       chr18:52771544             62.0               7773000         125338.2
17:34:44.891 INFO  ProgressMeter -       chr18:59763902             62.2               7794000         125332.6
17:34:54.901 INFO  ProgressMeter -       chr18:66728066             62.4               7816000         125350.1
17:35:05.177 INFO  ProgressMeter -       chr18:73616759             62.5               7839000         125374.6
17:35:15.560 INFO  ProgressMeter -       chr18:80316780             62.7               7865000         125443.2
17:35:25.593 INFO  ProgressMeter -        chr19:6533353             62.9               7893000         125555.0
17:35:35.872 INFO  ProgressMeter -       chr19:13801977             63.0               7919000         125626.2
17:35:46.046 INFO  ProgressMeter -       chr19:21074289             63.2               7944000         125684.7
17:35:56.135 INFO  ProgressMeter -       chr19:32540628             63.4               7971000         125777.3
17:36:06.470 INFO  ProgressMeter -       chr19:40522865             63.5               7995000         125814.0
17:36:16.793 INFO  ProgressMeter -       chr19:47836353             63.7               8020000         125866.6
17:36:26.949 INFO  ProgressMeter -       chr19:55146590             63.9               8046000         125940.1
17:36:37.044 INFO  ProgressMeter -       chr19:61197935             64.1               8074000         126046.5
17:36:47.456 INFO  ProgressMeter -        chr20:6682560             64.2               8099000         126095.1
17:36:57.631 INFO  ProgressMeter -       chr20:13804395             64.4               8121000         126104.7
17:37:07.716 INFO  ProgressMeter -       chr20:20804911             64.6               8143000         126117.2
17:37:18.079 INFO  ProgressMeter -       chr20:33302670             64.7               8172000         126228.6
17:37:28.522 INFO  ProgressMeter -       chr20:42077500             64.9               8194000         126229.1
17:37:38.646 INFO  ProgressMeter -       chr20:49406107             65.1               8216000         126239.9
17:37:48.991 INFO  ProgressMeter -       chr20:56852220             65.3               8241000         126289.5
17:37:59.139 INFO  ProgressMeter -       chr20:63746917             65.4               8266000         126345.1
17:38:09.572 INFO  ProgressMeter -       chr21:13981927             65.6               8299000         126513.3
17:38:20.006 INFO  ProgressMeter -       chr21:21025163             65.8               8323000         126543.6
17:38:30.385 INFO  ProgressMeter -       chr21:27880705             65.9               8347000         126575.6
17:38:40.829 INFO  ProgressMeter -       chr21:35362608             66.1               8370000         126590.3
17:38:51.185 INFO  ProgressMeter -       chr21:42446228             66.3               8394000         126622.7
17:39:01.242 INFO  ProgressMeter -       chr22:17879278             66.5               8424000         126754.7
17:39:11.540 INFO  ProgressMeter -       chr22:25103899             66.6               8452000         126848.5
17:39:22.019 INFO  ProgressMeter -       chr22:32451661             66.8               8476000         126876.1
17:39:32.298 INFO  ProgressMeter -       chr22:39565029             67.0               8500000         126909.9
17:39:42.299 INFO  ProgressMeter -       chr22:46788736             67.1               8524000         126952.3
17:39:52.487 INFO  ProgressMeter -         chrX:1505785             67.3               8556000         127107.4
17:40:02.788 INFO  ProgressMeter -        chrX:14971429             67.5               8590000         127287.9
17:40:12.864 INFO  ProgressMeter -        chrX:30546611             67.7               8623000         127459.7
17:40:22.881 INFO  ProgressMeter -        chrX:44240378             67.8               8654000         127603.0
17:40:32.887 INFO  ProgressMeter -        chrX:65308001             68.0               8684000         127731.3
17:40:43.219 INFO  ProgressMeter -        chrX:82450485             68.2               8716000         127878.1
17:40:53.479 INFO  ProgressMeter -        chrX:95775903             68.3               8753000         128099.6
17:41:03.649 INFO  ProgressMeter -       chrX:112743595             68.5               8785000         128249.8
17:41:13.919 INFO  ProgressMeter -       chrX:127998267             68.7               8820000         128439.7
17:41:23.920 INFO  ProgressMeter -       chrX:144175083             68.8               8853000         128608.1
17:41:34.586 INFO  ProgressMeter -        chrY:19572041             69.0               8880000         128668.1
17:41:35.687 INFO  GetPileupSummaries - 0 read(s) filtered by: MappingQualityAvailableReadFilter 
4836221 read(s) filtered by: MappingQualityNotZeroReadFilter 
0 read(s) filtered by: MappedReadFilter 
275410 read(s) filtered by: PrimaryLineReadFilter 
56279573 read(s) filtered by: NotDuplicateReadFilter 
0 read(s) filtered by: PassesVendorQualityCheckReadFilter 
0 read(s) filtered by: NonZeroReferenceLengthAlignmentReadFilter 
654465 read(s) filtered by: MateOnSameContigOrNoMappedMateReadFilter 
0 read(s) filtered by: GoodCigarReadFilter 
0 read(s) filtered by: WellformedReadFilter 
62045669 total reads filtered out of 404057653 reads processed
17:41:35.687 INFO  ProgressMeter -        chrY:19572041             69.0               8880713         128644.2
17:41:35.687 INFO  ProgressMeter - Traversal complete. Processed 8880713 total loci in 69.0 minutes.
17:41:35.688 INFO  GetPileupSummaries - Shutting down engine
[July 14, 2024 at 5:41:35 PM CEST] org.broadinstitute.hellbender.tools.walkers.contamination.GetPileupSummaries done. Elapsed time: 70.15 minutes.
Runtime.totalMemory()=23135780864
Tool returned:
SUCCESS
