Using GATK jar /lustre1/project/stg_00096/home/rdewin/system/miniconda/envs/WGS/share/gatk4-4.5.0.0-0/gatk-package-4.5.0.0-local.jar
Running:
    java -Dsamjdk.use_async_io_read_samtools=false -Dsamjdk.use_async_io_write_samtools=true -Dsamjdk.use_async_io_write_tribble=false -Dsamjdk.compression_level=2 -jar /lustre1/project/stg_00096/home/rdewin/system/miniconda/envs/WGS/share/gatk4-4.5.0.0-0/gatk-package-4.5.0.0-local.jar GetPileupSummaries -I results/recal/P062/P062_dna_tumor_recal.bam -L resources/filtered_gnomad_chr.vcf.gz -V resources/filtered_gnomad_chr.vcf.gz -O results/mutect2/P062/P062_tumor_pileup_summaries.table
16:31:26.582 INFO  NativeLibraryLoader - Loading libgkl_compression.so from jar:file:/lustre1/project/stg_00096/home/rdewin/system/miniconda/envs/WGS/share/gatk4-4.5.0.0-0/gatk-package-4.5.0.0-local.jar!/com/intel/gkl/native/libgkl_compression.so
16:31:26.714 INFO  GetPileupSummaries - ------------------------------------------------------------
16:31:26.717 INFO  GetPileupSummaries - The Genome Analysis Toolkit (GATK) v4.5.0.0
16:31:26.717 INFO  GetPileupSummaries - For support and documentation go to https://software.broadinstitute.org/gatk/
16:31:26.717 INFO  GetPileupSummaries - Executing as vsc35407@i28l15 on Linux v4.18.0-513.24.1.el8_9.x86_64 amd64
16:31:26.717 INFO  GetPileupSummaries - Java runtime: OpenJDK 64-Bit Server VM v17.0.10-internal+0-adhoc..src
16:31:26.718 INFO  GetPileupSummaries - Start Date/Time: July 14, 2024 at 4:31:26 PM CEST
16:31:26.718 INFO  GetPileupSummaries - ------------------------------------------------------------
16:31:26.718 INFO  GetPileupSummaries - ------------------------------------------------------------
16:31:26.720 INFO  GetPileupSummaries - HTSJDK Version: 4.1.0
16:31:26.720 INFO  GetPileupSummaries - Picard Version: 3.1.1
16:31:26.720 INFO  GetPileupSummaries - Built for Spark Version: 3.5.0
16:31:26.720 INFO  GetPileupSummaries - HTSJDK Defaults.COMPRESSION_LEVEL : 2
16:31:26.721 INFO  GetPileupSummaries - HTSJDK Defaults.USE_ASYNC_IO_READ_FOR_SAMTOOLS : false
16:31:26.721 INFO  GetPileupSummaries - HTSJDK Defaults.USE_ASYNC_IO_WRITE_FOR_SAMTOOLS : true
16:31:26.722 INFO  GetPileupSummaries - HTSJDK Defaults.USE_ASYNC_IO_WRITE_FOR_TRIBBLE : false
16:31:26.722 INFO  GetPileupSummaries - Deflater: IntelDeflater
16:31:26.722 INFO  GetPileupSummaries - Inflater: IntelInflater
16:31:26.723 INFO  GetPileupSummaries - GCS max retries/reopens: 20
16:31:26.723 INFO  GetPileupSummaries - Requester pays: disabled
16:31:26.723 INFO  GetPileupSummaries - Initializing engine
16:31:26.873 INFO  FeatureManager - Using codec VCFCodec to read file file:///lustre1/project/stg_00096/home/rdewin/WGS/resources/filtered_gnomad_chr.vcf.gz
16:31:26.997 INFO  FeatureManager - Using codec VCFCodec to read file file:///lustre1/project/stg_00096/home/rdewin/WGS/resources/filtered_gnomad_chr.vcf.gz
16:32:34.001 INFO  IntervalArgumentCollection - Processing 8916026 bp from intervals
16:32:34.233 INFO  GetPileupSummaries - Done initializing engine
16:32:34.239 INFO  ProgressMeter - Starting traversal
16:32:34.239 INFO  ProgressMeter -        Current Locus  Elapsed Minutes        Loci Processed      Loci/Minute
16:33:11.600 INFO  ProgressMeter -          chr1:249846              0.6                  1000           1606.0
16:33:21.612 INFO  ProgressMeter -         chr1:3879849              0.8                 17000          21531.3
16:33:32.053 INFO  ProgressMeter -         chr1:7716540              1.0                 31000          32172.7
16:33:42.913 INFO  ProgressMeter -        chr1:12053878              1.1                 45000          39316.8
16:33:53.557 INFO  ProgressMeter -        chr1:15768796              1.3                 61000          46143.4
16:34:04.066 INFO  ProgressMeter -        chr1:19874392              1.5                 75000          50096.9
16:34:14.769 INFO  ProgressMeter -        chr1:24429759              1.7                 88000          52522.2
16:34:25.091 INFO  ProgressMeter -        chr1:29098037              1.8                100000          54126.7
16:34:35.878 INFO  ProgressMeter -        chr1:33638768              2.0                113000          55738.7
16:34:46.213 INFO  ProgressMeter -        chr1:38051593              2.2                125000          56829.4
16:34:56.541 INFO  ProgressMeter -        chr1:42128339              2.4                137000          57764.5
16:35:07.057 INFO  ProgressMeter -        chr1:46805049              2.5                148000          58108.3
16:35:17.853 INFO  ProgressMeter -        chr1:51460856              2.7                159000          58308.0
16:35:28.623 INFO  ProgressMeter -        chr1:55587726              2.9                172000          59179.7
16:35:39.417 INFO  ProgressMeter -        chr1:59478139              3.1                184000          59618.3
16:35:49.613 INFO  ProgressMeter -        chr1:63301089              3.3                195000          59885.1
16:36:00.402 INFO  ProgressMeter -        chr1:67366476              3.4                206000          59952.6
16:36:11.363 INFO  ProgressMeter -        chr1:71631473              3.6                217000          59965.7
16:36:22.026 INFO  ProgressMeter -        chr1:75896717              3.8                227000          59792.7
16:36:32.409 INFO  ProgressMeter -        chr1:79665523              4.0                238000          59957.4
16:36:42.846 INFO  ProgressMeter -        chr1:83315343              4.1                249000          60094.8
16:36:53.367 INFO  ProgressMeter -        chr1:87196857              4.3                260000          60201.9
16:37:04.014 INFO  ProgressMeter -        chr1:91340297              4.5                271000          60272.4
16:37:14.213 INFO  ProgressMeter -        chr1:95452836              4.7                281000          60219.9
16:37:24.534 INFO  ProgressMeter -        chr1:99311358              4.8                291000          60145.7
16:37:34.734 INFO  ProgressMeter -       chr1:102744915              5.0                302000          60300.7
16:37:45.659 INFO  ProgressMeter -       chr1:106607119              5.2                314000          60497.1
16:37:56.459 INFO  ProgressMeter -       chr1:110956447              5.4                325000          60517.8
16:38:06.639 INFO  ProgressMeter -       chr1:114885992              5.5                336000          60649.8
16:38:16.927 INFO  ProgressMeter -       chr1:118730395              5.7                347000          60755.0
16:38:27.282 INFO  ProgressMeter -       chr1:132620284              5.9                360000          61182.3
16:38:37.939 INFO  ProgressMeter -       chr1:147278890              6.1                373000          61534.4
16:38:48.311 INFO  ProgressMeter -       chr1:151403625              6.2                385000          61752.8
16:38:58.816 INFO  ProgressMeter -       chr1:155969914              6.4                397000          61938.2
16:39:09.101 INFO  ProgressMeter -       chr1:159494380              6.6                409000          62148.5
16:39:19.750 INFO  ProgressMeter -       chr1:163660423              6.8                421000          62291.9
16:39:30.617 INFO  ProgressMeter -       chr1:167637946              6.9                433000          62395.4
16:39:41.454 INFO  ProgressMeter -       chr1:171420661              7.1                445000          62497.8
16:39:51.613 INFO  ProgressMeter -       chr1:175609249              7.3                455000          62418.1
16:40:02.258 INFO  ProgressMeter -       chr1:179910070              7.5                466000          62408.1
16:40:12.561 INFO  ProgressMeter -       chr1:183913722              7.6                477000          62445.2
16:40:23.371 INFO  ProgressMeter -       chr1:188018250              7.8                488000          62413.1
16:40:34.001 INFO  ProgressMeter -       chr1:191785337              8.0                499000          62406.1
16:40:44.453 INFO  ProgressMeter -       chr1:195515098              8.2                510000          62421.8
16:40:54.865 INFO  ProgressMeter -       chr1:199121524              8.3                520000          62322.0
16:41:05.233 INFO  ProgressMeter -       chr1:203457158              8.5                532000          62466.5
16:41:15.299 INFO  ProgressMeter -       chr1:207497590              8.7                543000          62526.5
16:41:25.839 INFO  ProgressMeter -       chr1:211218235              8.9                555000          62641.1
16:41:36.624 INFO  ProgressMeter -       chr1:215197378              9.0                567000          62723.0
16:41:47.096 INFO  ProgressMeter -       chr1:219025664              9.2                578000          62728.7
16:41:57.202 INFO  ProgressMeter -       chr1:222906619              9.4                589000          62775.0
16:42:08.009 INFO  ProgressMeter -       chr1:227050854              9.6                601000          62847.5
16:42:18.288 INFO  ProgressMeter -       chr1:231267031              9.7                613000          62974.2
16:42:28.724 INFO  ProgressMeter -       chr1:234966303              9.9                625000          63079.8
16:42:39.516 INFO  ProgressMeter -       chr1:238756422             10.1                638000          63243.8
16:42:49.737 INFO  ProgressMeter -       chr1:242368991             10.3                650000          63363.3
16:42:59.849 INFO  ProgressMeter -       chr1:246088097             10.4                662000          63490.0
16:43:10.101 INFO  ProgressMeter -         chr2:1081618             10.6                676000          63787.5
16:43:20.636 INFO  ProgressMeter -         chr2:4545172             10.8                690000          64047.3
16:43:30.638 INFO  ProgressMeter -         chr2:8095544             10.9                702000          64168.4
16:43:41.286 INFO  ProgressMeter -        chr2:12115373             11.1                715000          64313.3
16:43:51.930 INFO  ProgressMeter -        chr2:15878072             11.3                727000          64365.6
16:44:02.368 INFO  ProgressMeter -        chr2:19710102             11.5                739000          64435.7
16:44:12.968 INFO  ProgressMeter -        chr2:23749590             11.6                751000          64488.6
16:44:23.596 INFO  ProgressMeter -        chr2:28640962             11.8                762000          64452.7
16:44:34.436 INFO  ProgressMeter -        chr2:32938155             12.0                774000          64482.4
16:44:44.764 INFO  ProgressMeter -        chr2:36109330             12.2                787000          64638.4
16:44:55.012 INFO  ProgressMeter -        chr2:39681866             12.3                799000          64716.2
16:45:05.296 INFO  ProgressMeter -        chr2:43186691             12.5                811000          64788.7
16:45:15.711 INFO  ProgressMeter -        chr2:46794601             12.7                823000          64848.1
16:45:26.415 INFO  ProgressMeter -        chr2:50395674             12.9                835000          64881.8
16:45:36.866 INFO  ProgressMeter -        chr2:53665413             13.0                847000          64935.2
16:45:47.500 INFO  ProgressMeter -        chr2:57284489             13.2                859000          64972.3
16:45:58.089 INFO  ProgressMeter -        chr2:61335284             13.4                870000          64937.5
16:46:08.708 INFO  ProgressMeter -        chr2:65676393             13.6                881000          64901.3
16:46:19.378 INFO  ProgressMeter -        chr2:69450089             13.8                893000          64934.6
16:46:30.023 INFO  ProgressMeter -        chr2:73659388             13.9                905000          64968.9
16:46:40.664 INFO  ProgressMeter -        chr2:77334176             14.1                917000          65002.8
16:46:50.710 INFO  ProgressMeter -        chr2:80849306             14.3                928000          65011.0
16:47:00.886 INFO  ProgressMeter -        chr2:84268109             14.4                940000          65078.5
16:47:11.410 INFO  ProgressMeter -        chr2:88475547             14.6                953000          65186.8
16:47:21.624 INFO  ProgressMeter -        chr2:96968790             14.8                968000          65450.8
16:47:31.669 INFO  ProgressMeter -       chr2:101309675             15.0                978000          65386.8
16:47:42.375 INFO  ProgressMeter -       chr2:105505452             15.1                989000          65342.7
16:47:53.020 INFO  ProgressMeter -       chr2:109518486             15.3               1001000          65369.2
16:48:03.666 INFO  ProgressMeter -       chr2:114203376             15.5               1013000          65395.1
16:48:13.682 INFO  ProgressMeter -       chr2:117532775             15.7               1023000          65336.6
16:48:23.743 INFO  ProgressMeter -       chr2:121360207             15.8               1035000          65402.6
16:48:34.590 INFO  ProgressMeter -       chr2:125469493             16.0               1047000          65413.6
16:48:44.748 INFO  ProgressMeter -       chr2:129097511             16.2               1059000          65470.8
16:48:55.599 INFO  ProgressMeter -       chr2:132665817             16.4               1072000          65541.8
16:49:06.252 INFO  ProgressMeter -       chr2:136401646             16.5               1083000          65503.2
16:49:16.414 INFO  ProgressMeter -       chr2:139878927             16.7               1094000          65497.5
16:49:26.567 INFO  ProgressMeter -       chr2:142915565             16.9               1104000          65433.4
16:49:36.741 INFO  ProgressMeter -       chr2:146879926             17.0               1113000          65310.4
16:49:47.348 INFO  ProgressMeter -       chr2:150741778             17.2               1122000          65162.6
16:49:58.362 INFO  ProgressMeter -       chr2:154636217             17.4               1132000          65049.8
16:50:08.526 INFO  ProgressMeter -       chr2:158538852             17.6               1141000          64934.9
16:50:19.353 INFO  ProgressMeter -       chr2:162300762             17.8               1151000          64841.0
16:50:29.353 INFO  ProgressMeter -       chr2:165837359             17.9               1160000          64737.3
16:50:39.436 INFO  ProgressMeter -       chr2:169121872             18.1               1170000          64688.7
16:50:49.880 INFO  ProgressMeter -       chr2:172931138             18.3               1181000          64674.5
16:51:00.932 INFO  ProgressMeter -       chr2:176518677             18.4               1191000          64570.8
16:51:11.135 INFO  ProgressMeter -       chr2:180073694             18.6               1201000          64518.1
16:51:21.300 INFO  ProgressMeter -       chr2:183455989             18.8               1210000          64415.3
16:51:32.305 INFO  ProgressMeter -       chr2:187301457             19.0               1220000          64319.7
16:51:43.546 INFO  ProgressMeter -       chr2:191111694             19.2               1231000          64269.1
16:51:53.900 INFO  ProgressMeter -       chr2:195061589             19.3               1239000          64104.9
16:52:05.020 INFO  ProgressMeter -       chr2:198868505             19.5               1249000          64008.6
16:52:16.595 INFO  ProgressMeter -       chr2:203657069             19.7               1259000          63889.4
16:52:27.012 INFO  ProgressMeter -       chr2:207808079             19.9               1269000          63834.4
16:52:37.577 INFO  ProgressMeter -       chr2:211370436             20.1               1279000          63774.3
16:52:47.671 INFO  ProgressMeter -       chr2:214438438             20.2               1289000          63736.6
16:52:58.709 INFO  ProgressMeter -       chr2:218071502             20.4               1300000          63701.0
16:53:09.262 INFO  ProgressMeter -       chr2:221851286             20.6               1311000          63691.2
16:53:19.326 INFO  ProgressMeter -       chr2:225369074             20.8               1321000          63658.3
16:53:30.536 INFO  ProgressMeter -       chr2:229064983             20.9               1332000          63615.5
16:53:41.325 INFO  ProgressMeter -       chr2:232746701             21.1               1344000          63642.1
16:53:51.590 INFO  ProgressMeter -       chr2:236061118             21.3               1356000          63694.3
16:54:02.153 INFO  ProgressMeter -       chr2:239373966             21.5               1368000          63731.0
16:54:12.890 INFO  ProgressMeter -          chr3:188214             21.6               1382000          63850.9
16:54:23.016 INFO  ProgressMeter -         chr3:2899399             21.8               1394000          63907.0
16:54:33.243 INFO  ProgressMeter -         chr3:5902564             22.0               1406000          63957.3
16:54:43.247 INFO  ProgressMeter -         chr3:8764901             22.2               1417000          63972.6
16:54:53.345 INFO  ProgressMeter -        chr3:12363719             22.3               1428000          63983.0
16:55:04.154 INFO  ProgressMeter -        chr3:16037015             22.5               1440000          64005.0
16:55:14.704 INFO  ProgressMeter -        chr3:19529030             22.7               1450000          63951.3
16:55:24.824 INFO  ProgressMeter -        chr3:22502048             22.8               1461000          63958.2
16:55:35.135 INFO  ProgressMeter -        chr3:25700162             23.0               1472000          63958.5
16:55:45.937 INFO  ProgressMeter -        chr3:29231493             23.2               1483000          63936.3
16:55:56.592 INFO  ProgressMeter -        chr3:32287697             23.4               1494000          63921.1
16:56:06.960 INFO  ProgressMeter -        chr3:35867601             23.5               1504000          63876.7
16:56:17.583 INFO  ProgressMeter -        chr3:39354228             23.7               1514000          63821.5
16:56:28.871 INFO  ProgressMeter -        chr3:43124903             23.9               1525000          63780.8
16:56:38.872 INFO  ProgressMeter -        chr3:46778977             24.1               1535000          63753.2
16:56:49.996 INFO  ProgressMeter -        chr3:52313532             24.3               1544000          63645.2
16:57:00.614 INFO  ProgressMeter -        chr3:55909750             24.4               1554000          63585.4
16:57:10.973 INFO  ProgressMeter -        chr3:59443633             24.6               1564000          63545.7
16:57:22.399 INFO  ProgressMeter -        chr3:62601870             24.8               1575000          63501.3
16:57:33.320 INFO  ProgressMeter -        chr3:65727813             25.0               1586000          63484.1
16:57:43.260 INFO  ProgressMeter -        chr3:68754330             25.2               1596000          63458.4
16:57:53.391 INFO  ProgressMeter -        chr3:72009416             25.3               1605000          63391.9
16:58:04.221 INFO  ProgressMeter -        chr3:75361375             25.5               1615000          63342.3
16:58:14.481 INFO  ProgressMeter -        chr3:78675187             25.7               1627000          63381.1
16:58:25.437 INFO  ProgressMeter -        chr3:82368054             25.9               1636000          63283.5
16:58:36.649 INFO  ProgressMeter -        chr3:85881889             26.0               1645000          63171.8
16:58:47.502 INFO  ProgressMeter -        chr3:89471671             26.2               1655000          63122.9
16:58:57.537 INFO  ProgressMeter -        chr3:98211018             26.4               1667000          63171.9
16:59:08.450 INFO  ProgressMeter -       chr3:101454704             26.6               1678000          63158.3
16:59:18.685 INFO  ProgressMeter -       chr3:104985734             26.7               1687000          63087.2
16:59:29.167 INFO  ProgressMeter -       chr3:107984997             26.9               1697000          63051.2
16:59:40.068 INFO  ProgressMeter -       chr3:111617211             27.1               1707000          62995.6
16:59:50.833 INFO  ProgressMeter -       chr3:114868345             27.3               1716000          62911.2
17:00:01.867 INFO  ProgressMeter -       chr3:118324808             27.5               1725000          62817.6
17:00:12.310 INFO  ProgressMeter -       chr3:121528517             27.6               1734000          62747.6
17:00:22.644 INFO  ProgressMeter -       chr3:124588335             27.8               1743000          62682.6
17:00:33.572 INFO  ProgressMeter -       chr3:128112997             28.0               1753000          62632.6
17:00:43.672 INFO  ProgressMeter -       chr3:131352274             28.2               1764000          62648.2
17:00:54.225 INFO  ProgressMeter -       chr3:134652498             28.3               1775000          62647.6
17:01:04.325 INFO  ProgressMeter -       chr3:138050895             28.5               1785000          62628.5
17:01:14.440 INFO  ProgressMeter -       chr3:142175637             28.7               1794000          62574.1
17:01:25.135 INFO  ProgressMeter -       chr3:145642202             28.8               1804000          62538.3
17:01:35.083 INFO  ProgressMeter -       chr3:148741360             29.0               1814000          62521.4
17:01:45.790 INFO  ProgressMeter -       chr3:152063168             29.2               1824000          62485.0
17:01:56.080 INFO  ProgressMeter -       chr3:155335164             29.4               1833000          62424.3
17:02:06.798 INFO  ProgressMeter -       chr3:158716884             29.5               1844000          62418.3
17:02:17.187 INFO  ProgressMeter -       chr3:162175164             29.7               1854000          62392.5
17:02:27.663 INFO  ProgressMeter -       chr3:165478047             29.9               1864000          62361.2
17:02:37.833 INFO  ProgressMeter -       chr3:169159778             30.1               1874000          62342.2
17:02:48.202 INFO  ProgressMeter -       chr3:172626223             30.2               1885000          62349.7
17:02:58.461 INFO  ProgressMeter -       chr3:175822953             30.4               1895000          62328.0
17:03:09.170 INFO  ProgressMeter -       chr3:179248168             30.6               1906000          62327.9
17:03:19.880 INFO  ProgressMeter -       chr3:183137724             30.8               1917000          62319.8
17:03:30.376 INFO  ProgressMeter -       chr3:187162381             30.9               1928000          62323.0
17:03:41.177 INFO  ProgressMeter -       chr3:191182683             31.1               1940000          62348.1
17:03:51.885 INFO  ProgressMeter -       chr3:194587213             31.3               1952000          62376.0
17:04:02.244 INFO  ProgressMeter -       chr3:198070262             31.5               1965000          62446.9
17:04:12.390 INFO  ProgressMeter -          chr4:449475             31.6               1980000          62587.2
17:04:22.656 INFO  ProgressMeter -         chr4:4131577             31.8               1995000          62722.2
17:04:33.155 INFO  ProgressMeter -         chr4:7621017             32.0               2010000          62848.0
17:04:43.160 INFO  ProgressMeter -        chr4:11007108             32.1               2025000          62988.6
17:04:53.843 INFO  ProgressMeter -        chr4:14477177             32.3               2038000          63043.8
17:05:04.601 INFO  ProgressMeter -        chr4:18517331             32.5               2050000          63065.2
17:05:15.192 INFO  ProgressMeter -        chr4:22160087             32.7               2062000          63091.8
17:05:25.679 INFO  ProgressMeter -        chr4:25958830             32.9               2074000          63121.4
17:05:35.880 INFO  ProgressMeter -        chr4:29604792             33.0               2085000          63129.5
17:05:46.088 INFO  ProgressMeter -        chr4:32837619             33.2               2097000          63167.4
17:05:56.928 INFO  ProgressMeter -        chr4:36411751             33.4               2109000          63185.0
17:06:07.161 INFO  ProgressMeter -        chr4:40114589             33.5               2121000          63221.5
17:06:17.501 INFO  ProgressMeter -        chr4:43697789             33.7               2133000          63254.3
17:06:27.526 INFO  ProgressMeter -        chr4:47676311             33.9               2143000          63237.5
17:06:38.102 INFO  ProgressMeter -        chr4:57669488             34.1               2159000          63380.0
17:06:48.298 INFO  ProgressMeter -        chr4:61273342             34.2               2171000          63415.9
17:06:58.447 INFO  ProgressMeter -        chr4:64558973             34.4               2183000          63452.9
17:07:09.347 INFO  ProgressMeter -        chr4:68389435             34.6               2195000          63466.6
17:07:19.872 INFO  ProgressMeter -        chr4:72315428             34.8               2206000          63462.7
17:07:30.614 INFO  ProgressMeter -        chr4:75928267             34.9               2218000          63481.0
17:07:40.628 INFO  ProgressMeter -        chr4:79730733             35.1               2229000          63492.6
17:07:50.925 INFO  ProgressMeter -        chr4:83604298             35.3               2240000          63495.5
17:08:01.019 INFO  ProgressMeter -        chr4:87380212             35.4               2251000          63504.5
17:08:11.386 INFO  ProgressMeter -        chr4:90953624             35.6               2261000          63477.1
17:08:21.749 INFO  ProgressMeter -        chr4:94705489             35.8               2272000          63478.2
17:08:32.074 INFO  ProgressMeter -        chr4:98505022             36.0               2283000          63480.3
17:08:42.416 INFO  ProgressMeter -       chr4:102231614             36.1               2294000          63481.9
17:08:53.009 INFO  ProgressMeter -       chr4:106006314             36.3               2305000          63476.2
17:09:03.574 INFO  ProgressMeter -       chr4:109890398             36.5               2316000          63471.3
17:09:14.065 INFO  ProgressMeter -       chr4:114014056             36.7               2327000          63468.7
17:09:24.267 INFO  ProgressMeter -       chr4:117590904             36.8               2337000          63447.2
17:09:34.831 INFO  ProgressMeter -       chr4:121477263             37.0               2348000          63442.6
17:09:45.576 INFO  ProgressMeter -       chr4:125404843             37.2               2360000          63459.7
17:09:55.859 INFO  ProgressMeter -       chr4:128797079             37.4               2371000          63463.0
17:10:06.137 INFO  ProgressMeter -       chr4:132690656             37.5               2382000          63466.5
17:10:16.907 INFO  ProgressMeter -       chr4:136514878             37.7               2394000          63482.6
17:10:27.562 INFO  ProgressMeter -       chr4:140557032             37.9               2405000          63475.4
17:10:37.935 INFO  ProgressMeter -       chr4:144692844             38.1               2416000          63476.0
17:10:48.672 INFO  ProgressMeter -       chr4:148879566             38.2               2427000          63466.7
17:10:59.203 INFO  ProgressMeter -       chr4:153182116             38.4               2438000          63463.0
17:11:09.652 INFO  ProgressMeter -       chr4:157363774             38.6               2449000          63461.7
17:11:19.826 INFO  ProgressMeter -       chr4:161003215             38.8               2460000          63467.8
17:11:30.281 INFO  ProgressMeter -       chr4:164860525             38.9               2472000          63492.0
17:11:40.443 INFO  ProgressMeter -       chr4:168335531             39.1               2484000          63523.9
17:11:50.584 INFO  ProgressMeter -       chr4:171628545             39.3               2496000          63556.1
17:12:01.065 INFO  ProgressMeter -       chr4:175283438             39.4               2508000          63578.8
17:12:11.584 INFO  ProgressMeter -       chr4:179218707             39.6               2519000          63575.1
17:12:22.161 INFO  ProgressMeter -       chr4:182847738             39.8               2531000          63595.0
17:12:32.676 INFO  ProgressMeter -       chr4:186475104             40.0               2544000          63641.5
17:12:42.812 INFO  ProgressMeter -       chr4:190027832             40.1               2557000          63697.5
17:12:52.975 INFO  ProgressMeter -       chr4:193560484             40.3               2572000          63801.9
17:13:03.263 INFO  ProgressMeter -         chr5:3477988             40.5               2587000          63902.2
17:13:13.449 INFO  ProgressMeter -         chr5:7234720             40.7               2600000          63955.1
17:13:24.201 INFO  ProgressMeter -        chr5:11179422             40.8               2613000          63992.8
17:13:34.261 INFO  ProgressMeter -        chr5:14921457             41.0               2624000          63999.4
17:13:44.360 INFO  ProgressMeter -        chr5:18866477             41.2               2636000          64029.3
17:13:54.498 INFO  ProgressMeter -        chr5:22623955             41.3               2647000          64033.6
17:14:04.840 INFO  ProgressMeter -        chr5:26300984             41.5               2659000          64056.8
17:14:14.993 INFO  ProgressMeter -        chr5:29779505             41.7               2671000          64084.7
17:14:25.681 INFO  ProgressMeter -        chr5:33642740             41.9               2684000          64122.5
17:14:36.385 INFO  ProgressMeter -        chr5:37759832             42.0               2696000          64135.9
17:14:47.078 INFO  ProgressMeter -        chr5:41750968             42.2               2708000          64149.4
17:14:57.641 INFO  ProgressMeter -        chr5:45834121             42.4               2720000          64166.0
17:15:08.145 INFO  ProgressMeter -        chr5:53738694             42.6               2731000          64160.5
17:15:18.856 INFO  ProgressMeter -        chr5:57872517             42.7               2743000          64173.3
17:15:29.148 INFO  ProgressMeter -        chr5:61724962             42.9               2754000          64173.1
17:15:39.820 INFO  ProgressMeter -        chr5:66294121             43.1               2765000          64163.6
17:15:50.330 INFO  ProgressMeter -        chr5:70389860             43.3               2777000          64181.1
17:16:00.419 INFO  ProgressMeter -        chr5:75179141             43.4               2787000          64162.9
17:16:10.806 INFO  ProgressMeter -        chr5:79094892             43.6               2799000          64183.3
17:16:21.476 INFO  ProgressMeter -        chr5:83354889             43.8               2811000          64196.7
17:16:31.627 INFO  ProgressMeter -        chr5:87165136             44.0               2822000          64199.9
17:16:41.973 INFO  ProgressMeter -        chr5:91596374             44.1               2832000          64175.6
17:16:52.126 INFO  ProgressMeter -        chr5:95908405             44.3               2842000          64156.3
17:17:02.532 INFO  ProgressMeter -        chr5:99757353             44.5               2854000          64175.9
17:17:12.943 INFO  ProgressMeter -       chr5:103475769             44.6               2866000          64195.2
17:17:23.071 INFO  ProgressMeter -       chr5:107296873             44.8               2877000          64198.9
17:17:33.344 INFO  ProgressMeter -       chr5:110831876             45.0               2889000          64221.3
17:17:43.506 INFO  ProgressMeter -       chr5:114191007             45.2               2901000          64246.2
17:17:54.049 INFO  ProgressMeter -       chr5:117736300             45.3               2914000          64283.9
17:18:04.563 INFO  ProgressMeter -       chr5:121097655             45.5               2927000          64322.0
17:18:15.030 INFO  ProgressMeter -       chr5:124799891             45.7               2939000          64339.1
17:18:25.077 INFO  ProgressMeter -       chr5:128362206             45.8               2951000          64365.8
17:18:35.415 INFO  ProgressMeter -       chr5:132533578             46.0               2962000          64363.9
17:18:45.875 INFO  ProgressMeter -       chr5:137050498             46.2               2974000          64380.7
17:18:56.672 INFO  ProgressMeter -       chr5:142324312             46.4               2985000          64368.1
17:19:07.111 INFO  ProgressMeter -       chr5:146412439             46.5               2997000          64385.4
17:19:17.559 INFO  ProgressMeter -       chr5:150462948             46.7               3009000          64402.2
17:19:28.118 INFO  ProgressMeter -       chr5:154461072             46.9               3022000          64437.7
17:19:38.322 INFO  ProgressMeter -       chr5:158401873             47.1               3034000          64459.9
17:19:48.940 INFO  ProgressMeter -       chr5:162463363             47.2               3046000          64472.4
17:19:59.049 INFO  ProgressMeter -       chr5:166336164             47.4               3057000          64475.3
17:20:09.186 INFO  ProgressMeter -       chr5:170286405             47.6               3069000          64498.6
17:20:19.594 INFO  ProgressMeter -       chr5:174467309             47.8               3082000          64536.5
17:20:29.967 INFO  ProgressMeter -       chr5:178598286             47.9               3096000          64595.8
17:20:40.505 INFO  ProgressMeter -          chr6:534097             48.1               3111000          64671.8
17:20:51.237 INFO  ProgressMeter -         chr6:4457223             48.3               3125000          64722.2
17:21:01.494 INFO  ProgressMeter -         chr6:8153641             48.5               3138000          64762.1
17:21:12.034 INFO  ProgressMeter -        chr6:11888210             48.6               3151000          64795.5
17:21:22.299 INFO  ProgressMeter -        chr6:15947077             48.8               3163000          64814.3
17:21:32.871 INFO  ProgressMeter -        chr6:19909741             49.0               3176000          64846.5
17:21:43.045 INFO  ProgressMeter -        chr6:23684737             49.1               3188000          64866.9
17:21:53.106 INFO  ProgressMeter -        chr6:27418565             49.3               3200000          64889.7
17:22:03.511 INFO  ProgressMeter -        chr6:30799690             49.5               3218000          65026.0
17:22:13.983 INFO  ProgressMeter -        chr6:33861153             49.7               3242000          65280.8
17:22:24.495 INFO  ProgressMeter -        chr6:38290182             49.8               3255000          65312.2
17:22:34.897 INFO  ProgressMeter -        chr6:42346681             50.0               3268000          65345.7
17:22:45.488 INFO  ProgressMeter -        chr6:46767552             50.2               3280000          65355.2
17:22:55.891 INFO  ProgressMeter -        chr6:50812011             50.4               3291000          65348.4
17:23:06.279 INFO  ProgressMeter -        chr6:54686939             50.5               3303000          65361.9
17:23:16.506 INFO  ProgressMeter -        chr6:61454028             50.7               3315000          65378.9
17:23:27.390 INFO  ProgressMeter -        chr6:65689863             50.9               3327000          65381.7
17:23:37.455 INFO  ProgressMeter -        chr6:69059160             51.1               3339000          65401.9
17:23:48.198 INFO  ProgressMeter -        chr6:73000368             51.2               3351000          65407.5
17:23:58.932 INFO  ProgressMeter -        chr6:77122326             51.4               3363000          65413.3
17:24:08.990 INFO  ProgressMeter -        chr6:80852489             51.6               3375000          65433.4
17:24:19.412 INFO  ProgressMeter -        chr6:84711474             51.8               3387000          65445.6
17:24:30.313 INFO  ProgressMeter -        chr6:88957535             51.9               3399000          65447.7
17:24:40.377 INFO  ProgressMeter -        chr6:92996986             52.1               3410000          65448.2
17:24:50.891 INFO  ProgressMeter -        chr6:96666291             52.3               3422000          65458.3
17:25:01.643 INFO  ProgressMeter -       chr6:101236283             52.5               3433000          65444.4
17:25:12.291 INFO  ProgressMeter -       chr6:104886310             52.6               3445000          65451.7
17:25:22.655 INFO  ProgressMeter -       chr6:109000896             52.8               3457000          65464.9
17:25:33.293 INFO  ProgressMeter -       chr6:113188206             53.0               3469000          65472.3
17:25:43.693 INFO  ProgressMeter -       chr6:117529050             53.2               3480000          65465.8
17:25:54.020 INFO  ProgressMeter -       chr6:121494104             53.3               3491000          65460.7
17:26:04.831 INFO  ProgressMeter -       chr6:125596673             53.5               3503000          65464.6
17:26:14.883 INFO  ProgressMeter -       chr6:129726337             53.7               3513000          65446.5
17:26:25.141 INFO  ProgressMeter -       chr6:133350515             53.8               3525000          65461.6
17:26:35.603 INFO  ProgressMeter -       chr6:137070940             54.0               3537000          65472.4
17:26:46.230 INFO  ProgressMeter -       chr6:141173481             54.2               3549000          65479.9
17:26:56.706 INFO  ProgressMeter -       chr6:145348040             54.4               3560000          65471.9
17:27:06.886 INFO  ProgressMeter -       chr6:149268885             54.5               3571000          65469.9
17:27:16.916 INFO  ProgressMeter -       chr6:152984887             54.7               3584000          65507.5
17:27:27.139 INFO  ProgressMeter -       chr6:156680230             54.9               3596000          65522.8
17:27:37.702 INFO  ProgressMeter -       chr6:160704362             55.1               3609000          65549.4
17:27:48.374 INFO  ProgressMeter -       chr6:164711162             55.2               3622000          65573.7
17:27:58.771 INFO  ProgressMeter -       chr6:168462945             55.4               3635000          65603.2
17:28:09.147 INFO  ProgressMeter -          chr7:180689             55.6               3651000          65687.0
17:28:19.438 INFO  ProgressMeter -         chr7:3835087             55.8               3668000          65789.8
17:28:29.688 INFO  ProgressMeter -         chr7:7305633             55.9               3685000          65892.8
17:28:39.939 INFO  ProgressMeter -        chr7:10420653             56.1               3698000          65923.9
17:28:49.951 INFO  ProgressMeter -        chr7:13381029             56.3               3711000          65959.4
17:29:00.017 INFO  ProgressMeter -        chr7:16711784             56.4               3723000          65976.0
17:29:10.288 INFO  ProgressMeter -        chr7:20186579             56.6               3735000          65988.4
17:29:20.401 INFO  ProgressMeter -        chr7:23889494             56.8               3747000          66003.9
17:29:30.504 INFO  ProgressMeter -        chr7:27748500             56.9               3759000          66019.5
17:29:40.651 INFO  ProgressMeter -        chr7:31613014             57.1               3771000          66034.1
17:29:50.820 INFO  ProgressMeter -        chr7:35341402             57.3               3783000          66048.2
17:30:00.878 INFO  ProgressMeter -        chr7:39229117             57.4               3795000          66064.4
17:30:11.544 INFO  ProgressMeter -        chr7:43525169             57.6               3807000          66068.8
17:30:22.192 INFO  ProgressMeter -        chr7:47904554             57.8               3820000          66090.9
17:30:32.538 INFO  ProgressMeter -        chr7:51757815             58.0               3832000          66101.3
17:30:42.717 INFO  ProgressMeter -        chr7:55019268             58.1               3845000          66132.0
17:30:53.163 INFO  ProgressMeter -        chr7:60087496             58.3               3862000          66226.1
17:31:03.170 INFO  ProgressMeter -        chr7:67061555             58.5               3876000          66276.6
17:31:13.725 INFO  ProgressMeter -        chr7:71583058             58.7               3890000          66316.5
17:31:23.815 INFO  ProgressMeter -        chr7:76366237             58.8               3903000          66347.9
17:31:34.337 INFO  ProgressMeter -        chr7:80555992             59.0               3916000          66371.0
17:31:44.909 INFO  ProgressMeter -        chr7:84232351             59.2               3928000          66376.2
17:31:55.785 INFO  ProgressMeter -        chr7:86825738             59.4               3936000          66308.3
17:32:06.097 INFO  ProgressMeter -        chr7:90760238             59.5               3947000          66301.6
17:32:16.628 INFO  ProgressMeter -        chr7:95061319             59.7               3958000          66291.0
17:32:26.788 INFO  ProgressMeter -        chr7:99159835             59.9               3969000          66287.2
17:32:36.984 INFO  ProgressMeter -       chr7:103740932             60.0               3983000          66332.8
17:32:47.188 INFO  ProgressMeter -       chr7:107615779             60.2               3995000          66344.7
17:32:58.029 INFO  ProgressMeter -       chr7:111802407             60.4               4007000          66344.9
17:33:08.642 INFO  ProgressMeter -       chr7:116110931             60.6               4018000          66332.8
17:33:18.881 INFO  ProgressMeter -       chr7:120382541             60.7               4028000          66311.0
17:33:29.390 INFO  ProgressMeter -       chr7:124707173             60.9               4039000          66301.0
17:33:39.645 INFO  ProgressMeter -       chr7:128678423             61.1               4050000          66295.5
17:33:50.125 INFO  ProgressMeter -       chr7:133351851             61.3               4062000          66302.4
17:34:00.891 INFO  ProgressMeter -       chr7:137872782             61.4               4074000          66304.1
17:34:11.757 INFO  ProgressMeter -       chr7:142574605             61.6               4088000          66336.4
17:34:22.075 INFO  ProgressMeter -       chr7:146499613             61.8               4101000          66362.2
17:34:32.567 INFO  ProgressMeter -       chr7:150122708             62.0               4114000          66384.7
17:34:42.731 INFO  ProgressMeter -       chr7:153837337             62.1               4128000          66429.0
17:34:52.749 INFO  ProgressMeter -       chr7:157366405             62.3               4143000          66491.7
17:35:03.201 INFO  ProgressMeter -          chr8:552239             62.5               4159000          66562.4
17:35:13.687 INFO  ProgressMeter -         chr8:3430364             62.7               4177000          66664.0
17:35:23.763 INFO  ProgressMeter -         chr8:5867571             62.8               4193000          66740.5
17:35:34.243 INFO  ProgressMeter -         chr8:9356451             63.0               4210000          66825.3
17:35:44.529 INFO  ProgressMeter -        chr8:13506987             63.2               4226000          66897.3
17:35:54.989 INFO  ProgressMeter -        chr8:16351207             63.3               4241000          66949.9
17:36:05.173 INFO  ProgressMeter -        chr8:19212401             63.5               4255000          66991.5
17:36:15.427 INFO  ProgressMeter -        chr8:22676562             63.7               4269000          67031.5
17:36:25.919 INFO  ProgressMeter -        chr8:26703192             63.9               4282000          67051.5
17:36:36.442 INFO  ProgressMeter -        chr8:30782636             64.0               4295000          67070.9
17:36:46.976 INFO  ProgressMeter -        chr8:34909200             64.2               4307000          67074.4
17:36:57.903 INFO  ProgressMeter -        chr8:39978346             64.4               4319000          67071.0
17:37:08.771 INFO  ProgressMeter -        chr8:44152486             64.6               4333000          67099.7
17:37:19.105 INFO  ProgressMeter -        chr8:50738167             64.7               4344000          67091.1
17:37:29.172 INFO  ProgressMeter -        chr8:54338329             64.9               4356000          67102.6
17:37:39.748 INFO  ProgressMeter -        chr8:58432887             65.1               4369000          67120.6
17:37:49.911 INFO  ProgressMeter -        chr8:62409750             65.3               4380000          67114.9
17:38:00.579 INFO  ProgressMeter -        chr8:66486522             65.4               4392000          67115.9
17:38:11.144 INFO  ProgressMeter -        chr8:70585797             65.6               4404000          67118.7
17:38:21.174 INFO  ProgressMeter -        chr8:74530498             65.8               4415000          67115.4
17:38:31.852 INFO  ProgressMeter -        chr8:78624768             66.0               4427000          67116.2
17:38:42.241 INFO  ProgressMeter -        chr8:82486981             66.1               4439000          67122.0
17:38:52.834 INFO  ProgressMeter -        chr8:87068051             66.3               4451000          67124.2
17:39:03.339 INFO  ProgressMeter -        chr8:91046034             66.5               4463000          67127.9
17:39:13.871 INFO  ProgressMeter -        chr8:95478203             66.7               4474000          67116.2
17:39:23.941 INFO  ProgressMeter -        chr8:99479276             66.8               4486000          67127.2
17:39:34.080 INFO  ProgressMeter -       chr8:103762082             67.0               4497000          67122.1
17:39:44.081 INFO  ProgressMeter -       chr8:107533639             67.2               4508000          67119.3
17:39:54.646 INFO  ProgressMeter -       chr8:111674570             67.3               4519000          67107.1
17:40:05.029 INFO  ProgressMeter -       chr8:115657829             67.5               4530000          67098.0
17:40:15.660 INFO  ProgressMeter -       chr8:119649675             67.7               4542000          67099.7
17:40:25.708 INFO  ProgressMeter -       chr8:123449613             67.9               4554000          67110.9
17:40:36.290 INFO  ProgressMeter -       chr8:127600463             68.0               4567000          67128.0
17:40:46.880 INFO  ProgressMeter -       chr8:131542037             68.2               4580000          67144.9
17:40:57.418 INFO  ProgressMeter -       chr8:135370114             68.4               4593000          67162.6
17:41:07.951 INFO  ProgressMeter -       chr8:139324340             68.6               4606000          67180.2
17:41:18.175 INFO  ProgressMeter -       chr8:143466105             68.7               4620000          67217.3
17:41:28.496 INFO  ProgressMeter -         chr9:1824512             68.9               4640000          67339.8
17:41:38.909 INFO  ProgressMeter -         chr9:7789228             69.1               4662000          67489.1
17:41:49.004 INFO  ProgressMeter -        chr9:13105412             69.2               4684000          67642.8
17:41:59.127 INFO  ProgressMeter -        chr9:18883901             69.4               4706000          67795.4
17:42:09.592 INFO  ProgressMeter -        chr9:26058152             69.6               4730000          67970.3
17:42:19.760 INFO  ProgressMeter -        chr9:32035039             69.8               4751000          68106.2
17:42:29.887 INFO  ProgressMeter -        chr9:38894547             69.9               4772000          68242.2
17:42:40.296 INFO  ProgressMeter -        chr9:47768989             70.1               4793000          68372.8
17:42:50.623 INFO  ProgressMeter -        chr9:80337959             70.3               4804000          68361.9
17:43:01.676 INFO  ProgressMeter -        chr9:83611175             70.5               4813000          68310.9
17:43:12.674 INFO  ProgressMeter -        chr9:86925495             70.6               4821000          68246.9
17:43:22.781 INFO  ProgressMeter -        chr9:89460598             70.8               4830000          68211.6
17:43:33.679 INFO  ProgressMeter -        chr9:92341506             71.0               4839000          68163.9
17:43:44.737 INFO  ProgressMeter -        chr9:95491044             71.2               4848000          68113.8
17:43:55.054 INFO  ProgressMeter -        chr9:98316366             71.3               4857000          68075.8
17:44:05.815 INFO  ProgressMeter -       chr9:101165446             71.5               4867000          68044.9
17:44:16.261 INFO  ProgressMeter -       chr9:103839337             71.7               4876000          68005.2
17:44:26.869 INFO  ProgressMeter -       chr9:106798511             71.9               4885000          67963.2
17:44:37.209 INFO  ProgressMeter -       chr9:109592920             72.0               4894000          67925.5
17:44:48.104 INFO  ProgressMeter -       chr9:113041202             72.2               4902000          67865.5
17:44:58.908 INFO  ProgressMeter -       chr9:115555515             72.4               4911000          67821.0
17:45:09.275 INFO  ProgressMeter -       chr9:117902944             72.6               4920000          67783.6
17:45:20.027 INFO  ProgressMeter -       chr9:120657459             72.8               4929000          67740.3
17:45:30.751 INFO  ProgressMeter -       chr9:123420846             72.9               4938000          67697.7
17:45:41.602 INFO  ProgressMeter -       chr9:126517975             73.1               4947000          67653.4
17:45:52.653 INFO  ProgressMeter -       chr9:129536395             73.3               4956000          67606.2
17:46:03.237 INFO  ProgressMeter -       chr9:132765156             73.5               4964000          67552.8
17:46:14.240 INFO  ProgressMeter -       chr9:136044536             73.7               4973000          67506.8
17:46:24.605 INFO  ProgressMeter -       chr9:139141582             73.8               4982000          67470.7
17:46:34.908 INFO  ProgressMeter -       chr9:142401449             74.0               4992000          67449.3
17:46:45.562 INFO  ProgressMeter -       chr9:145701879             74.2               5002000          67422.7
17:46:55.632 INFO  ProgressMeter -       chr9:148404085             74.4               5014000          67431.9
17:47:05.651 INFO  ProgressMeter -        chr10:1316913             74.5               5026000          67441.8
17:47:16.320 INFO  ProgressMeter -        chr10:4969599             74.7               5040000          67468.7
17:47:26.637 INFO  ProgressMeter -        chr10:8442318             74.9               5054000          67500.7
17:47:36.924 INFO  ProgressMeter -       chr10:12452674             75.0               5066000          67506.4
17:47:47.494 INFO  ProgressMeter -       chr10:16195740             75.2               5080000          67534.4
17:47:57.690 INFO  ProgressMeter -       chr10:19523371             75.4               5093000          67554.6
17:48:07.843 INFO  ProgressMeter -       chr10:23246674             75.6               5105000          67562.1
17:48:18.236 INFO  ProgressMeter -       chr10:26937939             75.7               5118000          67579.3
17:48:28.430 INFO  ProgressMeter -       chr10:30517898             75.9               5131000          67599.3
17:48:39.078 INFO  ProgressMeter -       chr10:34257701             76.1               5144000          67612.5
17:48:49.221 INFO  ProgressMeter -       chr10:38210264             76.2               5156000          67619.9
17:48:59.525 INFO  ProgressMeter -       chr10:44055885             76.4               5177000          67742.8
17:49:09.939 INFO  ProgressMeter -       chr10:47952711             76.6               5191000          67772.0
17:49:20.708 INFO  ProgressMeter -       chr10:52253068             76.8               5204000          67782.9
17:49:31.091 INFO  ProgressMeter -       chr10:55608529             76.9               5216000          67786.5
17:49:41.769 INFO  ProgressMeter -       chr10:59540021             77.1               5228000          67785.6
17:49:51.922 INFO  ProgressMeter -       chr10:63498123             77.3               5239000          67779.5
17:50:02.573 INFO  ProgressMeter -       chr10:67426586             77.5               5251000          67779.1
17:50:13.161 INFO  ProgressMeter -       chr10:71211441             77.6               5264000          67792.5
17:50:23.934 INFO  ProgressMeter -       chr10:75524820             77.8               5277000          67803.1
17:50:34.378 INFO  ProgressMeter -       chr10:79660343             78.0               5288000          67792.9
17:50:44.496 INFO  ProgressMeter -       chr10:83177618             78.2               5301000          67812.9
17:50:54.574 INFO  ProgressMeter -       chr10:86792608             78.3               5313000          67820.7
17:51:05.256 INFO  ProgressMeter -       chr10:90973046             78.5               5325000          67819.8
17:51:16.012 INFO  ProgressMeter -       chr10:95344822             78.7               5337000          67817.7
17:51:26.442 INFO  ProgressMeter -       chr10:99648685             78.9               5349000          67820.4
17:51:36.771 INFO  ProgressMeter -      chr10:104825251             79.0               5360000          67811.9
17:51:47.156 INFO  ProgressMeter -      chr10:108743187             79.2               5372000          67815.2
17:51:57.422 INFO  ProgressMeter -      chr10:112441066             79.4               5384000          67820.2
17:52:08.044 INFO  ProgressMeter -      chr10:116482077             79.6               5396000          67820.1
17:52:18.669 INFO  ProgressMeter -      chr10:120867802             79.7               5408000          67820.0
17:52:29.165 INFO  ProgressMeter -      chr10:124797962             79.9               5421000          67834.2
17:52:39.682 INFO  ProgressMeter -      chr10:128816737             80.1               5435000          67860.5
17:52:49.824 INFO  ProgressMeter -      chr10:132476163             80.3               5449000          67892.1
17:53:00.128 INFO  ProgressMeter -        chr11:1983843             80.4               5466000          67958.5
17:53:10.281 INFO  ProgressMeter -        chr11:5443420             80.6               5481000          68001.9
17:53:21.188 INFO  ProgressMeter -        chr11:9430297             80.8               5494000          68009.8
17:53:31.441 INFO  ProgressMeter -       chr11:13231428             81.0               5506000          68014.5
17:53:42.249 INFO  ProgressMeter -       chr11:17981878             81.1               5517000          67999.0
17:53:52.919 INFO  ProgressMeter -       chr11:21901335             81.3               5530000          68010.2
17:54:03.667 INFO  ProgressMeter -       chr11:25409346             81.5               5543000          68020.2
17:54:13.778 INFO  ProgressMeter -       chr11:29582204             81.7               5554000          68014.6
17:54:24.591 INFO  ProgressMeter -       chr11:34354571             81.8               5566000          68011.4
17:54:34.899 INFO  ProgressMeter -       chr11:38035852             82.0               5578000          68015.3
17:54:45.251 INFO  ProgressMeter -       chr11:41750107             82.2               5590000          68018.5
17:54:55.900 INFO  ProgressMeter -       chr11:45786354             82.4               5603000          68029.8
17:55:06.684 INFO  ProgressMeter -       chr11:50450564             82.5               5615000          68027.0
17:55:16.882 INFO  ProgressMeter -       chr11:56617610             82.7               5630000          68068.6
17:55:27.153 INFO  ProgressMeter -       chr11:60795324             82.9               5641000          68060.7
17:55:37.971 INFO  ProgressMeter -       chr11:65822765             83.1               5654000          68069.5
17:55:48.521 INFO  ProgressMeter -       chr11:70386300             83.2               5668000          68093.9
17:55:58.577 INFO  ProgressMeter -       chr11:74306905             83.4               5681000          68112.9
17:56:08.966 INFO  ProgressMeter -       chr11:78574797             83.6               5693000          68115.4
17:56:19.864 INFO  ProgressMeter -       chr11:82489789             83.8               5706000          68122.9
17:56:30.062 INFO  ProgressMeter -       chr11:86173187             83.9               5717000          68116.0
17:56:40.305 INFO  ProgressMeter -       chr11:89673655             84.1               5729000          68120.4
17:56:50.901 INFO  ProgressMeter -       chr11:93790914             84.3               5741000          68120.0
17:57:01.591 INFO  ProgressMeter -       chr11:97922853             84.5               5753000          68118.4
17:57:11.974 INFO  ProgressMeter -      chr11:101283076             84.6               5765000          68120.9
17:57:22.862 INFO  ProgressMeter -      chr11:105326828             84.8               5777000          68116.7
17:57:33.064 INFO  ProgressMeter -      chr11:109480960             85.0               5788000          68109.8
17:57:43.206 INFO  ProgressMeter -      chr11:113895078             85.1               5799000          68103.8
17:57:53.660 INFO  ProgressMeter -      chr11:118156242             85.3               5812000          68117.1
17:58:03.826 INFO  ProgressMeter -      chr11:122666175             85.5               5824000          68122.4
17:58:14.340 INFO  ProgressMeter -      chr11:126675411             85.7               5837000          68134.8
17:58:24.538 INFO  ProgressMeter -      chr11:130627349             85.8               5849000          68139.7
17:58:34.858 INFO  ProgressMeter -      chr11:134432115             86.0               5862000          68154.6
17:58:45.576 INFO  ProgressMeter -        chr12:3005445             86.2               5876000          68175.8
17:58:55.821 INFO  ProgressMeter -        chr12:7122221             86.4               5889000          68191.5
17:59:05.859 INFO  ProgressMeter -       chr12:10716178             86.5               5902000          68209.9
17:59:16.349 INFO  ProgressMeter -       chr12:14701970             86.7               5915000          68222.3
17:59:26.935 INFO  ProgressMeter -       chr12:18928503             86.9               5926000          68210.4
17:59:37.285 INFO  ProgressMeter -       chr12:23417104             87.1               5940000          68236.0
17:59:47.807 INFO  ProgressMeter -       chr12:27169639             87.2               5952000          68236.4
17:59:58.113 INFO  ProgressMeter -       chr12:30979128             87.4               5964000          68239.6
18:00:08.206 INFO  ProgressMeter -       chr12:34365076             87.6               5978000          68268.4
18:00:18.980 INFO  ProgressMeter -       chr12:39982273             87.7               5994000          68311.1
18:00:29.322 INFO  ProgressMeter -       chr12:43717357             87.9               6006000          68313.6
18:00:40.055 INFO  ProgressMeter -       chr12:47644976             88.1               6018000          68311.1
18:00:50.162 INFO  ProgressMeter -       chr12:52221856             88.3               6030000          68316.7
18:01:00.614 INFO  ProgressMeter -       chr12:56727296             88.4               6043000          68329.1
18:01:10.639 INFO  ProgressMeter -       chr12:61003122             88.6               6054000          68324.4
18:01:21.362 INFO  ProgressMeter -       chr12:65177498             88.8               6066000          68322.1
18:01:32.112 INFO  ProgressMeter -       chr12:69360288             89.0               6078000          68319.4
18:01:42.715 INFO  ProgressMeter -       chr12:73320305             89.1               6090000          68318.5
18:01:53.514 INFO  ProgressMeter -       chr12:77504008             89.3               6102000          68315.2
18:02:04.015 INFO  ProgressMeter -       chr12:81790958             89.5               6113000          68304.5
18:02:14.204 INFO  ProgressMeter -       chr12:85734768             89.7               6124000          68297.8
18:02:25.186 INFO  ProgressMeter -       chr12:90352904             89.8               6135000          68281.1
18:02:36.086 INFO  ProgressMeter -       chr12:94644487             90.0               6147000          68276.6
18:02:46.975 INFO  ProgressMeter -       chr12:98849122             90.2               6160000          68283.4
18:02:57.629 INFO  ProgressMeter -      chr12:102958572             90.4               6172000          68282.0
18:03:07.859 INFO  ProgressMeter -      chr12:106951716             90.6               6184000          68286.0
18:03:18.502 INFO  ProgressMeter -      chr12:111602710             90.7               6197000          68295.7
18:03:29.410 INFO  ProgressMeter -      chr12:116177329             90.9               6211000          68313.2
18:03:39.551 INFO  ProgressMeter -      chr12:120425265             91.1               6224000          68329.1
18:03:50.058 INFO  ProgressMeter -      chr12:124911150             91.3               6238000          68351.4
18:04:00.102 INFO  ProgressMeter -      chr12:128683789             91.4               6252000          68379.4
18:04:10.470 INFO  ProgressMeter -      chr12:132552675             91.6               6268000          68425.1
18:04:20.726 INFO  ProgressMeter -       chr13:20276724             91.8               6283000          68461.1
18:04:30.916 INFO  ProgressMeter -       chr13:23945813             91.9               6297000          68486.9
18:04:41.246 INFO  ProgressMeter -       chr13:27747342             92.1               6310000          68500.0
18:04:51.412 INFO  ProgressMeter -       chr13:31829061             92.3               6322000          68504.3
18:05:02.069 INFO  ProgressMeter -       chr13:36057456             92.5               6334000          68502.5
18:05:12.504 INFO  ProgressMeter -       chr13:40124890             92.6               6346000          68503.4
18:05:23.151 INFO  ProgressMeter -       chr13:44590660             92.8               6358000          68501.7
18:05:33.580 INFO  ProgressMeter -       chr13:48672880             93.0               6370000          68502.7
18:05:44.504 INFO  ProgressMeter -       chr13:53145752             93.2               6382000          68497.6
18:05:54.837 INFO  ProgressMeter -       chr13:57805927             93.3               6392000          68478.4
18:06:05.444 INFO  ProgressMeter -       chr13:61898697             93.5               6404000          68477.3
18:06:16.100 INFO  ProgressMeter -       chr13:65908721             93.7               6416000          68475.5
18:06:26.857 INFO  ProgressMeter -       chr13:69793119             93.9               6428000          68472.6
18:06:37.017 INFO  ProgressMeter -       chr13:73709170             94.0               6439000          68466.3
18:06:47.887 INFO  ProgressMeter -       chr13:77872479             94.2               6451000          68462.0
18:06:58.322 INFO  ProgressMeter -       chr13:82166915             94.4               6462000          68452.4
18:07:09.230 INFO  ProgressMeter -       chr13:86202225             94.6               6474000          68447.7
18:07:19.468 INFO  ProgressMeter -       chr13:90320248             94.8               6485000          68440.5
18:07:29.910 INFO  ProgressMeter -       chr13:94336251             94.9               6497000          68441.5
18:07:39.997 INFO  ProgressMeter -       chr13:98443172             95.1               6509000          68446.6
18:07:50.519 INFO  ProgressMeter -      chr13:102618760             95.3               6521000          68446.6
18:08:01.146 INFO  ProgressMeter -      chr13:106398362             95.4               6534000          68455.8
18:08:11.207 INFO  ProgressMeter -      chr13:109978430             95.6               6547000          68471.7
18:08:21.570 INFO  ProgressMeter -       chr14:13480761             95.8               6563000          68515.3
18:08:32.138 INFO  ProgressMeter -       chr14:16807163             96.0               6577000          68535.4
18:08:42.796 INFO  ProgressMeter -       chr14:20986377             96.1               6590000          68544.0
18:08:53.643 INFO  ProgressMeter -       chr14:25079640             96.3               6602000          68539.9
18:09:03.976 INFO  ProgressMeter -       chr14:29029980             96.5               6614000          68542.0
18:09:14.077 INFO  ProgressMeter -       chr14:33165959             96.7               6625000          68536.4
18:09:24.935 INFO  ProgressMeter -       chr14:36929807             96.8               6638000          68542.6
18:09:35.611 INFO  ProgressMeter -       chr14:40655530             97.0               6651000          68550.9
18:09:46.454 INFO  ProgressMeter -       chr14:45012364             97.2               6663000          68546.9
18:09:56.629 INFO  ProgressMeter -       chr14:49351045             97.4               6675000          68550.7
18:10:06.745 INFO  ProgressMeter -       chr14:53270708             97.5               6687000          68555.2
18:10:16.812 INFO  ProgressMeter -       chr14:57339060             97.7               6698000          68550.1
18:10:27.035 INFO  ProgressMeter -       chr14:62246146             97.9               6713000          68584.0
18:10:37.645 INFO  ProgressMeter -       chr14:66498151             98.1               6725000          68582.7
18:10:48.133 INFO  ProgressMeter -       chr14:70745593             98.2               6738000          68593.0
18:10:58.424 INFO  ProgressMeter -       chr14:74774817             98.4               6750000          68595.4
18:11:08.774 INFO  ProgressMeter -       chr14:78558626             98.6               6762000          68597.1
18:11:19.018 INFO  ProgressMeter -       chr14:82345924             98.7               6774000          68600.0
18:11:29.060 INFO  ProgressMeter -       chr14:86360584             98.9               6786000          68605.3
18:11:39.560 INFO  ProgressMeter -       chr14:90462323             99.1               6800000          68625.4
18:11:49.935 INFO  ProgressMeter -       chr14:94457221             99.3               6813000          68636.8
18:12:00.033 INFO  ProgressMeter -       chr14:98594267             99.4               6827000          68661.4
18:12:10.184 INFO  ProgressMeter -       chr15:18278165             99.6               6845000          68725.5
18:12:20.394 INFO  ProgressMeter -       chr15:21888711             99.8               6859000          68748.6
18:12:30.777 INFO  ProgressMeter -       chr15:25513560             99.9               6874000          68779.7
18:12:41.570 INFO  ProgressMeter -       chr15:29945766            100.1               6889000          68805.9
18:12:52.352 INFO  ProgressMeter -       chr15:33908060            100.3               6903000          68822.2
18:13:02.704 INFO  ProgressMeter -       chr15:37813691            100.5               6915000          68823.5
18:13:13.182 INFO  ProgressMeter -       chr15:42634077            100.6               6927000          68823.3
18:13:23.577 INFO  ProgressMeter -       chr15:46760138            100.8               6939000          68824.1
18:13:34.013 INFO  ProgressMeter -       chr15:50793656            101.0               6951000          68824.3
18:13:44.336 INFO  ProgressMeter -       chr15:54248357            101.2               6964000          68835.8
18:13:54.559 INFO  ProgressMeter -       chr15:58080973            101.3               6976000          68838.5
18:14:05.012 INFO  ProgressMeter -       chr15:62203632            101.5               6988000          68838.6
18:14:15.255 INFO  ProgressMeter -       chr15:66861907            101.7               7000000          68841.0
18:14:25.839 INFO  ProgressMeter -       chr15:71561216            101.9               7012000          68839.6
18:14:36.066 INFO  ProgressMeter -       chr15:76429076            102.0               7024000          68842.2
18:14:46.295 INFO  ProgressMeter -       chr15:80368142            102.2               7037000          68854.6
18:14:56.526 INFO  ProgressMeter -       chr15:84709298            102.4               7049000          68857.1
18:15:07.061 INFO  ProgressMeter -       chr15:88711639            102.5               7063000          68875.7
18:15:17.582 INFO  ProgressMeter -       chr15:92420432            102.7               7077000          68894.4
18:15:28.008 INFO  ProgressMeter -       chr15:96339372            102.9               7090000          68904.4
18:15:38.497 INFO  ProgressMeter -         chr16:362964            103.1               7105000          68933.1
18:15:48.594 INFO  ProgressMeter -        chr16:4601328            103.2               7121000          68975.7
18:15:58.732 INFO  ProgressMeter -        chr16:7433785            103.4               7137000          69017.7
18:16:08.883 INFO  ProgressMeter -       chr16:10766693            103.6               7152000          69049.8
18:16:19.297 INFO  ProgressMeter -       chr16:14494999            103.8               7167000          69078.9
18:16:29.446 INFO  ProgressMeter -       chr16:19000306            103.9               7181000          69101.2
18:16:39.866 INFO  ProgressMeter -       chr16:24149921            104.1               7194000          69110.8
18:16:49.933 INFO  ProgressMeter -       chr16:28197089            104.3               7207000          69124.2
18:17:00.087 INFO  ProgressMeter -       chr16:35467193            104.4               7221000          69146.3
18:17:10.450 INFO  ProgressMeter -       chr16:53651923            104.6               7233000          69146.8
18:17:21.324 INFO  ProgressMeter -       chr16:58249032            104.8               7246000          69151.3
18:17:31.521 INFO  ProgressMeter -       chr16:62327592            105.0               7258000          69153.6
18:17:41.823 INFO  ProgressMeter -       chr16:66434261            105.1               7271000          69164.4
18:17:52.744 INFO  ProgressMeter -       chr16:70883552            105.3               7283000          69158.8
18:18:02.995 INFO  ProgressMeter -       chr16:75610053            105.5               7295000          69160.5
18:18:13.578 INFO  ProgressMeter -       chr16:80175425            105.7               7308000          69168.1
18:18:23.917 INFO  ProgressMeter -       chr16:84030718            105.8               7322000          69187.8
18:18:34.120 INFO  ProgressMeter -       chr16:86884670            106.0               7337000          69218.3
18:18:44.640 INFO  ProgressMeter -       chr16:90012085            106.2               7353000          69254.7
18:18:55.050 INFO  ProgressMeter -       chr16:93403434            106.3               7370000          69301.5
18:19:05.188 INFO  ProgressMeter -         chr17:696439            106.5               7387000          69351.2
18:19:15.727 INFO  ProgressMeter -        chr17:4892656            106.7               7403000          69387.0
18:19:25.992 INFO  ProgressMeter -        chr17:9119220            106.9               7417000          69406.9
18:19:36.424 INFO  ProgressMeter -       chr17:13147889            107.0               7431000          69425.0
18:19:47.050 INFO  ProgressMeter -       chr17:17101846            107.2               7445000          69440.9
18:19:57.321 INFO  ProgressMeter -       chr17:21690925            107.4               7459000          69460.5
18:20:07.611 INFO  ProgressMeter -       chr17:30878495            107.6               7475000          69498.6
18:20:18.167 INFO  ProgressMeter -       chr17:35316159            107.7               7488000          69505.7
18:20:28.191 INFO  ProgressMeter -       chr17:39895556            107.9               7501000          69518.6
18:20:38.830 INFO  ProgressMeter -       chr17:44814060            108.1               7514000          69524.8
18:20:49.653 INFO  ProgressMeter -       chr17:49409271            108.3               7528000          69538.3
18:20:59.981 INFO  ProgressMeter -       chr17:54075309            108.4               7540000          69538.6
18:21:10.429 INFO  ProgressMeter -       chr17:58230693            108.6               7552000          69537.6
18:21:20.519 INFO  ProgressMeter -       chr17:62861808            108.8               7563000          69531.2
18:21:30.630 INFO  ProgressMeter -       chr17:67218385            108.9               7575000          69533.8
18:21:41.419 INFO  ProgressMeter -       chr17:71601593            109.1               7588000          69538.3
18:21:51.969 INFO  ProgressMeter -       chr17:75893486            109.3               7602000          69554.6
18:22:02.302 INFO  ProgressMeter -       chr17:79988376            109.5               7617000          69582.2
18:22:12.410 INFO  ProgressMeter -       chr17:84199475            109.6               7633000          69621.2
18:22:22.835 INFO  ProgressMeter -        chr18:3903908            109.8               7647000          69638.5
18:22:33.001 INFO  ProgressMeter -        chr18:7508554            110.0               7660000          69649.4
18:22:43.280 INFO  ProgressMeter -       chr18:11202391            110.2               7673000          69659.1
18:22:53.528 INFO  ProgressMeter -       chr18:14875435            110.3               7687000          69678.2
18:23:03.786 INFO  ProgressMeter -       chr18:24710391            110.5               7699000          69679.0
18:23:14.723 INFO  ProgressMeter -       chr18:29121175            110.7               7711000          69672.6
18:23:25.457 INFO  ProgressMeter -       chr18:33321036            110.9               7723000          69668.4
18:23:35.903 INFO  ProgressMeter -       chr18:37562663            111.0               7734000          69658.3
18:23:46.039 INFO  ProgressMeter -       chr18:41793725            111.2               7745000          69651.4
18:23:56.361 INFO  ProgressMeter -       chr18:46130813            111.4               7756000          69642.5
18:24:06.899 INFO  ProgressMeter -       chr18:50186486            111.5               7769000          69649.4
18:24:17.563 INFO  ProgressMeter -       chr18:54214438            111.7               7782000          69655.0
18:24:27.612 INFO  ProgressMeter -       chr18:58287990            111.9               7793000          69649.0
18:24:38.250 INFO  ProgressMeter -       chr18:62254388            112.1               7806000          69654.9
18:24:48.547 INFO  ProgressMeter -       chr18:66098161            112.2               7818000          69655.3
18:24:59.032 INFO  ProgressMeter -       chr18:69826942            112.4               7830000          69653.7
18:25:09.169 INFO  ProgressMeter -       chr18:73477693            112.6               7842000          69655.8
18:25:19.868 INFO  ProgressMeter -       chr18:77289042            112.8               7856000          69669.8
18:25:30.143 INFO  ProgressMeter -         chr19:569460            112.9               7872000          69705.8
18:25:40.482 INFO  ProgressMeter -        chr19:4873375            113.1               7890000          69758.8
18:25:50.828 INFO  ProgressMeter -        chr19:9119203            113.3               7907000          69802.7
18:26:01.392 INFO  ProgressMeter -       chr19:13592109            113.5               7922000          69826.5
18:26:11.633 INFO  ProgressMeter -       chr19:17957960            113.6               7937000          69853.7
18:26:22.200 INFO  ProgressMeter -       chr19:22140321            113.8               7952000          69877.4
18:26:33.000 INFO  ProgressMeter -       chr19:30813707            114.0               7968000          69907.4
18:26:43.409 INFO  ProgressMeter -       chr19:34950535            114.2               7982000          69923.8
18:26:53.468 INFO  ProgressMeter -       chr19:39321933            114.3               7996000          69943.7
18:27:03.875 INFO  ProgressMeter -       chr19:43975014            114.5               8010000          69960.0
18:27:14.464 INFO  ProgressMeter -       chr19:48165708            114.7               8025000          69983.2
18:27:24.512 INFO  ProgressMeter -       chr19:52701844            114.8               8040000          70011.7
18:27:34.784 INFO  ProgressMeter -       chr19:56448496            115.0               8056000          70046.6
18:27:45.312 INFO  ProgressMeter -       chr19:60005494            115.2               8074000          70096.2
18:27:55.592 INFO  ProgressMeter -        chr20:2515557            115.4               8088000          70113.5
18:28:05.835 INFO  ProgressMeter -        chr20:6383321            115.5               8102000          70131.0
18:28:16.451 INFO  ProgressMeter -       chr20:10312860            115.7               8114000          70127.5
18:28:26.636 INFO  ProgressMeter -       chr20:14270755            115.9               8126000          70128.3
18:28:37.296 INFO  ProgressMeter -       chr20:18100824            116.1               8139000          70133.0
18:28:47.634 INFO  ProgressMeter -       chr20:22436058            116.2               8151000          70132.3
18:28:58.055 INFO  ProgressMeter -       chr20:26342946            116.4               8165000          70147.9
18:29:08.138 INFO  ProgressMeter -       chr20:35618843            116.6               8182000          70192.6
18:29:18.230 INFO  ProgressMeter -       chr20:40519771            116.7               8194000          70194.3
18:29:28.667 INFO  ProgressMeter -       chr20:44845491            116.9               8206000          70192.5
18:29:38.987 INFO  ProgressMeter -       chr20:49129923            117.1               8219000          70200.4
18:29:49.164 INFO  ProgressMeter -       chr20:53424341            117.2               8233000          70218.2
18:29:59.862 INFO  ProgressMeter -       chr20:57405100            117.4               8247000          70230.8
18:30:10.342 INFO  ProgressMeter -       chr20:61522061            117.6               8261000          70245.6
18:30:20.664 INFO  ProgressMeter -       chr20:65437680            117.8               8277000          70278.8
18:30:30.914 INFO  ProgressMeter -       chr21:12435047            117.9               8298000          70355.1
18:30:41.562 INFO  ProgressMeter -       chr21:16093156            118.1               8311000          70359.4
18:30:52.447 INFO  ProgressMeter -       chr21:19912699            118.3               8324000          70361.4
18:31:03.050 INFO  ProgressMeter -       chr21:23490117            118.5               8337000          70366.2
18:31:13.090 INFO  ProgressMeter -       chr21:27087975            118.6               8349000          70368.1
18:31:23.502 INFO  ProgressMeter -       chr21:30969387            118.8               8362000          70374.7
18:31:33.686 INFO  ProgressMeter -       chr21:35246915            119.0               8374000          70375.2
18:31:44.223 INFO  ProgressMeter -       chr21:39271585            119.2               8387000          70380.6
18:31:54.764 INFO  ProgressMeter -       chr21:43387552            119.3               8402000          70402.7
18:32:05.354 INFO  ProgressMeter -       chr22:16252226            119.5               8420000          70449.3
18:32:15.934 INFO  ProgressMeter -       chr22:20042338            119.7               8437000          70487.5
18:32:26.053 INFO  ProgressMeter -       chr22:24173940            119.9               8453000          70521.8
18:32:36.499 INFO  ProgressMeter -       chr22:28133404            120.0               8468000          70544.5
18:32:47.017 INFO  ProgressMeter -       chr22:32609281            120.2               8481000          70549.8
18:32:57.544 INFO  ProgressMeter -       chr22:36612814            120.4               8495000          70563.3
18:33:08.241 INFO  ProgressMeter -       chr22:41431527            120.6               8509000          70575.0
18:33:18.455 INFO  ProgressMeter -       chr22:45571552            120.7               8524000          70599.8
18:33:28.955 INFO  ProgressMeter -       chr22:49430582            120.9               8540000          70629.9
18:33:39.241 INFO  ProgressMeter -         chrX:1606497            121.1               8561000          70703.4
18:33:49.402 INFO  ProgressMeter -         chrX:9199710            121.3               8582000          70777.8
18:33:59.484 INFO  ProgressMeter -        chrX:18729143            121.4               8601000          70836.3
18:34:09.521 INFO  ProgressMeter -        chrX:27635218            121.6               8621000          70903.4
18:34:19.743 INFO  ProgressMeter -        chrX:35824206            121.8               8641000          70968.4
18:34:30.197 INFO  ProgressMeter -        chrX:45525216            121.9               8661000          71031.0
18:34:40.313 INFO  ProgressMeter -        chrX:57063455            122.1               8679000          71080.4
18:34:50.774 INFO  ProgressMeter -        chrX:70511772            122.3               8698000          71134.4
18:35:01.089 INFO  ProgressMeter -        chrX:80498277            122.4               8717000          71189.7
18:35:11.215 INFO  ProgressMeter -        chrX:88818515            122.6               8738000          71263.0
18:35:21.564 INFO  ProgressMeter -        chrX:97024003            122.8               8760000          71342.0
18:35:32.021 INFO  ProgressMeter -       chrX:107698039            123.0               8779000          71395.4
18:35:42.384 INFO  ProgressMeter -       chrX:116895827            123.1               8800000          71465.8
18:35:52.442 INFO  ProgressMeter -       chrX:125982376            123.3               8820000          71530.9
18:36:02.646 INFO  ProgressMeter -       chrX:136751647            123.5               8838000          71578.1
18:36:13.107 INFO  ProgressMeter -       chrX:145436534            123.6               8861000          71663.2
18:36:24.314 INFO  ProgressMeter -         chrY:5596577            123.8               8880000          71708.6
18:36:32.478 INFO  GetPileupSummaries - 0 read(s) filtered by: MappingQualityAvailableReadFilter 
10154471 read(s) filtered by: MappingQualityNotZeroReadFilter 
0 read(s) filtered by: MappedReadFilter 
512186 read(s) filtered by: PrimaryLineReadFilter 
83032546 read(s) filtered by: NotDuplicateReadFilter 
0 read(s) filtered by: PassesVendorQualityCheckReadFilter 
0 read(s) filtered by: NonZeroReferenceLengthAlignmentReadFilter 
1197568 read(s) filtered by: MateOnSameContigOrNoMappedMateReadFilter 
0 read(s) filtered by: GoodCigarReadFilter 
0 read(s) filtered by: WellformedReadFilter 
94896771 total reads filtered out of 829440000 reads processed
18:36:32.478 INFO  ProgressMeter -        chrY:23147209            124.0               8885257          71672.3
18:36:32.479 INFO  ProgressMeter - Traversal complete. Processed 8885257 total loci in 124.0 minutes.
18:36:32.479 INFO  GetPileupSummaries - Shutting down engine
[July 14, 2024 at 6:36:32 PM CEST] org.broadinstitute.hellbender.tools.walkers.contamination.GetPileupSummaries done. Elapsed time: 125.10 minutes.
Runtime.totalMemory()=23337107456
Tool returned:
SUCCESS
