Using GATK jar /lustre1/project/stg_00096/home/rdewin/system/miniconda/envs/WGS/share/gatk4-4.5.0.0-0/gatk-package-4.5.0.0-local.jar
Running:
    java -Dsamjdk.use_async_io_read_samtools=false -Dsamjdk.use_async_io_write_samtools=true -Dsamjdk.use_async_io_write_tribble=false -Dsamjdk.compression_level=2 -jar /lustre1/project/stg_00096/home/rdewin/system/miniconda/envs/WGS/share/gatk4-4.5.0.0-0/gatk-package-4.5.0.0-local.jar GetPileupSummaries -I results/recal/P016/P016_dna_tumor_recal.bam -L resources/filtered_gnomad_chr.vcf.gz -V resources/filtered_gnomad_chr.vcf.gz -O results/mutect2/P016/P016_tumor_pileup_summaries.table
13:59:54.943 INFO  NativeLibraryLoader - Loading libgkl_compression.so from jar:file:/lustre1/project/stg_00096/home/rdewin/system/miniconda/envs/WGS/share/gatk4-4.5.0.0-0/gatk-package-4.5.0.0-local.jar!/com/intel/gkl/native/libgkl_compression.so
13:59:55.028 INFO  GetPileupSummaries - ------------------------------------------------------------
13:59:55.030 INFO  GetPileupSummaries - The Genome Analysis Toolkit (GATK) v4.5.0.0
13:59:55.030 INFO  GetPileupSummaries - For support and documentation go to https://software.broadinstitute.org/gatk/
13:59:55.031 INFO  GetPileupSummaries - Executing as vsc35407@i28l15 on Linux v4.18.0-513.24.1.el8_9.x86_64 amd64
13:59:55.032 INFO  GetPileupSummaries - Java runtime: OpenJDK 64-Bit Server VM v17.0.10-internal+0-adhoc..src
13:59:55.032 INFO  GetPileupSummaries - Start Date/Time: July 14, 2024 at 1:59:54 PM CEST
13:59:55.032 INFO  GetPileupSummaries - ------------------------------------------------------------
13:59:55.032 INFO  GetPileupSummaries - ------------------------------------------------------------
13:59:55.033 INFO  GetPileupSummaries - HTSJDK Version: 4.1.0
13:59:55.033 INFO  GetPileupSummaries - Picard Version: 3.1.1
13:59:55.033 INFO  GetPileupSummaries - Built for Spark Version: 3.5.0
13:59:55.033 INFO  GetPileupSummaries - HTSJDK Defaults.COMPRESSION_LEVEL : 2
13:59:55.033 INFO  GetPileupSummaries - HTSJDK Defaults.USE_ASYNC_IO_READ_FOR_SAMTOOLS : false
13:59:55.033 INFO  GetPileupSummaries - HTSJDK Defaults.USE_ASYNC_IO_WRITE_FOR_SAMTOOLS : true
13:59:55.034 INFO  GetPileupSummaries - HTSJDK Defaults.USE_ASYNC_IO_WRITE_FOR_TRIBBLE : false
13:59:55.034 INFO  GetPileupSummaries - Deflater: IntelDeflater
13:59:55.034 INFO  GetPileupSummaries - Inflater: IntelInflater
13:59:55.034 INFO  GetPileupSummaries - GCS max retries/reopens: 20
13:59:55.034 INFO  GetPileupSummaries - Requester pays: disabled
13:59:55.034 INFO  GetPileupSummaries - Initializing engine
13:59:55.140 INFO  FeatureManager - Using codec VCFCodec to read file file:///lustre1/project/stg_00096/home/rdewin/WGS/resources/filtered_gnomad_chr.vcf.gz
13:59:55.259 INFO  FeatureManager - Using codec VCFCodec to read file file:///lustre1/project/stg_00096/home/rdewin/WGS/resources/filtered_gnomad_chr.vcf.gz
14:00:55.863 INFO  IntervalArgumentCollection - Processing 8916026 bp from intervals
14:00:56.008 INFO  GetPileupSummaries - Done initializing engine
14:00:56.159 INFO  ProgressMeter - Starting traversal
14:00:56.159 INFO  ProgressMeter -        Current Locus  Elapsed Minutes        Loci Processed      Loci/Minute
14:01:25.548 INFO  ProgressMeter -          chr1:252555              0.5                  1000           2041.7
14:01:35.691 INFO  ProgressMeter -         chr1:6081042              0.7                 26000          39461.7
14:01:45.723 INFO  ProgressMeter -        chr1:13047735              0.8                 51000          61738.4
14:01:55.870 INFO  ProgressMeter -        chr1:20040622              1.0                 75000          75363.0
14:02:06.034 INFO  ProgressMeter -        chr1:27886186              1.2                 97000          83291.6
14:02:16.238 INFO  ProgressMeter -        chr1:35920090              1.3                119000          89162.0
14:02:26.678 INFO  ProgressMeter -        chr1:43773480              1.5                141000          93461.0
14:02:37.000 INFO  ProgressMeter -        chr1:52704927              1.7                162000          96390.3
14:02:47.128 INFO  ProgressMeter -        chr1:59943239              1.8                185000         100027.9
14:02:57.152 INFO  ProgressMeter -        chr1:67884170              2.0                207000         102650.6
14:03:07.496 INFO  ProgressMeter -        chr1:77046973              2.2                230000         105073.2
14:03:17.626 INFO  ProgressMeter -        chr1:85245150              2.4                254000         107729.1
14:03:27.981 INFO  ProgressMeter -        chr1:93948704              2.5                277000         109470.3
14:03:38.164 INFO  ProgressMeter -       chr1:102329972              2.7                300000         111108.4
14:03:48.353 INFO  ProgressMeter -       chr1:110763491              2.9                324000         112895.9
14:03:58.463 INFO  ProgressMeter -       chr1:118630099              3.0                346000         113875.7
14:04:08.779 INFO  ProgressMeter -       chr1:147577357              3.2                372000         115875.8
14:04:18.824 INFO  ProgressMeter -       chr1:155633202              3.4                394000         116645.7
14:04:28.854 INFO  ProgressMeter -       chr1:163002320              3.5                417000         117633.8
14:04:38.865 INFO  ProgressMeter -       chr1:170435643              3.7                440000         118541.9
14:04:49.153 INFO  ProgressMeter -       chr1:179271542              3.9                462000         118973.0
14:04:59.471 INFO  ProgressMeter -       chr1:187712437              4.1                485000         119599.5
14:05:09.533 INFO  ProgressMeter -       chr1:196245858              4.2                510000         120770.1
14:05:19.791 INFO  ProgressMeter -       chr1:204226631              4.4                532000         121078.3
14:05:29.916 INFO  ProgressMeter -       chr1:211577567              4.6                554000         121422.0
14:05:40.266 INFO  ProgressMeter -       chr1:220015356              4.7                579000         122277.9
14:05:50.321 INFO  ProgressMeter -       chr1:229082245              4.9                604000         123197.4
14:06:00.535 INFO  ProgressMeter -       chr1:238008952              5.1                633000         124780.3
14:06:10.759 INFO  ProgressMeter -       chr1:246948692              5.2                663000         126446.7
14:06:20.853 INFO  ProgressMeter -         chr2:5184620              5.4                690000         127504.7
14:06:31.022 INFO  ProgressMeter -        chr2:12654745              5.6                714000         127932.9
14:06:41.056 INFO  ProgressMeter -        chr2:20270471              5.7                738000         128386.2
14:06:51.480 INFO  ProgressMeter -        chr2:28966406              5.9                760000         128335.0
14:07:01.715 INFO  ProgressMeter -        chr2:36282964              6.1                785000         128844.8
14:07:11.870 INFO  ProgressMeter -        chr2:43461503              6.3                809000         129195.4
14:07:21.962 INFO  ProgressMeter -        chr2:50337011              6.4                832000         129392.8
14:07:32.326 INFO  ProgressMeter -        chr2:57715444              6.6                858000         129945.2
14:07:42.510 INFO  ProgressMeter -        chr2:66258697              6.8                880000         129936.9
14:07:52.915 INFO  ProgressMeter -        chr2:74020191              6.9                903000         130004.4
14:08:03.023 INFO  ProgressMeter -        chr2:81675767              7.1                928000         130440.0
14:08:13.184 INFO  ProgressMeter -        chr2:90343020              7.3                954000         130976.5
14:08:23.361 INFO  ProgressMeter -       chr2:102449365              7.5                977000         131081.7
14:08:33.659 INFO  ProgressMeter -       chr2:111187713              7.6               1000000         131147.5
14:08:44.069 INFO  ProgressMeter -       chr2:119176779              7.8               1024000         131307.3
14:08:54.325 INFO  ProgressMeter -       chr2:127116792              8.0               1048000         131502.4
14:09:04.551 INFO  ProgressMeter -       chr2:134341774              8.1               1073000         131820.3
14:09:14.943 INFO  ProgressMeter -       chr2:142373088              8.3               1098000         132081.2
14:09:25.161 INFO  ProgressMeter -       chr2:151579590              8.5               1120000         132023.3
14:09:35.208 INFO  ProgressMeter -       chr2:160310809              8.7               1142000         132010.7
14:09:45.575 INFO  ProgressMeter -       chr2:168944297              8.8               1165000         132032.5
14:09:56.008 INFO  ProgressMeter -       chr2:177110961              9.0               1188000         132036.9
14:10:06.290 INFO  ProgressMeter -       chr2:185152185              9.2               1211000         132077.9
14:10:16.397 INFO  ProgressMeter -       chr2:194461425              9.3               1233000         132051.0
14:10:26.542 INFO  ProgressMeter -       chr2:203398468              9.5               1254000         131911.4
14:10:36.585 INFO  ProgressMeter -       chr2:211846380              9.7               1276000         131903.3
14:10:46.774 INFO  ProgressMeter -       chr2:219316714              9.8               1299000         131964.1
14:10:56.903 INFO  ProgressMeter -       chr2:227592950             10.0               1322000         132036.3
14:11:07.217 INFO  ProgressMeter -       chr2:234748142             10.2               1346000         132164.4
14:11:17.332 INFO  ProgressMeter -       chr2:241098537             10.4               1370000         132330.3
14:11:27.767 INFO  ProgressMeter -         chr3:4864523             10.5               1397000         132708.9
14:11:37.767 INFO  ProgressMeter -        chr3:11618911             10.7               1421000         132884.9
14:11:48.089 INFO  ProgressMeter -        chr3:18815982             10.9               1443000         132805.7
14:11:58.525 INFO  ProgressMeter -        chr3:26124147             11.0               1468000         132977.8
14:12:09.004 INFO  ProgressMeter -        chr3:33379016             11.2               1493000         133136.2
14:12:19.196 INFO  ProgressMeter -        chr3:41543551             11.4               1515000         133082.3
14:12:29.770 INFO  ProgressMeter -        chr3:50636621             11.6               1536000         132870.1
14:12:40.049 INFO  ProgressMeter -        chr3:58695599             11.7               1557000         132719.8
14:12:50.363 INFO  ProgressMeter -        chr3:65967253             11.9               1582000         132903.2
14:13:00.534 INFO  ProgressMeter -        chr3:73691571             12.1               1605000         132942.2
14:13:10.669 INFO  ProgressMeter -        chr3:82368686             12.2               1631000         133231.7
14:13:20.821 INFO  ProgressMeter -        chr3:96853887             12.4               1658000         133591.0
14:13:31.240 INFO  ProgressMeter -       chr3:105408268             12.6               1683000         133734.2
14:13:41.255 INFO  ProgressMeter -       chr3:113502590             12.8               1707000         133865.6
14:13:51.646 INFO  ProgressMeter -       chr3:121871244             12.9               1730000         133851.4
14:14:02.012 INFO  ProgressMeter -       chr3:129260780             13.1               1753000         133842.0
14:14:12.329 INFO  ProgressMeter -       chr3:136549810             13.3               1776000         133840.8
14:14:22.403 INFO  ProgressMeter -       chr3:144916600             13.4               1797000         133731.2
14:14:32.472 INFO  ProgressMeter -       chr3:154617825             13.6               1826000         134213.2
14:14:42.525 INFO  ProgressMeter -       chr3:166379605             13.8               1861000         135121.7
14:14:52.909 INFO  ProgressMeter -       chr3:175006637             13.9               1887000         135309.2
14:15:03.205 INFO  ProgressMeter -       chr3:182942468             14.1               1911000         135364.5
14:15:13.522 INFO  ProgressMeter -       chr3:191052965             14.3               1934000         135345.2
14:15:23.675 INFO  ProgressMeter -       chr3:197932146             14.5               1959000         135490.3
14:15:33.975 INFO  ProgressMeter -         chr4:3207156             14.6               1984000         135609.3
14:15:44.109 INFO  ProgressMeter -         chr4:8918404             14.8               2010000         135818.5
14:15:54.372 INFO  ProgressMeter -        chr4:16107434             15.0               2037000         136070.2
14:16:04.762 INFO  ProgressMeter -        chr4:24030881             15.1               2062000         136165.2
14:16:15.112 INFO  ProgressMeter -        chr4:32207440             15.3               2088000         136329.1
14:16:25.222 INFO  ProgressMeter -        chr4:39767690             15.5               2114000         136524.6
14:16:35.654 INFO  ProgressMeter -        chr4:48182587             15.7               2138000         136541.4
14:16:45.876 INFO  ProgressMeter -        chr4:61844531             15.8               2167000         136904.1
14:16:55.896 INFO  ProgressMeter -        chr4:69881952             16.0               2193000         137100.2
14:17:05.936 INFO  ProgressMeter -        chr4:78095868             16.2               2217000         137165.6
14:17:16.216 INFO  ProgressMeter -        chr4:85958341             16.3               2240000         137134.9
14:17:26.560 INFO  ProgressMeter -        chr4:93440682             16.5               2261000         136974.8
14:17:36.625 INFO  ProgressMeter -       chr4:101592839             16.7               2285000         137036.1
14:17:46.737 INFO  ProgressMeter -       chr4:109576627             16.8               2308000         137030.5
14:17:56.892 INFO  ProgressMeter -       chr4:117287994             17.0               2329000         136901.6
14:18:07.250 INFO  ProgressMeter -       chr4:125817477             17.2               2354000         136981.1
14:18:17.403 INFO  ProgressMeter -       chr4:133772880             17.4               2379000         137086.0
14:18:27.671 INFO  ProgressMeter -       chr4:142878126             17.5               2404000         137174.0
14:18:38.074 INFO  ProgressMeter -       chr4:151599368             17.7               2427000         137129.6
14:18:48.157 INFO  ProgressMeter -       chr4:159664210             17.9               2449000         137071.2
14:18:58.169 INFO  ProgressMeter -       chr4:167714279             18.0               2474000         137189.1
14:19:08.393 INFO  ProgressMeter -       chr4:175028817             18.2               2500000         137333.2
14:19:18.634 INFO  ProgressMeter -       chr4:183170271             18.4               2525000         137418.1
14:19:28.755 INFO  ProgressMeter -       chr4:190361053             18.5               2551000         137570.2
14:19:39.029 INFO  ProgressMeter -         chr5:3404739             18.7               2579000         137807.7
14:19:49.173 INFO  ProgressMeter -        chr5:10811816             18.9               2604000         137897.7
14:19:59.402 INFO  ProgressMeter -        chr5:18792164             19.1               2628000         137923.6
14:20:09.457 INFO  ProgressMeter -        chr5:27029404             19.2               2654000         138073.6
14:20:19.843 INFO  ProgressMeter -        chr5:35029882             19.4               2680000         138181.8
14:20:29.960 INFO  ProgressMeter -        chr5:42570647             19.6               2703000         138166.5
14:20:40.346 INFO  ProgressMeter -        chr5:55270016             19.7               2727000         138170.7
14:20:50.607 INFO  ProgressMeter -        chr5:63443841             19.9               2750000         138139.1
14:21:00.759 INFO  ProgressMeter -        chr5:72669082             20.1               2772000         138070.7
14:21:11.073 INFO  ProgressMeter -        chr5:80641196             20.2               2795000         138034.6
14:21:21.129 INFO  ProgressMeter -        chr5:89316796             20.4               2818000         138027.9
14:21:31.278 INFO  ProgressMeter -        chr5:98198856             20.6               2840000         137962.4
14:21:41.522 INFO  ProgressMeter -       chr5:106471516             20.8               2866000         138080.3
14:21:51.729 INFO  ProgressMeter -       chr5:113768783             20.9               2891000         138152.4
14:22:01.859 INFO  ProgressMeter -       chr5:120699932             21.1               2917000         138279.3
14:22:12.030 INFO  ProgressMeter -       chr5:128254452             21.3               2942000         138352.5
14:22:22.190 INFO  ProgressMeter -       chr5:136470536             21.4               2964000         138285.9
14:22:32.527 INFO  ProgressMeter -       chr5:145268211             21.6               2985000         138155.2
14:22:42.715 INFO  ProgressMeter -       chr5:152859857             21.8               3008000         138134.1
14:22:53.088 INFO  ProgressMeter -       chr5:160784893             21.9               3032000         138139.7
14:23:03.187 INFO  ProgressMeter -       chr5:169117535             22.1               3056000         138173.5
14:23:13.609 INFO  ProgressMeter -       chr5:176482004             22.3               3080000         138173.4
14:23:23.924 INFO  ProgressMeter -         chr6:1323623             22.5               3105000         138228.8
14:23:34.215 INFO  ProgressMeter -         chr6:8210730             22.6               3129000         138241.7
14:23:44.684 INFO  ProgressMeter -        chr6:15712925             22.8               3153000         138236.5
14:23:54.898 INFO  ProgressMeter -        chr6:23188428             23.0               3177000         138256.8
14:24:05.034 INFO  ProgressMeter -        chr6:30000576             23.1               3205000         138457.4
14:24:15.426 INFO  ProgressMeter -        chr6:35857500             23.3               3238000         138844.1
14:24:25.638 INFO  ProgressMeter -        chr6:43024544             23.5               3260000         138774.7
14:24:35.638 INFO  ProgressMeter -        chr6:51062801             23.7               3282000         138727.0
14:24:45.835 INFO  ProgressMeter -        chr6:61732725             23.8               3306000         138744.7
14:24:56.193 INFO  ProgressMeter -        chr6:69960709             24.0               3332000         138830.1
14:25:06.526 INFO  ProgressMeter -        chr6:78359316             24.2               3357000         138875.3
14:25:16.615 INFO  ProgressMeter -        chr6:86750038             24.3               3383000         138984.0
14:25:26.958 INFO  ProgressMeter -        chr6:95528708             24.5               3408000         139026.6
14:25:37.126 INFO  ProgressMeter -       chr6:104381113             24.7               3433000         139084.8
14:25:47.545 INFO  ProgressMeter -       chr6:112857936             24.9               3458000         139119.0
14:25:57.747 INFO  ProgressMeter -       chr6:121458080             25.0               3481000         139092.8
14:26:08.092 INFO  ProgressMeter -       chr6:129975415             25.2               3504000         139053.8
14:26:18.138 INFO  ProgressMeter -       chr6:137055498             25.4               3527000         139042.7
14:26:28.552 INFO  ProgressMeter -       chr6:145346037             25.5               3550000         138998.4
14:26:38.899 INFO  ProgressMeter -       chr6:152986290             25.7               3574000         138999.4
14:26:49.274 INFO  ProgressMeter -       chr6:160479474             25.9               3598000         138998.1
14:26:59.299 INFO  ProgressMeter -       chr6:167448426             26.1               3621000         138989.5
14:27:09.586 INFO  ProgressMeter -         chr7:1271929             26.2               3647000         139072.2
14:27:19.638 INFO  ProgressMeter -         chr7:6200014             26.4               3669000         139023.0
14:27:29.663 INFO  ProgressMeter -        chr7:11590928             26.6               3692000         139014.4
14:27:40.098 INFO  ProgressMeter -        chr7:17677798             26.7               3716000         139007.9
14:27:50.226 INFO  ProgressMeter -        chr7:24025144             26.9               3737000         138916.2
14:28:00.453 INFO  ProgressMeter -        chr7:30479319             27.1               3757000         138780.3
14:28:10.756 INFO  ProgressMeter -        chr7:36821827             27.2               3777000         138639.7
14:28:20.955 INFO  ProgressMeter -        chr7:43705606             27.4               3797000         138509.6
14:28:31.320 INFO  ProgressMeter -        chr7:50343186             27.6               3817000         138367.2
14:28:41.539 INFO  ProgressMeter -        chr7:56329286             27.8               3839000         138310.8
14:28:51.605 INFO  ProgressMeter -        chr7:67354571             27.9               3866000         138446.7
14:29:01.801 INFO  ProgressMeter -        chr7:74083463             28.1               3887000         138356.8
14:29:12.188 INFO  ProgressMeter -        chr7:81122157             28.3               3907000         138217.0
14:29:22.636 INFO  ProgressMeter -        chr7:88173309             28.4               3929000         138144.3
14:29:32.719 INFO  ProgressMeter -        chr7:95392908             28.6               3948000         137996.9
14:29:43.097 INFO  ProgressMeter -       chr7:102576116             28.8               3968000         137862.5
14:29:53.584 INFO  ProgressMeter -       chr7:108989430             29.0               3988000         137721.1
14:30:03.961 INFO  ProgressMeter -       chr7:116585477             29.1               4008000         137590.0
14:30:14.467 INFO  ProgressMeter -       chr7:124781489             29.3               4028000         137450.4
14:30:24.672 INFO  ProgressMeter -       chr7:132074207             29.5               4047000         137301.8
14:30:34.763 INFO  ProgressMeter -       chr7:139012786             29.6               4066000         137163.8
14:30:45.039 INFO  ProgressMeter -       chr7:145788278             29.8               4087000         137080.2
14:30:55.214 INFO  ProgressMeter -       chr7:151764633             30.0               4109000         137038.6
14:31:05.623 INFO  ProgressMeter -       chr7:157314248             30.2               4131000         136979.8
14:31:15.729 INFO  ProgressMeter -         chr8:2130442             30.3               4156000         137043.4
14:31:25.905 INFO  ProgressMeter -         chr8:6942556             30.5               4188000         137330.5
14:31:36.018 INFO  ProgressMeter -        chr8:14068667             30.7               4217000         137521.4
14:31:46.235 INFO  ProgressMeter -        chr8:19961788             30.8               4246000         137702.5
14:31:56.585 INFO  ProgressMeter -        chr8:27077946             31.0               4271000         137742.7
14:32:06.758 INFO  ProgressMeter -        chr8:34782539             31.2               4294000         137731.4
14:32:16.877 INFO  ProgressMeter -        chr8:42993125             31.3               4317000         137724.0
14:32:27.180 INFO  ProgressMeter -        chr8:53257850             31.5               4340000         137703.5
14:32:37.661 INFO  ProgressMeter -        chr8:61364333             31.7               4365000         137733.2
14:32:47.898 INFO  ProgressMeter -        chr8:69390843             31.9               4388000         137717.5
14:32:58.267 INFO  ProgressMeter -        chr8:77707810             32.0               4412000         137723.9
14:33:08.387 INFO  ProgressMeter -        chr8:85441157             32.2               4437000         137778.8
14:33:18.573 INFO  ProgressMeter -        chr8:94955202             32.4               4460000         137766.8
14:33:28.594 INFO  ProgressMeter -       chr8:102961490             32.5               4482000         137735.7
14:33:39.039 INFO  ProgressMeter -       chr8:110968375             32.7               4505000         137705.8
14:33:49.107 INFO  ProgressMeter -       chr8:119523081             32.9               4529000         137733.0
14:33:59.314 INFO  ProgressMeter -       chr8:127214103             33.1               4553000         137750.2
14:34:09.398 INFO  ProgressMeter -       chr8:134531429             33.2               4577000         137775.8
14:34:19.876 INFO  ProgressMeter -       chr8:141965881             33.4               4602000         137803.9
14:34:29.988 INFO  ProgressMeter -         chr9:2670157             33.6               4631000         137976.0
14:34:40.222 INFO  ProgressMeter -        chr9:12179231             33.7               4668000         138375.1
14:34:50.395 INFO  ProgressMeter -        chr9:24571992             33.9               4711000         138951.4
14:35:00.707 INFO  ProgressMeter -        chr9:32329186             34.1               4739000         139072.3
14:35:10.927 INFO  ProgressMeter -        chr9:40082633             34.2               4763000         139081.5
14:35:20.929 INFO  ProgressMeter -        chr9:81808606             34.4               4793000         139279.4
14:35:31.062 INFO  ProgressMeter -        chr9:89918311             34.6               4816000         139264.3
14:35:41.235 INFO  ProgressMeter -        chr9:97880847             34.8               4840000         139275.5
14:35:51.418 INFO  ProgressMeter -       chr9:104894983             34.9               4864000         139285.9
14:36:01.601 INFO  ProgressMeter -       chr9:112871440             35.1               4886000         139239.2
14:36:11.617 INFO  ProgressMeter -       chr9:120280863             35.3               4912000         139317.3
14:36:21.687 INFO  ProgressMeter -       chr9:127669425             35.4               4935000         139306.6
14:36:31.818 INFO  ProgressMeter -       chr9:135908248             35.6               4957000         139263.9
14:36:41.942 INFO  ProgressMeter -       chr9:143207373             35.8               4979000         139221.9
14:36:52.214 INFO  ProgressMeter -       chr9:149790002             35.9               5003000         139226.5
14:37:02.371 INFO  ProgressMeter -        chr10:6098874             36.1               5029000         139293.8
14:37:12.435 INFO  ProgressMeter -       chr10:13195120             36.3               5053000         139311.4
14:37:22.442 INFO  ProgressMeter -       chr10:19718217             36.4               5078000         139359.8
14:37:32.627 INFO  ProgressMeter -       chr10:27094463             36.6               5103000         139396.5
14:37:42.715 INFO  ProgressMeter -       chr10:33933746             36.8               5127000         139411.8
14:37:52.815 INFO  ProgressMeter -       chr10:43585824             36.9               5159000         139642.8
14:38:03.074 INFO  ProgressMeter -       chr10:50825118             37.1               5183000         139646.1
14:38:13.259 INFO  ProgressMeter -       chr10:58449642             37.3               5208000         139680.8
14:38:23.503 INFO  ProgressMeter -       chr10:66859079             37.5               5232000         139684.9
14:38:33.822 INFO  ProgressMeter -       chr10:73374698             37.6               5255000         139657.8
14:38:44.043 INFO  ProgressMeter -       chr10:80614781             37.8               5275000         139557.4
14:38:54.442 INFO  ProgressMeter -       chr10:88010508             38.0               5300000         139578.8
14:39:04.842 INFO  ProgressMeter -       chr10:96207265             38.1               5323000         139547.5
14:39:14.898 INFO  ProgressMeter -      chr10:104754384             38.3               5343000         139459.1
14:39:24.965 INFO  ProgressMeter -      chr10:112408794             38.5               5367000         139474.7
14:39:35.385 INFO  ProgressMeter -      chr10:120484312             38.7               5390000         139443.1
14:39:45.395 INFO  ProgressMeter -      chr10:127467024             38.8               5413000         139436.3
14:39:55.609 INFO  ProgressMeter -      chr10:134112808             39.0               5439000         139494.3
14:40:05.966 INFO  ProgressMeter -        chr11:5968689             39.2               5466000         139568.9
14:40:16.175 INFO  ProgressMeter -       chr11:13262696             39.3               5489000         139549.9
14:40:26.570 INFO  ProgressMeter -       chr11:21506820             39.5               5511000         139494.8
14:40:36.694 INFO  ProgressMeter -       chr11:29639486             39.7               5537000         139556.9
14:40:47.011 INFO  ProgressMeter -       chr11:37832009             39.8               5560000         139531.8
14:40:57.086 INFO  ProgressMeter -       chr11:45580725             40.0               5585000         139571.1
14:41:07.348 INFO  ProgressMeter -       chr11:56396528             40.2               5612000         139648.9
14:41:17.838 INFO  ProgressMeter -       chr11:64716646             40.4               5634000         139589.1
14:41:27.934 INFO  ProgressMeter -       chr11:71743940             40.5               5656000         139552.4
14:41:38.388 INFO  ProgressMeter -       chr11:79396454             40.7               5678000         139495.5
14:41:48.633 INFO  ProgressMeter -       chr11:86885589             40.9               5702000         139499.9
14:41:58.897 INFO  ProgressMeter -       chr11:95096676             41.0               5727000         139527.6
14:42:09.272 INFO  ProgressMeter -      chr11:102884198             41.2               5752000         139548.8
14:42:19.292 INFO  ProgressMeter -      chr11:111154960             41.4               5775000         139541.5
14:42:29.649 INFO  ProgressMeter -      chr11:119165142             41.6               5797000         139491.3
14:42:40.063 INFO  ProgressMeter -      chr11:126951375             41.7               5820000         139462.2
14:42:50.129 INFO  ProgressMeter -      chr11:133992717             41.9               5843000         139452.7
14:43:00.513 INFO  ProgressMeter -        chr12:5405051             42.1               5866000         139425.8
14:43:10.927 INFO  ProgressMeter -       chr12:12700423             42.2               5891000         139444.7
14:43:20.962 INFO  ProgressMeter -       chr12:20713309             42.4               5914000         139437.1
14:43:31.442 INFO  ProgressMeter -       chr12:28602911             42.6               5938000         139428.8
14:43:41.591 INFO  ProgressMeter -       chr12:37630636             42.8               5966000         139532.1
14:43:51.695 INFO  ProgressMeter -       chr12:44862672             42.9               5992000         139590.4
14:44:01.930 INFO  ProgressMeter -       chr12:52712744             43.1               6014000         139548.3
14:44:12.004 INFO  ProgressMeter -       chr12:61008196             43.3               6036000         139515.3
14:44:22.307 INFO  ProgressMeter -       chr12:69090395             43.4               6059000         139493.2
14:44:32.518 INFO  ProgressMeter -       chr12:77175479             43.6               6083000         139499.2
14:44:42.868 INFO  ProgressMeter -       chr12:86181104             43.8               6107000         139497.8
14:44:52.937 INFO  ProgressMeter -       chr12:94985089             43.9               6130000         139488.4
14:45:03.143 INFO  ProgressMeter -      chr12:102740666             44.1               6153000         139471.9
14:45:13.181 INFO  ProgressMeter -      chr12:110082482             44.3               6175000         139441.8
14:45:23.531 INFO  ProgressMeter -      chr12:117798171             44.5               6198000         139418.2
14:45:33.567 INFO  ProgressMeter -      chr12:124993417             44.6               6220000         139388.5
14:45:43.633 INFO  ProgressMeter -      chr12:131723162             44.8               6246000         139446.9
14:45:53.860 INFO  ProgressMeter -       chr13:22454911             45.0               6273000         139518.8
14:46:04.013 INFO  ProgressMeter -       chr13:29426350             45.1               6297000         139527.5
14:46:14.398 INFO  ProgressMeter -       chr13:37879480             45.3               6321000         139524.2
14:46:24.510 INFO  ProgressMeter -       chr13:46107852             45.5               6344000         139512.8
14:46:34.947 INFO  ProgressMeter -       chr13:54603875             45.6               6367000         139485.1
14:46:45.029 INFO  ProgressMeter -       chr13:63581876             45.8               6392000         139519.1
14:46:55.294 INFO  ProgressMeter -       chr13:72674831             46.0               6417000         139543.7
14:47:05.497 INFO  ProgressMeter -       chr13:81138756             46.2               6441000         139549.6
14:47:15.534 INFO  ProgressMeter -       chr13:90276330             46.3               6466000         139585.3
14:47:25.644 INFO  ProgressMeter -       chr13:98367690             46.5               6490000         139595.7
14:47:35.797 INFO  ProgressMeter -      chr13:106319027             46.7               6515000         139625.2
14:47:45.931 INFO  ProgressMeter -      chr13:113391401             46.8               6541000         139676.8
14:47:56.095 INFO  ProgressMeter -       chr14:19981331             47.0               6568000         139747.9
14:48:06.470 INFO  ProgressMeter -       chr14:28170349             47.2               6592000         139744.4
14:48:16.642 INFO  ProgressMeter -       chr14:36202481             47.3               6616000         139750.9
14:48:26.862 INFO  ProgressMeter -       chr14:44279241             47.5               6642000         139797.1
14:48:37.039 INFO  ProgressMeter -       chr14:52148322             47.7               6665000         139782.2
14:48:47.117 INFO  ProgressMeter -       chr14:60028579             47.8               6687000         139751.3
14:48:57.136 INFO  ProgressMeter -       chr14:67177741             48.0               6708000         139702.6
14:49:07.412 INFO  ProgressMeter -       chr14:74578363             48.2               6730000         139662.6
14:49:17.474 INFO  ProgressMeter -       chr14:82468386             48.4               6755000         139695.3
14:49:27.791 INFO  ProgressMeter -       chr14:89778010             48.5               6778000         139674.2
14:49:37.902 INFO  ProgressMeter -       chr14:96654203             48.7               6801000         139663.2
14:49:47.977 INFO  ProgressMeter -       chr15:19507406             48.9               6830000         139776.8
14:49:58.026 INFO  ProgressMeter -       chr15:26610204             49.0               6858000         139870.4
14:50:08.407 INFO  ProgressMeter -       chr15:34209260             49.2               6883000         139886.6
14:50:18.595 INFO  ProgressMeter -       chr15:42289822             49.4               6905000         139851.1
14:50:28.893 INFO  ProgressMeter -       chr15:50169060             49.5               6928000         139830.9
14:50:38.982 INFO  ProgressMeter -       chr15:57122526             49.7               6952000         139840.7
14:50:49.300 INFO  ProgressMeter -       chr15:64727603             49.9               6974000         139799.6
14:50:59.548 INFO  ProgressMeter -       chr15:73201620             50.1               6995000         139742.1
14:51:09.753 INFO  ProgressMeter -       chr15:80757696             50.2               7017000         139706.9
14:51:19.802 INFO  ProgressMeter -       chr15:88170871             50.4               7040000         139699.0
14:51:30.012 INFO  ProgressMeter -       chr15:95451461             50.6               7065000         139723.3
14:51:40.198 INFO  ProgressMeter -        chr16:1947978             50.7               7091000         139768.3
14:51:50.569 INFO  ProgressMeter -        chr16:7542089             50.9               7116000         139784.8
14:52:00.715 INFO  ProgressMeter -       chr16:13552321             51.1               7142000         139831.1
14:52:10.976 INFO  ProgressMeter -       chr16:21259892             51.2               7166000         139832.7
14:52:21.156 INFO  ProgressMeter -       chr16:29766021             51.4               7189000         139818.6
14:52:31.468 INFO  ProgressMeter -       chr16:55422478             51.6               7215000         139856.8
14:52:41.504 INFO  ProgressMeter -       chr16:62956569             51.8               7237000         139829.9
14:52:51.766 INFO  ProgressMeter -       chr16:71247954             51.9               7261000         139831.5
14:53:01.891 INFO  ProgressMeter -       chr16:79295971             52.1               7282000         139781.7
14:53:11.998 INFO  ProgressMeter -       chr16:85584785             52.3               7308000         139828.7
14:53:22.307 INFO  ProgressMeter -       chr16:91044845             52.4               7335000         139885.3
14:53:32.487 INFO  ProgressMeter -         chr17:150502             52.6               7361000         139928.4
14:53:42.625 INFO  ProgressMeter -        chr17:6386691             52.8               7385000         139935.2
14:53:52.749 INFO  ProgressMeter -       chr17:13531597             52.9               7409000         139942.5
14:54:03.019 INFO  ProgressMeter -       chr17:21032434             53.1               7432000         139924.6
14:54:13.107 INFO  ProgressMeter -       chr17:33491562             53.3               7459000         139989.8
14:54:23.368 INFO  ProgressMeter -       chr17:41427317             53.5               7481000         139953.5
14:54:33.714 INFO  ProgressMeter -       chr17:48992321             53.6               7503000         139913.7
14:54:43.872 INFO  ProgressMeter -       chr17:57198459             53.8               7525000         139882.3
14:54:54.201 INFO  ProgressMeter -       chr17:65664467             54.0               7546000         139825.2
14:55:04.574 INFO  ProgressMeter -       chr17:73623730             54.1               7570000         139822.0
14:55:14.697 INFO  ProgressMeter -       chr17:80047073             54.3               7593000         139811.2
14:55:24.864 INFO  ProgressMeter -        chr18:2646527             54.5               7618000         139835.2
14:55:34.973 INFO  ProgressMeter -        chr18:9669200             54.6               7643000         139861.5
14:55:45.285 INFO  ProgressMeter -       chr18:22242726             54.8               7668000         139879.1
14:55:55.529 INFO  ProgressMeter -       chr18:30652732             55.0               7691000         139863.1
14:56:05.709 INFO  ProgressMeter -       chr18:38607761             55.2               7712000         139813.6
14:56:16.046 INFO  ProgressMeter -       chr18:47007451             55.3               7734000         139775.8
14:56:26.230 INFO  ProgressMeter -       chr18:53907900             55.5               7756000         139744.8
14:56:36.543 INFO  ProgressMeter -       chr18:61262632             55.7               7778000         139708.5
14:56:46.560 INFO  ProgressMeter -       chr18:68596183             55.8               7801000         139702.7
14:56:56.798 INFO  ProgressMeter -       chr18:75763966             56.0               7825000         139705.6
14:57:07.068 INFO  ProgressMeter -        chr19:1317617             56.2               7851000         139742.7
14:57:17.234 INFO  ProgressMeter -        chr19:7496631             56.4               7876000         139766.2
14:57:27.504 INFO  ProgressMeter -       chr19:14544265             56.5               7900000         139767.6
14:57:37.769 INFO  ProgressMeter -       chr19:21445390             56.7               7924000         139769.1
14:57:48.101 INFO  ProgressMeter -       chr19:33436182             56.9               7952000         139838.3
14:57:58.388 INFO  ProgressMeter -       chr19:41166349             57.0               7975000         139821.2
14:58:08.646 INFO  ProgressMeter -       chr19:48302599             57.2               8000000         139840.3
14:58:19.004 INFO  ProgressMeter -       chr19:55286854             57.4               8025000         139855.3
14:58:29.368 INFO  ProgressMeter -       chr19:61400207             57.6               8053000         139922.0
14:58:39.767 INFO  ProgressMeter -        chr20:6886384             57.7               8078000         139935.0
14:58:50.214 INFO  ProgressMeter -       chr20:14833430             57.9               8102000         139928.7
14:59:00.569 INFO  ProgressMeter -       chr20:22612287             58.1               8126000         139926.1
14:59:10.756 INFO  ProgressMeter -       chr20:34916459             58.2               8154000         139999.0
14:59:20.993 INFO  ProgressMeter -       chr20:43322553             58.4               8175000         139949.6
14:59:31.186 INFO  ProgressMeter -       chr20:50499620             58.6               8198000         139936.4
14:59:41.584 INFO  ProgressMeter -       chr20:58009419             58.8               8223000         139949.1
14:59:51.650 INFO  ProgressMeter -       chr20:64552884             58.9               8247000         139958.0
15:00:01.961 INFO  ProgressMeter -       chr21:15178239             59.1               8278000         140075.5
15:00:12.220 INFO  ProgressMeter -       chr21:23038147             59.3               8306000         140143.8
15:00:22.320 INFO  ProgressMeter -       chr21:30487872             59.4               8331000         140167.5
15:00:32.537 INFO  ProgressMeter -       chr21:38058543             59.6               8353000         140136.2
15:00:42.878 INFO  ProgressMeter -       chr21:44601300             59.8               8377000         140133.7
15:00:53.263 INFO  ProgressMeter -       chr22:20609053             60.0               8409000         140262.8
15:01:03.275 INFO  ProgressMeter -       chr22:27166537             60.1               8434000         140289.4
15:01:13.738 INFO  ProgressMeter -       chr22:34287958             60.3               8457000         140265.1
15:01:24.195 INFO  ProgressMeter -       chr22:41930447             60.5               8480000         140241.2
15:01:34.492 INFO  ProgressMeter -       chr22:48211114             60.6               8504000         140240.1
15:01:44.837 INFO  ProgressMeter -         chrX:2516321             60.8               8535000         140352.2
15:01:54.979 INFO  ProgressMeter -        chrX:18904669             61.0               8571000         140553.5
15:02:05.180 INFO  ProgressMeter -        chrX:34402186             61.2               8607000         140751.4
15:02:15.223 INFO  ProgressMeter -        chrX:52123357             61.3               8641000         140921.8
15:02:25.245 INFO  ProgressMeter -        chrX:74032413             61.5               8673000         141059.3
15:02:35.453 INFO  ProgressMeter -        chrX:90762211             61.7               8713000         141318.9
15:02:45.758 INFO  ProgressMeter -       chrX:109203724             61.8               8750000         141524.7
15:02:55.867 INFO  ProgressMeter -       chrX:125921735             62.0               8788000         141753.1
15:03:06.081 INFO  ProgressMeter -       chrX:144020278             62.2               8825000         141960.1
15:03:17.058 INFO  GetPileupSummaries - 0 read(s) filtered by: MappingQualityAvailableReadFilter 
5164500 read(s) filtered by: MappingQualityNotZeroReadFilter 
0 read(s) filtered by: MappedReadFilter 
175307 read(s) filtered by: PrimaryLineReadFilter 
63960124 read(s) filtered by: NotDuplicateReadFilter 
0 read(s) filtered by: PassesVendorQualityCheckReadFilter 
0 read(s) filtered by: NonZeroReferenceLengthAlignmentReadFilter 
2260190 read(s) filtered by: MateOnSameContigOrNoMappedMateReadFilter 
0 read(s) filtered by: GoodCigarReadFilter 
0 read(s) filtered by: WellformedReadFilter 
71560121 total reads filtered out of 435576042 reads processed
15:03:17.058 INFO  ProgressMeter -        chrY:18055455             62.3               8852809         141989.5
15:03:17.058 INFO  ProgressMeter - Traversal complete. Processed 8852809 total loci in 62.3 minutes.
15:03:17.059 INFO  GetPileupSummaries - Shutting down engine
[July 14, 2024 at 3:03:17 PM CEST] org.broadinstitute.hellbender.tools.walkers.contamination.GetPileupSummaries done. Elapsed time: 63.37 minutes.
Runtime.totalMemory()=4311744512
Tool returned:
SUCCESS
