May 06, 2024 4:58:42 PM com.intel.gkl.NativeLibraryLoader load
INFO: Loading libgkl_compression.so from jar:file:/lustre1/project/stg_00096/home/rdewin/system/miniconda/envs/WGS/share/picard-3.1.1-0/picard.jar!/com/intel/gkl/native/libgkl_compression.so
[Mon May 06 16:58:42 CEST 2024] LiftoverVcf --INPUT results/mutect2/P016/P016_pass_variants.vcf --OUTPUT results/mutect2/P016/P016_pass_variants_lifted.vcf --CHAIN resources/liftover/chm13v2-to-grch38.chain --REJECT results/mutect2/P016/P016_pass_variants_unlifted.vcf --LIFTOVER_MIN_MATCH 0.95 --REFERENCE_SEQUENCE resources/GRCh38/GRCh38.fasta --WARN_ON_MISSING_CONTIG false --LOG_FAILED_INTERVALS true --WRITE_ORIGINAL_POSITION false --WRITE_ORIGINAL_ALLELES false --ALLOW_MISSING_FIELDS_IN_HEADER false --RECOVER_SWAPPED_REF_ALT false --TAGS_TO_REVERSE AF --TAGS_TO_DROP MAX_AF --DISABLE_SORT false --VERBOSITY INFO --QUIET false --VALIDATION_STRINGENCY STRICT --COMPRESSION_LEVEL 5 --MAX_RECORDS_IN_RAM 500000 --CREATE_INDEX false --CREATE_MD5_FILE false --help false --version false --showHidden false --USE_JDK_DEFLATER false --USE_JDK_INFLATER false
[Mon May 06 16:58:42 CEST 2024] Executing as vsc35407@g28l17 on Linux 4.18.0-513.24.1.el8_9.x86_64 amd64; OpenJDK 64-Bit Server VM 17.0.10-internal+0-adhoc..src; Deflater: Intel; Inflater: Intel; Provider GCS is available; Picard version: Version:3.1.1
INFO	2024-05-06 16:58:43	LiftoverVcf	Loading up the target reference genome.
INFO	2024-05-06 16:58:55	LiftoverVcf	Lifting variants over and sorting (not yet writing the output file.)
INFO	2024-05-06 16:58:56	LiftOver	Interval chr2:121471806-121471832 failed to match chain 0 because intersection length 17 < minMatchSize 25.65 (0.6296296 < 0.95)
INFO	2024-05-06 16:58:56	LiftOver	Interval chr2:148510303-148510305 failed to match chain 0 because intersection length 2 < minMatchSize 2.8499999999999996 (0.6666667 < 0.95)
INFO	2024-05-06 16:58:56	LiftOver	Interval chr2:206057423-206057431 failed to match chain 0 because intersection length 7 < minMatchSize 8.549999999999999 (0.7777778 < 0.95)
INFO	2024-05-06 16:58:56	LiftOver	Interval chr3:4246039-4246043 failed to match chain 0 because intersection length 3 < minMatchSize 4.75 (0.6 < 0.95)
INFO	2024-05-06 16:58:56	LiftOver	Interval chr3:38425643-38425677 failed to match chain 0 because intersection length 3 < minMatchSize 33.25 (0.08571429 < 0.95)
INFO	2024-05-06 16:58:56	LiftOver	Interval chr3:49984998-49985002 failed to match chain 0 because intersection length 3 < minMatchSize 4.75 (0.6 < 0.95)
INFO	2024-05-06 16:58:56	LiftOver	Interval chr3:74280402-74280417 failed to match chain 0 because intersection length 4 < minMatchSize 15.2 (0.25 < 0.95)
INFO	2024-05-06 16:58:56	LiftOver	Interval chr3:186604924-186604941 failed to match chain 0 because intersection length 15 < minMatchSize 17.099999999999998 (0.8333333 < 0.95)
INFO	2024-05-06 16:58:56	LiftOver	Interval chr4:15708302-15708304 failed to match chain 0 because intersection length 2 < minMatchSize 2.8499999999999996 (0.6666667 < 0.95)
INFO	2024-05-06 16:58:56	LiftOver	Interval chr4:39893602-39893622 failed to match chain 0 because intersection length 3 < minMatchSize 19.95 (0.14285715 < 0.95)
INFO	2024-05-06 16:58:56	LiftOver	Interval chr4:62748528-62748530 failed to match chain 0 because intersection length 1 < minMatchSize 2.8499999999999996 (0.33333334 < 0.95)
INFO	2024-05-06 16:58:56	LiftOver	Interval chr4:171065048-171065054 failed to match chain 0 because intersection length 5 < minMatchSize 6.6499999999999995 (0.71428573 < 0.95)
INFO	2024-05-06 16:58:56	LiftOver	Interval chr5:16350946-16350950 failed to match chain 0 because intersection length 3 < minMatchSize 4.75 (0.6 < 0.95)
INFO	2024-05-06 16:58:56	LiftOver	Interval chr5:59841683-59841687 failed to match chain 0 because intersection length 2 < minMatchSize 4.75 (0.4 < 0.95)
INFO	2024-05-06 16:58:56	LiftOver	Interval chr5:130096678-130096704 failed to match chain 0 because intersection length 2 < minMatchSize 25.65 (0.074074075 < 0.95)
INFO	2024-05-06 16:58:56	LiftOver	Interval chr6:20785272-20785286 failed to match chain 0 because intersection length 11 < minMatchSize 14.25 (0.73333335 < 0.95)
INFO	2024-05-06 16:58:56	LiftOver	Interval chr6:52252821-52252841 failed to match chain 0 because intersection length 12 < minMatchSize 19.95 (0.5714286 < 0.95)
INFO	2024-05-06 16:58:56	LiftOver	Interval chr6:151875199-151875211 failed to match chain 0 because intersection length 7 < minMatchSize 12.35 (0.53846157 < 0.95)
INFO	2024-05-06 16:58:56	LiftOver	Interval chr7:330290-330299 failed to match chain 0 because intersection length 2 < minMatchSize 9.5 (0.2 < 0.95)
INFO	2024-05-06 16:58:56	LiftOver	Interval chr8:2417920-2417922 failed to match chain 0 because intersection length 2 < minMatchSize 2.8499999999999996 (0.6666667 < 0.95)
INFO	2024-05-06 16:58:56	LiftOver	Interval chr8:59415637-59415647 failed to match chain 0 because intersection length 5 < minMatchSize 10.45 (0.45454547 < 0.95)
INFO	2024-05-06 16:58:56	LiftOver	Interval chr8:99217336-99217348 failed to match chain 0 because intersection length 12 < minMatchSize 12.35 (0.9230769 < 0.95)
INFO	2024-05-06 16:58:56	LiftOver	Interval chr9:97033017-97033023 failed to match chain 0 because intersection length 3 < minMatchSize 6.6499999999999995 (0.42857143 < 0.95)
INFO	2024-05-06 16:58:56	LiftOver	Interval chr10:80758242-80758250 failed to match chain 0 because intersection length 3 < minMatchSize 8.549999999999999 (0.33333334 < 0.95)
INFO	2024-05-06 16:58:56	LiftOver	Interval chr11:30961142-30961144 failed to match chain 0 because intersection length 2 < minMatchSize 2.8499999999999996 (0.6666667 < 0.95)
INFO	2024-05-06 16:58:56	LiftOver	Interval chr11:65160203-65160221 failed to match chain 0 because intersection length 3 < minMatchSize 18.05 (0.15789473 < 0.95)
INFO	2024-05-06 16:58:56	LiftOver	Interval chr12:66381079-66381099 failed to match chain 0 because intersection length 16 < minMatchSize 19.95 (0.7619048 < 0.95)
INFO	2024-05-06 16:58:56	LiftOver	Interval chr13:61006929-61006949 failed to match chain 0 because intersection length 3 < minMatchSize 19.95 (0.14285715 < 0.95)
INFO	2024-05-06 16:58:56	LiftOver	Interval chr13:87491557-87491558 failed to match chain 0 because intersection length 1 < minMatchSize 1.9 (0.5 < 0.95)
INFO	2024-05-06 16:58:56	LiftOver	Interval chr14:28136423-28136426 failed to match chain 0 because intersection length 2 < minMatchSize 3.8 (0.5 < 0.95)
INFO	2024-05-06 16:58:56	LiftOver	Interval chr14:79386857-79386861 failed to match chain 0 because intersection length 3 < minMatchSize 4.75 (0.6 < 0.95)
INFO	2024-05-06 16:58:56	LiftOver	Interval chr15:50925574-50925610 failed to match chain 0 because intersection length 13 < minMatchSize 35.15 (0.35135135 < 0.95)
INFO	2024-05-06 16:58:56	LiftOver	Interval chr16:60116594-60116606 failed to match chain 0 because intersection length 12 < minMatchSize 12.35 (0.9230769 < 0.95)
INFO	2024-05-06 16:58:56	LiftOver	Interval chr16:87702436-87702454 failed to match chain 0 because intersection length 5 < minMatchSize 18.05 (0.2631579 < 0.95)
INFO	2024-05-06 16:58:56	LiftOver	Interval chr17:8623432-8623444 failed to match chain 0 because intersection length 3 < minMatchSize 12.35 (0.23076923 < 0.95)
INFO	2024-05-06 16:58:56	LiftOver	Interval chr18:32288358-32288371 failed to match chain 0 because intersection length 7 < minMatchSize 13.299999999999999 (0.5 < 0.95)
INFO	2024-05-06 16:58:56	LiftoverVcf	Processed 2853 variants.
INFO	2024-05-06 16:58:56	LiftoverVcf	754 variants failed to liftover.
INFO	2024-05-06 16:58:56	LiftoverVcf	82 variants lifted over but had mismatching reference alleles after lift over.
INFO	2024-05-06 16:58:56	LiftoverVcf	29.3025% of variants were not successfully lifted over and written to the output.
INFO	2024-05-06 16:58:56	LiftoverVcf	liftover success by source contig:
INFO	2024-05-06 16:58:56	LiftoverVcf	chr1: 162 / 265 (61.1321%)
INFO	2024-05-06 16:58:56	LiftoverVcf	chr10: 101 / 130 (77.6923%)
INFO	2024-05-06 16:58:56	LiftoverVcf	chr11: 85 / 99 (85.8586%)
INFO	2024-05-06 16:58:56	LiftoverVcf	chr12: 89 / 95 (93.6842%)
INFO	2024-05-06 16:58:56	LiftoverVcf	chr13: 55 / 93 (59.1398%)
INFO	2024-05-06 16:58:56	LiftoverVcf	chr14: 58 / 107 (54.2056%)
INFO	2024-05-06 16:58:56	LiftoverVcf	chr15: 66 / 109 (60.5505%)
INFO	2024-05-06 16:58:56	LiftoverVcf	chr16: 55 / 72 (76.3889%)
INFO	2024-05-06 16:58:56	LiftoverVcf	chr17: 47 / 62 (75.8065%)
INFO	2024-05-06 16:58:56	LiftoverVcf	chr18: 55 / 74 (74.3243%)
INFO	2024-05-06 16:58:56	LiftoverVcf	chr19: 52 / 69 (75.3623%)
INFO	2024-05-06 16:58:56	LiftoverVcf	chr2: 175 / 202 (86.6337%)
INFO	2024-05-06 16:58:56	LiftoverVcf	chr20: 49 / 86 (56.9767%)
INFO	2024-05-06 16:58:56	LiftoverVcf	chr21: 41 / 69 (59.4203%)
INFO	2024-05-06 16:58:56	LiftoverVcf	chr22: 30 / 103 (29.1262%)
INFO	2024-05-06 16:58:56	LiftoverVcf	chr3: 115 / 134 (85.8209%)
INFO	2024-05-06 16:58:56	LiftoverVcf	chr4: 145 / 164 (88.4146%)
INFO	2024-05-06 16:58:56	LiftoverVcf	chr5: 128 / 158 (81.0127%)
INFO	2024-05-06 16:58:56	LiftoverVcf	chr6: 98 / 111 (88.2883%)
INFO	2024-05-06 16:58:56	LiftoverVcf	chr7: 150 / 182 (82.4176%)
INFO	2024-05-06 16:58:56	LiftoverVcf	chr8: 103 / 109 (94.4954%)
INFO	2024-05-06 16:58:56	LiftoverVcf	chr9: 94 / 285 (32.9825%)
INFO	2024-05-06 16:58:56	LiftoverVcf	chrX: 57 / 59 (96.6102%)
INFO	2024-05-06 16:58:56	LiftoverVcf	chrY: 7 / 16 (43.7500%)
INFO	2024-05-06 16:58:56	LiftoverVcf	lifted variants by target contig:
INFO	2024-05-06 16:58:56	LiftoverVcf	chr1: 162
INFO	2024-05-06 16:58:56	LiftoverVcf	chr10: 101
INFO	2024-05-06 16:58:56	LiftoverVcf	chr11: 85
INFO	2024-05-06 16:58:56	LiftoverVcf	chr12: 89
INFO	2024-05-06 16:58:56	LiftoverVcf	chr13: 55
INFO	2024-05-06 16:58:56	LiftoverVcf	chr14: 58
INFO	2024-05-06 16:58:56	LiftoverVcf	chr15: 66
INFO	2024-05-06 16:58:56	LiftoverVcf	chr16: 55
INFO	2024-05-06 16:58:56	LiftoverVcf	chr17: 47
INFO	2024-05-06 16:58:56	LiftoverVcf	chr18: 55
INFO	2024-05-06 16:58:56	LiftoverVcf	chr19: 52
INFO	2024-05-06 16:58:56	LiftoverVcf	chr2: 175
INFO	2024-05-06 16:58:56	LiftoverVcf	chr20: 49
INFO	2024-05-06 16:58:56	LiftoverVcf	chr21: 41
INFO	2024-05-06 16:58:56	LiftoverVcf	chr22: 30
INFO	2024-05-06 16:58:56	LiftoverVcf	chr3: 115
INFO	2024-05-06 16:58:56	LiftoverVcf	chr4: 145
INFO	2024-05-06 16:58:56	LiftoverVcf	chr5: 128
INFO	2024-05-06 16:58:56	LiftoverVcf	chr6: 98
INFO	2024-05-06 16:58:56	LiftoverVcf	chr7: 150
INFO	2024-05-06 16:58:56	LiftoverVcf	chr8: 103
INFO	2024-05-06 16:58:56	LiftoverVcf	chr9: 94
INFO	2024-05-06 16:58:56	LiftoverVcf	chrX: 57
INFO	2024-05-06 16:58:56	LiftoverVcf	chrY: 7
WARNING	2024-05-06 16:58:56	LiftoverVcf	21 variants with a swapped REF/ALT were identified, but were not recovered.  See RECOVER_SWAPPED_REF_ALT and associated caveats.
INFO	2024-05-06 16:58:56	LiftoverVcf	Writing out sorted records to final VCF.
[Mon May 06 16:58:57 CEST 2024] picard.vcf.LiftoverVcf done. Elapsed time: 0.25 minutes.
Runtime.totalMemory()=4294967296
