Using GATK jar /lustre1/project/stg_00096/home/rdewin/system/miniconda/envs/WGS/share/gatk4-4.5.0.0-0/gatk-package-4.5.0.0-local.jar
Running:
    java -Dsamjdk.use_async_io_read_samtools=false -Dsamjdk.use_async_io_write_samtools=true -Dsamjdk.use_async_io_write_tribble=false -Dsamjdk.compression_level=2 -jar /lustre1/project/stg_00096/home/rdewin/system/miniconda/envs/WGS/share/gatk4-4.5.0.0-0/gatk-package-4.5.0.0-local.jar FilterMutectCalls -R resources/genome.fa -V results/mutect2/P103/P103_variants.vcf --contamination-table results/mutect2/P103/P103_contamination.table --ob-priors results/mutect2/read_orientation_model.tar.gz -O results/mutect2/P103/P103_filtered_variants.vcf
20:17:04.866 INFO  NativeLibraryLoader - Loading libgkl_compression.so from jar:file:/lustre1/project/stg_00096/home/rdewin/system/miniconda/envs/WGS/share/gatk4-4.5.0.0-0/gatk-package-4.5.0.0-local.jar!/com/intel/gkl/native/libgkl_compression.so
20:17:05.230 INFO  FilterMutectCalls - ------------------------------------------------------------
20:17:05.233 INFO  FilterMutectCalls - The Genome Analysis Toolkit (GATK) v4.5.0.0
20:17:05.233 INFO  FilterMutectCalls - For support and documentation go to https://software.broadinstitute.org/gatk/
20:17:05.233 INFO  FilterMutectCalls - Executing as vsc35407@g28l22 on Linux v4.18.0-513.24.1.el8_9.x86_64 amd64
20:17:05.243 INFO  FilterMutectCalls - Java runtime: OpenJDK 64-Bit Server VM v17.0.10-internal+0-adhoc..src
20:17:05.243 INFO  FilterMutectCalls - Start Date/Time: July 14, 2024 at 8:17:04 PM CEST
20:17:05.244 INFO  FilterMutectCalls - ------------------------------------------------------------
20:17:05.244 INFO  FilterMutectCalls - ------------------------------------------------------------
20:17:05.244 INFO  FilterMutectCalls - HTSJDK Version: 4.1.0
20:17:05.244 INFO  FilterMutectCalls - Picard Version: 3.1.1
20:17:05.245 INFO  FilterMutectCalls - Built for Spark Version: 3.5.0
20:17:05.245 INFO  FilterMutectCalls - HTSJDK Defaults.COMPRESSION_LEVEL : 2
20:17:05.245 INFO  FilterMutectCalls - HTSJDK Defaults.USE_ASYNC_IO_READ_FOR_SAMTOOLS : false
20:17:05.245 INFO  FilterMutectCalls - HTSJDK Defaults.USE_ASYNC_IO_WRITE_FOR_SAMTOOLS : true
20:17:05.245 INFO  FilterMutectCalls - HTSJDK Defaults.USE_ASYNC_IO_WRITE_FOR_TRIBBLE : false
20:17:05.245 INFO  FilterMutectCalls - Deflater: IntelDeflater
20:17:05.245 INFO  FilterMutectCalls - Inflater: IntelInflater
20:17:05.246 INFO  FilterMutectCalls - GCS max retries/reopens: 20
20:17:05.246 INFO  FilterMutectCalls - Requester pays: disabled
20:17:05.247 INFO  FilterMutectCalls - Initializing engine
20:17:05.499 INFO  FeatureManager - Using codec VCFCodec to read file file:///lustre1/project/stg_00096/home/rdewin/WGS/results/mutect2/P103/P103_variants.vcf
20:17:05.857 INFO  FilterMutectCalls - Done initializing engine
20:17:06.003 INFO  IOUtils - Extracting data from archive: file:///lustre1/project/stg_00096/home/rdewin/WGS/results/mutect2/read_orientation_model.tar.gz
20:17:06.016 INFO  IOUtils - Extracting file: ./P011_tumor.orientation_priors
20:17:06.017 INFO  IOUtils - Extracting file: ./P022_tumor.orientation_priors
20:17:06.018 INFO  IOUtils - Extracting file: ./P060_tumor.orientation_priors
20:17:06.018 INFO  IOUtils - Extracting file: ./P059_tumor.orientation_priors
20:17:06.025 INFO  IOUtils - Extracting file: ./P038_tumor.orientation_priors
20:17:06.026 INFO  IOUtils - Extracting file: ./P062_tumor.orientation_priors
20:17:06.035 INFO  IOUtils - Extracting file: ./P018_tumor.orientation_priors
20:17:06.036 INFO  IOUtils - Extracting file: ./P058_tumor.orientation_priors
20:17:06.036 INFO  IOUtils - Extracting file: ./P103_tumor.orientation_priors
20:17:06.037 INFO  IOUtils - Extracting file: ./P033_tumor.orientation_priors
20:17:06.049 INFO  IOUtils - Extracting file: ./P029_tumor.orientation_priors
20:17:06.050 INFO  IOUtils - Extracting file: ./P024_tumor.orientation_priors
20:17:06.050 INFO  IOUtils - Extracting file: ./P016_tumor.orientation_priors
20:17:06.051 INFO  IOUtils - Extracting file: ./P066_tumor.orientation_priors
20:17:06.051 INFO  IOUtils - Extracting file: ./P036_tumor.orientation_priors
20:17:06.052 INFO  IOUtils - Extracting file: ./P020_tumor.orientation_priors
20:17:06.052 INFO  IOUtils - Extracting file: ./P026_tumor.orientation_priors
20:17:06.053 INFO  IOUtils - Extracting file: ./P056_tumor.orientation_priors
20:17:06.053 INFO  IOUtils - Extracting file: ./P064_tumor.orientation_priors
20:17:06.053 INFO  IOUtils - Extracting file: ./P034_tumor.orientation_priors
20:17:06.054 INFO  IOUtils - Extracting file: ./P028_tumor.orientation_priors
20:17:06.054 INFO  IOUtils - Extracting file: ./P017_tumor.orientation_priors
20:17:06.056 INFO  IOUtils - Extracting file: ./P065_tumor.orientation_priors
20:17:06.057 INFO  IOUtils - Extracting file: ./P023_tumor.orientation_priors
20:17:06.057 INFO  IOUtils - Extracting file: ./P037_tumor.orientation_priors
20:17:06.058 INFO  IOUtils - Extracting file: ./P013_tumor.orientation_priors
20:17:06.058 INFO  IOUtils - Extracting file: ./P057_tumor.orientation_priors
20:17:06.058 INFO  IOUtils - Extracting file: ./P019_tumor.orientation_priors
20:17:06.059 INFO  IOUtils - Extracting file: ./P061_tumor.orientation_priors
20:17:06.059 INFO  IOUtils - Extracting file: ./P041_tumor.orientation_priors
20:17:06.060 INFO  IOUtils - Extracting file: ./P035_tumor.orientation_priors
20:17:06.060 INFO  IOUtils - Extracting file: ./P086_tumor.orientation_priors
20:17:06.060 INFO  IOUtils - Extracting file: ./P105_tumor.orientation_priors
20:17:06.061 INFO  IOUtils - Extracting file: ./P027_tumor.orientation_priors
20:17:06.290 INFO  ProgressMeter - Starting traversal
20:17:06.290 INFO  ProgressMeter -        Current Locus  Elapsed Minutes    Variants Processed  Variants/Minute
20:17:06.300 INFO  FilterMutectCalls - Starting pass 0 through the variants
20:17:16.370 INFO  ProgressMeter -        chr7:58504736              0.2                 30000         178748.8
20:17:25.591 INFO  FilterMutectCalls - Finished pass 0 through the variants
20:17:37.292 INFO  FilterMutectCalls - Starting pass 1 through the variants
20:17:37.666 INFO  ProgressMeter -        chr1:28412505              0.5                 78000         149163.3
20:17:47.687 INFO  ProgressMeter -      chr12:119393622              0.7                126000         182621.9
20:17:52.818 INFO  FilterMutectCalls - Finished pass 1 through the variants
20:17:55.342 INFO  FilterMutectCalls - Starting pass 2 through the variants
20:17:57.694 INFO  ProgressMeter -       chr2:213117658              0.9                166000         193763.0
20:18:07.793 INFO  ProgressMeter -       chr17:67607515              1.0                217000         211697.0
20:18:10.286 INFO  FilterMutectCalls - Finished pass 2 through the variants
20:18:10.314 INFO  FilterMutectCalls - Starting pass 3 through the variants
20:18:17.849 INFO  ProgressMeter -       chr7:132841273              1.2                263000         220517.3
20:18:27.160 INFO  FilterMutectCalls - Finished pass 3 through the variants
20:18:27.183 INFO  FilterMutectCalls - No variants filtered by: AllowAllVariantsVariantFilter
20:18:27.183 INFO  FilterMutectCalls - 0 read(s) filtered by: AllowAllReadsReadFilter 

20:18:27.183 INFO  ProgressMeter -        chrY:11416774              1.3                308172         228577.5
20:18:27.183 INFO  ProgressMeter - Traversal complete. Processed 308172 total variants in 1.3 minutes.
20:18:27.329 INFO  FilterMutectCalls - Shutting down engine
[July 14, 2024 at 8:18:27 PM CEST] org.broadinstitute.hellbender.tools.walkers.mutect.filtering.FilterMutectCalls done. Elapsed time: 1.38 minutes.
Runtime.totalMemory()=1476395008
