Using GATK jar /lustre1/project/stg_00096/home/rdewin/system/miniconda/envs/WGS/share/gatk4-4.5.0.0-0/gatk-package-4.5.0.0-local.jar
Running:
    java -Dsamjdk.use_async_io_read_samtools=false -Dsamjdk.use_async_io_write_samtools=true -Dsamjdk.use_async_io_write_tribble=false -Dsamjdk.compression_level=2 -jar /lustre1/project/stg_00096/home/rdewin/system/miniconda/envs/WGS/share/gatk4-4.5.0.0-0/gatk-package-4.5.0.0-local.jar ApplyBQSR -R resources/genome.fa -I results/mapped_reads/P033/P033_dna_normal.marked.bam --bqsr-recal-file results/recal/P033/P033_dna_normal_recal_data.table -O results/recal/P033/P033_dna_normal_recal.bam --create-output-bam-index false
15:42:43.844 INFO  NativeLibraryLoader - Loading libgkl_compression.so from jar:file:/lustre1/project/stg_00096/home/rdewin/system/miniconda/envs/WGS/share/gatk4-4.5.0.0-0/gatk-package-4.5.0.0-local.jar!/com/intel/gkl/native/libgkl_compression.so
15:42:43.932 INFO  ApplyBQSR - ------------------------------------------------------------
15:42:43.935 INFO  ApplyBQSR - The Genome Analysis Toolkit (GATK) v4.5.0.0
15:42:43.935 INFO  ApplyBQSR - For support and documentation go to https://software.broadinstitute.org/gatk/
15:42:43.935 INFO  ApplyBQSR - Executing as vsc35407@i28l15 on Linux v4.18.0-513.24.1.el8_9.x86_64 amd64
15:42:43.935 INFO  ApplyBQSR - Java runtime: OpenJDK 64-Bit Server VM v17.0.10-internal+0-adhoc..src
15:42:43.935 INFO  ApplyBQSR - Start Date/Time: June 21, 2024 at 3:42:43 PM CEST
15:42:43.935 INFO  ApplyBQSR - ------------------------------------------------------------
15:42:43.935 INFO  ApplyBQSR - ------------------------------------------------------------
15:42:43.936 INFO  ApplyBQSR - HTSJDK Version: 4.1.0
15:42:43.936 INFO  ApplyBQSR - Picard Version: 3.1.1
15:42:43.936 INFO  ApplyBQSR - Built for Spark Version: 3.5.0
15:42:43.936 INFO  ApplyBQSR - HTSJDK Defaults.COMPRESSION_LEVEL : 2
15:42:43.936 INFO  ApplyBQSR - HTSJDK Defaults.USE_ASYNC_IO_READ_FOR_SAMTOOLS : false
15:42:43.936 INFO  ApplyBQSR - HTSJDK Defaults.USE_ASYNC_IO_WRITE_FOR_SAMTOOLS : true
15:42:43.936 INFO  ApplyBQSR - HTSJDK Defaults.USE_ASYNC_IO_WRITE_FOR_TRIBBLE : false
15:42:43.936 INFO  ApplyBQSR - Deflater: IntelDeflater
15:42:43.937 INFO  ApplyBQSR - Inflater: IntelInflater
15:42:43.937 INFO  ApplyBQSR - GCS max retries/reopens: 20
15:42:43.937 INFO  ApplyBQSR - Requester pays: disabled
15:42:43.937 INFO  ApplyBQSR - Initializing engine
15:42:44.032 INFO  ApplyBQSR - Done initializing engine
15:42:44.058 INFO  ProgressMeter - Starting traversal
15:42:44.058 INFO  ProgressMeter -        Current Locus  Elapsed Minutes       Reads Processed     Reads/Minute
15:42:54.068 INFO  ProgressMeter -         chr1:3814099              0.2                894000        5359712.2
15:43:04.070 INFO  ProgressMeter -         chr1:7540545              0.3               1839000        5513691.8
15:43:14.074 INFO  ProgressMeter -        chr1:11356496              0.5               2783000        5563218.4
15:43:24.074 INFO  ProgressMeter -        chr1:14953150              0.7               3721000        5579268.3
15:43:34.078 INFO  ProgressMeter -        chr1:18515206              0.8               4657000        5586165.5
15:43:44.079 INFO  ProgressMeter -        chr1:22240864              1.0               5599000        5597134.3
15:43:54.084 INFO  ProgressMeter -        chr1:25937635              1.2               6536000        5600205.6
15:44:04.091 INFO  ProgressMeter -        chr1:29727138              1.3               7478000        5606187.4
15:44:14.101 INFO  ProgressMeter -        chr1:33471899              1.5               8422000        5611985.4
15:44:24.111 INFO  ProgressMeter -        chr1:37117409              1.7               9358000        5611881.8
15:44:34.112 INFO  ProgressMeter -        chr1:40776215              1.8              10284000        5606753.1
15:44:44.114 INFO  ProgressMeter -        chr1:44084310              2.0              11137000        5565902.6
15:44:54.118 INFO  ProgressMeter -        chr1:47633143              2.2              12045000        5556751.6
15:45:04.117 INFO  ProgressMeter -        chr1:51099467              2.3              12935000        5541275.8
15:45:14.122 INFO  ProgressMeter -        chr1:54652793              2.5              13843000        5534875.4
15:45:24.122 INFO  ProgressMeter -        chr1:58203194              2.7              14774000        5538034.8
15:45:34.127 INFO  ProgressMeter -        chr1:61754424              2.8              15687000        5534341.9
15:45:44.129 INFO  ProgressMeter -        chr1:65435981              3.0              16622000        5538482.0
15:45:54.136 INFO  ProgressMeter -        chr1:68926032              3.2              17514000        5528467.3
15:46:04.142 INFO  ProgressMeter -        chr1:72600377              3.3              18422000        5524307.4
15:46:14.151 INFO  ProgressMeter -        chr1:76217128              3.5              19320000        5517582.8
15:46:24.152 INFO  ProgressMeter -        chr1:79655585              3.7              20182000        5501831.0
15:46:34.159 INFO  ProgressMeter -        chr1:83321715              3.8              21087000        5498565.8
15:46:44.165 INFO  ProgressMeter -        chr1:86958075              4.0              22007000        5499298.2
15:46:54.175 INFO  ProgressMeter -        chr1:90448522              4.2              22909000        5495588.1
15:47:04.175 INFO  ProgressMeter -        chr1:94058715              4.3              23823000        5495142.6
15:47:14.185 INFO  ProgressMeter -        chr1:97658345              4.5              24741000        5495415.1
15:47:24.185 INFO  ProgressMeter -       chr1:101248403              4.7              25645000        5492865.7
15:47:34.190 INFO  ProgressMeter -       chr1:105130480              4.8              26572000        5495153.9
15:47:44.200 INFO  ProgressMeter -       chr1:108770505              5.0              27476000        5492618.5
15:47:54.210 INFO  ProgressMeter -       chr1:112000358              5.2              28323000        5479202.1
15:48:04.215 INFO  ProgressMeter -       chr1:115345276              5.3              29179000        5468379.6
15:48:14.220 INFO  ProgressMeter -       chr1:118673952              5.5              30039000        5458956.5
15:48:24.225 INFO  ProgressMeter -       chr1:121999054              5.7              30934000        5456277.2
15:48:34.225 INFO  ProgressMeter -       chr1:125702770              5.8              31952000        5474873.4
15:48:44.228 INFO  ProgressMeter -       chr1:127218986              6.0              32835000        5469917.0
15:48:54.230 INFO  ProgressMeter -       chr1:129116200              6.2              33700000        5462325.6
15:49:04.232 INFO  ProgressMeter -       chr1:130635508              6.3              34644000        5467601.7
15:49:14.233 INFO  ProgressMeter -       chr1:134188664              6.5              35548000        5466470.2
15:49:24.244 INFO  ProgressMeter -       chr1:138120328              6.7              36487000        5470519.9
15:49:34.249 INFO  ProgressMeter -       chr1:140601533              6.8              37375000        5466965.4
15:49:44.256 INFO  ProgressMeter -       chr1:142174127              7.0              38272000        5464865.3
15:49:54.261 INFO  ProgressMeter -       chr1:145929144              7.2              39129000        5457284.1
15:50:04.261 INFO  ProgressMeter -       chr1:149188125              7.3              39988000        5450394.5
15:50:14.265 INFO  ProgressMeter -       chr1:152736940              7.5              40883000        5448572.4
15:50:24.268 INFO  ProgressMeter -       chr1:156102900              7.7              41732000        5440820.5
15:50:34.271 INFO  ProgressMeter -       chr1:159470397              7.8              42609000        5436982.8
15:50:44.271 INFO  ProgressMeter -       chr1:162928417              8.0              43463000        5430465.2
15:50:54.278 INFO  ProgressMeter -       chr1:166316951              8.2              44335000        5426350.3
15:51:04.277 INFO  ProgressMeter -       chr1:169720281              8.3              45209000        5422704.9
15:51:14.281 INFO  ProgressMeter -       chr1:173097984              8.5              46076000        5418357.9
15:51:24.282 INFO  ProgressMeter -       chr1:176616147              8.7              46975000        5417858.5
15:51:34.283 INFO  ProgressMeter -       chr1:180074087              8.8              47858000        5415587.7
15:51:44.283 INFO  ProgressMeter -       chr1:183434202              9.0              48735000        5412744.7
15:51:54.285 INFO  ProgressMeter -       chr1:186970884              9.2              49635000        5412493.4
15:52:04.289 INFO  ProgressMeter -       chr1:190659382              9.3              50516000        5410196.9
15:52:14.298 INFO  ProgressMeter -       chr1:194278838              9.5              51404000        5408670.0
15:52:24.306 INFO  ProgressMeter -       chr1:197985754              9.7              52333000        5411444.8
15:52:34.315 INFO  ProgressMeter -       chr1:201626286              9.8              53265000        5414430.3
15:52:44.316 INFO  ProgressMeter -       chr1:205078312             10.0              54168000        5414471.8
15:52:54.324 INFO  ProgressMeter -       chr1:208534369             10.2              55075000        5414860.8
15:53:04.335 INFO  ProgressMeter -       chr1:211841575             10.3              55929000        5410084.2
15:53:14.343 INFO  ProgressMeter -       chr1:215243745             10.5              56795000        5406610.4
15:53:24.350 INFO  ProgressMeter -       chr1:218949635             10.7              57716000        5408407.4
15:53:34.354 INFO  ProgressMeter -       chr1:222418369             10.8              58603000        5407045.4
15:53:44.356 INFO  ProgressMeter -       chr1:226049979             11.0              59543000        5410557.1
15:53:54.356 INFO  ProgressMeter -       chr1:229804744             11.2              60478000        5413532.5
15:54:04.358 INFO  ProgressMeter -       chr1:233406481             11.3              61415000        5416580.9
15:54:14.366 INFO  ProgressMeter -       chr1:237031382             11.5              62344000        5418798.6
15:54:24.368 INFO  ProgressMeter -       chr1:240773904             11.7              63278000        5421427.7
15:54:34.373 INFO  ProgressMeter -       chr1:244478854             11.8              64214000        5424128.7
15:54:44.380 INFO  ProgressMeter -       chr1:248137382             12.0              65143000        5426156.6
15:54:54.383 INFO  ProgressMeter -         chr2:3433251             12.2              66085000        5429226.7
15:55:04.393 INFO  ProgressMeter -         chr2:7093758             12.3              67009000        5430711.0
15:55:14.394 INFO  ProgressMeter -        chr2:10713249             12.5              67948000        5433405.8
15:55:24.401 INFO  ProgressMeter -        chr2:14304143             12.7              68858000        5433712.7
15:55:34.407 INFO  ProgressMeter -        chr2:17940966             12.8              69789000        5435647.3
15:55:44.415 INFO  ProgressMeter -        chr2:21584534             13.0              70722000        5437665.1
15:55:54.420 INFO  ProgressMeter -        chr2:25246528             13.2              71650000        5439279.7
15:56:04.430 INFO  ProgressMeter -        chr2:28845787             13.3              72573000        5440445.2
15:56:14.436 INFO  ProgressMeter -        chr2:32045957             13.5              73416000        5435685.6
15:56:24.436 INFO  ProgressMeter -        chr2:35562901             13.7              74289000        5433275.9
15:56:34.436 INFO  ProgressMeter -        chr2:39148899             13.8              75200000        5433670.0
15:56:44.445 INFO  ProgressMeter -        chr2:42843064             14.0              76135000        5435710.0
15:56:54.451 INFO  ProgressMeter -        chr2:46364547             14.2              77052000        5436451.1
15:57:04.455 INFO  ProgressMeter -        chr2:49996150             14.3              77987000        5438443.0
15:57:14.459 INFO  ProgressMeter -        chr2:53773480             14.5              78915000        5439906.4
15:57:24.465 INFO  ProgressMeter -        chr2:57472043             14.7              79846000        5441528.7
15:57:34.468 INFO  ProgressMeter -        chr2:61152270             14.8              80778000        5443200.3
15:57:44.477 INFO  ProgressMeter -        chr2:64819582             15.0              81709000        5444731.8
15:57:54.483 INFO  ProgressMeter -        chr2:68469639             15.2              82640000        5446247.6
15:58:04.491 INFO  ProgressMeter -        chr2:72066541             15.3              83577000        5448109.7
15:58:14.498 INFO  ProgressMeter -        chr2:75688737             15.5              84513000        5449879.0
15:58:24.506 INFO  ProgressMeter -        chr2:79545819             15.7              85453000        5451848.5
15:58:34.508 INFO  ProgressMeter -        chr2:83377547             15.8              86392000        5453759.2
15:58:44.511 INFO  ProgressMeter -        chr2:87022327             16.0              87323000        5455113.4
15:58:54.520 INFO  ProgressMeter -        chr2:90703289             16.2              88256000        5456535.1
15:59:04.524 INFO  ProgressMeter -        chr2:94825418             16.3              89220000        5459852.8
15:59:14.532 INFO  ProgressMeter -        chr2:98439699             16.5              90154000        5461264.0
15:59:24.538 INFO  ProgressMeter -       chr2:101890271             16.7              91054000        5460618.9
15:59:34.538 INFO  ProgressMeter -       chr2:105595209             16.8              91995000        5462453.5
15:59:44.547 INFO  ProgressMeter -       chr2:109266071             17.0              92929000        5463792.4
15:59:54.552 INFO  ProgressMeter -       chr2:112860375             17.2              93865000        5465248.2
16:00:04.555 INFO  ProgressMeter -       chr2:116535779             17.3              94800000        5466618.4
16:00:14.558 INFO  ProgressMeter -       chr2:120198685             17.5              95734000        5467915.7
16:00:24.563 INFO  ProgressMeter -       chr2:123854299             17.7              96670000        5469281.1
16:00:34.570 INFO  ProgressMeter -       chr2:127577043             17.8              97601000        5470335.7
16:00:44.572 INFO  ProgressMeter -       chr2:131228591             18.0              98530000        5471285.0
16:00:54.580 INFO  ProgressMeter -       chr2:134864792             18.2              99448000        5471581.5
16:01:04.581 INFO  ProgressMeter -       chr2:138471934             18.3             100370000        5472125.5
16:01:14.584 INFO  ProgressMeter -       chr2:142235635             18.5             101294000        5472762.9
16:01:24.589 INFO  ProgressMeter -       chr2:145925455             18.7             102230000        5474016.8
16:01:34.597 INFO  ProgressMeter -       chr2:149659817             18.8             103166000        5475229.1
16:01:44.607 INFO  ProgressMeter -       chr2:153337336             19.0             104102000        5476415.3
16:01:54.615 INFO  ProgressMeter -       chr2:157145520             19.2             105040000        5477694.7
16:02:04.616 INFO  ProgressMeter -       chr2:160812707             19.3             105980000        5479093.2
16:02:14.622 INFO  ProgressMeter -       chr2:164577768             19.5             106923000        5480593.5
16:02:24.627 INFO  ProgressMeter -       chr2:168362808             19.7             107864000        5481971.4
16:02:34.631 INFO  ProgressMeter -       chr2:172070825             19.8             108805000        5483326.1
16:02:44.635 INFO  ProgressMeter -       chr2:175745549             20.0             109746000        5484662.8
16:02:54.635 INFO  ProgressMeter -       chr2:179416654             20.2             110685000        5485896.4
16:03:04.643 INFO  ProgressMeter -       chr2:183139963             20.3             111628000        5487270.4
16:03:14.651 INFO  ProgressMeter -       chr2:186991262             20.5             112571000        5488626.6
16:03:24.659 INFO  ProgressMeter -       chr2:190793727             20.7             113514000        5489952.0
16:03:34.668 INFO  ProgressMeter -       chr2:194604601             20.8             114456000        5491208.3
16:03:44.678 INFO  ProgressMeter -       chr2:198376382             21.0             115400000        5492535.4
16:03:54.679 INFO  ProgressMeter -       chr2:202090710             21.2             116344000        5493884.9
16:04:04.681 INFO  ProgressMeter -       chr2:205836604             21.3             117286000        5495106.7
16:04:14.681 INFO  ProgressMeter -       chr2:209502295             21.5             118228000        5496322.3
16:04:24.690 INFO  ProgressMeter -       chr2:213320593             21.7             119167000        5497342.8
16:04:34.695 INFO  ProgressMeter -       chr2:217091206             21.8             120110000        5498547.7
16:04:44.703 INFO  ProgressMeter -       chr2:220694564             22.0             121053000        5499725.9
16:04:54.711 INFO  ProgressMeter -       chr2:224404891             22.2             121995000        5500833.0
16:05:04.717 INFO  ProgressMeter -       chr2:227969768             22.3             122904000        5500459.1
16:05:14.723 INFO  ProgressMeter -       chr2:231638724             22.5             123840000        5501290.1
16:05:24.728 INFO  ProgressMeter -       chr2:235293911             22.7             124781000        5502333.4
16:05:34.728 INFO  ProgressMeter -       chr2:238929062             22.8             125721000        5503337.8
16:05:44.731 INFO  ProgressMeter -       chr2:242649099             23.0             126665000        5504493.5
16:05:54.732 INFO  ProgressMeter -         chr3:3672014             23.2             127604000        5505416.8
16:06:04.740 INFO  ProgressMeter -         chr3:7333624             23.3             128541000        5506217.7
16:06:14.746 INFO  ProgressMeter -        chr3:10932212             23.5             129481000        5507142.6
16:06:24.748 INFO  ProgressMeter -        chr3:14522365             23.7             130417000        5507901.1
16:06:34.755 INFO  ProgressMeter -        chr3:18127683             23.8             131359000        5508881.3
16:06:44.759 INFO  ProgressMeter -        chr3:21894709             24.0             132299000        5509776.1
16:06:54.760 INFO  ProgressMeter -        chr3:25629221             24.2             133240000        5510711.4
16:07:04.763 INFO  ProgressMeter -        chr3:29369596             24.3             134181000        5511626.2
16:07:14.768 INFO  ProgressMeter -        chr3:32915396             24.5             135085000        5511011.7
16:07:24.774 INFO  ProgressMeter -        chr3:36602004             24.7             136015000        5511459.0
16:07:34.776 INFO  ProgressMeter -        chr3:40180540             24.8             136953000        5512229.7
16:07:44.779 INFO  ProgressMeter -        chr3:43751193             25.0             137878000        5512470.3
16:07:54.789 INFO  ProgressMeter -        chr3:47327246             25.2             138815000        5513158.9
16:08:04.793 INFO  ProgressMeter -        chr3:51051775             25.3             139758000        5514096.8
16:08:14.801 INFO  ProgressMeter -        chr3:54660851             25.5             140696000        5514812.1
16:08:24.801 INFO  ProgressMeter -        chr3:58302469             25.7             141623000        5515118.4
16:08:34.802 INFO  ProgressMeter -        chr3:61943919             25.8             142561000        5515842.7
16:08:44.805 INFO  ProgressMeter -        chr3:65638358             26.0             143502000        5516669.6
16:08:54.804 INFO  ProgressMeter -        chr3:69312971             26.2             144438000        5517302.0
16:09:04.805 INFO  ProgressMeter -        chr3:72890855             26.3             145368000        5517695.1
16:09:14.814 INFO  ProgressMeter -        chr3:76637620             26.5             146311000        5518549.4
16:09:24.819 INFO  ProgressMeter -        chr3:80530352             26.7             147251000        5519290.8
16:09:34.825 INFO  ProgressMeter -        chr3:84423390             26.8             148194000        5520128.0
16:09:44.825 INFO  ProgressMeter -        chr3:88317676             27.0             149135000        5520904.6
16:09:54.826 INFO  ProgressMeter -        chr3:92166620             27.2             150081000        5521852.3
16:10:04.834 INFO  ProgressMeter -        chr3:97135434             27.3             151056000        5523825.3
16:10:14.835 INFO  ProgressMeter -       chr3:100997334             27.5             151996000        5524525.7
16:10:24.843 INFO  ProgressMeter -       chr3:104704274             27.7             152938000        5525266.7
16:10:34.851 INFO  ProgressMeter -       chr3:108496059             27.8             153875000        5525819.2
16:10:44.853 INFO  ProgressMeter -       chr3:112139131             28.0             154802000        5526027.9
16:10:54.863 INFO  ProgressMeter -       chr3:115867314             28.2             155744000        5526743.5
16:11:04.869 INFO  ProgressMeter -       chr3:119589840             28.3             156683000        5527354.6
16:11:14.870 INFO  ProgressMeter -       chr3:123290887             28.5             157621000        5527936.4
16:11:24.879 INFO  ProgressMeter -       chr3:126941997             28.7             158563000        5528628.5
16:11:34.883 INFO  ProgressMeter -       chr3:130534697             28.8             159501000        5529189.8
16:11:44.892 INFO  ProgressMeter -       chr3:134149023             29.0             160437000        5529663.1
16:11:54.894 INFO  ProgressMeter -       chr3:137802183             29.2             161381000        5530424.1
16:12:04.901 INFO  ProgressMeter -       chr3:141459138             29.3             162323000        5531089.4
16:12:14.909 INFO  ProgressMeter -       chr3:145060782             29.5             163261000        5531611.6
16:12:24.918 INFO  ProgressMeter -       chr3:148834150             29.7             164204000        5532293.4
16:12:34.920 INFO  ProgressMeter -       chr3:152607391             29.8             165143000        5532855.1
16:12:44.928 INFO  ProgressMeter -       chr3:156320589             30.0             166086000        5533525.5
16:12:54.937 INFO  ProgressMeter -       chr3:160018735             30.2             167027000        5534119.1
16:13:04.945 INFO  ProgressMeter -       chr3:163714208             30.3             167969000        5534742.1
16:13:14.955 INFO  ProgressMeter -       chr3:167672646             30.5             168911000        5535355.4
16:13:24.960 INFO  ProgressMeter -       chr3:171517090             30.7             169855000        5536036.1
16:13:34.961 INFO  ProgressMeter -       chr3:175200655             30.8             170796000        5536627.3
16:13:44.963 INFO  ProgressMeter -       chr3:179000043             31.0             171738000        5537241.3
16:13:54.968 INFO  ProgressMeter -       chr3:182745697             31.2             172681000        5537871.9
16:14:04.978 INFO  ProgressMeter -       chr3:186478347             31.3             173620000        5538353.6
16:14:14.983 INFO  ProgressMeter -       chr3:190113185             31.5             174563000        5538974.6
16:14:24.982 INFO  ProgressMeter -       chr3:193789832             31.7             175503000        5539506.1
16:14:34.982 INFO  ProgressMeter -       chr3:197484087             31.8             176438000        5539875.0
16:14:44.984 INFO  ProgressMeter -       chr3:201096777             32.0             177381000        5540484.1
16:14:54.987 INFO  ProgressMeter -         chr4:3863489             32.2             178324000        5541084.1
16:15:04.988 INFO  ProgressMeter -         chr4:7301496             32.3             179220000        5540230.7
16:15:14.990 INFO  ProgressMeter -        chr4:10770331             32.5             180156000        5540613.4
16:15:24.990 INFO  ProgressMeter -        chr4:14501827             32.7             181101000        5541273.2
16:15:34.992 INFO  ProgressMeter -        chr4:18148038             32.8             182040000        5541738.1
16:15:44.997 INFO  ProgressMeter -        chr4:21923888             33.0             182978000        5542159.6
16:15:54.999 INFO  ProgressMeter -        chr4:25619913             33.2             183916000        5542587.9
16:16:05.008 INFO  ProgressMeter -        chr4:29336018             33.3             184845000        5542717.2
16:16:15.017 INFO  ProgressMeter -        chr4:33258087             33.5             185784000        5543146.3
16:16:25.027 INFO  ProgressMeter -        chr4:36997857             33.7             186691000        5542618.4
16:16:35.034 INFO  ProgressMeter -        chr4:40660334             33.8             187629000        5543022.4
16:16:45.035 INFO  ProgressMeter -        chr4:44363177             34.0             188567000        5543433.4
16:16:55.040 INFO  ProgressMeter -        chr4:48106168             34.2             189489000        5543364.1
16:17:05.041 INFO  ProgressMeter -        chr4:51832537             34.3             190454000        5544558.1
16:17:15.051 INFO  ProgressMeter -        chr4:56441265             34.5             191400000        5545166.0
16:17:25.055 INFO  ProgressMeter -        chr4:60137285             34.7             192341000        5545639.9
16:17:35.057 INFO  ProgressMeter -        chr4:63998833             34.8             193282000        5546114.6
16:17:45.058 INFO  ProgressMeter -        chr4:67882275             35.0             194217000        5546416.0
16:17:55.060 INFO  ProgressMeter -        chr4:71748483             35.2             195159000        5546913.5
16:18:05.069 INFO  ProgressMeter -        chr4:75446147             35.4             196101000        5547382.8
16:18:15.074 INFO  ProgressMeter -        chr4:79170844             35.5             197044000        5547888.9
16:18:25.078 INFO  ProgressMeter -        chr4:82823887             35.7             197985000        5548336.8
16:18:35.086 INFO  ProgressMeter -        chr4:86547592             35.9             198929000        5548853.9
16:18:45.092 INFO  ProgressMeter -        chr4:90215272             36.0             199864000        5549121.4
16:18:55.099 INFO  ProgressMeter -        chr4:93916745             36.2             200796000        5549301.0
16:19:05.107 INFO  ProgressMeter -        chr4:97537128             36.4             201672000        5547935.9
16:19:15.112 INFO  ProgressMeter -       chr4:101241539             36.5             202584000        5547576.6
16:19:25.112 INFO  ProgressMeter -       chr4:104967558             36.7             203522000        5547942.0
16:19:35.122 INFO  ProgressMeter -       chr4:108705952             36.9             204461000        5548306.2
16:19:45.126 INFO  ProgressMeter -       chr4:112437525             37.0             205399000        5548655.0
16:19:55.128 INFO  ProgressMeter -       chr4:116214512             37.2             206340000        5549086.3
16:20:05.137 INFO  ProgressMeter -       chr4:120096764             37.4             207282000        5549523.2
16:20:15.148 INFO  ProgressMeter -       chr4:123711522             37.5             208176000        5548674.4
16:20:25.152 INFO  ProgressMeter -       chr4:127304302             37.7             209083000        5548190.4
16:20:35.157 INFO  ProgressMeter -       chr4:131085461             37.9             210011000        5548265.4
16:20:45.165 INFO  ProgressMeter -       chr4:134871698             38.0             210945000        5548490.3
16:20:55.172 INFO  ProgressMeter -       chr4:138833128             38.2             211883000        5548820.4
16:21:05.179 INFO  ProgressMeter -       chr4:142663235             38.4             212824000        5549225.8
16:21:15.183 INFO  ProgressMeter -       chr4:146369813             38.5             213764000        5549609.0
16:21:25.184 INFO  ProgressMeter -       chr4:150114001             38.7             214705000        5550021.8
16:21:35.190 INFO  ProgressMeter -       chr4:153784708             38.9             215624000        5549855.4
16:21:45.687 INFO  ProgressMeter -       chr4:157468163             39.0             216564000        5549062.4
16:21:55.692 INFO  ProgressMeter -       chr4:161275614             39.2             217508000        5549537.0
16:22:05.698 INFO  ProgressMeter -       chr4:165099639             39.4             218450000        5549956.8
16:22:15.700 INFO  ProgressMeter -       chr4:168879572             39.5             219371000        5549851.1
16:22:25.705 INFO  ProgressMeter -       chr4:172631976             39.7             220300000        5549940.9
16:22:35.714 INFO  ProgressMeter -       chr4:176422792             39.9             221239000        5550271.4
16:22:45.723 INFO  ProgressMeter -       chr4:180230735             40.0             222179000        5550624.3
16:22:55.729 INFO  ProgressMeter -       chr4:184094165             40.2             223118000        5550956.2
16:23:05.731 INFO  ProgressMeter -       chr4:187809605             40.4             224054000        5551220.2
16:23:15.737 INFO  ProgressMeter -       chr4:191576996             40.5             224999000        5551697.2
16:23:25.744 INFO  ProgressMeter -         chr5:1706695             40.7             225935000        5551942.4
16:23:35.747 INFO  ProgressMeter -         chr5:5401263             40.9             226870000        5552174.7
16:23:45.751 INFO  ProgressMeter -         chr5:9063606             41.0             227807000        5552449.3
16:23:55.756 INFO  ProgressMeter -        chr5:12731095             41.2             228744000        5552717.2
16:24:05.761 INFO  ProgressMeter -        chr5:16420202             41.4             229688000        5553154.4
16:24:15.765 INFO  ProgressMeter -        chr5:20204498             41.5             230630000        5553542.2
16:24:25.771 INFO  ProgressMeter -        chr5:24175762             41.7             231570000        5553874.5
16:24:35.778 INFO  ProgressMeter -        chr5:28134568             41.9             232511000        5554225.8
16:24:45.781 INFO  ProgressMeter -        chr5:31996042             42.0             233453000        5554606.9
16:24:55.789 INFO  ProgressMeter -        chr5:35371511             42.2             234333000        5553504.7
16:25:05.796 INFO  ProgressMeter -        chr5:39007188             42.4             235272000        5553806.1
16:25:15.800 INFO  ProgressMeter -        chr5:42677143             42.5             236208000        5554041.1
16:25:25.808 INFO  ProgressMeter -        chr5:46449120             42.7             237148000        5554359.3
16:25:35.814 INFO  ProgressMeter -        chr5:49453340             42.9             238150000        5556125.9
16:25:45.822 INFO  ProgressMeter -        chr5:52672073             43.0             239108000        5556854.0
16:25:55.828 INFO  ProgressMeter -        chr5:56279502             43.2             240026000        5556650.5
16:26:05.835 INFO  ProgressMeter -        chr5:59660269             43.4             240893000        5555272.4
16:26:15.839 INFO  ProgressMeter -        chr5:62993408             43.5             241752000        5553727.5
16:26:25.849 INFO  ProgressMeter -        chr5:66556116             43.7             242641000        5552868.2
16:26:35.858 INFO  ProgressMeter -        chr5:69956687             43.9             243511000        5551586.6
16:26:45.857 INFO  ProgressMeter -        chr5:72743195             44.0             244366000        5549990.7
16:26:55.860 INFO  ProgressMeter -        chr5:76113890             44.2             245231000        5548626.9
16:27:05.862 INFO  ProgressMeter -        chr5:79502570             44.4             246104000        5547455.8
16:27:15.866 INFO  ProgressMeter -        chr5:82902700             44.5             246970000        5546132.1
16:27:25.874 INFO  ProgressMeter -        chr5:86390785             44.7             247830000        5544675.7
16:27:35.884 INFO  ProgressMeter -        chr5:89893193             44.9             248700000        5543448.9
16:27:45.893 INFO  ProgressMeter -        chr5:93371806             45.0             249568000        5542188.9
16:27:55.903 INFO  ProgressMeter -        chr5:96678771             45.2             250408000        5540316.6
16:28:05.911 INFO  ProgressMeter -       chr5:100176117             45.4             251299000        5539586.5
16:28:15.913 INFO  ProgressMeter -       chr5:103581579             45.5             252142000        5537819.5
16:28:25.915 INFO  ProgressMeter -       chr5:107353658             45.7             253059000        5537684.9
16:28:35.917 INFO  ProgressMeter -       chr5:111117047             45.9             254003000        5538139.9
16:28:45.922 INFO  ProgressMeter -       chr5:114822786             46.0             254946000        5538563.8
16:28:55.925 INFO  ProgressMeter -       chr5:118552474             46.2             255887000        5538945.4
16:29:05.928 INFO  ProgressMeter -       chr5:122306279             46.4             256826000        5539283.1
16:29:15.938 INFO  ProgressMeter -       chr5:125985123             46.5             257752000        5539321.2
16:29:25.944 INFO  ProgressMeter -       chr5:129452406             46.7             258632000        5538383.8
16:29:35.953 INFO  ProgressMeter -       chr5:133183054             46.9             259574000        5538770.1
16:29:45.954 INFO  ProgressMeter -       chr5:136781405             47.0             260517000        5539190.7
16:29:55.956 INFO  ProgressMeter -       chr5:140437158             47.2             261458000        5539563.9
16:30:05.965 INFO  ProgressMeter -       chr5:144083340             47.4             262396000        5539857.6
16:30:15.971 INFO  ProgressMeter -       chr5:147781488             47.5             263338000        5540239.1
16:30:25.979 INFO  ProgressMeter -       chr5:151161769             47.7             264221000        5539377.2
16:30:35.989 INFO  ProgressMeter -       chr5:154779881             47.9             265160000        5539687.4
16:30:45.989 INFO  ProgressMeter -       chr5:158369276             48.0             266080000        5539619.1
16:30:55.994 INFO  ProgressMeter -       chr5:161972088             48.2             267008000        5539707.7
16:31:05.998 INFO  ProgressMeter -       chr5:165689664             48.4             267922000        5539508.1
16:31:16.004 INFO  ProgressMeter -       chr5:169267554             48.5             268812000        5538811.5
16:31:26.011 INFO  ProgressMeter -       chr5:172748872             48.7             269730000        5538692.8
16:31:36.012 INFO  ProgressMeter -       chr5:176370248             48.9             270670000        5539036.4
16:31:46.022 INFO  ProgressMeter -       chr5:180060548             49.0             271611000        5539381.2
16:31:56.027 INFO  ProgressMeter -         chr6:1627469             49.2             272554000        5539773.6
16:32:06.027 INFO  ProgressMeter -         chr6:5231930             49.4             273495000        5540132.3
16:32:16.030 INFO  ProgressMeter -         chr6:8824486             49.5             274432000        5540402.1
16:32:26.032 INFO  ProgressMeter -        chr6:12203853             49.7             275292000        5539122.7
16:32:36.039 INFO  ProgressMeter -        chr6:15740839             49.9             276214000        5539086.0
16:32:46.045 INFO  ProgressMeter -        chr6:19453951             50.0             277158000        5539491.0
16:32:56.049 INFO  ProgressMeter -        chr6:23216654             50.2             278101000        5539877.1
16:33:06.050 INFO  ProgressMeter -        chr6:26923722             50.4             279037000        5540127.2
16:33:16.051 INFO  ProgressMeter -        chr6:30593732             50.5             279966000        5540237.1
16:33:26.053 INFO  ProgressMeter -        chr6:34278409             50.7             280904000        5540521.9
16:33:36.056 INFO  ProgressMeter -        chr6:37916784             50.9             281840000        5540763.8
16:33:46.066 INFO  ProgressMeter -        chr6:41469399             51.0             282779000        5541050.2
16:33:56.071 INFO  ProgressMeter -        chr6:45078204             51.2             283708000        5541148.4
16:34:06.080 INFO  ProgressMeter -        chr6:48726064             51.4             284632000        5541141.5
16:34:16.086 INFO  ProgressMeter -        chr6:52436158             51.5             285563000        5541275.8
16:34:26.086 INFO  ProgressMeter -        chr6:56162018             51.7             286492000        5541381.3
16:34:36.092 INFO  ProgressMeter -        chr6:58660747             51.9             287429000        5541629.7
16:34:46.093 INFO  ProgressMeter -        chr6:63330667             52.0             288377000        5542098.5
16:34:56.102 INFO  ProgressMeter -        chr6:67182357             52.2             289319000        5542431.7
16:35:06.107 INFO  ProgressMeter -        chr6:71116261             52.4             290261000        5542771.6
16:35:16.107 INFO  ProgressMeter -        chr6:74882197             52.5             291203000        5543118.1
16:35:26.115 INFO  ProgressMeter -        chr6:78663624             52.7             292137000        5543296.7
16:35:36.122 INFO  ProgressMeter -        chr6:82397250             52.9             293073000        5543515.4
16:35:46.124 INFO  ProgressMeter -        chr6:85955506             53.0             293967000        5542946.0
16:35:56.130 INFO  ProgressMeter -        chr6:89628033             53.2             294906000        5543222.6
16:36:06.131 INFO  ProgressMeter -        chr6:93257765             53.4             295829000        5543202.8
16:36:16.140 INFO  ProgressMeter -        chr6:97168836             53.5             296770000        5543507.3
16:36:26.140 INFO  ProgressMeter -       chr6:100936165             53.7             297708000        5543769.5
16:36:36.145 INFO  ProgressMeter -       chr6:104778799             53.9             298640000        5543910.2
16:36:46.150 INFO  ProgressMeter -       chr6:108427748             54.0             299562000        5543864.9
16:36:56.153 INFO  ProgressMeter -       chr6:112075321             54.2             300501000        5544136.9
16:37:06.205 INFO  ProgressMeter -       chr6:115755850             54.4             301435000        5544232.1
16:37:16.213 INFO  ProgressMeter -       chr6:119432415             54.5             302363000        5544291.1
16:37:26.220 INFO  ProgressMeter -       chr6:123064178             54.7             303265000        5543876.3
16:37:36.231 INFO  ProgressMeter -       chr6:126689426             54.9             304169000        5543493.6
16:37:46.240 INFO  ProgressMeter -       chr6:130430806             55.0             305105000        5543698.1
16:37:56.243 INFO  ProgressMeter -       chr6:134121531             55.2             306042000        5543929.5
16:38:06.248 INFO  ProgressMeter -       chr6:137801121             55.4             306980000        5544174.2
16:38:16.255 INFO  ProgressMeter -       chr6:141386606             55.5             307900000        5544090.0
16:38:26.257 INFO  ProgressMeter -       chr6:145089416             55.7             308833000        5544249.6
16:38:36.259 INFO  ProgressMeter -       chr6:148744575             55.9             309770000        5544476.6
16:38:46.263 INFO  ProgressMeter -       chr6:152366757             56.0             310700000        5544575.7
16:38:56.265 INFO  ProgressMeter -       chr6:156062508             56.2             311631000        5544696.9
16:39:06.268 INFO  ProgressMeter -       chr6:159733925             56.4             312569000        5544936.6
16:39:16.278 INFO  ProgressMeter -       chr6:163388047             56.5             313503000        5545094.4
16:39:26.283 INFO  ProgressMeter -       chr6:167125984             56.7             314442000        5545347.5
16:39:36.287 INFO  ProgressMeter -       chr6:170808248             56.9             315383000        5545636.0
16:39:46.296 INFO  ProgressMeter -         chr7:2572414             57.0             316328000        5545984.8
16:39:56.303 INFO  ProgressMeter -         chr7:6339289             57.2             317268000        5546247.4
16:40:06.307 INFO  ProgressMeter -        chr7:10062656             57.4             318207000        5546495.9
16:40:16.314 INFO  ProgressMeter -        chr7:13860655             57.5             319145000        5546720.8
16:40:26.315 INFO  ProgressMeter -        chr7:17684278             57.7             320088000        5547040.6
16:40:36.318 INFO  ProgressMeter -        chr7:21452878             57.9             321026000        5547268.9
16:40:46.322 INFO  ProgressMeter -        chr7:25125837             58.0             321961000        5547442.7
16:40:56.330 INFO  ProgressMeter -        chr7:28706987             58.2             322887000        5547456.1
16:41:06.334 INFO  ProgressMeter -        chr7:32161544             58.4             323788000        5547044.3
16:41:16.344 INFO  ProgressMeter -        chr7:35664770             58.5             324686000        5546575.6
16:41:26.352 INFO  ProgressMeter -        chr7:39189084             58.7             325605000        5546470.6
16:41:36.355 INFO  ProgressMeter -        chr7:42434800             58.9             326439000        5544931.7
16:41:46.360 INFO  ProgressMeter -        chr7:45880482             59.0             327327000        5544309.9
16:41:56.369 INFO  ProgressMeter -        chr7:49567318             59.2             328267000        5544565.2
16:42:06.371 INFO  ProgressMeter -        chr7:53074280             59.4             329161000        5544055.2
16:42:16.380 INFO  ProgressMeter -        chr7:56899119             59.5             330101000        5544309.8
16:42:26.385 INFO  ProgressMeter -        chr7:60713803             59.7             331051000        5544738.3
16:42:36.389 INFO  ProgressMeter -        chr7:65121126             59.9             332028000        5545613.7
16:42:46.399 INFO  ProgressMeter -        chr7:68778842             60.0             332940000        5545395.5
16:42:56.401 INFO  ProgressMeter -        chr7:72533606             60.2             333879000        5545636.2
16:43:06.402 INFO  ProgressMeter -        chr7:76291728             60.4             334814000        5545812.3
16:43:16.407 INFO  ProgressMeter -        chr7:80051836             60.5             335749000        5545981.4
16:43:26.408 INFO  ProgressMeter -        chr7:83826528             60.7             336681000        5546107.7
16:43:36.407 INFO  ProgressMeter -        chr7:87588410             60.9             337615000        5546266.3
16:43:46.410 INFO  ProgressMeter -        chr7:91310835             61.0             338547000        5546386.6
16:43:56.419 INFO  ProgressMeter -        chr7:94999691             61.2             339479000        5546497.2
16:44:06.421 INFO  ProgressMeter -        chr7:98720556             61.4             340410000        5546601.5
16:44:16.424 INFO  ProgressMeter -       chr7:102432104             61.5             341355000        5546931.2
16:44:26.433 INFO  ProgressMeter -       chr7:106090246             61.7             342286000        5547023.2
16:44:36.437 INFO  ProgressMeter -       chr7:109756946             61.9             343223000        5547219.2
16:44:46.445 INFO  ProgressMeter -       chr7:113483476             62.0             344145000        5547166.4
16:44:56.445 INFO  ProgressMeter -       chr7:117205956             62.2             345066000        5547109.7
16:45:06.454 INFO  ProgressMeter -       chr7:120963935             62.4             346001000        5547264.4
16:45:16.456 INFO  ProgressMeter -       chr7:124741721             62.5             346928000        5547300.7
16:45:26.466 INFO  ProgressMeter -       chr7:128561159             62.7             347870000        5547564.2
16:45:36.470 INFO  ProgressMeter -       chr7:132213977             62.9             348808000        5547771.6
16:45:46.478 INFO  ProgressMeter -       chr7:135871804             63.0             349750000        5548035.4
16:45:56.486 INFO  ProgressMeter -       chr7:139576289             63.2             350687000        5548218.7
16:46:06.496 INFO  ProgressMeter -       chr7:143208636             63.4             351621000        5548350.8
16:46:16.504 INFO  ProgressMeter -       chr7:146818889             63.5             352562000        5548595.3
16:46:26.512 INFO  ProgressMeter -       chr7:150611767             63.7             353497000        5548744.3
16:46:36.516 INFO  ProgressMeter -       chr7:154190330             63.9             354404000        5548460.0
16:46:46.524 INFO  ProgressMeter -       chr7:157842130             64.0             355345000        5548702.3
16:46:56.529 INFO  ProgressMeter -          chr8:985537             64.2             356292000        5549041.1
16:47:06.529 INFO  ProgressMeter -         chr8:4703018             64.4             357230000        5549245.5
16:47:16.534 INFO  ProgressMeter -         chr8:8352969             64.5             358161000        5549333.3
16:47:26.542 INFO  ProgressMeter -        chr8:11924477             64.7             359066000        5549014.5
16:47:36.547 INFO  ProgressMeter -        chr8:15068843             64.9             359919000        5547900.1
16:47:46.552 INFO  ProgressMeter -        chr8:18819936             65.0             360848000        5547959.8
16:47:56.562 INFO  ProgressMeter -        chr8:22406414             65.2             361781000        5548073.6
16:48:06.565 INFO  ProgressMeter -        chr8:25817313             65.4             362650000        5547217.6
16:48:16.568 INFO  ProgressMeter -        chr8:29405457             65.5             363577000        5547252.4
16:48:26.568 INFO  ProgressMeter -        chr8:33110389             65.7             364517000        5547486.2
16:48:36.572 INFO  ProgressMeter -        chr8:36812028             65.9             365442000        5547487.0
16:48:46.579 INFO  ProgressMeter -        chr8:40507288             66.0             366383000        5547725.8
16:48:56.583 INFO  ProgressMeter -        chr8:44110965             66.2             367299000        5547590.0
16:49:06.587 INFO  ProgressMeter -        chr8:47683014             66.4             368177000        5546882.4
16:49:16.591 INFO  ProgressMeter -        chr8:51168321             66.5             369055000        5546178.3
16:49:26.591 INFO  ProgressMeter -        chr8:54894836             66.7             369988000        5546307.8
16:49:36.600 INFO  ProgressMeter -        chr8:58596005             66.9             370930000        5546560.1
16:49:46.600 INFO  ProgressMeter -        chr8:61994651             67.0             371804000        5545806.6
16:49:56.604 INFO  ProgressMeter -        chr8:65726966             67.2             372746000        5546064.4
16:50:06.612 INFO  ProgressMeter -        chr8:69436307             67.4             373687000        5546300.7
16:50:16.621 INFO  ProgressMeter -        chr8:73047611             67.5             374599000        5546107.8
16:50:26.629 INFO  ProgressMeter -        chr8:76681159             67.7             375505000        5545824.4
16:50:36.633 INFO  ProgressMeter -        chr8:80465259             67.9             376431000        5545844.0
16:50:46.642 INFO  ProgressMeter -        chr8:84247788             68.0             377372000        5546077.1
16:50:56.646 INFO  ProgressMeter -        chr8:87875482             68.2             378243000        5545288.2
16:51:06.652 INFO  ProgressMeter -        chr8:91533466             68.4             379146000        5544969.8
16:51:16.659 INFO  ProgressMeter -        chr8:95231882             68.5             380084000        5545162.3
16:51:26.659 INFO  ProgressMeter -        chr8:98838428             68.7             381016000        5545275.9
16:51:36.667 INFO  ProgressMeter -       chr8:102483896             68.9             381946000        5545349.2
16:51:46.677 INFO  ProgressMeter -       chr8:106126784             69.0             382878000        5545449.8
16:51:56.677 INFO  ProgressMeter -       chr8:109882061             69.2             383816000        5545647.2
16:52:06.677 INFO  ProgressMeter -       chr8:113734514             69.4             384749000        5545773.0
16:52:16.678 INFO  ProgressMeter -       chr8:117539369             69.5             385678000        5545839.3
16:52:26.679 INFO  ProgressMeter -       chr8:120929734             69.7             386542000        5544972.9
16:52:36.680 INFO  ProgressMeter -       chr8:124585924             69.9             387481000        5545183.9
16:52:46.683 INFO  ProgressMeter -       chr8:128131494             70.0             388404000        5545162.8
16:52:56.686 INFO  ProgressMeter -       chr8:131603426             70.2             389309000        5544886.8
16:53:06.728 INFO  ProgressMeter -       chr8:135165417             70.4             390250000        5545122.4
16:53:16.689 INFO  ProgressMeter -       chr8:138633084             70.5             391132000        5544523.0
16:53:26.697 INFO  ProgressMeter -       chr8:141826961             70.7             391960000        5543153.7
16:53:36.704 INFO  ProgressMeter -       chr8:145646320             70.9             392887000        5543190.2
16:53:46.709 INFO  ProgressMeter -         chr9:2986047             71.0             393815000        5543241.9
16:53:56.712 INFO  ProgressMeter -         chr9:6515413             71.2             394719000        5542957.6
16:54:06.716 INFO  ProgressMeter -         chr9:9991866             71.4             395594000        5542268.4
16:54:16.726 INFO  ProgressMeter -        chr9:13689261             71.5             396488000        5541840.2
16:54:26.727 INFO  ProgressMeter -        chr9:17454098             71.7             397430000        5542094.9
16:54:36.731 INFO  ProgressMeter -        chr9:21018045             71.9             398338000        5541871.6
16:54:46.734 INFO  ProgressMeter -        chr9:24760376             72.0             399261000        5541858.8
16:54:56.742 INFO  ProgressMeter -        chr9:28546448             72.2             400195000        5541993.3
16:55:06.747 INFO  ProgressMeter -        chr9:32352720             72.4             401115000        5541935.0
16:55:16.756 INFO  ProgressMeter -        chr9:35949123             72.5             402038000        5541914.5
16:55:26.760 INFO  ProgressMeter -        chr9:39515791             72.7             402974000        5542079.2
16:55:36.768 INFO  ProgressMeter -        chr9:43346472             72.9             403861000        5541565.8
16:55:46.775 INFO  ProgressMeter -        chr9:46854172             73.0             404776000        5541440.5
16:55:56.774 INFO  ProgressMeter -        chr9:51517824             73.2             405737000        5541951.7
16:56:06.783 INFO  ProgressMeter -        chr9:61004111             73.4             406793000        5543743.9
16:56:16.787 INFO  ProgressMeter -        chr9:70886466             73.5             407780000        5544597.4
16:56:26.786 INFO  ProgressMeter -        chr9:76237931             73.7             408758000        5545328.6
16:56:37.028 INFO  ProgressMeter -        chr9:79257417             73.9             409615000        5544116.0
16:56:47.033 INFO  ProgressMeter -        chr9:82661673             74.0             410532000        5544016.2
16:56:57.037 INFO  ProgressMeter -        chr9:86195510             74.2             411417000        5543484.5
16:57:07.044 INFO  ProgressMeter -        chr9:89768096             74.4             412329000        5543315.6
16:57:17.046 INFO  ProgressMeter -        chr9:93482203             74.5             413268000        5543515.9
16:57:27.050 INFO  ProgressMeter -        chr9:96873885             74.7             414128000        5542655.4
16:57:37.053 INFO  ProgressMeter -       chr9:100529230             74.9             415065000        5542828.3
16:57:47.063 INFO  ProgressMeter -       chr9:103987927             75.1             415969000        5542552.1
16:57:57.067 INFO  ProgressMeter -       chr9:107659568             75.2             416907000        5542736.6
16:58:07.068 INFO  ProgressMeter -       chr9:111237324             75.4             417829000        5542711.6
16:58:17.069 INFO  ProgressMeter -       chr9:114780622             75.6             418728000        5542383.5
16:58:27.068 INFO  ProgressMeter -       chr9:118215304             75.7             419583000        5541475.8
16:58:37.074 INFO  ProgressMeter -       chr9:121868964             75.9             420527000        5541737.6
16:58:47.080 INFO  ProgressMeter -       chr9:125479065             76.1             421442000        5541616.9
16:58:57.086 INFO  ProgressMeter -       chr9:128760922             76.2             422295000        5540683.3
16:59:07.087 INFO  ProgressMeter -       chr9:132363344             76.4             423223000        5540742.9
16:59:17.091 INFO  ProgressMeter -       chr9:135907048             76.6             424148000        5540757.1
16:59:27.101 INFO  ProgressMeter -       chr9:139415353             76.7             425042000        5540361.0
16:59:37.105 INFO  ProgressMeter -       chr9:143158849             76.9             425972000        5540442.1
16:59:47.114 INFO  ProgressMeter -       chr9:146959995             77.1             426915000        5540685.6
16:59:57.116 INFO  ProgressMeter -         chr10:356181             77.2             427851000        5540845.8
17:00:07.120 INFO  ProgressMeter -        chr10:4020490             77.4             428794000        5541093.4
17:00:17.128 INFO  ProgressMeter -        chr10:7543440             77.6             429708000        5540961.1
17:00:27.132 INFO  ProgressMeter -       chr10:11251861             77.7             430641000        5541078.7
17:00:37.136 INFO  ProgressMeter -       chr10:14896543             77.9             431581000        5541285.6
17:00:47.139 INFO  ProgressMeter -       chr10:18513418             78.1             432501000        5541236.6
17:00:57.145 INFO  ProgressMeter -       chr10:21977186             78.2             433359000        5540391.6
17:01:07.145 INFO  ProgressMeter -       chr10:25702088             78.4             434297000        5540577.9
17:01:17.153 INFO  ProgressMeter -       chr10:29389457             78.6             435238000        5540792.2
17:01:27.163 INFO  ProgressMeter -       chr10:33019535             78.7             436170000        5540888.9
17:01:37.171 INFO  ProgressMeter -       chr10:36374068             78.9             437017000        5539910.0
17:01:47.176 INFO  ProgressMeter -       chr10:39669055             79.1             437892000        5539292.9
17:01:57.185 INFO  ProgressMeter -       chr10:43241200             79.2             438860000        5539847.8
17:02:07.189 INFO  ProgressMeter -       chr10:46751420             79.4             439768000        5539650.3
17:02:17.193 INFO  ProgressMeter -       chr10:50116509             79.6             440642000        5539026.2
17:02:27.198 INFO  ProgressMeter -       chr10:53766343             79.7             441562000        5538980.7
17:02:37.207 INFO  ProgressMeter -       chr10:57639137             79.9             442494000        5539080.9
17:02:47.208 INFO  ProgressMeter -       chr10:61402807             80.1             443432000        5539264.9
17:02:57.212 INFO  ProgressMeter -       chr10:64969683             80.2             444335000        5539008.3
17:03:07.221 INFO  ProgressMeter -       chr10:68499734             80.4             445199000        5538261.9
17:03:17.228 INFO  ProgressMeter -       chr10:72018460             80.6             446100000        5537980.2
17:03:27.234 INFO  ProgressMeter -       chr10:75707914             80.7             447037000        5538146.9
17:03:37.244 INFO  ProgressMeter -       chr10:79188153             80.9             447949000        5537999.2
17:03:47.256 INFO  ProgressMeter -       chr10:82564777             81.1             448830000        5537468.5
17:03:57.258 INFO  ProgressMeter -       chr10:86137069             81.2             449727000        5537146.0
17:04:07.264 INFO  ProgressMeter -       chr10:89768553             81.4             450657000        5537227.0
17:04:17.273 INFO  ProgressMeter -       chr10:93413511             81.6             451591000        5537353.3
17:04:27.280 INFO  ProgressMeter -       chr10:97048278             81.7             452523000        5537456.8
17:04:37.289 INFO  ProgressMeter -      chr10:100654533             81.9             453455000        5537557.7
17:04:47.293 INFO  ProgressMeter -      chr10:104286855             82.1             454377000        5537541.9
17:04:57.293 INFO  ProgressMeter -      chr10:107897724             82.2             455298000        5537518.5
17:05:07.302 INFO  ProgressMeter -      chr10:111589596             82.4             456231000        5537631.9
17:05:17.303 INFO  ProgressMeter -      chr10:115198286             82.6             457165000        5537763.6
17:05:27.305 INFO  ProgressMeter -      chr10:118498038             82.7             458006000        5536771.7
17:05:37.314 INFO  ProgressMeter -      chr10:122063223             82.9             458929000        5536763.0
17:05:47.320 INFO  ProgressMeter -      chr10:125636126             83.1             459861000        5536867.2
17:05:57.330 INFO  ProgressMeter -      chr10:129258583             83.2             460799000        5537038.6
17:06:07.337 INFO  ProgressMeter -      chr10:132905221             83.4             461739000        5537236.7
17:06:17.347 INFO  ProgressMeter -        chr11:2274864             83.6             462676000        5537394.7
17:06:27.351 INFO  ProgressMeter -        chr11:5914695             83.7             463604000        5537451.2
17:06:37.362 INFO  ProgressMeter -        chr11:9418193             83.9             464511000        5537249.5
17:06:47.363 INFO  ProgressMeter -       chr11:12922771             84.1             465426000        5537154.7
17:06:57.368 INFO  ProgressMeter -       chr11:16537976             84.2             466356000        5537234.0
17:07:07.378 INFO  ProgressMeter -       chr11:20078412             84.4             467274000        5537165.3
17:07:17.388 INFO  ProgressMeter -       chr11:23664563             84.6             468169000        5536824.9
17:07:27.392 INFO  ProgressMeter -       chr11:27270379             84.7             469043000        5536245.6
17:07:37.392 INFO  ProgressMeter -       chr11:30772562             84.9             469920000        5535706.1
17:07:47.398 INFO  ProgressMeter -       chr11:34383395             85.1             470838000        5535645.3
17:07:57.404 INFO  ProgressMeter -       chr11:37942160             85.2             471758000        5535608.2
17:08:07.406 INFO  ProgressMeter -       chr11:41762664             85.4             472690000        5535716.1
17:08:17.412 INFO  ProgressMeter -       chr11:45393867             85.6             473621000        5535807.6
17:08:27.413 INFO  ProgressMeter -       chr11:49018222             85.7             474547000        5535845.8
17:08:37.416 INFO  ProgressMeter -       chr11:52293801             85.9             475420000        5535264.6
17:08:47.418 INFO  ProgressMeter -       chr11:56391267             86.1             476312000        5534908.6
17:08:57.426 INFO  ProgressMeter -       chr11:59942049             86.2             477226000        5534800.5
17:09:07.428 INFO  ProgressMeter -       chr11:63264119             86.4             478069000        5533879.6
17:09:17.430 INFO  ProgressMeter -       chr11:66873766             86.6             478959000        5533503.1
17:09:27.441 INFO  ProgressMeter -       chr11:70214650             86.7             479799000        5532543.0
17:09:37.441 INFO  ProgressMeter -       chr11:73505196             86.9             480650000        5531724.8
17:09:47.449 INFO  ProgressMeter -       chr11:76862797             87.1             481519000        5531109.1
17:09:57.451 INFO  ProgressMeter -       chr11:80129390             87.2             482361000        5530190.5
17:10:07.457 INFO  ProgressMeter -       chr11:83546042             87.4             483211000        5529363.7
17:10:17.467 INFO  ProgressMeter -       chr11:87098223             87.6             484108000        5529072.6
17:10:27.476 INFO  ProgressMeter -       chr11:90716056             87.7             485000000        5528726.8
17:10:37.481 INFO  ProgressMeter -       chr11:94154551             87.9             485864000        5528068.9
17:10:47.488 INFO  ProgressMeter -       chr11:97711401             88.1             486761000        5527784.0
17:10:57.491 INFO  ProgressMeter -      chr11:101365328             88.2             487651000        5527426.2
17:11:07.497 INFO  ProgressMeter -      chr11:104864656             88.4             488532000        5526965.7
17:11:17.498 INFO  ProgressMeter -      chr11:108464959             88.6             489427000        5526668.2
17:11:27.503 INFO  ProgressMeter -      chr11:111874730             88.7             490300000        5526120.8
17:11:37.512 INFO  ProgressMeter -      chr11:115325654             88.9             491200000        5525875.0
17:11:47.515 INFO  ProgressMeter -      chr11:118812279             89.1             492110000        5525748.6
17:11:57.520 INFO  ProgressMeter -      chr11:122204759             89.2             492996000        5525351.6
17:12:07.527 INFO  ProgressMeter -      chr11:125747001             89.4             493907000        5525233.8
17:12:17.537 INFO  ProgressMeter -      chr11:129264766             89.6             494821000        5525147.8
17:12:27.545 INFO  ProgressMeter -      chr11:132778615             89.7             495737000        5525085.4
17:12:37.546 INFO  ProgressMeter -        chr12:1222398             89.9             496666000        5525174.1
17:12:47.546 INFO  ProgressMeter -        chr12:4721938             90.1             497588000        5525186.7
17:12:57.547 INFO  ProgressMeter -        chr12:8118528             90.2             498467000        5524721.7
17:13:07.552 INFO  ProgressMeter -       chr12:11678679             90.4             499393000        5524774.3
17:13:17.556 INFO  ProgressMeter -       chr12:15262581             90.6             500316000        5524794.5
17:13:27.559 INFO  ProgressMeter -       chr12:18848599             90.7             501208000        5524474.0
17:13:37.562 INFO  ProgressMeter -       chr12:22262023             90.9             502058000        5523692.7
17:13:47.565 INFO  ProgressMeter -       chr12:25917327             91.1             502973000        5523628.0
17:13:57.569 INFO  ProgressMeter -       chr12:29419600             91.2             503874000        5523410.0
17:14:07.579 INFO  ProgressMeter -       chr12:32920597             91.4             504771000        5523141.1
17:14:17.579 INFO  ProgressMeter -       chr12:36133540             91.6             505627000        5522436.3
17:14:27.582 INFO  ProgressMeter -       chr12:39370019             91.7             506459000        5521470.5
17:14:37.590 INFO  ProgressMeter -       chr12:42763188             91.9             507307000        5520676.3
17:14:47.589 INFO  ProgressMeter -       chr12:46250736             92.1             508188000        5520251.4
17:14:57.596 INFO  ProgressMeter -       chr12:49716829             92.2             509080000        5519940.4
17:15:07.597 INFO  ProgressMeter -       chr12:53126910             92.4             509964000        5519549.9
17:15:17.604 INFO  ProgressMeter -       chr12:56445189             92.6             510818000        5518831.7
17:15:27.612 INFO  ProgressMeter -       chr12:59878422             92.7             511689000        5518296.4
17:15:37.614 INFO  ProgressMeter -       chr12:63429763             92.9             512578000        5517965.7
17:15:47.624 INFO  ProgressMeter -       chr12:66762674             93.1             513429000        5517216.1
17:15:57.629 INFO  ProgressMeter -       chr12:70076977             93.2             514283000        5516509.1
17:16:07.631 INFO  ProgressMeter -       chr12:73640545             93.4             515171000        5516171.7
17:16:17.638 INFO  ProgressMeter -       chr12:77219470             93.6             516060000        5515838.4
17:16:27.650 INFO  ProgressMeter -       chr12:80875271             93.7             516968000        5515707.9
17:16:37.649 INFO  ProgressMeter -       chr12:84596197             93.9             517879000        5515619.7
17:16:47.653 INFO  ProgressMeter -       chr12:88180833             94.1             518747000        5515070.7
17:16:57.656 INFO  ProgressMeter -       chr12:91778525             94.2             519655000        5514948.2
17:17:07.662 INFO  ProgressMeter -       chr12:95325295             94.4             520561000        5514802.9
17:17:17.670 INFO  ProgressMeter -       chr12:98652804             94.6             521406000        5514012.2
17:17:27.673 INFO  ProgressMeter -      chr12:102191950             94.7             522304000        5513786.6
17:17:37.681 INFO  ProgressMeter -      chr12:105686537             94.9             523207000        5513610.6
17:17:47.691 INFO  ProgressMeter -      chr12:109162491             95.1             524109000        5513422.8
17:17:57.700 INFO  ProgressMeter -      chr12:112668920             95.2             525008000        5513205.1
17:18:07.705 INFO  ProgressMeter -      chr12:116160937             95.4             525910000        5513023.4
17:18:17.714 INFO  ProgressMeter -      chr12:119622081             95.6             526806000        5512775.8
17:18:27.716 INFO  ProgressMeter -      chr12:123261791             95.7             527713000        5512650.6
17:18:37.716 INFO  ProgressMeter -      chr12:126776728             95.9             528608000        5512402.7
17:18:47.727 INFO  ProgressMeter -      chr12:130308281             96.1             529508000        5512197.2
17:18:57.735 INFO  ProgressMeter -         chr13:814704             96.2             530413000        5512047.2
17:19:07.737 INFO  ProgressMeter -        chr13:8369584             96.4             531350000        5512235.4
17:19:17.747 INFO  ProgressMeter -       chr13:12442688             96.6             532281000        5512353.2
17:19:27.752 INFO  ProgressMeter -       chr13:16973628             96.7             533247000        5512837.2
17:19:37.752 INFO  ProgressMeter -       chr13:20701753             96.9             534170000        5512880.5
17:19:47.760 INFO  ProgressMeter -       chr13:24399536             97.1             535107000        5513061.2
17:19:57.769 INFO  ProgressMeter -       chr13:28083710             97.2             536047000        5513269.3
17:20:07.779 INFO  ProgressMeter -       chr13:31627528             97.4             536970000        5513302.2
17:20:17.783 INFO  ProgressMeter -       chr13:35354174             97.6             537912000        5513535.4
17:20:27.785 INFO  ProgressMeter -       chr13:39107076             97.7             538851000        5513739.0
17:20:37.791 INFO  ProgressMeter -       chr13:42783235             97.9             539792000        5513958.5
17:20:47.794 INFO  ProgressMeter -       chr13:46432747             98.1             540731000        5514159.7
17:20:57.804 INFO  ProgressMeter -       chr13:50072617             98.2             541664000        5514292.6
17:21:07.812 INFO  ProgressMeter -       chr13:53707448             98.4             542594000        5514396.4
17:21:17.816 INFO  ProgressMeter -       chr13:57527574             98.6             543501000        5514270.3
17:21:27.824 INFO  ProgressMeter -       chr13:61313538             98.7             544431000        5514373.8
17:21:37.828 INFO  ProgressMeter -       chr13:65231112             98.9             545363000        5514500.9
17:21:47.832 INFO  ProgressMeter -       chr13:69149376             99.1             546301000        5514688.1
17:21:57.841 INFO  ProgressMeter -       chr13:72942458             99.2             547236000        5514839.9
17:22:07.850 INFO  ProgressMeter -       chr13:76664155             99.4             548177000        5515051.5
17:22:17.855 INFO  ProgressMeter -       chr13:80372268             99.6             549108000        5515165.6
17:22:27.857 INFO  ProgressMeter -       chr13:84275691             99.7             550048000        5515372.4
17:22:37.861 INFO  ProgressMeter -       chr13:88199301             99.9             550978000        5515476.6
17:22:47.864 INFO  ProgressMeter -       chr13:92069276            100.1             551918000        5515681.2
17:22:57.874 INFO  ProgressMeter -       chr13:95786747            100.2             552856000        5515858.8
17:23:07.876 INFO  ProgressMeter -       chr13:99475837            100.4             553792000        5516023.2
17:23:17.886 INFO  ProgressMeter -      chr13:103220928            100.6             554733000        5516229.5
17:23:27.895 INFO  ProgressMeter -      chr13:107025900            100.7             555672000        5516416.1
17:23:37.897 INFO  ProgressMeter -      chr13:110706062            100.9             556613000        5516628.4
17:23:47.897 INFO  ProgressMeter -         chr14:926204            101.1             557539000        5516693.3
17:23:57.906 INFO  ProgressMeter -        chr14:4470444            101.2             558491000        5517006.7
17:24:07.911 INFO  ProgressMeter -        chr14:9163168            101.4             559419000        5517086.0
17:24:17.912 INFO  ProgressMeter -       chr14:13492006            101.6             560374000        5517434.5
17:24:27.921 INFO  ProgressMeter -       chr14:16318309            101.7             561305000        5517538.6
17:24:37.921 INFO  ProgressMeter -       chr14:19930355            101.9             562239000        5517680.1
17:24:47.929 INFO  ProgressMeter -       chr14:23660078            102.1             563147000        5517559.1
17:24:57.937 INFO  ProgressMeter -       chr14:27390335            102.2             564085000        5517732.8
17:25:07.943 INFO  ProgressMeter -       chr14:31111189            102.4             565023000        5517906.0
17:25:17.948 INFO  ProgressMeter -       chr14:34847604            102.6             565959000        5518060.9
17:25:27.948 INFO  ProgressMeter -       chr14:38741613            102.7             566897000        5518239.3
17:25:37.948 INFO  ProgressMeter -       chr14:42556182            102.9             567833000        5518397.6
17:25:47.950 INFO  ProgressMeter -       chr14:46242473            103.1             568766000        5518524.6
17:25:57.959 INFO  ProgressMeter -       chr14:49911914            103.2             569701000        5518664.2
17:26:07.964 INFO  ProgressMeter -       chr14:53584635            103.4             570641000        5518855.4
17:26:17.972 INFO  ProgressMeter -       chr14:57136148            103.6             571549000        5518734.2
17:26:27.973 INFO  ProgressMeter -       chr14:60804389            103.7             572485000        5518889.6
17:26:37.977 INFO  ProgressMeter -       chr14:64432377            103.9             573425000        5519080.4
17:26:47.977 INFO  ProgressMeter -       chr14:68056111            104.1             574359000        5519216.4
17:26:57.981 INFO  ProgressMeter -       chr14:71688106            104.2             575300000        5519415.6
17:27:07.983 INFO  ProgressMeter -       chr14:75346082            104.4             576235000        5519558.4
17:27:17.988 INFO  ProgressMeter -       chr14:79144031            104.6             577169000        5519688.6
17:27:27.991 INFO  ProgressMeter -       chr14:82852112            104.7             578100000        5519791.5
17:27:37.991 INFO  ProgressMeter -       chr14:86479989            104.9             579036000        5519944.4
17:27:47.995 INFO  ProgressMeter -       chr14:89937675            105.1             579942000        5519807.7
17:27:58.002 INFO  ProgressMeter -       chr14:93519115            105.2             580875000        5519925.4
17:28:08.002 INFO  ProgressMeter -       chr14:97192677            105.4             581804000        5520010.9
17:28:18.012 INFO  ProgressMeter -      chr14:101033788            105.6             582732000        5520078.0
17:28:28.012 INFO  ProgressMeter -        chr15:3834189            105.7             583674000        5520285.9
17:28:38.019 INFO  ProgressMeter -        chr15:7851002            105.9             584608000        5520411.6
17:28:48.022 INFO  ProgressMeter -       chr15:13572438            106.1             585542000        5520541.2
17:28:58.028 INFO  ProgressMeter -       chr15:16681136            106.2             586477000        5520675.5
17:29:08.037 INFO  ProgressMeter -       chr15:19107763            106.4             587421000        5520892.2
17:29:18.047 INFO  ProgressMeter -       chr15:22455082            106.6             588345000        5520919.7
17:29:28.052 INFO  ProgressMeter -       chr15:26162767            106.7             589278000        5521035.8
17:29:38.054 INFO  ProgressMeter -       chr15:29826557            106.9             590206000        5521107.3
17:29:48.064 INFO  ProgressMeter -       chr15:33523600            107.1             591137000        5521199.7
17:29:58.066 INFO  ProgressMeter -       chr15:37210540            107.2             592067000        5521289.4
17:30:08.067 INFO  ProgressMeter -       chr15:40880680            107.4             593000000        5521407.6
17:30:18.067 INFO  ProgressMeter -       chr15:44439244            107.6             593902000        5521238.0
17:30:28.074 INFO  ProgressMeter -       chr15:48081078            107.7             594832000        5521323.0
17:30:38.074 INFO  ProgressMeter -       chr15:51733509            107.9             595764000        5521432.1
17:30:48.075 INFO  ProgressMeter -       chr15:55415219            108.1             596694000        5521521.6
17:30:58.075 INFO  ProgressMeter -       chr15:59093630            108.2             597633000        5521694.8
17:31:08.082 INFO  ProgressMeter -       chr15:62770129            108.4             598570000        5521843.1
17:31:18.084 INFO  ProgressMeter -       chr15:66374190            108.6             599500000        5521930.7
17:31:28.091 INFO  ProgressMeter -       chr15:70001063            108.7             600437000        5522078.1
17:31:38.101 INFO  ProgressMeter -       chr15:73651157            108.9             601376000        5522241.0
17:31:48.105 INFO  ProgressMeter -       chr15:77282007            109.1             602308000        5522344.2
17:31:58.113 INFO  ProgressMeter -       chr15:80888113            109.2             603243000        5522471.2
17:32:08.121 INFO  ProgressMeter -       chr15:84529301            109.4             604181000        5522625.2
17:32:18.122 INFO  ProgressMeter -       chr15:88169786            109.6             605117000        5522766.4
17:32:28.130 INFO  ProgressMeter -       chr15:91772352            109.7             606051000        5522883.1
17:32:38.137 INFO  ProgressMeter -       chr15:95448411            109.9             606979000        5522945.7
17:32:48.137 INFO  ProgressMeter -       chr15:99011641            110.1             607913000        5523068.4
17:32:58.145 INFO  ProgressMeter -        chr16:3289429            110.2             608849000        5523202.2
17:33:08.146 INFO  ProgressMeter -        chr16:7008227            110.4             609787000        5523359.6
17:33:18.154 INFO  ProgressMeter -       chr16:10682726            110.6             610725000        5523510.7
17:33:28.160 INFO  ProgressMeter -       chr16:14311269            110.7             611666000        5523690.0
17:33:38.167 INFO  ProgressMeter -       chr16:17874926            110.9             612600000        5523804.9
17:33:48.177 INFO  ProgressMeter -       chr16:21469410            111.1             613516000        5523754.9
17:33:58.180 INFO  ProgressMeter -       chr16:24962001            111.2             614409000        5523504.1
17:34:08.181 INFO  ProgressMeter -       chr16:28469767            111.4             615312000        5523345.4
17:34:18.190 INFO  ProgressMeter -       chr16:32176366            111.6             616205000        5523091.0
17:34:28.197 INFO  ProgressMeter -       chr16:35727339            111.7             617091000        5522776.3
17:34:38.199 INFO  ProgressMeter -       chr16:39117298            111.9             618075000        5523342.4
17:34:48.208 INFO  ProgressMeter -       chr16:47646121            112.1             618992000        5523303.3
17:34:58.212 INFO  ProgressMeter -       chr16:52947639            112.2             619926000        5523419.9
17:35:08.215 INFO  ProgressMeter -       chr16:56537255            112.4             620855000        5523492.4
17:35:18.220 INFO  ProgressMeter -       chr16:60193531            112.6             621791000        5523625.3
17:35:28.222 INFO  ProgressMeter -       chr16:63775393            112.7             622717000        5523671.5
17:35:38.230 INFO  ProgressMeter -       chr16:67549724            112.9             623653000        5523801.3
17:35:48.235 INFO  ProgressMeter -       chr16:71238200            113.1             624556000        5523641.3
17:35:58.242 INFO  ProgressMeter -       chr16:74787701            113.2             625467000        5523550.7
17:36:08.252 INFO  ProgressMeter -       chr16:78382934            113.4             626376000        5523441.2
17:36:18.251 INFO  ProgressMeter -       chr16:82114351            113.6             627295000        5523427.4
17:36:28.254 INFO  ProgressMeter -       chr16:85784979            113.7             628224000        5523499.0
17:36:38.259 INFO  ProgressMeter -       chr16:89335399            113.9             629146000        5523508.2
17:36:48.262 INFO  ProgressMeter -       chr16:92977489            114.1             630086000        5523675.2
17:36:58.268 INFO  ProgressMeter -         chr17:478632            114.2             631009000        5523691.3
17:37:08.278 INFO  ProgressMeter -        chr17:4271361            114.4             631953000        5523887.6
17:37:18.278 INFO  ProgressMeter -        chr17:7992007            114.6             632888000        5524012.9
17:37:28.283 INFO  ProgressMeter -       chr17:11645404            114.7             633819000        5524098.9
17:37:38.283 INFO  ProgressMeter -       chr17:15342576            114.9             634755000        5524232.2
17:37:48.289 INFO  ProgressMeter -       chr17:19071949            115.1             635689000        5524343.0
17:37:58.295 INFO  ProgressMeter -       chr17:22606703            115.2             636629000        5524505.5
17:38:08.300 INFO  ProgressMeter -       chr17:26603454            115.4             637573000        5524702.9
17:38:18.309 INFO  ProgressMeter -       chr17:30472837            115.6             638519000        5524913.9
17:38:28.319 INFO  ProgressMeter -       chr17:34157880            115.7             639439000        5524898.9
17:38:38.328 INFO  ProgressMeter -       chr17:37538819            115.9             640309000        5524453.3
17:38:48.338 INFO  ProgressMeter -       chr17:41213443            116.1             641234000        5524482.1
17:38:58.340 INFO  ProgressMeter -       chr17:44843087            116.2             642156000        5524491.3
17:39:08.344 INFO  ProgressMeter -       chr17:48533559            116.4             643092000        5524619.1
17:39:18.354 INFO  ProgressMeter -       chr17:52249761            116.6             644032000        5524776.2
17:39:28.363 INFO  ProgressMeter -       chr17:55966027            116.7             644964000        5524865.1
17:39:38.373 INFO  ProgressMeter -       chr17:59584020            116.9             645903000        5525012.8
17:39:48.373 INFO  ProgressMeter -       chr17:63374289            117.1             646844000        5525185.0
17:39:58.373 INFO  ProgressMeter -       chr17:66782925            117.2             647717000        5524776.8
17:40:08.374 INFO  ProgressMeter -       chr17:70474158            117.4             648650000        5524879.9
17:40:18.383 INFO  ProgressMeter -       chr17:74202059            117.6             649590000        5525036.1
17:40:28.386 INFO  ProgressMeter -       chr17:77905902            117.7             650527000        5525171.0
17:40:38.389 INFO  ProgressMeter -       chr17:81545413            117.9             651433000        5525042.6
17:40:48.391 INFO  ProgressMeter -        chr18:1279391            118.1             652319000        5524745.9
17:40:58.394 INFO  ProgressMeter -        chr18:4888677            118.2             653241000        5524753.8
17:41:08.396 INFO  ProgressMeter -        chr18:8347802            118.4             654122000        5524416.2
17:41:18.404 INFO  ProgressMeter -       chr18:11752216            118.6             655009000        5524125.5
17:41:28.404 INFO  ProgressMeter -       chr18:15208082            118.7             655884000        5523740.7
17:41:38.412 INFO  ProgressMeter -       chr18:19860652            118.9             656796000        5523662.0
17:41:48.414 INFO  ProgressMeter -       chr18:23451150            119.1             657706000        5523571.3
17:41:58.415 INFO  ProgressMeter -       chr18:26924934            119.2             658599000        5523339.1
17:42:08.423 INFO  ProgressMeter -       chr18:30617556            119.4             659507000        5523227.8
17:42:18.429 INFO  ProgressMeter -       chr18:34217098            119.6             660400000        5522992.9
17:42:28.431 INFO  ProgressMeter -       chr18:37724511            119.7             661300000        5522820.2
17:42:38.432 INFO  ProgressMeter -       chr18:41410208            119.9             662218000        5522798.8
17:42:48.440 INFO  ProgressMeter -       chr18:45058640            120.1             663130000        5522722.1
17:42:58.447 INFO  ProgressMeter -       chr18:48586408            120.2             664060000        5522796.2
17:43:08.451 INFO  ProgressMeter -       chr18:52189496            120.4             664993000        5522897.2
17:43:18.458 INFO  ProgressMeter -       chr18:55917482            120.6             665934000        5523062.0
17:43:28.466 INFO  ProgressMeter -       chr18:59585992            120.7             666878000        5523250.5
17:43:38.475 INFO  ProgressMeter -       chr18:63287982            120.9             667817000        5523396.3
17:43:48.475 INFO  ProgressMeter -       chr18:67082741            121.1             668756000        5523548.6
17:43:58.481 INFO  ProgressMeter -       chr18:70931561            121.2             669697000        5523712.3
17:44:08.485 INFO  ProgressMeter -       chr18:74635756            121.4             670614000        5523679.5
17:44:18.485 INFO  ProgressMeter -       chr18:78156086            121.6             671526000        5523608.6
17:44:28.486 INFO  ProgressMeter -        chr19:1577443            121.7             672463000        5523742.6
17:44:38.488 INFO  ProgressMeter -        chr19:5663062            121.9             673400000        5523876.2
17:44:48.490 INFO  ProgressMeter -        chr19:9432337            122.1             674334000        5523983.3
17:44:58.490 INFO  ProgressMeter -       chr19:13283074            122.2             675273000        5524133.3
17:45:08.498 INFO  ProgressMeter -       chr19:17086131            122.4             676205000        5524219.7
17:45:18.502 INFO  ProgressMeter -       chr19:20998230            122.6             677145000        5524374.1
17:45:28.509 INFO  ProgressMeter -       chr19:24752635            122.7             678088000        5524550.3
17:45:38.510 INFO  ProgressMeter -       chr19:29542170            122.9             679131000        5525544.1
17:45:48.516 INFO  ProgressMeter -       chr19:33250189            123.1             680076000        5525735.3
17:45:58.523 INFO  ProgressMeter -       chr19:36920337            123.2             681007000        5525811.5
17:46:08.523 INFO  ProgressMeter -       chr19:40671273            123.4             681899000        5525576.8
17:46:18.525 INFO  ProgressMeter -       chr19:44424246            123.6             682832000        5525673.0
17:46:28.529 INFO  ProgressMeter -       chr19:48073075            123.7             683767000        5525783.6
17:46:38.539 INFO  ProgressMeter -       chr19:51983739            123.9             684702000        5525889.4
17:46:48.546 INFO  ProgressMeter -       chr19:55735258            124.1             685645000        5526061.7
17:46:58.548 INFO  ProgressMeter -       chr19:59538556            124.2             686585000        5526213.1
17:47:08.548 INFO  ProgressMeter -        chr20:1503482            124.4             687528000        5526389.6
17:47:18.550 INFO  ProgressMeter -        chr20:5136098            124.6             688466000        5526524.1
17:47:28.553 INFO  ProgressMeter -        chr20:8809087            124.7             689403000        5526649.4
17:47:38.561 INFO  ProgressMeter -       chr20:12473916            124.9             690340000        5526770.8
17:47:48.564 INFO  ProgressMeter -       chr20:16125629            125.1             691256000        5526727.5
17:47:58.572 INFO  ProgressMeter -       chr20:19561412            125.2             692143000        5526449.2
17:48:08.583 INFO  ProgressMeter -       chr20:22960303            125.4             693026000        5526137.5
17:48:18.592 INFO  ProgressMeter -       chr20:26075100            125.6             693842000        5525295.3
17:48:28.594 INFO  ProgressMeter -       chr20:28328698            125.7             694640000        5524315.9
17:48:38.603 INFO  ProgressMeter -       chr20:31100404            125.9             695471000        5523596.7
17:48:48.611 INFO  ProgressMeter -       chr20:34928868            126.1             696313000        5522967.5
17:48:58.618 INFO  ProgressMeter -       chr20:38167982            126.2             697138000        5522205.9
17:49:08.624 INFO  ProgressMeter -       chr20:41453659            126.4             697993000        5521684.4
17:49:18.624 INFO  ProgressMeter -       chr20:44646147            126.6             698827000        5521002.8
17:49:28.626 INFO  ProgressMeter -       chr20:47807321            126.7             699648000        5520218.9
17:49:38.630 INFO  ProgressMeter -       chr20:50999045            126.9             700477000        5519498.7
17:49:48.631 INFO  ProgressMeter -       chr20:54076160            127.1             701266000        5518467.7
17:49:58.633 INFO  ProgressMeter -       chr20:57287991            127.2             702084000        5517666.7
17:50:08.640 INFO  ProgressMeter -       chr20:60424459            127.4             702898000        5516832.7
17:50:18.646 INFO  ProgressMeter -       chr20:63579382            127.6             703720000        5516064.4
17:50:28.656 INFO  ProgressMeter -         chr21:576545            127.7             704544000        5515310.8
17:50:38.661 INFO  ProgressMeter -        chr21:4520267            127.9             705372000        5514594.8
17:50:48.660 INFO  ProgressMeter -        chr21:7451561            128.1             706208000        5513945.9
17:50:58.665 INFO  ProgressMeter -       chr21:10815122            128.2             707034000        5513218.0
17:51:08.674 INFO  ProgressMeter -       chr21:13627331            128.4             707826000        5512222.8
17:51:18.679 INFO  ProgressMeter -       chr21:16661727            128.6             708583000        5510961.6
17:51:28.685 INFO  ProgressMeter -       chr21:20074024            128.7             709407000        5510223.3
17:51:38.688 INFO  ProgressMeter -       chr21:23540278            128.9             710241000        5509566.7
17:51:48.695 INFO  ProgressMeter -       chr21:26594469            129.1             711007000        5508382.1
17:51:58.698 INFO  ProgressMeter -       chr21:29978712            129.2             711864000        5507907.5
17:52:08.702 INFO  ProgressMeter -       chr21:33479844            129.4             712775000        5507850.7
17:52:18.709 INFO  ProgressMeter -       chr21:37056814            129.6             713702000        5507915.4
17:52:28.719 INFO  ProgressMeter -       chr21:40077663            129.7             714486000        5506875.6
17:52:38.728 INFO  ProgressMeter -       chr21:43174849            129.9             715259000        5505754.6
17:52:48.733 INFO  ProgressMeter -        chr22:2097557            130.1             716045000        5504739.1
17:52:58.740 INFO  ProgressMeter -        chr22:4962730            130.2             716827000        5503694.2
17:53:08.749 INFO  ProgressMeter -        chr22:7637537            130.4             717605000        5502619.8
17:53:18.758 INFO  ProgressMeter -       chr22:12699870            130.6             718541000        5502758.2
17:53:28.761 INFO  ProgressMeter -       chr22:16125118            130.7             719375000        5502120.3
17:53:38.765 INFO  ProgressMeter -       chr22:19090144            130.9             720283000        5502048.6
17:53:48.767 INFO  ProgressMeter -       chr22:22654097            131.1             721178000        5501879.3
17:53:58.775 INFO  ProgressMeter -       chr22:26025123            131.2             722034000        5501409.1
17:54:08.776 INFO  ProgressMeter -       chr22:29518308            131.4             722940000        5501325.5
17:54:18.780 INFO  ProgressMeter -       chr22:32996467            131.6             723822000        5501058.2
17:54:28.780 INFO  ProgressMeter -       chr22:36349143            131.7             724690000        5500686.8
17:54:38.790 INFO  ProgressMeter -       chr22:39888733            131.9             725581000        5500484.4
17:54:48.800 INFO  ProgressMeter -       chr22:43262513            132.1             726420000        5499888.8
17:54:58.810 INFO  ProgressMeter -       chr22:46388764            132.2             727215000        5498962.0
17:55:08.818 INFO  ProgressMeter -       chr22:49599617            132.4             728024000        5498144.7
17:55:18.828 INFO  ProgressMeter -         chrX:1551413            132.6             728801000        5497086.7
17:55:28.834 INFO  ProgressMeter -         chrX:6687189            132.7             729553000        5495845.7
17:55:38.841 INFO  ProgressMeter -        chrX:12682793            132.9             730327000        5494772.7
17:55:48.848 INFO  ProgressMeter -        chrX:18932272            133.1             731145000        5494033.0
17:55:58.851 INFO  ProgressMeter -        chrX:25090475            133.2             731932000        5493066.0
17:56:08.853 INFO  ProgressMeter -        chrX:32382494            133.4             732837000        5492985.8
17:56:18.865 INFO  ProgressMeter -        chrX:39411860            133.6             733727000        5492786.0
17:56:28.878 INFO  ProgressMeter -        chrX:45198898            133.7             734468000        5491474.1
17:56:38.879 INFO  ProgressMeter -        chrX:51482764            133.9             735278000        5490686.1
17:56:48.885 INFO  ProgressMeter -        chrX:58179506            134.1             736146000        5490330.6
17:56:58.894 INFO  ProgressMeter -        chrX:64187846            134.2             736925000        5489311.0
17:57:08.898 INFO  ProgressMeter -        chrX:70553223            134.4             737745000        5488603.1
17:57:18.903 INFO  ProgressMeter -        chrX:77040908            134.6             738575000        5487969.1
17:57:28.905 INFO  ProgressMeter -        chrX:83715625            134.7             739402000        5487317.2
17:57:38.915 INFO  ProgressMeter -        chrX:90357692            134.9             740204000        5486476.2
17:57:48.917 INFO  ProgressMeter -        chrX:97447769            135.1             741077000        5486168.2
17:57:58.926 INFO  ProgressMeter -       chrX:103894315            135.2             741899000        5485479.2
17:58:08.939 INFO  ProgressMeter -       chrX:109892190            135.4             742671000        5484420.0
17:58:18.950 INFO  ProgressMeter -       chrX:116154161            135.6             743454000        5483445.9
17:58:28.953 INFO  ProgressMeter -       chrX:122893696            135.7             744310000        5483017.3
17:58:38.958 INFO  ProgressMeter -       chrX:129372776            135.9             745122000        5482264.7
17:58:48.967 INFO  ProgressMeter -       chrX:135676117            136.1             745935000        5481518.5
17:58:58.967 INFO  ProgressMeter -       chrX:141823072            136.2             746712000        5480516.1
17:59:08.973 INFO  ProgressMeter -       chrX:148351444            136.4             747540000        5479885.9
17:59:18.984 INFO  ProgressMeter -         chrY:2958524            136.6             748406000        5479532.1
17:59:28.989 INFO  ProgressMeter -         chrY:9940963            136.7             749243000        5478971.1
17:59:38.999 INFO  ProgressMeter -        chrY:16447940            136.9             750113000        5478649.2
17:59:49.009 INFO  ProgressMeter -        chrY:22422051            137.1             750890000        5477649.7
17:59:59.019 INFO  ProgressMeter -        chrY:28084018            137.2             751641000        5476463.1
18:00:09.024 INFO  ProgressMeter -        chrY:37161864            137.4             752502000        5476083.2
18:00:19.031 INFO  ProgressMeter -        chrY:50248657            137.6             753356000        5475652.7
18:00:29.040 INFO  ProgressMeter -        chrY:59271850            137.7             754123000        5474589.1
18:00:39.041 INFO  ProgressMeter -           chrM:13375            137.9             754897000        5473584.7
18:00:43.821 INFO  ApplyBQSR - 0 read(s) filtered by: WellformedReadFilter 

18:00:43.822 INFO  ProgressMeter -             unmapped            138.0             755317100        5473468.3
18:00:43.822 INFO  ProgressMeter - Traversal complete. Processed 755317100 total reads in 138.0 minutes.
18:00:43.870 INFO  ApplyBQSR - Shutting down engine
[June 21, 2024 at 6:00:43 PM CEST] org.broadinstitute.hellbender.tools.walkers.bqsr.ApplyBQSR done. Elapsed time: 138.00 minutes.
Runtime.totalMemory()=1224736768
