Sep 27, 2024 3:01:48 PM com.intel.gkl.NativeLibraryLoader load
INFO: Loading libgkl_compression.so from jar:file:/lustre1/project/stg_00096/home/rdewin/system/miniconda/envs/RNA/share/picard-3.1.1-0/picard.jar!/com/intel/gkl/native/libgkl_compression.so
[Fri Sep 27 15:01:48 CEST 2024] AddOrReplaceReadGroups --INPUT results/star/P066/P066_Aligned.sortedByCoord.out.bam --OUTPUT results/star/P066/P066_Aligned.sortedByCoord.withRG.bam --RGID P066 --RGLB lib1 --RGPL illumina --RGPU unit1 --RGSM P066 --VERBOSITY INFO --QUIET false --VALIDATION_STRINGENCY STRICT --COMPRESSION_LEVEL 5 --MAX_RECORDS_IN_RAM 500000 --CREATE_INDEX false --CREATE_MD5_FILE false --help false --version false --showHidden false --USE_JDK_DEFLATER false --USE_JDK_INFLATER false
[Fri Sep 27 15:01:48 CEST 2024] Executing as vsc35407@i28l17 on Linux 4.18.0-513.24.1.el8_9.x86_64 amd64; OpenJDK 64-Bit Server VM 17.0.10-internal+0-adhoc..src; Deflater: Intel; Inflater: Intel; Provider GCS is available; Picard version: Version:3.1.1
INFO	2024-09-27 15:01:48	AddOrReplaceReadGroups	Created read-group ID=P066 PL=illumina LB=lib1 SM=P066

INFO	2024-09-27 15:01:58	AddOrReplaceReadGroups	Processed     1,000,000 records.  Elapsed time: 00:00:09s.  Time for last 1,000,000:    9s.  Last read position: chr1:23,530,713
INFO	2024-09-27 15:02:07	AddOrReplaceReadGroups	Processed     2,000,000 records.  Elapsed time: 00:00:19s.  Time for last 1,000,000:    9s.  Last read position: chr1:40,274,599
INFO	2024-09-27 15:02:16	AddOrReplaceReadGroups	Processed     3,000,000 records.  Elapsed time: 00:00:28s.  Time for last 1,000,000:    8s.  Last read position: chr1:71,721,057
INFO	2024-09-27 15:02:25	AddOrReplaceReadGroups	Processed     4,000,000 records.  Elapsed time: 00:00:36s.  Time for last 1,000,000:    8s.  Last read position: chr1:109,133,252
INFO	2024-09-27 15:02:33	AddOrReplaceReadGroups	Processed     5,000,000 records.  Elapsed time: 00:00:45s.  Time for last 1,000,000:    8s.  Last read position: chr1:148,975,307
INFO	2024-09-27 15:02:41	AddOrReplaceReadGroups	Processed     6,000,000 records.  Elapsed time: 00:00:53s.  Time for last 1,000,000:    8s.  Last read position: chr1:161,841,887
INFO	2024-09-27 15:02:50	AddOrReplaceReadGroups	Processed     7,000,000 records.  Elapsed time: 00:01:02s.  Time for last 1,000,000:    9s.  Last read position: chr1:203,063,799
INFO	2024-09-27 15:02:59	AddOrReplaceReadGroups	Processed     8,000,000 records.  Elapsed time: 00:01:11s.  Time for last 1,000,000:    8s.  Last read position: chr1:242,852,860
INFO	2024-09-27 15:03:09	AddOrReplaceReadGroups	Processed     9,000,000 records.  Elapsed time: 00:01:20s.  Time for last 1,000,000:    9s.  Last read position: chr2:38,754,798
INFO	2024-09-27 15:03:18	AddOrReplaceReadGroups	Processed    10,000,000 records.  Elapsed time: 00:01:29s.  Time for last 1,000,000:    9s.  Last read position: chr2:68,222,633
INFO	2024-09-27 15:03:27	AddOrReplaceReadGroups	Processed    11,000,000 records.  Elapsed time: 00:01:39s.  Time for last 1,000,000:    9s.  Last read position: chr2:101,919,115
INFO	2024-09-27 15:03:37	AddOrReplaceReadGroups	Processed    12,000,000 records.  Elapsed time: 00:01:48s.  Time for last 1,000,000:    9s.  Last read position: chr2:171,418,600
INFO	2024-09-27 15:03:46	AddOrReplaceReadGroups	Processed    13,000,000 records.  Elapsed time: 00:01:57s.  Time for last 1,000,000:    9s.  Last read position: chr2:207,623,819
INFO	2024-09-27 15:03:55	AddOrReplaceReadGroups	Processed    14,000,000 records.  Elapsed time: 00:02:06s.  Time for last 1,000,000:    8s.  Last read position: chr3:12,837,636
INFO	2024-09-27 15:04:03	AddOrReplaceReadGroups	Processed    15,000,000 records.  Elapsed time: 00:02:15s.  Time for last 1,000,000:    8s.  Last read position: chr3:23,842,393
INFO	2024-09-27 15:04:12	AddOrReplaceReadGroups	Processed    16,000,000 records.  Elapsed time: 00:02:23s.  Time for last 1,000,000:    8s.  Last read position: chr3:47,880,015
INFO	2024-09-27 15:04:21	AddOrReplaceReadGroups	Processed    17,000,000 records.  Elapsed time: 00:02:32s.  Time for last 1,000,000:    9s.  Last read position: chr3:88,794,977
INFO	2024-09-27 15:04:30	AddOrReplaceReadGroups	Processed    18,000,000 records.  Elapsed time: 00:02:42s.  Time for last 1,000,000:    9s.  Last read position: chr3:142,345,043
INFO	2024-09-27 15:04:39	AddOrReplaceReadGroups	Processed    19,000,000 records.  Elapsed time: 00:02:51s.  Time for last 1,000,000:    9s.  Last read position: chr3:185,867,842
INFO	2024-09-27 15:04:48	AddOrReplaceReadGroups	Processed    20,000,000 records.  Elapsed time: 00:03:00s.  Time for last 1,000,000:    9s.  Last read position: chr4:37,581,098
INFO	2024-09-27 15:04:57	AddOrReplaceReadGroups	Processed    21,000,000 records.  Elapsed time: 00:03:09s.  Time for last 1,000,000:    9s.  Last read position: chr4:86,199,602
INFO	2024-09-27 15:05:06	AddOrReplaceReadGroups	Processed    22,000,000 records.  Elapsed time: 00:03:18s.  Time for last 1,000,000:    9s.  Last read position: chr4:154,424,865
INFO	2024-09-27 15:05:16	AddOrReplaceReadGroups	Processed    23,000,000 records.  Elapsed time: 00:03:27s.  Time for last 1,000,000:    9s.  Last read position: chr5:42,190,374
INFO	2024-09-27 15:05:25	AddOrReplaceReadGroups	Processed    24,000,000 records.  Elapsed time: 00:03:37s.  Time for last 1,000,000:    9s.  Last read position: chr5:84,653,273
INFO	2024-09-27 15:05:34	AddOrReplaceReadGroups	Processed    25,000,000 records.  Elapsed time: 00:03:46s.  Time for last 1,000,000:    9s.  Last read position: chr5:139,719,071
INFO	2024-09-27 15:05:43	AddOrReplaceReadGroups	Processed    26,000,000 records.  Elapsed time: 00:03:55s.  Time for last 1,000,000:    8s.  Last read position: chr5:171,941,217
INFO	2024-09-27 15:05:52	AddOrReplaceReadGroups	Processed    27,000,000 records.  Elapsed time: 00:04:04s.  Time for last 1,000,000:    8s.  Last read position: chr6:15,190,793
INFO	2024-09-27 15:06:00	AddOrReplaceReadGroups	Processed    28,000,000 records.  Elapsed time: 00:04:12s.  Time for last 1,000,000:    8s.  Last read position: chr6:26,026,437
INFO	2024-09-27 15:06:08	AddOrReplaceReadGroups	Processed    29,000,000 records.  Elapsed time: 00:04:20s.  Time for last 1,000,000:    7s.  Last read position: chr6:30,354,683
INFO	2024-09-27 15:06:16	AddOrReplaceReadGroups	Processed    30,000,000 records.  Elapsed time: 00:04:28s.  Time for last 1,000,000:    8s.  Last read position: chr6:35,293,404
INFO	2024-09-27 15:06:24	AddOrReplaceReadGroups	Processed    31,000,000 records.  Elapsed time: 00:04:36s.  Time for last 1,000,000:    7s.  Last read position: chr6:52,835,204
INFO	2024-09-27 15:06:31	AddOrReplaceReadGroups	Processed    32,000,000 records.  Elapsed time: 00:04:43s.  Time for last 1,000,000:    7s.  Last read position: chr6:52,835,326
INFO	2024-09-27 15:06:38	AddOrReplaceReadGroups	Processed    33,000,000 records.  Elapsed time: 00:04:50s.  Time for last 1,000,000:    7s.  Last read position: chr6:70,419,522
INFO	2024-09-27 15:06:46	AddOrReplaceReadGroups	Processed    34,000,000 records.  Elapsed time: 00:04:58s.  Time for last 1,000,000:    7s.  Last read position: chr6:74,696,132
INFO	2024-09-27 15:06:55	AddOrReplaceReadGroups	Processed    35,000,000 records.  Elapsed time: 00:05:06s.  Time for last 1,000,000:    8s.  Last read position: chr6:109,806,333
INFO	2024-09-27 15:07:04	AddOrReplaceReadGroups	Processed    36,000,000 records.  Elapsed time: 00:05:15s.  Time for last 1,000,000:    9s.  Last read position: chr6:158,143,449
INFO	2024-09-27 15:07:13	AddOrReplaceReadGroups	Processed    37,000,000 records.  Elapsed time: 00:05:24s.  Time for last 1,000,000:    9s.  Last read position: chr7:35,812,635
INFO	2024-09-27 15:07:21	AddOrReplaceReadGroups	Processed    38,000,000 records.  Elapsed time: 00:05:33s.  Time for last 1,000,000:    8s.  Last read position: chr7:76,499,633
INFO	2024-09-27 15:07:31	AddOrReplaceReadGroups	Processed    39,000,000 records.  Elapsed time: 00:05:42s.  Time for last 1,000,000:    9s.  Last read position: chr7:113,789,760
INFO	2024-09-27 15:07:39	AddOrReplaceReadGroups	Processed    40,000,000 records.  Elapsed time: 00:05:51s.  Time for last 1,000,000:    8s.  Last read position: chr7:153,495,075
INFO	2024-09-27 15:07:49	AddOrReplaceReadGroups	Processed    41,000,000 records.  Elapsed time: 00:06:00s.  Time for last 1,000,000:    9s.  Last read position: chr8:52,249,679
INFO	2024-09-27 15:07:57	AddOrReplaceReadGroups	Processed    42,000,000 records.  Elapsed time: 00:06:09s.  Time for last 1,000,000:    8s.  Last read position: chr8:101,845,170
INFO	2024-09-27 15:08:06	AddOrReplaceReadGroups	Processed    43,000,000 records.  Elapsed time: 00:06:18s.  Time for last 1,000,000:    9s.  Last read position: chr9:15,812,930
INFO	2024-09-27 15:08:14	AddOrReplaceReadGroups	Processed    44,000,000 records.  Elapsed time: 00:06:26s.  Time for last 1,000,000:    7s.  Last read position: chr9:35,678,429
INFO	2024-09-27 15:08:22	AddOrReplaceReadGroups	Processed    45,000,000 records.  Elapsed time: 00:06:34s.  Time for last 1,000,000:    7s.  Last read position: chr9:89,880,160
INFO	2024-09-27 15:08:31	AddOrReplaceReadGroups	Processed    46,000,000 records.  Elapsed time: 00:06:43s.  Time for last 1,000,000:    9s.  Last read position: chr9:137,056,194
INFO	2024-09-27 15:08:40	AddOrReplaceReadGroups	Processed    47,000,000 records.  Elapsed time: 00:06:51s.  Time for last 1,000,000:    8s.  Last read position: chr9:145,562,940
INFO	2024-09-27 15:08:48	AddOrReplaceReadGroups	Processed    48,000,000 records.  Elapsed time: 00:07:00s.  Time for last 1,000,000:    8s.  Last read position: chr10:28,576,349
INFO	2024-09-27 15:08:57	AddOrReplaceReadGroups	Processed    49,000,000 records.  Elapsed time: 00:07:09s.  Time for last 1,000,000:    9s.  Last read position: chr10:79,939,484
INFO	2024-09-27 15:09:07	AddOrReplaceReadGroups	Processed    50,000,000 records.  Elapsed time: 00:07:18s.  Time for last 1,000,000:    9s.  Last read position: chr10:123,907,057
INFO	2024-09-27 15:09:15	AddOrReplaceReadGroups	Processed    51,000,000 records.  Elapsed time: 00:07:27s.  Time for last 1,000,000:    8s.  Last read position: chr11:14,742,659
INFO	2024-09-27 15:09:24	AddOrReplaceReadGroups	Processed    52,000,000 records.  Elapsed time: 00:07:36s.  Time for last 1,000,000:    8s.  Last read position: chr11:62,556,963
INFO	2024-09-27 15:09:32	AddOrReplaceReadGroups	Processed    53,000,000 records.  Elapsed time: 00:07:44s.  Time for last 1,000,000:    8s.  Last read position: chr11:65,498,744
INFO	2024-09-27 15:09:41	AddOrReplaceReadGroups	Processed    54,000,000 records.  Elapsed time: 00:07:52s.  Time for last 1,000,000:    8s.  Last read position: chr11:93,653,561
INFO	2024-09-27 15:09:49	AddOrReplaceReadGroups	Processed    55,000,000 records.  Elapsed time: 00:08:01s.  Time for last 1,000,000:    8s.  Last read position: chr12:6,520,674
INFO	2024-09-27 15:09:58	AddOrReplaceReadGroups	Processed    56,000,000 records.  Elapsed time: 00:08:10s.  Time for last 1,000,000:    8s.  Last read position: chr12:26,778,416
INFO	2024-09-27 15:10:07	AddOrReplaceReadGroups	Processed    57,000,000 records.  Elapsed time: 00:08:18s.  Time for last 1,000,000:    8s.  Last read position: chr12:56,610,614
INFO	2024-09-27 15:10:16	AddOrReplaceReadGroups	Processed    58,000,000 records.  Elapsed time: 00:08:27s.  Time for last 1,000,000:    8s.  Last read position: chr12:103,895,706
INFO	2024-09-27 15:10:24	AddOrReplaceReadGroups	Processed    59,000,000 records.  Elapsed time: 00:08:36s.  Time for last 1,000,000:    8s.  Last read position: chr12:120,186,019
INFO	2024-09-27 15:10:32	AddOrReplaceReadGroups	Processed    60,000,000 records.  Elapsed time: 00:08:44s.  Time for last 1,000,000:    7s.  Last read position: chr12:131,947,864
INFO	2024-09-27 15:10:45	AddOrReplaceReadGroups	Processed    61,000,000 records.  Elapsed time: 00:08:56s.  Time for last 1,000,000:   12s.  Last read position: chr13:9,257,385
INFO	2024-09-27 15:10:54	AddOrReplaceReadGroups	Processed    62,000,000 records.  Elapsed time: 00:09:06s.  Time for last 1,000,000:    9s.  Last read position: chr13:35,659,646
INFO	2024-09-27 15:11:04	AddOrReplaceReadGroups	Processed    63,000,000 records.  Elapsed time: 00:09:16s.  Time for last 1,000,000:    9s.  Last read position: chr13:101,822,383
INFO	2024-09-27 15:11:13	AddOrReplaceReadGroups	Processed    64,000,000 records.  Elapsed time: 00:09:25s.  Time for last 1,000,000:    9s.  Last read position: chr14:14,539,970
INFO	2024-09-27 15:11:20	AddOrReplaceReadGroups	Processed    65,000,000 records.  Elapsed time: 00:09:32s.  Time for last 1,000,000:    6s.  Last read position: chr14:14,540,125
INFO	2024-09-27 15:11:27	AddOrReplaceReadGroups	Processed    66,000,000 records.  Elapsed time: 00:09:39s.  Time for last 1,000,000:    7s.  Last read position: chr14:18,773,203
INFO	2024-09-27 15:11:35	AddOrReplaceReadGroups	Processed    67,000,000 records.  Elapsed time: 00:09:47s.  Time for last 1,000,000:    8s.  Last read position: chr14:43,784,856
INFO	2024-09-27 15:11:42	AddOrReplaceReadGroups	Processed    68,000,000 records.  Elapsed time: 00:09:54s.  Time for last 1,000,000:    6s.  Last read position: chr14:43,784,944
INFO	2024-09-27 15:11:49	AddOrReplaceReadGroups	Processed    69,000,000 records.  Elapsed time: 00:10:01s.  Time for last 1,000,000:    6s.  Last read position: chr14:43,784,970
INFO	2024-09-27 15:11:56	AddOrReplaceReadGroups	Processed    70,000,000 records.  Elapsed time: 00:10:08s.  Time for last 1,000,000:    7s.  Last read position: chr14:44,067,799
INFO	2024-09-27 15:12:03	AddOrReplaceReadGroups	Processed    71,000,000 records.  Elapsed time: 00:10:15s.  Time for last 1,000,000:    7s.  Last read position: chr14:44,067,855
INFO	2024-09-27 15:12:10	AddOrReplaceReadGroups	Processed    72,000,000 records.  Elapsed time: 00:10:22s.  Time for last 1,000,000:    6s.  Last read position: chr14:44,067,900
INFO	2024-09-27 15:12:18	AddOrReplaceReadGroups	Processed    73,000,000 records.  Elapsed time: 00:10:30s.  Time for last 1,000,000:    8s.  Last read position: chr14:54,460,901
INFO	2024-09-27 15:12:27	AddOrReplaceReadGroups	Processed    74,000,000 records.  Elapsed time: 00:10:39s.  Time for last 1,000,000:    9s.  Last read position: chr14:97,950,562
INFO	2024-09-27 15:12:41	AddOrReplaceReadGroups	Processed    75,000,000 records.  Elapsed time: 00:10:52s.  Time for last 1,000,000:   13s.  Last read position: chr15:4,576,168
INFO	2024-09-27 15:12:51	AddOrReplaceReadGroups	Processed    76,000,000 records.  Elapsed time: 00:11:03s.  Time for last 1,000,000:   10s.  Last read position: chr15:42,325,310
INFO	2024-09-27 15:13:00	AddOrReplaceReadGroups	Processed    77,000,000 records.  Elapsed time: 00:11:11s.  Time for last 1,000,000:    8s.  Last read position: chr15:67,275,099
INFO	2024-09-27 15:13:09	AddOrReplaceReadGroups	Processed    78,000,000 records.  Elapsed time: 00:11:20s.  Time for last 1,000,000:    8s.  Last read position: chr15:97,049,290
INFO	2024-09-27 15:13:16	AddOrReplaceReadGroups	Processed    79,000,000 records.  Elapsed time: 00:11:28s.  Time for last 1,000,000:    7s.  Last read position: chr16:11,873,446
INFO	2024-09-27 15:13:25	AddOrReplaceReadGroups	Processed    80,000,000 records.  Elapsed time: 00:11:37s.  Time for last 1,000,000:    8s.  Last read position: chr16:22,774,412
INFO	2024-09-27 15:13:34	AddOrReplaceReadGroups	Processed    81,000,000 records.  Elapsed time: 00:11:45s.  Time for last 1,000,000:    8s.  Last read position: chr16:63,254,881
INFO	2024-09-27 15:13:42	AddOrReplaceReadGroups	Processed    82,000,000 records.  Elapsed time: 00:11:54s.  Time for last 1,000,000:    8s.  Last read position: chr17:45,800
INFO	2024-09-27 15:13:51	AddOrReplaceReadGroups	Processed    83,000,000 records.  Elapsed time: 00:12:02s.  Time for last 1,000,000:    8s.  Last read position: chr17:19,009,833
INFO	2024-09-27 15:13:59	AddOrReplaceReadGroups	Processed    84,000,000 records.  Elapsed time: 00:12:10s.  Time for last 1,000,000:    8s.  Last read position: chr17:20,991,617
INFO	2024-09-27 15:14:07	AddOrReplaceReadGroups	Processed    85,000,000 records.  Elapsed time: 00:12:19s.  Time for last 1,000,000:    8s.  Last read position: chr17:43,984,320
INFO	2024-09-27 15:14:16	AddOrReplaceReadGroups	Processed    86,000,000 records.  Elapsed time: 00:12:27s.  Time for last 1,000,000:    8s.  Last read position: chr17:59,525,539
INFO	2024-09-27 15:14:24	AddOrReplaceReadGroups	Processed    87,000,000 records.  Elapsed time: 00:12:36s.  Time for last 1,000,000:    8s.  Last read position: chr17:77,632,625
INFO	2024-09-27 15:14:33	AddOrReplaceReadGroups	Processed    88,000,000 records.  Elapsed time: 00:12:45s.  Time for last 1,000,000:    8s.  Last read position: chr18:35,773,053
INFO	2024-09-27 15:14:41	AddOrReplaceReadGroups	Processed    89,000,000 records.  Elapsed time: 00:12:53s.  Time for last 1,000,000:    8s.  Last read position: chr19:2,245,056
INFO	2024-09-27 15:14:50	AddOrReplaceReadGroups	Processed    90,000,000 records.  Elapsed time: 00:13:01s.  Time for last 1,000,000:    8s.  Last read position: chr19:13,066,597
INFO	2024-09-27 15:14:58	AddOrReplaceReadGroups	Processed    91,000,000 records.  Elapsed time: 00:13:10s.  Time for last 1,000,000:    8s.  Last read position: chr19:40,941,689
INFO	2024-09-27 15:15:06	AddOrReplaceReadGroups	Processed    92,000,000 records.  Elapsed time: 00:13:18s.  Time for last 1,000,000:    7s.  Last read position: chr19:52,490,240
INFO	2024-09-27 15:15:14	AddOrReplaceReadGroups	Processed    93,000,000 records.  Elapsed time: 00:13:26s.  Time for last 1,000,000:    8s.  Last read position: chr20:4,907,619
INFO	2024-09-27 15:15:23	AddOrReplaceReadGroups	Processed    94,000,000 records.  Elapsed time: 00:13:35s.  Time for last 1,000,000:    8s.  Last read position: chr20:51,048,616
INFO	2024-09-27 15:15:34	AddOrReplaceReadGroups	Processed    95,000,000 records.  Elapsed time: 00:13:45s.  Time for last 1,000,000:   10s.  Last read position: chr21:5,568,119
INFO	2024-09-27 15:15:43	AddOrReplaceReadGroups	Processed    96,000,000 records.  Elapsed time: 00:13:55s.  Time for last 1,000,000:    9s.  Last read position: chr22:5,540,605
INFO	2024-09-27 15:15:52	AddOrReplaceReadGroups	Processed    97,000,000 records.  Elapsed time: 00:14:04s.  Time for last 1,000,000:    9s.  Last read position: chr22:38,266,882
INFO	2024-09-27 15:16:00	AddOrReplaceReadGroups	Processed    98,000,000 records.  Elapsed time: 00:14:12s.  Time for last 1,000,000:    8s.  Last read position: chrX:1,230,967
INFO	2024-09-27 15:16:09	AddOrReplaceReadGroups	Processed    99,000,000 records.  Elapsed time: 00:14:21s.  Time for last 1,000,000:    8s.  Last read position: chrX:55,211,881
INFO	2024-09-27 15:16:18	AddOrReplaceReadGroups	Processed   100,000,000 records.  Elapsed time: 00:14:29s.  Time for last 1,000,000:    8s.  Last read position: chrX:130,376,298
INFO	2024-09-27 15:16:26	AddOrReplaceReadGroups	Processed   101,000,000 records.  Elapsed time: 00:14:38s.  Time for last 1,000,000:    8s.  Last read position: chrM:2,271
[Fri Sep 27 15:16:30 CEST 2024] picard.sam.AddOrReplaceReadGroups done. Elapsed time: 14.70 minutes.
Runtime.totalMemory()=538968064
