May 06, 2024 4:58:42 PM com.intel.gkl.NativeLibraryLoader load
INFO: Loading libgkl_compression.so from jar:file:/lustre1/project/stg_00096/home/rdewin/system/miniconda/envs/WGS/share/picard-3.1.1-0/picard.jar!/com/intel/gkl/native/libgkl_compression.so
[Mon May 06 16:58:43 CEST 2024] LiftoverVcf --INPUT results/mutect2/P019/P019_pass_variants.vcf --OUTPUT results/mutect2/P019/P019_pass_variants_lifted.vcf --CHAIN resources/liftover/chm13v2-to-grch38.chain --REJECT results/mutect2/P019/P019_pass_variants_unlifted.vcf --LIFTOVER_MIN_MATCH 0.95 --REFERENCE_SEQUENCE resources/GRCh38/GRCh38.fasta --WARN_ON_MISSING_CONTIG false --LOG_FAILED_INTERVALS true --WRITE_ORIGINAL_POSITION false --WRITE_ORIGINAL_ALLELES false --ALLOW_MISSING_FIELDS_IN_HEADER false --RECOVER_SWAPPED_REF_ALT false --TAGS_TO_REVERSE AF --TAGS_TO_DROP MAX_AF --DISABLE_SORT false --VERBOSITY INFO --QUIET false --VALIDATION_STRINGENCY STRICT --COMPRESSION_LEVEL 5 --MAX_RECORDS_IN_RAM 500000 --CREATE_INDEX false --CREATE_MD5_FILE false --help false --version false --showHidden false --USE_JDK_DEFLATER false --USE_JDK_INFLATER false
[Mon May 06 16:58:43 CEST 2024] Executing as vsc35407@g28l17 on Linux 4.18.0-513.24.1.el8_9.x86_64 amd64; OpenJDK 64-Bit Server VM 17.0.10-internal+0-adhoc..src; Deflater: Intel; Inflater: Intel; Provider GCS is available; Picard version: Version:3.1.1
INFO	2024-05-06 16:58:43	LiftoverVcf	Loading up the target reference genome.
INFO	2024-05-06 16:58:55	LiftoverVcf	Lifting variants over and sorting (not yet writing the output file.)
INFO	2024-05-06 16:58:55	LiftOver	Interval chr1:34109101-34109117 failed to match chain 0 because intersection length 11 < minMatchSize 16.15 (0.64705884 < 0.95)
INFO	2024-05-06 16:58:55	LiftOver	Interval chr1:61005248-61005268 failed to match chain 0 because intersection length 3 < minMatchSize 19.95 (0.14285715 < 0.95)
INFO	2024-05-06 16:58:55	LiftOver	Interval chr1:165601446-165601464 failed to match chain 0 because intersection length 17 < minMatchSize 18.05 (0.8947368 < 0.95)
INFO	2024-05-06 16:58:55	LiftOver	Interval chr1:207433417-207433428 failed to match chain 0 because intersection length 2 < minMatchSize 11.399999999999999 (0.16666667 < 0.95)
INFO	2024-05-06 16:58:55	LiftOver	Interval chr2:15727291-15727299 failed to match chain 0 because intersection length 3 < minMatchSize 8.549999999999999 (0.33333334 < 0.95)
INFO	2024-05-06 16:58:55	LiftOver	Interval chr2:197789696-197789702 failed to match chain 0 because intersection length 3 < minMatchSize 6.6499999999999995 (0.42857143 < 0.95)
INFO	2024-05-06 16:58:55	LiftOver	Interval chr3:124731638-124731671 failed to match chain 0 because intersection length 4 < minMatchSize 32.3 (0.11764706 < 0.95)
INFO	2024-05-06 16:58:56	LiftOver	Interval chr4:56765599-56765601 failed to match chain 0 because intersection length 2 < minMatchSize 2.8499999999999996 (0.6666667 < 0.95)
INFO	2024-05-06 16:58:56	LiftOver	Interval chr4:181443318-181443366 failed to match chain 0 because intersection length 1 < minMatchSize 46.55 (0.020408163 < 0.95)
INFO	2024-05-06 16:58:56	LiftOver	Interval chr6:20785272-20785286 failed to match chain 0 because intersection length 11 < minMatchSize 14.25 (0.73333335 < 0.95)
INFO	2024-05-06 16:58:56	LiftOver	Interval chr6:94070582-94070590 failed to match chain 0 because intersection length 3 < minMatchSize 8.549999999999999 (0.33333334 < 0.95)
INFO	2024-05-06 16:58:56	LiftOver	Interval chr6:131243754-131243768 failed to match chain 0 because intersection length 3 < minMatchSize 14.25 (0.2 < 0.95)
INFO	2024-05-06 16:58:56	LiftOver	Interval chr6:167126002-167126019 failed to match chain 0 because intersection length 8 < minMatchSize 17.099999999999998 (0.44444445 < 0.95)
INFO	2024-05-06 16:58:56	LiftOver	Interval chr6:168769343-168769357 failed to match chain 0 because intersection length 11 < minMatchSize 14.25 (0.73333335 < 0.95)
INFO	2024-05-06 16:58:56	LiftOver	Interval chr6:170220536-170220590 failed to match chain 0 because intersection length 17 < minMatchSize 52.25 (0.3090909 < 0.95)
INFO	2024-05-06 16:58:56	LiftOver	Interval chr7:15564863-15564879 failed to match chain 0 because intersection length 3 < minMatchSize 16.15 (0.1764706 < 0.95)
INFO	2024-05-06 16:58:56	LiftOver	Interval chr7:97992157-97992207 failed to match chain 0 because intersection length 29 < minMatchSize 48.449999999999996 (0.5686275 < 0.95)
INFO	2024-05-06 16:58:56	LiftOver	Interval chr7:139815234-139815240 failed to match chain 0 because intersection length 4 < minMatchSize 6.6499999999999995 (0.5714286 < 0.95)
INFO	2024-05-06 16:58:56	LiftOver	Interval chr8:17387112-17387128 failed to match chain 0 because intersection length 9 < minMatchSize 16.15 (0.5294118 < 0.95)
INFO	2024-05-06 16:58:56	LiftOver	Interval chr8:37764912-37764926 failed to match chain 0 because intersection length 2 < minMatchSize 14.25 (0.13333334 < 0.95)
INFO	2024-05-06 16:58:56	LiftOver	Interval chr9:16496974-16496980 failed to match chain 0 because intersection length 3 < minMatchSize 6.6499999999999995 (0.42857143 < 0.95)
INFO	2024-05-06 16:58:56	LiftOver	Interval chr9:40230172-40230173 failed to match chain 0 because intersection length 1 < minMatchSize 1.9 (0.5 < 0.95)
INFO	2024-05-06 16:58:56	LiftOver	Interval chr9:132146454-132146462 failed to match chain 0 because intersection length 1 < minMatchSize 8.549999999999999 (0.11111111 < 0.95)
INFO	2024-05-06 16:58:56	LiftOver	Interval chr11:4006918-4006938 failed to match chain 0 because intersection length 11 < minMatchSize 19.95 (0.52380955 < 0.95)
INFO	2024-05-06 16:58:56	LiftOver	Interval chr11:55977980-55978018 failed to match chain 0 because intersection length 7 < minMatchSize 37.05 (0.17948718 < 0.95)
INFO	2024-05-06 16:58:56	LiftOver	Interval chr11:111191383-111191431 failed to match chain 0 because intersection length 16 < minMatchSize 46.55 (0.3265306 < 0.95)
INFO	2024-05-06 16:58:56	LiftOver	Interval chr12:66381079-66381099 failed to match chain 0 because intersection length 16 < minMatchSize 19.95 (0.7619048 < 0.95)
INFO	2024-05-06 16:58:56	LiftOver	Interval chr14:18448528-18448540 failed to match chain 0 because intersection length 3 < minMatchSize 12.35 (0.23076923 < 0.95)
INFO	2024-05-06 16:58:56	LiftOver	Interval chr15:82680817-82680850 failed to match chain 0 because intersection length 30 < minMatchSize 32.3 (0.88235295 < 0.95)
INFO	2024-05-06 16:58:56	LiftOver	Interval chr17:71473839-71473845 failed to match chain 0 because intersection length 4 < minMatchSize 6.6499999999999995 (0.5714286 < 0.95)
INFO	2024-05-06 16:58:56	LiftOver	Interval chr18:37119551-37119567 failed to match chain 0 because intersection length 13 < minMatchSize 16.15 (0.7647059 < 0.95)
INFO	2024-05-06 16:58:56	LiftOver	Interval chr19:14464868-14464879 failed to match chain 0 because intersection length 1 < minMatchSize 11.399999999999999 (0.083333336 < 0.95)
INFO	2024-05-06 16:58:56	LiftOver	Interval chr20:58640918-58640919 failed to match chain 0 because intersection length 1 < minMatchSize 1.9 (0.5 < 0.95)
INFO	2024-05-06 16:58:56	LiftOver	Interval chr21:29777781-29777785 failed to match chain 0 because intersection length 3 < minMatchSize 4.75 (0.6 < 0.95)
INFO	2024-05-06 16:58:56	LiftOver	Interval chrX:90397158-90397179 failed to match chain 0 because intersection length 3 < minMatchSize 20.9 (0.13636364 < 0.95)
INFO	2024-05-06 16:58:56	LiftOver	Interval chrX:111656130-111656132 failed to match chain 0 because intersection length 2 < minMatchSize 2.8499999999999996 (0.6666667 < 0.95)
INFO	2024-05-06 16:58:56	LiftoverVcf	Processed 4286 variants.
INFO	2024-05-06 16:58:56	LiftoverVcf	807 variants failed to liftover.
INFO	2024-05-06 16:58:56	LiftoverVcf	97 variants lifted over but had mismatching reference alleles after lift over.
INFO	2024-05-06 16:58:56	LiftoverVcf	21.0919% of variants were not successfully lifted over and written to the output.
INFO	2024-05-06 16:58:56	LiftoverVcf	liftover success by source contig:
INFO	2024-05-06 16:58:56	LiftoverVcf	chr1: 227 / 320 (70.9375%)
INFO	2024-05-06 16:58:56	LiftoverVcf	chr10: 134 / 173 (77.4566%)
INFO	2024-05-06 16:58:56	LiftoverVcf	chr11: 150 / 178 (84.2697%)
INFO	2024-05-06 16:58:56	LiftoverVcf	chr12: 122 / 138 (88.4058%)
INFO	2024-05-06 16:58:56	LiftoverVcf	chr13: 116 / 145 (80.0000%)
INFO	2024-05-06 16:58:56	LiftoverVcf	chr14: 80 / 124 (64.5161%)
INFO	2024-05-06 16:58:56	LiftoverVcf	chr15: 90 / 145 (62.0690%)
INFO	2024-05-06 16:58:56	LiftoverVcf	chr16: 110 / 131 (83.9695%)
INFO	2024-05-06 16:58:56	LiftoverVcf	chr17: 75 / 101 (74.2574%)
INFO	2024-05-06 16:58:56	LiftoverVcf	chr18: 96 / 104 (92.3077%)
INFO	2024-05-06 16:58:56	LiftoverVcf	chr19: 82 / 106 (77.3585%)
INFO	2024-05-06 16:58:56	LiftoverVcf	chr2: 273 / 294 (92.8571%)
INFO	2024-05-06 16:58:56	LiftoverVcf	chr20: 81 / 98 (82.6531%)
INFO	2024-05-06 16:58:56	LiftoverVcf	chr21: 52 / 103 (50.4854%)
INFO	2024-05-06 16:58:56	LiftoverVcf	chr22: 55 / 103 (53.3981%)
INFO	2024-05-06 16:58:56	LiftoverVcf	chr3: 214 / 247 (86.6397%)
INFO	2024-05-06 16:58:56	LiftoverVcf	chr4: 269 / 292 (92.1233%)
INFO	2024-05-06 16:58:56	LiftoverVcf	chr5: 161 / 175 (92.0000%)
INFO	2024-05-06 16:58:56	LiftoverVcf	chr6: 181 / 198 (91.4141%)
INFO	2024-05-06 16:58:56	LiftoverVcf	chr7: 226 / 239 (94.5607%)
INFO	2024-05-06 16:58:56	LiftoverVcf	chr8: 198 / 207 (95.6522%)
INFO	2024-05-06 16:58:56	LiftoverVcf	chr9: 145 / 408 (35.5392%)
INFO	2024-05-06 16:58:56	LiftoverVcf	chrM: 0 / 4 (0.0000%)
INFO	2024-05-06 16:58:56	LiftoverVcf	chrX: 245 / 253 (96.8379%)
INFO	2024-05-06 16:58:56	LiftoverVcf	lifted variants by target contig:
INFO	2024-05-06 16:58:56	LiftoverVcf	chr1: 227
INFO	2024-05-06 16:58:56	LiftoverVcf	chr10: 134
INFO	2024-05-06 16:58:56	LiftoverVcf	chr11: 150
INFO	2024-05-06 16:58:56	LiftoverVcf	chr12: 122
INFO	2024-05-06 16:58:56	LiftoverVcf	chr13: 116
INFO	2024-05-06 16:58:56	LiftoverVcf	chr14: 80
INFO	2024-05-06 16:58:56	LiftoverVcf	chr15: 90
INFO	2024-05-06 16:58:56	LiftoverVcf	chr16: 110
INFO	2024-05-06 16:58:56	LiftoverVcf	chr17: 75
INFO	2024-05-06 16:58:56	LiftoverVcf	chr18: 96
INFO	2024-05-06 16:58:56	LiftoverVcf	chr19: 82
INFO	2024-05-06 16:58:56	LiftoverVcf	chr2: 273
INFO	2024-05-06 16:58:56	LiftoverVcf	chr20: 81
INFO	2024-05-06 16:58:56	LiftoverVcf	chr21: 52
INFO	2024-05-06 16:58:56	LiftoverVcf	chr22: 55
INFO	2024-05-06 16:58:56	LiftoverVcf	chr3: 214
INFO	2024-05-06 16:58:56	LiftoverVcf	chr4: 269
INFO	2024-05-06 16:58:56	LiftoverVcf	chr5: 161
INFO	2024-05-06 16:58:56	LiftoverVcf	chr6: 181
INFO	2024-05-06 16:58:56	LiftoverVcf	chr7: 226
INFO	2024-05-06 16:58:56	LiftoverVcf	chr8: 198
INFO	2024-05-06 16:58:56	LiftoverVcf	chr9: 145
INFO	2024-05-06 16:58:56	LiftoverVcf	chrX: 245
WARNING	2024-05-06 16:58:56	LiftoverVcf	50 variants with a swapped REF/ALT were identified, but were not recovered.  See RECOVER_SWAPPED_REF_ALT and associated caveats.
INFO	2024-05-06 16:58:56	LiftoverVcf	Writing out sorted records to final VCF.
[Mon May 06 16:58:57 CEST 2024] picard.vcf.LiftoverVcf done. Elapsed time: 0.24 minutes.
Runtime.totalMemory()=4294967296
