Using GATK jar /lustre1/project/stg_00096/home/rdewin/system/miniconda/envs/WGS/share/gatk4-4.5.0.0-0/gatk-package-4.5.0.0-local.jar
Running:
    java -Dsamjdk.use_async_io_read_samtools=false -Dsamjdk.use_async_io_write_samtools=true -Dsamjdk.use_async_io_write_tribble=false -Dsamjdk.compression_level=2 -jar /lustre1/project/stg_00096/home/rdewin/system/miniconda/envs/WGS/share/gatk4-4.5.0.0-0/gatk-package-4.5.0.0-local.jar GetPileupSummaries -I results/recal/P019/P019_dna_tumor_recal.bam -L resources/whole_genome.intervals -V resources/gnomad_chr.vcf.gz -O results/mutect2/P019/P019_tumor_pileup_summaries.table
13:39:27.478 INFO  NativeLibraryLoader - Loading libgkl_compression.so from jar:file:/lustre1/project/stg_00096/home/rdewin/system/miniconda/envs/WGS/share/gatk4-4.5.0.0-0/gatk-package-4.5.0.0-local.jar!/com/intel/gkl/native/libgkl_compression.so
13:39:27.597 INFO  GetPileupSummaries - ------------------------------------------------------------
13:39:27.599 INFO  GetPileupSummaries - The Genome Analysis Toolkit (GATK) v4.5.0.0
13:39:27.599 INFO  GetPileupSummaries - For support and documentation go to https://software.broadinstitute.org/gatk/
13:39:27.600 INFO  GetPileupSummaries - Executing as vsc35407@i28l15 on Linux v4.18.0-513.24.1.el8_9.x86_64 amd64
13:39:27.600 INFO  GetPileupSummaries - Java runtime: OpenJDK 64-Bit Server VM v17.0.10-internal+0-adhoc..src
13:39:27.600 INFO  GetPileupSummaries - Start Date/Time: June 25, 2024 at 1:39:27 PM CEST
13:39:27.600 INFO  GetPileupSummaries - ------------------------------------------------------------
13:39:27.600 INFO  GetPileupSummaries - ------------------------------------------------------------
13:39:27.602 INFO  GetPileupSummaries - HTSJDK Version: 4.1.0
13:39:27.602 INFO  GetPileupSummaries - Picard Version: 3.1.1
13:39:27.602 INFO  GetPileupSummaries - Built for Spark Version: 3.5.0
13:39:27.602 INFO  GetPileupSummaries - HTSJDK Defaults.COMPRESSION_LEVEL : 2
13:39:27.602 INFO  GetPileupSummaries - HTSJDK Defaults.USE_ASYNC_IO_READ_FOR_SAMTOOLS : false
13:39:27.602 INFO  GetPileupSummaries - HTSJDK Defaults.USE_ASYNC_IO_WRITE_FOR_SAMTOOLS : true
13:39:27.603 INFO  GetPileupSummaries - HTSJDK Defaults.USE_ASYNC_IO_WRITE_FOR_TRIBBLE : false
13:39:27.603 INFO  GetPileupSummaries - Deflater: IntelDeflater
13:39:27.603 INFO  GetPileupSummaries - Inflater: IntelInflater
13:39:27.604 INFO  GetPileupSummaries - GCS max retries/reopens: 20
13:39:27.604 INFO  GetPileupSummaries - Requester pays: disabled
13:39:27.605 INFO  GetPileupSummaries - Initializing engine
13:39:27.743 INFO  FeatureManager - Using codec VCFCodec to read file file:///lustre1/project/stg_00096/home/rdewin/WGS/resources/gnomad_chr.vcf.gz
13:39:27.828 INFO  IntervalArgumentCollection - Processing 3117292070 bp from intervals
13:39:27.830 INFO  GetPileupSummaries - Done initializing engine
13:39:27.876 INFO  ProgressMeter - Starting traversal
13:39:27.876 INFO  ProgressMeter -        Current Locus  Elapsed Minutes        Loci Processed      Loci/Minute
13:39:37.881 INFO  ProgressMeter -         chr1:3417612              0.2               3301000       19802039.6
13:39:47.879 INFO  ProgressMeter -         chr1:7433276              0.3               7309000       21924807.5
13:39:57.881 INFO  ProgressMeter -        chr1:11528702              0.5              11401000       22798960.1
13:40:07.882 INFO  ProgressMeter -        chr1:15627841              0.7              15438000       23154105.7
13:40:17.881 INFO  ProgressMeter -        chr1:19849682              0.8              19474000       23366463.4
13:40:27.882 INFO  ProgressMeter -        chr1:23991102              1.0              23612000       23610032.5
13:40:37.882 INFO  ProgressMeter -        chr1:28170215              1.2              27775000       23805102.4
13:40:47.884 INFO  ProgressMeter -        chr1:32250114              1.3              31851000       23886160.0
13:40:57.884 INFO  ProgressMeter -        chr1:36390655              1.5              35989000       23990534.2
13:41:07.885 INFO  ProgressMeter -        chr1:40485435              1.7              40080000       24045835.9
13:41:17.886 INFO  ProgressMeter -        chr1:44540636              1.8              44134000       24070902.6
13:41:27.886 INFO  ProgressMeter -        chr1:48625955              2.0              48211000       24103491.4
13:41:37.886 INFO  ProgressMeter -        chr1:52827025              2.2              52410000       24187370.2
13:41:47.887 INFO  ProgressMeter -        chr1:56871783              2.3              56452000       24191813.5
13:41:57.887 INFO  ProgressMeter -        chr1:61005129              2.5              60583000       24231423.0
13:42:07.887 INFO  ProgressMeter -        chr1:65222881              2.7              64799000       24297954.5
13:42:17.887 INFO  ProgressMeter -        chr1:69393465              2.8              68966000       24339366.3
13:42:27.888 INFO  ProgressMeter -        chr1:73638021              3.0              73207000       24400706.6
13:42:37.888 INFO  ProgressMeter -        chr1:77811348              3.2              77375000       24432667.4
13:42:47.888 INFO  ProgressMeter -        chr1:82029706              3.3              81589000       24475231.5
13:42:57.889 INFO  ProgressMeter -        chr1:86224333              3.5              85775000       24505625.8
13:43:07.890 INFO  ProgressMeter -        chr1:90375876              3.7              89922000       24522621.3
13:43:17.891 INFO  ProgressMeter -        chr1:94576143              3.8              94119000       24551181.4
13:43:27.891 INFO  ProgressMeter -        chr1:98751392              4.0              98293000       24571714.3
13:43:37.893 INFO  ProgressMeter -       chr1:102955262              4.2             102493000       24596745.8
13:43:47.894 INFO  ProgressMeter -       chr1:107486426              4.3             106687000       24618467.3
13:43:57.894 INFO  ProgressMeter -       chr1:111643256              4.5             110735000       24606228.5
13:44:07.894 INFO  ProgressMeter -       chr1:115780978              4.7             114868000       24613077.1
13:44:17.894 INFO  ProgressMeter -       chr1:119838468              4.8             118921000       24602817.8
13:44:31.912 INFO  ProgressMeter -       chr1:127024725              5.1             123026000       24278572.3
13:44:46.488 INFO  ProgressMeter -       chr1:128027889              5.3             123766000       23307293.2
13:44:58.804 INFO  ProgressMeter -       chr1:135596701              5.5             126743000       22979560.5
13:45:09.288 INFO  ProgressMeter -       chr1:136114035              5.7             126911000       22303434.0
13:45:19.289 INFO  ProgressMeter -       chr1:137443149              5.9             127453000       21761232.5
13:45:29.291 INFO  ProgressMeter -       chr1:145163024              6.0             131483000       21828097.4
13:45:39.290 INFO  ProgressMeter -       chr1:150189278              6.2             135934000       21959430.7
13:45:49.291 INFO  ProgressMeter -       chr1:154345736              6.4             140047000       22030649.0
13:45:59.291 INFO  ProgressMeter -       chr1:158464167              6.5             144160000       22098284.4
13:46:09.292 INFO  ProgressMeter -       chr1:162803843              6.7             148262000       22160850.6
13:46:19.293 INFO  ProgressMeter -       chr1:166907688              6.9             152364000       22220374.9
13:46:29.294 INFO  ProgressMeter -       chr1:171066671              7.0             156519000       22284672.9
13:46:39.293 INFO  ProgressMeter -       chr1:175220409              7.2             160670000       22345433.8
13:46:49.294 INFO  ProgressMeter -       chr1:179352145              7.4             164800000       22400536.5
13:46:59.297 INFO  ProgressMeter -       chr1:183452687              7.5             168896000       22448628.8
13:47:09.298 INFO  ProgressMeter -       chr1:187646446              7.7             173087000       22507038.0
13:47:19.297 INFO  ProgressMeter -       chr1:191954741              7.9             177392000       22577526.2
13:47:29.298 INFO  ProgressMeter -       chr1:196212080              8.0             181643000       22638309.0
13:47:39.300 INFO  ProgressMeter -       chr1:200462464              8.2             185891000       22696205.3
13:47:49.301 INFO  ProgressMeter -       chr1:204493082              8.4             189918000       22725392.6
13:47:59.301 INFO  ProgressMeter -       chr1:208580367              8.5             193988000       22758527.6
13:48:09.302 INFO  ProgressMeter -       chr1:212693594              8.7             198096000       22794764.3
13:48:19.303 INFO  ProgressMeter -       chr1:216830578              8.9             202229000       22832374.0
13:48:29.303 INFO  ProgressMeter -       chr1:220997075              9.0             206391000       22871892.2
13:48:39.304 INFO  ProgressMeter -       chr1:225134564              9.2             210527000       22907106.6
13:48:49.305 INFO  ProgressMeter -       chr1:229407249              9.4             214527000       22926532.1
13:48:59.306 INFO  ProgressMeter -       chr1:233504393              9.5             218619000       22954937.6
13:49:09.306 INFO  ProgressMeter -       chr1:237672214              9.7             222772000       22988700.3
13:49:19.306 INFO  ProgressMeter -       chr1:241845731              9.9             226942000       23023045.8
13:49:29.307 INFO  ProgressMeter -       chr1:245993727             10.0             231087000       23053716.9
13:49:39.309 INFO  ProgressMeter -         chr2:1758900             10.2             235168000       23077104.2
13:49:49.309 INFO  ProgressMeter -         chr2:5793656             10.4             239196000       23094658.8
13:49:59.309 INFO  ProgressMeter -         chr2:9838972             10.5             243237000       23112856.0
13:50:09.310 INFO  ProgressMeter -        chr2:13932248             10.7             247322000       23134637.6
13:50:19.309 INFO  ProgressMeter -        chr2:18039193             10.9             251418000       23156763.6
13:50:29.311 INFO  ProgressMeter -        chr2:22136633             11.0             255512000       23177969.1
13:50:39.313 INFO  ProgressMeter -        chr2:26258282             11.2             259632000       23200866.2
13:50:49.314 INFO  ProgressMeter -        chr2:30324016             11.4             263696000       23218194.5
13:50:59.315 INFO  ProgressMeter -        chr2:34479019             11.5             267849000       23242744.5
13:51:09.317 INFO  ProgressMeter -        chr2:38663828             11.7             272029000       23268904.0
13:51:19.318 INFO  ProgressMeter -        chr2:42855289             11.9             276217000       23294969.9
13:51:29.320 INFO  ProgressMeter -        chr2:46982056             12.0             280341000       23315022.8
13:51:39.320 INFO  ProgressMeter -        chr2:51108570             12.2             284467000       23334691.4
13:51:49.321 INFO  ProgressMeter -        chr2:55307405             12.4             288662000       23359413.0
13:51:59.323 INFO  ProgressMeter -        chr2:59501359             12.5             292848000       23382758.0
13:52:09.322 INFO  ProgressMeter -        chr2:63690577             12.7             297036000       23405678.1
13:52:19.322 INFO  ProgressMeter -        chr2:67804781             12.9             301149000       23422170.8
13:52:29.324 INFO  ProgressMeter -        chr2:71896635             13.0             305234000       23436061.6
13:52:39.325 INFO  ProgressMeter -        chr2:75972959             13.2             309296000       23447828.0
13:52:49.327 INFO  ProgressMeter -        chr2:80194102             13.4             313513000       23470904.6
13:52:59.328 INFO  ProgressMeter -        chr2:84421219             13.5             317733000       23493663.2
13:53:09.328 INFO  ProgressMeter -        chr2:88838457             13.7             321968000       23516991.9
13:53:19.328 INFO  ProgressMeter -        chr2:96148634             13.9             326284000       23545604.6
13:53:29.329 INFO  ProgressMeter -       chr2:100412782             14.0             330324000       23553856.9
13:53:39.329 INFO  ProgressMeter -       chr2:104504206             14.2             334408000       23564988.3
13:53:49.331 INFO  ProgressMeter -       chr2:108629848             14.4             338525000       23578132.3
13:53:59.333 INFO  ProgressMeter -       chr2:113153756             14.5             342790000       23601164.5
13:54:09.334 INFO  ProgressMeter -       chr2:117286180             14.7             346918000       23614402.1
13:54:19.334 INFO  ProgressMeter -       chr2:121353510             14.9             350980000       23622874.0
13:54:29.336 INFO  ProgressMeter -       chr2:125476782             15.0             355099000       23634925.6
13:54:39.337 INFO  ProgressMeter -       chr2:129534808             15.2             359152000       23642419.9
13:54:49.336 INFO  ProgressMeter -       chr2:133799506             15.4             363271000       23654049.0
13:54:59.337 INFO  ProgressMeter -       chr2:137923308             15.5             367389000       23665364.1
13:55:09.338 INFO  ProgressMeter -       chr2:142141548             15.7             371605000       23682659.2
13:55:19.338 INFO  ProgressMeter -       chr2:146351050             15.9             375809000       23698834.0
13:55:29.339 INFO  ProgressMeter -       chr2:150519191             16.0             379975000       23712300.9
13:55:39.340 INFO  ProgressMeter -       chr2:154714613             16.2             384151000       23726108.2
13:55:49.342 INFO  ProgressMeter -       chr2:158927761             16.4             388361000       23741688.5
13:55:59.344 INFO  ProgressMeter -       chr2:163073481             16.5             392498000       23752560.6
13:56:09.345 INFO  ProgressMeter -       chr2:167277741             16.7             396700000       23767109.9
13:56:19.345 INFO  ProgressMeter -       chr2:171440394             16.9             400848000       23778168.2
13:56:29.346 INFO  ProgressMeter -       chr2:175626060             17.0             405029000       23790948.3
13:56:39.347 INFO  ProgressMeter -       chr2:179819815             17.2             409218000       23803946.0
13:56:49.348 INFO  ProgressMeter -       chr2:184002593             17.4             413391000       23815772.3
13:56:59.348 INFO  ProgressMeter -       chr2:188254129             17.5             417641000       23831790.1
13:57:09.349 INFO  ProgressMeter -       chr2:192438662             17.7             421825000       23843775.4
13:57:19.348 INFO  ProgressMeter -       chr2:196740011             17.9             426121000       23861808.8
13:57:29.350 INFO  ProgressMeter -       chr2:200918310             18.0             430294000       23872662.6
13:57:39.350 INFO  ProgressMeter -       chr2:205154845             18.2             434529000       23886725.7
13:57:49.350 INFO  ProgressMeter -       chr2:209300643             18.4             438671000       23895489.1
13:57:59.352 INFO  ProgressMeter -       chr2:213523460             18.5             442890000       23908208.5
13:58:09.354 INFO  ProgressMeter -       chr2:217702821             18.7             447067000       23918475.4
13:58:19.353 INFO  ProgressMeter -       chr2:221725313             18.9             451088000       23920309.5
13:58:29.353 INFO  ProgressMeter -       chr2:225889094             19.0             455250000       23929522.9
13:58:39.356 INFO  ProgressMeter -       chr2:230056626             19.2             459413000       23938586.8
13:58:49.355 INFO  ProgressMeter -       chr2:234108152             19.4             463459000       23941491.8
13:58:59.357 INFO  ProgressMeter -       chr2:238162429             19.5             467510000       23944582.9
13:59:09.357 INFO  ProgressMeter -       chr2:242094960             19.7             471421000       23940512.0
13:59:19.357 INFO  ProgressMeter -         chr3:3592571             19.9             475592000       23949622.4
13:59:29.359 INFO  ProgressMeter -         chr3:7696287             20.0             479693000       23955065.5
13:59:39.359 INFO  ProgressMeter -        chr3:11706727             20.2             483701000       23955812.8
13:59:49.360 INFO  ProgressMeter -        chr3:15682429             20.4             487675000       23954877.8
13:59:59.362 INFO  ProgressMeter -        chr3:19794213             20.5             491781000       23960369.8
14:00:09.362 INFO  ProgressMeter -        chr3:23971469             20.7             495955000       23969098.3
14:00:19.363 INFO  ProgressMeter -        chr3:28123175             20.9             500103000       23976421.6
14:00:29.365 INFO  ProgressMeter -        chr3:32321487             21.0             504298000       23985864.3
14:00:39.365 INFO  ProgressMeter -        chr3:36508487             21.2             508479000       23994497.8
14:00:49.366 INFO  ProgressMeter -        chr3:40562854             21.4             512525000       23996675.7
14:00:59.366 INFO  ProgressMeter -        chr3:44649007             21.5             516609000       24000604.0
14:01:09.367 INFO  ProgressMeter -        chr3:48734006             21.7             520692000       24004407.3
14:01:19.368 INFO  ProgressMeter -        chr3:52726128             21.9             524681000       24003870.4
14:01:29.368 INFO  ProgressMeter -        chr3:56797524             22.0             528747000       24006837.7
14:01:39.368 INFO  ProgressMeter -        chr3:60937773             22.2             532884000       24012941.9
14:01:49.369 INFO  ProgressMeter -        chr3:65065713             22.4             537010000       24018480.9
14:01:59.370 INFO  ProgressMeter -        chr3:69201447             22.5             541143000       24024213.2
14:02:09.372 INFO  ProgressMeter -        chr3:73337518             22.7             545274000       24029790.8
14:02:19.371 INFO  ProgressMeter -        chr3:77471772             22.9             549406000       24035348.3
14:02:29.371 INFO  ProgressMeter -        chr3:81673824             23.0             553604000       24043691.8
14:02:39.371 INFO  ProgressMeter -        chr3:85985611             23.2             557909000       24056529.1
14:02:49.371 INFO  ProgressMeter -        chr3:90212938             23.4             562129000       24065544.3
14:02:59.373 INFO  ProgressMeter -        chr3:98005867             23.5             566245000       24069976.8
14:03:09.374 INFO  ProgressMeter -       chr3:102213580             23.7             570441000       24077740.5
14:03:19.374 INFO  ProgressMeter -       chr3:106387888             23.9             574606000       24084113.3
14:03:29.375 INFO  ProgressMeter -       chr3:110619654             24.0             578830000       24092836.7
14:03:39.375 INFO  ProgressMeter -       chr3:114805144             24.2             583010000       24099637.7
14:03:49.376 INFO  ProgressMeter -       chr3:118957270             24.4             587161000       24105138.6
14:03:59.378 INFO  ProgressMeter -       chr3:123118398             24.5             591320000       24110890.9
14:04:09.378 INFO  ProgressMeter -       chr3:127200897             24.7             595395000       24113163.5
14:04:19.379 INFO  ProgressMeter -       chr3:131141803             24.9             599323000       24109492.2
14:04:29.381 INFO  ProgressMeter -       chr3:135136518             25.0             603312000       24108307.4
14:04:39.382 INFO  ProgressMeter -       chr3:139132374             25.2             607307000       24107360.5
14:04:49.384 INFO  ProgressMeter -       chr3:143171080             25.4             611335000       24107727.3
14:04:59.385 INFO  ProgressMeter -       chr3:147191467             25.5             615353000       24107713.4
14:05:09.387 INFO  ProgressMeter -       chr3:151355382             25.7             619515000       24113288.8
14:05:19.388 INFO  ProgressMeter -       chr3:155454861             25.9             623611000       24116255.6
14:05:29.389 INFO  ProgressMeter -       chr3:159581642             26.0             627734000       24120221.9
14:05:39.391 INFO  ProgressMeter -       chr3:163624984             26.2             631775000       24120991.5
14:05:49.391 INFO  ProgressMeter -       chr3:167872079             26.4             636020000       24129521.4
14:05:59.392 INFO  ProgressMeter -       chr3:172022089             26.5             640168000       24134272.0
14:06:09.393 INFO  ProgressMeter -       chr3:176110990             26.7             644255000       24136693.0
14:06:19.393 INFO  ProgressMeter -       chr3:180335380             26.9             648468000       24143760.2
14:06:29.394 INFO  ProgressMeter -       chr3:184517897             27.0             652647000       24149482.2
14:06:39.396 INFO  ProgressMeter -       chr3:188609605             27.2             656731000       24151640.3
14:06:49.396 INFO  ProgressMeter -       chr3:192736501             27.4             660850000       24155051.4
14:06:59.396 INFO  ProgressMeter -       chr3:196866080             27.5             664977000       24158726.5
14:07:09.397 INFO  ProgressMeter -       chr3:200864622             27.7             668948000       24156724.0
14:07:19.397 INFO  ProgressMeter -         chr4:3813790             27.9             672861000       24152649.0
14:07:29.399 INFO  ProgressMeter -         chr4:7715083             28.0             676758000       24148037.2
14:07:39.401 INFO  ProgressMeter -        chr4:11905966             28.2             680723000       24145892.0
14:07:49.402 INFO  ProgressMeter -        chr4:16029015             28.4             684834000       24148934.5
14:07:59.402 INFO  ProgressMeter -        chr4:20121303             28.5             688920000       24151079.2
14:08:09.405 INFO  ProgressMeter -        chr4:24272518             28.7             693064000       24155192.4
14:08:19.404 INFO  ProgressMeter -        chr4:28392870             28.9             697182000       24158385.0
14:08:29.406 INFO  ProgressMeter -        chr4:32574832             29.0             701359000       24163545.8
14:08:39.406 INFO  ProgressMeter -        chr4:36766607             29.2             705546000       24169017.9
14:08:49.407 INFO  ProgressMeter -        chr4:40916427             29.4             709693000       24173051.7
14:08:59.407 INFO  ProgressMeter -        chr4:44998061             29.5             713770000       24174682.8
14:09:09.409 INFO  ProgressMeter -        chr4:49150647             29.7             717918000       24178673.2
14:09:19.409 INFO  ProgressMeter -        chr4:57647685             29.9             721863000       24175820.4
14:09:29.411 INFO  ProgressMeter -        chr4:61737173             30.0             725947000       24177628.6
14:09:39.411 INFO  ProgressMeter -        chr4:65938209             30.2             730142000       24183106.7
14:09:49.412 INFO  ProgressMeter -        chr4:70162403             30.4             734360000       24189268.9
14:09:59.412 INFO  ProgressMeter -        chr4:74260226             30.5             738451000       24191203.4
14:10:09.413 INFO  ProgressMeter -        chr4:78401945             30.7             742584000       24194498.5
14:10:19.414 INFO  ProgressMeter -        chr4:82478202             30.9             746658000       24195819.9
14:10:29.415 INFO  ProgressMeter -        chr4:86606207             31.0             750780000       24198687.2
14:10:39.415 INFO  ProgressMeter -        chr4:90731491             31.2             754898000       24201408.6
14:10:49.416 INFO  ProgressMeter -        chr4:94874751             31.4             759035000       24204706.9
14:10:59.416 INFO  ProgressMeter -        chr4:99071014             31.5             763228000       24209746.7
14:11:09.417 INFO  ProgressMeter -       chr4:103197696             31.7             767353000       24212562.3
14:11:19.418 INFO  ProgressMeter -       chr4:107315113             31.9             771467000       24215015.9
14:11:29.418 INFO  ProgressMeter -       chr4:111445333             32.0             775594000       24217862.5
14:11:39.420 INFO  ProgressMeter -       chr4:115585307             32.2             779724000       24220747.8
14:11:49.422 INFO  ProgressMeter -       chr4:119127987             32.4             783265000       24205401.3
14:11:59.422 INFO  ProgressMeter -       chr4:122124213             32.5             786256000       24173327.2
14:12:09.424 INFO  ProgressMeter -       chr4:125081936             32.7             789211000       24140454.4
14:12:19.427 INFO  ProgressMeter -       chr4:128024565             32.9             792153000       24107519.5
14:12:29.427 INFO  ProgressMeter -       chr4:130968194             33.0             795096000       24074971.6
14:12:39.426 INFO  ProgressMeter -       chr4:133902923             33.2             798026000       24042359.0
14:12:49.426 INFO  ProgressMeter -       chr4:136941533             33.4             801026000       24012170.6
14:12:59.428 INFO  ProgressMeter -       chr4:139950660             33.5             804029000       23982348.0
14:13:09.431 INFO  ProgressMeter -       chr4:142877194             33.7             806955000       23950523.2
14:13:19.433 INFO  ProgressMeter -       chr4:145816452             33.9             809894000       23919407.6
14:13:29.436 INFO  ProgressMeter -       chr4:148746043             34.0             812823000       23888291.3
14:13:39.437 INFO  ProgressMeter -       chr4:151652721             34.2             815726000       23856752.9
14:13:49.437 INFO  ProgressMeter -       chr4:154586457             34.4             818653000       23826219.0
14:13:59.436 INFO  ProgressMeter -       chr4:157450133             34.5             821515000       23794097.2
14:14:09.436 INFO  ProgressMeter -       chr4:160360218             34.7             824424000       23763638.8
14:14:19.439 INFO  ProgressMeter -       chr4:163294577             34.9             827354000       23734040.0
14:14:29.440 INFO  ProgressMeter -       chr4:166263984             35.0             830322000       23705830.5
14:14:39.442 INFO  ProgressMeter -       chr4:169211086             35.2             833268000       23677251.9
14:14:49.444 INFO  ProgressMeter -       chr4:172162177             35.4             836199000       23648518.5
14:14:59.444 INFO  ProgressMeter -       chr4:175102413             35.5             839138000       23620302.0
14:15:09.446 INFO  ProgressMeter -       chr4:178011049             35.7             842044000       23591402.6
14:15:19.447 INFO  ProgressMeter -       chr4:180947342             35.9             844977000       23563546.6
14:15:29.448 INFO  ProgressMeter -       chr4:183910749             36.0             847937000       23536676.1
14:15:39.450 INFO  ProgressMeter -       chr4:186809298             36.2             850832000       23508257.1
14:15:49.451 INFO  ProgressMeter -       chr4:189666300             36.4             853687000       23479009.4
14:15:59.467 INFO  ProgressMeter -       chr4:192589174             36.5             856595000       23451319.2
14:16:09.468 INFO  ProgressMeter -         chr5:2623417             36.7             860061000       23439247.6
14:16:19.468 INFO  ProgressMeter -         chr5:6626761             36.9             864054000       23441593.2
14:16:29.470 INFO  ProgressMeter -        chr5:10665237             37.0             868086000       23444949.9
14:16:39.472 INFO  ProgressMeter -        chr5:14716873             37.2             872134000       23448706.7
14:16:49.472 INFO  ProgressMeter -        chr5:18857157             37.4             876152000       23451647.8
14:16:59.474 INFO  ProgressMeter -        chr5:23168082             37.5             880346000       23459232.1
14:17:09.475 INFO  ProgressMeter -        chr5:27378001             37.7             884554000       23467131.0
14:17:19.477 INFO  ProgressMeter -        chr5:31575972             37.9             888747000       23474564.2
14:17:29.476 INFO  ProgressMeter -        chr5:35803448             38.0             892857000       23479759.8
14:17:39.478 INFO  ProgressMeter -        chr5:39898778             38.2             896949000       23484418.3
14:17:49.478 INFO  ProgressMeter -        chr5:44031812             38.4             901072000       23489864.9
14:17:59.478 INFO  ProgressMeter -        chr5:50680771             38.5             905580000       23505257.4
14:18:09.479 INFO  ProgressMeter -        chr5:54976883             38.7             909745000       23511642.6
14:18:19.479 INFO  ProgressMeter -        chr5:59114312             38.9             913880000       23517211.1
14:18:29.481 INFO  ProgressMeter -        chr5:63240673             39.0             917995000       23522209.6
14:18:39.481 INFO  ProgressMeter -        chr5:67378372             39.2             922124000       23527522.7
14:18:49.483 INFO  ProgressMeter -        chr5:72324555             39.4             926183000       23531012.4
14:18:59.484 INFO  ProgressMeter -        chr5:76415254             39.5             930272000       23535221.7
14:19:09.486 INFO  ProgressMeter -        chr5:80531401             39.7             934384000       23539975.1
14:19:19.487 INFO  ProgressMeter -        chr5:84654319             39.9             938503000       23544884.0
14:19:29.487 INFO  ProgressMeter -        chr5:91238052             40.0             945077000       23611076.1
14:19:39.488 INFO  ProgressMeter -        chr5:97826147             40.2             951645000       23676569.9
14:19:49.488 INFO  ProgressMeter -       chr5:104487488             40.4             958283000       23743266.9
14:19:59.488 INFO  ProgressMeter -       chr5:111073188             40.5             964858000       23807860.8
14:20:09.489 INFO  ProgressMeter -       chr5:117633399             40.7             971414000       23871448.9
14:20:19.489 INFO  ProgressMeter -       chr5:124217115             40.9             977993000       23935090.9
14:20:29.489 INFO  ProgressMeter -       chr5:130787690             41.0             984552000       23997728.3
14:20:39.490 INFO  ProgressMeter -       chr5:137229874             41.2             990987000       24056839.0
14:20:49.491 INFO  ProgressMeter -       chr5:143647999             41.4             997395000       24114820.4
14:20:59.491 INFO  ProgressMeter -       chr5:150158623             41.5            1003895000       24174561.5
14:21:09.491 INFO  ProgressMeter -       chr5:156521456             41.7            1010245000       24230227.3
14:21:19.491 INFO  ProgressMeter -       chr5:162981796             41.9            1016695000       24287838.7
14:21:29.492 INFO  ProgressMeter -       chr5:169549748             42.0            1023253000       24347553.3
14:21:39.492 INFO  ProgressMeter -       chr5:175907316             42.2            1029604000       24401899.8
14:21:49.493 INFO  ProgressMeter -          chr6:253706             42.4            1035865000       24453684.4
14:21:59.494 INFO  ProgressMeter -         chr6:4255614             42.5            1039857000       24451708.7
14:22:09.496 INFO  ProgressMeter -         chr6:8297594             42.7            1043896000       24450849.2
14:22:19.496 INFO  ProgressMeter -        chr6:12431193             42.9            1048026000       24452119.7
14:22:29.497 INFO  ProgressMeter -        chr6:16521807             43.0            1052115000       24452436.8
14:22:39.497 INFO  ProgressMeter -        chr6:20679165             43.2            1056265000       24454154.4
14:22:49.497 INFO  ProgressMeter -        chr6:24829558             43.4            1060410000       24455752.8
14:22:59.498 INFO  ProgressMeter -        chr6:29143152             43.5            1064599000       24458340.4
14:23:09.499 INFO  ProgressMeter -        chr6:33207084             43.7            1068611000       24456857.5
14:23:19.501 INFO  ProgressMeter -        chr6:37242493             43.9            1072644000       24455864.5
14:23:29.501 INFO  ProgressMeter -        chr6:41239138             44.0            1076638000       24453993.3
14:23:39.503 INFO  ProgressMeter -        chr6:45217375             44.2            1080613000       24451697.0
14:23:49.504 INFO  ProgressMeter -        chr6:49350720             44.4            1084743000       24452921.3
14:23:59.505 INFO  ProgressMeter -        chr6:53429067             44.5            1088818000       24452901.2
14:24:09.506 INFO  ProgressMeter -        chr6:57565666             44.7            1092942000       24453977.6
14:24:19.507 INFO  ProgressMeter -        chr6:63858881             44.9            1096542000       24443365.4
14:24:29.508 INFO  ProgressMeter -        chr6:68040357             45.0            1100718000       24445624.0
14:24:39.509 INFO  ProgressMeter -        chr6:72239677             45.2            1104896000       24447919.2
14:24:49.508 INFO  ProgressMeter -        chr6:76406648             45.4            1109060000       24449888.9
14:24:59.509 INFO  ProgressMeter -        chr6:80566173             45.5            1113217000       24451681.5
14:25:09.509 INFO  ProgressMeter -        chr6:84750927             45.7            1117397000       24453973.2
14:25:19.510 INFO  ProgressMeter -        chr6:88847073             45.9            1121493000       24454416.7
14:25:29.509 INFO  ProgressMeter -        chr6:92958698             46.0            1125603000       24455161.1
14:25:39.509 INFO  ProgressMeter -        chr6:97172543             46.2            1129809000       24457978.4
14:25:49.510 INFO  ProgressMeter -       chr6:101304449             46.4            1133940000       24459148.8
14:25:59.511 INFO  ProgressMeter -       chr6:105527490             46.5            1138157000       24462159.3
14:26:09.512 INFO  ProgressMeter -       chr6:109653082             46.7            1142279000       24463122.4
14:26:19.512 INFO  ProgressMeter -       chr6:113755965             46.9            1146380000       24463621.9
14:26:29.514 INFO  ProgressMeter -       chr6:117883212             47.0            1150504000       24464598.2
14:26:39.514 INFO  ProgressMeter -       chr6:122008832             47.2            1154628000       24465584.9
14:26:49.515 INFO  ProgressMeter -       chr6:126169731             47.4            1158787000       24467295.1
14:26:59.515 INFO  ProgressMeter -       chr6:130295903             47.5            1162911000       24468265.4
14:27:09.516 INFO  ProgressMeter -       chr6:134401970             47.7            1167014000       24468780.1
14:27:19.516 INFO  ProgressMeter -       chr6:138546626             47.9            1171156000       24470114.6
14:27:29.516 INFO  ProgressMeter -       chr6:142702109             48.0            1175307000       24471627.3
14:27:39.517 INFO  ProgressMeter -       chr6:146813522             48.2            1179414000       24472208.0
14:27:49.518 INFO  ProgressMeter -       chr6:150925942             48.4            1183519000       24472743.4
14:27:59.521 INFO  ProgressMeter -       chr6:155065171             48.5            1187656000       24473926.1
14:28:09.522 INFO  ProgressMeter -       chr6:159178087             48.7            1191761000       24474443.5
14:28:19.523 INFO  ProgressMeter -       chr6:163306688             48.9            1195762000       24472837.3
14:28:29.524 INFO  ProgressMeter -       chr6:167361838             49.0            1199813000       24472261.8
14:28:39.526 INFO  ProgressMeter -       chr6:171312268             49.2            1203737000       24469100.3
14:28:49.528 INFO  ProgressMeter -         chr7:3243903             49.4            1207680000       24466345.1
14:28:59.528 INFO  ProgressMeter -         chr7:7850249             49.5            1212237000       24476022.1
14:29:09.529 INFO  ProgressMeter -        chr7:14491210             49.7            1218868000       24527361.2
14:29:19.529 INFO  ProgressMeter -        chr7:21154097             49.9            1225524000       24578866.6
14:29:29.529 INFO  ProgressMeter -        chr7:25862898             50.0            1230230000       24591050.3
14:29:39.530 INFO  ProgressMeter -        chr7:30168905             50.2            1234535000       24595156.0
14:29:49.532 INFO  ProgressMeter -        chr7:34207327             50.4            1238563000       24593726.1
14:29:59.532 INFO  ProgressMeter -        chr7:38244966             50.5            1242598000       24592460.4
14:30:09.533 INFO  ProgressMeter -        chr7:42383567             50.7            1246702000       24592564.1
14:30:19.533 INFO  ProgressMeter -        chr7:46380919             50.9            1250697000       24590524.0
14:30:29.532 INFO  ProgressMeter -        chr7:50414626             51.0            1254721000       24589065.5
14:30:39.533 INFO  ProgressMeter -        chr7:54523387             51.2            1258808000       24588847.2
14:30:49.533 INFO  ProgressMeter -        chr7:59071654             51.4            1262997000       24590616.2
14:30:59.533 INFO  ProgressMeter -        chr7:66203916             51.5            1267305000       24594675.3
14:31:09.533 INFO  ProgressMeter -        chr7:70487392             51.7            1271492000       24596375.4
14:31:19.534 INFO  ProgressMeter -        chr7:74760680             51.9            1275627000       24597054.0
14:31:29.534 INFO  ProgressMeter -        chr7:79257186             52.0            1279834000       24599120.1
14:31:39.535 INFO  ProgressMeter -        chr7:83441794             52.2            1284016000       24600686.1
14:31:49.535 INFO  ProgressMeter -        chr7:87645810             52.4            1288217000       24602612.8
14:31:59.535 INFO  ProgressMeter -        chr7:91795843             52.5            1292365000       24603518.3
14:32:09.537 INFO  ProgressMeter -        chr7:95927726             52.7            1296496000       24604079.9
14:32:19.537 INFO  ProgressMeter -       chr7:100033533             52.9            1300599000       24604123.8
14:32:29.538 INFO  ProgressMeter -       chr7:104188540             53.0            1304617000       24602556.8
14:32:39.540 INFO  ProgressMeter -       chr7:108311059             53.2            1308736000       24602898.2
14:32:49.539 INFO  ProgressMeter -       chr7:112807705             53.4            1313224000       24610160.4
14:32:59.540 INFO  ProgressMeter -       chr7:116971337             53.5            1317380000       24611167.3
14:33:09.541 INFO  ProgressMeter -       chr7:123545938             53.7            1323950000       24657126.1
14:33:19.541 INFO  ProgressMeter -       chr7:130070967             53.9            1330471000       24701898.2
14:33:29.543 INFO  ProgressMeter -       chr7:134520389             54.0            1334915000       24707935.8
14:33:39.545 INFO  ProgressMeter -       chr7:138652424             54.2            1339045000       24708142.2
14:33:49.545 INFO  ProgressMeter -       chr7:143795448             54.4            1344173000       24726721.2
14:33:59.545 INFO  ProgressMeter -       chr7:147893166             54.5            1348146000       24724004.8
14:34:09.545 INFO  ProgressMeter -       chr7:152066331             54.7            1352315000       24724888.5
14:34:19.546 INFO  ProgressMeter -       chr7:156095486             54.9            1356328000       24722915.7
14:34:29.546 INFO  ProgressMeter -       chr7:160060397             55.0            1360280000       24719853.9
14:34:39.547 INFO  ProgressMeter -         chr8:3561925             55.2            1364270000       24717491.6
14:34:49.548 INFO  ProgressMeter -         chr8:7927461             55.4            1368353000       24716823.3
14:34:59.549 INFO  ProgressMeter -        chr8:12669791             55.5            1372498000       24717275.7
14:35:09.551 INFO  ProgressMeter -        chr8:16966898             55.7            1376715000       24719010.7
14:35:19.551 INFO  ProgressMeter -        chr8:21086761             55.9            1380833000       24718977.8
14:35:29.551 INFO  ProgressMeter -        chr8:25099508             56.0            1384840000       24716964.0
14:35:39.552 INFO  ProgressMeter -        chr8:29167848             56.2            1388903000       24715951.4
14:35:49.554 INFO  ProgressMeter -        chr8:33335124             56.4            1393068000       24716754.4
14:35:59.554 INFO  ProgressMeter -        chr8:37480743             56.5            1397209000       24717128.2
14:36:09.556 INFO  ProgressMeter -        chr8:41622475             56.7            1401346000       24717422.0
14:36:19.558 INFO  ProgressMeter -        chr8:47072491             56.9            1405299000       24714478.1
14:36:29.559 INFO  ProgressMeter -        chr8:51125549             57.0            1409351000       24713294.6
14:36:39.561 INFO  ProgressMeter -        chr8:55210843             57.2            1413434000       24712652.8
14:36:49.563 INFO  ProgressMeter -        chr8:59297828             57.4            1417487000       24711499.0
14:36:59.563 INFO  ProgressMeter -        chr8:63423670             57.5            1421608000       24711533.8
14:37:09.563 INFO  ProgressMeter -        chr8:67549368             57.7            1425732000       24711627.6
14:37:19.565 INFO  ProgressMeter -        chr8:71689018             57.9            1429870000       24711955.7
14:37:29.565 INFO  ProgressMeter -        chr8:75813185             58.0            1433991000       24711988.9
14:37:39.567 INFO  ProgressMeter -        chr8:79979360             58.2            1438152000       24712702.2
14:37:49.567 INFO  ProgressMeter -        chr8:84122148             58.4            1442290000       24713031.5
14:37:59.568 INFO  ProgressMeter -        chr8:88966047             58.5            1446338000       24711814.1
14:38:09.569 INFO  ProgressMeter -        chr8:93107360             58.7            1450475000       24712120.0
14:38:19.570 INFO  ProgressMeter -        chr8:97191693             58.9            1454558000       24711506.7
14:38:29.571 INFO  ProgressMeter -       chr8:101311220             59.0            1458676000       24711489.8
14:38:39.572 INFO  ProgressMeter -       chr8:105431000             59.2            1462793000       24711456.2
14:38:49.573 INFO  ProgressMeter -       chr8:109580002             59.4            1466937000       24711877.5
14:38:59.574 INFO  ProgressMeter -       chr8:113748692             59.5            1471104000       24712682.9
14:39:09.575 INFO  ProgressMeter -       chr8:117965268             59.7            1475320000       24714304.6
14:39:19.576 INFO  ProgressMeter -       chr8:122062024             59.9            1479411000       24713829.1
14:39:29.577 INFO  ProgressMeter -       chr8:126118170             60.0            1483464000       24712723.2
14:39:39.577 INFO  ProgressMeter -       chr8:130203953             60.2            1487549000       24712161.9
14:39:49.579 INFO  ProgressMeter -       chr8:134218260             60.4            1491561000       24710380.7
14:39:59.580 INFO  ProgressMeter -       chr8:138268030             60.5            1495608000       24709194.4
14:40:09.580 INFO  ProgressMeter -       chr8:142263711             60.7            1499600000       24707115.1
14:40:19.581 INFO  ProgressMeter -       chr8:146025804             60.9            1503351000       24701080.7
14:40:29.581 INFO  ProgressMeter -         chr9:3935909             61.0            1507491000       24701460.1
14:40:39.581 INFO  ProgressMeter -         chr9:8044489             61.2            1511592000       24701200.1
14:40:49.582 INFO  ProgressMeter -        chr9:12265614             61.4            1515812000       24702874.2
14:40:59.583 INFO  ProgressMeter -        chr9:16401550             61.5            1519942000       24703076.4
14:41:09.585 INFO  ProgressMeter -        chr9:20530080             61.7            1524066000       24703173.6
14:41:19.587 INFO  ProgressMeter -        chr9:24681317             61.9            1528216000       24703690.6
14:41:29.587 INFO  ProgressMeter -        chr9:28802372             62.0            1532333000       24703686.0
14:41:39.587 INFO  ProgressMeter -        chr9:32965655             62.2            1536490000       24704324.6
14:41:49.588 INFO  ProgressMeter -        chr9:36999826             62.4            1540520000       24702916.7
14:41:59.627 INFO  ProgressMeter -        chr9:42396205             62.5            1545267000       24712983.1
14:42:09.591 INFO  ProgressMeter -        chr9:48806224             62.7            1549718000       24718268.1
14:42:19.594 INFO  ProgressMeter -        chr9:71644261             62.9            1556929000       24767424.3
14:42:29.595 INFO  ProgressMeter -        chr9:78589032             63.0            1562384000       24788473.2
14:42:39.597 INFO  ProgressMeter -        chr9:83193508             63.2            1566731000       24791871.6
14:42:49.597 INFO  ProgressMeter -        chr9:87370376             63.4            1570903000       24792503.2
14:42:59.598 INFO  ProgressMeter -        chr9:91454113             63.5            1574983000       24791676.8
14:43:09.598 INFO  ProgressMeter -        chr9:95617243             63.7            1579126000       24791850.4
14:43:19.599 INFO  ProgressMeter -        chr9:99740629             63.9            1583248000       24791687.7
14:43:29.600 INFO  ProgressMeter -       chr9:103790220             64.0            1587292000       24790307.7
14:43:39.602 INFO  ProgressMeter -       chr9:107813457             64.2            1591309000       24788507.8
14:43:49.603 INFO  ProgressMeter -       chr9:111868791             64.4            1595359000       24787236.4
14:43:59.603 INFO  ProgressMeter -       chr9:116045923             64.5            1599528000       24787822.1
14:44:09.604 INFO  ProgressMeter -       chr9:120135946             64.7            1603616000       24787146.3
14:44:19.605 INFO  ProgressMeter -       chr9:124228680             64.9            1607700000       24786412.4
14:44:29.606 INFO  ProgressMeter -       chr9:128308289             65.0            1611718000       24784667.3
14:44:39.606 INFO  ProgressMeter -       chr9:132354551             65.2            1615763000       24783351.6
14:44:49.607 INFO  ProgressMeter -       chr9:136374620             65.4            1619779000       24781592.6
14:44:59.608 INFO  ProgressMeter -       chr9:140420998             65.5            1623823000       24780269.9
14:45:09.609 INFO  ProgressMeter -       chr9:144433734             65.7            1627833000       24778442.6
14:45:19.610 INFO  ProgressMeter -       chr9:148278976             65.9            1631672000       24774021.9
14:45:29.611 INFO  ProgressMeter -        chr10:1518397             66.0            1635461000       24768866.4
14:45:39.611 INFO  ProgressMeter -        chr10:5586734             66.2            1639526000       24767906.2
14:45:49.612 INFO  ProgressMeter -        chr10:9703370             66.4            1643629000       24767529.7
14:45:59.611 INFO  ProgressMeter -       chr10:13817699             66.5            1647738000       24767245.3
14:46:09.613 INFO  ProgressMeter -       chr10:17959551             66.7            1651878000       24767420.9
14:46:19.612 INFO  ProgressMeter -       chr10:22167591             66.9            1656079000       24768514.2
14:46:29.613 INFO  ProgressMeter -       chr10:26329835             67.0            1660239000       24768984.1
14:46:39.613 INFO  ProgressMeter -       chr10:30480552             67.2            1664387000       24769279.3
14:46:49.613 INFO  ProgressMeter -       chr10:34623249             67.4            1668526000       24769439.5
14:46:59.614 INFO  ProgressMeter -       chr10:38828218             67.5            1672670000       24769666.7
14:47:09.615 INFO  ProgressMeter -       chr10:44862982             67.7            1676902000       24771192.8
14:47:19.615 INFO  ProgressMeter -       chr10:49288851             67.9            1681138000       24772776.4
14:47:29.615 INFO  ProgressMeter -       chr10:53383947             68.0            1685226000       24772176.8
14:47:39.617 INFO  ProgressMeter -       chr10:57627104             68.2            1689466000       24773796.8
14:47:49.618 INFO  ProgressMeter -       chr10:61801660             68.4            1693637000       24774411.6
14:47:59.617 INFO  ProgressMeter -       chr10:65965573             68.5            1697797000       24774863.0
14:48:09.617 INFO  ProgressMeter -       chr10:70203726             68.7            1702019000       24776214.7
14:48:19.617 INFO  ProgressMeter -       chr10:74212899             68.9            1706026000       24774437.7
14:48:29.619 INFO  ProgressMeter -       chr10:78293898             69.0            1710105000       24773700.3
14:48:39.621 INFO  ProgressMeter -       chr10:82318320             69.2            1714105000       24771824.9
14:48:49.622 INFO  ProgressMeter -       chr10:86452897             69.4            1718234000       24771824.1
14:48:59.623 INFO  ProgressMeter -       chr10:90618943             69.5            1722353000       24771679.6
14:49:09.623 INFO  ProgressMeter -       chr10:94774270             69.7            1726505000       24772015.1
14:49:19.623 INFO  ProgressMeter -       chr10:98836583             69.9            1730564000       24771017.9
14:49:29.625 INFO  ProgressMeter -      chr10:102899218             70.0            1734623000       24770013.6
14:49:39.626 INFO  ProgressMeter -      chr10:106946982             70.2            1738664000       24768763.6
14:49:49.626 INFO  ProgressMeter -      chr10:111087970             70.4            1742801000       24768889.7
14:49:59.627 INFO  ProgressMeter -      chr10:115157018             70.5            1746857000       24767866.7
14:50:09.628 INFO  ProgressMeter -      chr10:119231363             70.7            1750929000       24767063.2
14:50:19.630 INFO  ProgressMeter -      chr10:123249137             70.9            1754944000       24765459.1
14:50:29.632 INFO  ProgressMeter -      chr10:127189666             71.0            1758879000       24762736.3
14:50:39.632 INFO  ProgressMeter -      chr10:131189724             71.2            1762856000       24760627.7
14:50:49.632 INFO  ProgressMeter -         chr11:524677             71.4            1766745000       24757295.8
14:50:59.632 INFO  ProgressMeter -        chr11:4421855             71.5            1770613000       24753685.9
14:51:09.633 INFO  ProgressMeter -        chr11:8533481             71.7            1774697000       24753099.7
14:51:19.633 INFO  ProgressMeter -       chr11:12624149             71.9            1778785000       24752577.7
14:51:29.634 INFO  ProgressMeter -       chr11:16713876             72.0            1782871000       24752030.3
14:51:39.634 INFO  ProgressMeter -       chr11:20769607             72.2            1786880000       24750413.1
14:51:49.635 INFO  ProgressMeter -       chr11:24972856             72.4            1791079000       24751429.1
14:51:59.635 INFO  ProgressMeter -       chr11:29118665             72.5            1795219000       24751632.6
14:52:09.637 INFO  ProgressMeter -       chr11:33276496             72.7            1799375000       24752044.0
14:52:19.639 INFO  ProgressMeter -       chr11:37330519             72.9            1803425000       24750998.6
14:52:29.640 INFO  ProgressMeter -       chr11:41533259             73.0            1807624000       24752004.0
14:52:39.641 INFO  ProgressMeter -       chr11:45598327             73.2            1811668000       24750887.2
14:52:49.643 INFO  ProgressMeter -       chr11:49684802             73.4            1815742000       24750184.4
14:52:59.643 INFO  ProgressMeter -       chr11:55794853             73.5            1820080000       24753075.1
14:53:09.645 INFO  ProgressMeter -       chr11:59868539             73.7            1824151000       24752324.2
14:53:19.647 INFO  ProgressMeter -       chr11:63960554             73.9            1828171000       24750886.3
14:53:29.648 INFO  ProgressMeter -       chr11:67908688             74.0            1832108000       24748339.2
14:53:39.649 INFO  ProgressMeter -       chr11:71855515             74.2            1836052000       24745897.9
14:53:49.650 INFO  ProgressMeter -       chr11:75887290             74.4            1840081000       24744610.6
14:53:59.651 INFO  ProgressMeter -       chr11:79925412             74.5            1844114000       24743382.7
14:54:09.651 INFO  ProgressMeter -       chr11:84072427             74.7            1848258000       24743651.8
14:54:19.652 INFO  ProgressMeter -       chr11:88217064             74.9            1852387000       24743713.8
14:54:29.654 INFO  ProgressMeter -       chr11:92577804             75.0            1856595000       24744828.5
14:54:39.654 INFO  ProgressMeter -       chr11:96766668             75.2            1860678000       24744276.0
14:54:49.655 INFO  ProgressMeter -      chr11:100961094             75.4            1864869000       24745158.9
14:54:59.655 INFO  ProgressMeter -      chr11:105118973             75.5            1869024000       24745566.8
14:55:09.656 INFO  ProgressMeter -      chr11:109301052             75.7            1873201000       24746258.1
14:55:19.656 INFO  ProgressMeter -      chr11:113401581             75.9            1877301000       24745936.8
14:55:29.658 INFO  ProgressMeter -      chr11:117430480             76.0            1881321000       24744553.8
14:55:39.659 INFO  ProgressMeter -      chr11:121416521             76.2            1885306000       24742722.9
14:55:49.660 INFO  ProgressMeter -      chr11:125500898             76.4            1889388000       24742170.3
14:55:59.662 INFO  ProgressMeter -      chr11:129567592             76.5            1893448000       24741327.2
14:56:09.662 INFO  ProgressMeter -      chr11:133582553             76.7            1897461000       24739885.8
14:56:19.663 INFO  ProgressMeter -        chr12:2516940             76.9            1901510000       24738913.6
14:56:29.663 INFO  ProgressMeter -        chr12:6539979             77.0            1905528000       24737548.5
14:56:39.663 INFO  ProgressMeter -       chr12:10645586             77.2            1909626000       24737225.6
14:56:49.664 INFO  ProgressMeter -       chr12:14745632             77.4            1913725000       24736911.7
14:56:59.665 INFO  ProgressMeter -       chr12:18910431             77.5            1917888000       24737424.7
14:57:09.665 INFO  ProgressMeter -       chr12:23131385             77.7            1922106000       24738648.6
14:57:19.665 INFO  ProgressMeter -       chr12:27302819             77.9            1926273000       24739212.3
14:57:29.666 INFO  ProgressMeter -       chr12:31326983             78.0            1930295000       24737910.1
14:57:39.667 INFO  ProgressMeter -       chr12:37337840             78.2            1934699000       24741498.5
14:57:49.667 INFO  ProgressMeter -       chr12:41522072             78.4            1938879000       24742218.4
14:57:59.668 INFO  ProgressMeter -       chr12:45664010             78.5            1943018000       24742413.2
14:58:09.668 INFO  ProgressMeter -       chr12:49696168             78.7            1947048000       24741216.9
14:58:19.670 INFO  ProgressMeter -       chr12:53687336             78.9            1951036000       24739487.8
14:58:29.671 INFO  ProgressMeter -       chr12:57675224             79.0            1955022000       24737745.9
14:58:39.673 INFO  ProgressMeter -       chr12:61757681             79.2            1959095000       24737104.7
14:58:49.675 INFO  ProgressMeter -       chr12:65850873             79.4            1963186000       24736698.2
14:58:59.675 INFO  ProgressMeter -       chr12:69907594             79.5            1967238000       24735803.0
14:59:09.675 INFO  ProgressMeter -       chr12:74038400             79.7            1971365000       24735857.8
14:59:19.677 INFO  ProgressMeter -       chr12:78176088             79.9            1975494000       24735927.1
14:59:29.677 INFO  ProgressMeter -       chr12:82320965             80.0            1979636000       24736168.8
14:59:39.678 INFO  ProgressMeter -       chr12:86571140             80.2            1983880000       24737681.4
14:59:49.679 INFO  ProgressMeter -       chr12:90766374             80.4            1988068000       24738480.6
14:59:59.679 INFO  ProgressMeter -       chr12:94942202             80.5            1992240000       24739088.1
15:00:09.680 INFO  ProgressMeter -       chr12:99100283             80.7            1996393000       24739452.5
15:00:19.681 INFO  ProgressMeter -      chr12:103243618             80.9            2000535000       24739679.4
15:00:29.683 INFO  ProgressMeter -      chr12:107323022             81.0            2004611000       24739085.7
15:00:39.684 INFO  ProgressMeter -      chr12:111390040             81.2            2008675000       24738351.8
15:00:49.686 INFO  ProgressMeter -      chr12:115470652             81.4            2012751000       24737763.2
15:00:59.687 INFO  ProgressMeter -      chr12:119577457             81.5            2016853000       24737501.1
15:01:09.688 INFO  ProgressMeter -      chr12:123725129             81.7            2020989000       24737656.2
15:01:19.689 INFO  ProgressMeter -      chr12:127733783             81.9            2024986000       24736112.7
15:01:29.690 INFO  ProgressMeter -      chr12:131764846             82.0            2028986000       24734612.1
15:01:39.690 INFO  ProgressMeter -       chr13:12252015             82.2            2033596000       24740543.7
15:01:49.690 INFO  ProgressMeter -       chr13:20528173             82.4            2037895000       24742675.5
15:01:59.690 INFO  ProgressMeter -       chr13:24619446             82.5            2041971000       24742096.5
15:02:09.690 INFO  ProgressMeter -       chr13:28742954             82.7            2046087000       24742003.6
15:02:19.690 INFO  ProgressMeter -       chr13:32846105             82.9            2050183000       24741669.7
15:02:29.691 INFO  ProgressMeter -       chr13:37022252             83.0            2054345000       24742132.1
15:02:39.690 INFO  ProgressMeter -       chr13:41189525             83.2            2058506000       24742580.6
15:02:49.692 INFO  ProgressMeter -       chr13:45331708             83.4            2062641000       24742705.4
15:02:59.693 INFO  ProgressMeter -       chr13:49481595             83.5            2066788000       24742978.4
15:03:09.695 INFO  ProgressMeter -       chr13:53605172             83.7            2070892000       24742731.7
15:03:19.697 INFO  ProgressMeter -       chr13:57883260             83.9            2075136000       24744160.2
15:03:29.697 INFO  ProgressMeter -       chr13:62090806             84.0            2079337000       24745076.2
15:03:39.698 INFO  ProgressMeter -       chr13:66386918             84.2            2083621000       24746964.6
15:03:49.698 INFO  ProgressMeter -       chr13:70629900             84.4            2087860000       24748321.8
15:03:59.699 INFO  ProgressMeter -       chr13:74828945             84.5            2092051000       24749101.1
15:04:09.700 INFO  ProgressMeter -       chr13:79016242             84.7            2096234000       24749782.8
15:04:19.702 INFO  ProgressMeter -       chr13:83309946             84.9            2100522000       24751699.0
15:04:29.702 INFO  ProgressMeter -       chr13:87598437             85.0            2104794000       24753419.7
15:04:39.702 INFO  ProgressMeter -       chr13:91799719             85.2            2108992000       24754269.8
15:04:49.703 INFO  ProgressMeter -       chr13:95959137             85.4            2113150000       24754643.2
15:04:59.704 INFO  ProgressMeter -      chr13:100048006             85.5            2117234000       24754150.0
15:05:09.704 INFO  ProgressMeter -      chr13:104185035             85.7            2121369000       24754258.6
15:05:19.704 INFO  ProgressMeter -      chr13:108302588             85.9            2125478000       24754064.0
15:05:29.704 INFO  ProgressMeter -      chr13:112256402             86.0            2129411000       24751824.4
15:05:39.705 INFO  ProgressMeter -        chr14:7138728             86.2            2134747000       24765870.0
15:05:49.705 INFO  ProgressMeter -       chr14:14086336             86.4            2139204000       24769678.8
15:05:59.707 INFO  ProgressMeter -       chr14:18123568             86.5            2143232000       24768510.4
15:06:09.707 INFO  ProgressMeter -       chr14:22176491             86.7            2147283000       24767621.2
15:06:19.707 INFO  ProgressMeter -       chr14:26316065             86.9            2151421000       24767737.1
15:06:29.708 INFO  ProgressMeter -       chr14:30461785             87.0            2155552000       24767772.1
15:06:39.707 INFO  ProgressMeter -       chr14:34619262             87.2            2159706000       24768070.7
15:06:49.707 INFO  ProgressMeter -       chr14:38865966             87.4            2163951000       24769409.8
15:06:59.708 INFO  ProgressMeter -       chr14:43070399             87.5            2168147000       24770179.2
15:07:09.709 INFO  ProgressMeter -       chr14:47198065             87.7            2172271000       24770129.5
15:07:19.708 INFO  ProgressMeter -       chr14:51304843             87.9            2176376000       24769863.7
15:07:29.709 INFO  ProgressMeter -       chr14:55461570             88.0            2180526000       24770105.4
15:07:39.711 INFO  ProgressMeter -       chr14:59609990             88.2            2184672000       24770296.1
15:07:49.713 INFO  ProgressMeter -       chr14:63691539             88.4            2188749000       24769705.3
15:07:59.713 INFO  ProgressMeter -       chr14:67776141             88.5            2192831000       24769182.5
15:08:09.715 INFO  ProgressMeter -       chr14:71809104             88.7            2196862000       24768077.4
15:08:19.716 INFO  ProgressMeter -       chr14:75866681             88.9            2200910000       24767172.3
15:08:29.717 INFO  ProgressMeter -       chr14:80091144             89.0            2205132000       24768225.0
15:08:39.717 INFO  ProgressMeter -       chr14:84192167             89.2            2209227000       24767854.7
15:08:49.717 INFO  ProgressMeter -       chr14:88200414             89.4            2213231000       24766467.3
15:08:59.717 INFO  ProgressMeter -       chr14:92208159             89.5            2217237000       24765107.5
15:09:09.717 INFO  ProgressMeter -       chr14:96195808             89.7            2221221000       24763507.5
15:09:19.719 INFO  ProgressMeter -      chr14:100053080             89.9            2225042000       24760090.4
15:09:29.719 INFO  ProgressMeter -       chr15:11163631             90.0            2229737000       24766402.9
15:09:39.719 INFO  ProgressMeter -       chr15:18828861             90.2            2233540000       24762802.6
15:09:49.720 INFO  ProgressMeter -       chr15:22965289             90.4            2237346000       24759244.3
15:09:59.721 INFO  ProgressMeter -       chr15:27179235             90.5            2241417000       24758626.2
15:10:09.721 INFO  ProgressMeter -       chr15:31629623             90.7            2245571000       24758930.1
15:10:19.721 INFO  ProgressMeter -       chr15:35811445             90.9            2249728000       24759265.9
15:10:29.721 INFO  ProgressMeter -       chr15:39865778             91.0            2253781000       24758458.0
15:10:39.723 INFO  ProgressMeter -       chr15:44066258             91.2            2257921000       24758598.0
15:10:49.723 INFO  ProgressMeter -       chr15:48198515             91.4            2262051000       24758637.0
15:10:59.724 INFO  ProgressMeter -       chr15:52338687             91.5            2266190000       24758774.2
15:11:09.724 INFO  ProgressMeter -       chr15:56491234             91.7            2270340000       24759026.4
15:11:19.725 INFO  ProgressMeter -       chr15:60578858             91.9            2274425000       24758574.6
15:11:29.725 INFO  ProgressMeter -       chr15:64702442             92.0            2278539000       24758435.1
15:11:39.726 INFO  ProgressMeter -       chr15:68748704             92.2            2282580000       24757504.3
15:11:49.727 INFO  ProgressMeter -       chr15:72926593             92.4            2286689000       24757313.0
15:11:59.729 INFO  ProgressMeter -       chr15:76973985             92.5            2290712000       24756188.6
15:12:09.730 INFO  ProgressMeter -       chr15:81056754             92.7            2294768000       24755428.7
15:12:19.732 INFO  ProgressMeter -       chr15:85342500             92.9            2298896000       24755446.8
15:12:29.732 INFO  ProgressMeter -       chr15:89378905             93.0            2302930000       24754454.4
15:12:39.733 INFO  ProgressMeter -       chr15:93485185             93.2            2307032000       24754195.3
15:12:49.734 INFO  ProgressMeter -       chr15:97619271             93.4            2311160000       24754215.5
15:12:59.735 INFO  ProgressMeter -        chr16:1856417             93.5            2315069000       24751894.2
15:13:09.737 INFO  ProgressMeter -        chr16:5822809             93.7            2318981000       24749608.7
15:13:19.737 INFO  ProgressMeter -        chr16:9956348             93.9            2323108000       24749630.7
15:13:29.738 INFO  ProgressMeter -       chr16:14031856             94.0            2327178000       24749042.1
15:13:39.739 INFO  ProgressMeter -       chr16:18632696             94.2            2331466000       24750769.8
15:13:49.740 INFO  ProgressMeter -       chr16:23438530             94.4            2335747000       24752417.2
15:13:59.741 INFO  ProgressMeter -       chr16:27592551             94.5            2339899000       24752694.2
15:14:09.744 INFO  ProgressMeter -       chr16:32092559             94.7            2343972000       24752131.6
15:14:19.743 INFO  ProgressMeter -       chr16:39223525             94.9            2348633000       24757778.1
15:14:29.744 INFO  ProgressMeter -       chr16:53721287             95.0            2353330000       24763779.2
15:14:39.746 INFO  ProgressMeter -       chr16:57746379             95.2            2357354000       24762685.4
15:14:49.748 INFO  ProgressMeter -       chr16:61902865             95.4            2361452000       24762371.5
15:14:59.749 INFO  ProgressMeter -       chr16:65964932             95.5            2365511000       24761659.0
15:15:09.748 INFO  ProgressMeter -       chr16:70216386             95.7            2369760000       24762934.5
15:15:19.749 INFO  ProgressMeter -       chr16:74230062             95.9            2373766000       24761666.3
15:15:29.749 INFO  ProgressMeter -       chr16:78457587             96.0            2377967000       24762437.5
15:15:39.749 INFO  ProgressMeter -       chr16:82832785             96.2            2382172000       24763247.6
15:15:49.750 INFO  ProgressMeter -       chr16:86950064             96.4            2386275000       24762996.4
15:15:59.749 INFO  ProgressMeter -       chr16:90906216             96.5            2390223000       24761140.3
15:16:09.749 INFO  ProgressMeter -       chr16:94760149             96.7            2394070000       24758246.2
15:16:19.750 INFO  ProgressMeter -        chr17:2567424             96.9            2398125000       24757505.1
15:16:29.750 INFO  ProgressMeter -        chr17:6615379             97.0            2402164000       24756605.9
15:16:39.751 INFO  ProgressMeter -       chr17:10661975             97.2            2406207000       24755746.7
15:16:49.753 INFO  ProgressMeter -       chr17:14826561             97.4            2410366000       24756077.5
15:16:59.754 INFO  ProgressMeter -       chr17:19007007             97.5            2414454000       24755687.8
15:17:09.753 INFO  ProgressMeter -       chr17:23428894             97.7            2418500000       24754869.5
15:17:19.754 INFO  ProgressMeter -       chr17:30205036             97.9            2422342000       24751965.2
15:17:29.754 INFO  ProgressMeter -       chr17:34394873             98.0            2426518000       24752482.1
15:17:39.756 INFO  ProgressMeter -       chr17:38629411             98.2            2430582000       24751852.5
15:17:49.756 INFO  ProgressMeter -       chr17:42651681             98.4            2434515000       24749893.3
15:17:59.758 INFO  ProgressMeter -       chr17:46759158             98.5            2438504000       24748504.8
15:18:09.758 INFO  ProgressMeter -       chr17:50894147             98.7            2442420000       24746389.7
15:18:19.759 INFO  ProgressMeter -       chr17:55007585             98.9            2446530000       24746239.9
15:18:29.759 INFO  ProgressMeter -       chr17:59091090             99.0            2450610000       24745791.9
15:18:39.761 INFO  ProgressMeter -       chr17:63386735             99.2            2454879000       24747242.3
15:18:49.762 INFO  ProgressMeter -       chr17:67507762             99.4            2458993000       24747132.0
15:18:59.763 INFO  ProgressMeter -       chr17:71714959             99.5            2463186000       24747815.9
15:19:09.764 INFO  ProgressMeter -       chr17:75774451             99.7            2467242000       24747123.3
15:19:19.764 INFO  ProgressMeter -       chr17:79782307             99.9            2471247000       24745926.5
15:19:29.765 INFO  ProgressMeter -       chr17:83633116            100.0            2475090000       24743110.0
15:19:39.766 INFO  ProgressMeter -        chr18:3967003            100.2            2479313000       24744095.5
15:19:49.768 INFO  ProgressMeter -        chr18:8027298            100.4            2483372000       24743439.4
15:19:59.769 INFO  ProgressMeter -       chr18:12046259            100.5            2487389000       24742371.9
15:20:09.770 INFO  ProgressMeter -       chr18:16672968            100.7            2491523000       24742469.8
15:20:19.771 INFO  ProgressMeter -       chr18:23904876            100.9            2495665000       24742646.7
15:20:29.773 INFO  ProgressMeter -       chr18:27978074            101.0            2499735000       24742106.3
15:20:39.773 INFO  ProgressMeter -       chr18:32113850            101.2            2503864000       24742158.8
15:20:49.773 INFO  ProgressMeter -       chr18:36198471            101.4            2507947000       24741757.4
15:20:59.774 INFO  ProgressMeter -       chr18:40231936            101.5            2511975000       24740811.5
15:21:09.774 INFO  ProgressMeter -       chr18:44368928            101.7            2516106000       24740885.5
15:21:19.774 INFO  ProgressMeter -       chr18:48409221            101.9            2520078000       24739398.5
15:21:29.774 INFO  ProgressMeter -       chr18:52478411            102.0            2524143000       24738827.7
15:21:39.774 INFO  ProgressMeter -       chr18:56610214            102.2            2528272000       24738885.1
15:21:49.776 INFO  ProgressMeter -       chr18:60745025            102.4            2532402000       24738944.0
15:21:59.777 INFO  ProgressMeter -       chr18:64872266            102.5            2536523000       24738918.9
15:22:09.778 INFO  ProgressMeter -       chr18:69114461            102.7            2540762000       24740042.9
15:22:19.778 INFO  ProgressMeter -       chr18:73280851            102.9            2544924000       24740418.8
15:22:29.779 INFO  ProgressMeter -       chr18:77334534            103.0            2548968000       24739644.1
15:22:39.781 INFO  ProgressMeter -         chr19:950451            103.2            2552976000       24738519.1
15:22:49.781 INFO  ProgressMeter -        chr19:4899097            103.4            2556913000       24736718.8
15:22:59.781 INFO  ProgressMeter -        chr19:9153824            103.5            2561006000       24736431.1
15:23:09.783 INFO  ProgressMeter -       chr19:13267556            103.7            2565118000       24736319.6
15:23:19.785 INFO  ProgressMeter -       chr19:17396377            103.9            2569238000       24736285.5
15:23:29.786 INFO  ProgressMeter -       chr19:21452671            104.0            2573290000       24735605.7
15:23:39.788 INFO  ProgressMeter -       chr19:26352793            104.2            2577432000       24735780.0
15:23:49.789 INFO  ProgressMeter -       chr19:32846837            104.4            2582008000       24740120.2
15:23:59.789 INFO  ProgressMeter -       chr19:36935672            104.5            2586094000       24739762.8
15:24:09.791 INFO  ProgressMeter -       chr19:41269801            104.7            2590136000       24738978.5
15:24:19.792 INFO  ProgressMeter -       chr19:45380623            104.9            2594233000       24738725.1
15:24:29.792 INFO  ProgressMeter -       chr19:49451920            105.0            2598299000       24738181.2
15:24:39.793 INFO  ProgressMeter -       chr19:53804616            105.2            2602371000       24737692.2
15:24:49.795 INFO  ProgressMeter -       chr19:57954748            105.4            2606504000       24737779.8
15:24:59.795 INFO  ProgressMeter -         chr20:406074            105.5            2610642000       24737922.3
15:25:09.796 INFO  ProgressMeter -        chr20:4456588            105.7            2614674000       24737057.5
15:25:19.798 INFO  ProgressMeter -        chr20:8600412            105.9            2618812000       24737192.9
15:25:29.798 INFO  ProgressMeter -       chr20:12741638            106.0            2622948000       24737316.8
15:25:39.799 INFO  ProgressMeter -       chr20:16888155            106.2            2627091000       24737502.3
15:25:49.800 INFO  ProgressMeter -       chr20:20949051            106.4            2631149000       24736888.1
15:25:59.801 INFO  ProgressMeter -       chr20:24978740            106.5            2635173000       24735956.7
15:26:09.803 INFO  ProgressMeter -       chr20:31535307            106.7            2639109000       24734199.6
15:26:19.805 INFO  ProgressMeter -       chr20:35957861            106.9            2643038000       24732382.4
15:26:29.807 INFO  ProgressMeter -       chr20:40076360            107.0            2647154000       24732318.1
15:26:39.812 INFO  ProgressMeter -       chr20:44124148            107.2            2651197000       24731561.4
15:26:49.813 INFO  ProgressMeter -       chr20:48178039            107.4            2655245000       24730869.0
15:26:59.814 INFO  ProgressMeter -       chr20:52274800            107.5            2659314000       24730377.9
15:27:09.813 INFO  ProgressMeter -       chr20:56397110            107.7            2663432000       24730343.2
15:27:19.815 INFO  ProgressMeter -       chr20:60441795            107.9            2667473000       24729587.2
15:27:29.817 INFO  ProgressMeter -       chr20:64392284            108.0            2671415000       24727917.1
15:27:39.818 INFO  ProgressMeter -        chr21:5774295            108.2            2675304000       24725766.2
15:27:49.821 INFO  ProgressMeter -       chr21:11029376            108.4            2679232000       24723974.1
15:27:59.822 INFO  ProgressMeter -       chr21:15285264            108.5            2683278000       24723282.4
15:28:09.823 INFO  ProgressMeter -       chr21:19525636            108.7            2687508000       24724285.6
15:28:19.823 INFO  ProgressMeter -       chr21:23835998            108.9            2691814000       24725987.5
15:28:29.824 INFO  ProgressMeter -       chr21:28011255            109.0            2695988000       24726469.9
15:28:39.824 INFO  ProgressMeter -       chr21:32110673            109.2            2700083000       24726231.0
15:28:49.824 INFO  ProgressMeter -       chr21:36183385            109.4            2704153000       24725764.4
15:28:59.826 INFO  ProgressMeter -       chr21:40203974            109.5            2708169000       24724798.6
15:29:09.827 INFO  ProgressMeter -       chr21:44084582            109.7            2712038000       24722499.5
15:29:19.828 INFO  ProgressMeter -        chr22:6985750            109.9            2715914000       24720271.0
15:29:29.830 INFO  ProgressMeter -       chr22:12101340            110.0            2720262000       24722339.0
15:29:39.830 INFO  ProgressMeter -       chr22:18758751            110.2            2724524000       24723620.3
15:29:49.832 INFO  ProgressMeter -       chr22:23013151            110.4            2728524000       24722523.8
15:29:59.832 INFO  ProgressMeter -       chr22:27048241            110.5            2732516000       24721358.2
15:30:09.832 INFO  ProgressMeter -       chr22:31116169            110.7            2736576000       24720814.2
15:30:19.834 INFO  ProgressMeter -       chr22:35243459            110.9            2740699000       24720836.3
15:30:29.834 INFO  ProgressMeter -       chr22:39196612            111.0            2744646000       24719273.2
15:30:39.834 INFO  ProgressMeter -       chr22:43294739            111.2            2748735000       24718995.5
15:30:49.834 INFO  ProgressMeter -       chr22:47251159            111.4            2752686000       24717479.5
15:30:59.834 INFO  ProgressMeter -       chr22:51190374            111.5            2756618000       24715797.7
15:31:09.835 INFO  ProgressMeter -         chrX:4146584            111.7            2760816000       24716498.6
15:31:19.837 INFO  ProgressMeter -         chrX:8374888            111.9            2765027000       24717309.9
15:31:29.837 INFO  ProgressMeter -        chrX:12527724            112.0            2769164000       24717465.6
15:31:39.837 INFO  ProgressMeter -        chrX:16725551            112.2            2773359000       24718137.9
15:31:49.837 INFO  ProgressMeter -        chrX:20926428            112.4            2777556000       24718825.9
15:31:59.839 INFO  ProgressMeter -        chrX:25131648            112.5            2781757000       24719540.1
15:32:09.840 INFO  ProgressMeter -        chrX:29397454            112.7            2786013000       24720743.9
15:32:19.842 INFO  ProgressMeter -        chrX:33623939            112.9            2790234000       24721634.0
15:32:29.842 INFO  ProgressMeter -        chrX:37846105            113.0            2794446000       24722441.8
15:32:39.842 INFO  ProgressMeter -        chrX:42027460            113.2            2798624000       24722950.6
15:32:49.842 INFO  ProgressMeter -        chrX:46282467            113.4            2802870000       24724057.7
15:32:59.842 INFO  ProgressMeter -        chrX:50684975            113.5            2807047000       24724553.8
15:33:09.843 INFO  ProgressMeter -        chrX:55257533            113.7            2811243000       24725212.0
15:33:19.844 INFO  ProgressMeter -        chrX:61762946            113.9            2815733000       24728450.1
15:33:29.845 INFO  ProgressMeter -        chrX:65964888            114.0            2819925000       24729065.6
15:33:39.845 INFO  ProgressMeter -        chrX:70252354            114.2            2824105000       24729577.7
15:33:49.845 INFO  ProgressMeter -        chrX:74617047            114.4            2828297000       24730193.3
15:33:59.845 INFO  ProgressMeter -        chrX:78848358            114.5            2832522000       24731095.3
15:34:09.846 INFO  ProgressMeter -        chrX:83097691            114.7            2836761000       24732113.0
15:34:19.847 INFO  ProgressMeter -        chrX:87330625            114.9            2840987000       24733014.7
15:34:29.848 INFO  ProgressMeter -        chrX:91706686            115.0            2845349000       24735096.0
15:34:39.848 INFO  ProgressMeter -        chrX:95959754            115.2            2849599000       24736202.6
15:34:49.849 INFO  ProgressMeter -       chrX:100187494            115.4            2853814000       24736999.1
15:34:59.849 INFO  ProgressMeter -       chrX:104611945            115.5            2857954000       24737147.7
15:35:09.849 INFO  ProgressMeter -       chrX:108808804            115.7            2862117000       24737494.7
15:35:19.851 INFO  ProgressMeter -       chrX:113028848            115.9            2866322000       24738196.0
15:35:29.852 INFO  ProgressMeter -       chrX:117391638            116.0            2870524000       24738873.0
15:35:39.852 INFO  ProgressMeter -       chrX:121686208            116.2            2874737000       24739646.3
15:35:49.853 INFO  ProgressMeter -       chrX:125963420            116.4            2879002000       24740864.2
15:35:59.852 INFO  ProgressMeter -       chrX:130140915            116.5            2883172000       24741263.4
15:36:09.853 INFO  ProgressMeter -       chrX:134534555            116.7            2887401000       24742163.5
15:36:19.854 INFO  ProgressMeter -       chrX:138737989            116.9            2891600000       24742804.4
15:36:29.855 INFO  ProgressMeter -       chrX:143134480            117.0            2895831000       24743716.8
15:36:39.857 INFO  ProgressMeter -       chrX:147344183            117.2            2900020000       24744264.8
15:36:49.858 INFO  ProgressMeter -       chrX:151629966            117.4            2904079000       24743707.1
15:36:59.965 INFO  ProgressMeter -            chrM:6022            117.5            2908693000       24747501.1
15:37:05.623 INFO  GetPileupSummaries - 0 read(s) filtered by: MappingQualityAvailableReadFilter 
73358566 read(s) filtered by: MappingQualityNotZeroReadFilter 
0 read(s) filtered by: MappedReadFilter 
589814 read(s) filtered by: PrimaryLineReadFilter 
179492706 read(s) filtered by: NotDuplicateReadFilter 
0 read(s) filtered by: PassesVendorQualityCheckReadFilter 
0 read(s) filtered by: NonZeroReferenceLengthAlignmentReadFilter 
3600805 read(s) filtered by: MateOnSameContigOrNoMappedMateReadFilter 
0 read(s) filtered by: GoodCigarReadFilter 
0 read(s) filtered by: WellformedReadFilter 
257041891 total reads filtered out of 1304855812 reads processed
15:37:05.623 INFO  ProgressMeter -           chrM:16022            117.6            2908703547       24727751.3
15:37:05.623 INFO  ProgressMeter - Traversal complete. Processed 2908703547 total loci in 117.6 minutes.
15:37:05.625 INFO  GetPileupSummaries - Shutting down engine
[June 25, 2024 at 3:37:05 PM CEST] org.broadinstitute.hellbender.tools.walkers.contamination.GetPileupSummaries done. Elapsed time: 117.64 minutes.
Runtime.totalMemory()=2516582400
Tool returned:
SUCCESS
