Using GATK jar /lustre1/project/stg_00096/home/rdewin/system/miniconda/envs/WGS/share/gatk4-4.5.0.0-0/gatk-package-4.5.0.0-local.jar
Running:
    java -Dsamjdk.use_async_io_read_samtools=false -Dsamjdk.use_async_io_write_samtools=true -Dsamjdk.use_async_io_write_tribble=false -Dsamjdk.compression_level=2 -jar /lustre1/project/stg_00096/home/rdewin/system/miniconda/envs/WGS/share/gatk4-4.5.0.0-0/gatk-package-4.5.0.0-local.jar GetPileupSummaries -I results/recal/P019/P019_dna_normal_recal.bam -L resources/whole_genome.intervals -V resources/gnomad_chr.vcf.gz -O results/mutect2/P019/P019_normal_pileup_summaries.table
13:00:51.062 INFO  NativeLibraryLoader - Loading libgkl_compression.so from jar:file:/lustre1/project/stg_00096/home/rdewin/system/miniconda/envs/WGS/share/gatk4-4.5.0.0-0/gatk-package-4.5.0.0-local.jar!/com/intel/gkl/native/libgkl_compression.so
13:00:51.291 INFO  GetPileupSummaries - ------------------------------------------------------------
13:00:51.294 INFO  GetPileupSummaries - The Genome Analysis Toolkit (GATK) v4.5.0.0
13:00:51.294 INFO  GetPileupSummaries - For support and documentation go to https://software.broadinstitute.org/gatk/
13:00:51.294 INFO  GetPileupSummaries - Executing as vsc35407@g28l05 on Linux v4.18.0-513.24.1.el8_9.x86_64 amd64
13:00:51.295 INFO  GetPileupSummaries - Java runtime: OpenJDK 64-Bit Server VM v17.0.10-internal+0-adhoc..src
13:00:51.295 INFO  GetPileupSummaries - Start Date/Time: April 27, 2024 at 1:00:50 PM CEST
13:00:51.299 INFO  GetPileupSummaries - ------------------------------------------------------------
13:00:51.299 INFO  GetPileupSummaries - ------------------------------------------------------------
13:00:51.300 INFO  GetPileupSummaries - HTSJDK Version: 4.1.0
13:00:51.300 INFO  GetPileupSummaries - Picard Version: 3.1.1
13:00:51.300 INFO  GetPileupSummaries - Built for Spark Version: 3.5.0
13:00:51.300 INFO  GetPileupSummaries - HTSJDK Defaults.COMPRESSION_LEVEL : 2
13:00:51.300 INFO  GetPileupSummaries - HTSJDK Defaults.USE_ASYNC_IO_READ_FOR_SAMTOOLS : false
13:00:51.301 INFO  GetPileupSummaries - HTSJDK Defaults.USE_ASYNC_IO_WRITE_FOR_SAMTOOLS : true
13:00:51.301 INFO  GetPileupSummaries - HTSJDK Defaults.USE_ASYNC_IO_WRITE_FOR_TRIBBLE : false
13:00:51.301 INFO  GetPileupSummaries - Deflater: IntelDeflater
13:00:51.301 INFO  GetPileupSummaries - Inflater: IntelInflater
13:00:51.302 INFO  GetPileupSummaries - GCS max retries/reopens: 20
13:00:51.302 INFO  GetPileupSummaries - Requester pays: disabled
13:00:51.302 INFO  GetPileupSummaries - Initializing engine
13:00:51.542 INFO  FeatureManager - Using codec VCFCodec to read file file:///lustre1/project/stg_00096/home/rdewin/WGS/resources/gnomad_chr.vcf.gz
13:00:51.705 INFO  IntervalArgumentCollection - Processing 3117292070 bp from intervals
13:00:51.710 INFO  GetPileupSummaries - Done initializing engine
13:00:51.716 INFO  ProgressMeter - Starting traversal
13:00:51.717 INFO  ProgressMeter -        Current Locus  Elapsed Minutes        Loci Processed      Loci/Minute
13:01:01.726 INFO  ProgressMeter -         chr1:3555900              0.2               3426000       20553944.6
13:01:11.720 INFO  ProgressMeter -         chr1:8291807              0.3               8154000       24460777.0
13:01:21.718 INFO  ProgressMeter -        chr1:13046076              0.5              12840000       25679144.0
13:01:31.719 INFO  ProgressMeter -        chr1:17962260              0.7              17560000       26339341.5
13:01:41.719 INFO  ProgressMeter -        chr1:22643935              0.8              22239000       26686266.3
13:01:51.719 INFO  ProgressMeter -        chr1:27391633              1.0              26971000       26970550.5
13:02:01.719 INFO  ProgressMeter -        chr1:32086770              1.2              31662000       27138469.5
13:02:11.719 INFO  ProgressMeter -        chr1:36815012              1.3              36387000       27289908.9
13:02:21.720 INFO  ProgressMeter -        chr1:41537899              1.5              41106000       27403391.0
13:02:31.720 INFO  ProgressMeter -        chr1:46232075              1.7              45798000       27478250.4
13:02:41.721 INFO  ProgressMeter -        chr1:51009960              1.8              50568000       27581793.2
13:02:51.721 INFO  ProgressMeter -        chr1:55726964              2.0              55282000       27640309.0
13:03:01.721 INFO  ProgressMeter -        chr1:60590888              2.2              60145000       27758376.7
13:03:11.723 INFO  ProgressMeter -        chr1:65409287              2.3              64962000       27839862.9
13:03:21.723 INFO  ProgressMeter -        chr1:70278424              2.5              69826000       27929282.8
13:03:31.724 INFO  ProgressMeter -        chr1:75300627              2.7              74845000       28065647.1
13:03:41.725 INFO  ProgressMeter -        chr1:80225743              2.8              79767000       28151899.6
13:03:51.724 INFO  ProgressMeter -        chr1:85216390              3.0              84745000       28247234.8
13:04:01.726 INFO  ProgressMeter -        chr1:90046081              3.2              89569000       28283607.6
13:04:11.727 INFO  ProgressMeter -        chr1:94865616              3.3              94384000       28313784.3
13:04:21.727 INFO  ProgressMeter -        chr1:99773869              3.5              99291000       28367506.3
13:04:31.727 INFO  ProgressMeter -       chr1:105065948              3.7             104244000       28428889.6
13:04:41.729 INFO  ProgressMeter -       chr1:110046703              3.8             109112000       28462515.0
13:04:51.730 INFO  ProgressMeter -       chr1:114786896              4.0             113846000       28459958.4
13:05:01.731 INFO  ProgressMeter -       chr1:119577997              4.2             118633000       28470325.7
13:05:11.733 INFO  ProgressMeter -       chr1:128552035              4.3             123908000       28592504.3
13:05:21.733 INFO  ProgressMeter -       chr1:144357281              4.5             129377000       28748740.8
13:05:31.734 INFO  ProgressMeter -       chr1:150075434              4.7             134413000       28801037.1
13:05:41.736 INFO  ProgressMeter -       chr1:154829225              4.8             139115000       28780528.2
13:05:51.737 INFO  ProgressMeter -       chr1:159530276              5.0             143812000       28760578.5
13:06:01.738 INFO  ProgressMeter -       chr1:164573795              5.2             148612000       28761664.5
13:06:11.739 INFO  ProgressMeter -       chr1:169344548              5.3             153380000       28756773.0
13:06:21.741 INFO  ProgressMeter -       chr1:174170010              5.5             158203000       28762177.2
13:06:31.741 INFO  ProgressMeter -       chr1:179000348              5.7             163031000       28768145.8
13:06:41.742 INFO  ProgressMeter -       chr1:183752857              5.8             167779000       28760142.2
13:06:51.741 INFO  ProgressMeter -       chr1:188703572              6.0             172726000       28785747.6
13:07:01.741 INFO  ProgressMeter -       chr1:193741582              6.2             177759000       28823914.1
13:07:11.742 INFO  ProgressMeter -       chr1:198713139              6.3             182728000       28849891.5
13:07:21.742 INFO  ProgressMeter -       chr1:203437697              6.5             187449000       28836459.2
13:07:31.743 INFO  ProgressMeter -       chr1:208139655              6.7             192134000       28818226.8
13:07:41.743 INFO  ProgressMeter -       chr1:212925748              6.8             196915000       28815002.0
13:07:51.744 INFO  ProgressMeter -       chr1:217903585              7.0             201890000       28839574.6
13:08:01.745 INFO  ProgressMeter -       chr1:222781312              7.2             206762000       28848633.1
13:08:11.745 INFO  ProgressMeter -       chr1:227506599              7.3             211485000       28837028.6
13:08:21.746 INFO  ProgressMeter -       chr1:232516506              7.5             216216000       28826942.3
13:08:31.746 INFO  ProgressMeter -       chr1:237355433              7.7             221039000       28829356.4
13:08:41.747 INFO  ProgressMeter -       chr1:242348964              7.8             226029000       28852924.3
13:08:51.747 INFO  ProgressMeter -       chr1:247225524              8.0             230886000       28858946.3
13:09:01.749 INFO  ProgressMeter -         chr2:3723297              8.2             235702000       28859584.7
13:09:11.750 INFO  ProgressMeter -         chr2:8587162              8.3             240559000       28865232.6
13:09:21.751 INFO  ProgressMeter -        chr2:13311616              8.5             245274000       28853897.7
13:09:31.752 INFO  ProgressMeter -        chr2:18146579              8.7             250096000       28855344.1
13:09:41.753 INFO  ProgressMeter -        chr2:23012655              8.8             254960000       28861490.3
13:09:51.753 INFO  ProgressMeter -        chr2:27707053              9.0             259652000       28848299.0
13:10:01.754 INFO  ProgressMeter -        chr2:32454719              9.2             264399000       28841587.0
13:10:11.754 INFO  ProgressMeter -        chr2:37357988              9.3             269297000       28851343.8
13:10:21.756 INFO  ProgressMeter -        chr2:42168371              9.5             274104000       28851129.2
13:10:31.756 INFO  ProgressMeter -        chr2:46901462              9.7             278833000       28842853.7
13:10:41.756 INFO  ProgressMeter -        chr2:51779609              9.8             283710000       28849957.4
13:10:51.757 INFO  ProgressMeter -        chr2:56635931             10.0             288563000       28854376.4
13:11:01.758 INFO  ProgressMeter -        chr2:61483485             10.2             293404000       28857470.2
13:11:11.759 INFO  ProgressMeter -        chr2:66260828             10.3             298181000       28854271.2
13:11:21.760 INFO  ProgressMeter -        chr2:70995297             10.5             302909000       28846553.1
13:11:31.760 INFO  ProgressMeter -        chr2:75709409             10.7             307609000       28836451.4
13:11:41.761 INFO  ProgressMeter -        chr2:80697194             10.8             312594000       28852922.0
13:11:51.761 INFO  ProgressMeter -        chr2:85655720             11.0             317546000       28865937.5
13:12:01.760 INFO  ProgressMeter -        chr2:92123196             11.2             322552000       28883400.0
13:12:11.761 INFO  ProgressMeter -        chr2:98975000             11.3             327258000       28873837.6
13:12:21.761 INFO  ProgressMeter -       chr2:103733196             11.5             332012000       28868767.8
13:12:31.761 INFO  ProgressMeter -       chr2:108635071             11.7             336902000       28875499.3
13:12:41.762 INFO  ProgressMeter -       chr2:113784642             11.8             341783000       28881280.6
13:12:51.762 INFO  ProgressMeter -       chr2:118718444             12.0             346710000       28890694.3
13:13:01.762 INFO  ProgressMeter -       chr2:123486485             12.2             351473000       28886411.1
13:13:11.762 INFO  ProgressMeter -       chr2:128379841             12.3             356359000       28892216.0
13:13:21.763 INFO  ProgressMeter -       chr2:133370699             12.5             361202000       28894387.8
13:13:31.763 INFO  ProgressMeter -       chr2:138231326             12.7             366056000       28897408.8
13:13:41.763 INFO  ProgressMeter -       chr2:143217698             12.8             371042000       28910636.5
13:13:51.763 INFO  ProgressMeter -       chr2:148088739             13.0             375907000       28914217.9
13:14:01.764 INFO  ProgressMeter -       chr2:152928626             13.2             380727000       28914254.5
13:14:11.765 INFO  ProgressMeter -       chr2:157893767             13.3             385688000       28924900.7
13:14:21.764 INFO  ProgressMeter -       chr2:162737101             13.5             390521000       28925803.1
13:14:31.764 INFO  ProgressMeter -       chr2:167712408             13.7             395491000       28936707.3
13:14:41.765 INFO  ProgressMeter -       chr2:172498735             13.8             400267000       28933290.6
13:14:51.766 INFO  ProgressMeter -       chr2:177311781             14.0             405075000       28932240.9
13:15:01.767 INFO  ProgressMeter -       chr2:182147239             14.2             409898000       28932274.6
13:15:11.768 INFO  ProgressMeter -       chr2:187128573             14.3             414878000       28943294.0
13:15:21.768 INFO  ProgressMeter -       chr2:191986946             14.5             419736000       28945613.5
13:15:31.768 INFO  ProgressMeter -       chr2:196962285             14.7             424707000       28955617.3
13:15:41.769 INFO  ProgressMeter -       chr2:201788372             14.8             429528000       28955284.6
13:15:51.768 INFO  ProgressMeter -       chr2:206625225             15.0             434363000       28955892.5
13:16:01.769 INFO  ProgressMeter -       chr2:211473217             15.2             439208000       28957114.5
13:16:11.770 INFO  ProgressMeter -       chr2:216479407             15.3             444211000       28968613.8
13:16:21.770 INFO  ProgressMeter -       chr2:221144132             15.5             448874000       28957962.6
13:16:31.770 INFO  ProgressMeter -       chr2:226043069             15.7             453772000       28962537.2
13:16:41.772 INFO  ProgressMeter -       chr2:230936598             15.8             458661000       28966386.2
13:16:51.773 INFO  ProgressMeter -       chr2:235631586             16.0             463349000       28957623.3
13:17:01.774 INFO  ProgressMeter -       chr2:240360789             16.2             468071000       28951144.1
13:17:11.774 INFO  ProgressMeter -         chr3:2478479             16.3             472840000       28947704.1
13:17:21.774 INFO  ProgressMeter -         chr3:7252124             16.5             477610000       28944394.1
13:17:31.774 INFO  ProgressMeter -        chr3:11901805             16.7             482258000       28933830.8
13:17:41.775 INFO  ProgressMeter -        chr3:16474092             16.8             486828000       28918814.6
13:17:51.776 INFO  ProgressMeter -        chr3:21193196             17.0             491541000       28912504.1
13:18:01.776 INFO  ProgressMeter -        chr3:25978204             17.2             496325000       28910479.9
13:18:11.778 INFO  ProgressMeter -        chr3:30830628             17.3             501171000       28912043.5
13:18:21.778 INFO  ProgressMeter -        chr3:35580231             17.5             505915000       28907749.2
13:18:31.780 INFO  ProgressMeter -        chr3:40198003             17.7             510526000       28896008.0
13:18:41.779 INFO  ProgressMeter -        chr3:44845625             17.8             515171000       28886419.7
13:18:51.779 INFO  ProgressMeter -        chr3:49431185             18.0             519755000       28873620.2
13:19:01.780 INFO  ProgressMeter -        chr3:53959632             18.2             524280000       28857781.6
13:19:11.782 INFO  ProgressMeter -        chr3:58667368             18.3             528981000       28851830.4
13:19:21.781 INFO  ProgressMeter -        chr3:63447751             18.5             533758000       28850120.4
13:19:31.782 INFO  ProgressMeter -        chr3:68239959             18.7             538547000       28849057.9
13:19:41.782 INFO  ProgressMeter -        chr3:72927853             18.8             543230000       28842411.7
13:19:51.784 INFO  ProgressMeter -        chr3:77790407             19.0             548091000       28845224.8
13:20:01.783 INFO  ProgressMeter -        chr3:82729881             19.2             553024000       28851770.2
13:20:11.784 INFO  ProgressMeter -        chr3:87685896             19.3             557973000       28859030.4
13:20:21.786 INFO  ProgressMeter -        chr3:95849828             19.5             562670000       28853194.9
13:20:31.786 INFO  ProgressMeter -       chr3:101133266             19.7             567529000       28855743.9
13:20:41.785 INFO  ProgressMeter -       chr3:105863626             19.8             572245000       28851040.4
13:20:51.786 INFO  ProgressMeter -       chr3:110708283             20.0             577082000       28852441.0
13:21:01.787 INFO  ProgressMeter -       chr3:115498262             20.2             581866000       28851190.4
13:21:11.788 INFO  ProgressMeter -       chr3:120283905             20.3             586649000       28849911.2
13:21:21.789 INFO  ProgressMeter -       chr3:125029931             20.5             591393000       28846750.4
13:21:31.790 INFO  ProgressMeter -       chr3:129677805             20.7             596032000       28838560.3
13:21:41.790 INFO  ProgressMeter -       chr3:134240155             20.8             600581000       28826204.5
13:21:51.791 INFO  ProgressMeter -       chr3:138925179             21.0             605263000       28820355.0
13:22:01.793 INFO  ProgressMeter -       chr3:143607318             21.2             609935000       28814102.5
13:22:11.795 INFO  ProgressMeter -       chr3:148312742             21.3             614639000       28809470.1
13:22:21.796 INFO  ProgressMeter -       chr3:153127746             21.5             619452000       28809978.9
13:22:31.796 INFO  ProgressMeter -       chr3:157874869             21.7             624194000       28807203.3
13:22:41.797 INFO  ProgressMeter -       chr3:162588541             21.8             628905000       28803050.2
13:22:51.798 INFO  ProgressMeter -       chr3:167469333             22.0             633784000       28806596.0
13:23:01.798 INFO  ProgressMeter -       chr3:172334226             22.2             638647000       28809388.3
13:23:11.800 INFO  ProgressMeter -       chr3:177046868             22.3             643358000       28805311.9
13:23:21.800 INFO  ProgressMeter -       chr3:181938093             22.5             648238000       28808827.9
13:23:31.800 INFO  ProgressMeter -       chr3:186722657             22.7             653016000       28807792.5
13:23:41.799 INFO  ProgressMeter -       chr3:191397708             22.8             657680000       28801779.7
13:23:51.800 INFO  ProgressMeter -       chr3:196228392             23.0             662510000       28803050.3
13:24:01.802 INFO  ProgressMeter -       chr3:200804304             23.2             667054000       28791937.2
13:24:11.803 INFO  ProgressMeter -         chr4:4443140             23.3             671646000       28783060.5
13:24:21.804 INFO  ProgressMeter -         chr4:9058570             23.5             676247000       28774692.6
13:24:31.805 INFO  ProgressMeter -        chr4:14132641             23.7             681094000       28776836.4
13:24:41.807 INFO  ProgressMeter -        chr4:18962216             23.8             685915000       28777859.3
13:24:51.808 INFO  ProgressMeter -        chr4:23825282             24.0             690767000       28780159.6
13:25:01.808 INFO  ProgressMeter -        chr4:28594306             24.2             695533000       28778889.6
13:25:11.808 INFO  ProgressMeter -        chr4:33622136             24.3             700555000       28788156.9
13:25:21.809 INFO  ProgressMeter -        chr4:38483423             24.5             705414000       28790625.9
13:25:31.810 INFO  ProgressMeter -        chr4:43228770             24.7             710157000       28788359.1
13:25:41.811 INFO  ProgressMeter -        chr4:48131099             24.8             715053000       28792264.1
13:25:51.812 INFO  ProgressMeter -        chr4:57451397             25.0             719649000       28784137.0
13:26:01.814 INFO  ProgressMeter -        chr4:62212424             25.2             724405000       28782474.8
13:26:11.815 INFO  ProgressMeter -        chr4:67218994             25.3             729405000       28790465.3
13:26:21.815 INFO  ProgressMeter -        chr4:72234325             25.5             734415000       28798743.6
13:26:31.816 INFO  ProgressMeter -        chr4:76976092             25.7             739147000       28796102.6
13:26:41.816 INFO  ProgressMeter -        chr4:81718618             25.8             743883000       28793650.5
13:26:51.816 INFO  ProgressMeter -        chr4:86489944             26.0             748649000       28792383.6
13:27:01.815 INFO  ProgressMeter -        chr4:91280547             26.2             753433000       28791820.6
13:27:11.816 INFO  ProgressMeter -        chr4:96116404             26.3             758261000       28792917.4
13:27:21.817 INFO  ProgressMeter -       chr4:101051483             26.5             763195000       28798018.2
13:27:31.816 INFO  ProgressMeter -       chr4:105861081             26.7             768001000       28798255.6
13:27:41.817 INFO  ProgressMeter -       chr4:110663688             26.8             772801000       28798266.4
13:27:51.818 INFO  ProgressMeter -       chr4:115482830             27.0             777610000       28798574.9
13:28:01.819 INFO  ProgressMeter -       chr4:120426274             27.2             782552000       28803810.3
13:28:11.819 INFO  ProgressMeter -       chr4:125334610             27.3             787452000       28807445.4
13:28:21.820 INFO  ProgressMeter -       chr4:130225897             27.5             792342000       28810655.3
13:28:31.820 INFO  ProgressMeter -       chr4:135183417             27.7             797256000       28814711.4
13:28:41.819 INFO  ProgressMeter -       chr4:140294759             27.8             802360000       28825544.8
13:28:51.821 INFO  ProgressMeter -       chr4:145126727             28.0             807191000       28826482.7
13:29:01.822 INFO  ProgressMeter -       chr4:149927800             28.2             811988000       28826202.4
13:29:11.822 INFO  ProgressMeter -       chr4:154811837             28.3             816865000       28828765.8
13:29:21.822 INFO  ProgressMeter -       chr4:159566473             28.5             821618000       28826948.5
13:29:31.822 INFO  ProgressMeter -       chr4:164457019             28.7             826504000       28829774.9
13:29:41.823 INFO  ProgressMeter -       chr4:169449800             28.8             831495000       28836226.7
13:29:51.822 INFO  ProgressMeter -       chr4:174342766             29.0             836366000       28838466.6
13:30:01.824 INFO  ProgressMeter -       chr4:179263830             29.2             841284000       28842275.8
13:30:11.823 INFO  ProgressMeter -       chr4:184261844             29.3             846277000       28848614.8
13:30:21.824 INFO  ProgressMeter -       chr4:189107625             29.5             851115000       28849628.2
13:30:31.824 INFO  ProgressMeter -          chr5:613882             29.7             856033000       28853310.5
13:30:41.824 INFO  ProgressMeter -         chr5:5303196             29.8             860703000       28848655.4
13:30:51.825 INFO  ProgressMeter -        chr5:10131346             30.0             865526000       28849151.7
13:31:01.824 INFO  ProgressMeter -        chr5:14917271             30.2             870306000       28848217.3
13:31:11.825 INFO  ProgressMeter -        chr5:19941949             30.3             875206000       28851233.0
13:31:21.826 INFO  ProgressMeter -        chr5:25065537             30.5             880215000       28857789.3
13:31:31.827 INFO  ProgressMeter -        chr5:30122635             30.7             885268000       28865709.1
13:31:41.828 INFO  ProgressMeter -        chr5:35029053             30.8             890055000       28864916.8
13:31:51.829 INFO  ProgressMeter -        chr5:39782207             31.0             894805000       28862939.4
13:32:01.830 INFO  ProgressMeter -        chr5:44565534             31.2             899578000       28861721.2
13:32:11.832 INFO  ProgressMeter -        chr5:52124798             31.3             904706000       28871845.0
13:32:21.831 INFO  ProgressMeter -        chr5:56960639             31.5             909535000       28872385.5
13:32:31.831 INFO  ProgressMeter -        chr5:61771609             31.7             914338000       28872099.3
13:32:41.832 INFO  ProgressMeter -        chr5:66589130             31.8             919145000       28871941.7
13:32:51.832 INFO  ProgressMeter -        chr5:72180790             32.0             923838000       28868208.4
13:33:01.833 INFO  ProgressMeter -        chr5:76909655             32.2             928565000       28865585.7
13:33:11.833 INFO  ProgressMeter -        chr5:81644972             32.3             933295000       28863068.0
13:33:21.834 INFO  ProgressMeter -        chr5:86556071             32.5             938204000       28866083.4
13:33:31.836 INFO  ProgressMeter -        chr5:91456702             32.7             943098000       28868608.9
13:33:41.835 INFO  ProgressMeter -        chr5:96331392             32.8             947952000       28869905.3
13:33:51.835 INFO  ProgressMeter -       chr5:101172794             33.0             952774000       28870218.8
13:34:01.835 INFO  ProgressMeter -       chr5:106124931             33.2             957723000       28874358.2
13:34:11.836 INFO  ProgressMeter -       chr5:111055322             33.3             962645000       28877631.8
13:34:21.837 INFO  ProgressMeter -       chr5:115856885             33.5             967444000       28877201.4
13:34:31.839 INFO  ProgressMeter -       chr5:120674919             33.7             972259000       28877236.1
13:34:41.839 INFO  ProgressMeter -       chr5:125570384             33.8             977153000       28879633.8
13:34:51.840 INFO  ProgressMeter -       chr5:130412318             34.0             981986000       28880199.9
13:35:01.841 INFO  ProgressMeter -       chr5:135104787             34.2             986673000       28876487.5
13:35:11.843 INFO  ProgressMeter -       chr5:139758725             34.3             991321000       28871661.2
13:35:21.845 INFO  ProgressMeter -       chr5:144428504             34.5             995986000       28867374.4
13:35:31.846 INFO  ProgressMeter -       chr5:149274704             34.7            1000824000       28868146.6
13:35:41.845 INFO  ProgressMeter -       chr5:153950716             34.8            1005489000       28863945.2
13:35:51.847 INFO  ProgressMeter -       chr5:158701661             35.0            1010235000       28862084.2
13:36:01.847 INFO  ProgressMeter -       chr5:163537621             35.2            1015065000       28862643.0
13:36:11.847 INFO  ProgressMeter -       chr5:168513080             35.3            1020034000       28867130.3
13:36:21.847 INFO  ProgressMeter -       chr5:173165336             35.5            1024684000       28862576.5
13:36:31.849 INFO  ProgressMeter -       chr5:177857252             35.7            1029356000       28858682.0
13:36:41.848 INFO  ProgressMeter -          chr6:614090             35.8            1034034000       28855004.6
13:36:51.849 INFO  ProgressMeter -         chr6:5303208             36.0            1038714000       28851403.5
13:37:01.850 INFO  ProgressMeter -        chr6:10047745             36.2            1043455000       28849522.1
13:37:11.851 INFO  ProgressMeter -        chr6:14742423             36.3            1048148000       28846337.0
13:37:21.852 INFO  ProgressMeter -        chr6:19484248             36.5            1052888000       28844481.7
13:37:31.852 INFO  ProgressMeter -        chr6:24353272             36.7            1057746000       28845848.1
13:37:41.854 INFO  ProgressMeter -        chr6:29273902             36.8            1062541000       28845491.9
13:37:51.855 INFO  ProgressMeter -        chr6:33930575             37.0            1067142000       28839895.9
13:38:01.855 INFO  ProgressMeter -        chr6:38562294             37.2            1071769000       28835049.7
13:38:11.857 INFO  ProgressMeter -        chr6:43218580             37.3            1076423000       28830969.9
13:38:21.856 INFO  ProgressMeter -        chr6:47936557             37.5            1081138000       28828565.7
13:38:31.858 INFO  ProgressMeter -        chr6:52740502             37.7            1085938000       28828426.6
13:38:41.857 INFO  ProgressMeter -        chr6:57587030             37.8            1090772000       28829200.0
13:38:51.858 INFO  ProgressMeter -        chr6:64795415             38.0            1095260000       28820861.9
13:39:01.859 INFO  ProgressMeter -        chr6:69859282             38.2            1100303000       28827124.6
13:39:11.859 INFO  ProgressMeter -        chr6:74749780             38.3            1105185000       28829133.2
13:39:21.861 INFO  ProgressMeter -        chr6:79663166             38.5            1110097000       28831903.5
13:39:31.861 INFO  ProgressMeter -        chr6:84522449             38.7            1114953000       28833214.2
13:39:41.861 INFO  ProgressMeter -        chr6:89335468             38.8            1119765000       28833368.2
13:39:51.861 INFO  ProgressMeter -        chr6:94179304             39.0            1124607000       28834302.5
13:40:01.862 INFO  ProgressMeter -        chr6:99195419             39.2            1129616000       28839480.1
13:40:11.862 INFO  ProgressMeter -       chr6:104103416             39.3            1134521000       28841982.2
13:40:21.864 INFO  ProgressMeter -       chr6:108964565             39.5            1139377000       28843210.5
13:40:31.864 INFO  ProgressMeter -       chr6:113647236             39.7            1144058000       28840017.0
13:40:41.866 INFO  ProgressMeter -       chr6:118530192             39.8            1148938000       28841845.8
13:40:51.865 INFO  ProgressMeter -       chr6:123386775             40.0            1153793000       28843046.3
13:41:01.866 INFO  ProgressMeter -       chr6:128202374             40.2            1158606000       28843179.4
13:41:11.868 INFO  ProgressMeter -       chr6:133024181             40.3            1163424000       28843423.4
13:41:21.868 INFO  ProgressMeter -       chr6:137795809             40.5            1168194000       28842504.0
13:41:31.869 INFO  ProgressMeter -       chr6:142604007             40.7            1172998000       28842428.2
13:41:41.869 INFO  ProgressMeter -       chr6:147424700             40.8            1177815000       28842659.6
13:41:51.871 INFO  ProgressMeter -       chr6:152188309             41.0            1182572000       28841425.7
13:42:01.870 INFO  ProgressMeter -       chr6:157048036             41.2            1187428000       28842618.3
13:42:11.871 INFO  ProgressMeter -       chr6:161749603             41.3            1192121000       28839846.2
13:42:21.872 INFO  ProgressMeter -       chr6:166698719             41.5            1196941000       28840156.5
13:42:31.872 INFO  ProgressMeter -       chr6:171496701             41.7            1201706000       28839156.0
13:42:41.873 INFO  ProgressMeter -         chr7:4178257             41.8            1206387000       28836144.0
13:42:51.873 INFO  ProgressMeter -         chr7:8911735             42.0            1211072000       28833262.7
13:43:01.873 INFO  ProgressMeter -        chr7:13854834             42.2            1216006000       28836308.9
13:43:11.873 INFO  ProgressMeter -        chr7:18739175             42.3            1220888000       28838102.9
13:43:21.874 INFO  ProgressMeter -        chr7:23571258             42.5            1225718000       28838648.0
13:43:31.876 INFO  ProgressMeter -        chr7:28296979             42.7            1230442000       28836704.6
13:43:41.876 INFO  ProgressMeter -        chr7:32971786             42.8            1235105000       28833363.6
13:43:51.876 INFO  ProgressMeter -        chr7:37706423             43.0            1239837000       28831641.8
13:44:01.876 INFO  ProgressMeter -        chr7:42552219             43.2            1244648000       28831774.4
13:44:11.876 INFO  ProgressMeter -        chr7:47235586             43.3            1249328000       28828883.2
13:44:21.876 INFO  ProgressMeter -        chr7:51948921             43.5            1254032000       28826565.7
13:44:31.877 INFO  ProgressMeter -        chr7:56932523             43.7            1258915000       28828365.0
13:44:41.877 INFO  ProgressMeter -        chr7:65299310             43.8            1264006000       28834884.6
13:44:51.877 INFO  ProgressMeter -        chr7:70226355             44.0            1268830000       28835297.9
13:45:01.879 INFO  ProgressMeter -        chr7:75198697             44.2            1273661000       28835855.6
13:45:11.879 INFO  ProgressMeter -        chr7:80325152             44.3            1278492000       28836409.2
13:45:21.879 INFO  ProgressMeter -        chr7:85205260             44.5            1283370000       28838025.6
13:45:31.879 INFO  ProgressMeter -        chr7:90118162             44.7            1288281000       28840368.6
13:45:41.881 INFO  ProgressMeter -        chr7:94935249             44.8            1293097000       28840554.0
13:45:51.881 INFO  ProgressMeter -        chr7:99795448             45.0            1297954000       28841670.4
13:46:01.883 INFO  ProgressMeter -       chr7:104585363             45.2            1302601000       28838118.7
13:46:11.883 INFO  ProgressMeter -       chr7:109290806             45.3            1307303000       28835806.3
13:46:21.883 INFO  ProgressMeter -       chr7:114189358             45.5            1312192000       28837631.1
13:46:31.884 INFO  ProgressMeter -       chr7:119071891             45.7            1317068000       28839147.4
13:46:41.885 INFO  ProgressMeter -       chr7:124015272             45.8            1322009000       28842070.7
13:46:51.886 INFO  ProgressMeter -       chr7:128921812             46.0            1326913000       28844179.0
13:47:01.885 INFO  ProgressMeter -       chr7:133616000             46.2            1331601000       28841593.7
13:47:11.885 INFO  ProgressMeter -       chr7:138389972             46.3            1336374000       28840861.4
13:47:21.886 INFO  ProgressMeter -       chr7:143124426             46.5            1341104000       28839199.3
13:47:31.888 INFO  ProgressMeter -       chr7:147973473             46.7            1345815000       28837142.0
13:47:41.887 INFO  ProgressMeter -       chr7:152734398             46.8            1350571000       28836070.4
13:47:51.888 INFO  ProgressMeter -       chr7:157518469             47.0            1355333000       28835134.1
13:48:01.889 INFO  ProgressMeter -         chr8:1722659             47.2            1360079000       28833854.9
13:48:11.888 INFO  ProgressMeter -         chr8:6642510             47.3            1364920000       28834601.9
13:48:21.888 INFO  ProgressMeter -        chr8:12025253             47.5            1369685000       28833743.7
13:48:31.888 INFO  ProgressMeter -        chr8:17430647             47.7            1374712000       28838387.6
13:48:41.888 INFO  ProgressMeter -        chr8:22180613             47.8            1379456000       28837083.2
13:48:51.889 INFO  ProgressMeter -        chr8:26888123             48.0            1384159000       28834933.8
13:49:01.889 INFO  ProgressMeter -        chr8:31577958             48.2            1388847000       28832477.8
13:49:11.890 INFO  ProgressMeter -        chr8:36467835             48.3            1393733000       28834145.0
13:49:21.890 INFO  ProgressMeter -        chr8:41276128             48.5            1398537000       28834100.2
13:49:31.892 INFO  ProgressMeter -        chr8:47490137             48.7            1403192000       28830994.3
13:49:41.892 INFO  ProgressMeter -        chr8:52322139             48.8            1408023000       28831513.5
13:49:51.893 INFO  ProgressMeter -        chr8:57067700             49.0            1412767000       28830263.5
13:50:01.892 INFO  ProgressMeter -        chr8:61903623             49.2            1417566000       28830140.6
13:50:11.894 INFO  ProgressMeter -        chr8:66734269             49.3            1422395000       28830616.8
13:50:21.893 INFO  ProgressMeter -        chr8:71572235             49.5            1427231000       28831241.0
13:50:31.894 INFO  ProgressMeter -        chr8:76457731             49.7            1432113000       28832777.4
13:50:41.894 INFO  ProgressMeter -        chr8:81396460             49.8            1437047000       28835356.6
13:50:51.894 INFO  ProgressMeter -        chr8:87033851             50.0            1441873000       28835758.7
13:51:01.895 INFO  ProgressMeter -        chr8:91923974             50.2            1446753000       28837224.9
13:51:11.896 INFO  ProgressMeter -        chr8:96718993             50.3            1451546000       28836953.0
13:51:21.897 INFO  ProgressMeter -       chr8:101476014             50.5            1456302000       28835959.9
13:51:31.896 INFO  ProgressMeter -       chr8:106222981             50.7            1461045000       28834716.6
13:51:41.897 INFO  ProgressMeter -       chr8:111087794             50.8            1465907000       28835813.0
13:51:51.898 INFO  ProgressMeter -       chr8:116127673             51.0            1470946000       28840372.5
13:52:01.899 INFO  ProgressMeter -       chr8:120985870             51.2            1475803000       28841355.0
13:52:11.900 INFO  ProgressMeter -       chr8:125692638             51.3            1480504000       28839273.5
13:52:21.900 INFO  ProgressMeter -       chr8:130415601             51.5            1485226000       28837631.9
13:52:31.900 INFO  ProgressMeter -       chr8:135105664             51.7            1489914000       28835342.9
13:52:41.901 INFO  ProgressMeter -       chr8:139971259             51.8            1494776000       28836425.4
13:52:51.901 INFO  ProgressMeter -       chr8:144562682             52.0            1499361000       28832165.0
13:53:01.901 INFO  ProgressMeter -         chr9:3042596             52.2            1504058000       28830087.9
13:53:11.901 INFO  ProgressMeter -         chr9:7786640             52.3            1508797000       28828826.6
13:53:21.902 INFO  ProgressMeter -        chr9:12771839             52.5            1513777000       28832154.3
13:53:31.902 INFO  ProgressMeter -        chr9:17637603             52.7            1518635000       28833153.8
13:53:41.903 INFO  ProgressMeter -        chr9:22416714             52.8            1523410000       28832576.0
13:53:51.903 INFO  ProgressMeter -        chr9:27380609             53.0            1528372000       28835520.9
13:54:01.903 INFO  ProgressMeter -        chr9:32340598             53.2            1533325000       28838287.2
13:54:11.905 INFO  ProgressMeter -        chr9:36978388             53.3            1537958000       28835018.4
13:54:21.906 INFO  ProgressMeter -        chr9:43436545             53.5            1543528000       28849292.1
13:54:31.906 INFO  ProgressMeter -        chr9:52006686             53.7            1548796000       28857859.0
13:54:41.908 INFO  ProgressMeter -        chr9:75300689             53.8            1555527000       28893538.8
13:54:51.907 INFO  ProgressMeter -        chr9:81870868             54.0            1561092000       28907415.9
13:55:01.907 INFO  ProgressMeter -        chr9:86693753             54.2            1565914000       28907491.6
13:55:11.907 INFO  ProgressMeter -        chr9:91433323             54.3            1570646000       28905910.4
13:55:21.907 INFO  ProgressMeter -        chr9:96333807             54.5            1575525000       28907036.0
13:55:31.908 INFO  ProgressMeter -       chr9:101114841             54.7            1580301000       28906261.9
13:55:41.909 INFO  ProgressMeter -       chr9:105765975             54.8            1584949000       28903167.0
13:55:51.909 INFO  ProgressMeter -       chr9:110497971             55.0            1589671000       28901427.6
13:56:01.909 INFO  ProgressMeter -       chr9:115324169             55.2            1594490000       28901465.5
13:56:11.909 INFO  ProgressMeter -       chr9:120149080             55.3            1599313000       28901575.6
13:56:21.911 INFO  ProgressMeter -       chr9:124899920             55.5            1604056000       28900234.9
13:56:31.910 INFO  ProgressMeter -       chr9:129648336             55.7            1608742000       28897887.0
13:56:41.910 INFO  ProgressMeter -       chr9:134386580             55.8            1613478000       28896448.7
13:56:51.911 INFO  ProgressMeter -       chr9:139032896             56.0            1618121000       28893358.2
13:57:01.910 INFO  ProgressMeter -       chr9:143626274             56.2            1622712000       28889360.3
13:57:11.910 INFO  ProgressMeter -       chr9:148214469             56.3            1627290000       28885155.4
13:57:21.910 INFO  ProgressMeter -        chr10:2252209             56.5            1631867000       28880957.5
13:57:31.910 INFO  ProgressMeter -        chr10:6983176             56.7            1636590000       28879360.7
13:57:41.912 INFO  ProgressMeter -       chr10:11802006             56.8            1641399000       28879269.4
13:57:51.913 INFO  ProgressMeter -       chr10:16527153             57.0            1646118000       28877608.2
13:58:01.913 INFO  ProgressMeter -       chr10:21374351             57.2            1650960000       28878116.6
13:58:11.915 INFO  ProgressMeter -       chr10:26195494             57.3            1655779000       28878212.5
13:58:21.914 INFO  ProgressMeter -       chr10:30929980             57.5            1660511000       28876803.3
13:58:31.914 INFO  ProgressMeter -       chr10:35736565             57.7            1665314000       28876633.3
13:58:41.915 INFO  ProgressMeter -       chr10:42480370             57.8            1670336000       28880250.9
13:58:51.915 INFO  ProgressMeter -       chr10:47487795             58.0            1675046000       28878460.4
13:59:01.916 INFO  ProgressMeter -       chr10:52490812             58.2            1679881000       28878829.0
13:59:11.916 INFO  ProgressMeter -       chr10:57493071             58.3            1684881000       28882032.1
13:59:21.917 INFO  ProgressMeter -       chr10:62371045             58.5            1689757000       28883089.3
13:59:31.919 INFO  ProgressMeter -       chr10:67265993             58.7            1694636000       28884191.6
13:59:41.919 INFO  ProgressMeter -       chr10:71997484             58.8            1699361000       28882670.2
13:59:51.919 INFO  ProgressMeter -       chr10:76636527             59.0            1703999000       28879691.0
14:00:01.921 INFO  ProgressMeter -       chr10:81342229             59.2            1708682000       28877481.1
14:00:11.921 INFO  ProgressMeter -       chr10:86224011             59.3            1713559000       28878553.0
14:00:21.922 INFO  ProgressMeter -       chr10:90964231             59.5            1718246000       28876425.9
14:00:31.923 INFO  ProgressMeter -       chr10:95739330             59.7            1723018000       28875735.1
14:00:41.924 INFO  ProgressMeter -      chr10:100377527             59.8            1727653000       28872766.6
14:00:51.924 INFO  ProgressMeter -      chr10:105005946             60.0            1732276000       28869606.7
14:01:01.925 INFO  ProgressMeter -      chr10:109873246             60.2            1737135000       28870386.4
14:01:11.927 INFO  ProgressMeter -      chr10:114558070             60.3            1741809000       28868087.8
14:01:21.927 INFO  ProgressMeter -      chr10:119295351             60.5            1746542000       28866792.8
14:01:31.929 INFO  ProgressMeter -      chr10:124003552             60.7            1751245000       28865002.6
14:01:41.928 INFO  ProgressMeter -      chr10:128702658             60.8            1755935000       28863016.4
14:01:51.929 INFO  ProgressMeter -      chr10:133460857             61.0            1760656000       28861541.4
14:02:01.929 INFO  ProgressMeter -        chr11:3488714             61.2            1765223000       28857564.6
14:02:11.931 INFO  ProgressMeter -        chr11:8230687             61.3            1769921000       28855729.6
14:02:21.932 INFO  ProgressMeter -       chr11:12881239             61.5            1774568000       28853083.1
14:02:31.932 INFO  ProgressMeter -       chr11:17602326             61.7            1779285000       28851593.8
14:02:41.933 INFO  ProgressMeter -       chr11:22415035             61.8            1784052000       28850913.3
14:02:51.933 INFO  ProgressMeter -       chr11:27415707             62.0            1789043000       28853856.9
14:03:01.934 INFO  ProgressMeter -       chr11:32306517             62.2            1793933000       28855152.4
14:03:11.934 INFO  ProgressMeter -       chr11:36978696             62.3            1798601000       28852887.4
14:03:21.935 INFO  ProgressMeter -       chr11:41956354             62.5            1803574000       28855506.5
14:03:31.936 INFO  ProgressMeter -       chr11:46659897             62.7            1808258000       28853500.3
14:03:41.939 INFO  ProgressMeter -       chr11:51873904             62.8            1813068000       28853502.2
14:03:51.938 INFO  ProgressMeter -       chr11:58310370             63.0            1817902000       28853900.3
14:04:01.938 INFO  ProgressMeter -       chr11:63010096             63.2            1822527000       28850987.8
14:04:11.939 INFO  ProgressMeter -       chr11:67554517             63.3            1827068000       28846764.4
14:04:21.938 INFO  ProgressMeter -       chr11:72144177             63.5            1831647000       28843161.6
14:04:31.940 INFO  ProgressMeter -       chr11:76718338             63.7            1836219000       28839452.6
14:04:41.940 INFO  ProgressMeter -       chr11:81503806             63.8            1840999000       28839036.3
14:04:51.942 INFO  ProgressMeter -       chr11:86347250             64.0            1845831000       28839427.1
14:05:01.941 INFO  ProgressMeter -       chr11:91410037             64.2            1850734000       28840929.8
14:05:11.942 INFO  ProgressMeter -       chr11:96288492             64.3            1855512000       28840481.8
14:05:21.943 INFO  ProgressMeter -      chr11:101157535             64.5            1860373000       28841308.0
14:05:31.944 INFO  ProgressMeter -      chr11:106052453             64.7            1865266000       28842632.1
14:05:41.945 INFO  ProgressMeter -      chr11:110906650             64.8            1870115000       28843270.9
14:05:51.946 INFO  ProgressMeter -      chr11:115617225             65.0            1874823000       28841737.2
14:06:01.946 INFO  ProgressMeter -      chr11:120224691             65.2            1879425000       28838592.3
14:06:11.946 INFO  ProgressMeter -      chr11:124961618             65.3            1884159000       28837483.7
14:06:21.946 INFO  ProgressMeter -      chr11:129710393             65.5            1888900000       28836487.6
14:06:31.948 INFO  ProgressMeter -      chr11:134428614             65.7            1893616000       28835101.3
14:06:41.948 INFO  ProgressMeter -        chr12:3945454             65.8            1898241000       28832354.4
14:06:51.949 INFO  ProgressMeter -        chr12:8565778             66.0            1902858000       28829492.8
14:07:01.951 INFO  ProgressMeter -       chr12:13237979             66.2            1907524000       28827378.9
14:07:11.952 INFO  ProgressMeter -       chr12:18089628             66.3            1912374000       28828056.6
14:07:21.953 INFO  ProgressMeter -       chr12:22987720             66.5            1917270000       28829422.6
14:07:31.955 INFO  ProgressMeter -       chr12:27796687             66.7            1922075000       28829409.7
14:07:41.956 INFO  ProgressMeter -       chr12:32510269             66.8            1926786000       28828004.7
14:07:51.956 INFO  ProgressMeter -       chr12:39248298             67.0            1931784000       28830890.1
14:08:01.955 INFO  ProgressMeter -       chr12:44142869             67.2            1936673000       28832138.4
14:08:11.956 INFO  ProgressMeter -       chr12:48873349             67.3            1941402000       28830997.4
14:08:21.958 INFO  ProgressMeter -       chr12:53484632             67.5            1946010000       28828069.4
14:08:31.957 INFO  ProgressMeter -       chr12:58090284             67.7            1950613000       28825089.2
14:08:41.957 INFO  ProgressMeter -       chr12:62939487             67.8            1955453000       28825617.2
14:08:51.957 INFO  ProgressMeter -       chr12:67695836             68.0            1960207000       28824877.9
14:09:01.959 INFO  ProgressMeter -       chr12:72436509             68.2            1964943000       28823864.2
14:09:11.959 INFO  ProgressMeter -       chr12:77349837             68.3            1969846000       28825313.2
14:09:21.959 INFO  ProgressMeter -       chr12:82314697             68.5            1974809000       28827631.1
14:09:31.959 INFO  ProgressMeter -       chr12:87329375             68.7            1979818000       28830607.5
14:09:41.959 INFO  ProgressMeter -       chr12:92184254             68.8            1984667000       28831245.2
14:09:51.961 INFO  ProgressMeter -       chr12:96921555             69.0            1989398000       28830155.9
14:10:01.962 INFO  ProgressMeter -      chr12:101705255             69.2            1994178000       28829787.2
14:10:11.962 INFO  ProgressMeter -      chr12:106432746             69.3            1998903000       28828633.9
14:10:21.963 INFO  ProgressMeter -      chr12:111141939             69.5            2003610000       28827227.2
14:10:31.963 INFO  ProgressMeter -      chr12:115835853             69.7            2008297000       28825533.2
14:10:41.964 INFO  ProgressMeter -      chr12:120519143             69.8            2012976000       28823732.8
14:10:51.966 INFO  ProgressMeter -      chr12:125157022             70.0            2017599000       28821141.0
14:11:01.966 INFO  ProgressMeter -      chr12:130025651             70.2            2022448000       28821782.3
14:11:11.966 INFO  ProgressMeter -       chr13:10317268             70.3            2027364000       28823379.9
14:11:21.967 INFO  ProgressMeter -       chr13:20293026             70.5            2032511000       28828239.5
14:11:31.968 INFO  ProgressMeter -       chr13:25072643             70.7            2037275000       28827656.7
14:11:41.969 INFO  ProgressMeter -       chr13:29798675             70.8            2041991000       28826399.0
14:11:51.970 INFO  ProgressMeter -       chr13:34592435             71.0            2046779000       28826161.3
14:12:01.970 INFO  ProgressMeter -       chr13:39457006             71.2            2051626000       28826760.4
14:12:11.971 INFO  ProgressMeter -       chr13:44170095             71.3            2056336000       28825436.3
14:12:21.971 INFO  ProgressMeter -       chr13:48878700             71.5            2061037000       28823985.7
14:12:31.971 INFO  ProgressMeter -       chr13:53672153             71.7            2065807000       28823511.4
14:12:41.971 INFO  ProgressMeter -       chr13:58732235             71.8            2070833000       28826602.8
14:12:51.971 INFO  ProgressMeter -       chr13:63744823             72.0            2075830000       28829277.2
14:13:01.972 INFO  ProgressMeter -       chr13:68770378             72.2            2080851000       28832265.1
14:13:11.973 INFO  ProgressMeter -       chr13:73715935             72.3            2085791000       28834119.5
14:13:21.974 INFO  ProgressMeter -       chr13:78551474             72.5            2090620000       28834434.4
14:13:31.975 INFO  ProgressMeter -       chr13:83583355             72.7            2095646000       28837458.7
14:13:41.976 INFO  ProgressMeter -       chr13:88647290             72.8            2100696000       28840805.3
14:13:51.975 INFO  ProgressMeter -       chr13:93603412             73.0            2105650000       28842821.6
14:14:01.976 INFO  ProgressMeter -       chr13:98378105             73.2            2110420000       28842307.5
14:14:11.977 INFO  ProgressMeter -      chr13:103205938             73.3            2115244000       28842538.6
14:14:21.976 INFO  ProgressMeter -      chr13:108181095             73.5            2120211000       28844714.1
14:14:31.976 INFO  ProgressMeter -      chr13:112941297             73.7            2124944000       28843703.5
14:14:41.977 INFO  ProgressMeter -        chr14:9103903             73.8            2131022000       28860906.6
14:14:51.978 INFO  ProgressMeter -       chr14:16393522             74.0            2135821000       28860749.4
14:15:01.979 INFO  ProgressMeter -       chr14:21124505             74.2            2140548000       28859628.7
14:15:11.979 INFO  ProgressMeter -       chr14:25995906             74.3            2145418000       28860430.2
14:15:21.979 INFO  ProgressMeter -       chr14:30784397             74.5            2150192000       28859946.0
14:15:31.979 INFO  ProgressMeter -       chr14:35699614             74.7            2155104000       28861312.1
14:15:41.979 INFO  ProgressMeter -       chr14:40669835             74.8            2160066000       28863340.3
14:15:51.979 INFO  ProgressMeter -       chr14:45514622             75.0            2164909000       28863772.8
14:16:01.980 INFO  ProgressMeter -       chr14:50254345             75.2            2169646000       28862786.9
14:16:11.982 INFO  ProgressMeter -       chr14:55057377             75.3            2174444000       28862608.7
14:16:21.984 INFO  ProgressMeter -       chr14:59827519             75.5            2179211000       28862020.7
14:16:31.985 INFO  ProgressMeter -       chr14:64504027             75.7            2183883000       28860192.6
14:16:41.985 INFO  ProgressMeter -       chr14:69203260             75.8            2188580000       28858695.8
14:16:51.986 INFO  ProgressMeter -       chr14:73893243             76.0            2193259000       28856968.7
14:17:01.987 INFO  ProgressMeter -       chr14:78807874             76.2            2198172000       28858321.3
14:17:11.987 INFO  ProgressMeter -       chr14:83678587             76.3            2203036000       28859032.3
14:17:21.988 INFO  ProgressMeter -       chr14:88325835             76.5            2207679000       28856845.3
14:17:31.988 INFO  ProgressMeter -       chr14:93030464             76.7            2212381000       28855443.5
14:17:41.988 INFO  ProgressMeter -       chr14:97674666             76.8            2217020000       28853227.9
14:17:52.188 INFO  ProgressMeter -        chr15:2508723             77.0            2221605000       28849071.9
14:18:02.189 INFO  ProgressMeter -       chr15:17974515             77.2            2226508000       28850294.3
14:18:12.190 INFO  ProgressMeter -       chr15:23036365             77.3            2231070000       28847102.4
14:18:22.191 INFO  ProgressMeter -       chr15:28094141             77.5            2235932000       28847794.9
14:18:32.191 INFO  ProgressMeter -       chr15:33156433             77.7            2240705000       28847344.7
14:18:42.192 INFO  ProgressMeter -       chr15:37973211             77.8            2245521000       28847442.7
14:18:52.192 INFO  ProgressMeter -       chr15:42683016             78.0            2250170000       28845405.6
14:19:02.194 INFO  ProgressMeter -       chr15:47476516             78.2            2254962000       28845200.4
14:19:12.194 INFO  ProgressMeter -       chr15:52236557             78.3            2259719000       28844549.2
14:19:22.194 INFO  ProgressMeter -       chr15:57001603             78.5            2264482000       28843983.3
14:19:32.194 INFO  ProgressMeter -       chr15:61710511             78.7            2269188000       28842695.3
14:19:42.194 INFO  ProgressMeter -       chr15:66358729             78.8            2273826000       28840550.3
14:19:52.195 INFO  ProgressMeter -       chr15:71100017             79.0            2278551000       28839515.5
14:20:02.194 INFO  ProgressMeter -       chr15:75795301             79.2            2283166000       28837095.7
14:20:12.195 INFO  ProgressMeter -       chr15:80499972             79.3            2287842000       28835448.9
14:20:22.196 INFO  ProgressMeter -       chr15:85413323             79.5            2292590000       28834714.5
14:20:32.197 INFO  ProgressMeter -       chr15:90067880             79.7            2297241000       28832771.8
14:20:42.196 INFO  ProgressMeter -       chr15:94874048             79.8            2302044000       28832740.9
14:20:52.197 INFO  ProgressMeter -       chr15:99602782             80.0            2306755000       28831554.3
14:21:02.198 INFO  ProgressMeter -        chr16:4552255             80.2            2311324000       28828601.5
14:21:12.198 INFO  ProgressMeter -        chr16:9302873             80.3            2316071000       28827882.5
14:21:22.198 INFO  ProgressMeter -       chr16:14014041             80.5            2320775000       28826632.4
14:21:32.200 INFO  ProgressMeter -       chr16:19199539             80.7            2325628000       28827228.4
14:21:42.200 INFO  ProgressMeter -       chr16:24547891             80.8            2330443000       28827357.8
14:21:52.200 INFO  ProgressMeter -       chr16:29459247             81.0            2335170000       28826394.4
14:22:02.203 INFO  ProgressMeter -       chr16:36670257             81.2            2340505000       28832913.2
14:22:12.204 INFO  ProgressMeter -       chr16:52792776             81.3            2345520000       28835483.0
14:22:22.205 INFO  ProgressMeter -       chr16:57484059             81.5            2350210000       28834055.0
14:22:32.206 INFO  ProgressMeter -       chr16:62323176             81.7            2354989000       28833722.5
14:22:42.207 INFO  ProgressMeter -       chr16:67100104             81.8            2359763000       28833330.3
14:22:52.207 INFO  ProgressMeter -       chr16:72042423             82.0            2364697000       28834896.5
14:23:02.208 INFO  ProgressMeter -       chr16:76712134             82.2            2369344000       28832958.0
14:23:12.208 INFO  ProgressMeter -       chr16:81699824             82.3            2374147000       28832927.7
14:23:22.208 INFO  ProgressMeter -       chr16:86556227             82.5            2378986000       28833333.9
14:23:32.209 INFO  ProgressMeter -       chr16:91247585             82.7            2383668000       28831833.6
14:23:42.210 INFO  ProgressMeter -       chr16:95804340             82.8            2388199000       28828516.6
14:23:52.211 INFO  ProgressMeter -        chr17:4239588             83.0            2392887000       28827104.3
14:24:02.213 INFO  ProgressMeter -        chr17:8864945             83.2            2397504000       28824844.0
14:24:12.213 INFO  ProgressMeter -       chr17:13647888             83.3            2402283000       28824536.6
14:24:22.214 INFO  ProgressMeter -       chr17:18373348             83.5            2406952000       28822913.2
14:24:32.214 INFO  ProgressMeter -       chr17:23716325             83.7            2411698000       28822222.2
14:24:42.215 INFO  ProgressMeter -       chr17:31041273             83.8            2416091000       28817317.9
14:24:52.215 INFO  ProgressMeter -       chr17:35713553             84.0            2420751000       28815617.0
14:25:02.216 INFO  ProgressMeter -       chr17:40519644             84.2            2425288000       28812456.0
14:25:12.217 INFO  ProgressMeter -       chr17:45148321             84.3            2429861000       28809739.9
14:25:22.216 INFO  ProgressMeter -       chr17:49833456             84.5            2434248000       28804833.6
14:25:32.216 INFO  ProgressMeter -       chr17:54568529             84.7            2438980000       28804021.0
14:25:42.217 INFO  ProgressMeter -       chr17:59293929             84.8            2443702000       28803093.8
14:25:52.218 INFO  ProgressMeter -       chr17:64074960             85.0            2448456000       28802535.3
14:26:02.219 INFO  ProgressMeter -       chr17:68754225             85.2            2453121000       28800945.3
14:26:12.219 INFO  ProgressMeter -       chr17:73618965             85.3            2457977000       28801594.1
14:26:22.220 INFO  ProgressMeter -       chr17:78186482             85.5            2462543000       28798848.8
14:26:32.221 INFO  ProgressMeter -       chr17:82753609             85.7            2467101000       28796020.8
14:26:42.221 INFO  ProgressMeter -        chr18:3580181             85.8            2471803000       28794886.9
14:26:52.223 INFO  ProgressMeter -        chr18:8420351             86.0            2476641000       28795327.4
14:27:02.224 INFO  ProgressMeter -       chr18:13109570             86.2            2481326000       28793996.4
14:27:12.225 INFO  ProgressMeter -       chr18:21744051             86.3            2486166000       28794471.3
14:27:22.226 INFO  ProgressMeter -       chr18:26505975             86.5            2490924000       28793990.9
14:27:32.227 INFO  ProgressMeter -       chr18:31451305             86.7            2495863000       28795600.6
14:27:42.227 INFO  ProgressMeter -       chr18:36302642             86.8            2500713000       28796184.8
14:27:52.228 INFO  ProgressMeter -       chr18:41174226             87.0            2505578000       28796933.6
14:28:02.227 INFO  ProgressMeter -       chr18:46044152             87.2            2510441000       28797662.2
14:28:12.228 INFO  ProgressMeter -       chr18:50809185             87.3            2515138000       28796481.9
14:28:22.228 INFO  ProgressMeter -       chr18:55650342             87.5            2519977000       28796934.2
14:28:32.229 INFO  ProgressMeter -       chr18:60427025             87.7            2524748000       28796603.8
14:28:42.229 INFO  ProgressMeter -       chr18:65251462             87.8            2529567000       28796826.6
14:28:52.230 INFO  ProgressMeter -       chr18:70253824             88.0            2534567000       28799099.6
14:29:02.231 INFO  ProgressMeter -       chr18:75138670             88.2            2539441000       28799935.1
14:29:12.232 INFO  ProgressMeter -       chr18:79898787             88.3            2544185000       28799295.9
14:29:22.232 INFO  ProgressMeter -        chr19:4139972             88.5            2548811000       28797331.3
14:29:32.232 INFO  ProgressMeter -        chr19:8987429             88.7            2553493000       28796005.6
14:29:42.232 INFO  ProgressMeter -       chr19:13684337             88.8            2558187000       28794820.0
14:29:52.232 INFO  ProgressMeter -       chr19:18370735             89.0            2562866000       28793470.3
14:30:02.233 INFO  ProgressMeter -       chr19:23100130             89.2            2567592000       28792647.3
14:30:12.234 INFO  ProgressMeter -       chr19:31140992             89.3            2572696000       28796058.3
14:30:22.234 INFO  ProgressMeter -       chr19:35908240             89.5            2577459000       28795652.3
14:30:32.235 INFO  ProgressMeter -       chr19:40915099             89.7            2582166000       28794617.9
14:30:42.235 INFO  ProgressMeter -       chr19:45557510             89.8            2586793000       28792702.3
14:30:52.236 INFO  ProgressMeter -       chr19:50228843             90.0            2591460000       28791232.8
14:31:02.237 INFO  ProgressMeter -       chr19:55192496             90.2            2596136000       28789868.6
14:31:12.237 INFO  ProgressMeter -       chr19:59937512             90.3            2600859000       28789035.0
14:31:22.238 INFO  ProgressMeter -        chr20:2943951             90.5            2605534000       28787668.8
14:31:32.239 INFO  ProgressMeter -        chr20:7628920             90.7            2610211000       28786329.7
14:31:42.239 INFO  ProgressMeter -       chr20:12461055             90.8            2615038000       28786652.0
14:31:52.240 INFO  ProgressMeter -       chr20:17328068             91.0            2619902000       28787374.4
14:32:02.241 INFO  ProgressMeter -       chr20:22057817             91.2            2624626000       28786563.9
14:32:12.243 INFO  ProgressMeter -       chr20:27954918             91.3            2629218000       28784295.5
14:32:22.243 INFO  ProgressMeter -       chr20:34460126             91.5            2633758000       28781482.9
14:32:32.243 INFO  ProgressMeter -       chr20:39100198             91.7            2638396000       28779749.4
14:32:42.243 INFO  ProgressMeter -       chr20:43741727             91.8            2643033000       28778011.4
14:32:52.245 INFO  ProgressMeter -       chr20:48405355             92.0            2647691000       28776502.7
14:33:02.246 INFO  ProgressMeter -       chr20:53038684             92.2            2652294000       28774397.5
14:33:12.246 INFO  ProgressMeter -       chr20:57844738             92.3            2657094000       28774443.7
14:33:22.246 INFO  ProgressMeter -       chr20:62509228             92.5            2661757000       28773008.8
14:33:32.247 INFO  ProgressMeter -        chr21:1259046             92.7            2666247000       28769712.4
14:33:42.246 INFO  ProgressMeter -       chr21:10415003             92.8            2670922000       28768420.4
14:33:52.248 INFO  ProgressMeter -       chr21:15538659             93.0            2675650000       28767697.7
14:34:02.247 INFO  ProgressMeter -       chr21:20509499             93.2            2680612000       28769494.1
14:34:12.248 INFO  ProgressMeter -       chr21:25487201             93.3            2685587000       28771418.3
14:34:22.249 INFO  ProgressMeter -       chr21:30305757             93.5            2690404000       28771651.0
14:34:32.250 INFO  ProgressMeter -       chr21:34973716             93.7            2695068000       28770239.4
14:34:42.251 INFO  ProgressMeter -       chr21:39667610             93.8            2699757000       28769104.3
14:34:52.253 INFO  ProgressMeter -       chr21:44235738             94.0            2704307000       28766489.6
14:35:02.253 INFO  ProgressMeter -        chr22:8173255             94.2            2708834000       28763650.0
14:35:12.253 INFO  ProgressMeter -       chr22:16386998             94.3            2713869000       28766205.2
14:35:22.253 INFO  ProgressMeter -       chr22:21186057             94.5            2718521000       28764698.8
14:35:32.253 INFO  ProgressMeter -       chr22:25934802             94.7            2723096000       28762384.4
14:35:42.253 INFO  ProgressMeter -       chr22:30570310             94.8            2727724000       28760637.0
14:35:52.254 INFO  ProgressMeter -       chr22:35231164             95.0            2732380000       28759185.3
14:36:02.255 INFO  ProgressMeter -       chr22:39782655             95.2            2736924000       28756562.0
14:36:12.255 INFO  ProgressMeter -       chr22:44385369             95.3            2741515000       28754445.8
14:36:22.256 INFO  ProgressMeter -       chr22:48994128             95.5            2746116000       28752436.7
14:36:32.256 INFO  ProgressMeter -         chrX:2475462             95.7            2750845000       28751777.5
14:36:42.257 INFO  ProgressMeter -         chrX:7429067             95.8            2755783000       28753296.2
14:36:52.257 INFO  ProgressMeter -        chrX:12306177             96.0            2760631000       28753877.2
14:37:02.258 INFO  ProgressMeter -        chrX:17104928             96.2            2765427000       28753915.6
14:37:12.258 INFO  ProgressMeter -        chrX:21954568             96.3            2770274000       28754483.1
14:37:22.258 INFO  ProgressMeter -        chrX:26848711             96.5            2775157000       28755421.8
14:37:32.258 INFO  ProgressMeter -        chrX:31776347             96.7            2780077000       28756734.9
14:37:42.258 INFO  ProgressMeter -        chrX:36767425             96.8            2785059000       28758688.7
14:37:52.258 INFO  ProgressMeter -        chrX:41511681             97.0            2789800000       28758151.5
14:38:02.258 INFO  ProgressMeter -        chrX:46311910             97.2            2794592000       28758141.0
14:38:12.259 INFO  ProgressMeter -        chrX:51389302             97.3            2799369000       28757971.4
14:38:22.259 INFO  ProgressMeter -        chrX:56514234             97.5            2804164000       28757992.0
14:38:32.260 INFO  ProgressMeter -        chrX:63722271             97.7            2809286000       28761355.4
14:38:42.261 INFO  ProgressMeter -        chrX:68550019             97.8            2814107000       28761630.9
14:38:52.261 INFO  ProgressMeter -        chrX:73649454             98.0            2818933000       28761961.5
14:39:02.262 INFO  ProgressMeter -        chrX:78563254             98.2            2823836000       28763070.3
14:39:12.262 INFO  ProgressMeter -        chrX:83546027             98.3            2828809000       28764892.1
14:39:22.263 INFO  ProgressMeter -        chrX:88624947             98.5            2833875000       28767646.8
14:39:32.264 INFO  ProgressMeter -        chrX:93728888             98.7            2838972000       28770706.5
14:39:42.266 INFO  ProgressMeter -        chrX:98709892             98.8            2843948000       28772531.6
14:39:52.266 INFO  ProgressMeter -       chrX:103827249             99.0            2848772000       28772815.4
14:40:02.267 INFO  ProgressMeter -       chrX:108688213             99.2            2853600000       28773138.6
14:40:12.268 INFO  ProgressMeter -       chrX:113558916             99.3            2858458000       28773767.5
14:40:22.268 INFO  ProgressMeter -       chrX:118613190             99.5            2863310000       28774329.2
14:40:32.269 INFO  ProgressMeter -       chrX:123560205             99.7            2868217000       28775440.8
14:40:42.269 INFO  ProgressMeter -       chrX:128528364             99.8            2873175000       28777064.3
14:40:52.270 INFO  ProgressMeter -       chrX:133369954            100.0            2878013000       28777477.7
14:41:02.270 INFO  ProgressMeter -       chrX:138385280            100.2            2882861000       28777994.3
14:41:12.270 INFO  ProgressMeter -       chrX:143569572            100.3            2887875000       28780163.5
14:41:22.272 INFO  ProgressMeter -       chrX:148599710            100.5            2892797000       28781405.5
14:41:32.275 INFO  ProgressMeter -       chrX:153740433            100.7            2897556000       28781010.0
14:41:41.244 INFO  GetPileupSummaries - 0 read(s) filtered by: MappingQualityAvailableReadFilter 
35530467 read(s) filtered by: MappingQualityNotZeroReadFilter 
0 read(s) filtered by: MappedReadFilter 
272199 read(s) filtered by: PrimaryLineReadFilter 
90107254 read(s) filtered by: NotDuplicateReadFilter 
0 read(s) filtered by: PassesVendorQualityCheckReadFilter 
0 read(s) filtered by: NonZeroReferenceLengthAlignmentReadFilter 
2064131 read(s) filtered by: MateOnSameContigOrNoMappedMateReadFilter 
0 read(s) filtered by: GoodCigarReadFilter 
0 read(s) filtered by: WellformedReadFilter 
127974051 total reads filtered out of 630873108 reads processed
14:41:41.245 INFO  ProgressMeter -           chrM:16177            100.8            2898546392       28748157.5
14:41:41.245 INFO  ProgressMeter - Traversal complete. Processed 2898546392 total loci in 100.8 minutes.
14:41:41.246 INFO  GetPileupSummaries - Shutting down engine
[April 27, 2024 at 2:41:41 PM CEST] org.broadinstitute.hellbender.tools.walkers.contamination.GetPileupSummaries done. Elapsed time: 100.84 minutes.
Runtime.totalMemory()=1224736768
Tool returned:
SUCCESS
