Using GATK jar /lustre1/project/stg_00096/home/rdewin/system/miniconda/envs/WGS/share/gatk4-4.5.0.0-0/gatk-package-4.5.0.0-local.jar
Running:
    java -Dsamjdk.use_async_io_read_samtools=false -Dsamjdk.use_async_io_write_samtools=true -Dsamjdk.use_async_io_write_tribble=false -Dsamjdk.compression_level=2 -jar /lustre1/project/stg_00096/home/rdewin/system/miniconda/envs/WGS/share/gatk4-4.5.0.0-0/gatk-package-4.5.0.0-local.jar FilterMutectCalls -R resources/genome.fa -V results/mutect2/P023/P023_variants.vcf --contamination-table results/mutect2/P023/P023_contamination.table --ob-priors results/mutect2/read_orientation_model.tar.gz -O results/mutect2/P023/P023_filtered_variants.vcf
19:47:04.407 INFO  NativeLibraryLoader - Loading libgkl_compression.so from jar:file:/lustre1/project/stg_00096/home/rdewin/system/miniconda/envs/WGS/share/gatk4-4.5.0.0-0/gatk-package-4.5.0.0-local.jar!/com/intel/gkl/native/libgkl_compression.so
19:47:05.146 INFO  FilterMutectCalls - ------------------------------------------------------------
19:47:05.150 INFO  FilterMutectCalls - The Genome Analysis Toolkit (GATK) v4.5.0.0
19:47:05.150 INFO  FilterMutectCalls - For support and documentation go to https://software.broadinstitute.org/gatk/
19:47:05.150 INFO  FilterMutectCalls - Executing as vsc35407@i28l10 on Linux v4.18.0-513.24.1.el8_9.x86_64 amd64
19:47:05.152 INFO  FilterMutectCalls - Java runtime: OpenJDK 64-Bit Server VM v17.0.10-internal+0-adhoc..src
19:47:05.153 INFO  FilterMutectCalls - Start Date/Time: April 29, 2024 at 7:47:04 PM CEST
19:47:05.153 INFO  FilterMutectCalls - ------------------------------------------------------------
19:47:05.153 INFO  FilterMutectCalls - ------------------------------------------------------------
19:47:05.154 INFO  FilterMutectCalls - HTSJDK Version: 4.1.0
19:47:05.154 INFO  FilterMutectCalls - Picard Version: 3.1.1
19:47:05.154 INFO  FilterMutectCalls - Built for Spark Version: 3.5.0
19:47:05.155 INFO  FilterMutectCalls - HTSJDK Defaults.COMPRESSION_LEVEL : 2
19:47:05.155 INFO  FilterMutectCalls - HTSJDK Defaults.USE_ASYNC_IO_READ_FOR_SAMTOOLS : false
19:47:05.155 INFO  FilterMutectCalls - HTSJDK Defaults.USE_ASYNC_IO_WRITE_FOR_SAMTOOLS : true
19:47:05.155 INFO  FilterMutectCalls - HTSJDK Defaults.USE_ASYNC_IO_WRITE_FOR_TRIBBLE : false
19:47:05.155 INFO  FilterMutectCalls - Deflater: IntelDeflater
19:47:05.155 INFO  FilterMutectCalls - Inflater: IntelInflater
19:47:05.157 INFO  FilterMutectCalls - GCS max retries/reopens: 20
19:47:05.157 INFO  FilterMutectCalls - Requester pays: disabled
19:47:05.157 INFO  FilterMutectCalls - Initializing engine
19:47:05.388 INFO  FeatureManager - Using codec VCFCodec to read file file:///lustre1/project/stg_00096/home/rdewin/WGS/results/mutect2/P023/P023_variants.vcf
19:47:05.613 INFO  FilterMutectCalls - Done initializing engine
19:47:05.892 INFO  IOUtils - Extracting data from archive: file:///lustre1/project/stg_00096/home/rdewin/WGS/results/mutect2/read_orientation_model.tar.gz
19:47:05.899 INFO  IOUtils - Extracting file: ./P022_tumor.orientation_priors
19:47:05.899 INFO  IOUtils - Extracting file: ./P013_tumor_tumor.orientation_priors
19:47:05.902 INFO  IOUtils - Extracting file: ./P018_tumor.orientation_priors
19:47:05.902 INFO  IOUtils - Extracting file: ./P024_tumor.orientation_priors
19:47:05.912 INFO  IOUtils - Extracting file: ./P016_tumor.orientation_priors
19:47:05.919 INFO  IOUtils - Extracting file: ./P020_tumor.orientation_priors
19:47:05.920 INFO  IOUtils - Extracting file: ./P026_tumor.orientation_priors
19:47:05.928 INFO  IOUtils - Extracting file: ./P028_tumor.orientation_priors
19:47:05.928 INFO  IOUtils - Extracting file: ./P023_tumor.orientation_priors
19:47:05.929 INFO  IOUtils - Extracting file: ./P019_tumor.orientation_priors
19:47:06.196 INFO  ProgressMeter - Starting traversal
19:47:06.196 INFO  ProgressMeter -        Current Locus  Elapsed Minutes    Variants Processed  Variants/Minute
19:47:06.197 INFO  FilterMutectCalls - Starting pass 0 through the variants
19:47:16.253 INFO  ProgressMeter -        chr4:88020539              0.2                 34000         203025.5
19:47:26.341 INFO  ProgressMeter -       chr14:39464431              0.3                103000         306806.3
19:47:32.579 INFO  FilterMutectCalls - Finished pass 0 through the variants
19:47:42.197 INFO  FilterMutectCalls - Starting pass 1 through the variants
19:47:42.296 INFO  ProgressMeter -        chr1:10931378              0.6                146000         242672.7
19:47:52.356 INFO  ProgressMeter -        chr9:64573718              0.8                214000         278175.0
19:48:02.478 INFO  ProgressMeter -        chrX:90530283              0.9                288000         307030.8
19:48:02.877 INFO  FilterMutectCalls - Finished pass 1 through the variants
19:48:05.811 INFO  FilterMutectCalls - Starting pass 2 through the variants
19:48:12.543 INFO  ProgressMeter -       chr5:148439792              1.1                335000         302957.2
19:48:22.590 INFO  ProgressMeter -       chr17:12841294              1.3                406000         318881.6
19:48:26.725 INFO  FilterMutectCalls - Finished pass 2 through the variants
19:48:26.755 INFO  FilterMutectCalls - Starting pass 3 through the variants
19:48:32.674 INFO  ProgressMeter -        chr4:40325016              1.4                468000         324714.4
19:48:42.798 INFO  ProgressMeter -       chr12:57723368              1.6                527000         327325.8
19:48:51.987 INFO  FilterMutectCalls - Finished pass 3 through the variants
19:48:51.997 INFO  FilterMutectCalls - No variants filtered by: AllowAllVariantsVariantFilter
19:48:51.997 INFO  FilterMutectCalls - 0 read(s) filtered by: AllowAllReadsReadFilter 

19:48:51.998 INFO  ProgressMeter -       chrX:137960981              1.8                581692         329882.0
19:48:51.998 INFO  ProgressMeter - Traversal complete. Processed 581692 total variants in 1.8 minutes.
19:48:52.155 INFO  FilterMutectCalls - Shutting down engine
[April 29, 2024 at 7:48:52 PM CEST] org.broadinstitute.hellbender.tools.walkers.mutect.filtering.FilterMutectCalls done. Elapsed time: 1.80 minutes.
Runtime.totalMemory()=1442840576
