Using GATK jar /lustre1/project/stg_00096/home/rdewin/system/miniconda/envs/WGS/share/gatk4-4.5.0.0-0/gatk-package-4.5.0.0-local.jar
Running:
    java -Dsamjdk.use_async_io_read_samtools=false -Dsamjdk.use_async_io_write_samtools=true -Dsamjdk.use_async_io_write_tribble=false -Dsamjdk.compression_level=2 -jar /lustre1/project/stg_00096/home/rdewin/system/miniconda/envs/WGS/share/gatk4-4.5.0.0-0/gatk-package-4.5.0.0-local.jar GetPileupSummaries -I results/recal/P023/P023_dna_tumor_recal.bam -L resources/filtered_gnomad_chr.vcf.gz -V resources/filtered_gnomad_chr.vcf.gz -O results/mutect2/P023/P023_tumor_pileup_summaries.table
14:00:06.369 INFO  NativeLibraryLoader - Loading libgkl_compression.so from jar:file:/lustre1/project/stg_00096/home/rdewin/system/miniconda/envs/WGS/share/gatk4-4.5.0.0-0/gatk-package-4.5.0.0-local.jar!/com/intel/gkl/native/libgkl_compression.so
14:00:06.486 INFO  GetPileupSummaries - ------------------------------------------------------------
14:00:06.489 INFO  GetPileupSummaries - The Genome Analysis Toolkit (GATK) v4.5.0.0
14:00:06.489 INFO  GetPileupSummaries - For support and documentation go to https://software.broadinstitute.org/gatk/
14:00:06.490 INFO  GetPileupSummaries - Executing as vsc35407@g28l12 on Linux v4.18.0-513.24.1.el8_9.x86_64 amd64
14:00:06.490 INFO  GetPileupSummaries - Java runtime: OpenJDK 64-Bit Server VM v17.0.10-internal+0-adhoc..src
14:00:06.490 INFO  GetPileupSummaries - Start Date/Time: July 14, 2024 at 2:00:06 PM CEST
14:00:06.490 INFO  GetPileupSummaries - ------------------------------------------------------------
14:00:06.490 INFO  GetPileupSummaries - ------------------------------------------------------------
14:00:06.491 INFO  GetPileupSummaries - HTSJDK Version: 4.1.0
14:00:06.491 INFO  GetPileupSummaries - Picard Version: 3.1.1
14:00:06.491 INFO  GetPileupSummaries - Built for Spark Version: 3.5.0
14:00:06.491 INFO  GetPileupSummaries - HTSJDK Defaults.COMPRESSION_LEVEL : 2
14:00:06.491 INFO  GetPileupSummaries - HTSJDK Defaults.USE_ASYNC_IO_READ_FOR_SAMTOOLS : false
14:00:06.491 INFO  GetPileupSummaries - HTSJDK Defaults.USE_ASYNC_IO_WRITE_FOR_SAMTOOLS : true
14:00:06.492 INFO  GetPileupSummaries - HTSJDK Defaults.USE_ASYNC_IO_WRITE_FOR_TRIBBLE : false
14:00:06.492 INFO  GetPileupSummaries - Deflater: IntelDeflater
14:00:06.492 INFO  GetPileupSummaries - Inflater: IntelInflater
14:00:06.492 INFO  GetPileupSummaries - GCS max retries/reopens: 20
14:00:06.492 INFO  GetPileupSummaries - Requester pays: disabled
14:00:06.493 INFO  GetPileupSummaries - Initializing engine
14:00:06.604 INFO  FeatureManager - Using codec VCFCodec to read file file:///lustre1/project/stg_00096/home/rdewin/WGS/resources/filtered_gnomad_chr.vcf.gz
14:00:06.709 INFO  FeatureManager - Using codec VCFCodec to read file file:///lustre1/project/stg_00096/home/rdewin/WGS/resources/filtered_gnomad_chr.vcf.gz
14:01:30.080 INFO  IntervalArgumentCollection - Processing 8916026 bp from intervals
14:01:30.277 INFO  GetPileupSummaries - Done initializing engine
14:01:30.285 INFO  ProgressMeter - Starting traversal
14:01:30.285 INFO  ProgressMeter -        Current Locus  Elapsed Minutes        Loci Processed      Loci/Minute
14:02:09.679 INFO  ProgressMeter -          chr1:253220              0.7                  1000           1523.2
14:02:19.766 INFO  ProgressMeter -         chr1:5546365              0.8                 24000          29102.7
14:02:30.127 INFO  ProgressMeter -        chr1:12315775              1.0                 46000          46121.5
14:02:40.233 INFO  ProgressMeter -        chr1:18590082              1.2                 70000          60044.6
14:02:50.251 INFO  ProgressMeter -        chr1:25537129              1.3                 91000          68279.0
14:03:00.675 INFO  ProgressMeter -        chr1:33299492              1.5                112000          74344.5
14:03:11.027 INFO  ProgressMeter -        chr1:40795786              1.7                133000          79213.0
14:03:21.271 INFO  ProgressMeter -        chr1:48260999              1.8                152000          82172.5
14:03:31.442 INFO  ProgressMeter -        chr1:55693073              2.0                172000          85179.4
14:03:41.969 INFO  ProgressMeter -        chr1:62767824              2.2                193000          87937.8
14:03:52.251 INFO  ProgressMeter -        chr1:70164442              2.4                213000          90021.6
14:04:02.546 INFO  ProgressMeter -        chr1:78148115              2.5                233000          91816.0
14:04:12.817 INFO  ProgressMeter -        chr1:85226466              2.7                254000          93766.2
14:04:23.336 INFO  ProgressMeter -        chr1:93295450              2.9                275000          95348.2
14:04:33.526 INFO  ProgressMeter -       chr1:100882544              3.1                295000          96594.1
14:04:43.639 INFO  ProgressMeter -       chr1:107963395              3.2                317000          98369.3
14:04:53.725 INFO  ProgressMeter -       chr1:115376775              3.4                337000          99391.0
14:05:04.091 INFO  ProgressMeter -       chr1:142941066              3.6                361000         101307.3
14:05:14.623 INFO  ProgressMeter -       chr1:151433946              3.7                383000         102434.7
14:05:24.845 INFO  ProgressMeter -       chr1:158587492              3.9                404000         103342.9
14:05:35.070 INFO  ProgressMeter -       chr1:165695168              4.1                425000         104173.0
14:05:45.343 INFO  ProgressMeter -       chr1:172831935              4.3                446000         104917.3
14:05:55.638 INFO  ProgressMeter -       chr1:180627239              4.4                466000         105369.1
14:06:05.915 INFO  ProgressMeter -       chr1:188258021              4.6                487000         106012.1
14:06:16.294 INFO  ProgressMeter -       chr1:196005814              4.8                509000         106779.9
14:06:26.755 INFO  ProgressMeter -       chr1:203576340              4.9                530000         107262.5
14:06:36.887 INFO  ProgressMeter -       chr1:210444391              5.1                550000         107631.7
14:06:46.986 INFO  ProgressMeter -       chr1:217251493              5.3                571000         108177.7
14:06:57.281 INFO  ProgressMeter -       chr1:224637289              5.4                592000         108625.5
14:07:07.623 INFO  ProgressMeter -       chr1:231983518              5.6                613000         109030.4
14:07:17.641 INFO  ProgressMeter -       chr1:238573304              5.8                635000         109685.7
14:07:27.969 INFO  ProgressMeter -       chr1:245418003              6.0                657000         110209.3
14:07:37.980 INFO  ProgressMeter -         chr2:2672034              6.1                680000         110961.5
14:07:48.336 INFO  ProgressMeter -         chr2:9411048              6.3                703000         111572.2
14:07:58.427 INFO  ProgressMeter -        chr2:16093654              6.5                725000         112072.4
14:08:08.844 INFO  ProgressMeter -        chr2:23292446              6.6                747000         112455.1
14:08:19.318 INFO  ProgressMeter -        chr2:31053503              6.8                767000         112509.3
14:08:29.563 INFO  ProgressMeter -        chr2:37707585              7.0                790000         113051.5
14:08:39.761 INFO  ProgressMeter -        chr2:44290039              7.2                812000         113440.6
14:08:49.959 INFO  ProgressMeter -        chr2:50667734              7.3                833000         113675.4
14:08:59.967 INFO  ProgressMeter -        chr2:57007430              7.5                855000         114080.6
14:09:10.166 INFO  ProgressMeter -        chr2:64815360              7.7                875000         114160.0
14:09:20.384 INFO  ProgressMeter -        chr2:71516597              7.8                897000         114486.5
14:09:30.628 INFO  ProgressMeter -        chr2:78560128              8.0                918000         114668.3
14:09:40.687 INFO  ProgressMeter -        chr2:85196481              8.2                940000         115007.7
14:09:51.298 INFO  ProgressMeter -        chr2:97277911              8.4                964000         115446.1
14:10:01.371 INFO  ProgressMeter -       chr2:104949000              8.5                983000         115401.3
14:10:11.653 INFO  ProgressMeter -       chr2:112859977              8.7               1004000         115542.2
14:10:22.011 INFO  ProgressMeter -       chr2:119912294              8.9               1026000         115774.1
14:10:32.073 INFO  ProgressMeter -       chr2:126987699              9.0               1047000         115949.4
14:10:42.210 INFO  ProgressMeter -       chr2:133509199              9.2               1070000         116320.2
14:10:52.343 INFO  ProgressMeter -       chr2:140565997              9.4               1091000         116465.1
14:11:02.638 INFO  ProgressMeter -       chr2:148461386              9.5               1111000         116466.8
14:11:12.687 INFO  ProgressMeter -       chr2:155997759              9.7               1130000         116414.6
14:11:23.064 INFO  ProgressMeter -       chr2:163772227              9.9               1150000         116400.9
14:11:33.470 INFO  ProgressMeter -       chr2:171035371             10.1               1171000         116481.9
14:11:43.653 INFO  ProgressMeter -       chr2:178377206             10.2               1191000         116504.3
14:11:53.667 INFO  ProgressMeter -       chr2:185427708             10.4               1211000         116557.7
14:12:04.098 INFO  ProgressMeter -       chr2:193686392             10.6               1231000         116533.0
14:12:14.128 INFO  ProgressMeter -       chr2:201720888             10.7               1250000         116488.0
14:12:24.211 INFO  ProgressMeter -       chr2:209533296             10.9               1269000         116435.2
14:12:34.566 INFO  ProgressMeter -       chr2:216604315             11.1               1290000         116517.0
14:12:44.773 INFO  ProgressMeter -       chr2:223728690             11.2               1311000         116622.0
14:12:55.219 INFO  ProgressMeter -       chr2:231052117             11.4               1333000         116770.5
14:13:05.423 INFO  ProgressMeter -       chr2:237249935             11.6               1355000         116955.2
14:13:15.794 INFO  ProgressMeter -          chr3:454781             11.8               1378000         117192.0
14:13:26.017 INFO  ProgressMeter -         chr3:6180502             11.9               1402000         117530.2
14:13:36.138 INFO  ProgressMeter -        chr3:12472798             12.1               1423000         117627.3
14:13:46.201 INFO  ProgressMeter -        chr3:18966547             12.3               1443000         117649.3
14:13:56.276 INFO  ProgressMeter -        chr3:25247869             12.4               1465000         117829.8
14:14:06.640 INFO  ProgressMeter -        chr3:31844260             12.6               1487000         117960.5
14:14:17.108 INFO  ProgressMeter -        chr3:39152706             12.8               1508000         117993.3
14:14:27.129 INFO  ProgressMeter -        chr3:46290376             12.9               1528000         118016.1
14:14:37.619 INFO  ProgressMeter -        chr3:55034406             13.1               1546000         117815.3
14:14:47.864 INFO  ProgressMeter -        chr3:61705774             13.3               1567000         117881.7
14:14:58.175 INFO  ProgressMeter -        chr3:68202255             13.5               1589000         118011.1
14:15:08.255 INFO  ProgressMeter -        chr3:75245036             13.6               1609000         118024.0
14:15:18.533 INFO  ProgressMeter -        chr3:82589710             13.8               1631000         118153.2
14:15:28.670 INFO  ProgressMeter -        chr3:90177007             14.0               1652000         118227.3
14:15:38.756 INFO  ProgressMeter -       chr3:102741217             14.1               1676000         118519.1
14:15:49.301 INFO  ProgressMeter -       chr3:110403946             14.3               1698000         118600.8
14:15:59.503 INFO  ProgressMeter -       chr3:117826192             14.5               1718000         118589.5
14:16:09.553 INFO  ProgressMeter -       chr3:124919027             14.7               1738000         118598.7
14:16:19.886 INFO  ProgressMeter -       chr3:131576277             14.8               1759000         118637.6
14:16:30.216 INFO  ProgressMeter -       chr3:138333609             15.0               1780000         118675.9
14:16:40.671 INFO  ProgressMeter -       chr3:146260576             15.2               1800000         118631.0
14:16:50.873 INFO  ProgressMeter -       chr3:153270766             15.3               1822000         118750.3
14:17:01.078 INFO  ProgressMeter -       chr3:160404425             15.5               1843000         118801.9
14:17:11.430 INFO  ProgressMeter -       chr3:167901332             15.7               1864000         118834.0
14:17:21.759 INFO  ProgressMeter -       chr3:174744148             15.9               1886000         118931.3
14:17:32.252 INFO  ProgressMeter -       chr3:182019787             16.0               1908000         119006.3
14:17:42.617 INFO  ProgressMeter -       chr3:189629008             16.2               1929000         119033.4
14:17:52.713 INFO  ProgressMeter -       chr3:195927831             16.4               1951000         119153.8
14:18:02.764 INFO  ProgressMeter -          chr4:706449             16.5               1975000         119398.0
14:18:12.780 INFO  ProgressMeter -         chr4:6190459             16.7               1998000         119581.6
14:18:23.054 INFO  ProgressMeter -        chr4:12066289             16.9               2023000         119849.8
14:18:33.363 INFO  ProgressMeter -        chr4:18985166             17.1               2045000         119932.3
14:18:43.686 INFO  ProgressMeter -        chr4:25774906             17.2               2067000         120011.6
14:18:53.706 INFO  ProgressMeter -        chr4:32532719             17.4               2089000         120124.1
14:19:03.796 INFO  ProgressMeter -        chr4:39085927             17.6               2112000         120283.5
14:19:13.913 INFO  ProgressMeter -        chr4:46142051             17.7               2133000         120324.1
14:19:24.171 INFO  ProgressMeter -        chr4:59794728             17.9               2158000         120571.5
14:19:34.266 INFO  ProgressMeter -        chr4:66291158             18.1               2181000         120721.7
14:19:44.603 INFO  ProgressMeter -        chr4:73510183             18.2               2203000         120787.6
14:19:54.998 INFO  ProgressMeter -        chr4:80776422             18.4               2225000         120846.0
14:20:05.002 INFO  ProgressMeter -        chr4:87841661             18.6               2245000         120837.8
14:20:15.447 INFO  ProgressMeter -        chr4:94163729             18.8               2263000         120676.0
14:20:25.602 INFO  ProgressMeter -       chr4:101415402             18.9               2284000         120706.4
14:20:35.929 INFO  ProgressMeter -       chr4:108685453             19.1               2305000         120718.1
14:20:46.152 INFO  ProgressMeter -       chr4:116145321             19.3               2325000         120688.7
14:20:56.249 INFO  ProgressMeter -       chr4:122696371             19.4               2344000         120621.2
14:21:06.383 INFO  ProgressMeter -       chr4:129555866             19.6               2366000         120704.2
14:21:16.729 INFO  ProgressMeter -       chr4:137013634             19.8               2388000         120764.2
14:21:26.998 INFO  ProgressMeter -       chr4:144866410             19.9               2409000         120780.8
14:21:37.211 INFO  ProgressMeter -       chr4:152564601             20.1               2429000         120753.2
14:21:47.399 INFO  ProgressMeter -       chr4:159835360             20.3               2449000         120728.2
14:21:57.574 INFO  ProgressMeter -       chr4:166991458             20.5               2471000         120802.9
14:22:07.714 INFO  ProgressMeter -       chr4:173303715             20.6               2493000         120879.7
14:22:18.042 INFO  ProgressMeter -       chr4:180466370             20.8               2515000         120937.1
14:22:28.373 INFO  ProgressMeter -       chr4:187200531             21.0               2539000         121088.6
14:22:38.385 INFO  ProgressMeter -       chr4:193374711             21.1               2563000         121268.1
14:22:48.776 INFO  ProgressMeter -         chr5:6041341             21.3               2588000         121455.8
14:22:59.150 INFO  ProgressMeter -        chr5:12929664             21.5               2610000         121502.3
14:23:09.161 INFO  ProgressMeter -        chr5:19899761             21.6               2631000         121535.9
14:23:19.179 INFO  ProgressMeter -        chr5:26787695             21.8               2653000         121614.1
14:23:29.478 INFO  ProgressMeter -        chr5:33707715             22.0               2676000         121710.8
14:23:39.721 INFO  ProgressMeter -        chr5:40770878             22.2               2697000         121720.8
14:23:50.210 INFO  ProgressMeter -        chr5:52423905             22.3               2719000         121753.2
14:24:00.413 INFO  ProgressMeter -        chr5:59611407             22.5               2740000         121766.3
14:24:10.540 INFO  ProgressMeter -        chr5:67130926             22.7               2759000         121697.9
14:24:20.629 INFO  ProgressMeter -        chr5:75458515             22.8               2779000         121677.5
14:24:30.770 INFO  ProgressMeter -        chr5:82517190             23.0               2800000         121696.4
14:24:40.803 INFO  ProgressMeter -        chr5:90500162             23.2               2820000         121681.3
14:24:50.829 INFO  ProgressMeter -        chr5:98064291             23.3               2839000         121624.3
14:25:00.837 INFO  ProgressMeter -       chr5:105006078             23.5               2861000         121697.0
14:25:11.247 INFO  ProgressMeter -       chr5:111834919             23.7               2884000         121776.7
14:25:21.526 INFO  ProgressMeter -       chr5:118155371             23.9               2907000         121866.3
14:25:31.940 INFO  ProgressMeter -       chr5:124794508             24.0               2930000         121943.2
14:25:42.229 INFO  ProgressMeter -       chr5:131891327             24.2               2952000         121988.3
14:25:52.482 INFO  ProgressMeter -       chr5:139905906             24.4               2971000         121912.4
14:26:02.959 INFO  ProgressMeter -       chr5:147638793             24.5               2991000         121860.0
14:26:13.472 INFO  ProgressMeter -       chr5:154501020             24.7               3013000         121886.2
14:26:23.656 INFO  ProgressMeter -       chr5:161490697             24.9               3034000         121898.7
14:26:33.836 INFO  ProgressMeter -       chr5:168929833             25.1               3055000         121911.4
14:26:44.158 INFO  ProgressMeter -       chr5:175645124             25.2               3077000         121952.1
14:26:54.394 INFO  ProgressMeter -           chr6:90758             25.4               3100000         122038.5
14:27:04.670 INFO  ProgressMeter -         chr6:6458968             25.6               3123000         122120.7
14:27:14.854 INFO  ProgressMeter -        chr6:13066446             25.7               3145000         122170.1
14:27:24.964 INFO  ProgressMeter -        chr6:20021666             25.9               3167000         122224.6
14:27:35.392 INFO  ProgressMeter -        chr6:27222262             26.1               3190000         122292.0
14:27:45.438 INFO  ProgressMeter -        chr6:32421538             26.3               3223000         122769.0
14:27:55.838 INFO  ProgressMeter -        chr6:39100008             26.4               3248000         122909.8
14:28:06.148 INFO  ProgressMeter -        chr6:46138979             26.6               3269000         122905.4
14:28:16.275 INFO  ProgressMeter -        chr6:53510771             26.8               3290000         122914.8
14:28:26.446 INFO  ProgressMeter -        chr6:63603382             26.9               3312000         122958.0
14:28:36.676 INFO  ProgressMeter -        chr6:70689638             27.1               3334000         122996.3
14:28:47.022 INFO  ProgressMeter -        chr6:77707072             27.3               3355000         122988.6
14:28:57.524 INFO  ProgressMeter -        chr6:84991273             27.5               3378000         123042.3
14:29:07.988 INFO  ProgressMeter -        chr6:92503570             27.6               3399000         123025.7
14:29:18.058 INFO  ProgressMeter -        chr6:99896825             27.8               3420000         123038.3
14:29:28.411 INFO  ProgressMeter -       chr6:107014532             28.0               3441000         123030.1
14:29:38.609 INFO  ProgressMeter -       chr6:113975306             28.1               3461000         122997.8
14:29:48.640 INFO  ProgressMeter -       chr6:121446170             28.3               3481000         122977.9
14:29:58.934 INFO  ProgressMeter -       chr6:128990989             28.5               3501000         122939.3
14:30:09.326 INFO  ProgressMeter -       chr6:135652252             28.7               3523000         122963.9
14:30:19.399 INFO  ProgressMeter -       chr6:142927700             28.8               3543000         122941.6
14:30:29.730 INFO  ProgressMeter -       chr6:150105649             29.0               3564000         122935.8
14:30:39.826 INFO  ProgressMeter -       chr6:156672577             29.2               3586000         122980.8
14:30:50.324 INFO  ProgressMeter -       chr6:163493825             29.3               3608000         122997.3
14:31:00.708 INFO  ProgressMeter -       chr6:169613795             29.5               3630000         123021.4
14:31:11.000 INFO  ProgressMeter -         chr7:3141097             29.7               3655000         123152.8
14:31:21.197 INFO  ProgressMeter -         chr7:8603258             29.8               3680000         123289.1
14:31:31.648 INFO  ProgressMeter -        chr7:14572816             30.0               3705000         123406.6
14:31:42.045 INFO  ProgressMeter -        chr7:21192511             30.2               3728000         123460.1
14:31:52.552 INFO  ProgressMeter -        chr7:28259288             30.4               3750000         123472.6
14:32:02.560 INFO  ProgressMeter -        chr7:34580743             30.5               3770000         123453.1
14:32:12.805 INFO  ProgressMeter -        chr7:41720892             30.7               3791000         123450.6
14:32:23.057 INFO  ProgressMeter -        chr7:48683759             30.9               3812000         123447.5
14:32:33.475 INFO  ProgressMeter -        chr7:55139500             31.1               3835000         123497.9
14:32:43.751 INFO  ProgressMeter -        chr7:66214603             31.2               3862000         123685.2
14:32:54.083 INFO  ProgressMeter -        chr7:73460659             31.4               3885000         123739.4
14:33:04.329 INFO  ProgressMeter -        chr7:80884332             31.6               3906000         123735.2
14:33:14.691 INFO  ProgressMeter -        chr7:87905052             31.7               3928000         123755.1
14:33:25.025 INFO  ProgressMeter -        chr7:95472124             31.9               3948000         123713.9
14:33:35.154 INFO  ProgressMeter -       chr7:102815275             32.1               3969000         123717.5
14:33:45.415 INFO  ProgressMeter -       chr7:109387208             32.3               3989000         123681.6
14:33:55.716 INFO  ProgressMeter -       chr7:117081380             32.4               4009000         123643.6
14:34:05.774 INFO  ProgressMeter -       chr7:124911154             32.6               4028000         123590.6
14:34:16.094 INFO  ProgressMeter -       chr7:132548778             32.8               4048000         123552.2
14:34:26.098 INFO  ProgressMeter -       chr7:139723327             32.9               4068000         123534.0
14:34:36.472 INFO  ProgressMeter -       chr7:146702240             33.1               4090000         123553.3
14:34:46.971 INFO  ProgressMeter -       chr7:152908812             33.3               4113000         123594.9
14:34:57.260 INFO  ProgressMeter -       chr7:158830600             33.4               4137000         123678.7
14:35:07.517 INFO  ProgressMeter -         chr8:3285345             33.6               4164000         123852.9
14:35:17.709 INFO  ProgressMeter -         chr8:7970345             33.8               4192000         124058.9
14:35:27.820 INFO  ProgressMeter -        chr8:14204796             34.0               4218000         124208.9
14:35:37.840 INFO  ProgressMeter -        chr8:19267380             34.1               4243000         124333.7
14:35:48.074 INFO  ProgressMeter -        chr8:25425104             34.3               4266000         124385.9
14:35:58.227 INFO  ProgressMeter -        chr8:32367109             34.5               4287000         124384.5
14:36:08.520 INFO  ProgressMeter -        chr8:40187600             34.6               4307000         124345.9
14:36:18.550 INFO  ProgressMeter -        chr8:49272122             34.8               4328000         124352.0
14:36:28.934 INFO  ProgressMeter -        chr8:56375055             35.0               4349000         124337.1
14:36:39.357 INFO  ProgressMeter -        chr8:63420820             35.2               4371000         124348.5
14:36:49.834 INFO  ProgressMeter -        chr8:70832914             35.3               4392000         124328.4
14:37:00.095 INFO  ProgressMeter -        chr8:78146963             35.5               4413000         124320.9
14:37:10.131 INFO  ProgressMeter -        chr8:84840516             35.7               4435000         124354.7
14:37:20.137 INFO  ProgressMeter -        chr8:92839007             35.8               4455000         124334.2
14:37:30.370 INFO  ProgressMeter -       chr8:100541192             36.0               4475000         124300.7
14:37:40.371 INFO  ProgressMeter -       chr8:107458950             36.2               4495000         124280.8
14:37:50.618 INFO  ProgressMeter -       chr8:115032674             36.3               4515000         124247.1
14:38:01.056 INFO  ProgressMeter -       chr8:122186648             36.5               4537000         124257.6
14:38:11.422 INFO  ProgressMeter -       chr8:129256318             36.7               4560000         124299.5
14:38:21.906 INFO  ProgressMeter -       chr8:135913875             36.9               4582000         124307.1
14:38:32.205 INFO  ProgressMeter -       chr8:142685757             37.0               4604000         124324.9
14:38:42.638 INFO  ProgressMeter -         chr9:2247561             37.2               4629000         124415.8
14:38:52.886 INFO  ProgressMeter -         chr9:8463141             37.4               4652000         124462.6
14:39:03.229 INFO  ProgressMeter -        chr9:14559144             37.5               4676000         124530.4
14:39:13.361 INFO  ProgressMeter -        chr9:20693110             37.7               4699000         124582.6
14:39:23.644 INFO  ProgressMeter -        chr9:27512951             37.9               4722000         124626.2
14:39:33.915 INFO  ProgressMeter -        chr9:34068877             38.1               4745000         124669.9
14:39:43.931 INFO  ProgressMeter -        chr9:43246552             38.2               4770000         124779.5
14:39:54.054 INFO  ProgressMeter -        chr9:82555420             38.4               4795000         124882.4
14:40:04.473 INFO  ProgressMeter -        chr9:89832537             38.6               4816000         124864.5
14:40:14.867 INFO  ProgressMeter -        chr9:97148474             38.7               4838000         124874.1
14:40:25.254 INFO  ProgressMeter -       chr9:103939092             38.9               4861000         124909.6
14:40:35.476 INFO  ProgressMeter -       chr9:110735320             39.1               4882000         124902.4
14:40:45.961 INFO  ProgressMeter -       chr9:117999350             39.3               4905000         124932.3
14:40:56.311 INFO  ProgressMeter -       chr9:125056709             39.4               4927000         124943.7
14:41:06.725 INFO  ProgressMeter -       chr9:132543383             39.6               4948000         124926.4
14:41:16.921 INFO  ProgressMeter -       chr9:139815738             39.8               4968000         124895.5
14:41:27.129 INFO  ProgressMeter -       chr9:146453890             39.9               4990000         124914.3
14:41:37.472 INFO  ProgressMeter -        chr10:2230769             40.1               5014000         124975.7
14:41:47.532 INFO  ProgressMeter -        chr10:8281986             40.3               5038000         125051.3
14:41:57.691 INFO  ProgressMeter -       chr10:15003701             40.5               5060000         125071.8
14:42:08.036 INFO  ProgressMeter -       chr10:21256632             40.6               5084000         125131.7
14:42:18.503 INFO  ProgressMeter -       chr10:28138373             40.8               5107000         125160.5
14:42:28.556 INFO  ProgressMeter -       chr10:34475056             41.0               5129000         125185.5
14:42:38.603 INFO  ProgressMeter -       chr10:43415510             41.1               5158000         125381.0
14:42:49.049 INFO  ProgressMeter -       chr10:49865557             41.3               5180000         125385.1
14:42:59.055 INFO  ProgressMeter -       chr10:55945175             41.5               5200000         125363.1
14:43:09.448 INFO  ProgressMeter -       chr10:63455023             41.7               5222000         125370.0
14:43:19.604 INFO  ProgressMeter -       chr10:70142011             41.8               5243000         125364.7
14:43:29.765 INFO  ProgressMeter -       chr10:76820571             42.0               5263000         125335.4
14:43:40.224 INFO  ProgressMeter -       chr10:82853386             42.2               5283000         125291.6
14:43:50.261 INFO  ProgressMeter -       chr10:89653413             42.3               5304000         125292.5
14:44:00.691 INFO  ProgressMeter -       chr10:97092877             42.5               5325000         125274.2
14:44:10.936 INFO  ProgressMeter -      chr10:105236564             42.7               5344000         125218.2
14:44:21.227 INFO  ProgressMeter -      chr10:112183634             42.8               5366000         125230.4
14:44:31.692 INFO  ProgressMeter -      chr10:119528283             43.0               5387000         125210.8
14:44:41.699 INFO  ProgressMeter -      chr10:125973811             43.2               5408000         125213.5
14:44:51.853 INFO  ProgressMeter -      chr10:132274205             43.4               5431000         125255.3
14:45:02.080 INFO  ProgressMeter -        chr11:3633384             43.5               5455000         125316.2
14:45:12.276 INFO  ProgressMeter -        chr11:9964182             43.7               5478000         125355.1
14:45:22.505 INFO  ProgressMeter -       chr11:17299199             43.9               5498000         125323.9
14:45:32.632 INFO  ProgressMeter -       chr11:23701341             44.0               5519000         125320.5
14:45:43.177 INFO  ProgressMeter -       chr11:31396136             44.2               5541000         125319.9
14:45:53.537 INFO  ProgressMeter -       chr11:38342890             44.4               5562000         125305.5
14:46:03.746 INFO  ProgressMeter -       chr11:45285330             44.6               5584000         125320.7
14:46:13.808 INFO  ProgressMeter -       chr11:55544484             44.7               5607000         125365.1
14:46:24.354 INFO  ProgressMeter -       chr11:63002698             44.9               5629000         125364.3
14:46:34.632 INFO  ProgressMeter -       chr11:70194101             45.1               5650000         125353.7
14:46:45.143 INFO  ProgressMeter -       chr11:77081667             45.2               5671000         125332.5
14:46:55.223 INFO  ProgressMeter -       chr11:83686112             45.4               5692000         125331.3
14:47:05.445 INFO  ProgressMeter -       chr11:90224343             45.6               5713000         125323.6
14:47:15.628 INFO  ProgressMeter -       chr11:97454246             45.8               5734000         125317.7
14:47:25.980 INFO  ProgressMeter -      chr11:104139518             45.9               5756000         125325.9
14:47:35.998 INFO  ProgressMeter -      chr11:111653033             46.1               5776000         125305.8
14:47:46.279 INFO  ProgressMeter -      chr11:118911116             46.3               5796000         125274.0
14:47:56.505 INFO  ProgressMeter -      chr11:125972484             46.4               5817000         125266.5
14:48:06.688 INFO  ProgressMeter -      chr11:132566215             46.6               5838000         125260.9
14:48:16.970 INFO  ProgressMeter -        chr12:3180852             46.8               5859000         125251.0
14:48:27.129 INFO  ProgressMeter -        chr12:9915489             46.9               5881000         125267.9
14:48:37.561 INFO  ProgressMeter -       chr12:17228781             47.1               5903000         125272.5
14:48:47.619 INFO  ProgressMeter -       chr12:24105636             47.3               5924000         125272.5
14:48:58.030 INFO  ProgressMeter -       chr12:30958251             47.5               5946000         125278.1
14:49:08.168 INFO  ProgressMeter -       chr12:38946118             47.6               5973000         125400.5
14:49:18.170 INFO  ProgressMeter -       chr12:45375996             47.8               5994000         125402.5
14:49:28.202 INFO  ProgressMeter -       chr12:52735158             48.0               6014000         125382.4
14:49:38.216 INFO  ProgressMeter -       chr12:60333699             48.1               6034000         125363.1
14:49:48.673 INFO  ProgressMeter -       chr12:67761248             48.3               6055000         125345.5
14:49:58.850 INFO  ProgressMeter -       chr12:74785340             48.5               6076000         125340.2
14:50:08.911 INFO  ProgressMeter -       chr12:82219703             48.6               6096000         125319.2
14:50:19.076 INFO  ProgressMeter -       chr12:90053372             48.8               6116000         125294.1
14:50:29.134 INFO  ProgressMeter -       chr12:97239882             49.0               6137000         125294.0
14:50:39.175 INFO  ProgressMeter -      chr12:104000309             49.1               6157000         125274.3
14:50:49.476 INFO  ProgressMeter -      chr12:111308257             49.3               6178000         125264.0
14:50:59.498 INFO  ProgressMeter -      chr12:118120441             49.5               6199000         125265.5
14:51:09.639 INFO  ProgressMeter -      chr12:125008880             49.7               6220000         125262.1
14:51:19.875 INFO  ProgressMeter -      chr12:131310659             49.8               6244000         125314.8
14:51:30.217 INFO  ProgressMeter -       chr13:21569463             50.0               6269000         125382.8
14:51:40.299 INFO  ProgressMeter -       chr13:27900880             50.2               6292000         125421.3
14:51:50.434 INFO  ProgressMeter -       chr13:35043960             50.3               6313000         125417.7
14:52:00.699 INFO  ProgressMeter -       chr13:42597667             50.5               6334000         125408.6
14:52:10.864 INFO  ProgressMeter -       chr13:50070382             50.7               6355000         125403.7
14:52:20.953 INFO  ProgressMeter -       chr13:58067663             50.8               6374000         125362.7
14:52:31.085 INFO  ProgressMeter -       chr13:65370398             51.0               6396000         125379.0
14:52:41.094 INFO  ProgressMeter -       chr13:72663174             51.2               6417000         125380.6
14:52:51.274 INFO  ProgressMeter -       chr13:80038817             51.3               6438000         125375.3
14:53:01.805 INFO  ProgressMeter -       chr13:88154311             51.5               6460000         125375.2
14:53:12.231 INFO  ProgressMeter -       chr13:95665909             51.7               6482000         125379.4
14:53:22.555 INFO  ProgressMeter -      chr13:102813002             51.9               6503000         125368.3
14:53:32.968 INFO  ProgressMeter -      chr13:109630794             52.0               6527000         125411.4
14:53:43.339 INFO  ProgressMeter -       chr14:15162263             52.2               6552000         125475.1
14:53:53.766 INFO  ProgressMeter -       chr14:22164196             52.4               6574000         125478.7
14:54:04.175 INFO  ProgressMeter -       chr14:29219719             52.6               6595000         125464.1
14:54:14.200 INFO  ProgressMeter -       chr14:36251725             52.7               6616000         125464.8
14:54:24.536 INFO  ProgressMeter -       chr14:43254450             52.9               6639000         125491.1
14:54:34.883 INFO  ProgressMeter -       chr14:50670202             53.1               6660000         125479.0
14:54:45.172 INFO  ProgressMeter -       chr14:58001692             53.2               6681000         125469.2
14:54:55.490 INFO  ProgressMeter -       chr14:64786486             53.4               6701000         125439.7
14:55:05.545 INFO  ProgressMeter -       chr14:71483188             53.6               6721000         125420.7
14:55:15.953 INFO  ProgressMeter -       chr14:78430801             53.8               6742000         125406.6
14:55:26.380 INFO  ProgressMeter -       chr14:85545457             53.9               6764000         125410.4
14:55:36.487 INFO  ProgressMeter -       chr14:91995076             54.1               6785000         125408.1
14:55:46.782 INFO  ProgressMeter -       chr14:98530308             54.3               6807000         125417.0
14:55:57.180 INFO  ProgressMeter -       chr15:21812482             54.4               6837000         125568.8
14:56:07.508 INFO  ProgressMeter -       chr15:28026006             54.6               6862000         125630.8
14:56:17.967 INFO  ProgressMeter -       chr15:34968981             54.8               6884000         125632.6
14:56:28.436 INFO  ProgressMeter -       chr15:42622966             55.0               6905000         125615.8
14:56:38.853 INFO  ProgressMeter -       chr15:49866436             55.1               6926000         125601.2
14:56:49.008 INFO  ProgressMeter -       chr15:56149956             55.3               6948000         125614.6
14:56:59.498 INFO  ProgressMeter -       chr15:63385100             55.5               6969000         125597.3
14:57:09.805 INFO  ProgressMeter -       chr15:71153641             55.7               6989000         125568.9
14:57:20.020 INFO  ProgressMeter -       chr15:78502155             55.8               7009000         125544.3
14:57:30.079 INFO  ProgressMeter -       chr15:85472609             56.0               7030000         125543.4
14:57:40.502 INFO  ProgressMeter -       chr15:91963945             56.2               7053000         125564.7
14:57:50.617 INFO  ProgressMeter -       chr15:98432876             56.3               7076000         125597.1
14:58:00.840 INFO  ProgressMeter -        chr16:4714167             56.5               7099000         125625.5
14:58:10.842 INFO  ProgressMeter -        chr16:8856566             56.7               7122000         125661.8
14:58:20.845 INFO  ProgressMeter -       chr16:14810487             56.8               7145000         125697.8
14:58:31.146 INFO  ProgressMeter -       chr16:22591425             57.0               7167000         125705.2
14:58:41.526 INFO  ProgressMeter -       chr16:30350774             57.2               7189000         125709.6
14:58:51.607 INFO  ProgressMeter -       chr16:54710060             57.4               7212000         125742.4
14:59:01.909 INFO  ProgressMeter -       chr16:61855130             57.5               7233000         125732.1
14:59:12.196 INFO  ProgressMeter -       chr16:69025366             57.7               7254000         125722.5
14:59:22.466 INFO  ProgressMeter -       chr16:76538246             57.9               7274000         125696.2
14:59:32.662 INFO  ProgressMeter -       chr16:83586658             58.0               7296000         125707.2
14:59:42.805 INFO  ProgressMeter -       chr16:88873081             58.2               7323000         125806.0
14:59:52.827 INFO  ProgressMeter -       chr16:95290050             58.4               7355000         125994.2
15:00:02.996 INFO  ProgressMeter -        chr17:4970024             58.5               7379000         126039.4
15:00:13.087 INFO  ProgressMeter -       chr17:11526706             58.7               7401000         126053.1
15:00:23.632 INFO  ProgressMeter -       chr17:18347919             58.9               7424000         126067.5
15:00:33.743 INFO  ProgressMeter -       chr17:30179593             59.1               7449000         126131.1
15:00:43.880 INFO  ProgressMeter -       chr17:37644337             59.2               7470000         126125.8
15:00:53.987 INFO  ProgressMeter -       chr17:45148792             59.4               7490000         126104.9
15:01:04.250 INFO  ProgressMeter -       chr17:52488011             59.6               7511000         126095.2
15:01:14.395 INFO  ProgressMeter -       chr17:59865179             59.7               7531000         126073.1
15:01:24.605 INFO  ProgressMeter -       chr17:67490720             59.9               7551000         126048.9
15:01:34.943 INFO  ProgressMeter -       chr17:74724409             60.1               7573000         126053.6
15:01:44.987 INFO  ProgressMeter -       chr17:80708197             60.2               7595000         126068.5
15:01:55.167 INFO  ProgressMeter -        chr18:2932700             60.4               7618000         126095.2
15:02:05.190 INFO  ProgressMeter -        chr18:9039482             60.6               7640000         126110.6
15:02:15.454 INFO  ProgressMeter -       chr18:15327569             60.8               7663000         126134.1
15:02:25.889 INFO  ProgressMeter -       chr18:28400754             60.9               7684000         126118.7
15:02:36.092 INFO  ProgressMeter -       chr18:35776601             61.1               7704000         126095.0
15:02:46.232 INFO  ProgressMeter -       chr18:43395131             61.3               7724000         126073.7
15:02:56.382 INFO  ProgressMeter -       chr18:50288825             61.4               7744000         126052.0
15:03:06.417 INFO  ProgressMeter -       chr18:57272615             61.6               7764000         126034.5
15:03:16.684 INFO  ProgressMeter -       chr18:63924609             61.8               7785000         126025.3
15:03:26.910 INFO  ProgressMeter -       chr18:70618741             61.9               7807000         126033.7
15:03:37.259 INFO  ProgressMeter -       chr18:77196336             62.1               7830000         126054.0
15:03:47.466 INFO  ProgressMeter -        chr19:2323870             62.3               7854000         126095.0
15:03:57.480 INFO  ProgressMeter -        chr19:7668780             62.5               7876000         126110.3
15:04:07.588 INFO  ProgressMeter -       chr19:14119999             62.6               7898000         126122.4
15:04:17.878 INFO  ProgressMeter -       chr19:20712000             62.8               7920000         126128.3
15:04:28.135 INFO  ProgressMeter -       chr19:31841142             63.0               7946000         126198.8
15:04:38.298 INFO  ProgressMeter -       chr19:38468830             63.1               7968000         126208.6
15:04:48.480 INFO  ProgressMeter -       chr19:45655830             63.3               7989000         126202.1
15:04:58.692 INFO  ProgressMeter -       chr19:52182943             63.5               8012000         126226.0
15:05:08.847 INFO  ProgressMeter -       chr19:57792120             63.6               8037000         126283.1
15:05:18.967 INFO  ProgressMeter -        chr20:2253881             63.8               8061000         126325.5
15:05:29.478 INFO  ProgressMeter -        chr20:8976629             64.0               8084000         126339.1
15:05:39.707 INFO  ProgressMeter -       chr20:15948687             64.2               8105000         126330.7
15:05:49.797 INFO  ProgressMeter -       chr20:22830633             64.3               8126000         126326.9
15:06:00.141 INFO  ProgressMeter -       chr20:34723653             64.5               8153000         126407.8
15:06:10.381 INFO  ProgressMeter -       chr20:42533017             64.7               8173000         126383.5
15:06:20.411 INFO  ProgressMeter -       chr20:49254773             64.8               8193000         126366.1
15:06:30.518 INFO  ProgressMeter -       chr20:56002552             65.0               8215000         126377.1
15:06:40.997 INFO  ProgressMeter -       chr20:62518817             65.2               8238000         126391.3
15:06:51.366 INFO  ProgressMeter -       chr21:12014390             65.4               8266000         126485.6
15:07:01.396 INFO  ProgressMeter -       chr21:18390285             65.5               8289000         126513.9
15:07:11.407 INFO  ProgressMeter -       chr21:24854463             65.7               8312000         126542.6
15:07:21.675 INFO  ProgressMeter -       chr21:31691369             65.9               8334000         126547.9
15:07:32.081 INFO  ProgressMeter -       chr21:38654619             66.0               8355000         126533.5
15:07:42.236 INFO  ProgressMeter -       chr21:44689089             66.2               8377000         126542.3
15:07:52.358 INFO  ProgressMeter -       chr22:19575448             66.4               8405000         126642.6
15:08:02.488 INFO  ProgressMeter -       chr22:25650338             66.5               8428000         126666.9
15:08:13.063 INFO  ProgressMeter -       chr22:32479823             66.7               8450000         126662.0
15:08:23.444 INFO  ProgressMeter -       chr22:38885310             66.9               8472000         126663.3
15:08:33.772 INFO  ProgressMeter -       chr22:45728398             67.1               8494000         126666.2
15:08:44.105 INFO  ProgressMeter -           chrX:74703             67.2               8519000         126713.7
15:08:54.455 INFO  ProgressMeter -         chrX:6758567             67.4               8546000         126790.0
15:09:04.586 INFO  ProgressMeter -        chrX:15147619             67.6               8564000         126739.5
15:09:15.055 INFO  ProgressMeter -        chrX:24043606             67.7               8583000         126693.5
15:09:25.270 INFO  ProgressMeter -        chrX:32107105             67.9               8601000         126641.0
15:09:35.417 INFO  ProgressMeter -        chrX:39828549             68.1               8619000         126590.8
15:09:45.435 INFO  ProgressMeter -        chrX:49173045             68.3               8636000         126530.2
15:09:55.984 INFO  ProgressMeter -        chrX:62922563             68.4               8653000         126453.5
15:10:06.151 INFO  ProgressMeter -        chrX:72362265             68.6               8670000         126389.0
15:10:16.225 INFO  ProgressMeter -        chrX:81633198             68.8               8688000         126342.1
15:10:26.401 INFO  ProgressMeter -        chrX:89388194             68.9               8709000         126335.9
15:10:36.957 INFO  ProgressMeter -        chrX:97708415             69.1               8730000         126318.2
15:10:46.992 INFO  ProgressMeter -       chrX:107332084             69.3               8747000         126258.6
15:10:57.217 INFO  ProgressMeter -       chrX:116087467             69.4               8766000         126222.4
15:11:07.660 INFO  ProgressMeter -       chrX:124857886             69.6               8786000         126194.1
15:11:17.785 INFO  ProgressMeter -       chrX:134752885             69.8               8803000         126132.5
15:11:27.971 INFO  ProgressMeter -       chrX:143119888             70.0               8823000         126112.3
15:11:38.008 INFO  ProgressMeter -       chrX:151373001             70.1               8842000         126082.4
15:11:41.293 INFO  GetPileupSummaries - 0 read(s) filtered by: MappingQualityAvailableReadFilter 
4022174 read(s) filtered by: MappingQualityNotZeroReadFilter 
0 read(s) filtered by: MappedReadFilter 
128103 read(s) filtered by: PrimaryLineReadFilter 
68895091 read(s) filtered by: NotDuplicateReadFilter 
0 read(s) filtered by: PassesVendorQualityCheckReadFilter 
0 read(s) filtered by: NonZeroReferenceLengthAlignmentReadFilter 
597700 read(s) filtered by: MateOnSameContigOrNoMappedMateReadFilter 
0 read(s) filtered by: GoodCigarReadFilter 
0 read(s) filtered by: WellformedReadFilter 
73643068 total reads filtered out of 339098129 reads processed
15:11:41.294 INFO  ProgressMeter -       chrX:154195693             70.2               8847556         126063.2
15:11:41.294 INFO  ProgressMeter - Traversal complete. Processed 8847556 total loci in 70.2 minutes.
15:11:41.298 INFO  GetPileupSummaries - Shutting down engine
[July 14, 2024 at 3:11:41 PM CEST] org.broadinstitute.hellbender.tools.walkers.contamination.GetPileupSummaries done. Elapsed time: 71.58 minutes.
Runtime.totalMemory()=19511902208
Tool returned:
SUCCESS
