May 06, 2024 4:58:42 PM com.intel.gkl.NativeLibraryLoader load
INFO: Loading libgkl_compression.so from jar:file:/lustre1/project/stg_00096/home/rdewin/system/miniconda/envs/WGS/share/picard-3.1.1-0/picard.jar!/com/intel/gkl/native/libgkl_compression.so
[Mon May 06 16:58:42 CEST 2024] LiftoverVcf --INPUT results/mutect2/P023/P023_pass_variants.vcf --OUTPUT results/mutect2/P023/P023_pass_variants_lifted.vcf --CHAIN resources/liftover/chm13v2-to-grch38.chain --REJECT results/mutect2/P023/P023_pass_variants_unlifted.vcf --LIFTOVER_MIN_MATCH 0.95 --REFERENCE_SEQUENCE resources/GRCh38/GRCh38.fasta --WARN_ON_MISSING_CONTIG false --LOG_FAILED_INTERVALS true --WRITE_ORIGINAL_POSITION false --WRITE_ORIGINAL_ALLELES false --ALLOW_MISSING_FIELDS_IN_HEADER false --RECOVER_SWAPPED_REF_ALT false --TAGS_TO_REVERSE AF --TAGS_TO_DROP MAX_AF --DISABLE_SORT false --VERBOSITY INFO --QUIET false --VALIDATION_STRINGENCY STRICT --COMPRESSION_LEVEL 5 --MAX_RECORDS_IN_RAM 500000 --CREATE_INDEX false --CREATE_MD5_FILE false --help false --version false --showHidden false --USE_JDK_DEFLATER false --USE_JDK_INFLATER false
[Mon May 06 16:58:42 CEST 2024] Executing as vsc35407@g28l17 on Linux 4.18.0-513.24.1.el8_9.x86_64 amd64; OpenJDK 64-Bit Server VM 17.0.10-internal+0-adhoc..src; Deflater: Intel; Inflater: Intel; Provider GCS is available; Picard version: Version:3.1.1
INFO	2024-05-06 16:58:43	LiftoverVcf	Loading up the target reference genome.
INFO	2024-05-06 16:58:55	LiftoverVcf	Lifting variants over and sorting (not yet writing the output file.)
INFO	2024-05-06 16:58:56	LiftOver	Interval chr1:95128159-95128170 failed to match chain 0 because intersection length 11 < minMatchSize 11.399999999999999 (0.9166667 < 0.95)
INFO	2024-05-06 16:58:56	LiftOver	Interval chr1:196738190-196738202 failed to match chain 0 because intersection length 11 < minMatchSize 12.35 (0.84615386 < 0.95)
INFO	2024-05-06 16:58:56	LiftOver	Interval chr1:220529848-220529850 failed to match chain 0 because intersection length 1 < minMatchSize 2.8499999999999996 (0.33333334 < 0.95)
INFO	2024-05-06 16:58:56	LiftOver	Interval chr1:230841554-230841575 failed to match chain 0 because intersection length 3 < minMatchSize 20.9 (0.13636364 < 0.95)
INFO	2024-05-06 16:58:56	LiftOver	Interval chr2:31256477-31256480 failed to match chain 0 because intersection length 3 < minMatchSize 3.8 (0.75 < 0.95)
INFO	2024-05-06 16:58:56	LiftOver	Interval chr2:166510220-166510221 failed to match chain 0 because intersection length 1 < minMatchSize 1.9 (0.5 < 0.95)
INFO	2024-05-06 16:58:56	LiftOver	Interval chr2:239101213-239101215 failed to match chain 0 because intersection length 2 < minMatchSize 2.8499999999999996 (0.6666667 < 0.95)
INFO	2024-05-06 16:58:56	LiftOver	Interval chr3:85834610-85834624 failed to match chain 0 because intersection length 5 < minMatchSize 14.25 (0.33333334 < 0.95)
INFO	2024-05-06 16:58:56	LiftOver	Interval chr3:152138047-152138059 failed to match chain 0 because intersection length 5 < minMatchSize 12.35 (0.3846154 < 0.95)
INFO	2024-05-06 16:58:56	LiftOver	Interval chr3:155486962-155486982 failed to match chain 0 because intersection length 13 < minMatchSize 19.95 (0.61904764 < 0.95)
INFO	2024-05-06 16:58:56	LiftOver	Interval chr3:170305883-170305903 failed to match chain 0 because intersection length 13 < minMatchSize 19.95 (0.61904764 < 0.95)
INFO	2024-05-06 16:58:56	LiftOver	Interval chr3:172641563-172641593 failed to match chain 0 because intersection length 5 < minMatchSize 29.45 (0.16129032 < 0.95)
INFO	2024-05-06 16:58:56	LiftOver	Interval chr4:147276844-147276852 failed to match chain 0 because intersection length 3 < minMatchSize 8.549999999999999 (0.33333334 < 0.95)
INFO	2024-05-06 16:58:56	LiftOver	Interval chr4:189333972-189333974 failed to match chain 0 because intersection length 2 < minMatchSize 2.8499999999999996 (0.6666667 < 0.95)
INFO	2024-05-06 16:58:56	LiftOver	Interval chr5:35677324-35677336 failed to match chain 0 because intersection length 1 < minMatchSize 12.35 (0.07692308 < 0.95)
INFO	2024-05-06 16:58:56	LiftOver	Interval chr5:99492060-99492083 failed to match chain 0 because intersection length 19 < minMatchSize 22.799999999999997 (0.7916667 < 0.95)
INFO	2024-05-06 16:58:56	LiftOver	Interval chr5:115579681-115579684 failed to match chain 0 because intersection length 2 < minMatchSize 3.8 (0.5 < 0.95)
INFO	2024-05-06 16:58:56	LiftOver	Interval chr5:122478493-122478505 failed to match chain 0 because intersection length 5 < minMatchSize 12.35 (0.3846154 < 0.95)
INFO	2024-05-06 16:58:56	LiftOver	Interval chr6:117936452-117936462 failed to match chain 0 because intersection length 3 < minMatchSize 10.45 (0.27272728 < 0.95)
INFO	2024-05-06 16:58:56	LiftOver	Interval chr6:155382383-155382403 failed to match chain 0 because intersection length 19 < minMatchSize 19.95 (0.9047619 < 0.95)
INFO	2024-05-06 16:58:56	LiftOver	Interval chr7:7896800-7896817 failed to match chain 0 because intersection length 15 < minMatchSize 17.099999999999998 (0.8333333 < 0.95)
INFO	2024-05-06 16:58:56	LiftOver	Interval chr7:77059734-77059736 failed to match chain 0 because intersection length 2 < minMatchSize 2.8499999999999996 (0.6666667 < 0.95)
INFO	2024-05-06 16:58:56	LiftOver	Interval chr7:117693995-117694003 failed to match chain 0 because intersection length 3 < minMatchSize 8.549999999999999 (0.33333334 < 0.95)
INFO	2024-05-06 16:58:56	LiftOver	Interval chr7:152842394-152842510 failed to match chain 0 because intersection length 87 < minMatchSize 111.14999999999999 (0.74358976 < 0.95)
INFO	2024-05-06 16:58:56	LiftOver	Interval chr9:7036752-7036760 failed to match chain 0 because intersection length 3 < minMatchSize 8.549999999999999 (0.33333334 < 0.95)
INFO	2024-05-06 16:58:56	LiftOver	Interval chr9:44112182-44112202 failed to match chain 0 because intersection length 12 < minMatchSize 19.95 (0.5714286 < 0.95)
INFO	2024-05-06 16:58:56	LiftOver	Interval chr10:67041700-67041728 failed to match chain 0 because intersection length 26 < minMatchSize 27.549999999999997 (0.8965517 < 0.95)
INFO	2024-05-06 16:58:56	LiftOver	Interval chr10:123025416-123025425 failed to match chain 0 because intersection length 7 < minMatchSize 9.5 (0.7 < 0.95)
INFO	2024-05-06 16:58:56	LiftOver	Interval chr13:105038127-105038131 failed to match chain 0 because intersection length 3 < minMatchSize 4.75 (0.6 < 0.95)
INFO	2024-05-06 16:58:56	LiftOver	Interval chr15:31823943-31823957 failed to match chain 0 because intersection length 3 < minMatchSize 14.25 (0.2 < 0.95)
INFO	2024-05-06 16:58:56	LiftOver	Interval chr15:64291180-64291198 failed to match chain 0 because intersection length 3 < minMatchSize 18.05 (0.15789473 < 0.95)
INFO	2024-05-06 16:58:56	LiftOver	Interval chr15:92664825-92664831 failed to match chain 0 because intersection length 3 < minMatchSize 6.6499999999999995 (0.42857143 < 0.95)
INFO	2024-05-06 16:58:56	LiftOver	Interval chr16:65109968-65109974 failed to match chain 0 because intersection length 3 < minMatchSize 6.6499999999999995 (0.42857143 < 0.95)
INFO	2024-05-06 16:58:56	LiftOver	Interval chr18:946843-946851 failed to match chain 0 because intersection length 7 < minMatchSize 8.549999999999999 (0.7777778 < 0.95)
INFO	2024-05-06 16:58:56	LiftOver	Interval chr18:71487431-71487449 failed to match chain 0 because intersection length 3 < minMatchSize 18.05 (0.15789473 < 0.95)
INFO	2024-05-06 16:58:56	LiftOver	Interval chr19:32757500-32757502 failed to match chain 0 because intersection length 2 < minMatchSize 2.8499999999999996 (0.6666667 < 0.95)
INFO	2024-05-06 16:58:56	LiftOver	Interval chr20:32819549-32819559 failed to match chain 0 because intersection length 8 < minMatchSize 10.45 (0.72727275 < 0.95)
INFO	2024-05-06 16:58:56	LiftOver	Interval chr22:33924081-33924097 failed to match chain 0 because intersection length 3 < minMatchSize 16.15 (0.1764706 < 0.95)
INFO	2024-05-06 16:58:56	LiftOver	Interval chr22:45238118-45238132 failed to match chain 0 because intersection length 3 < minMatchSize 14.25 (0.2 < 0.95)
INFO	2024-05-06 16:58:56	LiftOver	Interval chrX:3438255-3438268 failed to match chain 0 because intersection length 13 < minMatchSize 13.299999999999999 (0.9285714 < 0.95)
INFO	2024-05-06 16:58:56	LiftoverVcf	Processed 2937 variants.
INFO	2024-05-06 16:58:56	LiftoverVcf	1120 variants failed to liftover.
INFO	2024-05-06 16:58:56	LiftoverVcf	80 variants lifted over but had mismatching reference alleles after lift over.
INFO	2024-05-06 16:58:56	LiftoverVcf	40.8580% of variants were not successfully lifted over and written to the output.
INFO	2024-05-06 16:58:56	LiftoverVcf	liftover success by source contig:
INFO	2024-05-06 16:58:56	LiftoverVcf	chr1: 131 / 206 (63.5922%)
INFO	2024-05-06 16:58:56	LiftoverVcf	chr10: 78 / 98 (79.5918%)
INFO	2024-05-06 16:58:56	LiftoverVcf	chr11: 81 / 95 (85.2632%)
INFO	2024-05-06 16:58:56	LiftoverVcf	chr12: 85 / 98 (86.7347%)
INFO	2024-05-06 16:58:56	LiftoverVcf	chr13: 51 / 113 (45.1327%)
INFO	2024-05-06 16:58:56	LiftoverVcf	chr14: 61 / 143 (42.6573%)
INFO	2024-05-06 16:58:56	LiftoverVcf	chr15: 60 / 127 (47.2441%)
INFO	2024-05-06 16:58:56	LiftoverVcf	chr16: 51 / 59 (86.4407%)
INFO	2024-05-06 16:58:56	LiftoverVcf	chr17: 61 / 71 (85.9155%)
INFO	2024-05-06 16:58:56	LiftoverVcf	chr18: 44 / 52 (84.6154%)
INFO	2024-05-06 16:58:56	LiftoverVcf	chr19: 38 / 69 (55.0725%)
INFO	2024-05-06 16:58:56	LiftoverVcf	chr2: 122 / 145 (84.1379%)
INFO	2024-05-06 16:58:56	LiftoverVcf	chr20: 40 / 68 (58.8235%)
INFO	2024-05-06 16:58:56	LiftoverVcf	chr21: 34 / 81 (41.9753%)
INFO	2024-05-06 16:58:56	LiftoverVcf	chr22: 26 / 133 (19.5489%)
INFO	2024-05-06 16:58:56	LiftoverVcf	chr3: 112 / 136 (82.3529%)
INFO	2024-05-06 16:58:56	LiftoverVcf	chr4: 111 / 144 (77.0833%)
INFO	2024-05-06 16:58:56	LiftoverVcf	chr5: 93 / 113 (82.3009%)
INFO	2024-05-06 16:58:56	LiftoverVcf	chr6: 85 / 99 (85.8586%)
INFO	2024-05-06 16:58:56	LiftoverVcf	chr7: 101 / 143 (70.6294%)
INFO	2024-05-06 16:58:56	LiftoverVcf	chr8: 70 / 74 (94.5946%)
INFO	2024-05-06 16:58:56	LiftoverVcf	chr9: 91 / 547 (16.6362%)
INFO	2024-05-06 16:58:56	LiftoverVcf	chrX: 111 / 123 (90.2439%)
INFO	2024-05-06 16:58:56	LiftoverVcf	lifted variants by target contig:
INFO	2024-05-06 16:58:56	LiftoverVcf	chr1: 131
INFO	2024-05-06 16:58:56	LiftoverVcf	chr10: 78
INFO	2024-05-06 16:58:56	LiftoverVcf	chr11: 81
INFO	2024-05-06 16:58:56	LiftoverVcf	chr12: 85
INFO	2024-05-06 16:58:56	LiftoverVcf	chr13: 51
INFO	2024-05-06 16:58:56	LiftoverVcf	chr14: 61
INFO	2024-05-06 16:58:56	LiftoverVcf	chr15: 60
INFO	2024-05-06 16:58:56	LiftoverVcf	chr16: 51
INFO	2024-05-06 16:58:56	LiftoverVcf	chr17: 61
INFO	2024-05-06 16:58:56	LiftoverVcf	chr18: 44
INFO	2024-05-06 16:58:56	LiftoverVcf	chr19: 38
INFO	2024-05-06 16:58:56	LiftoverVcf	chr2: 122
INFO	2024-05-06 16:58:56	LiftoverVcf	chr20: 40
INFO	2024-05-06 16:58:56	LiftoverVcf	chr21: 34
INFO	2024-05-06 16:58:56	LiftoverVcf	chr22: 26
INFO	2024-05-06 16:58:56	LiftoverVcf	chr3: 112
INFO	2024-05-06 16:58:56	LiftoverVcf	chr4: 111
INFO	2024-05-06 16:58:56	LiftoverVcf	chr5: 93
INFO	2024-05-06 16:58:56	LiftoverVcf	chr6: 85
INFO	2024-05-06 16:58:56	LiftoverVcf	chr7: 101
INFO	2024-05-06 16:58:56	LiftoverVcf	chr8: 70
INFO	2024-05-06 16:58:56	LiftoverVcf	chr9: 91
INFO	2024-05-06 16:58:56	LiftoverVcf	chrX: 111
WARNING	2024-05-06 16:58:56	LiftoverVcf	42 variants with a swapped REF/ALT were identified, but were not recovered.  See RECOVER_SWAPPED_REF_ALT and associated caveats.
INFO	2024-05-06 16:58:56	LiftoverVcf	Writing out sorted records to final VCF.
[Mon May 06 16:58:57 CEST 2024] picard.vcf.LiftoverVcf done. Elapsed time: 0.25 minutes.
Runtime.totalMemory()=4294967296
