Sep 27, 2024 3:01:01 PM com.intel.gkl.NativeLibraryLoader load
INFO: Loading libgkl_compression.so from jar:file:/lustre1/project/stg_00096/home/rdewin/system/miniconda/envs/RNA/share/picard-3.1.1-0/picard.jar!/com/intel/gkl/native/libgkl_compression.so
[Fri Sep 27 15:01:01 CEST 2024] AddOrReplaceReadGroups --INPUT results/star/P022/P022_Aligned.sortedByCoord.out.bam --OUTPUT results/star/P022/P022_Aligned.sortedByCoord.withRG.bam --RGID P022 --RGLB lib1 --RGPL illumina --RGPU unit1 --RGSM P022 --VERBOSITY INFO --QUIET false --VALIDATION_STRINGENCY STRICT --COMPRESSION_LEVEL 5 --MAX_RECORDS_IN_RAM 500000 --CREATE_INDEX false --CREATE_MD5_FILE false --help false --version false --showHidden false --USE_JDK_DEFLATER false --USE_JDK_INFLATER false
[Fri Sep 27 15:01:02 CEST 2024] Executing as vsc35407@i28l17 on Linux 4.18.0-513.24.1.el8_9.x86_64 amd64; OpenJDK 64-Bit Server VM 17.0.10-internal+0-adhoc..src; Deflater: Intel; Inflater: Intel; Provider GCS is available; Picard version: Version:3.1.1
INFO	2024-09-27 15:01:02	AddOrReplaceReadGroups	Created read-group ID=P022 PL=illumina LB=lib1 SM=P022

INFO	2024-09-27 15:01:10	AddOrReplaceReadGroups	Processed     1,000,000 records.  Elapsed time: 00:00:08s.  Time for last 1,000,000:    8s.  Last read position: chr1:17,222,131
INFO	2024-09-27 15:01:18	AddOrReplaceReadGroups	Processed     2,000,000 records.  Elapsed time: 00:00:16s.  Time for last 1,000,000:    7s.  Last read position: chr1:28,585,512
INFO	2024-09-27 15:01:26	AddOrReplaceReadGroups	Processed     3,000,000 records.  Elapsed time: 00:00:23s.  Time for last 1,000,000:    7s.  Last read position: chr1:42,553,118
INFO	2024-09-27 15:01:33	AddOrReplaceReadGroups	Processed     4,000,000 records.  Elapsed time: 00:00:31s.  Time for last 1,000,000:    7s.  Last read position: chr1:70,071,470
INFO	2024-09-27 15:01:41	AddOrReplaceReadGroups	Processed     5,000,000 records.  Elapsed time: 00:00:39s.  Time for last 1,000,000:    7s.  Last read position: chr1:112,672,103
INFO	2024-09-27 15:01:48	AddOrReplaceReadGroups	Processed     6,000,000 records.  Elapsed time: 00:00:46s.  Time for last 1,000,000:    7s.  Last read position: chr1:148,975,223
INFO	2024-09-27 15:01:55	AddOrReplaceReadGroups	Processed     7,000,000 records.  Elapsed time: 00:00:53s.  Time for last 1,000,000:    7s.  Last read position: chr1:155,335,966
INFO	2024-09-27 15:02:03	AddOrReplaceReadGroups	Processed     8,000,000 records.  Elapsed time: 00:01:01s.  Time for last 1,000,000:    7s.  Last read position: chr1:185,673,239
INFO	2024-09-27 15:02:10	AddOrReplaceReadGroups	Processed     9,000,000 records.  Elapsed time: 00:01:08s.  Time for last 1,000,000:    7s.  Last read position: chr1:211,864,416
INFO	2024-09-27 15:02:18	AddOrReplaceReadGroups	Processed    10,000,000 records.  Elapsed time: 00:01:16s.  Time for last 1,000,000:    7s.  Last read position: chr2:3,567,473
INFO	2024-09-27 15:02:26	AddOrReplaceReadGroups	Processed    11,000,000 records.  Elapsed time: 00:01:24s.  Time for last 1,000,000:    7s.  Last read position: chr2:43,230,822
INFO	2024-09-27 15:02:34	AddOrReplaceReadGroups	Processed    12,000,000 records.  Elapsed time: 00:01:32s.  Time for last 1,000,000:    7s.  Last read position: chr2:68,406,738
INFO	2024-09-27 15:02:41	AddOrReplaceReadGroups	Processed    13,000,000 records.  Elapsed time: 00:01:39s.  Time for last 1,000,000:    7s.  Last read position: chr2:96,789,463
INFO	2024-09-27 15:02:49	AddOrReplaceReadGroups	Processed    14,000,000 records.  Elapsed time: 00:01:46s.  Time for last 1,000,000:    7s.  Last read position: chr2:131,515,794
INFO	2024-09-27 15:02:56	AddOrReplaceReadGroups	Processed    15,000,000 records.  Elapsed time: 00:01:54s.  Time for last 1,000,000:    7s.  Last read position: chr2:190,064,495
INFO	2024-09-27 15:03:04	AddOrReplaceReadGroups	Processed    16,000,000 records.  Elapsed time: 00:02:02s.  Time for last 1,000,000:    7s.  Last read position: chr2:231,012,290
INFO	2024-09-27 15:03:12	AddOrReplaceReadGroups	Processed    17,000,000 records.  Elapsed time: 00:02:10s.  Time for last 1,000,000:    7s.  Last read position: chr3:15,740,979
INFO	2024-09-27 15:03:18	AddOrReplaceReadGroups	Processed    18,000,000 records.  Elapsed time: 00:02:16s.  Time for last 1,000,000:    6s.  Last read position: chr3:27,122,025
INFO	2024-09-27 15:03:26	AddOrReplaceReadGroups	Processed    19,000,000 records.  Elapsed time: 00:02:24s.  Time for last 1,000,000:    7s.  Last read position: chr3:48,741,552
INFO	2024-09-27 15:03:35	AddOrReplaceReadGroups	Processed    20,000,000 records.  Elapsed time: 00:02:33s.  Time for last 1,000,000:    8s.  Last read position: chr3:104,384,548
INFO	2024-09-27 15:03:43	AddOrReplaceReadGroups	Processed    21,000,000 records.  Elapsed time: 00:02:41s.  Time for last 1,000,000:    7s.  Last read position: chr3:139,654,128
INFO	2024-09-27 15:03:50	AddOrReplaceReadGroups	Processed    22,000,000 records.  Elapsed time: 00:02:48s.  Time for last 1,000,000:    7s.  Last read position: chr3:185,625,717
INFO	2024-09-27 15:03:58	AddOrReplaceReadGroups	Processed    23,000,000 records.  Elapsed time: 00:02:56s.  Time for last 1,000,000:    7s.  Last read position: chr4:3,521,068
INFO	2024-09-27 15:04:06	AddOrReplaceReadGroups	Processed    24,000,000 records.  Elapsed time: 00:03:04s.  Time for last 1,000,000:    7s.  Last read position: chr4:81,089,319
INFO	2024-09-27 15:04:14	AddOrReplaceReadGroups	Processed    25,000,000 records.  Elapsed time: 00:03:11s.  Time for last 1,000,000:    7s.  Last read position: chr4:145,389,777
INFO	2024-09-27 15:04:21	AddOrReplaceReadGroups	Processed    26,000,000 records.  Elapsed time: 00:03:19s.  Time for last 1,000,000:    7s.  Last read position: chr5:34,377,947
INFO	2024-09-27 15:04:29	AddOrReplaceReadGroups	Processed    27,000,000 records.  Elapsed time: 00:03:27s.  Time for last 1,000,000:    7s.  Last read position: chr5:75,858,188
INFO	2024-09-27 15:04:37	AddOrReplaceReadGroups	Processed    28,000,000 records.  Elapsed time: 00:03:35s.  Time for last 1,000,000:    7s.  Last read position: chr5:133,405,520
INFO	2024-09-27 15:04:45	AddOrReplaceReadGroups	Processed    29,000,000 records.  Elapsed time: 00:03:42s.  Time for last 1,000,000:    7s.  Last read position: chr5:150,085,731
INFO	2024-09-27 15:04:52	AddOrReplaceReadGroups	Processed    30,000,000 records.  Elapsed time: 00:03:50s.  Time for last 1,000,000:    7s.  Last read position: chr5:180,254,253
INFO	2024-09-27 15:05:00	AddOrReplaceReadGroups	Processed    31,000,000 records.  Elapsed time: 00:03:57s.  Time for last 1,000,000:    7s.  Last read position: chr6:21,762,538
INFO	2024-09-27 15:05:06	AddOrReplaceReadGroups	Processed    32,000,000 records.  Elapsed time: 00:04:04s.  Time for last 1,000,000:    6s.  Last read position: chr6:26,085,045
INFO	2024-09-27 15:05:13	AddOrReplaceReadGroups	Processed    33,000,000 records.  Elapsed time: 00:04:11s.  Time for last 1,000,000:    6s.  Last read position: chr6:30,587,556
INFO	2024-09-27 15:05:20	AddOrReplaceReadGroups	Processed    34,000,000 records.  Elapsed time: 00:04:18s.  Time for last 1,000,000:    7s.  Last read position: chr6:37,689,153
INFO	2024-09-27 15:05:27	AddOrReplaceReadGroups	Processed    35,000,000 records.  Elapsed time: 00:04:24s.  Time for last 1,000,000:    6s.  Last read position: chr6:52,835,214
INFO	2024-09-27 15:05:32	AddOrReplaceReadGroups	Processed    36,000,000 records.  Elapsed time: 00:04:30s.  Time for last 1,000,000:    5s.  Last read position: chr6:52,835,264
INFO	2024-09-27 15:05:38	AddOrReplaceReadGroups	Processed    37,000,000 records.  Elapsed time: 00:04:36s.  Time for last 1,000,000:    5s.  Last read position: chr6:52,835,345
INFO	2024-09-27 15:05:44	AddOrReplaceReadGroups	Processed    38,000,000 records.  Elapsed time: 00:04:42s.  Time for last 1,000,000:    5s.  Last read position: chr6:52,835,379
INFO	2024-09-27 15:05:50	AddOrReplaceReadGroups	Processed    39,000,000 records.  Elapsed time: 00:04:48s.  Time for last 1,000,000:    6s.  Last read position: chr6:74,695,828
INFO	2024-09-27 15:05:58	AddOrReplaceReadGroups	Processed    40,000,000 records.  Elapsed time: 00:04:56s.  Time for last 1,000,000:    7s.  Last read position: chr6:118,891,683
INFO	2024-09-27 15:06:06	AddOrReplaceReadGroups	Processed    41,000,000 records.  Elapsed time: 00:05:04s.  Time for last 1,000,000:    7s.  Last read position: chr7:889,040
INFO	2024-09-27 15:06:13	AddOrReplaceReadGroups	Processed    42,000,000 records.  Elapsed time: 00:05:11s.  Time for last 1,000,000:    7s.  Last read position: chr7:30,191,870
INFO	2024-09-27 15:06:21	AddOrReplaceReadGroups	Processed    43,000,000 records.  Elapsed time: 00:05:19s.  Time for last 1,000,000:    7s.  Last read position: chr7:74,234,201
INFO	2024-09-27 15:06:29	AddOrReplaceReadGroups	Processed    44,000,000 records.  Elapsed time: 00:05:27s.  Time for last 1,000,000:    7s.  Last read position: chr7:100,703,132
INFO	2024-09-27 15:06:37	AddOrReplaceReadGroups	Processed    45,000,000 records.  Elapsed time: 00:05:34s.  Time for last 1,000,000:    7s.  Last read position: chr7:131,208,969
INFO	2024-09-27 15:06:44	AddOrReplaceReadGroups	Processed    46,000,000 records.  Elapsed time: 00:05:42s.  Time for last 1,000,000:    7s.  Last read position: chr7:158,072,389
INFO	2024-09-27 15:06:52	AddOrReplaceReadGroups	Processed    47,000,000 records.  Elapsed time: 00:05:50s.  Time for last 1,000,000:    7s.  Last read position: chr8:42,804,985
INFO	2024-09-27 15:07:00	AddOrReplaceReadGroups	Processed    48,000,000 records.  Elapsed time: 00:05:58s.  Time for last 1,000,000:    7s.  Last read position: chr8:101,832,954
INFO	2024-09-27 15:07:07	AddOrReplaceReadGroups	Processed    49,000,000 records.  Elapsed time: 00:06:05s.  Time for last 1,000,000:    7s.  Last read position: chr8:144,948,867
INFO	2024-09-27 15:07:15	AddOrReplaceReadGroups	Processed    50,000,000 records.  Elapsed time: 00:06:12s.  Time for last 1,000,000:    7s.  Last read position: chr9:35,678,477
INFO	2024-09-27 15:07:22	AddOrReplaceReadGroups	Processed    51,000,000 records.  Elapsed time: 00:06:20s.  Time for last 1,000,000:    7s.  Last read position: chr9:101,643,044
INFO	2024-09-27 15:07:30	AddOrReplaceReadGroups	Processed    52,000,000 records.  Elapsed time: 00:06:27s.  Time for last 1,000,000:    7s.  Last read position: chr9:137,436,337
INFO	2024-09-27 15:07:37	AddOrReplaceReadGroups	Processed    53,000,000 records.  Elapsed time: 00:06:35s.  Time for last 1,000,000:    7s.  Last read position: chr9:149,509,737
INFO	2024-09-27 15:07:45	AddOrReplaceReadGroups	Processed    54,000,000 records.  Elapsed time: 00:06:43s.  Time for last 1,000,000:    7s.  Last read position: chr10:29,502,676
INFO	2024-09-27 15:07:53	AddOrReplaceReadGroups	Processed    55,000,000 records.  Elapsed time: 00:06:51s.  Time for last 1,000,000:    7s.  Last read position: chr10:75,870,591
INFO	2024-09-27 15:08:01	AddOrReplaceReadGroups	Processed    56,000,000 records.  Elapsed time: 00:06:59s.  Time for last 1,000,000:    8s.  Last read position: chr10:111,008,520
INFO	2024-09-27 15:08:09	AddOrReplaceReadGroups	Processed    57,000,000 records.  Elapsed time: 00:07:07s.  Time for last 1,000,000:    7s.  Last read position: chr11:6,712,859
INFO	2024-09-27 15:08:16	AddOrReplaceReadGroups	Processed    58,000,000 records.  Elapsed time: 00:07:14s.  Time for last 1,000,000:    7s.  Last read position: chr11:59,101,247
INFO	2024-09-27 15:08:23	AddOrReplaceReadGroups	Processed    59,000,000 records.  Elapsed time: 00:07:21s.  Time for last 1,000,000:    7s.  Last read position: chr11:65,493,026
INFO	2024-09-27 15:08:30	AddOrReplaceReadGroups	Processed    60,000,000 records.  Elapsed time: 00:07:28s.  Time for last 1,000,000:    6s.  Last read position: chr11:65,829,427
INFO	2024-09-27 15:08:37	AddOrReplaceReadGroups	Processed    61,000,000 records.  Elapsed time: 00:07:35s.  Time for last 1,000,000:    7s.  Last read position: chr11:83,102,242
INFO	2024-09-27 15:08:45	AddOrReplaceReadGroups	Processed    62,000,000 records.  Elapsed time: 00:07:43s.  Time for last 1,000,000:    7s.  Last read position: chr11:128,844,121
INFO	2024-09-27 15:08:52	AddOrReplaceReadGroups	Processed    63,000,000 records.  Elapsed time: 00:07:50s.  Time for last 1,000,000:    7s.  Last read position: chr12:14,284,301
INFO	2024-09-27 15:09:00	AddOrReplaceReadGroups	Processed    64,000,000 records.  Elapsed time: 00:07:58s.  Time for last 1,000,000:    7s.  Last read position: chr12:51,280,973
INFO	2024-09-27 15:09:07	AddOrReplaceReadGroups	Processed    65,000,000 records.  Elapsed time: 00:08:05s.  Time for last 1,000,000:    7s.  Last read position: chr12:65,220,749
INFO	2024-09-27 15:09:15	AddOrReplaceReadGroups	Processed    66,000,000 records.  Elapsed time: 00:08:12s.  Time for last 1,000,000:    7s.  Last read position: chr12:109,504,861
INFO	2024-09-27 15:09:22	AddOrReplaceReadGroups	Processed    67,000,000 records.  Elapsed time: 00:08:20s.  Time for last 1,000,000:    7s.  Last read position: chr12:122,572,092
INFO	2024-09-27 15:09:29	AddOrReplaceReadGroups	Processed    68,000,000 records.  Elapsed time: 00:08:27s.  Time for last 1,000,000:    7s.  Last read position: chr13:23,676,558
INFO	2024-09-27 15:09:37	AddOrReplaceReadGroups	Processed    69,000,000 records.  Elapsed time: 00:08:35s.  Time for last 1,000,000:    7s.  Last read position: chr13:66,448,012
INFO	2024-09-27 15:09:44	AddOrReplaceReadGroups	Processed    70,000,000 records.  Elapsed time: 00:08:42s.  Time for last 1,000,000:    7s.  Last read position: chr14:15,562,559
INFO	2024-09-27 15:09:51	AddOrReplaceReadGroups	Processed    71,000,000 records.  Elapsed time: 00:08:49s.  Time for last 1,000,000:    6s.  Last read position: chr14:43,784,894
INFO	2024-09-27 15:09:57	AddOrReplaceReadGroups	Processed    72,000,000 records.  Elapsed time: 00:08:54s.  Time for last 1,000,000:    5s.  Last read position: chr14:43,785,016
INFO	2024-09-27 15:10:02	AddOrReplaceReadGroups	Processed    73,000,000 records.  Elapsed time: 00:09:00s.  Time for last 1,000,000:    5s.  Last read position: chr14:44,067,787
INFO	2024-09-27 15:10:08	AddOrReplaceReadGroups	Processed    74,000,000 records.  Elapsed time: 00:09:06s.  Time for last 1,000,000:    5s.  Last read position: chr14:44,067,872
INFO	2024-09-27 15:10:14	AddOrReplaceReadGroups	Processed    75,000,000 records.  Elapsed time: 00:09:11s.  Time for last 1,000,000:    5s.  Last read position: chr14:44,067,947
INFO	2024-09-27 15:10:21	AddOrReplaceReadGroups	Processed    76,000,000 records.  Elapsed time: 00:09:18s.  Time for last 1,000,000:    7s.  Last read position: chr14:62,139,737
INFO	2024-09-27 15:10:28	AddOrReplaceReadGroups	Processed    77,000,000 records.  Elapsed time: 00:09:25s.  Time for last 1,000,000:    6s.  Last read position: chr14:83,936,392
INFO	2024-09-27 15:10:35	AddOrReplaceReadGroups	Processed    78,000,000 records.  Elapsed time: 00:09:33s.  Time for last 1,000,000:    7s.  Last read position: chr14:100,126,608
INFO	2024-09-27 15:10:42	AddOrReplaceReadGroups	Processed    79,000,000 records.  Elapsed time: 00:09:40s.  Time for last 1,000,000:    7s.  Last read position: chr15:41,576,964
INFO	2024-09-27 15:10:50	AddOrReplaceReadGroups	Processed    80,000,000 records.  Elapsed time: 00:09:48s.  Time for last 1,000,000:    7s.  Last read position: chr15:64,324,542
INFO	2024-09-27 15:10:58	AddOrReplaceReadGroups	Processed    81,000,000 records.  Elapsed time: 00:09:56s.  Time for last 1,000,000:    7s.  Last read position: chr15:90,662,599
INFO	2024-09-27 15:11:06	AddOrReplaceReadGroups	Processed    82,000,000 records.  Elapsed time: 00:10:03s.  Time for last 1,000,000:    7s.  Last read position: chr16:11,933,052
INFO	2024-09-27 15:11:13	AddOrReplaceReadGroups	Processed    83,000,000 records.  Elapsed time: 00:10:11s.  Time for last 1,000,000:    7s.  Last read position: chr16:22,368,039
INFO	2024-09-27 15:11:21	AddOrReplaceReadGroups	Processed    84,000,000 records.  Elapsed time: 00:10:18s.  Time for last 1,000,000:    7s.  Last read position: chr16:30,632,997
INFO	2024-09-27 15:11:28	AddOrReplaceReadGroups	Processed    85,000,000 records.  Elapsed time: 00:10:26s.  Time for last 1,000,000:    7s.  Last read position: chr16:75,171,549
INFO	2024-09-27 15:11:36	AddOrReplaceReadGroups	Processed    86,000,000 records.  Elapsed time: 00:10:34s.  Time for last 1,000,000:    7s.  Last read position: chr16:95,643,738
INFO	2024-09-27 15:11:43	AddOrReplaceReadGroups	Processed    87,000,000 records.  Elapsed time: 00:10:41s.  Time for last 1,000,000:    7s.  Last read position: chr17:8,342,567
INFO	2024-09-27 15:11:50	AddOrReplaceReadGroups	Processed    88,000,000 records.  Elapsed time: 00:10:48s.  Time for last 1,000,000:    6s.  Last read position: chr17:19,137,321
INFO	2024-09-27 15:11:58	AddOrReplaceReadGroups	Processed    89,000,000 records.  Elapsed time: 00:10:56s.  Time for last 1,000,000:    7s.  Last read position: chr17:40,032,148
INFO	2024-09-27 15:12:05	AddOrReplaceReadGroups	Processed    90,000,000 records.  Elapsed time: 00:11:03s.  Time for last 1,000,000:    6s.  Last read position: chr17:46,004,081
INFO	2024-09-27 15:12:12	AddOrReplaceReadGroups	Processed    91,000,000 records.  Elapsed time: 00:11:10s.  Time for last 1,000,000:    7s.  Last read position: chr17:59,194,215
INFO	2024-09-27 15:12:20	AddOrReplaceReadGroups	Processed    92,000,000 records.  Elapsed time: 00:11:18s.  Time for last 1,000,000:    7s.  Last read position: chr17:76,507,829
INFO	2024-09-27 15:12:27	AddOrReplaceReadGroups	Processed    93,000,000 records.  Elapsed time: 00:11:25s.  Time for last 1,000,000:    7s.  Last read position: chr18:878,339
INFO	2024-09-27 15:12:35	AddOrReplaceReadGroups	Processed    94,000,000 records.  Elapsed time: 00:11:33s.  Time for last 1,000,000:    7s.  Last read position: chr18:57,793,910
INFO	2024-09-27 15:12:42	AddOrReplaceReadGroups	Processed    95,000,000 records.  Elapsed time: 00:11:40s.  Time for last 1,000,000:    7s.  Last read position: chr19:4,155,531
INFO	2024-09-27 15:12:50	AddOrReplaceReadGroups	Processed    96,000,000 records.  Elapsed time: 00:11:48s.  Time for last 1,000,000:    7s.  Last read position: chr19:12,056,116
INFO	2024-09-27 15:12:57	AddOrReplaceReadGroups	Processed    97,000,000 records.  Elapsed time: 00:11:55s.  Time for last 1,000,000:    7s.  Last read position: chr19:19,464,298
INFO	2024-09-27 15:13:05	AddOrReplaceReadGroups	Processed    98,000,000 records.  Elapsed time: 00:12:02s.  Time for last 1,000,000:    7s.  Last read position: chr19:43,599,738
INFO	2024-09-27 15:13:12	AddOrReplaceReadGroups	Processed    99,000,000 records.  Elapsed time: 00:12:10s.  Time for last 1,000,000:    7s.  Last read position: chr19:52,658,528
INFO	2024-09-27 15:13:19	AddOrReplaceReadGroups	Processed   100,000,000 records.  Elapsed time: 00:12:17s.  Time for last 1,000,000:    7s.  Last read position: chr20:3,974,957
INFO	2024-09-27 15:13:27	AddOrReplaceReadGroups	Processed   101,000,000 records.  Elapsed time: 00:12:24s.  Time for last 1,000,000:    7s.  Last read position: chr20:40,535,871
INFO	2024-09-27 15:13:34	AddOrReplaceReadGroups	Processed   102,000,000 records.  Elapsed time: 00:12:32s.  Time for last 1,000,000:    7s.  Last read position: chr21:3,118,551
INFO	2024-09-27 15:13:42	AddOrReplaceReadGroups	Processed   103,000,000 records.  Elapsed time: 00:12:40s.  Time for last 1,000,000:    7s.  Last read position: chr21:43,233,973
INFO	2024-09-27 15:13:49	AddOrReplaceReadGroups	Processed   104,000,000 records.  Elapsed time: 00:12:47s.  Time for last 1,000,000:    7s.  Last read position: chr22:30,784,536
INFO	2024-09-27 15:13:57	AddOrReplaceReadGroups	Processed   105,000,000 records.  Elapsed time: 00:12:55s.  Time for last 1,000,000:    7s.  Last read position: chr22:41,824,976
INFO	2024-09-27 15:14:04	AddOrReplaceReadGroups	Processed   106,000,000 records.  Elapsed time: 00:13:02s.  Time for last 1,000,000:    7s.  Last read position: chrX:12,405,194
INFO	2024-09-27 15:14:12	AddOrReplaceReadGroups	Processed   107,000,000 records.  Elapsed time: 00:13:10s.  Time for last 1,000,000:    7s.  Last read position: chrX:64,167,992
INFO	2024-09-27 15:14:19	AddOrReplaceReadGroups	Processed   108,000,000 records.  Elapsed time: 00:13:17s.  Time for last 1,000,000:    7s.  Last read position: chrX:129,025,111
INFO	2024-09-27 15:14:26	AddOrReplaceReadGroups	Processed   109,000,000 records.  Elapsed time: 00:13:24s.  Time for last 1,000,000:    7s.  Last read position: chrM:4,003
INFO	2024-09-27 15:14:32	AddOrReplaceReadGroups	Processed   110,000,000 records.  Elapsed time: 00:13:30s.  Time for last 1,000,000:    6s.  Last read position: chrM:8,656
[Fri Sep 27 15:14:39 CEST 2024] picard.sam.AddOrReplaceReadGroups done. Elapsed time: 13.62 minutes.
Runtime.totalMemory()=538968064
