Sep 27, 2024 3:07:53 PM com.intel.gkl.NativeLibraryLoader load
INFO: Loading libgkl_compression.so from jar:file:/lustre1/project/stg_00096/home/rdewin/system/miniconda/envs/RNA/share/picard-3.1.1-0/picard.jar!/com/intel/gkl/native/libgkl_compression.so
[Fri Sep 27 15:07:53 CEST 2024] AddOrReplaceReadGroups --INPUT results/star/P028/P028_Aligned.sortedByCoord.out.bam --OUTPUT results/star/P028/P028_Aligned.sortedByCoord.withRG.bam --RGID P028 --RGLB lib1 --RGPL illumina --RGPU unit1 --RGSM P028 --VERBOSITY INFO --QUIET false --VALIDATION_STRINGENCY STRICT --COMPRESSION_LEVEL 5 --MAX_RECORDS_IN_RAM 500000 --CREATE_INDEX false --CREATE_MD5_FILE false --help false --version false --showHidden false --USE_JDK_DEFLATER false --USE_JDK_INFLATER false
[Fri Sep 27 15:07:53 CEST 2024] Executing as vsc35407@i28l17 on Linux 4.18.0-513.24.1.el8_9.x86_64 amd64; OpenJDK 64-Bit Server VM 17.0.10-internal+0-adhoc..src; Deflater: Intel; Inflater: Intel; Provider GCS is available; Picard version: Version:3.1.1
INFO	2024-09-27 15:07:53	AddOrReplaceReadGroups	Created read-group ID=P028 PL=illumina LB=lib1 SM=P028

INFO	2024-09-27 15:08:03	AddOrReplaceReadGroups	Processed     1,000,000 records.  Elapsed time: 00:00:10s.  Time for last 1,000,000:   10s.  Last read position: chr1:22,884,766
INFO	2024-09-27 15:08:13	AddOrReplaceReadGroups	Processed     2,000,000 records.  Elapsed time: 00:00:19s.  Time for last 1,000,000:    9s.  Last read position: chr1:35,465,228
INFO	2024-09-27 15:08:22	AddOrReplaceReadGroups	Processed     3,000,000 records.  Elapsed time: 00:00:28s.  Time for last 1,000,000:    9s.  Last read position: chr1:51,925,719
INFO	2024-09-27 15:08:31	AddOrReplaceReadGroups	Processed     4,000,000 records.  Elapsed time: 00:00:38s.  Time for last 1,000,000:    9s.  Last read position: chr1:94,291,582
INFO	2024-09-27 15:08:40	AddOrReplaceReadGroups	Processed     5,000,000 records.  Elapsed time: 00:00:47s.  Time for last 1,000,000:    8s.  Last read position: chr1:120,592,013
INFO	2024-09-27 15:08:49	AddOrReplaceReadGroups	Processed     6,000,000 records.  Elapsed time: 00:00:55s.  Time for last 1,000,000:    8s.  Last read position: chr1:149,011,279
INFO	2024-09-27 15:08:58	AddOrReplaceReadGroups	Processed     7,000,000 records.  Elapsed time: 00:01:04s.  Time for last 1,000,000:    9s.  Last read position: chr1:160,489,579
INFO	2024-09-27 15:09:07	AddOrReplaceReadGroups	Processed     8,000,000 records.  Elapsed time: 00:01:13s.  Time for last 1,000,000:    9s.  Last read position: chr1:197,882,117
INFO	2024-09-27 15:09:16	AddOrReplaceReadGroups	Processed     9,000,000 records.  Elapsed time: 00:01:23s.  Time for last 1,000,000:    9s.  Last read position: chr1:223,545,775
INFO	2024-09-27 15:09:25	AddOrReplaceReadGroups	Processed    10,000,000 records.  Elapsed time: 00:01:32s.  Time for last 1,000,000:    9s.  Last read position: chr2:852,770
INFO	2024-09-27 15:09:35	AddOrReplaceReadGroups	Processed    11,000,000 records.  Elapsed time: 00:01:42s.  Time for last 1,000,000:    9s.  Last read position: chr2:42,185,285
INFO	2024-09-27 15:09:44	AddOrReplaceReadGroups	Processed    12,000,000 records.  Elapsed time: 00:01:51s.  Time for last 1,000,000:    9s.  Last read position: chr2:66,470,660
INFO	2024-09-27 15:09:53	AddOrReplaceReadGroups	Processed    13,000,000 records.  Elapsed time: 00:02:00s.  Time for last 1,000,000:    9s.  Last read position: chr2:96,781,002
INFO	2024-09-27 15:10:03	AddOrReplaceReadGroups	Processed    14,000,000 records.  Elapsed time: 00:02:09s.  Time for last 1,000,000:    9s.  Last read position: chr2:127,736,412
INFO	2024-09-27 15:10:12	AddOrReplaceReadGroups	Processed    15,000,000 records.  Elapsed time: 00:02:19s.  Time for last 1,000,000:    9s.  Last read position: chr2:175,582,032
INFO	2024-09-27 15:10:22	AddOrReplaceReadGroups	Processed    16,000,000 records.  Elapsed time: 00:02:28s.  Time for last 1,000,000:    9s.  Last read position: chr2:202,784,496
INFO	2024-09-27 15:10:31	AddOrReplaceReadGroups	Processed    17,000,000 records.  Elapsed time: 00:02:38s.  Time for last 1,000,000:    9s.  Last read position: chr2:239,804,647
INFO	2024-09-27 15:10:39	AddOrReplaceReadGroups	Processed    18,000,000 records.  Elapsed time: 00:02:46s.  Time for last 1,000,000:    8s.  Last read position: chr3:15,740,999
INFO	2024-09-27 15:10:48	AddOrReplaceReadGroups	Processed    19,000,000 records.  Elapsed time: 00:02:55s.  Time for last 1,000,000:    8s.  Last read position: chr3:39,101,109
INFO	2024-09-27 15:10:57	AddOrReplaceReadGroups	Processed    20,000,000 records.  Elapsed time: 00:03:04s.  Time for last 1,000,000:    8s.  Last read position: chr3:53,325,363
INFO	2024-09-27 15:11:07	AddOrReplaceReadGroups	Processed    21,000,000 records.  Elapsed time: 00:03:13s.  Time for last 1,000,000:    9s.  Last read position: chr3:119,889,165
INFO	2024-09-27 15:11:16	AddOrReplaceReadGroups	Processed    22,000,000 records.  Elapsed time: 00:03:23s.  Time for last 1,000,000:    9s.  Last read position: chr3:153,348,054
INFO	2024-09-27 15:11:25	AddOrReplaceReadGroups	Processed    23,000,000 records.  Elapsed time: 00:03:32s.  Time for last 1,000,000:    9s.  Last read position: chr3:185,782,884
INFO	2024-09-27 15:11:35	AddOrReplaceReadGroups	Processed    24,000,000 records.  Elapsed time: 00:03:41s.  Time for last 1,000,000:    9s.  Last read position: chr4:4,361,019
INFO	2024-09-27 15:11:44	AddOrReplaceReadGroups	Processed    25,000,000 records.  Elapsed time: 00:03:51s.  Time for last 1,000,000:    9s.  Last read position: chr4:59,887,398
INFO	2024-09-27 15:11:54	AddOrReplaceReadGroups	Processed    26,000,000 records.  Elapsed time: 00:04:00s.  Time for last 1,000,000:    9s.  Last read position: chr4:105,638,554
INFO	2024-09-27 15:12:03	AddOrReplaceReadGroups	Processed    27,000,000 records.  Elapsed time: 00:04:10s.  Time for last 1,000,000:    9s.  Last read position: chr4:149,171,605
INFO	2024-09-27 15:12:13	AddOrReplaceReadGroups	Processed    28,000,000 records.  Elapsed time: 00:04:20s.  Time for last 1,000,000:    9s.  Last read position: chr5:10,197,821
INFO	2024-09-27 15:12:22	AddOrReplaceReadGroups	Processed    29,000,000 records.  Elapsed time: 00:04:29s.  Time for last 1,000,000:    9s.  Last read position: chr5:59,810,870
INFO	2024-09-27 15:12:32	AddOrReplaceReadGroups	Processed    30,000,000 records.  Elapsed time: 00:04:39s.  Time for last 1,000,000:   10s.  Last read position: chr5:81,945,669
INFO	2024-09-27 15:12:42	AddOrReplaceReadGroups	Processed    31,000,000 records.  Elapsed time: 00:04:48s.  Time for last 1,000,000:    9s.  Last read position: chr5:128,673,882
INFO	2024-09-27 15:12:51	AddOrReplaceReadGroups	Processed    32,000,000 records.  Elapsed time: 00:04:57s.  Time for last 1,000,000:    8s.  Last read position: chr5:146,693,733
INFO	2024-09-27 15:13:00	AddOrReplaceReadGroups	Processed    33,000,000 records.  Elapsed time: 00:05:06s.  Time for last 1,000,000:    8s.  Last read position: chr5:180,169,496
INFO	2024-09-27 15:13:09	AddOrReplaceReadGroups	Processed    34,000,000 records.  Elapsed time: 00:05:15s.  Time for last 1,000,000:    9s.  Last read position: chr6:21,830,969
INFO	2024-09-27 15:13:16	AddOrReplaceReadGroups	Processed    35,000,000 records.  Elapsed time: 00:05:23s.  Time for last 1,000,000:    7s.  Last read position: chr6:26,094,611
INFO	2024-09-27 15:13:24	AddOrReplaceReadGroups	Processed    36,000,000 records.  Elapsed time: 00:05:30s.  Time for last 1,000,000:    7s.  Last read position: chr6:29,808,872
INFO	2024-09-27 15:13:31	AddOrReplaceReadGroups	Processed    37,000,000 records.  Elapsed time: 00:05:38s.  Time for last 1,000,000:    7s.  Last read position: chr6:31,681,371
INFO	2024-09-27 15:13:39	AddOrReplaceReadGroups	Processed    38,000,000 records.  Elapsed time: 00:05:46s.  Time for last 1,000,000:    8s.  Last read position: chr6:37,648,814
INFO	2024-09-27 15:13:47	AddOrReplaceReadGroups	Processed    39,000,000 records.  Elapsed time: 00:05:54s.  Time for last 1,000,000:    8s.  Last read position: chr6:52,835,197
INFO	2024-09-27 15:13:54	AddOrReplaceReadGroups	Processed    40,000,000 records.  Elapsed time: 00:06:00s.  Time for last 1,000,000:    6s.  Last read position: chr6:52,835,214
INFO	2024-09-27 15:14:00	AddOrReplaceReadGroups	Processed    41,000,000 records.  Elapsed time: 00:06:07s.  Time for last 1,000,000:    6s.  Last read position: chr6:52,835,268
INFO	2024-09-27 15:14:07	AddOrReplaceReadGroups	Processed    42,000,000 records.  Elapsed time: 00:06:14s.  Time for last 1,000,000:    6s.  Last read position: chr6:52,835,326
INFO	2024-09-27 15:14:14	AddOrReplaceReadGroups	Processed    43,000,000 records.  Elapsed time: 00:06:20s.  Time for last 1,000,000:    6s.  Last read position: chr6:52,835,331
INFO	2024-09-27 15:14:22	AddOrReplaceReadGroups	Processed    44,000,000 records.  Elapsed time: 00:06:28s.  Time for last 1,000,000:    7s.  Last read position: chr6:74,695,571
INFO	2024-09-27 15:14:29	AddOrReplaceReadGroups	Processed    45,000,000 records.  Elapsed time: 00:06:36s.  Time for last 1,000,000:    7s.  Last read position: chr6:80,123,133
INFO	2024-09-27 15:14:39	AddOrReplaceReadGroups	Processed    46,000,000 records.  Elapsed time: 00:06:46s.  Time for last 1,000,000:    9s.  Last read position: chr6:134,009,614
INFO	2024-09-27 15:14:48	AddOrReplaceReadGroups	Processed    47,000,000 records.  Elapsed time: 00:06:55s.  Time for last 1,000,000:    9s.  Last read position: chr6:160,938,483
INFO	2024-09-27 15:14:57	AddOrReplaceReadGroups	Processed    48,000,000 records.  Elapsed time: 00:07:04s.  Time for last 1,000,000:    9s.  Last read position: chr7:25,258,658
INFO	2024-09-27 15:15:06	AddOrReplaceReadGroups	Processed    49,000,000 records.  Elapsed time: 00:07:13s.  Time for last 1,000,000:    8s.  Last read position: chr7:56,261,444
INFO	2024-09-27 15:15:15	AddOrReplaceReadGroups	Processed    50,000,000 records.  Elapsed time: 00:07:22s.  Time for last 1,000,000:    9s.  Last read position: chr7:94,159,226
INFO	2024-09-27 15:15:25	AddOrReplaceReadGroups	Processed    51,000,000 records.  Elapsed time: 00:07:31s.  Time for last 1,000,000:    9s.  Last read position: chr7:134,403,339
INFO	2024-09-27 15:15:34	AddOrReplaceReadGroups	Processed    52,000,000 records.  Elapsed time: 00:07:40s.  Time for last 1,000,000:    8s.  Last read position: chr7:160,371,055
INFO	2024-09-27 15:15:43	AddOrReplaceReadGroups	Processed    53,000,000 records.  Elapsed time: 00:07:50s.  Time for last 1,000,000:    9s.  Last read position: chr8:54,361,755
INFO	2024-09-27 15:15:52	AddOrReplaceReadGroups	Processed    54,000,000 records.  Elapsed time: 00:07:59s.  Time for last 1,000,000:    9s.  Last read position: chr8:94,893,342
INFO	2024-09-27 15:16:01	AddOrReplaceReadGroups	Processed    55,000,000 records.  Elapsed time: 00:08:08s.  Time for last 1,000,000:    9s.  Last read position: chr8:131,485,020
INFO	2024-09-27 15:16:10	AddOrReplaceReadGroups	Processed    56,000,000 records.  Elapsed time: 00:08:17s.  Time for last 1,000,000:    9s.  Last read position: chr9:33,010,291
INFO	2024-09-27 15:16:17	AddOrReplaceReadGroups	Processed    57,000,000 records.  Elapsed time: 00:08:24s.  Time for last 1,000,000:    7s.  Last read position: chr9:35,678,497
INFO	2024-09-27 15:16:26	AddOrReplaceReadGroups	Processed    58,000,000 records.  Elapsed time: 00:08:33s.  Time for last 1,000,000:    8s.  Last read position: chr9:91,798,571
INFO	2024-09-27 15:16:35	AddOrReplaceReadGroups	Processed    59,000,000 records.  Elapsed time: 00:08:42s.  Time for last 1,000,000:    9s.  Last read position: chr9:133,521,709
INFO	2024-09-27 15:16:44	AddOrReplaceReadGroups	Processed    60,000,000 records.  Elapsed time: 00:08:51s.  Time for last 1,000,000:    8s.  Last read position: chr9:148,770,951
INFO	2024-09-27 15:16:53	AddOrReplaceReadGroups	Processed    61,000,000 records.  Elapsed time: 00:09:00s.  Time for last 1,000,000:    8s.  Last read position: chr10:21,167,469
INFO	2024-09-27 15:17:02	AddOrReplaceReadGroups	Processed    62,000,000 records.  Elapsed time: 00:09:09s.  Time for last 1,000,000:    9s.  Last read position: chr10:62,766,673
INFO	2024-09-27 15:17:12	AddOrReplaceReadGroups	Processed    63,000,000 records.  Elapsed time: 00:09:18s.  Time for last 1,000,000:    9s.  Last read position: chr10:96,561,895
INFO	2024-09-27 15:17:21	AddOrReplaceReadGroups	Processed    64,000,000 records.  Elapsed time: 00:09:28s.  Time for last 1,000,000:    9s.  Last read position: chr11:248,787
INFO	2024-09-27 15:17:30	AddOrReplaceReadGroups	Processed    65,000,000 records.  Elapsed time: 00:09:37s.  Time for last 1,000,000:    8s.  Last read position: chr11:20,513,834
INFO	2024-09-27 15:17:39	AddOrReplaceReadGroups	Processed    66,000,000 records.  Elapsed time: 00:09:46s.  Time for last 1,000,000:    9s.  Last read position: chr11:62,549,056
INFO	2024-09-27 15:17:48	AddOrReplaceReadGroups	Processed    67,000,000 records.  Elapsed time: 00:09:54s.  Time for last 1,000,000:    8s.  Last read position: chr11:65,877,516
INFO	2024-09-27 15:17:57	AddOrReplaceReadGroups	Processed    68,000,000 records.  Elapsed time: 00:10:03s.  Time for last 1,000,000:    9s.  Last read position: chr11:96,392,447
INFO	2024-09-27 15:18:06	AddOrReplaceReadGroups	Processed    69,000,000 records.  Elapsed time: 00:10:12s.  Time for last 1,000,000:    8s.  Last read position: chr11:134,148,650
INFO	2024-09-27 15:18:14	AddOrReplaceReadGroups	Processed    70,000,000 records.  Elapsed time: 00:10:20s.  Time for last 1,000,000:    8s.  Last read position: chr12:9,582,864
INFO	2024-09-27 15:18:23	AddOrReplaceReadGroups	Processed    71,000,000 records.  Elapsed time: 00:10:29s.  Time for last 1,000,000:    9s.  Last read position: chr12:45,889,019
INFO	2024-09-27 15:18:31	AddOrReplaceReadGroups	Processed    72,000,000 records.  Elapsed time: 00:10:38s.  Time for last 1,000,000:    8s.  Last read position: chr12:56,324,611
INFO	2024-09-27 15:18:40	AddOrReplaceReadGroups	Processed    73,000,000 records.  Elapsed time: 00:10:47s.  Time for last 1,000,000:    9s.  Last read position: chr12:93,526,602
INFO	2024-09-27 15:18:50	AddOrReplaceReadGroups	Processed    74,000,000 records.  Elapsed time: 00:10:56s.  Time for last 1,000,000:    9s.  Last read position: chr12:116,258,576
INFO	2024-09-27 15:18:58	AddOrReplaceReadGroups	Processed    75,000,000 records.  Elapsed time: 00:11:04s.  Time for last 1,000,000:    8s.  Last read position: chr12:124,918,507
INFO	2024-09-27 15:19:09	AddOrReplaceReadGroups	Processed    76,000,000 records.  Elapsed time: 00:11:16s.  Time for last 1,000,000:   11s.  Last read position: chr13:8,979,399
INFO	2024-09-27 15:19:19	AddOrReplaceReadGroups	Processed    77,000,000 records.  Elapsed time: 00:11:26s.  Time for last 1,000,000:   10s.  Last read position: chr13:9,026,112
INFO	2024-09-27 15:19:30	AddOrReplaceReadGroups	Processed    78,000,000 records.  Elapsed time: 00:11:37s.  Time for last 1,000,000:   10s.  Last read position: chr13:9,071,132
INFO	2024-09-27 15:19:41	AddOrReplaceReadGroups	Processed    79,000,000 records.  Elapsed time: 00:11:47s.  Time for last 1,000,000:   10s.  Last read position: chr13:9,118,015
INFO	2024-09-27 15:19:51	AddOrReplaceReadGroups	Processed    80,000,000 records.  Elapsed time: 00:11:58s.  Time for last 1,000,000:   10s.  Last read position: chr13:9,164,079
INFO	2024-09-27 15:20:01	AddOrReplaceReadGroups	Processed    81,000,000 records.  Elapsed time: 00:12:08s.  Time for last 1,000,000:    9s.  Last read position: chr13:9,210,352
INFO	2024-09-27 15:20:12	AddOrReplaceReadGroups	Processed    82,000,000 records.  Elapsed time: 00:12:18s.  Time for last 1,000,000:   10s.  Last read position: chr13:9,255,235
INFO	2024-09-27 15:20:19	AddOrReplaceReadGroups	Processed    83,000,000 records.  Elapsed time: 00:12:25s.  Time for last 1,000,000:    7s.  Last read position: chr13:9,255,303
INFO	2024-09-27 15:20:27	AddOrReplaceReadGroups	Processed    84,000,000 records.  Elapsed time: 00:12:33s.  Time for last 1,000,000:    8s.  Last read position: chr13:9,304,417
INFO	2024-09-27 15:20:36	AddOrReplaceReadGroups	Processed    85,000,000 records.  Elapsed time: 00:12:43s.  Time for last 1,000,000:    9s.  Last read position: chr13:12,698,974
INFO	2024-09-27 15:20:45	AddOrReplaceReadGroups	Processed    86,000,000 records.  Elapsed time: 00:12:52s.  Time for last 1,000,000:    9s.  Last read position: chr13:44,552,669
INFO	2024-09-27 15:20:54	AddOrReplaceReadGroups	Processed    87,000,000 records.  Elapsed time: 00:13:01s.  Time for last 1,000,000:    9s.  Last read position: chr13:107,289,528
INFO	2024-09-27 15:21:05	AddOrReplaceReadGroups	Processed    88,000,000 records.  Elapsed time: 00:13:12s.  Time for last 1,000,000:   11s.  Last read position: chr14:2,643,134
INFO	2024-09-27 15:21:15	AddOrReplaceReadGroups	Processed    89,000,000 records.  Elapsed time: 00:13:22s.  Time for last 1,000,000:    9s.  Last read position: chr14:14,539,973
INFO	2024-09-27 15:21:22	AddOrReplaceReadGroups	Processed    90,000,000 records.  Elapsed time: 00:13:28s.  Time for last 1,000,000:    6s.  Last read position: chr14:14,540,128
INFO	2024-09-27 15:21:29	AddOrReplaceReadGroups	Processed    91,000,000 records.  Elapsed time: 00:13:35s.  Time for last 1,000,000:    7s.  Last read position: chr14:18,336,860
INFO	2024-09-27 15:21:37	AddOrReplaceReadGroups	Processed    92,000,000 records.  Elapsed time: 00:13:43s.  Time for last 1,000,000:    7s.  Last read position: chr14:43,709,276
INFO	2024-09-27 15:21:43	AddOrReplaceReadGroups	Processed    93,000,000 records.  Elapsed time: 00:13:50s.  Time for last 1,000,000:    6s.  Last read position: chr14:43,771,214
INFO	2024-09-27 15:21:50	AddOrReplaceReadGroups	Processed    94,000,000 records.  Elapsed time: 00:13:57s.  Time for last 1,000,000:    6s.  Last read position: chr14:43,780,429
INFO	2024-09-27 15:21:58	AddOrReplaceReadGroups	Processed    95,000,000 records.  Elapsed time: 00:14:05s.  Time for last 1,000,000:    8s.  Last read position: chr14:43,784,841
INFO	2024-09-27 15:22:05	AddOrReplaceReadGroups	Processed    96,000,000 records.  Elapsed time: 00:14:12s.  Time for last 1,000,000:    6s.  Last read position: chr14:43,784,854
INFO	2024-09-27 15:22:11	AddOrReplaceReadGroups	Processed    97,000,000 records.  Elapsed time: 00:14:18s.  Time for last 1,000,000:    6s.  Last read position: chr14:43,784,860
INFO	2024-09-27 15:22:18	AddOrReplaceReadGroups	Processed    98,000,000 records.  Elapsed time: 00:14:25s.  Time for last 1,000,000:    6s.  Last read position: chr14:43,784,878
INFO	2024-09-27 15:22:25	AddOrReplaceReadGroups	Processed    99,000,000 records.  Elapsed time: 00:14:31s.  Time for last 1,000,000:    6s.  Last read position: chr14:43,784,894
INFO	2024-09-27 15:22:31	AddOrReplaceReadGroups	Processed   100,000,000 records.  Elapsed time: 00:14:38s.  Time for last 1,000,000:    6s.  Last read position: chr14:43,784,942
INFO	2024-09-27 15:22:38	AddOrReplaceReadGroups	Processed   101,000,000 records.  Elapsed time: 00:14:44s.  Time for last 1,000,000:    6s.  Last read position: chr14:43,784,947
INFO	2024-09-27 15:22:44	AddOrReplaceReadGroups	Processed   102,000,000 records.  Elapsed time: 00:14:51s.  Time for last 1,000,000:    6s.  Last read position: chr14:43,784,957
INFO	2024-09-27 15:22:50	AddOrReplaceReadGroups	Processed   103,000,000 records.  Elapsed time: 00:14:57s.  Time for last 1,000,000:    6s.  Last read position: chr14:43,784,959
INFO	2024-09-27 15:22:57	AddOrReplaceReadGroups	Processed   104,000,000 records.  Elapsed time: 00:15:03s.  Time for last 1,000,000:    6s.  Last read position: chr14:43,784,960
INFO	2024-09-27 15:23:03	AddOrReplaceReadGroups	Processed   105,000,000 records.  Elapsed time: 00:15:10s.  Time for last 1,000,000:    6s.  Last read position: chr14:43,784,970
INFO	2024-09-27 15:23:09	AddOrReplaceReadGroups	Processed   106,000,000 records.  Elapsed time: 00:15:16s.  Time for last 1,000,000:    6s.  Last read position: chr14:43,784,970
INFO	2024-09-27 15:23:15	AddOrReplaceReadGroups	Processed   107,000,000 records.  Elapsed time: 00:15:22s.  Time for last 1,000,000:    6s.  Last read position: chr14:44,058,860
INFO	2024-09-27 15:23:22	AddOrReplaceReadGroups	Processed   108,000,000 records.  Elapsed time: 00:15:29s.  Time for last 1,000,000:    6s.  Last read position: chr14:44,058,867
INFO	2024-09-27 15:23:29	AddOrReplaceReadGroups	Processed   109,000,000 records.  Elapsed time: 00:15:35s.  Time for last 1,000,000:    6s.  Last read position: chr14:44,067,788
INFO	2024-09-27 15:23:35	AddOrReplaceReadGroups	Processed   110,000,000 records.  Elapsed time: 00:15:42s.  Time for last 1,000,000:    6s.  Last read position: chr14:44,067,799
INFO	2024-09-27 15:23:42	AddOrReplaceReadGroups	Processed   111,000,000 records.  Elapsed time: 00:15:48s.  Time for last 1,000,000:    6s.  Last read position: chr14:44,067,799
INFO	2024-09-27 15:23:48	AddOrReplaceReadGroups	Processed   112,000,000 records.  Elapsed time: 00:15:55s.  Time for last 1,000,000:    6s.  Last read position: chr14:44,067,804
INFO	2024-09-27 15:23:55	AddOrReplaceReadGroups	Processed   113,000,000 records.  Elapsed time: 00:16:02s.  Time for last 1,000,000:    6s.  Last read position: chr14:44,067,816
INFO	2024-09-27 15:24:02	AddOrReplaceReadGroups	Processed   114,000,000 records.  Elapsed time: 00:16:08s.  Time for last 1,000,000:    6s.  Last read position: chr14:44,067,856
INFO	2024-09-27 15:24:08	AddOrReplaceReadGroups	Processed   115,000,000 records.  Elapsed time: 00:16:15s.  Time for last 1,000,000:    6s.  Last read position: chr14:44,067,873
INFO	2024-09-27 15:24:14	AddOrReplaceReadGroups	Processed   116,000,000 records.  Elapsed time: 00:16:21s.  Time for last 1,000,000:    6s.  Last read position: chr14:44,067,881
INFO	2024-09-27 15:24:21	AddOrReplaceReadGroups	Processed   117,000,000 records.  Elapsed time: 00:16:27s.  Time for last 1,000,000:    6s.  Last read position: chr14:44,067,896
INFO	2024-09-27 15:24:27	AddOrReplaceReadGroups	Processed   118,000,000 records.  Elapsed time: 00:16:34s.  Time for last 1,000,000:    6s.  Last read position: chr14:44,067,898
INFO	2024-09-27 15:24:34	AddOrReplaceReadGroups	Processed   119,000,000 records.  Elapsed time: 00:16:41s.  Time for last 1,000,000:    6s.  Last read position: chr14:44,067,910
INFO	2024-09-27 15:24:41	AddOrReplaceReadGroups	Processed   120,000,000 records.  Elapsed time: 00:16:48s.  Time for last 1,000,000:    7s.  Last read position: chr14:44,067,918
INFO	2024-09-27 15:24:51	AddOrReplaceReadGroups	Processed   121,000,000 records.  Elapsed time: 00:16:57s.  Time for last 1,000,000:    9s.  Last read position: chr14:58,259,874
INFO	2024-09-27 15:25:00	AddOrReplaceReadGroups	Processed   122,000,000 records.  Elapsed time: 00:17:06s.  Time for last 1,000,000:    9s.  Last read position: chr14:90,787,058
INFO	2024-09-27 15:25:09	AddOrReplaceReadGroups	Processed   123,000,000 records.  Elapsed time: 00:17:15s.  Time for last 1,000,000:    8s.  Last read position: chr15:2,518,753
INFO	2024-09-27 15:25:20	AddOrReplaceReadGroups	Processed   124,000,000 records.  Elapsed time: 00:17:27s.  Time for last 1,000,000:   11s.  Last read position: chr15:4,531,308
INFO	2024-09-27 15:25:31	AddOrReplaceReadGroups	Processed   125,000,000 records.  Elapsed time: 00:17:38s.  Time for last 1,000,000:   11s.  Last read position: chr15:4,666,090
INFO	2024-09-27 15:25:40	AddOrReplaceReadGroups	Processed   126,000,000 records.  Elapsed time: 00:17:47s.  Time for last 1,000,000:    9s.  Last read position: chr15:40,133,490
INFO	2024-09-27 15:25:49	AddOrReplaceReadGroups	Processed   127,000,000 records.  Elapsed time: 00:17:56s.  Time for last 1,000,000:    8s.  Last read position: chr15:59,807,507
INFO	2024-09-27 15:25:58	AddOrReplaceReadGroups	Processed   128,000,000 records.  Elapsed time: 00:18:05s.  Time for last 1,000,000:    9s.  Last read position: chr15:80,403,140
INFO	2024-09-27 15:26:07	AddOrReplaceReadGroups	Processed   129,000,000 records.  Elapsed time: 00:18:14s.  Time for last 1,000,000:    8s.  Last read position: chr16:8,867,257
INFO	2024-09-27 15:26:16	AddOrReplaceReadGroups	Processed   130,000,000 records.  Elapsed time: 00:18:23s.  Time for last 1,000,000:    8s.  Last read position: chr16:22,356,037
INFO	2024-09-27 15:26:25	AddOrReplaceReadGroups	Processed   131,000,000 records.  Elapsed time: 00:18:31s.  Time for last 1,000,000:    8s.  Last read position: chr16:30,667,600
INFO	2024-09-27 15:26:34	AddOrReplaceReadGroups	Processed   132,000,000 records.  Elapsed time: 00:18:41s.  Time for last 1,000,000:    9s.  Last read position: chr16:78,229,341
INFO	2024-09-27 15:26:43	AddOrReplaceReadGroups	Processed   133,000,000 records.  Elapsed time: 00:18:50s.  Time for last 1,000,000:    8s.  Last read position: chr17:3,614,793
INFO	2024-09-27 15:26:52	AddOrReplaceReadGroups	Processed   134,000,000 records.  Elapsed time: 00:18:58s.  Time for last 1,000,000:    8s.  Last read position: chr17:19,009,905
INFO	2024-09-27 15:27:01	AddOrReplaceReadGroups	Processed   135,000,000 records.  Elapsed time: 00:19:07s.  Time for last 1,000,000:    8s.  Last read position: chr17:39,634,814
INFO	2024-09-27 15:27:09	AddOrReplaceReadGroups	Processed   136,000,000 records.  Elapsed time: 00:19:15s.  Time for last 1,000,000:    8s.  Last read position: chr17:47,026,634
INFO	2024-09-27 15:27:18	AddOrReplaceReadGroups	Processed   137,000,000 records.  Elapsed time: 00:19:24s.  Time for last 1,000,000:    9s.  Last read position: chr17:65,371,769
INFO	2024-09-27 15:27:27	AddOrReplaceReadGroups	Processed   138,000,000 records.  Elapsed time: 00:19:34s.  Time for last 1,000,000:    9s.  Last read position: chr17:82,352,847
INFO	2024-09-27 15:27:36	AddOrReplaceReadGroups	Processed   139,000,000 records.  Elapsed time: 00:19:43s.  Time for last 1,000,000:    8s.  Last read position: chr18:34,746,017
INFO	2024-09-27 15:27:45	AddOrReplaceReadGroups	Processed   140,000,000 records.  Elapsed time: 00:19:52s.  Time for last 1,000,000:    9s.  Last read position: chr19:1,566,545
INFO	2024-09-27 15:27:54	AddOrReplaceReadGroups	Processed   141,000,000 records.  Elapsed time: 00:20:01s.  Time for last 1,000,000:    8s.  Last read position: chr19:11,197,057
INFO	2024-09-27 15:28:03	AddOrReplaceReadGroups	Processed   142,000,000 records.  Elapsed time: 00:20:09s.  Time for last 1,000,000:    8s.  Last read position: chr19:19,002,362
INFO	2024-09-27 15:28:12	AddOrReplaceReadGroups	Processed   143,000,000 records.  Elapsed time: 00:20:18s.  Time for last 1,000,000:    8s.  Last read position: chr19:45,030,284
INFO	2024-09-27 15:28:20	AddOrReplaceReadGroups	Processed   144,000,000 records.  Elapsed time: 00:20:27s.  Time for last 1,000,000:    8s.  Last read position: chr19:55,646,744
INFO	2024-09-27 15:28:29	AddOrReplaceReadGroups	Processed   145,000,000 records.  Elapsed time: 00:20:36s.  Time for last 1,000,000:    9s.  Last read position: chr20:21,812,253
INFO	2024-09-27 15:28:38	AddOrReplaceReadGroups	Processed   146,000,000 records.  Elapsed time: 00:20:45s.  Time for last 1,000,000:    9s.  Last read position: chr20:52,682,283
INFO	2024-09-27 15:28:48	AddOrReplaceReadGroups	Processed   147,000,000 records.  Elapsed time: 00:20:54s.  Time for last 1,000,000:    9s.  Last read position: chr21:3,203,476
INFO	2024-09-27 15:29:00	AddOrReplaceReadGroups	Processed   148,000,000 records.  Elapsed time: 00:21:06s.  Time for last 1,000,000:   12s.  Last read position: chr21:5,524,304
INFO	2024-09-27 15:29:11	AddOrReplaceReadGroups	Processed   149,000,000 records.  Elapsed time: 00:21:17s.  Time for last 1,000,000:   10s.  Last read position: chr21:31,939,476
INFO	2024-09-27 15:29:21	AddOrReplaceReadGroups	Processed   150,000,000 records.  Elapsed time: 00:21:27s.  Time for last 1,000,000:   10s.  Last read position: chr22:5,540,736
INFO	2024-09-27 15:29:32	AddOrReplaceReadGroups	Processed   151,000,000 records.  Elapsed time: 00:21:39s.  Time for last 1,000,000:   11s.  Last read position: chr22:29,728,253
INFO	2024-09-27 15:29:41	AddOrReplaceReadGroups	Processed   152,000,000 records.  Elapsed time: 00:21:48s.  Time for last 1,000,000:    8s.  Last read position: chr22:41,971,159
INFO	2024-09-27 15:29:50	AddOrReplaceReadGroups	Processed   153,000,000 records.  Elapsed time: 00:21:57s.  Time for last 1,000,000:    9s.  Last read position: chrX:23,777,653
INFO	2024-09-27 15:29:59	AddOrReplaceReadGroups	Processed   154,000,000 records.  Elapsed time: 00:22:06s.  Time for last 1,000,000:    9s.  Last read position: chrX:72,670,889
INFO	2024-09-27 15:30:09	AddOrReplaceReadGroups	Processed   155,000,000 records.  Elapsed time: 00:22:15s.  Time for last 1,000,000:    9s.  Last read position: chrX:135,023,558
[Fri Sep 27 15:30:16 CEST 2024] picard.sam.AddOrReplaceReadGroups done. Elapsed time: 22.39 minutes.
Runtime.totalMemory()=538968064
