Using GATK jar /lustre1/project/stg_00096/home/rdewin/system/miniconda/envs/WGS/share/gatk4-4.5.0.0-0/gatk-package-4.5.0.0-local.jar
Running:
    java -Dsamjdk.use_async_io_read_samtools=false -Dsamjdk.use_async_io_write_samtools=true -Dsamjdk.use_async_io_write_tribble=false -Dsamjdk.compression_level=2 -jar /lustre1/project/stg_00096/home/rdewin/system/miniconda/envs/WGS/share/gatk4-4.5.0.0-0/gatk-package-4.5.0.0-local.jar CalculateContamination -I results/mutect2/P027/P027_tumor_pileup_summaries.table -matched results/mutect2/P027/P027_normal_pileup_summaries.table -O results/mutect2/P027/P027_contamination.table
15:29:04.235 INFO  NativeLibraryLoader - Loading libgkl_compression.so from jar:file:/lustre1/project/stg_00096/home/rdewin/system/miniconda/envs/WGS/share/gatk4-4.5.0.0-0/gatk-package-4.5.0.0-local.jar!/com/intel/gkl/native/libgkl_compression.so
15:29:04.347 INFO  CalculateContamination - ------------------------------------------------------------
15:29:04.350 INFO  CalculateContamination - The Genome Analysis Toolkit (GATK) v4.5.0.0
15:29:04.350 INFO  CalculateContamination - For support and documentation go to https://software.broadinstitute.org/gatk/
15:29:04.350 INFO  CalculateContamination - Executing as vsc35407@g28l15 on Linux v4.18.0-513.24.1.el8_9.x86_64 amd64
15:29:04.350 INFO  CalculateContamination - Java runtime: OpenJDK 64-Bit Server VM v17.0.10-internal+0-adhoc..src
15:29:04.350 INFO  CalculateContamination - Start Date/Time: July 14, 2024 at 3:29:04 PM CEST
15:29:04.350 INFO  CalculateContamination - ------------------------------------------------------------
15:29:04.351 INFO  CalculateContamination - ------------------------------------------------------------
15:29:04.351 INFO  CalculateContamination - HTSJDK Version: 4.1.0
15:29:04.351 INFO  CalculateContamination - Picard Version: 3.1.1
15:29:04.351 INFO  CalculateContamination - Built for Spark Version: 3.5.0
15:29:04.351 INFO  CalculateContamination - HTSJDK Defaults.COMPRESSION_LEVEL : 2
15:29:04.352 INFO  CalculateContamination - HTSJDK Defaults.USE_ASYNC_IO_READ_FOR_SAMTOOLS : false
15:29:04.352 INFO  CalculateContamination - HTSJDK Defaults.USE_ASYNC_IO_WRITE_FOR_SAMTOOLS : true
15:29:04.352 INFO  CalculateContamination - HTSJDK Defaults.USE_ASYNC_IO_WRITE_FOR_TRIBBLE : false
15:29:04.352 INFO  CalculateContamination - Deflater: IntelDeflater
15:29:04.352 INFO  CalculateContamination - Inflater: IntelInflater
15:29:04.352 INFO  CalculateContamination - GCS max retries/reopens: 20
15:29:04.352 INFO  CalculateContamination - Requester pays: disabled
15:29:04.353 INFO  CalculateContamination - Initializing engine
15:29:04.353 INFO  CalculateContamination - Done initializing engine
15:29:26.252 WARN  KernelSegmenter - Specified dimension of the kernel approximation (100) exceeds the number of data points (5) to segment; using all data points to calculate kernel matrix.
15:29:26.275 WARN  KernelSegmenter - Number of points needed to calculate local changepoint costs (2 * window size = 100) exceeds number of data points (5).  Local changepoint costs will not be calculated for this window size.
15:29:26.275 WARN  KernelSegmenter - No changepoint candidates were found.  The specified window sizes may be inappropriate, or there may be insufficient data points.
15:29:26.281 INFO  KernelSegmenter - Found 0 changepoints after applying the changepoint penalty.
15:29:27.179 INFO  KernelSegmenter - Found 5 changepoints after applying the changepoint penalty.
15:29:28.368 INFO  KernelSegmenter - Found 5 changepoints after applying the changepoint penalty.
15:29:28.753 INFO  KernelSegmenter - Found 2 changepoints after applying the changepoint penalty.
15:29:29.631 INFO  KernelSegmenter - Found 3 changepoints after applying the changepoint penalty.
15:29:30.752 INFO  KernelSegmenter - Found 5 changepoints after applying the changepoint penalty.
15:29:32.062 INFO  KernelSegmenter - Found 6 changepoints after applying the changepoint penalty.
15:29:32.549 INFO  KernelSegmenter - Found 1 changepoints after applying the changepoint penalty.
15:29:33.423 INFO  KernelSegmenter - Found 6 changepoints after applying the changepoint penalty.
15:29:34.671 INFO  KernelSegmenter - Found 7 changepoints after applying the changepoint penalty.
15:29:35.419 INFO  KernelSegmenter - Found 6 changepoints after applying the changepoint penalty.
15:29:36.164 INFO  KernelSegmenter - Found 6 changepoints after applying the changepoint penalty.
15:29:37.358 INFO  KernelSegmenter - Found 4 changepoints after applying the changepoint penalty.
15:29:38.304 INFO  KernelSegmenter - Found 7 changepoints after applying the changepoint penalty.
15:29:39.485 INFO  KernelSegmenter - Found 7 changepoints after applying the changepoint penalty.
15:29:40.313 INFO  KernelSegmenter - Found 1 changepoints after applying the changepoint penalty.
15:29:41.557 INFO  KernelSegmenter - Found 6 changepoints after applying the changepoint penalty.
15:29:42.223 INFO  KernelSegmenter - Found 7 changepoints after applying the changepoint penalty.
15:29:42.695 INFO  KernelSegmenter - Found 2 changepoints after applying the changepoint penalty.
15:29:43.202 INFO  KernelSegmenter - Found 5 changepoints after applying the changepoint penalty.
15:29:43.721 INFO  KernelSegmenter - Found 8 changepoints after applying the changepoint penalty.
15:29:44.243 INFO  KernelSegmenter - Found 5 changepoints after applying the changepoint penalty.
15:29:44.758 INFO  KernelSegmenter - Found 10 changepoints after applying the changepoint penalty.
15:29:45.245 INFO  KernelSegmenter - Found 6 changepoints after applying the changepoint penalty.
15:37:58.584 INFO  CalculateContamination - Shutting down engine
[July 14, 2024 at 3:37:58 PM CEST] org.broadinstitute.hellbender.tools.walkers.contamination.CalculateContamination done. Elapsed time: 8.91 minutes.
Runtime.totalMemory()=6459228160
Tool returned:
SUCCESS
