Using GATK jar /lustre1/project/stg_00096/home/rdewin/system/miniconda/envs/WGS/share/gatk4-4.5.0.0-0/gatk-package-4.5.0.0-local.jar
Running:
    java -Dsamjdk.use_async_io_read_samtools=false -Dsamjdk.use_async_io_write_samtools=true -Dsamjdk.use_async_io_write_tribble=false -Dsamjdk.compression_level=2 -jar /lustre1/project/stg_00096/home/rdewin/system/miniconda/envs/WGS/share/gatk4-4.5.0.0-0/gatk-package-4.5.0.0-local.jar GetPileupSummaries -I results/recal/P027/P027_dna_tumor_recal.bam -L resources/filtered_gnomad_chr.vcf.gz -V resources/filtered_gnomad_chr.vcf.gz -O results/mutect2/P027/P027_tumor_pileup_summaries.table
14:00:39.619 INFO  NativeLibraryLoader - Loading libgkl_compression.so from jar:file:/lustre1/project/stg_00096/home/rdewin/system/miniconda/envs/WGS/share/gatk4-4.5.0.0-0/gatk-package-4.5.0.0-local.jar!/com/intel/gkl/native/libgkl_compression.so
14:00:39.931 INFO  GetPileupSummaries - ------------------------------------------------------------
14:00:39.934 INFO  GetPileupSummaries - The Genome Analysis Toolkit (GATK) v4.5.0.0
14:00:39.934 INFO  GetPileupSummaries - For support and documentation go to https://software.broadinstitute.org/gatk/
14:00:39.934 INFO  GetPileupSummaries - Executing as vsc35407@g28l15 on Linux v4.18.0-513.24.1.el8_9.x86_64 amd64
14:00:39.934 INFO  GetPileupSummaries - Java runtime: OpenJDK 64-Bit Server VM v17.0.10-internal+0-adhoc..src
14:00:39.935 INFO  GetPileupSummaries - Start Date/Time: July 14, 2024 at 2:00:39 PM CEST
14:00:39.935 INFO  GetPileupSummaries - ------------------------------------------------------------
14:00:39.935 INFO  GetPileupSummaries - ------------------------------------------------------------
14:00:39.935 INFO  GetPileupSummaries - HTSJDK Version: 4.1.0
14:00:39.935 INFO  GetPileupSummaries - Picard Version: 3.1.1
14:00:39.936 INFO  GetPileupSummaries - Built for Spark Version: 3.5.0
14:00:39.936 INFO  GetPileupSummaries - HTSJDK Defaults.COMPRESSION_LEVEL : 2
14:00:39.936 INFO  GetPileupSummaries - HTSJDK Defaults.USE_ASYNC_IO_READ_FOR_SAMTOOLS : false
14:00:39.936 INFO  GetPileupSummaries - HTSJDK Defaults.USE_ASYNC_IO_WRITE_FOR_SAMTOOLS : true
14:00:39.936 INFO  GetPileupSummaries - HTSJDK Defaults.USE_ASYNC_IO_WRITE_FOR_TRIBBLE : false
14:00:39.936 INFO  GetPileupSummaries - Deflater: IntelDeflater
14:00:39.936 INFO  GetPileupSummaries - Inflater: IntelInflater
14:00:39.937 INFO  GetPileupSummaries - GCS max retries/reopens: 20
14:00:39.937 INFO  GetPileupSummaries - Requester pays: disabled
14:00:39.937 INFO  GetPileupSummaries - Initializing engine
14:00:40.049 INFO  FeatureManager - Using codec VCFCodec to read file file:///lustre1/project/stg_00096/home/rdewin/WGS/resources/filtered_gnomad_chr.vcf.gz
14:00:40.231 INFO  FeatureManager - Using codec VCFCodec to read file file:///lustre1/project/stg_00096/home/rdewin/WGS/resources/filtered_gnomad_chr.vcf.gz
14:02:01.988 INFO  IntervalArgumentCollection - Processing 8916026 bp from intervals
14:02:02.185 INFO  GetPileupSummaries - Done initializing engine
14:02:02.192 INFO  ProgressMeter - Starting traversal
14:02:02.192 INFO  ProgressMeter -        Current Locus  Elapsed Minutes        Loci Processed      Loci/Minute
14:02:42.401 INFO  ProgressMeter -          chr1:269703              0.7                  1000           1492.3
14:02:52.493 INFO  ProgressMeter -         chr1:4148791              0.8                 18000          21470.7
14:03:02.519 INFO  ProgressMeter -         chr1:9019739              1.0                 35000          34810.9
14:03:12.777 INFO  ProgressMeter -        chr1:13801075              1.2                 54000          45902.1
14:03:22.819 INFO  ProgressMeter -        chr1:18867987              1.3                 71000          52835.9
14:03:32.850 INFO  ProgressMeter -        chr1:24303985              1.5                 87000          57579.0
14:03:42.906 INFO  ProgressMeter -        chr1:29808654              1.7                102000          60766.7
14:03:53.061 INFO  ProgressMeter -        chr1:35483975              1.8                118000          63859.1
14:04:03.381 INFO  ProgressMeter -        chr1:41191666              2.0                134000          66342.7
14:04:13.551 INFO  ProgressMeter -        chr1:49378210              2.2                154000          70342.1
14:04:23.630 INFO  ProgressMeter -        chr1:58732329              2.4                181000          76782.8
14:04:33.877 INFO  ProgressMeter -        chr1:67965214              2.5                207000          81880.2
14:04:44.162 INFO  ProgressMeter -        chr1:78703494              2.7                234000          86682.7
14:04:54.273 INFO  ProgressMeter -        chr1:88300992              2.9                262000          91352.9
14:05:04.416 INFO  ProgressMeter -        chr1:98698471              3.0                288000          94828.3
14:05:14.429 INFO  ProgressMeter -       chr1:108197814              3.2                317000          98940.4
14:05:24.707 INFO  ProgressMeter -       chr1:117222302              3.4                342000         101325.8
14:05:35.109 INFO  ProgressMeter -       chr1:144030575              3.5                362000         102011.6
14:05:45.563 INFO  ProgressMeter -       chr1:149803087              3.7                379000         101804.2
14:05:55.994 INFO  ProgressMeter -       chr1:155902620              3.9                394000         101111.6
14:06:06.566 INFO  ProgressMeter -       chr1:161258887              4.1                411000         100911.3
14:06:17.058 INFO  ProgressMeter -       chr1:167035070              4.2                428000         100758.8
14:06:27.165 INFO  ProgressMeter -       chr1:172378236              4.4                444000         100538.9
14:06:37.174 INFO  ProgressMeter -       chr1:178656357              4.6                459000         100152.0
14:06:47.565 INFO  ProgressMeter -       chr1:184423091              4.8                475000          99869.6
14:06:57.632 INFO  ProgressMeter -       chr1:190329264              4.9                493000         100122.2
14:07:07.663 INFO  ProgressMeter -       chr1:196258914              5.1                509000          99976.8
14:07:18.318 INFO  ProgressMeter -       chr1:202149712              5.3                525000          99644.1
14:07:28.521 INFO  ProgressMeter -       chr1:207583743              5.4                540000          99286.3
14:07:38.553 INFO  ProgressMeter -       chr1:212634092              5.6                556000          99179.5
14:07:48.922 INFO  ProgressMeter -       chr1:218403200              5.8                573000          99155.2
14:07:59.005 INFO  ProgressMeter -       chr1:224083493              5.9                589000          99043.5
14:08:09.292 INFO  ProgressMeter -       chr1:229667528              6.1                605000          98883.1
14:08:19.932 INFO  ProgressMeter -       chr1:235066816              6.3                622000          98798.1
14:08:29.961 INFO  ProgressMeter -       chr1:240384826              6.5                640000          99028.0
14:08:40.036 INFO  ProgressMeter -       chr1:245633311              6.6                657000          99084.3
14:08:50.265 INFO  ProgressMeter -         chr2:1849066              6.8                676000          99394.0
14:09:00.717 INFO  ProgressMeter -         chr2:6844496              7.0                695000          99635.6
14:09:11.309 INFO  ProgressMeter -        chr2:12259005              7.2                712000          99553.3
14:09:21.368 INFO  ProgressMeter -        chr2:17741634              7.3                729000          99595.8
14:09:32.018 INFO  ProgressMeter -        chr2:23672440              7.5                747000          99638.7
14:09:42.420 INFO  ProgressMeter -        chr2:29861120              7.7                762000          99342.1
14:09:52.835 INFO  ProgressMeter -        chr2:35259089              7.8                780000          99438.4
14:10:03.292 INFO  ProgressMeter -        chr2:40360732              8.0                798000          99521.9
14:10:13.627 INFO  ProgressMeter -        chr2:45522025              8.2                815000          99504.5
14:10:23.662 INFO  ProgressMeter -        chr2:50361314              8.4                831000          99427.9
14:10:34.204 INFO  ProgressMeter -        chr2:55748960              8.5                849000          99489.9
14:10:44.207 INFO  ProgressMeter -        chr2:61303842              8.7                866000          99537.4
14:10:54.562 INFO  ProgressMeter -        chr2:67277657              8.9                882000          99404.5
14:11:05.223 INFO  ProgressMeter -        chr2:72764526              9.1                899000          99331.3
14:11:15.492 INFO  ProgressMeter -        chr2:78190192              9.2                916000          99331.5
14:11:25.543 INFO  ProgressMeter -        chr2:83650033              9.4                934000          99476.2
14:11:35.831 INFO  ProgressMeter -        chr2:89263239              9.6                952000          99575.0
14:11:46.245 INFO  ProgressMeter -       chr2:100318818              9.7                969000          99545.8
14:11:56.576 INFO  ProgressMeter -       chr2:106113721              9.9                985000          99430.7
14:12:06.781 INFO  ProgressMeter -       chr2:112222473             10.1               1001000          99340.4
14:12:16.999 INFO  ProgressMeter -       chr2:117924814             10.2               1018000          99348.3
14:12:27.187 INFO  ProgressMeter -       chr2:123442639             10.4               1035000          99360.8
14:12:37.226 INFO  ProgressMeter -       chr2:128977490             10.6               1052000          99396.3
14:12:47.668 INFO  ProgressMeter -       chr2:134363644             10.8               1071000          99554.4
14:12:58.029 INFO  ProgressMeter -       chr2:140020174             10.9               1088000          99537.1
14:13:08.091 INFO  ProgressMeter -       chr2:145790053             11.1               1104000          99474.7
14:13:18.802 INFO  ProgressMeter -       chr2:152507130             11.3               1120000          99318.8
14:13:29.111 INFO  ProgressMeter -       chr2:158897693             11.4               1136000          99225.7
14:13:39.137 INFO  ProgressMeter -       chr2:164760693             11.6               1151000          99089.6
14:13:49.228 INFO  ProgressMeter -       chr2:170253869             11.8               1167000          99033.1
14:13:59.717 INFO  ProgressMeter -       chr2:176001627             12.0               1183000          98923.5
14:14:10.195 INFO  ProgressMeter -       chr2:181788323             12.1               1199000          98818.3
14:14:20.339 INFO  ProgressMeter -       chr2:187804904             12.3               1215000          98760.8
14:14:30.515 INFO  ProgressMeter -       chr2:194023387             12.5               1230000          98620.5
14:14:40.651 INFO  ProgressMeter -       chr2:200133563             12.6               1245000          98489.2
14:14:50.798 INFO  ProgressMeter -       chr2:206591893             12.8               1259000          98282.0
14:15:01.271 INFO  ProgressMeter -       chr2:212483580             13.0               1276000          98270.0
14:15:11.411 INFO  ProgressMeter -       chr2:217687862             13.2               1292000          98223.7
14:15:21.508 INFO  ProgressMeter -       chr2:223281235             13.3               1308000          98183.9
14:15:31.787 INFO  ProgressMeter -       chr2:229057163             13.5               1325000          98197.2
14:15:42.288 INFO  ProgressMeter -       chr2:234276596             13.7               1342000          98183.7
14:15:52.657 INFO  ProgressMeter -       chr2:239070720             13.8               1360000          98258.2
14:16:02.933 INFO  ProgressMeter -          chr3:894575             14.0               1378000          98341.8
14:16:13.295 INFO  ProgressMeter -         chr3:5493018             14.2               1397000          98484.1
14:16:23.534 INFO  ProgressMeter -        chr3:10446795             14.4               1415000          98567.1
14:16:33.953 INFO  ProgressMeter -        chr3:15442223             14.5               1431000          98490.4
14:16:44.287 INFO  ProgressMeter -        chr3:20719054             14.7               1447000          98424.9
14:16:54.757 INFO  ProgressMeter -        chr3:25811429             14.9               1465000          98480.2
14:17:04.892 INFO  ProgressMeter -        chr3:30962255             15.0               1482000          98504.5
14:17:15.027 INFO  ProgressMeter -        chr3:36250268             15.2               1498000          98462.6
14:17:25.355 INFO  ProgressMeter -        chr3:41875739             15.4               1514000          98400.8
14:17:35.759 INFO  ProgressMeter -        chr3:47645680             15.6               1529000          98268.3
14:17:45.910 INFO  ProgressMeter -        chr3:54369108             15.7               1542000          98037.8
14:17:56.373 INFO  ProgressMeter -        chr3:59901380             15.9               1558000          97968.8
14:18:06.856 INFO  ProgressMeter -        chr3:65025011             16.1               1576000          98023.8
14:18:17.488 INFO  ProgressMeter -        chr3:70637566             16.3               1594000          98062.5
14:18:27.510 INFO  ProgressMeter -        chr3:75794226             16.4               1611000          98100.3
14:18:37.853 INFO  ProgressMeter -        chr3:82162807             16.6               1628000          98105.7
14:18:48.211 INFO  ProgressMeter -        chr3:88646345             16.8               1645000          98109.5
14:18:58.514 INFO  ProgressMeter -       chr3:100157951             16.9               1666000          98354.8
14:19:08.916 INFO  ProgressMeter -       chr3:106043459             17.1               1683000          98351.7
14:19:19.484 INFO  ProgressMeter -       chr3:111929060             17.3               1700000          98333.0
14:19:30.118 INFO  ProgressMeter -       chr3:117863575             17.5               1716000          98251.2
14:19:40.751 INFO  ProgressMeter -       chr3:123714061             17.6               1733000          98227.9
14:19:51.225 INFO  ProgressMeter -       chr3:129149870             17.8               1750000          98219.6
14:20:01.610 INFO  ProgressMeter -       chr3:134352169             18.0               1766000          98164.0
14:20:12.026 INFO  ProgressMeter -       chr3:140336256             18.2               1782000          98106.7
14:20:22.677 INFO  ProgressMeter -       chr3:146308023             18.3               1798000          98029.6
14:20:32.996 INFO  ProgressMeter -       chr3:152037576             18.5               1816000          98091.1
14:20:43.077 INFO  ProgressMeter -       chr3:157494224             18.7               1832000          98065.4
14:20:53.308 INFO  ProgressMeter -       chr3:162824624             18.9               1848000          98027.1
14:21:03.736 INFO  ProgressMeter -       chr3:168962327             19.0               1865000          98025.1
14:21:14.323 INFO  ProgressMeter -       chr3:174457183             19.2               1883000          98061.8
14:21:24.603 INFO  ProgressMeter -       chr3:179922800             19.4               1900000          98072.0
14:21:35.021 INFO  ProgressMeter -       chr3:185964666             19.5               1916000          98019.4
14:21:45.114 INFO  ProgressMeter -       chr3:191211618             19.7               1932000          97994.6
14:21:55.562 INFO  ProgressMeter -       chr3:196438922             19.9               1950000          98041.7
14:22:05.746 INFO  ProgressMeter -       chr3:200486924             20.1               1968000          98109.4
14:22:16.171 INFO  ProgressMeter -         chr4:4061929             20.2               1986000          98156.6
14:22:26.467 INFO  ProgressMeter -         chr4:8457053             20.4               2005000          98262.3
14:22:36.549 INFO  ProgressMeter -        chr4:13265006             20.6               2025000          98431.8
14:22:46.814 INFO  ProgressMeter -        chr4:18744072             20.7               2042000          98439.5
14:22:57.244 INFO  ProgressMeter -        chr4:24337155             20.9               2060000          98482.0
14:23:07.524 INFO  ProgressMeter -        chr4:30131557             21.1               2078000          98535.5
14:23:17.546 INFO  ProgressMeter -        chr4:35530361             21.3               2097000          98655.0
14:23:27.679 INFO  ProgressMeter -        chr4:40627727             21.4               2114000          98670.9
14:23:37.805 INFO  ProgressMeter -        chr4:46346209             21.6               2131000          98686.9
14:23:48.265 INFO  ProgressMeter -        chr4:58533962             21.8               2152000          98861.2
14:23:58.569 INFO  ProgressMeter -        chr4:63831396             21.9               2171000          98953.4
14:24:08.717 INFO  ProgressMeter -        chr4:69487077             22.1               2189000          99010.6
14:24:18.856 INFO  ProgressMeter -        chr4:75144052             22.3               2206000          99022.6
14:24:29.213 INFO  ProgressMeter -        chr4:80819981             22.5               2223000          99018.5
14:24:39.668 INFO  ProgressMeter -        chr4:86545909             22.6               2239000          98963.1
14:24:49.893 INFO  ProgressMeter -        chr4:91446432             22.8               2253000          98837.4
14:25:00.336 INFO  ProgressMeter -        chr4:97319108             23.0               2270000          98828.6
14:25:10.360 INFO  ProgressMeter -       chr4:102763808             23.1               2286000          98806.5
14:25:20.378 INFO  ProgressMeter -       chr4:108435268             23.3               2302000          98785.1
14:25:30.696 INFO  ProgressMeter -       chr4:114243939             23.5               2318000          98743.1
14:25:40.933 INFO  ProgressMeter -       chr4:119616927             23.6               2333000          98664.9
14:25:50.966 INFO  ProgressMeter -       chr4:125275583             23.8               2350000          98686.0
14:26:01.440 INFO  ProgressMeter -       chr4:130999732             24.0               2368000          98718.2
14:26:11.564 INFO  ProgressMeter -       chr4:136759896             24.2               2385000          98732.4
14:26:22.030 INFO  ProgressMeter -       chr4:143120605             24.3               2402000          98723.3
14:26:32.690 INFO  ProgressMeter -       chr4:149159841             24.5               2418000          98660.5
14:26:43.239 INFO  ProgressMeter -       chr4:155633442             24.7               2434000          98605.9
14:26:53.410 INFO  ProgressMeter -       chr4:160992962             24.9               2450000          98577.2
14:27:03.559 INFO  ProgressMeter -       chr4:166761520             25.0               2468000          98630.1
14:27:13.634 INFO  ProgressMeter -       chr4:171641135             25.2               2486000          98687.2
14:27:23.917 INFO  ProgressMeter -       chr4:177183552             25.4               2503000          98690.6
14:27:34.313 INFO  ProgressMeter -       chr4:182885127             25.5               2521000          98725.9
14:27:44.644 INFO  ProgressMeter -       chr4:188126721             25.7               2540000          98803.8
14:27:54.914 INFO  ProgressMeter -       chr4:193276550             25.9               2560000          98923.1
14:28:05.099 INFO  ProgressMeter -         chr5:4172304             26.0               2579000          99007.9
14:28:15.105 INFO  ProgressMeter -         chr5:9369752             26.2               2597000          99064.6
14:28:25.684 INFO  ProgressMeter -        chr5:15038194             26.4               2614000          99047.0
14:28:36.105 INFO  ProgressMeter -        chr5:20963763             26.6               2632000          99077.0
14:28:46.466 INFO  ProgressMeter -        chr5:26916410             26.7               2651000          99147.7
14:28:56.834 INFO  ProgressMeter -        chr5:32591507             26.9               2670000          99217.0
14:29:06.842 INFO  ProgressMeter -        chr5:38006242             27.1               2686000          99196.8
14:29:17.136 INFO  ProgressMeter -        chr5:43509464             27.2               2703000          99196.1
14:29:27.261 INFO  ProgressMeter -        chr5:53658629             27.4               2720000          99205.6
14:29:37.277 INFO  ProgressMeter -        chr5:59084249             27.6               2736000          99185.3
14:29:47.985 INFO  ProgressMeter -        chr5:65424136             27.8               2752000          99124.0
14:29:58.005 INFO  ProgressMeter -        chr5:71927713             27.9               2767000          99068.3
14:30:08.540 INFO  ProgressMeter -        chr5:77711466             28.1               2784000          99054.3
14:30:18.914 INFO  ProgressMeter -        chr5:83412287             28.3               2800000          99014.5
14:30:29.196 INFO  ProgressMeter -        chr5:89901275             28.5               2816000          98980.4
14:30:39.259 INFO  ProgressMeter -        chr5:96151391             28.6               2831000          98924.6
14:30:49.769 INFO  ProgressMeter -       chr5:101831532             28.8               2849000          98947.8
14:31:00.220 INFO  ProgressMeter -       chr5:107783318             29.0               2867000          98974.2
14:31:10.334 INFO  ProgressMeter -       chr5:112778811             29.1               2884000          98985.1
14:31:20.394 INFO  ProgressMeter -       chr5:117607377             29.3               2902000          99033.0
14:31:30.599 INFO  ProgressMeter -       chr5:122446639             29.5               2921000          99106.1
14:31:40.623 INFO  ProgressMeter -       chr5:127911135             29.6               2938000          99121.1
14:31:50.878 INFO  ProgressMeter -       chr5:133914359             29.8               2954000          99089.6
14:32:01.464 INFO  ProgressMeter -       chr5:140349554             30.0               2969000          99006.7
14:32:11.475 INFO  ProgressMeter -       chr5:146113295             30.2               2984000          98956.4
14:32:22.048 INFO  ProgressMeter -       chr5:151608325             30.3               3001000          98941.9
14:32:32.229 INFO  ProgressMeter -       chr5:157091029             30.5               3018000          98948.8
14:32:42.281 INFO  ProgressMeter -       chr5:162412719             30.7               3034000          98930.0
14:32:52.407 INFO  ProgressMeter -       chr5:168474309             30.8               3051000          98939.9
14:33:02.970 INFO  ProgressMeter -       chr5:173823546             31.0               3068000          98926.4
14:33:13.404 INFO  ProgressMeter -       chr5:179126050             31.2               3086000          98952.0
14:33:23.715 INFO  ProgressMeter -         chr6:2036102             31.4               3104000          98983.6
14:33:34.254 INFO  ProgressMeter -         chr6:6927117             31.5               3122000          99003.1
14:33:44.798 INFO  ProgressMeter -        chr6:12261548             31.7               3140000          99022.1
14:33:55.123 INFO  ProgressMeter -        chr6:17683231             31.9               3156000          98989.5
14:34:05.679 INFO  ProgressMeter -        chr6:23209897             32.1               3174000          99007.7
14:34:15.749 INFO  ProgressMeter -        chr6:28235367             32.2               3190000          98988.5
14:34:25.984 INFO  ProgressMeter -        chr6:32061726             32.4               3214000          99208.1
14:34:36.165 INFO  ProgressMeter -        chr6:36527906             32.6               3237000          99397.5
14:34:46.237 INFO  ProgressMeter -        chr6:41552948             32.7               3253000          99376.5
14:34:56.782 INFO  ProgressMeter -        chr6:47212036             32.9               3269000          99332.0
14:35:07.170 INFO  ProgressMeter -        chr6:53245840             33.1               3286000          99326.1
14:35:17.648 INFO  ProgressMeter -        chr6:62066118             33.3               3304000          99345.7
14:35:27.953 INFO  ProgressMeter -        chr6:67909905             33.4               3322000          99373.8
14:35:38.553 INFO  ProgressMeter -        chr6:73670045             33.6               3340000          99387.0
14:35:48.650 INFO  ProgressMeter -        chr6:79260742             33.8               3357000          99395.1
14:35:59.001 INFO  ProgressMeter -        chr6:85016455             33.9               3375000          99420.2
14:36:09.525 INFO  ProgressMeter -        chr6:91001250             34.1               3392000          99407.4
14:36:20.077 INFO  ProgressMeter -        chr6:97020428             34.3               3410000          99422.5
14:36:30.518 INFO  ProgressMeter -       chr6:103136655             34.5               3426000          99384.7
14:36:41.001 INFO  ProgressMeter -       chr6:108973851             34.6               3444000          99403.1
14:36:51.220 INFO  ProgressMeter -       chr6:114443325             34.8               3459000          99347.6
14:37:01.383 INFO  ProgressMeter -       chr6:120369547             35.0               3475000          99324.0
14:37:11.650 INFO  ProgressMeter -       chr6:126314014             35.2               3492000          99324.1
14:37:22.023 INFO  ProgressMeter -       chr6:132166242             35.3               3508000          99290.9
14:37:32.424 INFO  ProgressMeter -       chr6:137429198             35.5               3525000          99285.0
14:37:42.514 INFO  ProgressMeter -       chr6:143203328             35.7               3541000          99265.4
14:37:52.964 INFO  ProgressMeter -       chr6:148986043             35.8               3557000          99229.5
14:38:03.583 INFO  ProgressMeter -       chr6:154417590             36.0               3575000          99241.6
14:38:13.745 INFO  ProgressMeter -       chr6:159529617             36.2               3592000          99246.9
14:38:24.151 INFO  ProgressMeter -       chr6:164786485             36.4               3609000          99241.1
14:38:34.411 INFO  ProgressMeter -       chr6:169638428             36.5               3627000          99269.3
14:38:44.772 INFO  ProgressMeter -         chr7:2027183             36.7               3647000          99347.1
14:38:54.996 INFO  ProgressMeter -         chr7:6256978             36.9               3666000          99403.3
14:39:05.458 INFO  ProgressMeter -        chr7:10801646             37.1               3686000          99475.3
14:39:15.574 INFO  ProgressMeter -        chr7:15469387             37.2               3705000          99535.2
14:39:26.064 INFO  ProgressMeter -        chr7:20638389             37.4               3723000          99551.1
14:39:36.174 INFO  ProgressMeter -        chr7:25752692             37.6               3740000          99557.1
14:39:46.508 INFO  ProgressMeter -        chr7:31147187             37.7               3756000          99526.7
14:39:57.161 INFO  ProgressMeter -        chr7:36593100             37.9               3773000          99509.0
14:40:07.396 INFO  ProgressMeter -        chr7:42283989             38.1               3789000          99483.5
14:40:17.765 INFO  ProgressMeter -        chr7:47879304             38.3               3806000          99478.4
14:40:27.820 INFO  ProgressMeter -        chr7:52967048             38.4               3823000          99487.0
14:40:38.144 INFO  ProgressMeter -        chr7:58199038             38.6               3843000          99561.6
14:40:48.621 INFO  ProgressMeter -        chr7:68359023             38.8               3865000          99680.7
14:40:58.677 INFO  ProgressMeter -        chr7:74142196             38.9               3883000          99713.9
14:41:08.766 INFO  ProgressMeter -        chr7:79934278             39.1               3899000          99694.3
14:41:19.275 INFO  ProgressMeter -        chr7:85568749             39.3               3917000          99708.0
14:41:29.631 INFO  ProgressMeter -        chr7:91402212             39.5               3934000          99702.7
14:41:39.874 INFO  ProgressMeter -        chr7:97558724             39.6               3949000          99651.7
14:41:49.948 INFO  ProgressMeter -       chr7:103073274             39.8               3966000          99658.4
14:42:00.604 INFO  ProgressMeter -       chr7:108403847             40.0               3982000          99615.9
14:42:10.845 INFO  ProgressMeter -       chr7:114106051             40.1               3998000          99590.9
14:42:21.137 INFO  ProgressMeter -       chr7:120519209             40.3               4013000          99539.3
14:42:31.290 INFO  ProgressMeter -       chr7:126885645             40.5               4029000          99518.4
14:42:41.726 INFO  ProgressMeter -       chr7:132971879             40.7               4045000          99486.2
14:42:51.868 INFO  ProgressMeter -       chr7:138864365             40.8               4061000          99466.2
14:43:02.077 INFO  ProgressMeter -       chr7:144468422             41.0               4079000          99492.5
14:43:12.692 INFO  ProgressMeter -       chr7:150045745             41.2               4097000          99502.2
14:43:22.950 INFO  ProgressMeter -       chr7:154653777             41.3               4115000          99526.0
14:43:33.253 INFO  ProgressMeter -       chr7:159270000             41.5               4134000          99572.0
14:43:43.428 INFO  ProgressMeter -         chr8:2825576             41.7               4155000          99670.7
14:43:53.868 INFO  ProgressMeter -         chr8:6295568             41.9               4179000          99829.8
14:44:04.413 INFO  ProgressMeter -        chr8:11097968             42.0               4199000          99888.2
14:44:14.811 INFO  ProgressMeter -        chr8:16255431             42.2               4222000         100022.9
14:44:25.299 INFO  ProgressMeter -        chr8:20513978             42.4               4242000         100082.3
14:44:35.580 INFO  ProgressMeter -        chr8:25475461             42.6               4260000         100102.3
14:44:46.086 INFO  ProgressMeter -        chr8:31039921             42.7               4277000         100089.9
14:44:56.408 INFO  ProgressMeter -        chr8:37036590             42.9               4294000         100084.8
14:45:06.756 INFO  ProgressMeter -        chr8:43017953             43.1               4311000         100078.8
14:45:16.962 INFO  ProgressMeter -        chr8:51117564             43.2               4327000         100055.1
14:45:27.031 INFO  ProgressMeter -        chr8:56561770             43.4               4344000         100059.9
14:45:37.426 INFO  ProgressMeter -        chr8:62206771             43.6               4361000         100052.2
14:45:47.994 INFO  ProgressMeter -        chr8:67985900             43.8               4378000         100038.0
14:45:58.529 INFO  ProgressMeter -        chr8:74039390             43.9               4395000         100025.2
14:46:08.564 INFO  ProgressMeter -        chr8:79822284             44.1               4412000         100031.3
14:46:18.948 INFO  ProgressMeter -        chr8:85140679             44.3               4430000         100046.8
14:46:29.282 INFO  ProgressMeter -        chr8:91873192             44.5               4447000         100041.6
14:46:39.708 INFO  ProgressMeter -        chr8:98195206             44.6               4463000         100010.6
14:46:50.258 INFO  ProgressMeter -       chr8:103997494             44.8               4479000          99975.3
14:47:00.689 INFO  ProgressMeter -       chr8:109712920             45.0               4495000          99944.5
14:47:10.962 INFO  ProgressMeter -       chr8:115874734             45.1               4512000          99942.0
14:47:21.303 INFO  ProgressMeter -       chr8:121463009             45.3               4529000          99937.1
14:47:31.491 INFO  ProgressMeter -       chr8:126951316             45.5               4546000          99937.7
14:47:41.958 INFO  ProgressMeter -       chr8:132357705             45.7               4564000          99950.1
14:47:52.266 INFO  ProgressMeter -       chr8:137494064             45.8               4581000          99946.4
14:48:02.343 INFO  ProgressMeter -       chr8:142688320             46.0               4598000          99951.1
14:48:12.540 INFO  ProgressMeter -          chr9:872776             46.2               4616000          99973.0
14:48:22.779 INFO  ProgressMeter -         chr9:5432983             46.3               4635000         100014.9
14:48:32.872 INFO  ProgressMeter -        chr9:10185419             46.5               4653000         100040.1
14:48:43.360 INFO  ProgressMeter -        chr9:15296422             46.7               4673000         100094.0
14:48:53.442 INFO  ProgressMeter -        chr9:20070857             46.9               4691000         100119.2
14:49:03.568 INFO  ProgressMeter -        chr9:25598414             47.0               4709000         100142.6
14:49:14.034 INFO  ProgressMeter -        chr9:31151629             47.2               4728000         100175.1
14:49:24.392 INFO  ProgressMeter -        chr9:36582052             47.4               4745000         100168.9
14:49:34.762 INFO  ProgressMeter -        chr9:43861030             47.5               4766000         100246.5
14:49:45.169 INFO  ProgressMeter -        chr9:81825605             47.7               4787000         100322.1
14:49:55.358 INFO  ProgressMeter -        chr9:87986167             47.9               4803000         100300.5
14:50:05.390 INFO  ProgressMeter -        chr9:93121135             48.1               4820000         100305.3
14:50:15.480 INFO  ProgressMeter -        chr9:98883266             48.2               4837000         100308.0
14:50:25.540 INFO  ProgressMeter -       chr9:103733360             48.4               4854000         100311.8
14:50:35.541 INFO  ProgressMeter -       chr9:108900831             48.6               4870000         100296.9
14:50:45.617 INFO  ProgressMeter -       chr9:114667041             48.7               4886000         100279.6
14:50:55.649 INFO  ProgressMeter -       chr9:119774598             48.9               4904000         100304.9
14:51:05.947 INFO  ProgressMeter -       chr9:125128831             49.1               4921000         100300.5
14:51:16.121 INFO  ProgressMeter -       chr9:130783398             49.2               4937000         100280.0
14:51:26.237 INFO  ProgressMeter -       chr9:136564516             49.4               4953000         100261.6
14:51:36.310 INFO  ProgressMeter -       chr9:141882993             49.6               4968000         100224.7
14:51:46.711 INFO  ProgressMeter -       chr9:146767278             49.7               4985000         100217.2
14:51:56.968 INFO  ProgressMeter -         chr10:940735             49.9               5003000         100234.5
14:52:07.175 INFO  ProgressMeter -        chr10:5621103             50.1               5021000         100253.5
14:52:17.749 INFO  ProgressMeter -       chr10:10950078             50.3               5039000         100260.1
14:52:28.298 INFO  ProgressMeter -       chr10:15927785             50.4               5057000         100267.5
14:52:38.689 INFO  ProgressMeter -       chr10:20783346             50.6               5076000         100299.8
14:52:48.895 INFO  ProgressMeter -       chr10:26131697             50.8               5093000         100298.6
14:52:59.294 INFO  ProgressMeter -       chr10:31020765             51.0               5111000         100310.7
14:53:09.682 INFO  ProgressMeter -       chr10:36162001             51.1               5127000         100283.9
14:53:19.827 INFO  ProgressMeter -       chr10:43645939             51.3               5153000         100460.3
14:53:30.527 INFO  ProgressMeter -       chr10:48882808             51.5               5171000         100461.9
14:53:40.970 INFO  ProgressMeter -       chr10:54348546             51.6               5188000         100452.5
14:53:51.071 INFO  ProgressMeter -       chr10:59503070             51.8               5205000         100454.2
14:54:01.253 INFO  ProgressMeter -       chr10:65478777             52.0               5221000         100434.1
14:54:11.386 INFO  ProgressMeter -       chr10:70354871             52.2               5238000         100434.8
14:54:22.075 INFO  ProgressMeter -       chr10:75528101             52.3               5254000         100398.6
14:54:32.418 INFO  ProgressMeter -       chr10:80463164             52.5               5268000         100335.7
14:54:42.865 INFO  ProgressMeter -       chr10:85706990             52.7               5286000         100345.7
14:54:52.871 INFO  ProgressMeter -       chr10:91001283             52.8               5302000         100331.8
14:55:02.983 INFO  ProgressMeter -       chr10:96685942             53.0               5318000         100314.7
14:55:13.323 INFO  ProgressMeter -      chr10:102965984             53.2               5333000         100271.7
14:55:23.440 INFO  ProgressMeter -      chr10:108805211             53.4               5349000         100254.7
14:55:33.593 INFO  ProgressMeter -      chr10:114261723             53.5               5366000         100255.3
14:55:43.949 INFO  ProgressMeter -      chr10:119962595             53.7               5382000         100231.1
14:55:54.303 INFO  ProgressMeter -      chr10:125145996             53.9               5399000         100225.5
14:56:04.520 INFO  ProgressMeter -      chr10:130364250             54.0               5417000         100242.8
14:56:14.738 INFO  ProgressMeter -         chr11:349014             54.2               5436000         100278.4
14:56:24.807 INFO  ProgressMeter -        chr11:4636604             54.4               5454000         100299.9
14:56:34.934 INFO  ProgressMeter -        chr11:9625611             54.5               5471000         100301.2
14:56:45.660 INFO  ProgressMeter -       chr11:15250438             54.7               5487000         100265.9
14:56:56.124 INFO  ProgressMeter -       chr11:21077057             54.9               5503000         100238.9
14:57:06.278 INFO  ProgressMeter -       chr11:26121815             55.1               5522000         100275.8
14:57:16.662 INFO  ProgressMeter -       chr11:32717549             55.2               5538000         100251.3
14:57:27.132 INFO  ProgressMeter -       chr11:37984413             55.4               5554000         100224.4
14:57:37.568 INFO  ProgressMeter -       chr11:43576449             55.6               5573000         100252.6
14:57:47.633 INFO  ProgressMeter -       chr11:49284878             55.8               5588000         100220.0
14:57:57.861 INFO  ProgressMeter -       chr11:57889068             55.9               5609000         100290.0
14:58:08.487 INFO  ProgressMeter -       chr11:63720438             56.1               5625000         100258.6
14:58:18.632 INFO  ProgressMeter -       chr11:69043804             56.3               5639000         100206.1
14:58:28.930 INFO  ProgressMeter -       chr11:73978098             56.4               5656000         100202.6
14:58:38.984 INFO  ProgressMeter -       chr11:79250511             56.6               5671000         100171.0
14:58:49.043 INFO  ProgressMeter -       chr11:84370739             56.8               5688000         100174.6
14:58:59.451 INFO  ProgressMeter -       chr11:89687989             57.0               5705000         100168.0
14:59:09.944 INFO  ProgressMeter -       chr11:95696159             57.1               5722000         100158.9
14:59:20.308 INFO  ProgressMeter -      chr11:101009358             57.3               5740000         100171.1
14:59:30.525 INFO  ProgressMeter -      chr11:106849890             57.5               5756000         100152.7
14:59:40.816 INFO  ProgressMeter -      chr11:112877315             57.6               5772000         100132.3
14:59:51.013 INFO  ProgressMeter -      chr11:118265391             57.8               5788000         100114.7
15:00:01.413 INFO  ProgressMeter -      chr11:123961832             58.0               5804000         100091.4
15:00:11.601 INFO  ProgressMeter -      chr11:129178397             58.2               5820000         100074.3
15:00:21.809 INFO  ProgressMeter -      chr11:134229724             58.3               5837000         100073.8
15:00:31.983 INFO  ProgressMeter -        chr12:3307054             58.5               5853000         100057.2
15:00:42.085 INFO  ProgressMeter -        chr12:8349585             58.7               5869000         100042.8
15:00:52.657 INFO  ProgressMeter -       chr12:13596902             58.8               5887000         100049.1
15:01:02.845 INFO  ProgressMeter -       chr12:19394793             59.0               5903000         100032.4
15:01:13.160 INFO  ProgressMeter -       chr12:24972290             59.2               5920000         100029.1
15:01:23.200 INFO  ProgressMeter -       chr12:30035874             59.4               5936000         100016.6
15:01:33.355 INFO  ProgressMeter -       chr12:34563285             59.5               5955000         100051.4
15:01:43.355 INFO  ProgressMeter -       chr12:41899228             59.7               5976000         100123.9
15:01:53.640 INFO  ProgressMeter -       chr12:47251290             59.9               5992000         100104.5
15:02:03.926 INFO  ProgressMeter -       chr12:52670193             60.0               6007000         100068.5
15:02:14.032 INFO  ProgressMeter -       chr12:58371363             60.2               6022000         100037.7
15:02:24.558 INFO  ProgressMeter -       chr12:64269881             60.4               6039000         100028.5
15:02:34.985 INFO  ProgressMeter -       chr12:69988503             60.5               6055000         100005.7
15:02:45.489 INFO  ProgressMeter -       chr12:75820753             60.7               6072000          99997.3
15:02:55.574 INFO  ProgressMeter -       chr12:81770061             60.9               6088000          99984.1
15:03:05.871 INFO  ProgressMeter -       chr12:87936228             61.1               6105000          99981.5
15:03:15.879 INFO  ProgressMeter -       chr12:93948311             61.2               6120000          99954.1
15:03:26.380 INFO  ProgressMeter -       chr12:99583605             61.4               6137000          99946.0
15:03:36.492 INFO  ProgressMeter -      chr12:104888174             61.6               6153000          99932.4
15:03:46.724 INFO  ProgressMeter -      chr12:110511331             61.7               6169000          99915.5
15:03:57.154 INFO  ProgressMeter -      chr12:116288357             61.9               6186000          99909.5
15:04:07.590 INFO  ProgressMeter -      chr12:121649779             62.1               6203000          99903.4
15:04:17.604 INFO  ProgressMeter -      chr12:126691599             62.3               6219000          99892.6
15:04:27.945 INFO  ProgressMeter -      chr12:131707528             62.4               6239000          99937.2
15:04:38.135 INFO  ProgressMeter -       chr13:20384423             62.6               6258000          99969.6
15:04:48.453 INFO  ProgressMeter -       chr13:25268028             62.8               6276000          99982.4
15:04:58.926 INFO  ProgressMeter -       chr13:30356051             62.9               6293000          99975.3
15:05:09.213 INFO  ProgressMeter -       chr13:36279012             63.1               6309000          99957.2
15:05:19.629 INFO  ProgressMeter -       chr13:42169605             63.3               6326000          99951.6
15:05:29.705 INFO  ProgressMeter -       chr13:47720479             63.5               6342000          99939.3
15:05:39.845 INFO  ProgressMeter -       chr13:53357417             63.6               6357000          99909.6
15:05:50.185 INFO  ProgressMeter -       chr13:60401483             63.8               6373000          99890.5
15:06:00.296 INFO  ProgressMeter -       chr13:66158934             64.0               6391000          99908.7
15:06:10.884 INFO  ProgressMeter -       chr13:72342782             64.1               6409000          99914.5
15:06:20.970 INFO  ProgressMeter -       chr13:77765738             64.3               6425000          99902.1
15:06:31.061 INFO  ProgressMeter -       chr13:83816924             64.5               6441000          99889.7
15:06:41.163 INFO  ProgressMeter -       chr13:89953937             64.6               6458000          99892.5
15:06:51.174 INFO  ProgressMeter -       chr13:95725215             64.8               6475000          99897.6
15:07:01.250 INFO  ProgressMeter -      chr13:101257863             65.0               6491000          99885.7
15:07:11.259 INFO  ProgressMeter -      chr13:106655171             65.2               6509000          99906.2
15:07:21.766 INFO  ProgressMeter -      chr13:111958162             65.3               6528000          99929.2
15:07:32.237 INFO  ProgressMeter -       chr14:16175144             65.5               6548000          99968.3
15:07:42.691 INFO  ProgressMeter -       chr14:21622949             65.7               6565000          99962.0
15:07:53.162 INFO  ProgressMeter -       chr14:27357666             65.8               6582000          99955.2
15:08:03.550 INFO  ProgressMeter -       chr14:33068639             66.0               6598000          99935.4
15:08:13.599 INFO  ProgressMeter -       chr14:38364284             66.2               6617000          99969.6
15:08:23.599 INFO  ProgressMeter -       chr14:44124464             66.4               6634000          99974.7
15:08:34.063 INFO  ProgressMeter -       chr14:49831384             66.5               6650000          99953.1
15:08:44.437 INFO  ProgressMeter -       chr14:55757529             66.7               6666000          99933.9
15:08:54.447 INFO  ProgressMeter -       chr14:60883649             66.9               6682000          99923.9
15:09:04.760 INFO  ProgressMeter -       chr14:66133409             67.0               6697000          99891.4
15:09:15.125 INFO  ProgressMeter -       chr14:71317428             67.2               6713000          99872.7
15:09:25.173 INFO  ProgressMeter -       chr14:76595959             67.4               6729000          99862.0
15:09:35.442 INFO  ProgressMeter -       chr14:82347762             67.6               6747000          99875.4
15:09:45.771 INFO  ProgressMeter -       chr14:87537620             67.7               6763000          99857.8
15:09:56.004 INFO  ProgressMeter -       chr14:92666796             67.9               6780000          99857.3
15:10:06.454 INFO  ProgressMeter -       chr14:97778127             68.1               6797000          99851.6
15:10:16.842 INFO  ProgressMeter -       chr15:18771578             68.2               6820000          99935.3
15:10:27.316 INFO  ProgressMeter -       chr15:24136272             68.4               6841000          99987.3
15:10:37.943 INFO  ProgressMeter -       chr15:29969039             68.6               6860000         100006.0
15:10:48.445 INFO  ProgressMeter -       chr15:35425645             68.8               6878000         100013.3
15:10:58.683 INFO  ProgressMeter -       chr15:40988244             68.9               6894000          99997.8
15:11:08.918 INFO  ProgressMeter -       chr15:46901641             69.1               6910000          99982.5
15:11:19.340 INFO  ProgressMeter -       chr15:52215715             69.3               6927000          99977.2
15:11:29.702 INFO  ProgressMeter -       chr15:57242679             69.5               6944000          99973.4
15:11:40.163 INFO  ProgressMeter -       chr15:62700828             69.6               6960000          99952.8
15:11:50.389 INFO  ProgressMeter -       chr15:68437376             69.8               6975000          99923.7
15:12:00.978 INFO  ProgressMeter -       chr15:74856283             70.0               6990000          99886.0
15:12:11.555 INFO  ProgressMeter -       chr15:80266971             70.2               7007000          99877.3
15:12:22.096 INFO  ProgressMeter -       chr15:86054588             70.3               7024000          99869.6
15:12:32.188 INFO  ProgressMeter -       chr15:90805313             70.5               7041000          99872.4
15:12:42.595 INFO  ProgressMeter -       chr15:96282030             70.7               7060000          99896.2
15:12:52.671 INFO  ProgressMeter -         chr16:978772             70.8               7078000          99913.4
15:13:02.879 INFO  ProgressMeter -        chr16:5529080             71.0               7095000          99913.5
15:13:12.942 INFO  ProgressMeter -        chr16:9040061             71.2               7115000          99959.0
15:13:23.186 INFO  ProgressMeter -       chr16:13711710             71.3               7134000          99986.1
15:13:33.583 INFO  ProgressMeter -       chr16:19472692             71.5               7152000          99995.5
15:13:43.909 INFO  ProgressMeter -       chr16:26023410             71.7               7169000          99992.6
15:13:54.360 INFO  ProgressMeter -       chr16:32379512             71.9               7185000          99972.9
15:14:04.607 INFO  ProgressMeter -       chr16:55264292             72.0               7206000         100027.4
15:14:14.738 INFO  ProgressMeter -       chr16:60900382             72.2               7222000         100015.1
15:14:25.253 INFO  ProgressMeter -       chr16:66314556             72.4               7239000         100007.8
15:14:35.394 INFO  ProgressMeter -       chr16:72433172             72.6               7256000         100009.1
15:14:45.848 INFO  ProgressMeter -       chr16:78628993             72.7               7271000          99975.8
15:14:56.327 INFO  ProgressMeter -       chr16:84002962             72.9               7290000          99996.9
15:15:06.877 INFO  ProgressMeter -       chr16:87929660             73.1               7310000         100030.0
15:15:17.404 INFO  ProgressMeter -       chr16:91845587             73.3               7330000         100063.5
15:15:27.920 INFO  ProgressMeter -       chr16:95796028             73.4               7349000         100083.3
15:15:38.130 INFO  ProgressMeter -        chr17:3844918             73.6               7367000         100096.5
15:15:48.591 INFO  ProgressMeter -        chr17:8900080             73.8               7384000         100090.4
15:15:58.969 INFO  ProgressMeter -       chr17:14282289             73.9               7403000         100113.2
15:16:09.015 INFO  ProgressMeter -       chr17:19524516             74.1               7419000         100102.9
15:16:19.826 INFO  ProgressMeter -       chr17:30163808             74.3               7441000         100156.3
15:16:30.121 INFO  ProgressMeter -       chr17:35975423             74.5               7457000         100140.4
15:16:40.511 INFO  ProgressMeter -       chr17:41842458             74.6               7473000         100122.4
15:16:50.913 INFO  ProgressMeter -       chr17:47091365             74.8               7489000         100104.2
15:17:00.953 INFO  ProgressMeter -       chr17:52973078             75.0               7504000         100080.9
15:17:11.033 INFO  ProgressMeter -       chr17:58622176             75.1               7520000         100070.1
15:17:21.389 INFO  ProgressMeter -       chr17:64890515             75.3               7535000         100039.9
15:17:32.028 INFO  ProgressMeter -       chr17:70550884             75.5               7552000         100030.1
15:17:42.742 INFO  ProgressMeter -       chr17:76324791             75.7               7570000         100031.9
15:17:52.751 INFO  ProgressMeter -       chr17:80537088             75.8               7586000         100022.9
15:18:02.925 INFO  ProgressMeter -         chr18:883709             76.0               7603000         100023.4
15:18:13.228 INFO  ProgressMeter -        chr18:6050893             76.2               7621000         100034.2
15:18:23.365 INFO  ProgressMeter -       chr18:11036082             76.4               7639000         100048.6
15:18:33.927 INFO  ProgressMeter -       chr18:21806450             76.5               7658000         100066.8
15:18:44.301 INFO  ProgressMeter -       chr18:27646518             76.7               7674000         100049.8
15:18:54.913 INFO  ProgressMeter -       chr18:33972350             76.9               7691000         100040.8
15:19:04.995 INFO  ProgressMeter -       chr18:39911573             77.0               7706000         100017.3
15:19:15.626 INFO  ProgressMeter -       chr18:46365751             77.2               7723000         100007.9
15:19:25.829 INFO  ProgressMeter -       chr18:51576791             77.4               7739000          99994.9
15:19:36.284 INFO  ProgressMeter -       chr18:57365567             77.6               7756000          99989.4
15:19:46.516 INFO  ProgressMeter -       chr18:62596783             77.7               7773000          99988.8
15:19:56.872 INFO  ProgressMeter -       chr18:68284868             77.9               7791000          99998.3
15:20:06.970 INFO  ProgressMeter -       chr18:73678061             78.1               7809000         100013.3
15:20:16.996 INFO  ProgressMeter -       chr18:78474937             78.2               7827000         100029.7
15:20:27.480 INFO  ProgressMeter -        chr19:2412753             78.4               7846000         100049.1
15:20:37.973 INFO  ProgressMeter -        chr19:6860568             78.6               7864000         100055.5
15:20:48.385 INFO  ProgressMeter -       chr19:11808921             78.8               7882000         100063.6
15:20:58.534 INFO  ProgressMeter -       chr19:16592253             78.9               7898000         100051.9
15:21:08.951 INFO  ProgressMeter -       chr19:21508393             79.1               7915000         100047.2
15:21:19.451 INFO  ProgressMeter -       chr19:31703988             79.3               7937000         100103.9
15:21:29.791 INFO  ProgressMeter -       chr19:37191570             79.5               7955000         100113.3
15:21:39.954 INFO  ProgressMeter -       chr19:42684040             79.6               7971000         100101.3
15:21:50.489 INFO  ProgressMeter -       chr19:47820066             79.8               7989000         100106.6
15:22:01.029 INFO  ProgressMeter -       chr19:52960580             80.0               8006000         100099.3
15:22:11.509 INFO  ProgressMeter -       chr19:57421351             80.2               8026000         100130.6
15:22:21.768 INFO  ProgressMeter -         chr20:218019             80.3               8045000         100154.0
15:22:31.857 INFO  ProgressMeter -        chr20:5102903             80.5               8062000         100156.0
15:22:42.064 INFO  ProgressMeter -       chr20:10329409             80.7               8079000         100155.5
15:22:52.213 INFO  ProgressMeter -       chr20:15881821             80.8               8096000         100156.3
15:23:02.550 INFO  ProgressMeter -       chr20:21289487             81.0               8113000         100153.1
15:23:12.717 INFO  ProgressMeter -       chr20:29678764             81.2               8131000         100165.8
15:23:22.829 INFO  ProgressMeter -       chr20:37443566             81.3               8150000         100191.8
15:23:33.310 INFO  ProgressMeter -       chr20:43575134             81.5               8166000         100173.4
15:23:43.359 INFO  ProgressMeter -       chr20:48827153             81.7               8182000         100163.9
15:23:53.891 INFO  ProgressMeter -       chr20:54377668             81.9               8200000         100169.0
15:24:04.147 INFO  ProgressMeter -       chr20:59607000             82.0               8219000         100191.9
15:24:14.428 INFO  ProgressMeter -       chr20:64503537             82.2               8237000         100202.0
15:24:24.581 INFO  ProgressMeter -       chr21:12675282             82.4               8261000         100287.5
15:24:34.684 INFO  ProgressMeter -       chr21:17968098             82.5               8279000         100301.0
15:24:45.178 INFO  ProgressMeter -       chr21:23523583             82.7               8299000         100330.7
15:24:55.648 INFO  ProgressMeter -       chr21:29060620             82.9               8317000         100336.7
15:25:05.689 INFO  ProgressMeter -       chr21:34376673             83.1               8333000         100327.1
15:25:16.106 INFO  ProgressMeter -       chr21:39587356             83.2               8350000         100322.1
15:25:26.300 INFO  ProgressMeter -       chr21:43964618             83.4               8366000         100309.6
15:25:36.699 INFO  ProgressMeter -       chr22:18062930             83.6               8390000         100388.7
15:25:47.043 INFO  ProgressMeter -       chr22:23068474             83.7               8409000         100408.9
15:25:57.377 INFO  ProgressMeter -       chr22:27800231             83.9               8427000         100417.4
15:26:07.490 INFO  ProgressMeter -       chr22:32939361             84.1               8443000         100406.4
15:26:17.674 INFO  ProgressMeter -       chr22:37871229             84.3               8460000         100405.9
15:26:27.952 INFO  ProgressMeter -       chr22:43197825             84.4               8475000         100379.8
15:26:37.968 INFO  ProgressMeter -       chr22:47540208             84.6               8492000         100382.7
15:26:48.281 INFO  ProgressMeter -          chrX:471542             84.8               8513000         100426.9
15:26:58.377 INFO  ProgressMeter -         chrX:8326277             84.9               8540000         100545.8
15:27:08.718 INFO  ProgressMeter -        chrX:20479262             85.1               8565000         100635.9
15:27:18.927 INFO  ProgressMeter -        chrX:31905968             85.3               8591000         100740.0
15:27:29.122 INFO  ProgressMeter -        chrX:43218806             85.4               8616000         100832.3
15:27:39.250 INFO  ProgressMeter -        chrX:57370132             85.6               8639000         100902.1
15:27:49.457 INFO  ProgressMeter -        chrX:73806672             85.8               8663000         100981.8
15:27:59.702 INFO  ProgressMeter -        chrX:86473673             86.0               8690000         101095.3
15:28:09.934 INFO  ProgressMeter -        chrX:97640906             86.1               8720000         101243.4
15:28:19.965 INFO  ProgressMeter -       chrX:110953151             86.3               8744000         101325.4
15:28:29.993 INFO  ProgressMeter -       chrX:122709770             86.5               8771000         101441.8
15:28:40.052 INFO  ProgressMeter -       chrX:136090336             86.6               8795000         101522.5
15:28:50.187 INFO  ProgressMeter -       chrX:147619521             86.8               8824000         101659.1
15:29:00.663 INFO  ProgressMeter -        chrY:17746849             87.0               8842000         101662.0
15:29:02.411 INFO  GetPileupSummaries - 0 read(s) filtered by: MappingQualityAvailableReadFilter 
5722078 read(s) filtered by: MappingQualityNotZeroReadFilter 
0 read(s) filtered by: MappedReadFilter 
266951 read(s) filtered by: PrimaryLineReadFilter 
73781847 read(s) filtered by: NotDuplicateReadFilter 
0 read(s) filtered by: PassesVendorQualityCheckReadFilter 
0 read(s) filtered by: NonZeroReferenceLengthAlignmentReadFilter 
1762047 read(s) filtered by: MateOnSameContigOrNoMappedMateReadFilter 
0 read(s) filtered by: GoodCigarReadFilter 
0 read(s) filtered by: WellformedReadFilter 
81532923 total reads filtered out of 459163713 reads processed
15:29:02.412 INFO  ProgressMeter -        chrY:17746849             87.0               8842937         101638.7
15:29:02.412 INFO  ProgressMeter - Traversal complete. Processed 8842937 total loci in 87.0 minutes.
15:29:02.454 INFO  GetPileupSummaries - Shutting down engine
[July 14, 2024 at 3:29:02 PM CEST] org.broadinstitute.hellbender.tools.walkers.contamination.GetPileupSummaries done. Elapsed time: 88.38 minutes.
Runtime.totalMemory()=5368709120
Tool returned:
SUCCESS
