Read1 before filtering:
total reads: 35356036
total bases: 3570959636
Q20 bases: 3524805854(98.7075%)
Q30 bases: 3443906488(96.442%)

Read2 before filtering:
total reads: 35356036
total bases: 3570959636
Q20 bases: 3483378906(97.5474%)
Q30 bases: 3363314792(94.1852%)

Read1 after filtering:
total reads: 34658617
total bases: 3345815506
Q20 bases: 3310031337(98.9305%)
Q30 bases: 3237734871(96.7697%)

Read2 after filtering:
total reads: 34658617
total bases: 3344613145
Q20 bases: 3294506889(98.5019%)
Q30 bases: 3193009142(95.4672%)

Filtering result:
reads passed filter: 69317234
reads failed due to low quality: 916314
reads failed due to too many N: 1908
reads failed due to too short: 476616
reads with adapter trimmed: 14113442
bases trimmed due to adapters: 306474804

Duplication rate: 37.7924%

Insert size peak (evaluated by paired-end reads): 118

JSON report: logs/fastp/P023/P023_rna.fastp.json
HTML report: logs/fastp/P023/P023_rna.fastp.html

fastp -w 12 -i /staging/leuven/stg_00096/home/rdewin/data/TALL_IF/TALL_IF/RNAseq/fastq/batch1/R0035/NM5835_R0035_S12_R1_001.fastq.gz -I /staging/leuven/stg_00096/home/rdewin/data/TALL_IF/TALL_IF/RNAseq/fastq/batch1/R0035/NM5835_R0035_S12_R2_001.fastq.gz -o results/fastp/P023/P023_rna_R1.trimmed.fq -O results/fastp/P023/P023_rna_R2.trimmed.fq -j logs/fastp/P023/P023_rna.fastp.json -h logs/fastp/P023/P023_rna.fastp.html 
fastp v0.23.4, time used: 378 seconds
