May 06, 2024 4:58:41 PM com.intel.gkl.NativeLibraryLoader load
INFO: Loading libgkl_compression.so from jar:file:/lustre1/project/stg_00096/home/rdewin/system/miniconda/envs/WGS/share/picard-3.1.1-0/picard.jar!/com/intel/gkl/native/libgkl_compression.so
[Mon May 06 16:58:41 CEST 2024] LiftoverVcf --INPUT results/mutect2/P013/P013_pass_variants.vcf --OUTPUT results/mutect2/P013/P013_pass_variants_lifted.vcf --CHAIN resources/liftover/chm13v2-to-grch38.chain --REJECT results/mutect2/P013/P013_pass_variants_unlifted.vcf --LIFTOVER_MIN_MATCH 0.95 --REFERENCE_SEQUENCE resources/GRCh38/GRCh38.fasta --WARN_ON_MISSING_CONTIG false --LOG_FAILED_INTERVALS true --WRITE_ORIGINAL_POSITION false --WRITE_ORIGINAL_ALLELES false --ALLOW_MISSING_FIELDS_IN_HEADER false --RECOVER_SWAPPED_REF_ALT false --TAGS_TO_REVERSE AF --TAGS_TO_DROP MAX_AF --DISABLE_SORT false --VERBOSITY INFO --QUIET false --VALIDATION_STRINGENCY STRICT --COMPRESSION_LEVEL 5 --MAX_RECORDS_IN_RAM 500000 --CREATE_INDEX false --CREATE_MD5_FILE false --help false --version false --showHidden false --USE_JDK_DEFLATER false --USE_JDK_INFLATER false
[Mon May 06 16:58:42 CEST 2024] Executing as vsc35407@g28l17 on Linux 4.18.0-513.24.1.el8_9.x86_64 amd64; OpenJDK 64-Bit Server VM 17.0.10-internal+0-adhoc..src; Deflater: Intel; Inflater: Intel; Provider GCS is available; Picard version: Version:3.1.1
INFO	2024-05-06 16:58:43	LiftoverVcf	Loading up the target reference genome.
INFO	2024-05-06 16:58:55	LiftoverVcf	Lifting variants over and sorting (not yet writing the output file.)
INFO	2024-05-06 16:58:55	LiftOver	Interval chr1:17358284-17358290 failed to match chain 0 because intersection length 3 < minMatchSize 6.6499999999999995 (0.42857143 < 0.95)
INFO	2024-05-06 16:58:56	LiftOver	Interval chr1:153584672-153584684 failed to match chain 0 because intersection length 1 < minMatchSize 12.35 (0.07692308 < 0.95)
INFO	2024-05-06 16:58:56	LiftOver	Interval chr1:202460325-202460333 failed to match chain 0 because intersection length 5 < minMatchSize 8.549999999999999 (0.5555556 < 0.95)
INFO	2024-05-06 16:58:56	LiftOver	Interval chr1:206094861-206094863 failed to match chain 0 because intersection length 1 < minMatchSize 2.8499999999999996 (0.33333334 < 0.95)
INFO	2024-05-06 16:58:56	LiftOver	Interval chr1:222392821-222392827 failed to match chain 0 because intersection length 3 < minMatchSize 6.6499999999999995 (0.42857143 < 0.95)
INFO	2024-05-06 16:58:56	LiftOver	Interval chr2:107253298-107253326 failed to match chain 0 because intersection length 22 < minMatchSize 27.549999999999997 (0.7586207 < 0.95)
INFO	2024-05-06 16:58:56	LiftOver	Interval chr2:224412417-224412432 failed to match chain 0 because intersection length 10 < minMatchSize 15.2 (0.625 < 0.95)
INFO	2024-05-06 16:58:56	LiftOver	Interval chr2:233663929-233663945 failed to match chain 0 because intersection length 13 < minMatchSize 16.15 (0.7647059 < 0.95)
INFO	2024-05-06 16:58:56	LiftOver	Interval chr3:17499270-17499278 failed to match chain 0 because intersection length 7 < minMatchSize 8.549999999999999 (0.7777778 < 0.95)
INFO	2024-05-06 16:58:56	LiftOver	Interval chr3:98418017-98418027 failed to match chain 0 because intersection length 4 < minMatchSize 10.45 (0.36363637 < 0.95)
INFO	2024-05-06 16:58:56	LiftOver	Interval chr4:72711413-72711418 failed to match chain 0 because intersection length 1 < minMatchSize 5.699999999999999 (0.16666667 < 0.95)
INFO	2024-05-06 16:58:56	LiftOver	Interval chr4:169282821-169282824 failed to match chain 0 because intersection length 3 < minMatchSize 3.8 (0.75 < 0.95)
INFO	2024-05-06 16:58:56	LiftOver	Interval chr5:19370058-19370062 failed to match chain 0 because intersection length 3 < minMatchSize 4.75 (0.6 < 0.95)
INFO	2024-05-06 16:58:56	LiftOver	Interval chr5:32490853-32490854 failed to match chain 0 because intersection length 1 < minMatchSize 1.9 (0.5 < 0.95)
INFO	2024-05-06 16:58:56	LiftOver	Interval chr5:61333918-61333921 failed to match chain 0 because intersection length 2 < minMatchSize 3.8 (0.5 < 0.95)
INFO	2024-05-06 16:58:56	LiftOver	Interval chr5:147436602-147436630 failed to match chain 0 because intersection length 17 < minMatchSize 27.549999999999997 (0.5862069 < 0.95)
INFO	2024-05-06 16:58:56	LiftOver	Interval chr5:175099396-175099629 failed to match chain 0 because intersection length 214 < minMatchSize 222.29999999999998 (0.9145299 < 0.95)
INFO	2024-05-06 16:58:56	LiftOver	Interval chr6:19765106-19765112 failed to match chain 0 because intersection length 3 < minMatchSize 6.6499999999999995 (0.42857143 < 0.95)
INFO	2024-05-06 16:58:56	LiftOver	Interval chr7:98138569-98138571 failed to match chain 0 because intersection length 2 < minMatchSize 2.8499999999999996 (0.6666667 < 0.95)
INFO	2024-05-06 16:58:56	LiftOver	Interval chr7:140127892-140127904 failed to match chain 0 because intersection length 3 < minMatchSize 12.35 (0.23076923 < 0.95)
INFO	2024-05-06 16:58:56	LiftOver	Interval chr7:141499816-141499834 failed to match chain 0 because intersection length 7 < minMatchSize 18.05 (0.36842105 < 0.95)
INFO	2024-05-06 16:58:56	LiftOver	Interval chr8:58351727-58351729 failed to match chain 0 because intersection length 2 < minMatchSize 2.8499999999999996 (0.6666667 < 0.95)
INFO	2024-05-06 16:58:56	LiftOver	Interval chr8:86954113-86954115 failed to match chain 0 because intersection length 2 < minMatchSize 2.8499999999999996 (0.6666667 < 0.95)
INFO	2024-05-06 16:58:56	LiftOver	Interval chr8:142195740-142195759 failed to match chain 0 because intersection length 8 < minMatchSize 19.0 (0.4 < 0.95)
INFO	2024-05-06 16:58:56	LiftOver	Interval chr8:146120528-146120600 failed to match chain 0 because intersection length 11 < minMatchSize 69.35 (0.15068494 < 0.95)
INFO	2024-05-06 16:58:56	LiftOver	Interval chr9:79493061-79493065 failed to match chain 0 because intersection length 4 < minMatchSize 4.75 (0.8 < 0.95)
INFO	2024-05-06 16:58:56	LiftOver	Interval chr9:93542909-93542929 failed to match chain 0 because intersection length 13 < minMatchSize 19.95 (0.61904764 < 0.95)
INFO	2024-05-06 16:58:56	LiftOver	Interval chr9:128013179-128013188 failed to match chain 0 because intersection length 2 < minMatchSize 9.5 (0.2 < 0.95)
INFO	2024-05-06 16:58:56	LiftOver	Interval chr10:3652642-3652740 failed to match chain 0 because intersection length 13 < minMatchSize 94.05 (0.13131313 < 0.95)
INFO	2024-05-06 16:58:56	LiftOver	Interval chr10:98193991-98194006 failed to match chain 0 because intersection length 9 < minMatchSize 15.2 (0.5625 < 0.95)
INFO	2024-05-06 16:58:56	LiftOver	Interval chr10:98367072-98367087 failed to match chain 0 because intersection length 9 < minMatchSize 15.2 (0.5625 < 0.95)
INFO	2024-05-06 16:58:56	LiftOver	Interval chr11:25542276-25542278 failed to match chain 0 because intersection length 1 < minMatchSize 2.8499999999999996 (0.33333334 < 0.95)
INFO	2024-05-06 16:58:56	LiftOver	Interval chr12:83698565-83698581 failed to match chain 0 because intersection length 3 < minMatchSize 16.15 (0.1764706 < 0.95)
INFO	2024-05-06 16:58:56	LiftOver	Interval chr12:95395687-95395703 failed to match chain 0 because intersection length 3 < minMatchSize 16.15 (0.1764706 < 0.95)
INFO	2024-05-06 16:58:56	LiftOver	Interval chr12:116897978-116897988 failed to match chain 0 because intersection length 3 < minMatchSize 10.45 (0.27272728 < 0.95)
INFO	2024-05-06 16:58:56	LiftOver	Interval chr12:132207931-132208009 failed to match chain 0 because intersection length 62 < minMatchSize 75.05 (0.7848101 < 0.95)
INFO	2024-05-06 16:58:56	LiftOver	Interval chr13:33538222-33538234 failed to match chain 0 because intersection length 9 < minMatchSize 12.35 (0.6923077 < 0.95)
INFO	2024-05-06 16:58:56	LiftOver	Interval chr14:73303469-73303477 failed to match chain 0 because intersection length 5 < minMatchSize 8.549999999999999 (0.5555556 < 0.95)
INFO	2024-05-06 16:58:56	LiftOver	Interval chr14:77306349-77306351 failed to match chain 0 because intersection length 2 < minMatchSize 2.8499999999999996 (0.6666667 < 0.95)
INFO	2024-05-06 16:58:56	LiftOver	Interval chr15:66563690-66563694 failed to match chain 0 because intersection length 3 < minMatchSize 4.75 (0.6 < 0.95)
INFO	2024-05-06 16:58:56	LiftOver	Interval chr16:52418688-52418692 failed to match chain 0 because intersection length 3 < minMatchSize 4.75 (0.6 < 0.95)
INFO	2024-05-06 16:58:56	LiftOver	Interval chr16:68659554-68659569 failed to match chain 0 because intersection length 15 < minMatchSize 15.2 (0.9375 < 0.95)
INFO	2024-05-06 16:58:56	LiftOver	Interval chr17:1092519-1092563 failed to match chain 0 because intersection length 30 < minMatchSize 42.75 (0.6666667 < 0.95)
INFO	2024-05-06 16:58:56	LiftOver	Interval chr17:3137552-3137553 failed to match chain 0 because intersection length 1 < minMatchSize 1.9 (0.5 < 0.95)
INFO	2024-05-06 16:58:56	LiftOver	Interval chr17:51541175-51541208 failed to match chain 0 because intersection length 31 < minMatchSize 32.3 (0.9117647 < 0.95)
INFO	2024-05-06 16:58:56	LiftOver	Interval chr19:19021136-19021137 failed to match chain 0 because intersection length 1 < minMatchSize 1.9 (0.5 < 0.95)
INFO	2024-05-06 16:58:56	LiftOver	Interval chr20:7761120-7761132 failed to match chain 0 because intersection length 3 < minMatchSize 12.35 (0.23076923 < 0.95)
INFO	2024-05-06 16:58:56	LiftOver	Interval chr20:23683196-23683252 failed to match chain 0 because intersection length 53 < minMatchSize 54.15 (0.9298246 < 0.95)
INFO	2024-05-06 16:58:56	LiftOver	Interval chr20:50329881-50329889 failed to match chain 0 because intersection length 3 < minMatchSize 8.549999999999999 (0.33333334 < 0.95)
INFO	2024-05-06 16:58:56	LiftOver	Interval chr20:54201373-54201395 failed to match chain 0 because intersection length 2 < minMatchSize 21.849999999999998 (0.08695652 < 0.95)
INFO	2024-05-06 16:58:56	LiftOver	Interval chr20:60477614-60477731 failed to match chain 0 because intersection length 103 < minMatchSize 112.1 (0.87288135 < 0.95)
INFO	2024-05-06 16:58:56	LiftOver	Interval chr22:22330131-22330134 failed to match chain 0 because intersection length 2 < minMatchSize 3.8 (0.5 < 0.95)
INFO	2024-05-06 16:58:56	LiftOver	Interval chr22:32766283-32766286 failed to match chain 0 because intersection length 2 < minMatchSize 3.8 (0.5 < 0.95)
INFO	2024-05-06 16:58:56	LiftOver	Interval chrX:5045569-5045593 failed to match chain 0 because intersection length 1 < minMatchSize 23.75 (0.04 < 0.95)
INFO	2024-05-06 16:58:56	LiftOver	Interval chrX:90864116-90864190 failed to match chain 0 because intersection length 47 < minMatchSize 71.25 (0.62666667 < 0.95)
INFO	2024-05-06 16:58:56	LiftOver	Interval chrX:141711365-141711385 failed to match chain 0 because intersection length 3 < minMatchSize 19.95 (0.14285715 < 0.95)
INFO	2024-05-06 16:58:56	LiftoverVcf	Processed 5044 variants.
INFO	2024-05-06 16:58:56	LiftoverVcf	1107 variants failed to liftover.
INFO	2024-05-06 16:58:56	LiftoverVcf	137 variants lifted over but had mismatching reference alleles after lift over.
INFO	2024-05-06 16:58:56	LiftoverVcf	24.6630% of variants were not successfully lifted over and written to the output.
INFO	2024-05-06 16:58:56	LiftoverVcf	liftover success by source contig:
INFO	2024-05-06 16:58:56	LiftoverVcf	chr1: 292 / 392 (74.4898%)
INFO	2024-05-06 16:58:56	LiftoverVcf	chr10: 179 / 238 (75.2101%)
INFO	2024-05-06 16:58:56	LiftoverVcf	chr11: 178 / 189 (94.1799%)
INFO	2024-05-06 16:58:56	LiftoverVcf	chr12: 152 / 179 (84.9162%)
INFO	2024-05-06 16:58:56	LiftoverVcf	chr13: 137 / 182 (75.2747%)
INFO	2024-05-06 16:58:56	LiftoverVcf	chr14: 113 / 211 (53.5545%)
INFO	2024-05-06 16:58:56	LiftoverVcf	chr15: 95 / 155 (61.2903%)
INFO	2024-05-06 16:58:56	LiftoverVcf	chr16: 120 / 145 (82.7586%)
INFO	2024-05-06 16:58:56	LiftoverVcf	chr17: 119 / 156 (76.2821%)
INFO	2024-05-06 16:58:56	LiftoverVcf	chr18: 93 / 113 (82.3009%)
INFO	2024-05-06 16:58:56	LiftoverVcf	chr19: 98 / 137 (71.5328%)
INFO	2024-05-06 16:58:56	LiftoverVcf	chr2: 272 / 319 (85.2665%)
INFO	2024-05-06 16:58:56	LiftoverVcf	chr20: 84 / 110 (76.3636%)
INFO	2024-05-06 16:58:56	LiftoverVcf	chr21: 50 / 95 (52.6316%)
INFO	2024-05-06 16:58:56	LiftoverVcf	chr22: 72 / 196 (36.7347%)
INFO	2024-05-06 16:58:56	LiftoverVcf	chr3: 249 / 287 (86.7596%)
INFO	2024-05-06 16:58:56	LiftoverVcf	chr4: 245 / 273 (89.7436%)
INFO	2024-05-06 16:58:56	LiftoverVcf	chr5: 203 / 243 (83.5391%)
INFO	2024-05-06 16:58:56	LiftoverVcf	chr6: 195 / 219 (89.0411%)
INFO	2024-05-06 16:58:56	LiftoverVcf	chr7: 225 / 245 (91.8367%)
INFO	2024-05-06 16:58:56	LiftoverVcf	chr8: 183 / 190 (96.3158%)
INFO	2024-05-06 16:58:56	LiftoverVcf	chr9: 216 / 526 (41.0646%)
INFO	2024-05-06 16:58:56	LiftoverVcf	chrM: 0 / 1 (0.0000%)
INFO	2024-05-06 16:58:56	LiftoverVcf	chrX: 229 / 242 (94.6281%)
INFO	2024-05-06 16:58:56	LiftoverVcf	chrY: 1 / 1 (100.0000%)
INFO	2024-05-06 16:58:56	LiftoverVcf	lifted variants by target contig:
INFO	2024-05-06 16:58:56	LiftoverVcf	chr1: 292
INFO	2024-05-06 16:58:56	LiftoverVcf	chr10: 179
INFO	2024-05-06 16:58:56	LiftoverVcf	chr11: 178
INFO	2024-05-06 16:58:56	LiftoverVcf	chr12: 152
INFO	2024-05-06 16:58:56	LiftoverVcf	chr13: 137
INFO	2024-05-06 16:58:56	LiftoverVcf	chr14: 113
INFO	2024-05-06 16:58:56	LiftoverVcf	chr15: 95
INFO	2024-05-06 16:58:56	LiftoverVcf	chr16: 120
INFO	2024-05-06 16:58:56	LiftoverVcf	chr17: 119
INFO	2024-05-06 16:58:56	LiftoverVcf	chr18: 93
INFO	2024-05-06 16:58:56	LiftoverVcf	chr19: 98
INFO	2024-05-06 16:58:56	LiftoverVcf	chr2: 272
INFO	2024-05-06 16:58:56	LiftoverVcf	chr20: 84
INFO	2024-05-06 16:58:56	LiftoverVcf	chr21: 50
INFO	2024-05-06 16:58:56	LiftoverVcf	chr22: 72
INFO	2024-05-06 16:58:56	LiftoverVcf	chr3: 249
INFO	2024-05-06 16:58:56	LiftoverVcf	chr4: 245
INFO	2024-05-06 16:58:56	LiftoverVcf	chr5: 203
INFO	2024-05-06 16:58:56	LiftoverVcf	chr6: 195
INFO	2024-05-06 16:58:56	LiftoverVcf	chr7: 225
INFO	2024-05-06 16:58:56	LiftoverVcf	chr8: 183
INFO	2024-05-06 16:58:56	LiftoverVcf	chr9: 216
INFO	2024-05-06 16:58:56	LiftoverVcf	chrX: 229
INFO	2024-05-06 16:58:56	LiftoverVcf	chrY: 1
WARNING	2024-05-06 16:58:56	LiftoverVcf	53 variants with a swapped REF/ALT were identified, but were not recovered.  See RECOVER_SWAPPED_REF_ALT and associated caveats.
INFO	2024-05-06 16:58:56	LiftoverVcf	Writing out sorted records to final VCF.
[Mon May 06 16:58:57 CEST 2024] picard.vcf.LiftoverVcf done. Elapsed time: 0.26 minutes.
Runtime.totalMemory()=4294967296
