Tue Apr  2 00:04:27 CEST 2024
Building DAG of jobs...
Job stats:
job               count
--------------  -------
apply_bqsr            1
samtools_index        1
total                 2

Execute 1 jobs...

[Tue Apr  2 00:04:51 2024]
localrule apply_bqsr:
    input: results/mapped_reads/P028/P028_dna_tumor.marked.bam, results/recal/P028/P028_dna_tumor_recal_data.table, resources/genome.fa
    output: results/recal/P028/P028_dna_tumor_recal.bam
    log: logs/recal/P028/P028_dna_tumor_apply_recal.log
    jobid: 1
    reason: Missing output files: results/recal/P028/P028_dna_tumor_recal.bam
    wildcards: sample=P028, alias=tumor
    resources: tmpdir=<TBD>


        gatk ApplyBQSR             -R resources/genome.fa             -I results/mapped_reads/P028/P028_dna_tumor.marked.bam             --bqsr-recal-file results/recal/P028/P028_dna_tumor_recal_data.table             -O results/recal/P028/P028_dna_tumor_recal.bam             --create-output-bam-index false             &> logs/recal/P028/P028_dna_tumor_apply_recal.log
        
Would remove temporary output results/mapped_reads/P028/P028_dna_tumor.marked.bam
Execute 1 jobs...

[Tue Apr  2 00:04:51 2024]
localrule samtools_index:
    input: results/recal/P028/P028_dna_tumor_recal.bam
    output: results/recal/P028/P028_dna_tumor_recal.bai
    log: logs/samtools/P028/P028_dna_tumor_index.log
    jobid: 0
    reason: Missing output files: results/recal/P028/P028_dna_tumor_recal.bai; Input files updated by another job: results/recal/P028/P028_dna_tumor_recal.bam
    wildcards: sample=P028, alias=tumor
    resources: tmpdir=<TBD>


        samtools index -@ 18 results/recal/P028/P028_dna_tumor_recal.bam results/recal/P028/P028_dna_tumor_recal.bai &> logs/samtools/P028/P028_dna_tumor_index.log
        
Job stats:
job               count
--------------  -------
apply_bqsr            1
samtools_index        1
total                 2

Reasons:
    (check individual jobs above for details)
    input files updated by another job:
        samtools_index
    output files have to be generated:
        apply_bqsr, samtools_index

This was a dry-run (flag -n). The order of jobs does not reflect the order of execution.
Snakemake completed successfully at Tue Apr  2 00:04:52 CEST 2024
