Using GATK jar /lustre1/project/stg_00096/home/rdewin/system/miniconda/envs/WGS/share/gatk4-4.5.0.0-0/gatk-package-4.5.0.0-local.jar
Running:
    java -Dsamjdk.use_async_io_read_samtools=false -Dsamjdk.use_async_io_write_samtools=true -Dsamjdk.use_async_io_write_tribble=false -Dsamjdk.compression_level=2 -jar /lustre1/project/stg_00096/home/rdewin/system/miniconda/envs/WGS/share/gatk4-4.5.0.0-0/gatk-package-4.5.0.0-local.jar GetPileupSummaries -I results/recal/P020/P020_dna_tumor_recal.bam -L resources/whole_genome.intervals -V resources/gnomad_chr.vcf.gz -O results/mutect2/P020/P020_tumor_pileup_summaries.table
13:00:50.719 INFO  NativeLibraryLoader - Loading libgkl_compression.so from jar:file:/lustre1/project/stg_00096/home/rdewin/system/miniconda/envs/WGS/share/gatk4-4.5.0.0-0/gatk-package-4.5.0.0-local.jar!/com/intel/gkl/native/libgkl_compression.so
13:00:51.029 INFO  GetPileupSummaries - ------------------------------------------------------------
13:00:51.033 INFO  GetPileupSummaries - The Genome Analysis Toolkit (GATK) v4.5.0.0
13:00:51.033 INFO  GetPileupSummaries - For support and documentation go to https://software.broadinstitute.org/gatk/
13:00:51.033 INFO  GetPileupSummaries - Executing as vsc35407@g28l05 on Linux v4.18.0-513.24.1.el8_9.x86_64 amd64
13:00:51.034 INFO  GetPileupSummaries - Java runtime: OpenJDK 64-Bit Server VM v17.0.10-internal+0-adhoc..src
13:00:51.034 INFO  GetPileupSummaries - Start Date/Time: April 27, 2024 at 1:00:50 PM CEST
13:00:51.035 INFO  GetPileupSummaries - ------------------------------------------------------------
13:00:51.035 INFO  GetPileupSummaries - ------------------------------------------------------------
13:00:51.035 INFO  GetPileupSummaries - HTSJDK Version: 4.1.0
13:00:51.035 INFO  GetPileupSummaries - Picard Version: 3.1.1
13:00:51.036 INFO  GetPileupSummaries - Built for Spark Version: 3.5.0
13:00:51.036 INFO  GetPileupSummaries - HTSJDK Defaults.COMPRESSION_LEVEL : 2
13:00:51.036 INFO  GetPileupSummaries - HTSJDK Defaults.USE_ASYNC_IO_READ_FOR_SAMTOOLS : false
13:00:51.036 INFO  GetPileupSummaries - HTSJDK Defaults.USE_ASYNC_IO_WRITE_FOR_SAMTOOLS : true
13:00:51.037 INFO  GetPileupSummaries - HTSJDK Defaults.USE_ASYNC_IO_WRITE_FOR_TRIBBLE : false
13:00:51.037 INFO  GetPileupSummaries - Deflater: IntelDeflater
13:00:51.038 INFO  GetPileupSummaries - Inflater: IntelInflater
13:00:51.038 INFO  GetPileupSummaries - GCS max retries/reopens: 20
13:00:51.038 INFO  GetPileupSummaries - Requester pays: disabled
13:00:51.039 INFO  GetPileupSummaries - Initializing engine
13:00:51.291 INFO  FeatureManager - Using codec VCFCodec to read file file:///lustre1/project/stg_00096/home/rdewin/WGS/resources/gnomad_chr.vcf.gz
13:00:51.514 INFO  IntervalArgumentCollection - Processing 3117292070 bp from intervals
13:00:51.520 INFO  GetPileupSummaries - Done initializing engine
13:00:51.527 INFO  ProgressMeter - Starting traversal
13:00:51.528 INFO  ProgressMeter -        Current Locus  Elapsed Minutes        Loci Processed      Loci/Minute
13:01:01.536 INFO  ProgressMeter -         chr1:1981127              0.2               1899000       11391721.7
13:01:11.531 INFO  ProgressMeter -         chr1:4743665              0.3               4634000       13900609.9
13:01:21.531 INFO  ProgressMeter -         chr1:7815038              0.5               7698000       15394973.7
13:01:31.532 INFO  ProgressMeter -        chr1:11122986              0.7              11002000       16501762.4
13:01:41.534 INFO  ProgressMeter -        chr1:14392065              0.8              14217000       17058694.1
13:01:51.534 INFO  ProgressMeter -        chr1:17526436              1.0              17173000       17171569.0
13:02:01.536 INFO  ProgressMeter -        chr1:20620379              1.2              20266000       17369120.2
13:02:11.536 INFO  ProgressMeter -        chr1:23903691              1.3              23546000       17657734.2
13:02:21.539 INFO  ProgressMeter -        chr1:27206013              1.5              26834000       17887345.9
13:02:31.539 INFO  ProgressMeter -        chr1:30472660              1.7              30098000       18056994.3
13:02:41.540 INFO  ProgressMeter -        chr1:33725829              1.8              33347000       18187454.0
13:02:51.539 INFO  ProgressMeter -        chr1:36959763              2.0              36579000       18287823.6
13:03:01.542 INFO  ProgressMeter -        chr1:40241633              2.2              39859000       18394622.1
13:03:11.542 INFO  ProgressMeter -        chr1:43474554              2.3              43091000       18465724.9
13:03:21.543 INFO  ProgressMeter -        chr1:46793737              2.5              46406000       18560667.7
13:03:31.544 INFO  ProgressMeter -        chr1:50011728              2.7              49621000       18606014.4
13:03:41.545 INFO  ProgressMeter -        chr1:53430423              2.8              53037000       18717179.6
13:03:51.547 INFO  ProgressMeter -        chr1:56652532              3.0              56257000       18750458.3
13:04:01.547 INFO  ProgressMeter -        chr1:59901712              3.2              59505000       18789272.6
13:04:11.547 INFO  ProgressMeter -        chr1:63364024              3.3              62965000       18887800.1
13:04:21.548 INFO  ProgressMeter -        chr1:66767593              3.5              66367000       18960194.3
13:04:31.550 INFO  ProgressMeter -        chr1:70211720              3.7              69806000       19036182.9
13:04:41.550 INFO  ProgressMeter -        chr1:73679566              3.8              73271000       19112428.9
13:04:51.551 INFO  ProgressMeter -        chr1:77079319              4.0              76666000       19164743.2
13:05:01.550 INFO  ProgressMeter -        chr1:80568861              4.2              80153000       19235027.3
13:05:11.552 INFO  ProgressMeter -        chr1:83986882              4.3              83563000       19282063.5
13:05:21.554 INFO  ProgressMeter -        chr1:87405428              4.5              86977000       19326432.7
13:05:31.553 INFO  ProgressMeter -        chr1:90761127              4.7              90331000       19354914.7
13:05:41.554 INFO  ProgressMeter -        chr1:94236669              4.8              93804000       19406051.2
13:05:51.553 INFO  ProgressMeter -        chr1:97625635              5.0              97192000       19436780.3
13:06:01.556 INFO  ProgressMeter -       chr1:101087473              5.2             100653000       19479529.2
13:06:11.557 INFO  ProgressMeter -       chr1:104898194              5.3             104131000       19522793.2
13:06:21.559 INFO  ProgressMeter -       chr1:108394028              5.5             107579000       19557980.9
13:06:31.560 INFO  ProgressMeter -       chr1:111690428              5.7             110831000       19556628.7
13:06:41.561 INFO  ProgressMeter -       chr1:115070681              5.8             114207000       19576553.0
13:06:51.560 INFO  ProgressMeter -       chr1:118318071              6.0             117451000       19573426.8
13:07:01.561 INFO  ProgressMeter -       chr1:122517483              6.2             121106000       19637112.5
13:07:11.561 INFO  ProgressMeter -       chr1:128536503              6.3             124147000       19600455.7
13:07:21.563 INFO  ProgressMeter -       chr1:140522257              6.5             127940000       19681361.1
13:07:31.563 INFO  ProgressMeter -       chr1:146686137              6.7             131954000       19791368.3
13:07:41.565 INFO  ProgressMeter -       chr1:150426625              6.8             135567000       19837283.0
13:07:51.568 INFO  ProgressMeter -       chr1:153785187              7.0             138868000       19836443.8
13:08:01.568 INFO  ProgressMeter -       chr1:157009315              7.2             142089000       19824574.1
13:08:11.568 INFO  ProgressMeter -       chr1:160321385              7.3             145395000       19824833.7
13:08:21.570 INFO  ProgressMeter -       chr1:163915928              7.5             148748000       19831259.8
13:08:31.570 INFO  ProgressMeter -       chr1:167202327              7.7             152032000       19828450.4
13:08:41.573 INFO  ProgressMeter -       chr1:170603395              7.8             155428000       19839972.8
13:08:51.575 INFO  ProgressMeter -       chr1:174047991              8.0             158870000       19856847.1
13:09:01.577 INFO  ProgressMeter -       chr1:177339029              8.2             162159000       19854259.2
13:09:11.579 INFO  ProgressMeter -       chr1:180754381              8.3             165573000       19866773.3
13:09:21.580 INFO  ProgressMeter -       chr1:184058355              8.5             168873000       19865386.3
13:09:31.583 INFO  ProgressMeter -       chr1:187544596              8.7             172356000       19885165.8
13:09:41.586 INFO  ProgressMeter -       chr1:191128003              8.8             175937000       19915254.4
13:09:51.586 INFO  ProgressMeter -       chr1:194659763              9.0             179464000       19938339.8
13:10:01.586 INFO  ProgressMeter -       chr1:198111136              9.2             182911000       19951859.5
13:10:11.586 INFO  ProgressMeter -       chr1:201460012              9.3             186259000       19954254.7
13:10:21.588 INFO  ProgressMeter -       chr1:204667032              9.5             189463000       19941409.6
13:10:31.589 INFO  ProgressMeter -       chr1:207903105              9.7             192687000       19931076.1
13:10:41.589 INFO  ProgressMeter -       chr1:211216002              9.8             195995000       19929634.4
13:10:51.590 INFO  ProgressMeter -       chr1:214569117             10.0             199345000       19932473.5
13:11:01.590 INFO  ProgressMeter -       chr1:217977618             10.2             202751000       19940694.6
13:11:11.593 INFO  ProgressMeter -       chr1:221342819             10.3             206112000       19944263.8
13:11:21.593 INFO  ProgressMeter -       chr1:224697856             10.5             209464000       19946926.0
13:11:31.596 INFO  ProgressMeter -       chr1:228130993             10.7             212627000       19931694.7
13:11:41.597 INFO  ProgressMeter -       chr1:231396875             10.8             215888000       19926038.5
13:11:51.598 INFO  ProgressMeter -       chr1:234708469             11.0             219195000       19924735.1
13:12:01.600 INFO  ProgressMeter -       chr1:238173592             11.2             222645000       19936245.6
13:12:11.603 INFO  ProgressMeter -       chr1:241629886             11.3             226099000       19947741.0
13:12:21.605 INFO  ProgressMeter -       chr1:245073777             11.5             229540000       19957801.7
13:12:31.605 INFO  ProgressMeter -          chr2:102178             11.7             232902000       19960861.4
13:12:41.606 INFO  ProgressMeter -         chr2:3245075             11.8             236026000       19943696.2
13:12:51.608 INFO  ProgressMeter -         chr2:6510142             12.0             239286000       19938312.3
13:13:01.608 INFO  ProgressMeter -         chr2:9720920             12.2             242492000       19928665.4
13:13:11.611 INFO  ProgressMeter -        chr2:12927380             12.3             245691000       19918684.7
13:13:21.612 INFO  ProgressMeter -        chr2:16294561             12.5             249045000       19921395.4
13:13:31.611 INFO  ProgressMeter -        chr2:19566883             12.7             252312000       19917193.3
13:13:41.612 INFO  ProgressMeter -        chr2:22812003             12.8             255556000       19911282.4
13:13:51.614 INFO  ProgressMeter -        chr2:26148922             13.0             258891000       19912496.8
13:14:01.617 INFO  ProgressMeter -        chr2:29401789             13.2             262141000       19907200.3
13:14:11.619 INFO  ProgressMeter -        chr2:32733008             13.3             265471000       19908060.5
13:14:21.621 INFO  ProgressMeter -        chr2:36216562             13.5             268947000       19919737.5
13:14:31.620 INFO  ProgressMeter -        chr2:39640673             13.7             272370000       19927276.5
13:14:41.622 INFO  ProgressMeter -        chr2:43013282             13.8             275740000       19930778.8
13:14:51.621 INFO  ProgressMeter -        chr2:46341947             14.0             279067000       19931150.5
13:15:01.622 INFO  ProgressMeter -        chr2:49675914             14.2             282400000       19931936.9
13:15:11.624 INFO  ProgressMeter -        chr2:53126288             14.3             285848000       19940681.0
13:15:21.625 INFO  ProgressMeter -        chr2:56544216             14.5             289263000       19946948.4
13:15:31.627 INFO  ProgressMeter -        chr2:59963323             14.7             292673000       19952755.3
13:15:41.627 INFO  ProgressMeter -        chr2:63442156             14.8             296151000       19963037.8
13:15:51.628 INFO  ProgressMeter -        chr2:66798045             15.0             299505000       19964803.9
13:16:01.629 INFO  ProgressMeter -        chr2:70143938             15.2             302844000       19965542.2
13:16:11.630 INFO  ProgressMeter -        chr2:73392629             15.3             306092000       19960330.4
13:16:21.631 INFO  ProgressMeter -        chr2:76712521             15.5             309395000       19958757.3
13:16:31.632 INFO  ProgressMeter -        chr2:80167813             15.7             312848000       19966833.4
13:16:41.634 INFO  ProgressMeter -        chr2:83643643             15.8             316317000       19975707.9
13:16:51.635 INFO  ProgressMeter -        chr2:87106132             16.0             319683000       19977960.8
13:17:01.638 INFO  ProgressMeter -        chr2:92268608             16.2             323519000       20009236.1
13:17:11.638 INFO  ProgressMeter -        chr2:97426152             16.3             326844000       20008611.3
13:17:21.641 INFO  ProgressMeter -       chr2:100888202             16.5             330091000       20003252.2
13:17:31.643 INFO  ProgressMeter -       chr2:104201074             16.7             333397000       20001539.8
13:17:41.644 INFO  ProgressMeter -       chr2:107514305             16.8             336705000       19999980.2
13:17:51.647 INFO  ProgressMeter -       chr2:111176939             17.0             340153000       20006665.9
13:18:01.648 INFO  ProgressMeter -       chr2:114519460             17.2             343463000       20005242.1
13:18:11.648 INFO  ProgressMeter -       chr2:117935917             17.3             346874000       20009652.7
13:18:21.648 INFO  ProgressMeter -       chr2:121122777             17.5             350057000       20000971.3
13:18:31.651 INFO  ProgressMeter -       chr2:124452720             17.7             353382000       20000452.8
13:18:41.650 INFO  ProgressMeter -       chr2:127811251             17.8             356726000       20001046.6
13:18:51.650 INFO  ProgressMeter -       chr2:131175387             18.0             359961000       19995574.6
13:19:01.653 INFO  ProgressMeter -       chr2:134474980             18.2             363250000       19993138.4
13:19:11.654 INFO  ProgressMeter -       chr2:137846035             18.3             366611000       19994673.3
13:19:21.656 INFO  ProgressMeter -       chr2:141305564             18.5             370069000       20001423.3
13:19:31.657 INFO  ProgressMeter -       chr2:144747249             18.7             373506000       20006963.5
13:19:41.658 INFO  ProgressMeter -       chr2:148166133             18.8             376909000       20010565.2
13:19:51.659 INFO  ProgressMeter -       chr2:151553096             19.0             380293000       20013121.3
13:20:01.662 INFO  ProgressMeter -       chr2:155030004             19.2             383744000       20019110.8
13:20:11.663 INFO  ProgressMeter -       chr2:158518014             19.3             387229000       20026755.5
13:20:21.664 INFO  ProgressMeter -       chr2:161929848             19.5             390632000       20030082.0
13:20:31.666 INFO  ProgressMeter -       chr2:165338743             19.7             394039000       20033538.5
13:20:41.667 INFO  ProgressMeter -       chr2:168786797             19.8             397482000       20038785.4
13:20:51.666 INFO  ProgressMeter -       chr2:172261850             20.0             400945000       20044944.8
13:21:01.668 INFO  ProgressMeter -       chr2:175661111             20.2             404335000       20047349.9
13:21:11.668 INFO  ProgressMeter -       chr2:179019254             20.3             407690000       20048027.3
13:21:21.670 INFO  ProgressMeter -       chr2:182407655             20.5             411065000       20049652.8
13:21:31.669 INFO  ProgressMeter -       chr2:185868550             20.7             414524000       20055332.4
13:21:41.671 INFO  ProgressMeter -       chr2:189375669             20.8             418030000       20063144.8
13:21:51.671 INFO  ProgressMeter -       chr2:192792605             21.0             421446000       20066579.7
13:22:01.673 INFO  ProgressMeter -       chr2:196350320             21.2             424998000       20076369.3
13:22:11.674 INFO  ProgressMeter -       chr2:199806878             21.3             428450000       20081303.2
13:22:21.677 INFO  ProgressMeter -       chr2:203257845             21.5             431900000       20086067.6
13:22:31.678 INFO  ProgressMeter -       chr2:206712625             21.7             435352000       20090851.1
13:22:41.679 INFO  ProgressMeter -       chr2:210142878             21.8             438779000       20094431.9
13:22:51.680 INFO  ProgressMeter -       chr2:213601146             22.0             442233000       20099185.5
13:23:01.681 INFO  ProgressMeter -       chr2:217044797             22.2             445674000       20103281.4
13:23:11.682 INFO  ProgressMeter -       chr2:220160131             22.3             448788000       20092675.9
13:23:21.684 INFO  ProgressMeter -       chr2:223528307             22.5             452153000       20093381.9
13:23:31.684 INFO  ProgressMeter -       chr2:226930605             22.7             455553000       20095621.4
13:23:41.685 INFO  ProgressMeter -       chr2:230312173             22.8             458932000       20096908.6
13:23:51.688 INFO  ProgressMeter -       chr2:233607036             23.0             462221000       20094235.5
13:24:01.689 INFO  ProgressMeter -       chr2:236801258             23.2             465412000       20087399.9
13:24:11.691 INFO  ProgressMeter -       chr2:239863008             23.3             468471000       20074991.3
13:24:21.692 INFO  ProgressMeter -          chr3:218649             23.5             471483000       20060773.1
13:24:31.693 INFO  ProgressMeter -         chr3:3579113             23.7             474839000       20061302.8
13:24:41.694 INFO  ProgressMeter -         chr3:6909751             23.8             478167000       20060622.3
13:24:51.696 INFO  ProgressMeter -        chr3:10109236             24.0             481364000       20054493.6
13:25:01.697 INFO  ProgressMeter -        chr3:13220547             24.2             484472000       20044794.8
13:25:11.697 INFO  ProgressMeter -        chr3:16323624             24.3             487573000       20034941.2
13:25:21.699 INFO  ProgressMeter -        chr3:19638558             24.5             490883000       20033724.0
13:25:31.701 INFO  ProgressMeter -        chr3:23036974             24.7             494278000       20035955.3
13:25:41.702 INFO  ProgressMeter -        chr3:26374361             24.8             497615000       20035861.6
13:25:51.702 INFO  ProgressMeter -        chr3:29771062             25.0             501007000       20037955.6
13:26:01.704 INFO  ProgressMeter -        chr3:33149242             25.2             504380000       20039267.0
13:26:11.706 INFO  ProgressMeter -        chr3:36549150             25.3             507776000       20041455.7
13:26:21.706 INFO  ProgressMeter -        chr3:39743156             25.5             510963000       20035446.9
13:26:31.708 INFO  ProgressMeter -        chr3:43033083             25.7             514247000       20033268.9
13:26:41.710 INFO  ProgressMeter -        chr3:46252234             25.8             517465000       20028564.4
13:26:51.709 INFO  ProgressMeter -        chr3:49596349             26.0             520807000       20028714.6
13:27:01.710 INFO  ProgressMeter -        chr3:52675863             26.2             523883000       20018698.5
13:27:11.712 INFO  ProgressMeter -        chr3:55861041             26.3             527060000       20012618.8
13:27:21.713 INFO  ProgressMeter -        chr3:59225033             26.5             530422000       20013608.5
13:27:31.713 INFO  ProgressMeter -        chr3:62534509             26.7             533729000       20012523.6
13:27:41.714 INFO  ProgressMeter -        chr3:65833855             26.8             537025000       20011054.6
13:27:51.715 INFO  ProgressMeter -        chr3:69163472             27.0             540350000       20010665.4
13:28:01.717 INFO  ProgressMeter -        chr3:72457750             27.2             543639000       20008943.8
13:28:11.719 INFO  ProgressMeter -        chr3:75842535             27.3             547023000       20010730.5
13:28:21.717 INFO  ProgressMeter -        chr3:79265339             27.5             550442000       20013780.2
13:28:31.718 INFO  ProgressMeter -        chr3:82721209             27.7             553894000       20017985.9
13:28:41.719 INFO  ProgressMeter -        chr3:86272663             27.8             557440000       20025506.1
13:28:51.720 INFO  ProgressMeter -        chr3:89765173             28.0             560924000       20030722.7
13:29:01.722 INFO  ProgressMeter -        chr3:97088952             28.2             564617000       20043285.0
13:29:11.722 INFO  ProgressMeter -       chr3:100569942             28.3             568090000       20047947.5
13:29:21.725 INFO  ProgressMeter -       chr3:103939172             28.5             571453000       20048684.5
13:29:31.724 INFO  ProgressMeter -       chr3:107422995             28.7             574927000       20053307.9
13:29:41.727 INFO  ProgressMeter -       chr3:110844626             28.8             578341000       20055774.0
13:29:51.728 INFO  ProgressMeter -       chr3:114292288             29.0             581780000       20059085.2
13:30:01.730 INFO  ProgressMeter -       chr3:117667955             29.2             585149000       20059947.4
13:30:11.732 INFO  ProgressMeter -       chr3:121010615             29.3             588489000       20059811.3
13:30:21.731 INFO  ProgressMeter -       chr3:124400912             29.5             591877000       20061326.3
13:30:31.732 INFO  ProgressMeter -       chr3:127635298             29.7             595107000       20057499.1
13:30:41.732 INFO  ProgressMeter -       chr3:130722547             29.8             598191000       20048821.3
13:30:51.732 INFO  ProgressMeter -       chr3:133925461             30.0             601390000       20044072.8
13:31:01.734 INFO  ProgressMeter -       chr3:137212855             30.2             604674000       20042172.0
13:31:11.735 INFO  ProgressMeter -       chr3:140527764             30.3             607985000       20041193.1
13:31:21.735 INFO  ProgressMeter -       chr3:143766471             30.5             611216000       20037613.3
13:31:31.737 INFO  ProgressMeter -       chr3:147135940             30.7             614583000       20038484.8
13:31:41.736 INFO  ProgressMeter -       chr3:150588379             30.8             618027000       20041865.6
13:31:51.737 INFO  ProgressMeter -       chr3:154015861             31.0             621453000       20044629.4
13:32:01.737 INFO  ProgressMeter -       chr3:157503980             31.2             624935000       20049149.6
13:32:11.739 INFO  ProgressMeter -       chr3:160874839             31.3             628304000       20050015.7
13:32:21.738 INFO  ProgressMeter -       chr3:164265197             31.5             631691000       20051454.6
13:32:31.738 INFO  ProgressMeter -       chr3:167806943             31.7             635231000       20057709.4
13:32:41.739 INFO  ProgressMeter -       chr3:171272267             31.8             638694000       20061480.2
13:32:51.739 INFO  ProgressMeter -       chr3:174672013             32.0             642091000       20063138.9
13:33:01.741 INFO  ProgressMeter -       chr3:178095170             32.2             645513000       20065557.6
13:33:11.742 INFO  ProgressMeter -       chr3:181566500             32.3             648976000       20069219.2
13:33:21.741 INFO  ProgressMeter -       chr3:185038270             32.5             652446000       20073068.9
13:33:31.742 INFO  ProgressMeter -       chr3:188396440             32.7             655797000       20073226.7
13:33:41.744 INFO  ProgressMeter -       chr3:191731237             32.8             659126000       20072712.9
13:33:51.744 INFO  ProgressMeter -       chr3:195125114             33.0             662518000       20074113.1
13:34:01.749 INFO  ProgressMeter -       chr3:198360473             33.2             665742000       20070394.2
13:34:11.749 INFO  ProgressMeter -          chr4:688756             33.3             669033000       20068772.4
13:34:21.752 INFO  ProgressMeter -         chr4:3678959             33.5             672016000       20057943.8
13:34:31.755 INFO  ProgressMeter -         chr4:6679857             33.7             675013000       20047638.2
13:34:41.755 INFO  ProgressMeter -         chr4:9837517             33.8             677954000       20035808.8
13:34:51.756 INFO  ProgressMeter -        chr4:13097422             34.0             681208000       20033300.2
13:35:01.755 INFO  ProgressMeter -        chr4:16384862             34.2             684488000       20031577.0
13:35:11.756 INFO  ProgressMeter -        chr4:19749014             34.3             687847000       20032161.5
13:35:21.757 INFO  ProgressMeter -        chr4:23126909             34.5             691219000       20033117.1
13:35:31.758 INFO  ProgressMeter -        chr4:26458682             34.7             694548000       20032823.3
13:35:41.758 INFO  ProgressMeter -        chr4:29912488             34.8             698000000       20036072.6
13:35:51.759 INFO  ProgressMeter -        chr4:33409843             35.0             701489000       20040338.4
13:36:01.760 INFO  ProgressMeter -        chr4:36863838             35.2             704940000       20043492.9
13:36:11.759 INFO  ProgressMeter -        chr4:40315035             35.3             708388000       20046532.7
13:36:21.760 INFO  ProgressMeter -        chr4:43697648             35.5             711768000       20047619.2
13:36:31.762 INFO  ProgressMeter -        chr4:47125429             35.7             715189000       20049845.0
13:36:41.767 INFO  ProgressMeter -        chr4:55022370             35.8             718646000       20053008.1
13:36:51.767 INFO  ProgressMeter -        chr4:58529788             36.0             721994000       20053170.0
13:37:01.770 INFO  ProgressMeter -        chr4:61948301             36.2             725406000       20055072.2
13:37:11.772 INFO  ProgressMeter -        chr4:65457831             36.3             728909000       20059479.6
13:37:21.771 INFO  ProgressMeter -        chr4:68973266             36.5             732420000       20064075.1
13:37:31.772 INFO  ProgressMeter -        chr4:72444208             36.7             735889000       20067474.3
13:37:41.773 INFO  ProgressMeter -        chr4:75853468             36.8             739290000       20068996.9
13:37:51.775 INFO  ProgressMeter -        chr4:79292637             37.0             742721000       20071316.4
13:38:01.774 INFO  ProgressMeter -        chr4:82613822             37.2             746042000       20070664.9
13:38:11.776 INFO  ProgressMeter -        chr4:86008748             37.3             749428000       20071751.0
13:38:21.775 INFO  ProgressMeter -        chr4:89437632             37.5             752853000       20073876.3
13:38:31.777 INFO  ProgressMeter -        chr4:92896160             37.7             756305000       20076690.7
13:38:41.777 INFO  ProgressMeter -        chr4:96368252             37.8             759774000       20079938.4
13:38:51.779 INFO  ProgressMeter -        chr4:99832535             38.0             763236000       20082964.6
13:39:01.779 INFO  ProgressMeter -       chr4:103279618             38.2             766682000       20085545.2
13:39:11.779 INFO  ProgressMeter -       chr4:106718267             38.3             770117000       20087816.5
13:39:21.780 INFO  ProgressMeter -       chr4:110172020             38.5             773569000       20090518.3
13:39:31.781 INFO  ProgressMeter -       chr4:113548478             38.7             776939000       20091067.7
13:39:41.783 INFO  ProgressMeter -       chr4:116974213             38.8             780356000       20092805.3
13:39:51.784 INFO  ProgressMeter -       chr4:120468820             39.0             783849000       20096493.7
13:40:01.787 INFO  ProgressMeter -       chr4:123940572             39.2             787313000       20099401.9
13:40:11.787 INFO  ProgressMeter -       chr4:127356561             39.3             790728000       20101048.2
13:40:21.788 INFO  ProgressMeter -       chr4:130783393             39.5             794154000       20102959.2
13:40:31.789 INFO  ProgressMeter -       chr4:134250636             39.7             797618000       20105820.4
13:40:41.788 INFO  ProgressMeter -       chr4:137848071             39.8             801172000       20110916.8
13:40:51.788 INFO  ProgressMeter -       chr4:141356173             40.0             804672000       20114620.9
13:41:01.791 INFO  ProgressMeter -       chr4:144745639             40.2             808061000       20115506.1
13:41:11.791 INFO  ProgressMeter -       chr4:148164241             40.3             811477000       20117078.2
13:41:21.792 INFO  ProgressMeter -       chr4:151553914             40.5             814862000       20117872.0
13:41:31.794 INFO  ProgressMeter -       chr4:154984267             40.7             818284000       20119544.3
13:41:41.796 INFO  ProgressMeter -       chr4:158279377             40.8             821577000       20118052.4
13:41:51.796 INFO  ProgressMeter -       chr4:161712609             41.0             825006000       20119905.6
13:42:01.797 INFO  ProgressMeter -       chr4:165186582             41.2             828479000       20122804.4
13:42:11.797 INFO  ProgressMeter -       chr4:168672626             41.3             831963000       20125954.1
13:42:21.799 INFO  ProgressMeter -       chr4:172135122             41.5             835403000       20128002.1
13:42:31.801 INFO  ProgressMeter -       chr4:175602406             41.7             838867000       20130617.8
13:42:41.802 INFO  ProgressMeter -       chr4:179005585             41.8             842266000       20131651.0
13:42:51.805 INFO  ProgressMeter -       chr4:182470824             42.0             845726000       20134128.2
13:43:01.805 INFO  ProgressMeter -       chr4:185907642             42.2             849158000       20135929.8
13:43:11.806 INFO  ProgressMeter -       chr4:189236051             42.3             852483000       20135189.9
13:43:21.807 INFO  ProgressMeter -       chr4:192651107             42.5             855887000       20136322.4
13:43:31.807 INFO  ProgressMeter -         chr5:2088184             42.7             858757000       20124923.9
13:43:41.809 INFO  ProgressMeter -         chr5:5259998             42.8             861917000       20120375.9
13:43:51.809 INFO  ProgressMeter -         chr5:8461710             43.0             865114000       20116739.2
13:44:01.812 INFO  ProgressMeter -        chr5:11703409             43.2             868350000       20114018.4
13:44:11.812 INFO  ProgressMeter -        chr5:15033302             43.3             871677000       20113426.1
13:44:21.812 INFO  ProgressMeter -        chr5:18480177             43.5             875002000       20112800.0
13:44:31.812 INFO  ProgressMeter -        chr5:22089826             43.7             878490000       20115911.1
13:44:41.813 INFO  ProgressMeter -        chr5:25595234             43.8             881992000       20119310.3
13:44:51.813 INFO  ProgressMeter -        chr5:29136238             44.0             885527000       20123441.2
13:45:01.815 INFO  ProgressMeter -        chr5:32584142             44.2             888974000       20125533.6
13:45:11.815 INFO  ProgressMeter -        chr5:36033046             44.3             892298000       20124851.2
13:45:21.817 INFO  ProgressMeter -        chr5:39372612             44.5             895637000       20124503.4
13:45:31.818 INFO  ProgressMeter -        chr5:42758264             44.7             899013000       20124986.5
13:45:41.818 INFO  ProgressMeter -        chr5:46145917             44.8             902395000       20125599.8
13:45:51.818 INFO  ProgressMeter -        chr5:52198895             45.0             905773000       20126127.2
13:46:01.818 INFO  ProgressMeter -        chr5:55579753             45.2             909151000       20126650.7
13:46:11.820 INFO  ProgressMeter -        chr5:58960395             45.3             912530000       20127177.5
13:46:21.821 INFO  ProgressMeter -        chr5:62355280             45.5             915913000       20127803.2
13:46:31.820 INFO  ProgressMeter -        chr5:65678995             45.7             919234000       20127066.8
13:46:41.820 INFO  ProgressMeter -        chr5:69073330             45.8             922626000       20127884.6
13:46:51.822 INFO  ProgressMeter -        chr5:73361574             46.0             926007000       20128442.8
13:47:01.823 INFO  ProgressMeter -        chr5:76704549             46.2             929347000       20128116.3
13:47:11.825 INFO  ProgressMeter -        chr5:80112616             46.3             932752000       20129187.6
13:47:21.826 INFO  ProgressMeter -        chr5:83525434             46.5             936160000       20130330.2
13:47:31.827 INFO  ProgressMeter -        chr5:87040750             46.7             939671000       20133657.2
13:47:41.829 INFO  ProgressMeter -        chr5:90488267             46.8             943114000       20135508.6
13:47:51.831 INFO  ProgressMeter -        chr5:93904698             47.0             946525000       20136666.2
13:48:01.833 INFO  ProgressMeter -        chr5:97284422             47.2             949903000       20137116.0
13:48:11.834 INFO  ProgressMeter -       chr5:100734310             47.3             953343000       20138879.4
13:48:21.836 INFO  ProgressMeter -       chr5:104212364             47.5             956812000       20141240.9
13:48:31.838 INFO  ProgressMeter -       chr5:107704604             47.7             960301000       20143991.4
13:48:41.839 INFO  ProgressMeter -       chr5:111097431             47.8             963685000       20144541.8
13:48:51.839 INFO  ProgressMeter -       chr5:114444352             48.0             967030000       20144283.0
13:49:01.841 INFO  ProgressMeter -       chr5:117798825             48.2             970382000       20144157.4
13:49:11.842 INFO  ProgressMeter -       chr5:121200379             48.3             973780000       20144991.2
13:49:21.844 INFO  ProgressMeter -       chr5:124607060             48.5             977185000       20145963.6
13:49:31.845 INFO  ProgressMeter -       chr5:127976986             48.7             980549000       20146086.9
13:49:41.845 INFO  ProgressMeter -       chr5:131383543             48.8             983955000       20147076.3
13:49:51.844 INFO  ProgressMeter -       chr5:134646918             49.0             987210000       20144977.6
13:50:01.847 INFO  ProgressMeter -       chr5:137812829             49.2             990375000       20141049.2
13:50:11.846 INFO  ProgressMeter -       chr5:141110625             49.3             993667000       20139735.0
13:50:21.847 INFO  ProgressMeter -       chr5:144389857             49.5             996943000       20138106.4
13:50:31.847 INFO  ProgressMeter -       chr5:147744365             49.7            1000290000       20137918.2
13:50:41.849 INFO  ProgressMeter -       chr5:150963606             49.8            1003504000       20135049.1
13:50:51.851 INFO  ProgressMeter -       chr5:154190983             50.0            1006725000       20132339.1
13:51:01.851 INFO  ProgressMeter -       chr5:157449391             50.2            1009978000       20130291.7
13:51:11.851 INFO  ProgressMeter -       chr5:160753909             50.3            1013277000       20129178.2
13:51:21.852 INFO  ProgressMeter -       chr5:164152742             50.5            1016671000       20129953.1
13:51:31.851 INFO  ProgressMeter -       chr5:167614847             50.7            1020127000       20131946.5
13:51:41.853 INFO  ProgressMeter -       chr5:170801140             50.8            1023311000       20128563.3
13:51:51.855 INFO  ProgressMeter -       chr5:174002376             51.0            1026510000       20125496.4
13:52:01.855 INFO  ProgressMeter -       chr5:177227969             51.2            1029710000       20122482.1
13:52:11.857 INFO  ProgressMeter -       chr5:180444941             51.3            1032890000       20119084.7
13:52:21.858 INFO  ProgressMeter -         chr6:1743958             51.5            1036148000       20117236.7
13:52:31.859 INFO  ProgressMeter -         chr6:4972722             51.7            1039372000       20114729.7
13:52:41.861 INFO  ProgressMeter -         chr6:8232842             51.8            1042630000       20112901.1
13:52:51.861 INFO  ProgressMeter -        chr6:11595496             52.0            1045989000       20113026.4
13:53:01.861 INFO  ProgressMeter -        chr6:15547675             52.2            1049939000       20124485.2
13:53:11.862 INFO  ProgressMeter -        chr6:18979657             52.3            1053370000       20125954.8
13:53:21.863 INFO  ProgressMeter -        chr6:22460413             52.5            1056845000       20128240.3
13:53:31.865 INFO  ProgressMeter -        chr6:25856138             52.7            1060235000       20128897.6
13:53:41.867 INFO  ProgressMeter -        chr6:29447486             52.8            1063701000       20130995.5
13:53:51.868 INFO  ProgressMeter -        chr6:32699168             53.0            1066896000       20127967.5
13:54:01.869 INFO  ProgressMeter -        chr6:35917722             53.2            1070111000       20125328.3
13:54:11.871 INFO  ProgressMeter -        chr6:39178457             53.3            1073368000       20123493.0
13:54:21.871 INFO  ProgressMeter -        chr6:42281593             53.5            1076470000       20118784.8
13:54:31.873 INFO  ProgressMeter -        chr6:45536527             53.7            1079722000       20116888.1
13:54:41.874 INFO  ProgressMeter -        chr6:48899255             53.8            1083081000       20116996.8
13:54:51.875 INFO  ProgressMeter -        chr6:52252095             54.0            1086428000       20116882.5
13:55:01.876 INFO  ProgressMeter -        chr6:55612727             54.2            1089785000       20116953.6
13:55:11.876 INFO  ProgressMeter -        chr6:61138396             54.3            1092786000       20110479.0
13:55:21.877 INFO  ProgressMeter -        chr6:64609269             54.5            1096253000       20112587.4
13:55:31.879 INFO  ProgressMeter -        chr6:68115112             54.7            1099755000       20115323.1
13:55:41.879 INFO  ProgressMeter -        chr6:71611541             54.8            1103240000       20117732.1
13:55:51.881 INFO  ProgressMeter -        chr6:75055659             55.0            1106681000       20119320.6
13:56:01.883 INFO  ProgressMeter -        chr6:78517397             55.2            1110131000       20121062.5
13:56:11.885 INFO  ProgressMeter -        chr6:81913295             55.3            1113525000       20121788.1
13:56:21.886 INFO  ProgressMeter -        chr6:85379936             55.5            1116984000       20123674.4
13:56:31.888 INFO  ProgressMeter -        chr6:88740822             55.7            1120344000       20123771.1
13:56:41.889 INFO  ProgressMeter -        chr6:92099807             55.8            1123702000       20123843.4
13:56:51.889 INFO  ProgressMeter -        chr6:95505822             56.0            1127101000       20124647.4
13:57:01.890 INFO  ProgressMeter -        chr6:98957258             56.2            1130545000       20126241.7
13:57:11.891 INFO  ProgressMeter -       chr6:102356964             56.3            1133942000       20126992.3
13:57:21.891 INFO  ProgressMeter -       chr6:105888260             56.5            1137439000       20129508.3
13:57:31.892 INFO  ProgressMeter -       chr6:109302622             56.7            1140852000       20130533.1
13:57:41.893 INFO  ProgressMeter -       chr6:112719084             56.8            1144262000       20131487.4
13:57:51.895 INFO  ProgressMeter -       chr6:116084036             57.0            1147624000       20131594.1
13:58:01.896 INFO  ProgressMeter -       chr6:119436143             57.2            1150974000       20131502.0
13:58:11.896 INFO  ProgressMeter -       chr6:122883080             57.3            1154419000       20133061.3
13:58:21.896 INFO  ProgressMeter -       chr6:126290573             57.5            1157824000       20133921.9
13:58:31.898 INFO  ProgressMeter -       chr6:129664243             57.7            1161196000       20134193.7
13:58:41.899 INFO  ProgressMeter -       chr6:133075327             57.8            1164602000       20135057.6
13:58:51.902 INFO  ProgressMeter -       chr6:136444843             58.0            1167969000       20135238.4
13:59:01.901 INFO  ProgressMeter -       chr6:139700133             58.2            1171223000       20133487.2
13:59:11.903 INFO  ProgressMeter -       chr6:143175163             58.3            1174695000       20135477.0
13:59:21.902 INFO  ProgressMeter -       chr6:146575864             58.5            1178091000       20136162.1
13:59:31.904 INFO  ProgressMeter -       chr6:149951671             58.7            1181459000       20136354.8
13:59:41.905 INFO  ProgressMeter -       chr6:153314217             58.8            1184821000       20136450.0
13:59:51.906 INFO  ProgressMeter -       chr6:156743538             59.0            1188247000       20137635.1
14:00:01.907 INFO  ProgressMeter -       chr6:160059991             59.2            1191554000       20136796.7
14:00:11.906 INFO  ProgressMeter -       chr6:163415599             59.3            1194773000       20134485.7
14:00:21.906 INFO  ProgressMeter -       chr6:166745730             59.5            1198092000       20133868.2
14:00:31.909 INFO  ProgressMeter -       chr6:169860364             59.7            1201186000       20129472.3
14:00:41.908 INFO  ProgressMeter -          chr7:936488             59.8            1204298000       20125412.9
14:00:51.909 INFO  ProgressMeter -         chr7:3977549             60.0            1207325000       20119954.0
14:01:01.909 INFO  ProgressMeter -         chr7:7326194             60.2            1210627000       20119101.0
14:01:11.911 INFO  ProgressMeter -        chr7:10705518             60.3            1213997000       20119374.1
14:01:21.913 INFO  ProgressMeter -        chr7:14160665             60.5            1217448000       20120973.4
14:01:31.913 INFO  ProgressMeter -        chr7:17619629             60.7            1220904000       20122662.9
14:01:41.913 INFO  ProgressMeter -        chr7:21052943             60.8            1224334000       20123915.7
14:01:51.914 INFO  ProgressMeter -        chr7:24433884             61.0            1227714000       20124336.6
14:02:01.915 INFO  ProgressMeter -        chr7:27720400             61.2            1230998000       20123191.4
14:02:11.914 INFO  ProgressMeter -        chr7:30991962             61.3            1234266000       20121791.6
14:02:21.914 INFO  ProgressMeter -        chr7:34252517             61.5            1237520000       20120171.7
14:02:31.914 INFO  ProgressMeter -        chr7:37495762             61.7            1240761000       20118349.8
14:02:41.916 INFO  ProgressMeter -        chr7:40913365             61.8            1244143000       20118812.4
14:02:51.916 INFO  ProgressMeter -        chr7:44195619             62.0            1247424000       20117643.6
14:03:01.916 INFO  ProgressMeter -        chr7:47369722             62.2            1250596000       20114733.4
14:03:11.918 INFO  ProgressMeter -        chr7:50608551             62.3            1253828000       20112790.4
14:03:21.920 INFO  ProgressMeter -        chr7:53914094             62.5            1257132000       20112015.0
14:03:31.921 INFO  ProgressMeter -        chr7:57369527             62.7            1260478000       20111913.9
14:03:41.922 INFO  ProgressMeter -        chr7:64195716             62.8            1264186000       20117574.0
14:03:51.923 INFO  ProgressMeter -        chr7:68007094             63.0            1267783000       20121437.0
14:04:01.925 INFO  ProgressMeter -        chr7:71468657             63.2            1271238000       20123032.0
14:04:11.927 INFO  ProgressMeter -        chr7:75046599             63.3            1274670000       20124255.4
14:04:21.928 INFO  ProgressMeter -        chr7:78830259             63.5            1278168000       20126516.9
14:04:31.930 INFO  ProgressMeter -        chr7:82279219             63.7            1281614000       20127944.7
14:04:41.930 INFO  ProgressMeter -        chr7:85777981             63.8            1285109000       20130143.0
14:04:51.933 INFO  ProgressMeter -        chr7:89191900             64.0            1288521000       20131022.7
14:05:01.935 INFO  ProgressMeter -        chr7:92605403             64.2            1291932000       20131877.0
14:05:11.935 INFO  ProgressMeter -        chr7:95993493             64.3            1295319000       20132369.5
14:05:21.936 INFO  ProgressMeter -        chr7:99340398             64.5            1298663000       20132192.8
14:05:31.937 INFO  ProgressMeter -       chr7:102665002             64.7            1301956000       20131223.3
14:05:41.939 INFO  ProgressMeter -       chr7:106128103             64.8            1305309000       20131179.0
14:05:51.939 INFO  ProgressMeter -       chr7:109529526             65.0            1308705000       20131806.7
14:06:01.940 INFO  ProgressMeter -       chr7:112985086             65.2            1312136000       20132957.9
14:06:11.943 INFO  ProgressMeter -       chr7:116426905             65.3            1315569000       20134128.7
14:06:21.945 INFO  ProgressMeter -       chr7:119837047             65.5            1318977000       20134917.0
14:06:31.946 INFO  ProgressMeter -       chr7:123275182             65.7            1322409000       20136071.9
14:06:41.946 INFO  ProgressMeter -       chr7:126696369             65.8            1325827000       20137013.3
14:06:51.946 INFO  ProgressMeter -       chr7:130002247             66.0            1329132000       20136238.1
14:07:01.949 INFO  ProgressMeter -       chr7:133375028             66.2            1332502000       20136433.9
14:07:11.950 INFO  ProgressMeter -       chr7:136634255             66.3            1335760000       20134950.5
14:07:21.951 INFO  ProgressMeter -       chr7:140054860             66.5            1339176000       20135855.3
14:07:31.950 INFO  ProgressMeter -       chr7:143404686             66.7            1342516000       20135615.7
14:07:41.950 INFO  ProgressMeter -       chr7:147143992             66.8            1346118000       20139297.1
14:07:51.950 INFO  ProgressMeter -       chr7:150553236             67.0            1349519000       20139960.4
14:08:01.952 INFO  ProgressMeter -       chr7:153711200             67.2            1352674000       20136948.4
14:08:11.954 INFO  ProgressMeter -       chr7:156906131             67.3            1355861000       20134431.4
14:08:21.955 INFO  ProgressMeter -       chr7:159992395             67.5            1358927000       20130134.5
14:08:31.954 INFO  ProgressMeter -         chr8:2621650             67.7            1362051000       20126720.7
14:08:41.956 INFO  ProgressMeter -         chr8:5961602             67.8            1365383000       20126384.8
14:08:51.958 INFO  ProgressMeter -         chr8:9450748             68.0            1368590000       20124207.5
14:09:01.959 INFO  ProgressMeter -        chr8:13716439             68.2            1372126000       20126866.8
14:09:11.960 INFO  ProgressMeter -        chr8:17172199             68.3            1375577000       20128274.3
14:09:21.961 INFO  ProgressMeter -        chr8:20529426             68.5            1378933000       20128288.2
14:09:31.963 INFO  ProgressMeter -        chr8:23655694             68.7            1382054000       20124875.2
14:09:41.963 INFO  ProgressMeter -        chr8:26990419             68.8            1385381000       20124480.8
14:09:51.966 INFO  ProgressMeter -        chr8:30275625             69.0            1388664000       20123441.1
14:10:01.966 INFO  ProgressMeter -        chr8:33703010             69.2            1392087000       20124435.1
14:10:11.967 INFO  ProgressMeter -        chr8:37076320             69.3            1395454000       20124616.7
14:10:21.969 INFO  ProgressMeter -        chr8:40480899             69.5            1398854000       20125267.3
14:10:31.969 INFO  ProgressMeter -        chr8:43822705             69.7            1402194000       20125063.4
14:10:41.972 INFO  ProgressMeter -        chr8:48630770             69.8            1405473000       20123972.5
14:10:51.974 INFO  ProgressMeter -        chr8:51985171             70.0            1408826000       20123948.7
14:11:01.976 INFO  ProgressMeter -        chr8:55336741             70.2            1412176000       20123882.3
14:11:11.978 INFO  ProgressMeter -        chr8:58688966             70.3            1415495000       20123375.5
14:11:21.981 INFO  ProgressMeter -        chr8:62047385             70.5            1418849000       20123362.7
14:11:31.982 INFO  ProgressMeter -        chr8:65408154             70.7            1422205000       20123387.7
14:11:41.982 INFO  ProgressMeter -        chr8:68820683             70.8            1425616000       20124193.8
14:11:51.984 INFO  ProgressMeter -        chr8:72229712             71.0            1429022000       20124916.2
14:12:01.985 INFO  ProgressMeter -        chr8:75587165             71.2            1432378000       20124937.4
14:12:11.985 INFO  ProgressMeter -        chr8:79053996             71.3            1435840000       20126449.1
14:12:21.988 INFO  ProgressMeter -        chr8:82429382             71.5            1439213000       20126699.7
14:12:31.987 INFO  ProgressMeter -        chr8:85894924             71.7            1442673000       20128172.4
14:12:41.988 INFO  ProgressMeter -        chr8:89971785             71.8            1445967000       20127322.8
14:12:51.990 INFO  ProgressMeter -        chr8:93363699             72.0            1449354000       20127764.1
14:13:01.990 INFO  ProgressMeter -        chr8:96732074             72.2            1452721000       20127935.5
14:13:11.992 INFO  ProgressMeter -       chr8:100054167             72.3            1456042000       20127465.7
14:13:21.994 INFO  ProgressMeter -       chr8:103452949             72.5            1459439000       20128041.5
14:13:31.995 INFO  ProgressMeter -       chr8:106856069             72.7            1462839000       20128660.6
14:13:41.994 INFO  ProgressMeter -       chr8:110275200             72.8            1466255000       20129501.1
14:13:51.996 INFO  ProgressMeter -       chr8:113744515             73.0            1469722000       20131031.7
14:14:01.995 INFO  ProgressMeter -       chr8:117234057             73.2            1473210000       20132846.9
14:14:11.997 INFO  ProgressMeter -       chr8:120569963             73.3            1476544000       20132545.0
14:14:21.997 INFO  ProgressMeter -       chr8:123950972             73.5            1479919000       20132811.3
14:14:31.998 INFO  ProgressMeter -       chr8:127251521             73.7            1483217000       20132026.7
14:14:42.000 INFO  ProgressMeter -       chr8:130573017             73.8            1486538000       20131552.6
14:14:52.001 INFO  ProgressMeter -       chr8:133779748             74.0            1489742000       20129508.8
14:15:02.000 INFO  ProgressMeter -       chr8:136929445             74.2            1492890000       20126719.1
14:15:12.003 INFO  ProgressMeter -       chr8:140284137             74.3            1496240000       20126650.2
14:15:22.005 INFO  ProgressMeter -       chr8:143253454             74.5            1499206000       20121427.8
14:15:32.004 INFO  ProgressMeter -       chr8:146128246             74.7            1502068000       20114844.9
14:15:42.005 INFO  ProgressMeter -         chr9:3217173             74.8            1505391000       20114446.6
14:15:52.006 INFO  ProgressMeter -         chr9:6625589             75.0            1508795000       20115130.0
14:16:02.008 INFO  ProgressMeter -        chr9:10030452             75.2            1512189000       20115672.8
14:16:12.009 INFO  ProgressMeter -        chr9:13509391             75.3            1515667000       20117337.1
14:16:22.008 INFO  ProgressMeter -        chr9:16854306             75.5            1519011000       20117219.4
14:16:32.008 INFO  ProgressMeter -        chr9:20201652             75.7            1522354000       20117088.9
14:16:42.009 INFO  ProgressMeter -        chr9:23612481             75.8            1525763000       20117824.9
14:16:52.009 INFO  ProgressMeter -        chr9:27007817             76.0            1529155000       20118338.4
14:17:02.011 INFO  ProgressMeter -        chr9:30401844             76.2            1532543000       20118792.7
14:17:12.011 INFO  ProgressMeter -        chr9:33760463             76.3            1535898000       20118812.8
14:17:22.011 INFO  ProgressMeter -        chr9:37041932             76.5            1539176000       20117830.7
14:17:32.012 INFO  ProgressMeter -        chr9:41201145             76.7            1542914000       20122847.9
14:17:42.012 INFO  ProgressMeter -        chr9:47339557             76.8            1546941000       20131608.7
14:17:52.013 INFO  ProgressMeter -        chr9:60326784             77.0            1551785000       20150936.5
14:18:02.017 INFO  ProgressMeter -        chr9:73900374             77.2            1556891000       20173567.0
14:18:12.018 INFO  ProgressMeter -        chr9:79128949             77.3            1561236000       20186264.8
14:18:22.019 INFO  ProgressMeter -        chr9:83022736             77.5            1564777000       20188539.2
14:18:32.020 INFO  ProgressMeter -        chr9:86497297             77.7            1568249000       20189919.9
14:18:42.020 INFO  ProgressMeter -        chr9:89893219             77.8            1571640000       20190249.8
14:18:52.022 INFO  ProgressMeter -        chr9:93253976             78.0            1574998000       20190150.9
14:19:02.024 INFO  ProgressMeter -        chr9:96659571             78.2            1578383000       20190397.8
14:19:12.026 INFO  ProgressMeter -        chr9:99976922             78.3            1581695000       20189716.1
14:19:22.026 INFO  ProgressMeter -       chr9:103183395             78.5            1584897000       20187636.2
14:19:32.028 INFO  ProgressMeter -       chr9:106375729             78.7            1588086000       20185399.9
14:19:42.027 INFO  ProgressMeter -       chr9:109721207             78.8            1591423000       20185054.5
14:19:52.029 INFO  ProgressMeter -       chr9:112983323             79.0            1594683000       20183727.4
14:20:02.029 INFO  ProgressMeter -       chr9:116394702             79.2            1598087000       20184233.2
14:20:12.030 INFO  ProgressMeter -       chr9:119770881             79.3            1601462000       20184367.1
14:20:22.031 INFO  ProgressMeter -       chr9:123087605             79.5            1604770000       20183662.0
14:20:32.032 INFO  ProgressMeter -       chr9:126463075             79.7            1608086000       20183051.8
14:20:42.033 INFO  ProgressMeter -       chr9:129680977             79.8            1611303000       20181212.7
14:20:52.033 INFO  ProgressMeter -       chr9:132922489             80.0            1614543000       20179664.4
14:21:02.034 INFO  ProgressMeter -       chr9:136138613             80.2            1617758000       20177810.8
14:21:12.036 INFO  ProgressMeter -       chr9:139367078             80.3            1620982000       20176076.9
14:21:22.035 INFO  ProgressMeter -       chr9:142556348             80.5            1624169000       20173894.8
14:21:32.035 INFO  ProgressMeter -       chr9:145659047             80.7            1627270000       20170655.7
14:21:42.038 INFO  ProgressMeter -       chr9:148494598             80.8            1630098000       20164044.6
14:21:52.040 INFO  ProgressMeter -        chr10:1008766             81.0            1633111000       20159740.4
14:22:02.042 INFO  ProgressMeter -        chr10:4231962             81.2            1636331000       20158012.1
14:22:12.041 INFO  ProgressMeter -        chr10:7523159             81.3            1639616000       20157094.1
14:22:22.042 INFO  ProgressMeter -       chr10:10947323             81.5            1643029000       20157746.2
14:22:32.043 INFO  ProgressMeter -       chr10:14268417             81.7            1646343000       20157187.6
14:22:42.043 INFO  ProgressMeter -       chr10:17679463             81.8            1649752000       20157787.9
14:22:52.043 INFO  ProgressMeter -       chr10:21177188             82.0            1653244000       20159402.0
14:23:02.043 INFO  ProgressMeter -       chr10:24637365             82.2            1656701000       20160583.6
14:23:12.044 INFO  ProgressMeter -       chr10:28105580             82.3            1660165000       20161841.4
14:23:22.046 INFO  ProgressMeter -       chr10:31523919             82.5            1663582000       20162520.4
14:23:32.047 INFO  ProgressMeter -       chr10:34939171             82.7            1666994000       20163144.3
14:23:42.046 INFO  ProgressMeter -       chr10:38390250             82.8            1670411000       20163826.0
14:23:52.049 INFO  ProgressMeter -       chr10:43788874             83.0            1674004000       20166613.1
14:24:02.049 INFO  ProgressMeter -       chr10:47015035             83.2            1677221000       20164880.6
14:24:12.050 INFO  ProgressMeter -       chr10:50471874             83.3            1680500000       20163894.9
14:24:22.052 INFO  ProgressMeter -       chr10:53868363             83.5            1683889000       20164226.3
14:24:32.054 INFO  ProgressMeter -       chr10:57380843             83.7            1687399000       20166002.5
14:24:42.056 INFO  ProgressMeter -       chr10:60786707             83.8            1690802000       20166499.5
14:24:52.056 INFO  ProgressMeter -       chr10:64158156             84.0            1694170000       20166577.8
14:25:02.056 INFO  ProgressMeter -       chr10:67610827             84.2            1697619000       20167622.1
14:25:12.056 INFO  ProgressMeter -       chr10:71012076             84.3            1701015000       20168033.8
14:25:22.058 INFO  ProgressMeter -       chr10:74210633             84.5            1704211000       20166073.4
14:25:32.059 INFO  ProgressMeter -       chr10:77566887             84.7            1707565000       20165982.7
14:25:42.059 INFO  ProgressMeter -       chr10:80626631             84.8            1710613000       20162293.5
14:25:52.061 INFO  ProgressMeter -       chr10:83961811             85.0            1713935000       20161834.1
14:26:02.063 INFO  ProgressMeter -       chr10:87211425             85.2            1717175000       20160413.7
14:26:12.065 INFO  ProgressMeter -       chr10:90641691             85.3            1720559000       20160690.2
14:26:22.066 INFO  ProgressMeter -       chr10:94058346             85.5            1723973000       20161312.5
14:26:32.067 INFO  ProgressMeter -       chr10:97380005             85.7            1727294000       20160850.8
14:26:42.068 INFO  ProgressMeter -      chr10:100637788             85.8            1730549000       20159622.1
14:26:52.069 INFO  ProgressMeter -      chr10:103941487             86.0            1733849000       20158921.3
14:27:02.070 INFO  ProgressMeter -      chr10:107167942             86.2            1737069000       20157294.9
14:27:12.070 INFO  ProgressMeter -      chr10:110529590             86.3            1740426000       20157265.4
14:27:22.073 INFO  ProgressMeter -      chr10:113781314             86.5            1743668000       20155895.0
14:27:32.074 INFO  ProgressMeter -      chr10:117096680             86.7            1746978000       20155322.2
14:27:42.076 INFO  ProgressMeter -      chr10:120272147             86.8            1750151000       20153170.1
14:27:52.077 INFO  ProgressMeter -      chr10:123482940             87.0            1753359000       20151432.3
14:28:02.079 INFO  ProgressMeter -      chr10:126567871             87.2            1756439000       20148229.1
14:28:12.081 INFO  ProgressMeter -      chr10:129695140             87.3            1759545000       20145339.7
14:28:22.080 INFO  ProgressMeter -      chr10:132728244             87.5            1762566000       20141493.7
14:28:32.083 INFO  ProgressMeter -        chr11:1135378             87.7            1765507000       20136738.4
14:28:42.083 INFO  ProgressMeter -        chr11:4095444             87.8            1768454000       20132081.0
14:28:52.083 INFO  ProgressMeter -        chr11:7377526             88.0            1771729000       20131168.0
14:29:02.085 INFO  ProgressMeter -       chr11:10702642             88.2            1775050000       20130772.6
14:29:12.088 INFO  ProgressMeter -       chr11:13859194             88.3            1778205000       20128495.9
14:29:22.088 INFO  ProgressMeter -       chr11:17125500             88.5            1781466000       20127436.7
14:29:32.089 INFO  ProgressMeter -       chr11:20349984             88.7            1784644000       20125445.4
14:29:42.089 INFO  ProgressMeter -       chr11:23716261             88.8            1788008000       20125551.5
14:29:52.090 INFO  ProgressMeter -       chr11:27183966             89.0            1791466000       20126713.3
14:30:02.091 INFO  ProgressMeter -       chr11:30522998             89.2            1794804000       20126525.0
14:30:12.091 INFO  ProgressMeter -       chr11:33905066             89.3            1798180000       20126766.5
14:30:22.092 INFO  ProgressMeter -       chr11:37124740             89.5            1801395000       20125204.7
14:30:32.094 INFO  ProgressMeter -       chr11:40609009             89.7            1804875000       20126603.8
14:30:42.096 INFO  ProgressMeter -       chr11:44007737             89.8            1808255000       20126877.2
14:30:52.097 INFO  ProgressMeter -       chr11:47097550             90.0            1811341000       20123890.6
14:31:02.100 INFO  ProgressMeter -       chr11:50542675             90.2            1814734000       20124312.2
14:31:12.101 INFO  ProgressMeter -       chr11:56881015             90.3            1818558000       20129510.3
14:31:22.102 INFO  ProgressMeter -       chr11:60159370             90.5            1821833000       20128623.6
14:31:32.103 INFO  ProgressMeter -       chr11:63368568             90.7            1824974000       20126266.1
14:31:42.103 INFO  ProgressMeter -       chr11:66488269             90.8            1828091000       20123649.3
14:31:52.103 INFO  ProgressMeter -       chr11:69589102             91.0            1831187000       20120815.1
14:32:02.105 INFO  ProgressMeter -       chr11:72627640             91.2            1834223000       20117325.8
14:32:12.106 INFO  ProgressMeter -       chr11:75857467             91.3            1837450000       20115944.0
14:32:22.109 INFO  ProgressMeter -       chr11:79075488             91.5            1840663000       20114406.8
14:32:32.112 INFO  ProgressMeter -       chr11:82382180             91.7            1843967000       20113871.6
14:32:42.113 INFO  ProgressMeter -       chr11:85748051             91.8            1847331000       20113991.5
14:32:52.115 INFO  ProgressMeter -       chr11:89137660             92.0            1850705000       20114219.7
14:33:02.116 INFO  ProgressMeter -       chr11:92701014             92.2            1854115000       20114841.3
14:33:12.118 INFO  ProgressMeter -       chr11:96077662             92.3            1857394000       20114038.4
14:33:22.118 INFO  ProgressMeter -       chr11:99550461             92.5            1860859000       20115256.2
14:33:32.120 INFO  ProgressMeter -      chr11:102955204             92.7            1864261000       20115786.3
14:33:42.120 INFO  ProgressMeter -      chr11:106367083             92.8            1867664000       20116325.2
14:33:52.122 INFO  ProgressMeter -      chr11:109813959             93.0            1871106000       20117277.8
14:34:02.123 INFO  ProgressMeter -      chr11:113119549             93.2            1874411000       20116764.0
14:34:12.123 INFO  ProgressMeter -      chr11:116269497             93.3            1877557000       20114545.0
14:34:22.126 INFO  ProgressMeter -      chr11:119437675             93.5            1880719000       20112501.4
14:34:32.127 INFO  ProgressMeter -      chr11:122553426             93.7            1883831000       20109931.3
14:34:42.127 INFO  ProgressMeter -      chr11:125849299             93.8            1887125000       20109317.0
14:34:52.128 INFO  ProgressMeter -      chr11:129013618             94.0            1890284000       20107265.2
14:35:02.131 INFO  ProgressMeter -      chr11:132202581             94.2            1893471000       20105510.9
14:35:12.134 INFO  ProgressMeter -         chr12:164800             94.3            1896551000       20102632.1
14:35:22.133 INFO  ProgressMeter -        chr12:3358775             94.5            1899739000       20100913.4
14:35:32.133 INFO  ProgressMeter -        chr12:6502001             94.7            1902878000       20098683.2
14:35:42.133 INFO  ProgressMeter -        chr12:9832247             94.8            1906200000       20098390.2
14:35:52.133 INFO  ProgressMeter -       chr12:13153993             95.0            1909521000       20098087.8
14:36:02.133 INFO  ProgressMeter -       chr12:16510624             95.2            1912875000       20098133.2
14:36:12.135 INFO  ProgressMeter -       chr12:19971225             95.3            1916333000       20099262.2
14:36:22.138 INFO  ProgressMeter -       chr12:23408251             95.5            1919767000       20100132.4
14:36:32.140 INFO  ProgressMeter -       chr12:26807318             95.7            1923162000       20100595.5
14:36:42.142 INFO  ProgressMeter -       chr12:30163947             95.8            1926515000       20100618.8
14:36:52.142 INFO  ProgressMeter -       chr12:33595912             96.0            1929934000       20101336.4
14:37:02.144 INFO  ProgressMeter -       chr12:39056769             96.2            1933414000       20102678.8
14:37:12.145 INFO  ProgressMeter -       chr12:42500737             96.3            1936854000       20103604.9
14:37:22.147 INFO  ProgressMeter -       chr12:45913299             96.5            1940256000       20104130.5
14:37:32.149 INFO  ProgressMeter -       chr12:49192736             96.7            1943533000       20103364.8
14:37:42.148 INFO  ProgressMeter -       chr12:52493904             96.8            1946832000       20102832.4
14:37:52.150 INFO  ProgressMeter -       chr12:55726962             97.0            1950064000       20101604.3
14:38:02.150 INFO  ProgressMeter -       chr12:58995799             97.2            1953331000       20100747.4
14:38:12.151 INFO  ProgressMeter -       chr12:62444234             97.3            1956777000       20101728.9
14:38:22.151 INFO  ProgressMeter -       chr12:65872707             97.5            1960203000       20102505.3
14:38:32.153 INFO  ProgressMeter -       chr12:69229209             97.7            1963557000       20102535.1
14:38:42.154 INFO  ProgressMeter -       chr12:72639781             97.8            1966964000       20103110.0
14:38:52.156 INFO  ProgressMeter -       chr12:76149710             98.0            1970466000       20104648.7
14:39:02.156 INFO  ProgressMeter -       chr12:79575545             98.2            1973888000       20105374.2
14:39:12.158 INFO  ProgressMeter -       chr12:83049538             98.3            1977357000       20106571.7
14:39:22.158 INFO  ProgressMeter -       chr12:86560240             98.5            1980862000       20108130.6
14:39:32.159 INFO  ProgressMeter -       chr12:89983098             98.7            1984280000       20108802.6
14:39:42.160 INFO  ProgressMeter -       chr12:93414384             98.8            1987707000       20109566.8
14:39:52.161 INFO  ProgressMeter -       chr12:96858879             99.0            1991148000       20110463.0
14:40:02.162 INFO  ProgressMeter -      chr12:100212601             99.2            1994498000       20110442.0
14:40:12.163 INFO  ProgressMeter -      chr12:103583029             99.3            1997867000       20110612.4
14:40:22.165 INFO  ProgressMeter -      chr12:106868708             99.5            2001150000       20109914.6
14:40:32.168 INFO  ProgressMeter -      chr12:110063981             99.7            2004343000       20108316.2
14:40:42.168 INFO  ProgressMeter -      chr12:113414682             99.8            2007690000       20108268.9
14:40:52.170 INFO  ProgressMeter -      chr12:116639525            100.0            2010910000       20106948.6
14:41:02.172 INFO  ProgressMeter -      chr12:119896315            100.2            2014161000       20105942.1
14:41:12.174 INFO  ProgressMeter -      chr12:123322127            100.3            2017578000       20106593.2
14:41:22.175 INFO  ProgressMeter -      chr12:126474499            100.5            2020720000       20104512.8
14:41:32.174 INFO  ProgressMeter -      chr12:129745235            100.7            2023981000       20103621.4
14:41:42.176 INFO  ProgressMeter -      chr12:132748567            100.8            2026950000       20099830.6
14:41:52.176 INFO  ProgressMeter -       chr13:12499939            101.0            2030950000       20106265.9
14:42:02.176 INFO  ProgressMeter -       chr13:19896250            101.2            2034447000       20107708.4
14:42:12.179 INFO  ProgressMeter -       chr13:23261351            101.3            2037797000       20107689.1
14:42:22.178 INFO  ProgressMeter -       chr13:26547353            101.5            2041075000       20106967.2
14:42:32.178 INFO  ProgressMeter -       chr13:29869977            101.7            2044388000       20106591.9
14:42:42.178 INFO  ProgressMeter -       chr13:33187911            101.8            2047703000       20106237.5
14:42:52.179 INFO  ProgressMeter -       chr13:36555062            102.0            2051067000       20106364.5
14:43:02.178 INFO  ProgressMeter -       chr13:39927795            102.2            2054434000       20106520.5
14:43:12.178 INFO  ProgressMeter -       chr13:43307074            102.3            2057810000       20106763.9
14:43:22.178 INFO  ProgressMeter -       chr13:46640161            102.5            2061138000       20106538.3
14:43:32.181 INFO  ProgressMeter -       chr13:50048160            102.7            2064541000       20107037.4
14:43:42.182 INFO  ProgressMeter -       chr13:53346910            102.8            2067837000       20106494.4
14:43:52.182 INFO  ProgressMeter -       chr13:56885587            103.0            2071344000       20108008.0
14:44:02.182 INFO  ProgressMeter -       chr13:60340254            103.2            2074792000       20108944.9
14:44:12.183 INFO  ProgressMeter -       chr13:63848684            103.3            2078285000       20110310.9
14:44:22.185 INFO  ProgressMeter -       chr13:67370919            103.5            2081803000       20111910.9
14:44:32.185 INFO  ProgressMeter -       chr13:70891638            103.7            2085322000       20113521.8
14:44:42.187 INFO  ProgressMeter -       chr13:74344269            103.8            2088766000       20114398.8
14:44:52.188 INFO  ProgressMeter -       chr13:77752653            104.0            2092171000       20114901.3
14:45:02.190 INFO  ProgressMeter -       chr13:81220514            104.2            2095633000       20115946.1
14:45:12.192 INFO  ProgressMeter -       chr13:84754151            104.3            2099161000       20117623.3
14:45:22.191 INFO  ProgressMeter -       chr13:88325365            104.5            2102717000       20119566.3
14:45:32.192 INFO  ProgressMeter -       chr13:91785408            104.7            2106175000       20120563.7
14:45:42.192 INFO  ProgressMeter -       chr13:95217863            104.8            2109606000       20121303.6
14:45:52.194 INFO  ProgressMeter -       chr13:98535175            105.0            2112919000       20120911.0
14:46:02.194 INFO  ProgressMeter -      chr13:101887651            105.2            2116268000       20120868.4
14:46:12.196 INFO  ProgressMeter -      chr13:105323119            105.3            2119701000       20121616.9
14:46:22.197 INFO  ProgressMeter -      chr13:108670531            105.5            2123042000       20121497.4
14:46:32.196 INFO  ProgressMeter -      chr13:111762690            105.7            2126118000       20118870.8
14:46:42.197 INFO  ProgressMeter -        chr14:3351926            105.8            2129315000       20117392.4
14:46:52.199 INFO  ProgressMeter -        chr14:5641786            106.0            2131405000       20105473.1
14:47:02.200 INFO  ProgressMeter -       chr14:13278445            106.2            2136125000       20118364.3
14:47:12.202 INFO  ProgressMeter -       chr14:16657150            106.3            2139394000       20117567.5
14:47:22.204 INFO  ProgressMeter -       chr14:19843755            106.5            2142577000       20115965.8
14:47:32.206 INFO  ProgressMeter -       chr14:23269631            106.7            2146000000       20116618.9
14:47:42.209 INFO  ProgressMeter -       chr14:26722328            106.8            2149451000       20117528.9
14:47:52.209 INFO  ProgressMeter -       chr14:30157970            107.0            2152871000       20118155.7
14:48:02.211 INFO  ProgressMeter -       chr14:33522592            107.2            2156234000       20118242.5
14:48:12.211 INFO  ProgressMeter -       chr14:37020017            107.3            2159728000       20119555.6
14:48:22.211 INFO  ProgressMeter -       chr14:40496659            107.5            2163203000       20120688.0
14:48:32.213 INFO  ProgressMeter -       chr14:43929397            107.7            2166633000       20121395.8
14:48:42.215 INFO  ProgressMeter -       chr14:47358283            107.8            2170059000       20122061.2
14:48:52.216 INFO  ProgressMeter -       chr14:50676665            108.0            2173375000       20121706.2
14:49:02.218 INFO  ProgressMeter -       chr14:54031343            108.2            2176726000       20121678.9
14:49:12.217 INFO  ProgressMeter -       chr14:57412725            108.3            2180102000       20121885.5
14:49:22.220 INFO  ProgressMeter -       chr14:60796708            108.5            2183485000       20122146.8
14:49:32.223 INFO  ProgressMeter -       chr14:64108555            108.7            2186792000       20121711.0
14:49:42.225 INFO  ProgressMeter -       chr14:67392602            108.8            2190074000       20121043.7
14:49:52.226 INFO  ProgressMeter -       chr14:70722692            109.0            2193377000       20120580.4
14:50:02.225 INFO  ProgressMeter -       chr14:73959582            109.2            2196612000       20119495.7
14:50:12.225 INFO  ProgressMeter -       chr14:77303333            109.3            2199953000       20119383.7
14:50:22.227 INFO  ProgressMeter -       chr14:80795307            109.5            2203431000       20120516.9
14:50:32.227 INFO  ProgressMeter -       chr14:84107674            109.7            2206741000       20120121.0
14:50:42.228 INFO  ProgressMeter -       chr14:87339845            109.8            2209969000       20118976.7
14:50:52.231 INFO  ProgressMeter -       chr14:90450569            110.0            2213078000       20116751.2
14:51:02.230 INFO  ProgressMeter -       chr14:93619973            110.2            2216245000       20115064.9
14:51:12.232 INFO  ProgressMeter -       chr14:96711177            110.3            2219332000       20112652.7
14:51:22.234 INFO  ProgressMeter -       chr14:99738536            110.5            2222340000       20109532.8
14:51:32.235 INFO  ProgressMeter -        chr15:5477428            110.7            2225299000       20105982.7
14:51:42.295 INFO  ProgressMeter -       chr15:16803131            110.8            2229115000       20109999.4
14:51:52.296 INFO  ProgressMeter -       chr15:21504726            111.0            2232480000       20110113.4
14:52:02.296 INFO  ProgressMeter -       chr15:24810770            111.2            2235782000       20109666.5
14:52:12.296 INFO  ProgressMeter -       chr15:28462719            111.3            2239136000       20109688.0
14:52:22.296 INFO  ProgressMeter -       chr15:31907070            111.5            2242454000       20109386.5
14:52:32.297 INFO  ProgressMeter -       chr15:35321808            111.7            2245842000       20109712.8
14:52:42.298 INFO  ProgressMeter -       chr15:38587253            111.8            2249106000       20108923.4
14:52:52.299 INFO  ProgressMeter -       chr15:42026634            112.0            2252488000       20109195.8
14:53:02.301 INFO  ProgressMeter -       chr15:45397650            112.2            2255856000       20109336.6
14:53:12.301 INFO  ProgressMeter -       chr15:48790436            112.3            2259246000       20109678.8
14:53:22.301 INFO  ProgressMeter -       chr15:52115304            112.5            2262564000       20109377.1
14:53:32.301 INFO  ProgressMeter -       chr15:55564435            112.7            2266010000       20110215.2
14:53:42.303 INFO  ProgressMeter -       chr15:58922960            112.8            2269366000       20110250.3
14:53:52.302 INFO  ProgressMeter -       chr15:62213572            113.0            2272651000       20109660.0
14:54:02.302 INFO  ProgressMeter -       chr15:65519819            113.2            2275955000       20109239.4
14:54:12.303 INFO  ProgressMeter -       chr15:68680566            113.3            2279111000       20107514.2
14:54:22.303 INFO  ProgressMeter -       chr15:72041797            113.5            2282406000       20107018.7
14:54:32.302 INFO  ProgressMeter -       chr15:75332252            113.7            2285670000       20106251.9
14:54:42.304 INFO  ProgressMeter -       chr15:78454312            113.8            2288789000       20104210.7
14:54:52.304 INFO  ProgressMeter -       chr15:81771472            114.0            2292077000       20103657.8
14:55:02.305 INFO  ProgressMeter -       chr15:85227613            114.2            2295398000       20103398.5
14:55:12.305 INFO  ProgressMeter -       chr15:88439094            114.3            2298607000       20102157.5
14:55:22.308 INFO  ProgressMeter -       chr15:91664148            114.5            2301826000       20101004.6
14:55:32.310 INFO  ProgressMeter -       chr15:94990758            114.7            2305150000       20100767.6
14:55:42.312 INFO  ProgressMeter -       chr15:98275627            114.8            2308431000       20100159.9
14:55:52.312 INFO  ProgressMeter -        chr16:1565699            115.0            2311422000       20097038.2
14:56:02.312 INFO  ProgressMeter -        chr16:4671240            115.2            2314473000       20094446.6
14:56:12.313 INFO  ProgressMeter -        chr16:7900621            115.3            2317699000       20093379.6
14:56:22.313 INFO  ProgressMeter -       chr16:11156223            115.5            2320947000       20092503.2
14:56:32.315 INFO  ProgressMeter -       chr16:14441143            115.7            2324228000       20091914.7
14:56:42.317 INFO  ProgressMeter -       chr16:17992238            115.8            2327598000       20092090.3
14:56:52.317 INFO  ProgressMeter -       chr16:21879845            116.0            2331072000       20093170.5
14:57:02.317 INFO  ProgressMeter -       chr16:25605067            116.2            2334530000       20094109.9
14:57:12.318 INFO  ProgressMeter -       chr16:28906099            116.3            2337765000       20093127.0
14:57:22.319 INFO  ProgressMeter -       chr16:32673717            116.5            2341111000       20093099.6
14:57:32.319 INFO  ProgressMeter -       chr16:38500481            116.7            2344530000       20093700.8
14:57:42.319 INFO  ProgressMeter -       chr16:51067112            116.8            2347593000       20091253.6
14:57:52.320 INFO  ProgressMeter -       chr16:55092186            117.0            2351008000       20091821.6
14:58:02.322 INFO  ProgressMeter -       chr16:58261678            117.2            2354176000       20090274.3
14:58:12.323 INFO  ProgressMeter -       chr16:61543382            117.3            2357454000       20089668.9
14:58:22.324 INFO  ProgressMeter -       chr16:64780151            117.5            2360635000       20088245.4
14:58:32.323 INFO  ProgressMeter -       chr16:68208748            117.7            2364062000       20088916.3
14:58:42.324 INFO  ProgressMeter -       chr16:71573735            117.8            2367419000       20088988.6
14:58:52.326 INFO  ProgressMeter -       chr16:74784740            118.0            2370628000       20087803.7
14:59:02.328 INFO  ProgressMeter -       chr16:78215411            118.2            2374017000       20088145.2
14:59:12.328 INFO  ProgressMeter -       chr16:81780771            118.3            2377419000       20088601.3
14:59:22.330 INFO  ProgressMeter -       chr16:85143183            118.5            2380779000       20088696.0
14:59:32.330 INFO  ProgressMeter -       chr16:88340921            118.7            2383972000       20087389.0
14:59:42.332 INFO  ProgressMeter -       chr16:91434544            118.8            2387062000       20085216.2
14:59:52.333 INFO  ProgressMeter -       chr16:94370904            119.0            2389993000       20081710.7
15:00:02.334 INFO  ProgressMeter -        chr17:1228351            119.2            2393086000       20079577.0
15:00:12.334 INFO  ProgressMeter -        chr17:4511520            119.3            2396364000       20079002.3
15:00:22.336 INFO  ProgressMeter -        chr17:7722232            119.5            2399568000       20077804.3
15:00:32.336 INFO  ProgressMeter -       chr17:10964831            119.7            2402808000       20076916.1
15:00:42.338 INFO  ProgressMeter -       chr17:14305455            119.8            2406143000       20076817.5
15:00:52.338 INFO  ProgressMeter -       chr17:17603476            120.0            2409397000       20076049.8
15:01:02.338 INFO  ProgressMeter -       chr17:21064101            120.2            2412694000       20075642.0
15:01:12.340 INFO  ProgressMeter -       chr17:27784826            120.3            2416055000       20075761.6
15:01:22.341 INFO  ProgressMeter -       chr17:31073923            120.5            2419339000       20075244.7
15:01:32.341 INFO  ProgressMeter -       chr17:34431059            120.7            2422684000       20075237.4
15:01:42.342 INFO  ProgressMeter -       chr17:37805225            120.8            2425906000       20074209.6
15:01:52.344 INFO  ProgressMeter -       chr17:41171700            121.0            2429182000       20073630.9
15:02:02.345 INFO  ProgressMeter -       chr17:44410330            121.2            2432365000       20072286.2
15:02:12.346 INFO  ProgressMeter -       chr17:47888568            121.3            2435644000       20071733.7
15:02:22.347 INFO  ProgressMeter -       chr17:51176586            121.5            2438928000       20071226.6
15:02:32.349 INFO  ProgressMeter -       chr17:54469707            121.7            2442219000       20070775.6
15:02:42.349 INFO  ProgressMeter -       chr17:57788757            121.8            2445535000       20070536.5
15:02:52.351 INFO  ProgressMeter -       chr17:61206728            122.0            2448926000       20070907.3
15:03:02.352 INFO  ProgressMeter -       chr17:64686555            122.2            2452403000       20071983.7
15:03:12.353 INFO  ProgressMeter -       chr17:68021377            122.3            2455727000       20071809.4
15:03:22.353 INFO  ProgressMeter -       chr17:71486293            122.5            2459185000       20072726.5
15:03:32.354 INFO  ProgressMeter -       chr17:74743628            122.7            2462437000       20071964.8
15:03:42.355 INFO  ProgressMeter -       chr17:77871033            122.8            2465563000       20070173.9
15:03:52.355 INFO  ProgressMeter -       chr17:80892849            123.0            2468581000       20067515.5
15:04:02.357 INFO  ProgressMeter -       chr17:84051605            123.2            2471566000       20064593.6
15:04:12.356 INFO  ProgressMeter -        chr18:3429485            123.3            2474983000       20065184.6
15:04:22.356 INFO  ProgressMeter -        chr18:6771022            123.5            2478323000       20065150.6
15:04:32.356 INFO  ProgressMeter -       chr18:10104923            123.7            2481655000       20065052.0
15:04:42.358 INFO  ProgressMeter -       chr18:13390993            123.8            2484938000       20064552.7
15:04:52.359 INFO  ProgressMeter -       chr18:20216209            124.0            2488384000       20065371.7
15:05:02.360 INFO  ProgressMeter -       chr18:24163746            124.2            2491906000       20066800.6
15:05:12.360 INFO  ProgressMeter -       chr18:27521380            124.3            2495261000       20066885.3
15:05:22.361 INFO  ProgressMeter -       chr18:30938828            124.5            2498671000       20067408.8
15:05:32.363 INFO  ProgressMeter -       chr18:34341836            124.7            2502073000       20067864.1
15:05:42.366 INFO  ProgressMeter -       chr18:37636082            124.8            2505364000       20067426.4
15:05:52.368 INFO  ProgressMeter -       chr18:40976292            125.0            2508701000       20067360.5
15:06:02.368 INFO  ProgressMeter -       chr18:44373851            125.2            2512095000       20067755.4
15:06:12.371 INFO  ProgressMeter -       chr18:47646547            125.3            2515300000       20066636.2
15:06:22.370 INFO  ProgressMeter -       chr18:50813112            125.5            2518461000       20065174.7
15:06:32.372 INFO  ProgressMeter -       chr18:54166847            125.7            2521810000       20065207.6
15:06:42.375 INFO  ProgressMeter -       chr18:57507953            125.8            2525147000       20065145.0
15:06:52.375 INFO  ProgressMeter -       chr18:60864582            126.0            2528499000       20065204.3
15:07:02.376 INFO  ProgressMeter -       chr18:64212621            126.2            2531842000       20065192.2
15:07:12.377 INFO  ProgressMeter -       chr18:67677536            126.3            2535302000       20066106.1
15:07:22.379 INFO  ProgressMeter -       chr18:71145925            126.5            2538766000       20067049.1
15:07:32.378 INFO  ProgressMeter -       chr18:74559878            126.7            2542171000       20067526.7
15:07:42.379 INFO  ProgressMeter -       chr18:77762080            126.8            2545369000       20066368.4
15:07:52.382 INFO  ProgressMeter -         chr19:456048            127.0            2548478000       20064507.2
15:08:02.384 INFO  ProgressMeter -        chr19:3530100            127.2            2551535000       20062247.3
15:08:12.384 INFO  ProgressMeter -        chr19:6708257            127.3            2554709000       20060912.0
15:08:22.385 INFO  ProgressMeter -       chr19:10231167            127.5            2558072000       20061062.4
15:08:32.387 INFO  ProgressMeter -       chr19:13578588            127.7            2561417000       20061068.9
15:08:42.389 INFO  ProgressMeter -       chr19:16932226            127.8            2564757000       20061038.8
15:08:52.390 INFO  ProgressMeter -       chr19:20128123            128.0            2567950000       20059857.9
15:09:02.390 INFO  ProgressMeter -       chr19:23625181            128.2            2571444000       20061033.5
15:09:12.392 INFO  ProgressMeter -       chr19:30376028            128.3            2575658000       20067813.2
15:09:22.393 INFO  ProgressMeter -       chr19:33519538            128.5            2578798000       20066218.3
15:09:32.394 INFO  ProgressMeter -       chr19:36771052            128.7            2582046000       20065464.2
15:09:42.396 INFO  ProgressMeter -       chr19:40365008            128.8            2585346000       20065118.2
15:09:52.397 INFO  ProgressMeter -       chr19:43673591            129.0            2588639000       20064718.8
15:10:02.398 INFO  ProgressMeter -       chr19:46842167            129.2            2591805000       20063334.8
15:10:12.399 INFO  ProgressMeter -       chr19:50106503            129.3            2595065000       20062683.7
15:10:22.401 INFO  ProgressMeter -       chr19:53663466            129.5            2598346000       20062193.8
15:10:32.403 INFO  ProgressMeter -       chr19:57012742            129.7            2601691000       20062198.7
15:10:42.403 INFO  ProgressMeter -       chr19:60236596            129.8            2604896000       20061130.5
15:10:52.403 INFO  ProgressMeter -        chr20:1810019            130.0            2608152000       20060457.3
15:11:02.404 INFO  ProgressMeter -        chr20:5059267            130.2            2611386000       20059614.3
15:11:12.405 INFO  ProgressMeter -        chr20:8404554            130.3            2614728000       20059602.0
15:11:22.407 INFO  ProgressMeter -       chr20:11711237            130.5            2618030000       20059283.3
15:11:32.408 INFO  ProgressMeter -       chr20:15101580            130.7            2621417000       20059615.8
15:11:42.410 INFO  ProgressMeter -       chr20:18370833            130.8            2624685000       20059035.4
15:11:52.409 INFO  ProgressMeter -       chr20:21606492            131.0            2627915000       20058171.6
15:12:02.410 INFO  ProgressMeter -       chr20:24747365            131.2            2631053000       20056606.1
15:12:12.411 INFO  ProgressMeter -       chr20:30264023            131.3            2634488000       20057305.8
15:12:22.412 INFO  ProgressMeter -       chr20:34029644            131.5            2637601000       20055557.8
15:12:32.414 INFO  ProgressMeter -       chr20:37334146            131.7            2640899000       20055211.5
15:12:42.415 INFO  ProgressMeter -       chr20:40580443            131.8            2644141000       20054446.5
15:12:52.415 INFO  ProgressMeter -       chr20:43747739            132.0            2647305000       20053095.1
15:13:02.415 INFO  ProgressMeter -       chr20:46933737            132.2            2650485000       20051868.1
15:13:12.417 INFO  ProgressMeter -       chr20:50128124            132.3            2653654000       20050556.1
15:13:22.420 INFO  ProgressMeter -       chr20:53307520            132.5            2656831000       20049305.2
15:13:32.421 INFO  ProgressMeter -       chr20:56668237            132.7            2660188000       20049421.6
15:13:42.420 INFO  ProgressMeter -       chr20:59818173            132.8            2663331000       20047926.9
15:13:52.421 INFO  ProgressMeter -       chr20:62813448            133.0            2666325000       20045313.2
15:14:02.422 INFO  ProgressMeter -       chr20:65651522            133.2            2669142000       20041377.1
15:14:12.424 INFO  ProgressMeter -        chr21:6207862            133.3            2671920000       20037158.3
15:14:22.424 INFO  ProgressMeter -       chr21:11459784            133.5            2675035000       20035476.7
15:14:32.424 INFO  ProgressMeter -       chr21:14763606            133.7            2678336000       20035190.6
15:14:42.425 INFO  ProgressMeter -       chr21:18240289            133.8            2681809000       20036187.7
15:14:52.424 INFO  ProgressMeter -       chr21:21783149            134.0            2685346000       20037662.5
15:15:02.424 INFO  ProgressMeter -       chr21:25261210            134.2            2688822000       20038678.9
15:15:12.425 INFO  ProgressMeter -       chr21:28652122            134.3            2692212000       20039050.2
15:15:22.425 INFO  ProgressMeter -       chr21:31995662            134.5            2695549000       20039029.1
15:15:32.425 INFO  ProgressMeter -       chr21:35251335            134.7            2698802000       20038384.4
15:15:42.425 INFO  ProgressMeter -       chr21:38468763            134.8            2702016000       20037452.0
15:15:52.428 INFO  ProgressMeter -       chr21:41557245            135.0            2705100000       20035551.6
15:16:02.430 INFO  ProgressMeter -       chr21:44494261            135.2            2708023000       20032467.4
15:16:12.432 INFO  ProgressMeter -        chr22:5758234            135.3            2711296000       20031976.7
15:16:22.432 INFO  ProgressMeter -       chr22:10569717            135.5            2713898000       20026540.7
15:16:32.435 INFO  ProgressMeter -       chr22:16321642            135.7            2717505000       20028517.7
15:16:42.435 INFO  ProgressMeter -       chr22:19692402            135.8            2720733000       20027707.3
15:16:52.435 INFO  ProgressMeter -       chr22:22866098            136.0            2723776000       20025538.8
15:17:02.437 INFO  ProgressMeter -       chr22:25963561            136.2            2726870000       20023745.2
15:17:12.437 INFO  ProgressMeter -       chr22:29112559            136.3            2730017000       20022349.6
15:17:22.439 INFO  ProgressMeter -       chr22:32398239            136.5            2733296000       20021921.9
15:17:32.439 INFO  ProgressMeter -       chr22:35629021            136.7            2736523000       20021114.7
15:17:42.440 INFO  ProgressMeter -       chr22:38712922            136.8            2739606000       20019257.3
15:17:52.441 INFO  ProgressMeter -       chr22:42030303            137.0            2742915000       20019056.3
15:18:02.441 INFO  ProgressMeter -       chr22:45139422            137.2            2746014000       20017322.5
15:18:12.444 INFO  ProgressMeter -       chr22:48152301            137.3            2749021000       20014920.7
15:18:22.443 INFO  ProgressMeter -       chr22:51113411            137.5            2751977000       20012158.7
15:18:32.443 INFO  ProgressMeter -         chrX:4074995            137.7            2756189000       20018525.8
15:18:42.444 INFO  ProgressMeter -        chrX:10185616            137.8            2762269000       20038426.2
15:18:52.444 INFO  ProgressMeter -        chrX:16185891            138.0            2768255000       20057599.9
15:19:02.445 INFO  ProgressMeter -        chrX:22268223            138.2            2774332000       20077383.5
15:19:12.446 INFO  ProgressMeter -        chrX:28475509            138.3            2780522000       20097936.2
15:19:22.446 INFO  ProgressMeter -        chrX:34662771            138.5            2786703000       20118376.8
15:19:32.447 INFO  ProgressMeter -        chrX:40717592            138.7            2792744000       20137756.4
15:19:42.447 INFO  ProgressMeter -        chrX:46978099            138.8            2798989000       20158561.1
15:19:52.447 INFO  ProgressMeter -        chrX:53517807            139.0            2804980000       20177488.8
15:20:02.447 INFO  ProgressMeter -        chrX:62170695            139.2            2811103000       20197319.6
15:20:12.448 INFO  ProgressMeter -        chrX:68243906            139.3            2817161000       20216634.1
15:20:22.448 INFO  ProgressMeter -        chrX:74674968            139.5            2823303000       20236506.9
15:20:32.449 INFO  ProgressMeter -        chrX:80971162            139.7            2829586000       20257339.3
15:20:42.450 INFO  ProgressMeter -        chrX:87275725            139.8            2835873000       20278153.0
15:20:52.450 INFO  ProgressMeter -        chrX:93653207            140.0            2842220000       20299345.8
15:21:02.449 INFO  ProgressMeter -        chrX:99890071            140.2            2848446000       20319624.9
15:21:12.449 INFO  ProgressMeter -       chrX:106222838            140.3            2854460000       20338345.4
15:21:22.449 INFO  ProgressMeter -       chrX:112286426            140.5            2860503000       20357227.9
15:21:32.450 INFO  ProgressMeter -       chrX:118663154            140.7            2866665000       20376911.5
15:21:42.450 INFO  ProgressMeter -       chrX:124881780            140.8            2872826000       20396539.0
15:21:52.451 INFO  ProgressMeter -       chrX:130961769            141.0            2878891000       20415439.3
15:22:02.451 INFO  ProgressMeter -       chrX:137181693            141.2            2884924000       20434070.8
15:22:12.453 INFO  ProgressMeter -       chrX:143510329            141.3            2891063000       20453405.8
15:22:22.452 INFO  ProgressMeter -       chrX:149583866            141.5            2897021000       20471418.7
15:22:32.453 INFO  ProgressMeter -         chrY:3782150            141.7            2902625000       20486888.2
15:22:42.453 INFO  ProgressMeter -        chrY:11218913            141.8            2908611000       20505016.8
15:22:52.453 INFO  ProgressMeter -        chrY:17908769            142.0            2914746000       20524152.0
15:23:02.454 INFO  ProgressMeter -        chrY:29652646            142.2            2920491000       20540497.0
15:23:12.831 INFO  ProgressMeter -            chrM:4988            142.4            2925018000       20547342.7
15:23:21.958 INFO  GetPileupSummaries - 0 read(s) filtered by: MappingQualityAvailableReadFilter 
59409658 read(s) filtered by: MappingQualityNotZeroReadFilter 
0 read(s) filtered by: MappedReadFilter 
373002 read(s) filtered by: PrimaryLineReadFilter 
127421766 read(s) filtered by: NotDuplicateReadFilter 
0 read(s) filtered by: PassesVendorQualityCheckReadFilter 
0 read(s) filtered by: NonZeroReferenceLengthAlignmentReadFilter 
1545939 read(s) filtered by: MateOnSameContigOrNoMappedMateReadFilter 
0 read(s) filtered by: GoodCigarReadFilter 
0 read(s) filtered by: WellformedReadFilter 
188750365 total reads filtered out of 1027515582 reads processed
15:23:21.958 INFO  ProgressMeter -           chrM:15988            142.5            2925029581       20525491.1
15:23:21.958 INFO  ProgressMeter - Traversal complete. Processed 2925029581 total loci in 142.5 minutes.
15:23:21.960 INFO  GetPileupSummaries - Shutting down engine
[April 27, 2024 at 3:23:21 PM CEST] org.broadinstitute.hellbender.tools.walkers.contamination.GetPileupSummaries done. Elapsed time: 142.52 minutes.
Runtime.totalMemory()=1224736768
Tool returned:
SUCCESS
