Using GATK jar /lustre1/project/stg_00096/home/rdewin/system/miniconda/envs/WGS/share/gatk4-4.5.0.0-0/gatk-package-4.5.0.0-local.jar
Running:
    java -Dsamjdk.use_async_io_read_samtools=false -Dsamjdk.use_async_io_write_samtools=true -Dsamjdk.use_async_io_write_tribble=false -Dsamjdk.compression_level=2 -jar /lustre1/project/stg_00096/home/rdewin/system/miniconda/envs/WGS/share/gatk4-4.5.0.0-0/gatk-package-4.5.0.0-local.jar CalculateContamination -I results/mutect2/P020/P020_tumor_pileup_summaries.table -matched results/mutect2/P020/P020_normal_pileup_summaries.table -O results/mutect2/P020/P020_contamination.table
15:10:20.125 INFO  NativeLibraryLoader - Loading libgkl_compression.so from jar:file:/lustre1/project/stg_00096/home/rdewin/system/miniconda/envs/WGS/share/gatk4-4.5.0.0-0/gatk-package-4.5.0.0-local.jar!/com/intel/gkl/native/libgkl_compression.so
15:10:20.254 INFO  CalculateContamination - ------------------------------------------------------------
15:10:20.256 INFO  CalculateContamination - The Genome Analysis Toolkit (GATK) v4.5.0.0
15:10:20.256 INFO  CalculateContamination - For support and documentation go to https://software.broadinstitute.org/gatk/
15:10:20.256 INFO  CalculateContamination - Executing as vsc35407@g28l05 on Linux v4.18.0-513.24.1.el8_9.x86_64 amd64
15:10:20.257 INFO  CalculateContamination - Java runtime: OpenJDK 64-Bit Server VM v17.0.10-internal+0-adhoc..src
15:10:20.257 INFO  CalculateContamination - Start Date/Time: July 14, 2024 at 3:10:20 PM CEST
15:10:20.257 INFO  CalculateContamination - ------------------------------------------------------------
15:10:20.257 INFO  CalculateContamination - ------------------------------------------------------------
15:10:20.257 INFO  CalculateContamination - HTSJDK Version: 4.1.0
15:10:20.258 INFO  CalculateContamination - Picard Version: 3.1.1
15:10:20.258 INFO  CalculateContamination - Built for Spark Version: 3.5.0
15:10:20.258 INFO  CalculateContamination - HTSJDK Defaults.COMPRESSION_LEVEL : 2
15:10:20.258 INFO  CalculateContamination - HTSJDK Defaults.USE_ASYNC_IO_READ_FOR_SAMTOOLS : false
15:10:20.258 INFO  CalculateContamination - HTSJDK Defaults.USE_ASYNC_IO_WRITE_FOR_SAMTOOLS : true
15:10:20.258 INFO  CalculateContamination - HTSJDK Defaults.USE_ASYNC_IO_WRITE_FOR_TRIBBLE : false
15:10:20.258 INFO  CalculateContamination - Deflater: IntelDeflater
15:10:20.259 INFO  CalculateContamination - Inflater: IntelInflater
15:10:20.259 INFO  CalculateContamination - GCS max retries/reopens: 20
15:10:20.259 INFO  CalculateContamination - Requester pays: disabled
15:10:20.259 INFO  CalculateContamination - Initializing engine
15:10:20.259 INFO  CalculateContamination - Done initializing engine
15:10:42.285 WARN  KernelSegmenter - Specified dimension of the kernel approximation (100) exceeds the number of data points (6) to segment; using all data points to calculate kernel matrix.
15:10:42.324 WARN  KernelSegmenter - Number of points needed to calculate local changepoint costs (2 * window size = 100) exceeds number of data points (6).  Local changepoint costs will not be calculated for this window size.
15:10:42.324 WARN  KernelSegmenter - No changepoint candidates were found.  The specified window sizes may be inappropriate, or there may be insufficient data points.
15:10:42.329 INFO  KernelSegmenter - Found 0 changepoints after applying the changepoint penalty.
15:10:43.160 INFO  KernelSegmenter - Found 7 changepoints after applying the changepoint penalty.
15:10:44.350 INFO  KernelSegmenter - Found 2 changepoints after applying the changepoint penalty.
15:10:44.787 INFO  KernelSegmenter - Found 2 changepoints after applying the changepoint penalty.
15:10:45.771 INFO  KernelSegmenter - Found 6 changepoints after applying the changepoint penalty.
15:10:47.034 INFO  KernelSegmenter - Found 3 changepoints after applying the changepoint penalty.
15:10:48.391 INFO  KernelSegmenter - Found 2 changepoints after applying the changepoint penalty.
15:10:49.072 INFO  KernelSegmenter - Found 3 changepoints after applying the changepoint penalty.
15:10:49.865 INFO  KernelSegmenter - Found 6 changepoints after applying the changepoint penalty.
15:10:51.139 INFO  KernelSegmenter - Found 2 changepoints after applying the changepoint penalty.
15:10:51.701 INFO  KernelSegmenter - Found 8 changepoints after applying the changepoint penalty.
15:10:52.360 INFO  KernelSegmenter - Found 8 changepoints after applying the changepoint penalty.
15:10:53.471 INFO  KernelSegmenter - Found 6 changepoints after applying the changepoint penalty.
15:10:54.443 INFO  KernelSegmenter - Found 8 changepoints after applying the changepoint penalty.
15:10:55.634 INFO  KernelSegmenter - Found 5 changepoints after applying the changepoint penalty.
15:10:56.504 INFO  KernelSegmenter - Found 2 changepoints after applying the changepoint penalty.
15:10:57.776 INFO  KernelSegmenter - Found 6 changepoints after applying the changepoint penalty.
15:10:58.458 INFO  KernelSegmenter - Found 4 changepoints after applying the changepoint penalty.
15:10:58.939 INFO  KernelSegmenter - Found 3 changepoints after applying the changepoint penalty.
15:10:59.404 INFO  KernelSegmenter - Found 5 changepoints after applying the changepoint penalty.
15:10:59.962 INFO  KernelSegmenter - Found 6 changepoints after applying the changepoint penalty.
15:11:00.472 INFO  KernelSegmenter - Found 10 changepoints after applying the changepoint penalty.
15:11:01.076 INFO  KernelSegmenter - Found 6 changepoints after applying the changepoint penalty.
15:11:01.593 INFO  KernelSegmenter - Found 3 changepoints after applying the changepoint penalty.
15:20:42.488 INFO  CalculateContamination - Shutting down engine
[July 14, 2024 at 3:20:42 PM CEST] org.broadinstitute.hellbender.tools.walkers.contamination.CalculateContamination done. Elapsed time: 10.37 minutes.
Runtime.totalMemory()=7130316800
Tool returned:
SUCCESS
