Using GATK jar /lustre1/project/stg_00096/home/rdewin/system/miniconda/envs/WGS/share/gatk4-4.5.0.0-0/gatk-package-4.5.0.0-local.jar
Running:
    java -Dsamjdk.use_async_io_read_samtools=false -Dsamjdk.use_async_io_write_samtools=true -Dsamjdk.use_async_io_write_tribble=false -Dsamjdk.compression_level=2 -jar /lustre1/project/stg_00096/home/rdewin/system/miniconda/envs/WGS/share/gatk4-4.5.0.0-0/gatk-package-4.5.0.0-local.jar FilterMutectCalls -R resources/genome.fa -V results/mutect2/P086/P086_variants.vcf --contamination-table results/mutect2/P086/P086_contamination.table --ob-priors results/mutect2/read_orientation_model.tar.gz -O results/mutect2/P086/P086_filtered_variants.vcf
20:16:33.094 INFO  NativeLibraryLoader - Loading libgkl_compression.so from jar:file:/lustre1/project/stg_00096/home/rdewin/system/miniconda/envs/WGS/share/gatk4-4.5.0.0-0/gatk-package-4.5.0.0-local.jar!/com/intel/gkl/native/libgkl_compression.so
20:16:33.588 INFO  FilterMutectCalls - ------------------------------------------------------------
20:16:33.591 INFO  FilterMutectCalls - The Genome Analysis Toolkit (GATK) v4.5.0.0
20:16:33.591 INFO  FilterMutectCalls - For support and documentation go to https://software.broadinstitute.org/gatk/
20:16:33.592 INFO  FilterMutectCalls - Executing as vsc35407@g28l22 on Linux v4.18.0-513.24.1.el8_9.x86_64 amd64
20:16:33.592 INFO  FilterMutectCalls - Java runtime: OpenJDK 64-Bit Server VM v17.0.10-internal+0-adhoc..src
20:16:33.594 INFO  FilterMutectCalls - Start Date/Time: July 14, 2024 at 8:16:33 PM CEST
20:16:33.595 INFO  FilterMutectCalls - ------------------------------------------------------------
20:16:33.595 INFO  FilterMutectCalls - ------------------------------------------------------------
20:16:33.610 INFO  FilterMutectCalls - HTSJDK Version: 4.1.0
20:16:33.610 INFO  FilterMutectCalls - Picard Version: 3.1.1
20:16:33.610 INFO  FilterMutectCalls - Built for Spark Version: 3.5.0
20:16:33.611 INFO  FilterMutectCalls - HTSJDK Defaults.COMPRESSION_LEVEL : 2
20:16:33.611 INFO  FilterMutectCalls - HTSJDK Defaults.USE_ASYNC_IO_READ_FOR_SAMTOOLS : false
20:16:33.611 INFO  FilterMutectCalls - HTSJDK Defaults.USE_ASYNC_IO_WRITE_FOR_SAMTOOLS : true
20:16:33.612 INFO  FilterMutectCalls - HTSJDK Defaults.USE_ASYNC_IO_WRITE_FOR_TRIBBLE : false
20:16:33.613 INFO  FilterMutectCalls - Deflater: IntelDeflater
20:16:33.613 INFO  FilterMutectCalls - Inflater: IntelInflater
20:16:33.614 INFO  FilterMutectCalls - GCS max retries/reopens: 20
20:16:33.614 INFO  FilterMutectCalls - Requester pays: disabled
20:16:33.615 INFO  FilterMutectCalls - Initializing engine
20:16:33.972 INFO  FeatureManager - Using codec VCFCodec to read file file:///lustre1/project/stg_00096/home/rdewin/WGS/results/mutect2/P086/P086_variants.vcf
20:16:34.176 INFO  FilterMutectCalls - Done initializing engine
20:16:34.348 INFO  IOUtils - Extracting data from archive: file:///lustre1/project/stg_00096/home/rdewin/WGS/results/mutect2/read_orientation_model.tar.gz
20:16:34.354 INFO  IOUtils - Extracting file: ./P011_tumor.orientation_priors
20:16:34.363 INFO  IOUtils - Extracting file: ./P022_tumor.orientation_priors
20:16:34.364 INFO  IOUtils - Extracting file: ./P060_tumor.orientation_priors
20:16:34.365 INFO  IOUtils - Extracting file: ./P059_tumor.orientation_priors
20:16:34.366 INFO  IOUtils - Extracting file: ./P038_tumor.orientation_priors
20:16:34.369 INFO  IOUtils - Extracting file: ./P062_tumor.orientation_priors
20:16:34.369 INFO  IOUtils - Extracting file: ./P018_tumor.orientation_priors
20:16:34.370 INFO  IOUtils - Extracting file: ./P058_tumor.orientation_priors
20:16:34.370 INFO  IOUtils - Extracting file: ./P103_tumor.orientation_priors
20:16:34.371 INFO  IOUtils - Extracting file: ./P033_tumor.orientation_priors
20:16:34.372 INFO  IOUtils - Extracting file: ./P029_tumor.orientation_priors
20:16:34.386 INFO  IOUtils - Extracting file: ./P024_tumor.orientation_priors
20:16:34.386 INFO  IOUtils - Extracting file: ./P016_tumor.orientation_priors
20:16:34.387 INFO  IOUtils - Extracting file: ./P066_tumor.orientation_priors
20:16:34.387 INFO  IOUtils - Extracting file: ./P036_tumor.orientation_priors
20:16:34.388 INFO  IOUtils - Extracting file: ./P020_tumor.orientation_priors
20:16:34.388 INFO  IOUtils - Extracting file: ./P026_tumor.orientation_priors
20:16:34.389 INFO  IOUtils - Extracting file: ./P056_tumor.orientation_priors
20:16:34.390 INFO  IOUtils - Extracting file: ./P064_tumor.orientation_priors
20:16:34.390 INFO  IOUtils - Extracting file: ./P034_tumor.orientation_priors
20:16:34.391 INFO  IOUtils - Extracting file: ./P028_tumor.orientation_priors
20:16:34.392 INFO  IOUtils - Extracting file: ./P017_tumor.orientation_priors
20:16:34.394 INFO  IOUtils - Extracting file: ./P065_tumor.orientation_priors
20:16:34.395 INFO  IOUtils - Extracting file: ./P023_tumor.orientation_priors
20:16:34.396 INFO  IOUtils - Extracting file: ./P037_tumor.orientation_priors
20:16:34.396 INFO  IOUtils - Extracting file: ./P013_tumor.orientation_priors
20:16:34.397 INFO  IOUtils - Extracting file: ./P057_tumor.orientation_priors
20:16:34.398 INFO  IOUtils - Extracting file: ./P019_tumor.orientation_priors
20:16:34.398 INFO  IOUtils - Extracting file: ./P061_tumor.orientation_priors
20:16:34.400 INFO  IOUtils - Extracting file: ./P041_tumor.orientation_priors
20:16:34.400 INFO  IOUtils - Extracting file: ./P035_tumor.orientation_priors
20:16:34.402 INFO  IOUtils - Extracting file: ./P086_tumor.orientation_priors
20:16:34.403 INFO  IOUtils - Extracting file: ./P105_tumor.orientation_priors
20:16:34.404 INFO  IOUtils - Extracting file: ./P027_tumor.orientation_priors
20:16:34.919 INFO  ProgressMeter - Starting traversal
20:16:34.920 INFO  ProgressMeter -        Current Locus  Elapsed Minutes    Variants Processed  Variants/Minute
20:16:34.921 INFO  FilterMutectCalls - Starting pass 0 through the variants
20:16:45.094 INFO  ProgressMeter -        chr4:96306916              0.2                 34000         200668.9
20:16:55.203 INFO  ProgressMeter -        chr14:3266122              0.3                 96000         283981.7
20:17:02.498 INFO  FilterMutectCalls - Finished pass 0 through the variants
20:17:12.464 INFO  FilterMutectCalls - Starting pass 1 through the variants
20:17:12.659 INFO  ProgressMeter -         chr1:4619710              0.6                143000         227351.0
20:17:22.712 INFO  ProgressMeter -        chr8:61097228              0.8                204000         256115.2
20:17:32.811 INFO  ProgressMeter -       chr19:29228863              1.0                265000         274654.1
20:17:35.895 INFO  FilterMutectCalls - Finished pass 1 through the variants
20:17:38.951 INFO  FilterMutectCalls - Starting pass 2 through the variants
20:17:42.820 INFO  ProgressMeter -        chr3:73901995              1.1                310000         273932.3
20:17:52.973 INFO  ProgressMeter -       chr12:29775273              1.3                371000         285194.5
20:18:02.101 INFO  FilterMutectCalls - Finished pass 2 through the variants
20:18:02.126 INFO  FilterMutectCalls - Starting pass 3 through the variants
20:18:03.202 INFO  ProgressMeter -        chr1:35606554              1.5                430000         292248.6
20:18:13.381 INFO  ProgressMeter -        chr7:35259349              1.6                481000         293111.0
20:18:23.557 INFO  ProgressMeter -       chr16:59236651              1.8                537000         296586.8
20:18:29.241 INFO  FilterMutectCalls - Finished pass 3 through the variants
20:18:29.262 INFO  FilterMutectCalls - No variants filtered by: AllowAllVariantsVariantFilter
20:18:29.262 INFO  FilterMutectCalls - 0 read(s) filtered by: AllowAllReadsReadFilter 

20:18:29.262 INFO  ProgressMeter -       chrX:140008610              1.9                570628         299432.2
20:18:29.263 INFO  ProgressMeter - Traversal complete. Processed 570628 total variants in 1.9 minutes.
20:18:29.442 INFO  FilterMutectCalls - Shutting down engine
[July 14, 2024 at 8:18:29 PM CEST] org.broadinstitute.hellbender.tools.walkers.mutect.filtering.FilterMutectCalls done. Elapsed time: 1.94 minutes.
Runtime.totalMemory()=2147483648
