Using GATK jar /lustre1/project/stg_00096/home/rdewin/system/miniconda/envs/WGS/share/gatk4-4.5.0.0-0/gatk-package-4.5.0.0-local.jar
Running:
    java -Dsamjdk.use_async_io_read_samtools=false -Dsamjdk.use_async_io_write_samtools=true -Dsamjdk.use_async_io_write_tribble=false -Dsamjdk.compression_level=2 -jar /lustre1/project/stg_00096/home/rdewin/system/miniconda/envs/WGS/share/gatk4-4.5.0.0-0/gatk-package-4.5.0.0-local.jar CalculateContamination -I results/mutect2/P086/P086_tumor_pileup_summaries.table -matched results/mutect2/P086/P086_normal_pileup_summaries.table -O results/mutect2/P086/P086_contamination.table
17:33:58.947 INFO  NativeLibraryLoader - Loading libgkl_compression.so from jar:file:/lustre1/project/stg_00096/home/rdewin/system/miniconda/envs/WGS/share/gatk4-4.5.0.0-0/gatk-package-4.5.0.0-local.jar!/com/intel/gkl/native/libgkl_compression.so
17:33:59.036 INFO  CalculateContamination - ------------------------------------------------------------
17:33:59.038 INFO  CalculateContamination - The Genome Analysis Toolkit (GATK) v4.5.0.0
17:33:59.038 INFO  CalculateContamination - For support and documentation go to https://software.broadinstitute.org/gatk/
17:33:59.038 INFO  CalculateContamination - Executing as vsc35407@i28l15 on Linux v4.18.0-513.24.1.el8_9.x86_64 amd64
17:33:59.038 INFO  CalculateContamination - Java runtime: OpenJDK 64-Bit Server VM v17.0.10-internal+0-adhoc..src
17:33:59.038 INFO  CalculateContamination - Start Date/Time: July 14, 2024 at 5:33:58 PM CEST
17:33:59.039 INFO  CalculateContamination - ------------------------------------------------------------
17:33:59.039 INFO  CalculateContamination - ------------------------------------------------------------
17:33:59.039 INFO  CalculateContamination - HTSJDK Version: 4.1.0
17:33:59.039 INFO  CalculateContamination - Picard Version: 3.1.1
17:33:59.039 INFO  CalculateContamination - Built for Spark Version: 3.5.0
17:33:59.039 INFO  CalculateContamination - HTSJDK Defaults.COMPRESSION_LEVEL : 2
17:33:59.040 INFO  CalculateContamination - HTSJDK Defaults.USE_ASYNC_IO_READ_FOR_SAMTOOLS : false
17:33:59.040 INFO  CalculateContamination - HTSJDK Defaults.USE_ASYNC_IO_WRITE_FOR_SAMTOOLS : true
17:33:59.040 INFO  CalculateContamination - HTSJDK Defaults.USE_ASYNC_IO_WRITE_FOR_TRIBBLE : false
17:33:59.040 INFO  CalculateContamination - Deflater: IntelDeflater
17:33:59.040 INFO  CalculateContamination - Inflater: IntelInflater
17:33:59.040 INFO  CalculateContamination - GCS max retries/reopens: 20
17:33:59.040 INFO  CalculateContamination - Requester pays: disabled
17:33:59.040 INFO  CalculateContamination - Initializing engine
17:33:59.040 INFO  CalculateContamination - Done initializing engine
17:34:15.684 INFO  KernelSegmenter - Found 3 changepoints after applying the changepoint penalty.
17:34:16.579 INFO  KernelSegmenter - Found 5 changepoints after applying the changepoint penalty.
17:34:17.172 INFO  KernelSegmenter - Found 6 changepoints after applying the changepoint penalty.
17:34:17.896 INFO  KernelSegmenter - Found 6 changepoints after applying the changepoint penalty.
17:34:18.758 INFO  KernelSegmenter - Found 4 changepoints after applying the changepoint penalty.
17:34:19.843 INFO  KernelSegmenter - Found 8 changepoints after applying the changepoint penalty.
17:34:20.196 INFO  KernelSegmenter - Found 2 changepoints after applying the changepoint penalty.
17:34:20.813 INFO  KernelSegmenter - Found 4 changepoints after applying the changepoint penalty.
17:34:21.717 INFO  KernelSegmenter - Found 7 changepoints after applying the changepoint penalty.
17:34:22.098 INFO  KernelSegmenter - Found 4 changepoints after applying the changepoint penalty.
17:34:22.586 INFO  KernelSegmenter - Found 8 changepoints after applying the changepoint penalty.
17:34:23.358 INFO  KernelSegmenter - Found 2 changepoints after applying the changepoint penalty.
17:34:24.104 INFO  KernelSegmenter - Found 5 changepoints after applying the changepoint penalty.
17:34:25.110 INFO  KernelSegmenter - Found 7 changepoints after applying the changepoint penalty.
17:34:25.787 INFO  KernelSegmenter - Found 6 changepoints after applying the changepoint penalty.
17:34:26.695 INFO  KernelSegmenter - Found 7 changepoints after applying the changepoint penalty.
17:34:27.229 INFO  KernelSegmenter - Found 4 changepoints after applying the changepoint penalty.
17:34:27.578 INFO  KernelSegmenter - Found 3 changepoints after applying the changepoint penalty.
17:34:27.913 INFO  KernelSegmenter - Found 2 changepoints after applying the changepoint penalty.
17:34:28.290 INFO  KernelSegmenter - Found 6 changepoints after applying the changepoint penalty.
17:34:28.676 INFO  KernelSegmenter - Found 6 changepoints after applying the changepoint penalty.
17:34:29.045 INFO  KernelSegmenter - Found 6 changepoints after applying the changepoint penalty.
17:34:29.477 INFO  KernelSegmenter - Found 6 changepoints after applying the changepoint penalty.
17:40:49.598 INFO  CalculateContamination - Shutting down engine
[July 14, 2024 at 5:40:49 PM CEST] org.broadinstitute.hellbender.tools.walkers.contamination.CalculateContamination done. Elapsed time: 6.84 minutes.
Runtime.totalMemory()=8455716864
Tool returned:
SUCCESS
