Using GATK jar /lustre1/project/stg_00096/home/rdewin/system/miniconda/envs/WGS/share/gatk4-4.5.0.0-0/gatk-package-4.5.0.0-local.jar
Running:
    java -Dsamjdk.use_async_io_read_samtools=false -Dsamjdk.use_async_io_write_samtools=true -Dsamjdk.use_async_io_write_tribble=false -Dsamjdk.compression_level=2 -jar /lustre1/project/stg_00096/home/rdewin/system/miniconda/envs/WGS/share/gatk4-4.5.0.0-0/gatk-package-4.5.0.0-local.jar GetPileupSummaries -I results/recal/P011/P011_dna_tumor_recal.bam -L resources/filtered_gnomad_chr.vcf.gz -V resources/filtered_gnomad_chr.vcf.gz -O results/mutect2/P011/P011_tumor_pileup_summaries.table
14:00:04.906 INFO  NativeLibraryLoader - Loading libgkl_compression.so from jar:file:/lustre1/project/stg_00096/home/rdewin/system/miniconda/envs/WGS/share/gatk4-4.5.0.0-0/gatk-package-4.5.0.0-local.jar!/com/intel/gkl/native/libgkl_compression.so
14:00:05.018 INFO  GetPileupSummaries - ------------------------------------------------------------
14:00:05.021 INFO  GetPileupSummaries - The Genome Analysis Toolkit (GATK) v4.5.0.0
14:00:05.021 INFO  GetPileupSummaries - For support and documentation go to https://software.broadinstitute.org/gatk/
14:00:05.021 INFO  GetPileupSummaries - Executing as vsc35407@g28l12 on Linux v4.18.0-513.24.1.el8_9.x86_64 amd64
14:00:05.021 INFO  GetPileupSummaries - Java runtime: OpenJDK 64-Bit Server VM v17.0.10-internal+0-adhoc..src
14:00:05.024 INFO  GetPileupSummaries - Start Date/Time: July 14, 2024 at 2:00:04 PM CEST
14:00:05.024 INFO  GetPileupSummaries - ------------------------------------------------------------
14:00:05.025 INFO  GetPileupSummaries - ------------------------------------------------------------
14:00:05.026 INFO  GetPileupSummaries - HTSJDK Version: 4.1.0
14:00:05.026 INFO  GetPileupSummaries - Picard Version: 3.1.1
14:00:05.026 INFO  GetPileupSummaries - Built for Spark Version: 3.5.0
14:00:05.027 INFO  GetPileupSummaries - HTSJDK Defaults.COMPRESSION_LEVEL : 2
14:00:05.027 INFO  GetPileupSummaries - HTSJDK Defaults.USE_ASYNC_IO_READ_FOR_SAMTOOLS : false
14:00:05.027 INFO  GetPileupSummaries - HTSJDK Defaults.USE_ASYNC_IO_WRITE_FOR_SAMTOOLS : true
14:00:05.028 INFO  GetPileupSummaries - HTSJDK Defaults.USE_ASYNC_IO_WRITE_FOR_TRIBBLE : false
14:00:05.028 INFO  GetPileupSummaries - Deflater: IntelDeflater
14:00:05.028 INFO  GetPileupSummaries - Inflater: IntelInflater
14:00:05.028 INFO  GetPileupSummaries - GCS max retries/reopens: 20
14:00:05.028 INFO  GetPileupSummaries - Requester pays: disabled
14:00:05.029 INFO  GetPileupSummaries - Initializing engine
14:00:05.134 INFO  FeatureManager - Using codec VCFCodec to read file file:///lustre1/project/stg_00096/home/rdewin/WGS/resources/filtered_gnomad_chr.vcf.gz
14:00:05.251 INFO  FeatureManager - Using codec VCFCodec to read file file:///lustre1/project/stg_00096/home/rdewin/WGS/resources/filtered_gnomad_chr.vcf.gz
14:01:29.556 INFO  IntervalArgumentCollection - Processing 8916026 bp from intervals
14:01:29.752 INFO  GetPileupSummaries - Done initializing engine
14:01:29.758 INFO  ProgressMeter - Starting traversal
14:01:29.758 INFO  ProgressMeter -        Current Locus  Elapsed Minutes        Loci Processed      Loci/Minute
14:02:07.441 INFO  ProgressMeter -          chr1:252769              0.6                  1000           1592.3
14:02:17.947 INFO  ProgressMeter -         chr1:5841161              0.8                 25000          31127.4
14:02:28.097 INFO  ProgressMeter -        chr1:12399262              1.0                 47000          48338.2
14:02:38.496 INFO  ProgressMeter -        chr1:18820194              1.1                 71000          61975.4
14:02:48.893 INFO  ProgressMeter -        chr1:25985340              1.3                 92000          69754.2
14:02:59.094 INFO  ProgressMeter -        chr1:33412279              1.5                112000          75222.5
14:03:09.633 INFO  ProgressMeter -        chr1:40901714              1.7                133000          79899.9
14:03:20.056 INFO  ProgressMeter -        chr1:48373128              1.8                152000          82685.8
14:03:30.352 INFO  ProgressMeter -        chr1:55824832              2.0                172000          85576.4
14:03:40.803 INFO  ProgressMeter -        chr1:62905588              2.2                193000          88367.3
14:03:51.021 INFO  ProgressMeter -        chr1:70361188              2.4                213000          90469.5
14:04:01.420 INFO  ProgressMeter -        chr1:78715080              2.5                234000          92574.3
14:04:11.706 INFO  ProgressMeter -        chr1:86041384              2.7                256000          94845.3
14:04:21.764 INFO  ProgressMeter -        chr1:93783155              2.9                276000          96275.7
14:04:31.773 INFO  ProgressMeter -       chr1:101405766              3.0                296000          97574.4
14:04:41.938 INFO  ProgressMeter -       chr1:109015317              3.2                319000          99594.1
14:04:51.950 INFO  ProgressMeter -       chr1:116153329              3.4                339000         100597.5
14:05:02.057 INFO  ProgressMeter -       chr1:144163465              3.5                362000         102308.5
14:05:12.109 INFO  ProgressMeter -       chr1:151629508              3.7                383000         103350.6
14:05:22.327 INFO  ProgressMeter -       chr1:158806542              3.9                404000         104227.6
14:05:32.623 INFO  ProgressMeter -       chr1:165937702              4.0                425000         104996.6
14:05:42.902 INFO  ProgressMeter -       chr1:173128072              4.2                446000         105710.6
14:05:53.196 INFO  ProgressMeter -       chr1:180899205              4.4                466000         106135.0
14:06:03.540 INFO  ProgressMeter -       chr1:188700541              4.6                488000         106946.4
14:06:13.673 INFO  ProgressMeter -       chr1:196764004              4.7                510000         107779.1
14:06:24.089 INFO  ProgressMeter -       chr1:204216521              4.9                531000         108245.5
14:06:34.178 INFO  ProgressMeter -       chr1:210977996              5.1                551000         108600.3
14:06:44.194 INFO  ProgressMeter -       chr1:217920837              5.2                572000         109147.8
14:06:54.424 INFO  ProgressMeter -       chr1:225313674              5.4                593000         109589.5
14:07:04.842 INFO  ProgressMeter -       chr1:232552810              5.6                614000         109942.6
14:07:15.246 INFO  ProgressMeter -       chr1:239468611              5.8                637000         110626.4
14:07:25.413 INFO  ProgressMeter -       chr1:246155867              5.9                659000         111175.5
14:07:35.782 INFO  ProgressMeter -         chr2:3652297              6.1                683000         111959.9
14:07:46.092 INFO  ProgressMeter -        chr2:10590227              6.3                706000         112559.9
14:07:56.587 INFO  ProgressMeter -        chr2:17726460              6.4                729000         113073.2
14:08:07.155 INFO  ProgressMeter -        chr2:25395268              6.6                751000         113387.9
14:08:17.259 INFO  ProgressMeter -        chr2:32865911              6.8                770000         113374.0
14:08:27.484 INFO  ProgressMeter -        chr2:39241284              7.0                794000         114046.0
14:08:37.780 INFO  ProgressMeter -        chr2:45836248              7.1                816000         114386.9
14:08:47.787 INFO  ProgressMeter -        chr2:52179665              7.3                837000         114650.2
14:08:58.016 INFO  ProgressMeter -        chr2:58945151              7.5                860000         115112.3
14:09:08.070 INFO  ProgressMeter -        chr2:66638276              7.6                880000         115205.6
14:09:18.402 INFO  ProgressMeter -        chr2:73683742              7.8                901000         115354.1
14:09:28.510 INFO  ProgressMeter -        chr2:80558007              8.0                923000         115675.8
14:09:38.569 INFO  ProgressMeter -        chr2:87553113              8.1                946000         116118.7
14:09:48.964 INFO  ProgressMeter -       chr2:100146961              8.3                969000         116464.9
14:09:59.254 INFO  ProgressMeter -       chr2:107625989              8.5                990000         116585.8
14:10:09.493 INFO  ProgressMeter -       chr2:115426528              8.7               1011000         116713.3
14:10:19.854 INFO  ProgressMeter -       chr2:122654151              8.8               1033000         116922.2
14:10:29.874 INFO  ProgressMeter -       chr2:129676481              9.0               1055000         117197.0
14:10:40.298 INFO  ProgressMeter -       chr2:136767999              9.2               1078000         117484.9
14:10:50.495 INFO  ProgressMeter -       chr2:143920703              9.3               1101000         117809.2
14:11:00.555 INFO  ProgressMeter -       chr2:152275161              9.5               1120000         117730.1
14:11:10.753 INFO  ProgressMeter -       chr2:160170543              9.7               1140000         117729.1
14:11:20.838 INFO  ProgressMeter -       chr2:167923973              9.9               1160000         117750.8
14:11:31.029 INFO  ProgressMeter -       chr2:174948821             10.0               1181000         117850.5
14:11:41.105 INFO  ProgressMeter -       chr2:182323724             10.2               1201000         117870.9
14:11:51.140 INFO  ProgressMeter -       chr2:190052705             10.4               1222000         117995.0
14:12:01.462 INFO  ProgressMeter -       chr2:198640451             10.5               1242000         117966.6
14:12:11.971 INFO  ProgressMeter -       chr2:207209802             10.7               1261000         117811.4
14:12:22.347 INFO  ProgressMeter -       chr2:214584245             10.9               1283000         117961.1
14:12:32.542 INFO  ProgressMeter -       chr2:221646065             11.0               1304000         118047.5
14:12:42.861 INFO  ProgressMeter -       chr2:229242957             11.2               1326000         118199.0
14:12:53.292 INFO  ProgressMeter -       chr2:235702452             11.4               1348000         118326.4
14:13:03.508 INFO  ProgressMeter -       chr2:241551538             11.6               1370000         118486.7
14:13:13.561 INFO  ProgressMeter -         chr3:4526835             11.7               1394000         118840.1
14:13:23.605 INFO  ProgressMeter -        chr3:10594311             11.9               1416000         119017.1
14:13:33.723 INFO  ProgressMeter -        chr3:16870526             12.1               1436000         119011.3
14:13:43.880 INFO  ProgressMeter -        chr3:23629000             12.2               1458000         119162.8
14:13:54.089 INFO  ProgressMeter -        chr3:30223435             12.4               1480000         119301.8
14:14:04.564 INFO  ProgressMeter -        chr3:37523786             12.6               1502000         119395.1
14:14:14.870 INFO  ProgressMeter -        chr3:44847131             12.8               1522000         119355.1
14:14:25.307 INFO  ProgressMeter -        chr3:53605928             12.9               1540000         119141.4
14:14:35.332 INFO  ProgressMeter -        chr3:60186715             13.1               1560000         119148.5
14:14:45.552 INFO  ProgressMeter -        chr3:66623772             13.3               1582000         119277.1
14:14:55.840 INFO  ProgressMeter -        chr3:73725935             13.4               1603000         119317.9
14:15:06.260 INFO  ProgressMeter -        chr3:81520760             13.6               1627000         119558.9
14:15:16.497 INFO  ProgressMeter -        chr3:89824866             13.8               1649000         119675.0
14:15:27.007 INFO  ProgressMeter -       chr3:103106334             14.0               1675000         120036.0
14:15:37.281 INFO  ProgressMeter -       chr3:110658390             14.1               1697000         120138.5
14:15:47.756 INFO  ProgressMeter -       chr3:118472139             14.3               1718000         120140.1
14:15:58.094 INFO  ProgressMeter -       chr3:125797741             14.5               1739000         120161.0
14:16:08.440 INFO  ProgressMeter -       chr3:132357433             14.6               1760000         120180.0
14:16:18.993 INFO  ProgressMeter -       chr3:139724003             14.8               1781000         120170.7
14:16:29.062 INFO  ProgressMeter -       chr3:147116104             15.0               1801000         120159.6
14:16:39.525 INFO  ProgressMeter -       chr3:154685618             15.2               1824000         120294.5
14:16:49.758 INFO  ProgressMeter -       chr3:161678881             15.3               1845000         120326.1
14:17:00.120 INFO  ProgressMeter -       chr3:169552445             15.5               1868000         120469.2
14:17:10.553 INFO  ProgressMeter -       chr3:176665977             15.7               1890000         120536.4
14:17:20.948 INFO  ProgressMeter -       chr3:184312158             15.9               1912000         120606.9
14:17:31.163 INFO  ProgressMeter -       chr3:191471313             16.0               1933000         120635.9
14:17:41.261 INFO  ProgressMeter -       chr3:197799932             16.2               1956000         120802.6
14:17:51.723 INFO  ProgressMeter -         chr4:2616424             16.4               1980000         120981.9
14:18:02.065 INFO  ProgressMeter -         chr4:7994574             16.5               2004000         121172.2
14:18:12.154 INFO  ProgressMeter -        chr4:14161625             16.7               2029000         121449.0
14:18:22.366 INFO  ProgressMeter -        chr4:21269150             16.9               2051000         121527.8
14:18:32.445 INFO  ProgressMeter -        chr4:28362570             17.0               2073000         121620.9
14:18:42.644 INFO  ProgressMeter -        chr4:35572911             17.2               2098000         121872.1
14:18:52.911 INFO  ProgressMeter -        chr4:42260058             17.4               2120000         121938.1
14:19:03.017 INFO  ProgressMeter -        chr4:56021546             17.6               2146000         122249.1
14:19:13.277 INFO  ProgressMeter -        chr4:63122145             17.7               2169000         122367.3
14:19:23.301 INFO  ProgressMeter -        chr4:70420151             17.9               2192000         122510.2
14:19:33.385 INFO  ProgressMeter -        chr4:77800434             18.1               2214000         122588.3
14:19:43.614 INFO  ProgressMeter -        chr4:84984082             18.2               2235000         122593.8
14:19:53.904 INFO  ProgressMeter -        chr4:91244522             18.4               2253000         122429.6
14:20:04.339 INFO  ProgressMeter -        chr4:98822927             18.6               2275000         122467.5
14:20:14.808 INFO  ProgressMeter -       chr4:106421524             18.8               2297000         122501.2
14:20:25.104 INFO  ProgressMeter -       chr4:114038695             18.9               2318000         122500.2
14:20:35.290 INFO  ProgressMeter -       chr4:121004852             19.1               2338000         122458.4
14:20:45.689 INFO  ProgressMeter -       chr4:128476602             19.3               2361000         122550.6
14:20:55.958 INFO  ProgressMeter -       chr4:136273707             19.4               2384000         122654.9
14:21:06.162 INFO  ProgressMeter -       chr4:144380685             19.6               2406000         122712.9
14:21:16.211 INFO  ProgressMeter -       chr4:152086649             19.8               2426000         122685.1
14:21:26.278 INFO  ProgressMeter -       chr4:159418055             19.9               2446000         122655.7
14:21:36.491 INFO  ProgressMeter -       chr4:166907737             20.1               2469000         122761.3
14:21:46.872 INFO  ProgressMeter -       chr4:173502932             20.3               2492000         122848.0
14:21:57.293 INFO  ProgressMeter -       chr4:181060711             20.5               2515000         122929.3
14:22:07.707 INFO  ProgressMeter -       chr4:188001372             20.6               2540000         123106.9
14:22:18.078 INFO  ProgressMeter -          chr5:753698             20.8               2566000         123333.8
14:22:28.226 INFO  ProgressMeter -         chr5:7169929             21.0               2590000         123483.5
14:22:38.450 INFO  ProgressMeter -        chr5:14169725             21.1               2612000         123528.8
14:22:48.859 INFO  ProgressMeter -        chr5:21829392             21.3               2635000         123602.4
14:22:59.054 INFO  ProgressMeter -        chr5:29313775             21.5               2659000         123742.0
14:23:09.378 INFO  ProgressMeter -        chr5:36323073             21.7               2682000         123820.8
14:23:19.403 INFO  ProgressMeter -        chr5:43323155             21.8               2703000         123835.2
14:23:29.765 INFO  ProgressMeter -        chr5:55299726             22.0               2725000         123863.0
14:23:40.159 INFO  ProgressMeter -        chr5:62637608             22.2               2746000         123842.5
14:23:50.422 INFO  ProgressMeter -        chr5:70497575             22.3               2767000         123834.3
14:24:00.564 INFO  ProgressMeter -        chr5:78403825             22.5               2787000         123792.8
14:24:10.814 INFO  ProgressMeter -        chr5:86099829             22.7               2808000         123786.2
14:24:21.225 INFO  ProgressMeter -        chr5:94830204             22.9               2829000         123765.3
14:24:31.255 INFO  ProgressMeter -       chr5:102117485             23.0               2851000         123822.2
14:24:41.567 INFO  ProgressMeter -       chr5:109680387             23.2               2874000         123896.4
14:24:51.789 INFO  ProgressMeter -       chr5:116081606             23.4               2897000         123977.3
14:25:01.849 INFO  ProgressMeter -       chr5:122223065             23.5               2921000         124113.9
14:25:12.069 INFO  ProgressMeter -       chr5:129460917             23.7               2943000         124150.1
14:25:22.221 INFO  ProgressMeter -       chr5:136970546             23.9               2963000         124107.9
14:25:32.543 INFO  ProgressMeter -       chr5:144999266             24.0               2982000         124010.2
14:25:42.799 INFO  ProgressMeter -       chr5:151922700             24.2               3003000         124002.1
14:25:53.129 INFO  ProgressMeter -       chr5:159003485             24.4               3025000         124028.7
14:26:03.494 INFO  ProgressMeter -       chr5:166667455             24.6               3047000         124052.1
14:26:13.661 INFO  ProgressMeter -       chr5:173849173             24.7               3069000         124091.7
14:26:23.986 INFO  ProgressMeter -       chr5:181297614             24.9               3095000         124278.2
14:26:34.038 INFO  ProgressMeter -         chr6:5524350             25.1               3118000         124365.2
14:26:44.051 INFO  ProgressMeter -        chr6:11961443             25.2               3140000         124414.5
14:26:54.428 INFO  ProgressMeter -        chr6:19119538             25.4               3162000         124433.5
14:27:04.741 INFO  ProgressMeter -        chr6:26126100             25.6               3185000         124496.5
14:27:14.822 INFO  ProgressMeter -        chr6:31708468             25.8               3214000         124810.4
14:27:25.063 INFO  ProgressMeter -        chr6:37778468             25.9               3242000         125068.8
14:27:35.327 INFO  ProgressMeter -        chr6:44590882             26.1               3263000         125053.7
14:27:45.588 INFO  ProgressMeter -        chr6:52384310             26.3               3284000         125038.9
14:27:55.829 INFO  ProgressMeter -        chr6:62490980             26.4               3307000         125101.6
14:28:05.840 INFO  ProgressMeter -        chr6:69945198             26.6               3330000         125181.6
14:28:15.972 INFO  ProgressMeter -        chr6:77021229             26.8               3351000         125176.3
14:28:26.455 INFO  ProgressMeter -        chr6:84629964             26.9               3375000         125255.4
14:28:36.707 INFO  ProgressMeter -        chr6:92136713             27.1               3396000         125240.6
14:28:47.177 INFO  ProgressMeter -       chr6:100406390             27.3               3419000         125282.5
14:28:57.509 INFO  ProgressMeter -       chr6:107725870             27.5               3441000         125298.1
14:29:07.525 INFO  ProgressMeter -       chr6:114760018             27.6               3461000         125264.9
14:29:17.616 INFO  ProgressMeter -       chr6:122382669             27.8               3482000         125262.5
14:29:27.714 INFO  ProgressMeter -       chr6:129994859             28.0               3502000         125223.8
14:29:38.294 INFO  ProgressMeter -       chr6:136744169             28.1               3524000         125220.9
14:29:48.381 INFO  ProgressMeter -       chr6:144304013             28.3               3545000         125219.1
14:29:58.559 INFO  ProgressMeter -       chr6:151423034             28.5               3566000         125210.6
14:30:08.653 INFO  ProgressMeter -       chr6:158017525             28.6               3588000         125243.3
14:30:18.993 INFO  ProgressMeter -       chr6:164541375             28.8               3609000         125223.0
14:30:29.059 INFO  ProgressMeter -       chr6:170548294             29.0               3632000         125291.8
14:30:39.312 INFO  ProgressMeter -         chr7:3934752             29.2               3656000         125380.6
14:30:49.544 INFO  ProgressMeter -         chr7:9290903             29.3               3681000         125503.9
14:30:59.765 INFO  ProgressMeter -        chr7:15497908             29.5               3706000         125626.7
14:31:09.995 INFO  ProgressMeter -        chr7:22086133             29.7               3729000         125679.9
14:31:20.193 INFO  ProgressMeter -        chr7:29074106             29.8               3750000         125667.8
14:31:30.506 INFO  ProgressMeter -        chr7:35631227             30.0               3771000         125647.8
14:31:40.619 INFO  ProgressMeter -        chr7:42789365             30.2               3792000         125641.9
14:31:50.737 INFO  ProgressMeter -        chr7:49663911             30.3               3813000         125635.8
14:32:00.906 INFO  ProgressMeter -        chr7:56129698             30.5               3836000         125691.6
14:32:11.365 INFO  ProgressMeter -        chr7:67637838             30.7               3864000         125890.1
14:32:21.464 INFO  ProgressMeter -        chr7:74844612             30.9               3886000         125916.3
14:32:31.777 INFO  ProgressMeter -        chr7:81965162             31.0               3907000         125895.6
14:32:41.818 INFO  ProgressMeter -        chr7:89124181             31.2               3929000         125925.5
14:32:51.879 INFO  ProgressMeter -        chr7:96898128             31.4               3949000         125889.9
14:33:02.014 INFO  ProgressMeter -       chr7:103959744             31.5               3970000         125881.5
14:33:12.424 INFO  ProgressMeter -       chr7:110905132             31.7               3991000         125855.1
14:33:22.737 INFO  ProgressMeter -       chr7:119116911             31.9               4011000         125803.8
14:33:32.783 INFO  ProgressMeter -       chr7:127186567             32.1               4032000         125801.8
14:33:43.028 INFO  ProgressMeter -       chr7:134972178             32.2               4052000         125755.9
14:33:53.345 INFO  ProgressMeter -       chr7:142094300             32.4               4073000         125736.6
14:34:03.657 INFO  ProgressMeter -       chr7:148569070             32.6               4094000         125717.9
14:34:14.054 INFO  ProgressMeter -       chr7:153886314             32.7               4114000         125663.3
14:34:24.491 INFO  ProgressMeter -       chr7:159162184             32.9               4136000         125667.6
14:34:34.642 INFO  ProgressMeter -         chr8:3365845             33.1               4162000         125810.9
14:34:44.786 INFO  ProgressMeter -         chr8:8136145             33.3               4190000         126013.3
14:34:54.907 INFO  ProgressMeter -        chr8:14395982             33.4               4216000         126155.3
14:35:05.094 INFO  ProgressMeter -        chr8:19707682             33.6               4242000         126291.6
14:35:15.513 INFO  ProgressMeter -        chr8:26183638             33.8               4265000         126323.3
14:35:25.851 INFO  ProgressMeter -        chr8:33063877             33.9               4286000         126300.7
14:35:36.000 INFO  ProgressMeter -        chr8:40831124             34.1               4307000         126290.0
14:35:46.307 INFO  ProgressMeter -        chr8:50406349             34.3               4328000         126269.8
14:35:56.329 INFO  ProgressMeter -        chr8:57306487             34.4               4349000         126267.1
14:36:06.542 INFO  ProgressMeter -        chr8:64511800             34.6               4371000         126281.9
14:36:16.911 INFO  ProgressMeter -        chr8:72016937             34.8               4392000         126258.2
14:36:26.987 INFO  ProgressMeter -        chr8:79517234             35.0               4414000         126280.9
14:36:37.488 INFO  ProgressMeter -        chr8:87719078             35.1               4437000         126306.5
14:36:47.966 INFO  ProgressMeter -        chr8:95715993             35.3               4459000         126304.9
14:36:58.031 INFO  ProgressMeter -       chr8:103048800             35.5               4479000         126271.4
14:37:08.356 INFO  ProgressMeter -       chr8:110378406             35.6               4500000         126251.0
14:37:18.608 INFO  ProgressMeter -       chr8:118341610             35.8               4522000         126262.9
14:37:28.833 INFO  ProgressMeter -       chr8:125480838             36.0               4544000         126276.3
14:37:39.269 INFO  ProgressMeter -       chr8:132374691             36.2               4567000         126305.0
14:37:49.688 INFO  ProgressMeter -       chr8:139308914             36.3               4590000         126334.3
14:38:00.106 INFO  ProgressMeter -       chr8:145719999             36.5               4612000         126336.1
14:38:10.581 INFO  ProgressMeter -         chr9:5144279             36.7               4637000         126416.4
14:38:20.785 INFO  ProgressMeter -        chr9:11379178             36.9               4661000         126484.2
14:38:30.906 INFO  ProgressMeter -        chr9:17649374             37.0               4685000         126556.2
14:38:41.082 INFO  ProgressMeter -        chr9:24762953             37.2               4709000         126624.4
14:38:51.164 INFO  ProgressMeter -        chr9:31579455             37.4               4733000         126697.3
14:39:01.450 INFO  ProgressMeter -        chr9:38495133             37.5               4754000         126678.1
14:39:11.608 INFO  ProgressMeter -        chr9:79548561             37.7               4784000         126905.0
14:39:21.776 INFO  ProgressMeter -        chr9:87473071             37.9               4805000         126891.6
14:39:32.277 INFO  ProgressMeter -        chr9:94798447             38.0               4828000         126912.4
14:39:42.725 INFO  ProgressMeter -       chr9:101744726             38.2               4851000         126936.0
14:39:52.860 INFO  ProgressMeter -       chr9:108384413             38.4               4872000         126924.5
14:40:03.096 INFO  ProgressMeter -       chr9:115763115             38.6               4894000         126933.5
14:40:13.402 INFO  ProgressMeter -       chr9:122575884             38.7               4917000         126964.4
14:40:23.488 INFO  ProgressMeter -       chr9:129594410             38.9               4938000         126955.6
14:40:33.944 INFO  ProgressMeter -       chr9:137414558             39.1               4959000         126926.8
14:40:44.049 INFO  ProgressMeter -       chr9:144157145             39.2               4979000         126891.7
14:40:54.074 INFO  ProgressMeter -       chr9:149945848             39.4               5001000         126912.0
14:41:04.144 INFO  ProgressMeter -        chr10:5718862             39.6               5025000         126980.2
14:41:14.485 INFO  ProgressMeter -       chr10:12506648             39.7               5048000         127008.3
14:41:24.627 INFO  ProgressMeter -       chr10:18462267             39.9               5071000         127046.7
14:41:34.657 INFO  ProgressMeter -       chr10:25180614             40.1               5093000         127065.6
14:41:44.780 INFO  ProgressMeter -       chr10:31370193             40.3               5116000         127104.4
14:41:55.119 INFO  ProgressMeter -       chr10:38344807             40.4               5138000         127106.9
14:42:05.246 INFO  ProgressMeter -       chr10:46755834             40.6               5168000         127317.5
14:42:15.651 INFO  ProgressMeter -       chr10:53568172             40.8               5189000         127290.9
14:42:25.748 INFO  ProgressMeter -       chr10:60408028             40.9               5211000         127305.1
14:42:36.070 INFO  ProgressMeter -       chr10:67853205             41.1               5233000         127307.5
14:42:46.508 INFO  ProgressMeter -       chr10:74026834             41.3               5254000         127279.7
14:42:56.857 INFO  ProgressMeter -       chr10:80518541             41.5               5272000         127184.3
14:43:07.149 INFO  ProgressMeter -       chr10:87193497             41.6               5295000         127212.8
14:43:17.473 INFO  ProgressMeter -       chr10:94661983             41.8               5316000         127191.5
14:43:27.925 INFO  ProgressMeter -      chr10:102414704             42.0               5336000         127140.1
14:43:38.043 INFO  ProgressMeter -      chr10:109976803             42.1               5357000         127129.7
14:43:48.292 INFO  ProgressMeter -      chr10:117023779             42.3               5378000         127112.7
14:43:58.675 INFO  ProgressMeter -      chr10:124144989             42.5               5399000         127089.3
14:44:09.107 INFO  ProgressMeter -      chr10:130693786             42.7               5422000         127110.4
14:44:19.308 INFO  ProgressMeter -        chr11:1884786             42.8               5446000         127166.3
14:44:29.609 INFO  ProgressMeter -        chr11:7959327             43.0               5470000         127216.6
14:44:39.714 INFO  ProgressMeter -       chr11:14770064             43.2               5490000         127183.6
14:44:49.971 INFO  ProgressMeter -       chr11:21854552             43.3               5510000         127143.5
14:45:00.087 INFO  ProgressMeter -       chr11:29184650             43.5               5533000         127179.4
14:45:10.178 INFO  ProgressMeter -       chr11:36511884             43.7               5553000         127147.6
14:45:20.507 INFO  ProgressMeter -       chr11:43651237             43.8               5577000         127195.7
14:45:30.509 INFO  ProgressMeter -       chr11:50943495             44.0               5597000         127168.4
14:45:41.017 INFO  ProgressMeter -       chr11:61239032             44.2               5622000         127230.2
14:45:51.493 INFO  ProgressMeter -       chr11:68646350             44.4               5642000         127180.3
14:46:01.842 INFO  ProgressMeter -       chr11:75074545             44.5               5663000         127159.2
14:46:11.845 INFO  ProgressMeter -       chr11:81878797             44.7               5684000         127154.7
14:46:22.114 INFO  ProgressMeter -       chr11:88540505             44.9               5705000         127137.8
14:46:32.362 INFO  ProgressMeter -       chr11:96134738             45.0               5727000         127144.0
14:46:42.723 INFO  ProgressMeter -      chr11:103140776             45.2               5750000         127167.1
14:46:52.843 INFO  ProgressMeter -      chr11:110749756             45.4               5771000         127157.2
14:47:03.078 INFO  ProgressMeter -      chr11:118028625             45.6               5791000         127120.2
14:47:13.237 INFO  ProgressMeter -      chr11:125186627             45.7               5812000         127108.7
14:47:23.346 INFO  ProgressMeter -      chr11:131855667             45.9               5833000         127099.6
14:47:33.699 INFO  ProgressMeter -        chr12:2522796             46.1               5854000         127079.4
14:47:43.788 INFO  ProgressMeter -        chr12:8893473             46.2               5875000         127071.5
14:47:54.056 INFO  ProgressMeter -       chr12:15731376             46.4               5897000         127076.9
14:48:04.337 INFO  ProgressMeter -       chr12:23315486             46.6               5919000         127081.8
14:48:14.362 INFO  ProgressMeter -       chr12:30092499             46.7               5940000         127076.8
14:48:24.468 INFO  ProgressMeter -       chr12:38109356             46.9               5967000         127196.1
14:48:34.488 INFO  ProgressMeter -       chr12:44782473             47.1               5989000         127212.2
14:48:44.682 INFO  ProgressMeter -       chr12:52138068             47.2               6009000         127178.0
14:48:55.053 INFO  ProgressMeter -       chr12:59732233             47.4               6030000         127157.3
14:49:05.436 INFO  ProgressMeter -       chr12:67319611             47.6               6051000         127136.2
14:49:15.532 INFO  ProgressMeter -       chr12:74427097             47.8               6072000         127128.0
14:49:25.638 INFO  ProgressMeter -       chr12:82119993             47.9               6093000         127119.4
14:49:35.824 INFO  ProgressMeter -       chr12:90366484             48.1               6114000         127107.3
14:49:45.841 INFO  ProgressMeter -       chr12:97459060             48.3               6135000         127102.7
14:49:56.291 INFO  ProgressMeter -      chr12:104558698             48.4               6156000         127079.2
14:50:06.341 INFO  ProgressMeter -      chr12:111658504             48.6               6176000         127052.8
14:50:16.449 INFO  ProgressMeter -      chr12:118403780             48.8               6197000         127044.5
14:50:26.882 INFO  ProgressMeter -      chr12:125262765             49.0               6218000         127022.2
14:50:37.250 INFO  ProgressMeter -      chr12:131712004             49.1               6243000         127084.4
14:50:47.443 INFO  ProgressMeter -       chr13:21789232             49.3               6267000         127133.3
14:50:57.684 INFO  ProgressMeter -       chr13:28225239             49.5               6290000         127159.5
14:51:08.180 INFO  ProgressMeter -       chr13:35839910             49.6               6312000         127154.6
14:51:18.243 INFO  ProgressMeter -       chr13:43312931             49.8               6333000         127148.0
14:51:28.520 INFO  ProgressMeter -       chr13:50743159             50.0               6354000         127132.5
14:51:38.605 INFO  ProgressMeter -       chr13:59504135             50.1               6374000         127105.2
14:51:48.897 INFO  ProgressMeter -       chr13:67301814             50.3               6398000         127148.8
14:51:59.284 INFO  ProgressMeter -       chr13:75133805             50.5               6421000         127168.4
14:52:09.505 INFO  ProgressMeter -       chr13:83253301             50.7               6443000         127175.1
14:52:19.654 INFO  ProgressMeter -       chr13:91343074             50.8               6466000         127204.3
14:52:30.058 INFO  ProgressMeter -       chr13:98807735             51.0               6488000         127203.2
14:52:40.336 INFO  ProgressMeter -      chr13:106053911             51.2               6511000         127226.9
14:52:50.378 INFO  ProgressMeter -      chr13:112562048             51.3               6534000         127260.1
14:53:00.482 INFO  ProgressMeter -       chr14:18168056             51.5               6559000         127329.4
14:53:10.558 INFO  ProgressMeter -       chr14:25320377             51.7               6580000         127322.0
14:53:21.003 INFO  ProgressMeter -       chr14:32687467             51.9               6601000         127299.5
14:53:31.130 INFO  ProgressMeter -       chr14:39653145             52.0               6625000         127347.9
14:53:41.499 INFO  ProgressMeter -       chr14:47235410             52.2               6647000         127347.7
14:53:51.850 INFO  ProgressMeter -       chr14:54953407             52.4               6668000         127329.2
14:54:02.142 INFO  ProgressMeter -       chr14:61828680             52.5               6689000         127313.2
14:54:12.156 INFO  ProgressMeter -       chr14:68187616             52.7               6708000         127270.5
14:54:22.398 INFO  ProgressMeter -       chr14:75134091             52.9               6728000         127237.9
14:54:32.478 INFO  ProgressMeter -       chr14:82371675             53.0               6751000         127268.5
14:54:42.492 INFO  ProgressMeter -       chr14:88923107             53.2               6771000         127245.2
14:54:52.767 INFO  ProgressMeter -       chr14:95364262             53.4               6793000         127249.1
14:55:02.935 INFO  ProgressMeter -       chr15:15735791             53.6               6817000         127294.6
14:55:13.115 INFO  ProgressMeter -       chr15:24265655             53.7               6846000         127432.4
14:55:23.405 INFO  ProgressMeter -       chr15:31094358             53.9               6869000         127453.6
14:55:33.596 INFO  ProgressMeter -       chr15:37979294             54.1               6891000         127460.1
14:55:43.667 INFO  ProgressMeter -       chr15:45292671             54.2               6911000         127434.5
14:55:53.890 INFO  ProgressMeter -       chr15:52276291             54.4               6932000         127421.4
14:56:04.419 INFO  ProgressMeter -       chr15:59022216             54.6               6954000         127414.8
14:56:14.752 INFO  ProgressMeter -       chr15:66345586             54.7               6974000         127379.2
14:56:24.779 INFO  ProgressMeter -       chr15:73989785             54.9               6993000         127337.6
14:56:35.260 INFO  ProgressMeter -       chr15:81040552             55.1               7014000         127315.0
14:56:45.709 INFO  ProgressMeter -       chr15:88083341             55.3               7036000         127311.9
14:56:55.931 INFO  ProgressMeter -       chr15:94770732             55.4               7059000         127335.6
14:57:06.196 INFO  ProgressMeter -         chr16:965305             55.6               7083000         127375.4
14:57:16.297 INFO  ProgressMeter -        chr16:6466419             55.8               7105000         127385.3
14:57:26.464 INFO  ProgressMeter -       chr16:11077275             55.9               7128000         127410.6
14:57:36.840 INFO  ProgressMeter -       chr16:17452164             56.1               7151000         127427.9
14:57:46.883 INFO  ProgressMeter -       chr16:25279975             56.3               7172000         127422.0
14:57:57.218 INFO  ProgressMeter -       chr16:34777555             56.5               7194000         127422.9
14:58:07.358 INFO  ProgressMeter -       chr16:57240773             56.6               7217000         127448.8
14:58:17.772 INFO  ProgressMeter -       chr16:64176702             56.8               7238000         127429.1
14:58:27.844 INFO  ProgressMeter -       chr16:71908784             57.0               7260000         127439.8
14:58:38.047 INFO  ProgressMeter -       chr16:79342031             57.1               7279000         127393.0
14:58:48.071 INFO  ProgressMeter -       chr16:85044096             57.3               7302000         127423.0
14:58:58.369 INFO  ProgressMeter -       chr16:90078940             57.5               7327000         127477.4
14:59:08.410 INFO  ProgressMeter -       chr16:94969253             57.6               7351000         127523.7
14:59:18.876 INFO  ProgressMeter -        chr17:4312641             57.8               7374000         127536.7
14:59:29.152 INFO  ProgressMeter -       chr17:10754581             58.0               7396000         127539.5
14:59:39.451 INFO  ProgressMeter -       chr17:17317987             58.2               7419000         127558.5
14:59:49.683 INFO  ProgressMeter -       chr17:29079771             58.3               7443000         127597.0
14:59:59.910 INFO  ProgressMeter -       chr17:36591611             58.5               7463000         127567.1
15:00:10.167 INFO  ProgressMeter -       chr17:43894865             58.7               7483000         127536.3
15:00:20.392 INFO  ProgressMeter -       chr17:50896133             58.8               7503000         127506.8
15:00:30.902 INFO  ProgressMeter -       chr17:58545278             59.0               7524000         127484.2
15:00:41.020 INFO  ProgressMeter -       chr17:66173142             59.2               7543000         127442.0
15:00:51.312 INFO  ProgressMeter -       chr17:73562205             59.4               7565000         127444.4
15:01:01.349 INFO  ProgressMeter -       chr17:79448885             59.5               7586000         127439.0
15:01:11.422 INFO  ProgressMeter -        chr18:1139612             59.7               7608000         127449.1
15:01:21.562 INFO  ProgressMeter -        chr18:7582464             59.9               7631000         127473.5
15:01:31.847 INFO  ProgressMeter -       chr18:13931399             60.0               7653000         127476.0
15:01:41.952 INFO  ProgressMeter -       chr18:26546279             60.2               7675000         127484.8
15:01:52.427 INFO  ProgressMeter -       chr18:34714460             60.4               7697000         127480.6
15:02:02.529 INFO  ProgressMeter -       chr18:42440221             60.5               7717000         127456.4
15:02:12.599 INFO  ProgressMeter -       chr18:49505050             60.7               7737000         127433.5
15:02:22.783 INFO  ProgressMeter -       chr18:56673457             60.9               7758000         127423.2
15:02:32.800 INFO  ProgressMeter -       chr18:63303430             61.1               7779000         127418.7
15:02:42.822 INFO  ProgressMeter -       chr18:70416352             61.2               7802000         127446.8
15:02:53.205 INFO  ProgressMeter -       chr18:77262399             61.4               7826000         127478.4
15:03:03.631 INFO  ProgressMeter -        chr19:2380282             61.6               7850000         127508.4
15:03:13.753 INFO  ProgressMeter -        chr19:7496210             61.7               7871000         127500.2
15:03:24.108 INFO  ProgressMeter -       chr19:13343686             61.9               7891000         127467.8
15:03:34.413 INFO  ProgressMeter -       chr19:19022134             62.1               7910000         127421.2
15:03:44.472 INFO  ProgressMeter -       chr19:24431512             62.2               7932000         127431.4
15:03:54.536 INFO  ProgressMeter -       chr19:35331256             62.4               7953000         127425.4
15:04:04.688 INFO  ProgressMeter -       chr19:41719773             62.6               7972000         127384.5
15:04:14.757 INFO  ProgressMeter -       chr19:47426731             62.7               7992000         127362.6
15:04:25.048 INFO  ProgressMeter -       chr19:53333902             62.9               8012000         127333.3
15:04:35.354 INFO  ProgressMeter -       chr19:58180148             63.1               8036000         127367.0
15:04:45.743 INFO  ProgressMeter -        chr20:2648441             63.3               8058000         127366.2
15:04:55.919 INFO  ProgressMeter -        chr20:9092608             63.4               8080000         127372.4
15:05:06.276 INFO  ProgressMeter -       chr20:16293278             63.6               8102000         127372.6
15:05:16.388 INFO  ProgressMeter -       chr20:23307281             63.8               8123000         127365.3
15:05:26.619 INFO  ProgressMeter -       chr20:34996053             63.9               8149000         127432.3
15:05:37.142 INFO  ProgressMeter -       chr20:42964005             64.1               8169000         127395.7
15:05:47.241 INFO  ProgressMeter -       chr20:49546237             64.3               8189000         127373.2
15:05:57.274 INFO  ProgressMeter -       chr20:56259457             64.5               8211000         127384.1
15:06:07.555 INFO  ProgressMeter -       chr20:62792633             64.6               8234000         127402.2
15:06:17.614 INFO  ProgressMeter -       chr21:11948885             64.8               8262000         127504.7
15:06:27.693 INFO  ProgressMeter -       chr21:18669634             65.0               8286000         127544.5
15:06:38.082 INFO  ProgressMeter -       chr21:25693784             65.1               8311000         127589.2
15:06:48.477 INFO  ProgressMeter -       chr21:32883144             65.3               8333000         127587.6
15:06:58.652 INFO  ProgressMeter -       chr21:39462247             65.5               8354000         127577.9
15:07:08.699 INFO  ProgressMeter -        chr22:7588490             65.6               8375000         127572.4
15:07:18.772 INFO  ProgressMeter -       chr22:20104283             65.8               8403000         127672.4
15:07:28.904 INFO  ProgressMeter -       chr22:26021416             66.0               8426000         127694.2
15:07:39.018 INFO  ProgressMeter -       chr22:32466328             66.2               8446000         127671.2
15:07:49.106 INFO  ProgressMeter -       chr22:38541645             66.3               8467000         127664.2
15:07:59.120 INFO  ProgressMeter -       chr22:45071777             66.5               8487000         127644.5
15:08:09.365 INFO  ProgressMeter -       chr22:50450394             66.7               8511000         127677.5
15:08:19.470 INFO  ProgressMeter -         chrX:6280091             66.8               8541000         127804.7
15:08:29.700 INFO  ProgressMeter -        chrX:16909433             67.0               8563000         127807.8
15:08:39.995 INFO  ProgressMeter -        chrX:27680932             67.2               8586000         127823.7
15:08:50.318 INFO  ProgressMeter -        chrX:37115152             67.3               8609000         127838.7
15:09:00.885 INFO  ProgressMeter -        chrX:48572949             67.5               8631000         127831.1
15:09:11.103 INFO  ProgressMeter -        chrX:64237264             67.7               8651000         127805.0
15:09:21.342 INFO  ProgressMeter -        chrX:75328935             67.9               8672000         127793.0
15:09:31.495 INFO  ProgressMeter -        chrX:86420727             68.0               8695000         127813.3
15:09:41.896 INFO  ProgressMeter -        chrX:95924728             68.2               8722000         127884.3
15:09:51.903 INFO  ProgressMeter -       chrX:107633767             68.4               8743000         127879.4
15:10:01.980 INFO  ProgressMeter -       chrX:117811969             68.5               8766000         127901.7
15:10:12.027 INFO  ProgressMeter -       chrX:128336556             68.7               8789000         127924.7
15:10:22.174 INFO  ProgressMeter -       chrX:140223957             68.9               8810000         127915.5
15:10:32.398 INFO  ProgressMeter -       chrX:150290472             69.0               8835000         127961.9
15:10:36.261 INFO  GetPileupSummaries - 0 read(s) filtered by: MappingQualityAvailableReadFilter 
3877525 read(s) filtered by: MappingQualityNotZeroReadFilter 
0 read(s) filtered by: MappedReadFilter 
134416 read(s) filtered by: PrimaryLineReadFilter 
51634818 read(s) filtered by: NotDuplicateReadFilter 
0 read(s) filtered by: PassesVendorQualityCheckReadFilter 
0 read(s) filtered by: NonZeroReferenceLengthAlignmentReadFilter 
3205123 read(s) filtered by: MateOnSameContigOrNoMappedMateReadFilter 
0 read(s) filtered by: GoodCigarReadFilter 
0 read(s) filtered by: WellformedReadFilter 
58851882 total reads filtered out of 328204771 reads processed
15:10:36.262 INFO  ProgressMeter -       chrX:154100786             69.1               8842811         127955.7
15:10:36.262 INFO  ProgressMeter - Traversal complete. Processed 8842811 total loci in 69.1 minutes.
15:10:36.262 INFO  GetPileupSummaries - Shutting down engine
[July 14, 2024 at 3:10:36 PM CEST] org.broadinstitute.hellbender.tools.walkers.contamination.GetPileupSummaries done. Elapsed time: 70.52 minutes.
Runtime.totalMemory()=4194304000
Tool returned:
SUCCESS
