Looking to launch executable "/staging/leuven/stg_00096/home/rdewin/system/miniconda/envs/ATAC/bin/bwa-mem2.avx512bw", simd = .avx512bw
Launching executable "/staging/leuven/stg_00096/home/rdewin/system/miniconda/envs/ATAC/bin/bwa-mem2.avx512bw"
-----------------------------
Executing in AVX512 mode!!
-----------------------------
* SA compression enabled with xfactor: 8
* Ref file: resources/genome.fa
* Entering FMI_search
* Index file found. Loading index from resources/genome.fa.bwt.2bit.64
* Reference seq len for bi-index = 6234584141
* sentinel-index: 2011702948
* Count:
0,	1
1,	1846794483
2,	3117292071
3,	4387789659
4,	6234584141

* Reading other elements of the index from files resources/genome.fa
* Index prefix: resources/genome.fa
* Read 0 ALT contigs
* Done reading Index!!
* Reading reference genome..
* Binary seq file = resources/genome.fa.0123
* Reference genome size: 6234584140 bp
* Done reading reference genome !!

------------------------------------------
1. Memory pre-allocation for Chaining: 2508.0984 MB
2. Memory pre-allocation for BSW: 4313.1064 MB
3. Memory pre-allocation for BWT: 1391.6552 MB
------------------------------------------
* Threads used (compute): 18
* No. of pipeline threads: 2

[0000] read_chunk: 180000000, work_chunk_size: 180000204, nseq: 1659332
	[0000][ M::kt_pipeline] read 1659332 sequences (180000204 bp)...
[0000] Reallocating initial memory allocations!!
[0000] Calling mem_process_seqs.., task: 0
[0000] 1. Calling kt_for - worker_bwt
[0000] read_chunk: 180000000, work_chunk_size: 180000158, nseq: 1646146
	[0000][ M::kt_pipeline] read 1646146 sequences (180000158 bp)...
[0000] 2. Calling kt_for - worker_aln
[0000] Inferring insert size distribution of PE reads from data, l_pac: 3117292070, n: 1659332
[0000][PE] # candidate unique pairs for (FF, FR, RF, RR): (5, 693876, 4, 2)
[0000][PE] skip orientation FF as there are not enough pairs
[0000][PE] analyzing insert size distribution for orientation FR...
[0000][PE] (25, 50, 75) percentile: (64, 136, 249)
[0000][PE] low and high boundaries for computing mean and std.dev: (1, 619)
[0000][PE] mean and std.dev: (175.46, 133.68)
[0000][PE] low and high boundaries for proper pairs: (1, 804)
[0000][PE] skip orientation RF as there are not enough pairs
[0000][PE] skip orientation RR as there are not enough pairs
[0000] 3. Calling kt_for - worker_sam
	[0000][ M::mem_process_seqs] Processed 1659332 reads in 197.945 CPU sec, 11.555 real sec
[0000] Calling mem_process_seqs.., task: 1
[0000] 1. Calling kt_for - worker_bwt
[0000] read_chunk: 180000000, work_chunk_size: 180000058, nseq: 1643786
	[0000][ M::kt_pipeline] read 1643786 sequences (180000058 bp)...
[0000] 2. Calling kt_for - worker_aln
[0000] Inferring insert size distribution of PE reads from data, l_pac: 3117292070, n: 1646146
[0000][PE] # candidate unique pairs for (FF, FR, RF, RR): (7, 689769, 6, 6)
[0000][PE] skip orientation FF as there are not enough pairs
[0000][PE] analyzing insert size distribution for orientation FR...
[0000][PE] (25, 50, 75) percentile: (65, 140, 255)
[0000][PE] low and high boundaries for computing mean and std.dev: (1, 635)
[0000][PE] mean and std.dev: (179.51, 136.54)
[0000][PE] low and high boundaries for proper pairs: (1, 825)
[0000][PE] skip orientation RF as there are not enough pairs
[0000][PE] skip orientation RR as there are not enough pairs
[0000] 3. Calling kt_for - worker_sam
	[0000][ M::mem_process_seqs] Processed 1646146 reads in 192.162 CPU sec, 11.048 real sec
[0000] Calling mem_process_seqs.., task: 2
[0000] 1. Calling kt_for - worker_bwt
[0000] read_chunk: 180000000, work_chunk_size: 180000083, nseq: 1657484
	[0000][ M::kt_pipeline] read 1657484 sequences (180000083 bp)...
[0000] 2. Calling kt_for - worker_aln
[0000] Inferring insert size distribution of PE reads from data, l_pac: 3117292070, n: 1643786
[0000][PE] # candidate unique pairs for (FF, FR, RF, RR): (1, 688480, 8, 5)
[0000][PE] skip orientation FF as there are not enough pairs
[0000][PE] analyzing insert size distribution for orientation FR...
[0000][PE] (25, 50, 75) percentile: (66, 141, 255)
[0000][PE] low and high boundaries for computing mean and std.dev: (1, 633)
[0000][PE] mean and std.dev: (179.55, 136.04)
[0000][PE] low and high boundaries for proper pairs: (1, 822)
[0000][PE] skip orientation RF as there are not enough pairs
[0000][PE] skip orientation RR as there are not enough pairs
[0000] 3. Calling kt_for - worker_sam
	[0000][ M::mem_process_seqs] Processed 1643786 reads in 193.050 CPU sec, 10.890 real sec
[0000] Calling mem_process_seqs.., task: 3
[0000] 1. Calling kt_for - worker_bwt
[0000] read_chunk: 180000000, work_chunk_size: 180000037, nseq: 1662172
	[0000][ M::kt_pipeline] read 1662172 sequences (180000037 bp)...
[0000] 2. Calling kt_for - worker_aln
[0000] Inferring insert size distribution of PE reads from data, l_pac: 3117292070, n: 1657484
[0000][PE] # candidate unique pairs for (FF, FR, RF, RR): (3, 693868, 2, 3)
[0000][PE] skip orientation FF as there are not enough pairs
[0000][PE] analyzing insert size distribution for orientation FR...
[0000][PE] (25, 50, 75) percentile: (65, 136, 250)
[0000][PE] low and high boundaries for computing mean and std.dev: (1, 620)
[0000][PE] mean and std.dev: (175.99, 133.95)
[0000][PE] low and high boundaries for proper pairs: (1, 805)
[0000][PE] skip orientation RF as there are not enough pairs
[0000][PE] skip orientation RR as there are not enough pairs
[0000] 3. Calling kt_for - worker_sam
	[0000][ M::mem_process_seqs] Processed 1657484 reads in 192.973 CPU sec, 11.081 real sec
[0000] Reallocating initial memory allocations!!
[0000] Calling mem_process_seqs.., task: 4
[0000] 1. Calling kt_for - worker_bwt
[0000] read_chunk: 180000000, work_chunk_size: 180000091, nseq: 1647910
	[0000][ M::kt_pipeline] read 1647910 sequences (180000091 bp)...
[0000] 2. Calling kt_for - worker_aln
[0000] Inferring insert size distribution of PE reads from data, l_pac: 3117292070, n: 1662172
[0000][PE] # candidate unique pairs for (FF, FR, RF, RR): (3, 695097, 5, 6)
[0000][PE] skip orientation FF as there are not enough pairs
[0000][PE] analyzing insert size distribution for orientation FR...
[0000][PE] (25, 50, 75) percentile: (64, 135, 248)
[0000][PE] low and high boundaries for computing mean and std.dev: (1, 616)
[0000][PE] mean and std.dev: (174.54, 133.04)
[0000][PE] low and high boundaries for proper pairs: (1, 800)
[0000][PE] skip orientation RF as there are not enough pairs
[0000][PE] skip orientation RR as there are not enough pairs
[0000] 3. Calling kt_for - worker_sam
	[0000][ M::mem_process_seqs] Processed 1662172 reads in 193.058 CPU sec, 11.006 real sec
[0000] Calling mem_process_seqs.., task: 5
[0000] 1. Calling kt_for - worker_bwt
[0000] read_chunk: 180000000, work_chunk_size: 180000063, nseq: 1645328
	[0000][ M::kt_pipeline] read 1645328 sequences (180000063 bp)...
[0000] 2. Calling kt_for - worker_aln
[0000] Inferring insert size distribution of PE reads from data, l_pac: 3117292070, n: 1647910
[0000][PE] # candidate unique pairs for (FF, FR, RF, RR): (4, 690418, 4, 3)
[0000][PE] skip orientation FF as there are not enough pairs
[0000][PE] analyzing insert size distribution for orientation FR...
[0000][PE] (25, 50, 75) percentile: (65, 140, 256)
[0000][PE] low and high boundaries for computing mean and std.dev: (1, 638)
[0000][PE] mean and std.dev: (179.90, 137.30)
[0000][PE] low and high boundaries for proper pairs: (1, 829)
[0000][PE] skip orientation RF as there are not enough pairs
[0000][PE] skip orientation RR as there are not enough pairs
[0000] 3. Calling kt_for - worker_sam
	[0000][ M::mem_process_seqs] Processed 1647910 reads in 198.708 CPU sec, 11.381 real sec
[0000] Calling mem_process_seqs.., task: 6
[0000] 1. Calling kt_for - worker_bwt
[0000] read_chunk: 180000000, work_chunk_size: 180000178, nseq: 1647646
	[0000][ M::kt_pipeline] read 1647646 sequences (180000178 bp)...
[0000] 2. Calling kt_for - worker_aln
[0000] Inferring insert size distribution of PE reads from data, l_pac: 3117292070, n: 1645328
[0000][PE] # candidate unique pairs for (FF, FR, RF, RR): (3, 689388, 3, 2)
[0000][PE] skip orientation FF as there are not enough pairs
[0000][PE] analyzing insert size distribution for orientation FR...
[0000][PE] (25, 50, 75) percentile: (65, 141, 256)
[0000][PE] low and high boundaries for computing mean and std.dev: (1, 638)
[0000][PE] mean and std.dev: (180.14, 137.07)
[0000][PE] low and high boundaries for proper pairs: (1, 829)
[0000][PE] skip orientation RF as there are not enough pairs
[0000][PE] skip orientation RR as there are not enough pairs
[0000] 3. Calling kt_for - worker_sam
	[0000][ M::mem_process_seqs] Processed 1645328 reads in 193.268 CPU sec, 10.914 real sec
[0000] Calling mem_process_seqs.., task: 7
[0000] 1. Calling kt_for - worker_bwt
[0000] read_chunk: 180000000, work_chunk_size: 180000159, nseq: 1652544
	[0000][ M::kt_pipeline] read 1652544 sequences (180000159 bp)...
[0000] 2. Calling kt_for - worker_aln
[0000] Inferring insert size distribution of PE reads from data, l_pac: 3117292070, n: 1647646
[0000][PE] # candidate unique pairs for (FF, FR, RF, RR): (2, 689960, 5, 5)
[0000][PE] skip orientation FF as there are not enough pairs
[0000][PE] analyzing insert size distribution for orientation FR...
[0000][PE] (25, 50, 75) percentile: (65, 141, 255)
[0000][PE] low and high boundaries for computing mean and std.dev: (1, 635)
[0000][PE] mean and std.dev: (179.74, 136.88)
[0000][PE] low and high boundaries for proper pairs: (1, 825)
[0000][PE] skip orientation RF as there are not enough pairs
[0000][PE] skip orientation RR as there are not enough pairs
[0000] 3. Calling kt_for - worker_sam
	[0000][ M::mem_process_seqs] Processed 1647646 reads in 197.042 CPU sec, 11.094 real sec
[0000] Calling mem_process_seqs.., task: 8
[0000] 1. Calling kt_for - worker_bwt
[0000] read_chunk: 180000000, work_chunk_size: 180000172, nseq: 1656266
	[0000][ M::kt_pipeline] read 1656266 sequences (180000172 bp)...
[0000] 2. Calling kt_for - worker_aln
[0000] Inferring insert size distribution of PE reads from data, l_pac: 3117292070, n: 1652544
[0000][PE] # candidate unique pairs for (FF, FR, RF, RR): (6, 691852, 2, 4)
[0000][PE] skip orientation FF as there are not enough pairs
[0000][PE] analyzing insert size distribution for orientation FR...
[0000][PE] (25, 50, 75) percentile: (65, 138, 252)
[0000][PE] low and high boundaries for computing mean and std.dev: (1, 626)
[0000][PE] mean and std.dev: (177.68, 135.25)
[0000][PE] low and high boundaries for proper pairs: (1, 813)
[0000][PE] skip orientation RF as there are not enough pairs
[0000][PE] skip orientation RR as there are not enough pairs
[0000] 3. Calling kt_for - worker_sam
	[0000][ M::mem_process_seqs] Processed 1652544 reads in 197.269 CPU sec, 11.127 real sec
[0000] Calling mem_process_seqs.., task: 9
[0000] 1. Calling kt_for - worker_bwt
[0000] read_chunk: 180000000, work_chunk_size: 180000207, nseq: 1646254
	[0000][ M::kt_pipeline] read 1646254 sequences (180000207 bp)...
[0000] 2. Calling kt_for - worker_aln
[0000] Inferring insert size distribution of PE reads from data, l_pac: 3117292070, n: 1656266
[0000][PE] # candidate unique pairs for (FF, FR, RF, RR): (5, 692851, 0, 5)
[0000][PE] skip orientation FF as there are not enough pairs
[0000][PE] analyzing insert size distribution for orientation FR...
[0000][PE] (25, 50, 75) percentile: (65, 137, 252)
[0000][PE] low and high boundaries for computing mean and std.dev: (1, 626)
[0000][PE] mean and std.dev: (177.21, 135.49)
[0000][PE] low and high boundaries for proper pairs: (1, 813)
[0000][PE] skip orientation RF as there are not enough pairs
[0000][PE] skip orientation RR as there are not enough pairs
[0000] 3. Calling kt_for - worker_sam
	[0000][ M::mem_process_seqs] Processed 1656266 reads in 193.462 CPU sec, 10.918 real sec
[0000] Calling mem_process_seqs.., task: 10
[0000] 1. Calling kt_for - worker_bwt
[0000] read_chunk: 180000000, work_chunk_size: 180000064, nseq: 1648974
	[0000][ M::kt_pipeline] read 1648974 sequences (180000064 bp)...
[0000] 2. Calling kt_for - worker_aln
[0000] Inferring insert size distribution of PE reads from data, l_pac: 3117292070, n: 1646254
[0000][PE] # candidate unique pairs for (FF, FR, RF, RR): (5, 689842, 2, 1)
[0000][PE] skip orientation FF as there are not enough pairs
[0000][PE] analyzing insert size distribution for orientation FR...
[0000][PE] (25, 50, 75) percentile: (65, 141, 257)
[0000][PE] low and high boundaries for computing mean and std.dev: (1, 641)
[0000][PE] mean and std.dev: (180.78, 138.11)
[0000][PE] low and high boundaries for proper pairs: (1, 833)
[0000][PE] skip orientation RF as there are not enough pairs
[0000][PE] skip orientation RR as there are not enough pairs
[0000] 3. Calling kt_for - worker_sam
	[0000][ M::mem_process_seqs] Processed 1646254 reads in 191.624 CPU sec, 11.013 real sec
[0000] Calling mem_process_seqs.., task: 11
[0000] 1. Calling kt_for - worker_bwt
[0000] read_chunk: 180000000, work_chunk_size: 180000046, nseq: 1652904
	[0000][ M::kt_pipeline] read 1652904 sequences (180000046 bp)...
[0000] 2. Calling kt_for - worker_aln
[0000] Inferring insert size distribution of PE reads from data, l_pac: 3117292070, n: 1648974
[0000][PE] # candidate unique pairs for (FF, FR, RF, RR): (5, 690766, 5, 3)
[0000][PE] skip orientation FF as there are not enough pairs
[0000][PE] analyzing insert size distribution for orientation FR...
[0000][PE] (25, 50, 75) percentile: (65, 140, 256)
[0000][PE] low and high boundaries for computing mean and std.dev: (1, 638)
[0000][PE] mean and std.dev: (179.91, 137.54)
[0000][PE] low and high boundaries for proper pairs: (1, 829)
[0000][PE] skip orientation RF as there are not enough pairs
[0000][PE] skip orientation RR as there are not enough pairs
[0000] 3. Calling kt_for - worker_sam
	[0000][ M::mem_process_seqs] Processed 1648974 reads in 193.995 CPU sec, 11.125 real sec
[0000] Calling mem_process_seqs.., task: 12
[0000] 1. Calling kt_for - worker_bwt
[0000] read_chunk: 180000000, work_chunk_size: 180000192, nseq: 1659542
	[0000][ M::kt_pipeline] read 1659542 sequences (180000192 bp)...
[0000] 2. Calling kt_for - worker_aln
[0000] Inferring insert size distribution of PE reads from data, l_pac: 3117292070, n: 1652904
[0000][PE] # candidate unique pairs for (FF, FR, RF, RR): (3, 692340, 6, 6)
[0000][PE] skip orientation FF as there are not enough pairs
[0000][PE] analyzing insert size distribution for orientation FR...
[0000][PE] (25, 50, 75) percentile: (65, 138, 254)
[0000][PE] low and high boundaries for computing mean and std.dev: (1, 632)
[0000][PE] mean and std.dev: (178.81, 137.05)
[0000][PE] low and high boundaries for proper pairs: (1, 821)
[0000][PE] skip orientation RF as there are not enough pairs
[0000][PE] skip orientation RR as there are not enough pairs
[0000] 3. Calling kt_for - worker_sam
	[0000][ M::mem_process_seqs] Processed 1652904 reads in 193.325 CPU sec, 10.868 real sec
[0000] Calling mem_process_seqs.., task: 13
[0000] 1. Calling kt_for - worker_bwt
[0000] read_chunk: 180000000, work_chunk_size: 180000080, nseq: 1653048
	[0000][ M::kt_pipeline] read 1653048 sequences (180000080 bp)...
[0000] 2. Calling kt_for - worker_aln
[0000] Inferring insert size distribution of PE reads from data, l_pac: 3117292070, n: 1659542
[0000][PE] # candidate unique pairs for (FF, FR, RF, RR): (2, 694321, 3, 3)
[0000][PE] skip orientation FF as there are not enough pairs
[0000][PE] analyzing insert size distribution for orientation FR...
[0000][PE] (25, 50, 75) percentile: (64, 136, 251)
[0000][PE] low and high boundaries for computing mean and std.dev: (1, 625)
[0000][PE] mean and std.dev: (176.66, 135.23)
[0000][PE] low and high boundaries for proper pairs: (1, 812)
[0000][PE] skip orientation RF as there are not enough pairs
[0000][PE] skip orientation RR as there are not enough pairs
[0000] 3. Calling kt_for - worker_sam
	[0000][ M::mem_process_seqs] Processed 1659542 reads in 194.804 CPU sec, 11.205 real sec
[0000] Calling mem_process_seqs.., task: 14
[0000] 1. Calling kt_for - worker_bwt
[0000] read_chunk: 180000000, work_chunk_size: 180000045, nseq: 1647478
	[0000][ M::kt_pipeline] read 1647478 sequences (180000045 bp)...
[0000] 2. Calling kt_for - worker_aln
[0000] Inferring insert size distribution of PE reads from data, l_pac: 3117292070, n: 1653048
[0000][PE] # candidate unique pairs for (FF, FR, RF, RR): (3, 691327, 5, 2)
[0000][PE] skip orientation FF as there are not enough pairs
[0000][PE] analyzing insert size distribution for orientation FR...
[0000][PE] (25, 50, 75) percentile: (65, 138, 254)
[0000][PE] low and high boundaries for computing mean and std.dev: (1, 632)
[0000][PE] mean and std.dev: (178.68, 136.70)
[0000][PE] low and high boundaries for proper pairs: (1, 821)
[0000][PE] skip orientation RF as there are not enough pairs
[0000][PE] skip orientation RR as there are not enough pairs
[0000] 3. Calling kt_for - worker_sam
	[0000][ M::mem_process_seqs] Processed 1653048 reads in 195.057 CPU sec, 11.183 real sec
[0000] Calling mem_process_seqs.., task: 15
[0000] 1. Calling kt_for - worker_bwt
[0000] read_chunk: 180000000, work_chunk_size: 180000110, nseq: 1653042
	[0000][ M::kt_pipeline] read 1653042 sequences (180000110 bp)...
[0000] 2. Calling kt_for - worker_aln
[0000] Inferring insert size distribution of PE reads from data, l_pac: 3117292070, n: 1647478
[0000][PE] # candidate unique pairs for (FF, FR, RF, RR): (6, 690377, 2, 3)
[0000][PE] skip orientation FF as there are not enough pairs
[0000][PE] analyzing insert size distribution for orientation FR...
[0000][PE] (25, 50, 75) percentile: (65, 140, 256)
[0000][PE] low and high boundaries for computing mean and std.dev: (1, 638)
[0000][PE] mean and std.dev: (180.09, 137.41)
[0000][PE] low and high boundaries for proper pairs: (1, 829)
[0000][PE] skip orientation RF as there are not enough pairs
[0000][PE] skip orientation RR as there are not enough pairs
[0000] 3. Calling kt_for - worker_sam
	[0000][ M::mem_process_seqs] Processed 1647478 reads in 195.370 CPU sec, 11.032 real sec
[0000] Calling mem_process_seqs.., task: 16
[0000] 1. Calling kt_for - worker_bwt
[0000] read_chunk: 180000000, work_chunk_size: 180000159, nseq: 1653090
	[0000][ M::kt_pipeline] read 1653090 sequences (180000159 bp)...
[0000] 2. Calling kt_for - worker_aln
[0000] Inferring insert size distribution of PE reads from data, l_pac: 3117292070, n: 1653042
[0000][PE] # candidate unique pairs for (FF, FR, RF, RR): (5, 691732, 3, 4)
[0000][PE] skip orientation FF as there are not enough pairs
[0000][PE] analyzing insert size distribution for orientation FR...
[0000][PE] (25, 50, 75) percentile: (65, 138, 254)
[0000][PE] low and high boundaries for computing mean and std.dev: (1, 632)
[0000][PE] mean and std.dev: (178.82, 136.73)
[0000][PE] low and high boundaries for proper pairs: (1, 821)
[0000][PE] skip orientation RF as there are not enough pairs
[0000][PE] skip orientation RR as there are not enough pairs
[0000] 3. Calling kt_for - worker_sam
	[0000][ M::mem_process_seqs] Processed 1653042 reads in 196.868 CPU sec, 11.200 real sec
[0000] Calling mem_process_seqs.., task: 17
[0000] 1. Calling kt_for - worker_bwt
[0000] read_chunk: 180000000, work_chunk_size: 180000043, nseq: 1659400
	[0000][ M::kt_pipeline] read 1659400 sequences (180000043 bp)...
[0000] 2. Calling kt_for - worker_aln
[0000] Inferring insert size distribution of PE reads from data, l_pac: 3117292070, n: 1653090
[0000][PE] # candidate unique pairs for (FF, FR, RF, RR): (1, 691973, 1, 1)
[0000][PE] skip orientation FF as there are not enough pairs
[0000][PE] analyzing insert size distribution for orientation FR...
[0000][PE] (25, 50, 75) percentile: (65, 139, 254)
[0000][PE] low and high boundaries for computing mean and std.dev: (1, 632)
[0000][PE] mean and std.dev: (178.69, 136.38)
[0000][PE] low and high boundaries for proper pairs: (1, 821)
[0000][PE] skip orientation RF as there are not enough pairs
[0000][PE] skip orientation RR as there are not enough pairs
[0000] 3. Calling kt_for - worker_sam
	[0000][ M::mem_process_seqs] Processed 1653090 reads in 192.453 CPU sec, 10.944 real sec
[0000] Calling mem_process_seqs.., task: 18
[0000] 1. Calling kt_for - worker_bwt
[0000] read_chunk: 180000000, work_chunk_size: 180000208, nseq: 1648250
	[0000][ M::kt_pipeline] read 1648250 sequences (180000208 bp)...
[0000] 2. Calling kt_for - worker_aln
[0000] Inferring insert size distribution of PE reads from data, l_pac: 3117292070, n: 1659400
[0000][PE] # candidate unique pairs for (FF, FR, RF, RR): (4, 694130, 1, 4)
[0000][PE] skip orientation FF as there are not enough pairs
[0000][PE] analyzing insert size distribution for orientation FR...
[0000][PE] (25, 50, 75) percentile: (65, 135, 250)
[0000][PE] low and high boundaries for computing mean and std.dev: (1, 620)
[0000][PE] mean and std.dev: (176.05, 134.54)
[0000][PE] low and high boundaries for proper pairs: (1, 805)
[0000][PE] skip orientation RF as there are not enough pairs
[0000][PE] skip orientation RR as there are not enough pairs
[0000] 3. Calling kt_for - worker_sam
	[0000][ M::mem_process_seqs] Processed 1659400 reads in 195.530 CPU sec, 11.152 real sec
[0000] Calling mem_process_seqs.., task: 19
[0000] 1. Calling kt_for - worker_bwt
[0000] read_chunk: 180000000, work_chunk_size: 180000001, nseq: 1645534
	[0000][ M::kt_pipeline] read 1645534 sequences (180000001 bp)...
[0000] 2. Calling kt_for - worker_aln
[0000] Inferring insert size distribution of PE reads from data, l_pac: 3117292070, n: 1648250
[0000][PE] # candidate unique pairs for (FF, FR, RF, RR): (6, 690481, 1, 1)
[0000][PE] skip orientation FF as there are not enough pairs
[0000][PE] analyzing insert size distribution for orientation FR...
[0000][PE] (25, 50, 75) percentile: (65, 140, 256)
[0000][PE] low and high boundaries for computing mean and std.dev: (1, 638)
[0000][PE] mean and std.dev: (180.30, 137.91)
[0000][PE] low and high boundaries for proper pairs: (1, 829)
[0000][PE] skip orientation RF as there are not enough pairs
[0000][PE] skip orientation RR as there are not enough pairs
[0000] 3. Calling kt_for - worker_sam
	[0000][ M::mem_process_seqs] Processed 1648250 reads in 194.403 CPU sec, 10.989 real sec
[0000] Calling mem_process_seqs.., task: 20
[0000] 1. Calling kt_for - worker_bwt
[0000] read_chunk: 180000000, work_chunk_size: 180000170, nseq: 1646582
	[0000][ M::kt_pipeline] read 1646582 sequences (180000170 bp)...
[0000] 2. Calling kt_for - worker_aln
[0000] Inferring insert size distribution of PE reads from data, l_pac: 3117292070, n: 1645534
[0000][PE] # candidate unique pairs for (FF, FR, RF, RR): (3, 689796, 5, 4)
[0000][PE] skip orientation FF as there are not enough pairs
[0000][PE] analyzing insert size distribution for orientation FR...
[0000][PE] (25, 50, 75) percentile: (65, 141, 256)
[0000][PE] low and high boundaries for computing mean and std.dev: (1, 638)
[0000][PE] mean and std.dev: (180.32, 137.51)
[0000][PE] low and high boundaries for proper pairs: (1, 829)
[0000][PE] skip orientation RF as there are not enough pairs
[0000][PE] skip orientation RR as there are not enough pairs
[0000] 3. Calling kt_for - worker_sam
	[0000][ M::mem_process_seqs] Processed 1645534 reads in 194.435 CPU sec, 11.140 real sec
[0000] Calling mem_process_seqs.., task: 21
[0000] 1. Calling kt_for - worker_bwt
[0000] read_chunk: 180000000, work_chunk_size: 180000155, nseq: 1654722
	[0000][ M::kt_pipeline] read 1654722 sequences (180000155 bp)...
[0000] 2. Calling kt_for - worker_aln
[0000] Inferring insert size distribution of PE reads from data, l_pac: 3117292070, n: 1646582
[0000][PE] # candidate unique pairs for (FF, FR, RF, RR): (5, 689976, 3, 3)
[0000][PE] skip orientation FF as there are not enough pairs
[0000][PE] analyzing insert size distribution for orientation FR...
[0000][PE] (25, 50, 75) percentile: (65, 141, 256)
[0000][PE] low and high boundaries for computing mean and std.dev: (1, 638)
[0000][PE] mean and std.dev: (180.08, 137.24)
[0000][PE] low and high boundaries for proper pairs: (1, 829)
[0000][PE] skip orientation RF as there are not enough pairs
[0000][PE] skip orientation RR as there are not enough pairs
[0000] 3. Calling kt_for - worker_sam
	[0000][ M::mem_process_seqs] Processed 1646582 reads in 192.115 CPU sec, 11.116 real sec
[0000] Calling mem_process_seqs.., task: 22
[0000] 1. Calling kt_for - worker_bwt
[0000] read_chunk: 180000000, work_chunk_size: 180000094, nseq: 1653366
	[0000][ M::kt_pipeline] read 1653366 sequences (180000094 bp)...
[0000] 2. Calling kt_for - worker_aln
[0000] Inferring insert size distribution of PE reads from data, l_pac: 3117292070, n: 1654722
[0000][PE] # candidate unique pairs for (FF, FR, RF, RR): (5, 692489, 7, 2)
[0000][PE] skip orientation FF as there are not enough pairs
[0000][PE] analyzing insert size distribution for orientation FR...
[0000][PE] (25, 50, 75) percentile: (65, 137, 252)
[0000][PE] low and high boundaries for computing mean and std.dev: (1, 626)
[0000][PE] mean and std.dev: (177.38, 135.22)
[0000][PE] low and high boundaries for proper pairs: (1, 813)
[0000][PE] skip orientation RF as there are not enough pairs
[0000][PE] skip orientation RR as there are not enough pairs
[0000] 3. Calling kt_for - worker_sam
	[0000][ M::mem_process_seqs] Processed 1654722 reads in 193.216 CPU sec, 10.944 real sec
[0000] Calling mem_process_seqs.., task: 23
[0000] 1. Calling kt_for - worker_bwt
[0000] read_chunk: 180000000, work_chunk_size: 180000270, nseq: 1648330
	[0000][ M::kt_pipeline] read 1648330 sequences (180000270 bp)...
[0000] 2. Calling kt_for - worker_aln
[0000] Inferring insert size distribution of PE reads from data, l_pac: 3117292070, n: 1653366
[0000][PE] # candidate unique pairs for (FF, FR, RF, RR): (6, 692657, 1, 4)
[0000][PE] skip orientation FF as there are not enough pairs
[0000][PE] analyzing insert size distribution for orientation FR...
[0000][PE] (25, 50, 75) percentile: (65, 138, 252)
[0000][PE] low and high boundaries for computing mean and std.dev: (1, 626)
[0000][PE] mean and std.dev: (177.38, 134.96)
[0000][PE] low and high boundaries for proper pairs: (1, 813)
[0000][PE] skip orientation RF as there are not enough pairs
[0000][PE] skip orientation RR as there are not enough pairs
[0000] 3. Calling kt_for - worker_sam
	[0000][ M::mem_process_seqs] Processed 1653366 reads in 193.471 CPU sec, 10.983 real sec
[0000] Calling mem_process_seqs.., task: 24
[0000] 1. Calling kt_for - worker_bwt
[0000] read_chunk: 180000000, work_chunk_size: 180000125, nseq: 1642514
	[0000][ M::kt_pipeline] read 1642514 sequences (180000125 bp)...
[0000] 2. Calling kt_for - worker_aln
[0000] Inferring insert size distribution of PE reads from data, l_pac: 3117292070, n: 1648330
[0000][PE] # candidate unique pairs for (FF, FR, RF, RR): (5, 690239, 0, 2)
[0000][PE] skip orientation FF as there are not enough pairs
[0000][PE] analyzing insert size distribution for orientation FR...
[0000][PE] (25, 50, 75) percentile: (65, 140, 255)
[0000][PE] low and high boundaries for computing mean and std.dev: (1, 635)
[0000][PE] mean and std.dev: (179.33, 136.47)
[0000][PE] low and high boundaries for proper pairs: (1, 825)
[0000][PE] skip orientation RF as there are not enough pairs
[0000][PE] skip orientation RR as there are not enough pairs
[0000] 3. Calling kt_for - worker_sam
	[0000][ M::mem_process_seqs] Processed 1648330 reads in 195.010 CPU sec, 11.123 real sec
[0000] Calling mem_process_seqs.., task: 25
[0000] 1. Calling kt_for - worker_bwt
[0000] read_chunk: 180000000, work_chunk_size: 180000103, nseq: 1644670
	[0000][ M::kt_pipeline] read 1644670 sequences (180000103 bp)...
[0000] 2. Calling kt_for - worker_aln
[0000] Inferring insert size distribution of PE reads from data, l_pac: 3117292070, n: 1642514
[0000][PE] # candidate unique pairs for (FF, FR, RF, RR): (5, 688066, 3, 5)
[0000][PE] skip orientation FF as there are not enough pairs
[0000][PE] analyzing insert size distribution for orientation FR...
[0000][PE] (25, 50, 75) percentile: (66, 142, 256)
[0000][PE] low and high boundaries for computing mean and std.dev: (1, 636)
[0000][PE] mean and std.dev: (180.10, 136.47)
[0000][PE] low and high boundaries for proper pairs: (1, 826)
[0000][PE] skip orientation RF as there are not enough pairs
[0000][PE] skip orientation RR as there are not enough pairs
[0000] 3. Calling kt_for - worker_sam
	[0000][ M::mem_process_seqs] Processed 1642514 reads in 193.369 CPU sec, 10.918 real sec
[0000] Calling mem_process_seqs.., task: 26
[0000] 1. Calling kt_for - worker_bwt
[0000] read_chunk: 180000000, work_chunk_size: 180000230, nseq: 1650772
	[0000][ M::kt_pipeline] read 1650772 sequences (180000230 bp)...
[0000] 2. Calling kt_for - worker_aln
[0000] Inferring insert size distribution of PE reads from data, l_pac: 3117292070, n: 1644670
[0000][PE] # candidate unique pairs for (FF, FR, RF, RR): (6, 688912, 8, 2)
[0000][PE] skip orientation FF as there are not enough pairs
[0000][PE] analyzing insert size distribution for orientation FR...
[0000][PE] (25, 50, 75) percentile: (66, 141, 256)
[0000][PE] low and high boundaries for computing mean and std.dev: (1, 636)
[0000][PE] mean and std.dev: (179.91, 136.52)
[0000][PE] low and high boundaries for proper pairs: (1, 826)
[0000][PE] skip orientation RF as there are not enough pairs
[0000][PE] skip orientation RR as there are not enough pairs
[0000] 3. Calling kt_for - worker_sam
	[0000][ M::mem_process_seqs] Processed 1644670 reads in 194.901 CPU sec, 11.108 real sec
[0000] Calling mem_process_seqs.., task: 27
[0000] 1. Calling kt_for - worker_bwt
[0000] read_chunk: 180000000, work_chunk_size: 180000007, nseq: 1641990
	[0000][ M::kt_pipeline] read 1641990 sequences (180000007 bp)...
[0000] 2. Calling kt_for - worker_aln
[0000] Inferring insert size distribution of PE reads from data, l_pac: 3117292070, n: 1650772
[0000][PE] # candidate unique pairs for (FF, FR, RF, RR): (3, 690876, 4, 1)
[0000][PE] skip orientation FF as there are not enough pairs
[0000][PE] analyzing insert size distribution for orientation FR...
[0000][PE] (25, 50, 75) percentile: (65, 138, 251)
[0000][PE] low and high boundaries for computing mean and std.dev: (1, 623)
[0000][PE] mean and std.dev: (177.09, 134.40)
[0000][PE] low and high boundaries for proper pairs: (1, 809)
[0000][PE] skip orientation RF as there are not enough pairs
[0000][PE] skip orientation RR as there are not enough pairs
[0000] 3. Calling kt_for - worker_sam
	[0000][ M::mem_process_seqs] Processed 1650772 reads in 197.386 CPU sec, 11.170 real sec
[0000] Calling mem_process_seqs.., task: 28
[0000] 1. Calling kt_for - worker_bwt
[0000] read_chunk: 180000000, work_chunk_size: 180000053, nseq: 1643794
	[0000][ M::kt_pipeline] read 1643794 sequences (180000053 bp)...
[0000] 2. Calling kt_for - worker_aln
[0000] Inferring insert size distribution of PE reads from data, l_pac: 3117292070, n: 1641990
[0000][PE] # candidate unique pairs for (FF, FR, RF, RR): (10, 687376, 3, 5)
[0000][PE] analyzing insert size distribution for orientation FF...
[0000][PE] (25, 50, 75) percentile: (66, 270, 1905)
[0000][PE] low and high boundaries for computing mean and std.dev: (1, 5583)
[0000][PE] mean and std.dev: (681.60, 819.11)
[0000][PE] low and high boundaries for proper pairs: (1, 7422)
[0000][PE] analyzing insert size distribution for orientation FR...
[0000][PE] (25, 50, 75) percentile: (66, 141, 255)
[0000][PE] low and high boundaries for computing mean and std.dev: (1, 633)
[0000][PE] mean and std.dev: (179.53, 136.14)
[0000][PE] low and high boundaries for proper pairs: (1, 822)
[0000][PE] skip orientation RF as there are not enough pairs
[0000][PE] skip orientation RR as there are not enough pairs
[0000][PE] skip orientation FF
[0000] 3. Calling kt_for - worker_sam
	[0000][ M::mem_process_seqs] Processed 1641990 reads in 200.257 CPU sec, 11.352 real sec
[0000] Calling mem_process_seqs.., task: 29
[0000] 1. Calling kt_for - worker_bwt
[0000] read_chunk: 180000000, work_chunk_size: 180000102, nseq: 1641556
	[0000][ M::kt_pipeline] read 1641556 sequences (180000102 bp)...
[0000] 2. Calling kt_for - worker_aln
[0000] Inferring insert size distribution of PE reads from data, l_pac: 3117292070, n: 1643794
[0000][PE] # candidate unique pairs for (FF, FR, RF, RR): (6, 688041, 2, 1)
[0000][PE] skip orientation FF as there are not enough pairs
[0000][PE] analyzing insert size distribution for orientation FR...
[0000][PE] (25, 50, 75) percentile: (66, 141, 253)
[0000][PE] low and high boundaries for computing mean and std.dev: (1, 627)
[0000][PE] mean and std.dev: (178.74, 135.34)
[0000][PE] low and high boundaries for proper pairs: (1, 814)
[0000][PE] skip orientation RF as there are not enough pairs
[0000][PE] skip orientation RR as there are not enough pairs
[0000] 3. Calling kt_for - worker_sam
	[0000][ M::mem_process_seqs] Processed 1643794 reads in 199.319 CPU sec, 11.223 real sec
[0000] Calling mem_process_seqs.., task: 30
[0000] 1. Calling kt_for - worker_bwt
[0000] read_chunk: 180000000, work_chunk_size: 180000004, nseq: 1647008
	[0000][ M::kt_pipeline] read 1647008 sequences (180000004 bp)...
[0000] 2. Calling kt_for - worker_aln
[0000] Inferring insert size distribution of PE reads from data, l_pac: 3117292070, n: 1641556
[0000][PE] # candidate unique pairs for (FF, FR, RF, RR): (13, 687315, 4, 2)
[0000][PE] analyzing insert size distribution for orientation FF...
[0000][PE] (25, 50, 75) percentile: (77, 132, 295)
[0000][PE] low and high boundaries for computing mean and std.dev: (1, 731)
[0000][PE] mean and std.dev: (132.00, 84.17)
[0000][PE] low and high boundaries for proper pairs: (1, 949)
[0000][PE] analyzing insert size distribution for orientation FR...
[0000][PE] (25, 50, 75) percentile: (66, 142, 254)
[0000][PE] low and high boundaries for computing mean and std.dev: (1, 630)
[0000][PE] mean and std.dev: (179.42, 135.62)
[0000][PE] low and high boundaries for proper pairs: (1, 818)
[0000][PE] skip orientation RF as there are not enough pairs
[0000][PE] skip orientation RR as there are not enough pairs
[0000][PE] skip orientation FF
[0000] 3. Calling kt_for - worker_sam
	[0000][ M::mem_process_seqs] Processed 1641556 reads in 197.870 CPU sec, 11.394 real sec
[0000] Calling mem_process_seqs.., task: 31
[0000] 1. Calling kt_for - worker_bwt
[0000] read_chunk: 180000000, work_chunk_size: 180000192, nseq: 1639006
	[0000][ M::kt_pipeline] read 1639006 sequences (180000192 bp)...
[0000] 2. Calling kt_for - worker_aln
[0000] Inferring insert size distribution of PE reads from data, l_pac: 3117292070, n: 1647008
[0000][PE] # candidate unique pairs for (FF, FR, RF, RR): (11, 688594, 4, 1)
[0000][PE] analyzing insert size distribution for orientation FF...
[0000][PE] (25, 50, 75) percentile: (82, 161, 245)
[0000][PE] low and high boundaries for computing mean and std.dev: (1, 571)
[0000][PE] mean and std.dev: (141.60, 86.19)
[0000][PE] low and high boundaries for proper pairs: (1, 734)
[0000][PE] analyzing insert size distribution for orientation FR...
[0000][PE] (25, 50, 75) percentile: (65, 140, 253)
[0000][PE] low and high boundaries for computing mean and std.dev: (1, 629)
[0000][PE] mean and std.dev: (178.51, 135.58)
[0000][PE] low and high boundaries for proper pairs: (1, 817)
[0000][PE] skip orientation RF as there are not enough pairs
[0000][PE] skip orientation RR as there are not enough pairs
[0000][PE] skip orientation FF
[0000] 3. Calling kt_for - worker_sam
	[0000][ M::mem_process_seqs] Processed 1647008 reads in 199.150 CPU sec, 11.364 real sec
[0000] Calling mem_process_seqs.., task: 32
[0000] 1. Calling kt_for - worker_bwt
[0000] read_chunk: 180000000, work_chunk_size: 180000171, nseq: 1630056
	[0000][ M::kt_pipeline] read 1630056 sequences (180000171 bp)...
[0000] 2. Calling kt_for - worker_aln
[0000] Inferring insert size distribution of PE reads from data, l_pac: 3117292070, n: 1639006
[0000][PE] # candidate unique pairs for (FF, FR, RF, RR): (7, 686852, 2, 3)
[0000][PE] skip orientation FF as there are not enough pairs
[0000][PE] analyzing insert size distribution for orientation FR...
[0000][PE] (25, 50, 75) percentile: (66, 143, 257)
[0000][PE] low and high boundaries for computing mean and std.dev: (1, 639)
[0000][PE] mean and std.dev: (181.31, 137.62)
[0000][PE] low and high boundaries for proper pairs: (1, 830)
[0000][PE] skip orientation RF as there are not enough pairs
[0000][PE] skip orientation RR as there are not enough pairs
[0000] 3. Calling kt_for - worker_sam
	[0000][ M::mem_process_seqs] Processed 1639006 reads in 197.811 CPU sec, 11.174 real sec
[0000] Calling mem_process_seqs.., task: 33
[0000] 1. Calling kt_for - worker_bwt
[0000] read_chunk: 180000000, work_chunk_size: 180000193, nseq: 1633750
	[0000][ M::kt_pipeline] read 1633750 sequences (180000193 bp)...
[0000] 2. Calling kt_for - worker_aln
[0000] Inferring insert size distribution of PE reads from data, l_pac: 3117292070, n: 1630056
[0000][PE] # candidate unique pairs for (FF, FR, RF, RR): (1, 683576, 2, 3)
[0000][PE] skip orientation FF as there are not enough pairs
[0000][PE] analyzing insert size distribution for orientation FR...
[0000][PE] (25, 50, 75) percentile: (67, 147, 261)
[0000][PE] low and high boundaries for computing mean and std.dev: (1, 649)
[0000][PE] mean and std.dev: (183.62, 138.96)
[0000][PE] low and high boundaries for proper pairs: (1, 843)
[0000][PE] skip orientation RF as there are not enough pairs
[0000][PE] skip orientation RR as there are not enough pairs
[0000] 3. Calling kt_for - worker_sam
	[0000][ M::mem_process_seqs] Processed 1630056 reads in 197.569 CPU sec, 11.280 real sec
[0000] Calling mem_process_seqs.., task: 34
[0000] 1. Calling kt_for - worker_bwt
[0000] read_chunk: 180000000, work_chunk_size: 180000132, nseq: 1636140
	[0000][ M::kt_pipeline] read 1636140 sequences (180000132 bp)...
[0000] 2. Calling kt_for - worker_aln
[0000] Inferring insert size distribution of PE reads from data, l_pac: 3117292070, n: 1633750
[0000][PE] # candidate unique pairs for (FF, FR, RF, RR): (7, 684325, 5, 1)
[0000][PE] skip orientation FF as there are not enough pairs
[0000][PE] analyzing insert size distribution for orientation FR...
[0000][PE] (25, 50, 75) percentile: (66, 145, 260)
[0000][PE] low and high boundaries for computing mean and std.dev: (1, 648)
[0000][PE] mean and std.dev: (182.77, 138.63)
[0000][PE] low and high boundaries for proper pairs: (1, 842)
[0000][PE] skip orientation RF as there are not enough pairs
[0000][PE] skip orientation RR as there are not enough pairs
[0000] 3. Calling kt_for - worker_sam
	[0000][ M::mem_process_seqs] Processed 1633750 reads in 197.721 CPU sec, 11.165 real sec
[0000] Calling mem_process_seqs.., task: 35
[0000] 1. Calling kt_for - worker_bwt
[0000] read_chunk: 180000000, work_chunk_size: 180000120, nseq: 1643752
	[0000][ M::kt_pipeline] read 1643752 sequences (180000120 bp)...
[0000] 2. Calling kt_for - worker_aln
[0000] Inferring insert size distribution of PE reads from data, l_pac: 3117292070, n: 1636140
[0000][PE] # candidate unique pairs for (FF, FR, RF, RR): (5, 685774, 4, 3)
[0000][PE] skip orientation FF as there are not enough pairs
[0000][PE] analyzing insert size distribution for orientation FR...
[0000][PE] (25, 50, 75) percentile: (66, 145, 259)
[0000][PE] low and high boundaries for computing mean and std.dev: (1, 645)
[0000][PE] mean and std.dev: (182.27, 138.28)
[0000][PE] low and high boundaries for proper pairs: (1, 838)
[0000][PE] skip orientation RF as there are not enough pairs
[0000][PE] skip orientation RR as there are not enough pairs
[0000] 3. Calling kt_for - worker_sam
	[0000][ M::mem_process_seqs] Processed 1636140 reads in 197.807 CPU sec, 11.329 real sec
[0000] Calling mem_process_seqs.., task: 36
[0000] 1. Calling kt_for - worker_bwt
[0000] read_chunk: 180000000, work_chunk_size: 180000128, nseq: 1636622
	[0000][ M::kt_pipeline] read 1636622 sequences (180000128 bp)...
[0000] 2. Calling kt_for - worker_aln
[0000] Inferring insert size distribution of PE reads from data, l_pac: 3117292070, n: 1643752
[0000][PE] # candidate unique pairs for (FF, FR, RF, RR): (5, 688075, 7, 2)
[0000][PE] skip orientation FF as there are not enough pairs
[0000][PE] analyzing insert size distribution for orientation FR...
[0000][PE] (25, 50, 75) percentile: (66, 141, 256)
[0000][PE] low and high boundaries for computing mean and std.dev: (1, 636)
[0000][PE] mean and std.dev: (180.14, 137.24)
[0000][PE] low and high boundaries for proper pairs: (1, 826)
[0000][PE] skip orientation RF as there are not enough pairs
[0000][PE] skip orientation RR as there are not enough pairs
[0000] 3. Calling kt_for - worker_sam
	[0000][ M::mem_process_seqs] Processed 1643752 reads in 197.109 CPU sec, 11.106 real sec
[0000] Calling mem_process_seqs.., task: 37
[0000] 1. Calling kt_for - worker_bwt
[0000] read_chunk: 180000000, work_chunk_size: 180000203, nseq: 1634874
	[0000][ M::kt_pipeline] read 1634874 sequences (180000203 bp)...
[0000] 2. Calling kt_for - worker_aln
[0000] Inferring insert size distribution of PE reads from data, l_pac: 3117292070, n: 1636622
[0000][PE] # candidate unique pairs for (FF, FR, RF, RR): (8, 686385, 3, 2)
[0000][PE] skip orientation FF as there are not enough pairs
[0000][PE] analyzing insert size distribution for orientation FR...
[0000][PE] (25, 50, 75) percentile: (66, 145, 261)
[0000][PE] low and high boundaries for computing mean and std.dev: (1, 651)
[0000][PE] mean and std.dev: (183.10, 139.57)
[0000][PE] low and high boundaries for proper pairs: (1, 846)
[0000][PE] skip orientation RF as there are not enough pairs
[0000][PE] skip orientation RR as there are not enough pairs
[0000] 3. Calling kt_for - worker_sam
	[0000][ M::mem_process_seqs] Processed 1636622 reads in 194.936 CPU sec, 11.209 real sec
[0000] Calling mem_process_seqs.., task: 38
[0000] 1. Calling kt_for - worker_bwt
[0000] read_chunk: 180000000, work_chunk_size: 180000054, nseq: 1640548
	[0000][ M::kt_pipeline] read 1640548 sequences (180000054 bp)...
[0000] 2. Calling kt_for - worker_aln
[0000] Inferring insert size distribution of PE reads from data, l_pac: 3117292070, n: 1634874
[0000][PE] # candidate unique pairs for (FF, FR, RF, RR): (6, 685185, 2, 3)
[0000][PE] skip orientation FF as there are not enough pairs
[0000][PE] analyzing insert size distribution for orientation FR...
[0000][PE] (25, 50, 75) percentile: (66, 145, 261)
[0000][PE] low and high boundaries for computing mean and std.dev: (1, 651)
[0000][PE] mean and std.dev: (183.23, 139.40)
[0000][PE] low and high boundaries for proper pairs: (1, 846)
[0000][PE] skip orientation RF as there are not enough pairs
[0000][PE] skip orientation RR as there are not enough pairs
[0000] 3. Calling kt_for - worker_sam
	[0000][ M::mem_process_seqs] Processed 1634874 reads in 195.132 CPU sec, 11.234 real sec
[0000] Calling mem_process_seqs.., task: 39
[0000] 1. Calling kt_for - worker_bwt
[0000] read_chunk: 180000000, work_chunk_size: 180000111, nseq: 1645060
	[0000][ M::kt_pipeline] read 1645060 sequences (180000111 bp)...
[0000] 2. Calling kt_for - worker_aln
[0000] Inferring insert size distribution of PE reads from data, l_pac: 3117292070, n: 1640548
[0000][PE] # candidate unique pairs for (FF, FR, RF, RR): (6, 687322, 5, 5)
[0000][PE] skip orientation FF as there are not enough pairs
[0000][PE] analyzing insert size distribution for orientation FR...
[0000][PE] (25, 50, 75) percentile: (66, 143, 259)
[0000][PE] low and high boundaries for computing mean and std.dev: (1, 645)
[0000][PE] mean and std.dev: (181.70, 138.48)
[0000][PE] low and high boundaries for proper pairs: (1, 838)
[0000][PE] skip orientation RF as there are not enough pairs
[0000][PE] skip orientation RR as there are not enough pairs
[0000] 3. Calling kt_for - worker_sam
	[0000][ M::mem_process_seqs] Processed 1640548 reads in 194.944 CPU sec, 10.994 real sec
[0000] Calling mem_process_seqs.., task: 40
[0000] 1. Calling kt_for - worker_bwt
[0000] read_chunk: 180000000, work_chunk_size: 180000017, nseq: 1639940
	[0000][ M::kt_pipeline] read 1639940 sequences (180000017 bp)...
[0000] 2. Calling kt_for - worker_aln
[0000] Inferring insert size distribution of PE reads from data, l_pac: 3117292070, n: 1645060
[0000][PE] # candidate unique pairs for (FF, FR, RF, RR): (5, 689899, 7, 4)
[0000][PE] skip orientation FF as there are not enough pairs
[0000][PE] analyzing insert size distribution for orientation FR...
[0000][PE] (25, 50, 75) percentile: (66, 141, 256)
[0000][PE] low and high boundaries for computing mean and std.dev: (1, 636)
[0000][PE] mean and std.dev: (179.97, 137.23)
[0000][PE] low and high boundaries for proper pairs: (1, 826)
[0000][PE] skip orientation RF as there are not enough pairs
[0000][PE] skip orientation RR as there are not enough pairs
[0000] 3. Calling kt_for - worker_sam
	[0000][ M::mem_process_seqs] Processed 1645060 reads in 194.251 CPU sec, 11.040 real sec
[0000] Calling mem_process_seqs.., task: 41
[0000] 1. Calling kt_for - worker_bwt
[0000] read_chunk: 180000000, work_chunk_size: 180000081, nseq: 1637468
	[0000][ M::kt_pipeline] read 1637468 sequences (180000081 bp)...
[0000] 2. Calling kt_for - worker_aln
[0000] Inferring insert size distribution of PE reads from data, l_pac: 3117292070, n: 1639940
[0000][PE] # candidate unique pairs for (FF, FR, RF, RR): (3, 686635, 3, 5)
[0000][PE] skip orientation FF as there are not enough pairs
[0000][PE] analyzing insert size distribution for orientation FR...
[0000][PE] (25, 50, 75) percentile: (66, 143, 259)
[0000][PE] low and high boundaries for computing mean and std.dev: (1, 645)
[0000][PE] mean and std.dev: (182.05, 138.77)
[0000][PE] low and high boundaries for proper pairs: (1, 838)
[0000][PE] skip orientation RF as there are not enough pairs
[0000][PE] skip orientation RR as there are not enough pairs
[0000] 3. Calling kt_for - worker_sam
	[0000][ M::mem_process_seqs] Processed 1639940 reads in 196.234 CPU sec, 11.133 real sec
[0000] Calling mem_process_seqs.., task: 42
[0000] 1. Calling kt_for - worker_bwt
[0000] read_chunk: 180000000, work_chunk_size: 180000178, nseq: 1638024
	[0000][ M::kt_pipeline] read 1638024 sequences (180000178 bp)...
[0000] 2. Calling kt_for - worker_aln
[0000] Inferring insert size distribution of PE reads from data, l_pac: 3117292070, n: 1637468
[0000][PE] # candidate unique pairs for (FF, FR, RF, RR): (2, 686302, 4, 3)
[0000][PE] skip orientation FF as there are not enough pairs
[0000][PE] analyzing insert size distribution for orientation FR...
[0000][PE] (25, 50, 75) percentile: (66, 144, 260)
[0000][PE] low and high boundaries for computing mean and std.dev: (1, 648)
[0000][PE] mean and std.dev: (182.73, 139.07)
[0000][PE] low and high boundaries for proper pairs: (1, 842)
[0000][PE] skip orientation RF as there are not enough pairs
[0000][PE] skip orientation RR as there are not enough pairs
[0000] 3. Calling kt_for - worker_sam
	[0000][ M::mem_process_seqs] Processed 1637468 reads in 194.814 CPU sec, 11.212 real sec
[0000] Calling mem_process_seqs.., task: 43
[0000] 1. Calling kt_for - worker_bwt
[0000] read_chunk: 180000000, work_chunk_size: 180000031, nseq: 1643676
	[0000][ M::kt_pipeline] read 1643676 sequences (180000031 bp)...
[0000] 2. Calling kt_for - worker_aln
[0000] Inferring insert size distribution of PE reads from data, l_pac: 3117292070, n: 1638024
[0000][PE] # candidate unique pairs for (FF, FR, RF, RR): (2, 686033, 4, 9)
[0000][PE] skip orientation FF as there are not enough pairs
[0000][PE] analyzing insert size distribution for orientation FR...
[0000][PE] (25, 50, 75) percentile: (66, 144, 259)
[0000][PE] low and high boundaries for computing mean and std.dev: (1, 645)
[0000][PE] mean and std.dev: (182.21, 138.53)
[0000][PE] low and high boundaries for proper pairs: (1, 838)
[0000][PE] skip orientation RF as there are not enough pairs
[0000][PE] skip orientation RR as there are not enough pairs
[0000] 3. Calling kt_for - worker_sam
	[0000][ M::mem_process_seqs] Processed 1638024 reads in 195.688 CPU sec, 11.006 real sec
[0000] Calling mem_process_seqs.., task: 44
[0000] 1. Calling kt_for - worker_bwt
[0000] read_chunk: 180000000, work_chunk_size: 180000076, nseq: 1643600
	[0000][ M::kt_pipeline] read 1643600 sequences (180000076 bp)...
[0000] 2. Calling kt_for - worker_aln
[0000] Inferring insert size distribution of PE reads from data, l_pac: 3117292070, n: 1643676
[0000][PE] # candidate unique pairs for (FF, FR, RF, RR): (8, 688565, 2, 7)
[0000][PE] skip orientation FF as there are not enough pairs
[0000][PE] analyzing insert size distribution for orientation FR...
[0000][PE] (25, 50, 75) percentile: (66, 141, 257)
[0000][PE] low and high boundaries for computing mean and std.dev: (1, 639)
[0000][PE] mean and std.dev: (180.66, 137.84)
[0000][PE] low and high boundaries for proper pairs: (1, 830)
[0000][PE] skip orientation RF as there are not enough pairs
[0000][PE] skip orientation RR as there are not enough pairs
[0000] 3. Calling kt_for - worker_sam
	[0000][ M::mem_process_seqs] Processed 1643676 reads in 196.156 CPU sec, 11.154 real sec
[0000] Calling mem_process_seqs.., task: 45
[0000] 1. Calling kt_for - worker_bwt
[0000] read_chunk: 180000000, work_chunk_size: 180000138, nseq: 1636526
	[0000][ M::kt_pipeline] read 1636526 sequences (180000138 bp)...
[0000] 2. Calling kt_for - worker_aln
[0000] Inferring insert size distribution of PE reads from data, l_pac: 3117292070, n: 1643600
[0000][PE] # candidate unique pairs for (FF, FR, RF, RR): (8, 688840, 2, 7)
[0000][PE] skip orientation FF as there are not enough pairs
[0000][PE] analyzing insert size distribution for orientation FR...
[0000][PE] (25, 50, 75) percentile: (66, 142, 257)
[0000][PE] low and high boundaries for computing mean and std.dev: (1, 639)
[0000][PE] mean and std.dev: (180.75, 137.98)
[0000][PE] low and high boundaries for proper pairs: (1, 830)
[0000][PE] skip orientation RF as there are not enough pairs
[0000][PE] skip orientation RR as there are not enough pairs
[0000] 3. Calling kt_for - worker_sam
	[0000][ M::mem_process_seqs] Processed 1643600 reads in 194.403 CPU sec, 11.152 real sec
[0000] Calling mem_process_seqs.., task: 46
[0000] 1. Calling kt_for - worker_bwt
[0000] read_chunk: 180000000, work_chunk_size: 180000009, nseq: 1635046
	[0000][ M::kt_pipeline] read 1635046 sequences (180000009 bp)...
[0000] 2. Calling kt_for - worker_aln
[0000] Inferring insert size distribution of PE reads from data, l_pac: 3117292070, n: 1636526
[0000][PE] # candidate unique pairs for (FF, FR, RF, RR): (9, 686319, 5, 2)
[0000][PE] skip orientation FF as there are not enough pairs
[0000][PE] analyzing insert size distribution for orientation FR...
[0000][PE] (25, 50, 75) percentile: (66, 145, 261)
[0000][PE] low and high boundaries for computing mean and std.dev: (1, 651)
[0000][PE] mean and std.dev: (183.27, 139.61)
[0000][PE] low and high boundaries for proper pairs: (1, 846)
[0000][PE] skip orientation RF as there are not enough pairs
[0000][PE] skip orientation RR as there are not enough pairs
[0000] 3. Calling kt_for - worker_sam
	[0000][ M::mem_process_seqs] Processed 1636526 reads in 195.230 CPU sec, 10.988 real sec
[0000] Calling mem_process_seqs.., task: 47
[0000] 1. Calling kt_for - worker_bwt
[0000] read_chunk: 180000000, work_chunk_size: 180000054, nseq: 1636950
	[0000][ M::kt_pipeline] read 1636950 sequences (180000054 bp)...
[0000] 2. Calling kt_for - worker_aln
[0000] Inferring insert size distribution of PE reads from data, l_pac: 3117292070, n: 1635046
[0000][PE] # candidate unique pairs for (FF, FR, RF, RR): (6, 685914, 7, 5)
[0000][PE] skip orientation FF as there are not enough pairs
[0000][PE] analyzing insert size distribution for orientation FR...
[0000][PE] (25, 50, 75) percentile: (66, 145, 261)
[0000][PE] low and high boundaries for computing mean and std.dev: (1, 651)
[0000][PE] mean and std.dev: (183.31, 139.50)
[0000][PE] low and high boundaries for proper pairs: (1, 846)
[0000][PE] skip orientation RF as there are not enough pairs
[0000][PE] skip orientation RR as there are not enough pairs
[0000] 3. Calling kt_for - worker_sam
	[0000][ M::mem_process_seqs] Processed 1635046 reads in 194.134 CPU sec, 11.046 real sec
[0000] Calling mem_process_seqs.., task: 48
[0000] 1. Calling kt_for - worker_bwt
[0000] read_chunk: 180000000, work_chunk_size: 180000058, nseq: 1651648
	[0000][ M::kt_pipeline] read 1651648 sequences (180000058 bp)...
[0000] 2. Calling kt_for - worker_aln
[0000] Inferring insert size distribution of PE reads from data, l_pac: 3117292070, n: 1636950
[0000][PE] # candidate unique pairs for (FF, FR, RF, RR): (6, 686431, 2, 1)
[0000][PE] skip orientation FF as there are not enough pairs
[0000][PE] analyzing insert size distribution for orientation FR...
[0000][PE] (25, 50, 75) percentile: (66, 144, 259)
[0000][PE] low and high boundaries for computing mean and std.dev: (1, 645)
[0000][PE] mean and std.dev: (182.44, 138.57)
[0000][PE] low and high boundaries for proper pairs: (1, 838)
[0000][PE] skip orientation RF as there are not enough pairs
[0000][PE] skip orientation RR as there are not enough pairs
[0000] 3. Calling kt_for - worker_sam
	[0000][ M::mem_process_seqs] Processed 1636950 reads in 195.429 CPU sec, 11.135 real sec
[0000] Calling mem_process_seqs.., task: 49
[0000] 1. Calling kt_for - worker_bwt
[0000] read_chunk: 180000000, work_chunk_size: 180000025, nseq: 1646852
	[0000][ M::kt_pipeline] read 1646852 sequences (180000025 bp)...
[0000] 2. Calling kt_for - worker_aln
[0000] Inferring insert size distribution of PE reads from data, l_pac: 3117292070, n: 1651648
[0000][PE] # candidate unique pairs for (FF, FR, RF, RR): (12, 691762, 5, 3)
[0000][PE] analyzing insert size distribution for orientation FF...
[0000][PE] (25, 50, 75) percentile: (80, 95, 342)
[0000][PE] low and high boundaries for computing mean and std.dev: (1, 866)
[0000][PE] mean and std.dev: (118.00, 90.61)
[0000][PE] low and high boundaries for proper pairs: (1, 1128)
[0000][PE] analyzing insert size distribution for orientation FR...
[0000][PE] (25, 50, 75) percentile: (65, 138, 252)
[0000][PE] low and high boundaries for computing mean and std.dev: (1, 626)
[0000][PE] mean and std.dev: (177.65, 135.39)
[0000][PE] low and high boundaries for proper pairs: (1, 813)
[0000][PE] skip orientation RF as there are not enough pairs
[0000][PE] skip orientation RR as there are not enough pairs
[0000][PE] skip orientation FF
[0000] 3. Calling kt_for - worker_sam
	[0000][ M::mem_process_seqs] Processed 1651648 reads in 197.151 CPU sec, 11.252 real sec
[0000] Calling mem_process_seqs.., task: 50
[0000] 1. Calling kt_for - worker_bwt
[0000] read_chunk: 180000000, work_chunk_size: 180000209, nseq: 1639766
	[0000][ M::kt_pipeline] read 1639766 sequences (180000209 bp)...
[0000] 2. Calling kt_for - worker_aln
[0000] Inferring insert size distribution of PE reads from data, l_pac: 3117292070, n: 1646852
[0000][PE] # candidate unique pairs for (FF, FR, RF, RR): (13, 689997, 3, 3)
[0000][PE] analyzing insert size distribution for orientation FF...
[0000][PE] (25, 50, 75) percentile: (52, 170, 844)
[0000][PE] low and high boundaries for computing mean and std.dev: (1, 2428)
[0000][PE] mean and std.dev: (199.45, 232.58)
[0000][PE] low and high boundaries for proper pairs: (1, 3220)
[0000][PE] analyzing insert size distribution for orientation FR...
[0000][PE] (25, 50, 75) percentile: (65, 140, 255)
[0000][PE] low and high boundaries for computing mean and std.dev: (1, 635)
[0000][PE] mean and std.dev: (179.45, 136.83)
[0000][PE] low and high boundaries for proper pairs: (1, 825)
[0000][PE] skip orientation RF as there are not enough pairs
[0000][PE] skip orientation RR as there are not enough pairs
[0000][PE] skip orientation FF
[0000] 3. Calling kt_for - worker_sam
	[0000][ M::mem_process_seqs] Processed 1646852 reads in 194.961 CPU sec, 11.005 real sec
[0000] Calling mem_process_seqs.., task: 51
[0000] 1. Calling kt_for - worker_bwt
[0000] read_chunk: 180000000, work_chunk_size: 180000062, nseq: 1644668
	[0000][ M::kt_pipeline] read 1644668 sequences (180000062 bp)...
[0000] 2. Calling kt_for - worker_aln
[0000] Inferring insert size distribution of PE reads from data, l_pac: 3117292070, n: 1639766
[0000][PE] # candidate unique pairs for (FF, FR, RF, RR): (5, 687610, 5, 5)
[0000][PE] skip orientation FF as there are not enough pairs
[0000][PE] analyzing insert size distribution for orientation FR...
[0000][PE] (25, 50, 75) percentile: (66, 143, 257)
[0000][PE] low and high boundaries for computing mean and std.dev: (1, 639)
[0000][PE] mean and std.dev: (180.87, 137.23)
[0000][PE] low and high boundaries for proper pairs: (1, 830)
[0000][PE] skip orientation RF as there are not enough pairs
[0000][PE] skip orientation RR as there are not enough pairs
[0000] 3. Calling kt_for - worker_sam
	[0000][ M::mem_process_seqs] Processed 1639766 reads in 194.901 CPU sec, 11.077 real sec
[0000] Calling mem_process_seqs.., task: 52
[0000] 1. Calling kt_for - worker_bwt
[0000] read_chunk: 180000000, work_chunk_size: 180000148, nseq: 1654838
	[0000][ M::kt_pipeline] read 1654838 sequences (180000148 bp)...
[0000] 2. Calling kt_for - worker_aln
[0000] Inferring insert size distribution of PE reads from data, l_pac: 3117292070, n: 1644668
[0000][PE] # candidate unique pairs for (FF, FR, RF, RR): (4, 689022, 5, 6)
[0000][PE] skip orientation FF as there are not enough pairs
[0000][PE] analyzing insert size distribution for orientation FR...
[0000][PE] (25, 50, 75) percentile: (65, 141, 254)
[0000][PE] low and high boundaries for computing mean and std.dev: (1, 632)
[0000][PE] mean and std.dev: (179.24, 136.12)
[0000][PE] low and high boundaries for proper pairs: (1, 821)
[0000][PE] skip orientation RF as there are not enough pairs
[0000][PE] skip orientation RR as there are not enough pairs
[0000] 3. Calling kt_for - worker_sam
	[0000][ M::mem_process_seqs] Processed 1644668 reads in 195.029 CPU sec, 11.179 real sec
[0000] Calling mem_process_seqs.., task: 53
[0000] 1. Calling kt_for - worker_bwt
[0000] read_chunk: 180000000, work_chunk_size: 180000101, nseq: 1681916
	[0000][ M::kt_pipeline] read 1681916 sequences (180000101 bp)...
[0000] 2. Calling kt_for - worker_aln
[0000] Inferring insert size distribution of PE reads from data, l_pac: 3117292070, n: 1654838
[0000][PE] # candidate unique pairs for (FF, FR, RF, RR): (9, 692400, 7, 2)
[0000][PE] skip orientation FF as there are not enough pairs
[0000][PE] analyzing insert size distribution for orientation FR...
[0000][PE] (25, 50, 75) percentile: (65, 137, 250)
[0000][PE] low and high boundaries for computing mean and std.dev: (1, 620)
[0000][PE] mean and std.dev: (176.17, 134.02)
[0000][PE] low and high boundaries for proper pairs: (1, 805)
[0000][PE] skip orientation RF as there are not enough pairs
[0000][PE] skip orientation RR as there are not enough pairs
[0000] 3. Calling kt_for - worker_sam
	[0000][ M::mem_process_seqs] Processed 1654838 reads in 195.755 CPU sec, 11.042 real sec
[0000] Reallocating initial memory allocations!!
[0000] Calling mem_process_seqs.., task: 54
[0000] 1. Calling kt_for - worker_bwt
[0000] read_chunk: 180000000, work_chunk_size: 180000223, nseq: 1685608
	[0000][ M::kt_pipeline] read 1685608 sequences (180000223 bp)...
[0000] 2. Calling kt_for - worker_aln
[0000] Inferring insert size distribution of PE reads from data, l_pac: 3117292070, n: 1681916
[0000][PE] # candidate unique pairs for (FF, FR, RF, RR): (4, 702829, 0, 4)
[0000][PE] skip orientation FF as there are not enough pairs
[0000][PE] analyzing insert size distribution for orientation FR...
[0000][PE] (25, 50, 75) percentile: (63, 127, 239)
[0000][PE] low and high boundaries for computing mean and std.dev: (1, 591)
[0000][PE] mean and std.dev: (168.20, 128.39)
[0000][PE] low and high boundaries for proper pairs: (1, 767)
[0000][PE] skip orientation RF as there are not enough pairs
[0000][PE] skip orientation RR as there are not enough pairs
[0000] 3. Calling kt_for - worker_sam
	[0000][ M::mem_process_seqs] Processed 1681916 reads in 189.153 CPU sec, 10.666 real sec
[0000] Reallocating initial memory allocations!!
[0000] Calling mem_process_seqs.., task: 55
[0000] 1. Calling kt_for - worker_bwt
[0000] read_chunk: 180000000, work_chunk_size: 180000028, nseq: 1674520
	[0000][ M::kt_pipeline] read 1674520 sequences (180000028 bp)...
[0000] 2. Calling kt_for - worker_aln
[0000] Inferring insert size distribution of PE reads from data, l_pac: 3117292070, n: 1685608
[0000][PE] # candidate unique pairs for (FF, FR, RF, RR): (2, 703878, 0, 3)
[0000][PE] skip orientation FF as there are not enough pairs
[0000][PE] analyzing insert size distribution for orientation FR...
[0000][PE] (25, 50, 75) percentile: (63, 125, 238)
[0000][PE] low and high boundaries for computing mean and std.dev: (1, 588)
[0000][PE] mean and std.dev: (167.09, 127.71)
[0000][PE] low and high boundaries for proper pairs: (1, 763)
[0000][PE] skip orientation RF as there are not enough pairs
[0000][PE] skip orientation RR as there are not enough pairs
[0000] 3. Calling kt_for - worker_sam
	[0000][ M::mem_process_seqs] Processed 1685608 reads in 194.418 CPU sec, 10.992 real sec
[0000] Calling mem_process_seqs.., task: 56
[0000] 1. Calling kt_for - worker_bwt
[0000] read_chunk: 180000000, work_chunk_size: 180000007, nseq: 1662366
	[0000][ M::kt_pipeline] read 1662366 sequences (180000007 bp)...
[0000] 2. Calling kt_for - worker_aln
[0000] Inferring insert size distribution of PE reads from data, l_pac: 3117292070, n: 1674520
[0000][PE] # candidate unique pairs for (FF, FR, RF, RR): (5, 699019, 0, 2)
[0000][PE] skip orientation FF as there are not enough pairs
[0000][PE] analyzing insert size distribution for orientation FR...
[0000][PE] (25, 50, 75) percentile: (64, 129, 241)
[0000][PE] low and high boundaries for computing mean and std.dev: (1, 595)
[0000][PE] mean and std.dev: (169.97, 129.63)
[0000][PE] low and high boundaries for proper pairs: (1, 772)
[0000][PE] skip orientation RF as there are not enough pairs
[0000][PE] skip orientation RR as there are not enough pairs
[0000] 3. Calling kt_for - worker_sam
	[0000][ M::mem_process_seqs] Processed 1674520 reads in 195.608 CPU sec, 11.174 real sec
[0000] Calling mem_process_seqs.., task: 57
[0000] 1. Calling kt_for - worker_bwt
[0000] read_chunk: 180000000, work_chunk_size: 119455880, nseq: 1111672
	[0000][ M::kt_pipeline] read 1111672 sequences (119455880 bp)...
[0000] 2. Calling kt_for - worker_aln
[0000] Inferring insert size distribution of PE reads from data, l_pac: 3117292070, n: 1662366
[0000][PE] # candidate unique pairs for (FF, FR, RF, RR): (0, 695114, 4, 5)
[0000][PE] skip orientation FF as there are not enough pairs
[0000][PE] analyzing insert size distribution for orientation FR...
[0000][PE] (25, 50, 75) percentile: (65, 133, 248)
[0000][PE] low and high boundaries for computing mean and std.dev: (1, 614)
[0000][PE] mean and std.dev: (174.59, 133.71)
[0000][PE] low and high boundaries for proper pairs: (1, 797)
[0000][PE] skip orientation RF as there are not enough pairs
[0000][PE] skip orientation RR as there are not enough pairs
[0000] 3. Calling kt_for - worker_sam
	[0000][ M::mem_process_seqs] Processed 1662366 reads in 192.963 CPU sec, 11.362 real sec
[0000] Calling mem_process_seqs.., task: 58
[0000] 1. Calling kt_for - worker_bwt
[0000] read_chunk: 180000000, work_chunk_size: 0, nseq: 0
[0000] 2. Calling kt_for - worker_aln
[0000] Inferring insert size distribution of PE reads from data, l_pac: 3117292070, n: 1111672
[0000][PE] # candidate unique pairs for (FF, FR, RF, RR): (5, 464769, 1, 4)
[0000][PE] skip orientation FF as there are not enough pairs
[0000][PE] analyzing insert size distribution for orientation FR...
[0000][PE] (25, 50, 75) percentile: (64, 129, 242)
[0000][PE] low and high boundaries for computing mean and std.dev: (1, 598)
[0000][PE] mean and std.dev: (170.30, 130.17)
[0000][PE] low and high boundaries for proper pairs: (1, 776)
[0000][PE] skip orientation RF as there are not enough pairs
[0000][PE] skip orientation RR as there are not enough pairs
[0000] 3. Calling kt_for - worker_sam
	[0000][ M::mem_process_seqs] Processed 1111672 reads in 127.993 CPU sec, 7.582 real sec
[0000] read_chunk: 180000000, work_chunk_size: 0, nseq: 0
[0000] Computation ends..
No. of OMP threads: 18
Processor is running @2400.158122 MHz
Runtime profile:

	Time taken for main_mem function: 660.05 sec

	IO times (sec) :
	Reading IO time (reads) avg: 74.56, (74.56, 74.56)
	Writing IO time (SAM) avg: 130.82, (130.82, 130.82)
	Reading IO time (Reference Genome) avg: 1.71, (1.71, 1.71)
	Index read time avg: 3.16, (3.16, 3.16)

	Overall time (sec) (Excluding Index reading time):
	PROCESS() (Total compute time + (read + SAM) IO time) : 655.11
	MEM_PROCESS_SEQ() (Total compute time (Kernel + SAM)), avg: 652.21, (652.21, 652.21)

	 SAM Processing time (sec):
	--WORKER_SAM avg: 210.13, (210.13, 210.13)

	Kernels' compute time (sec):
	Total kernel (smem+sal+bsw) time avg: 433.28, (433.28, 433.28)
		SMEM compute avg: 181.87, (182.96, 181.25)
		SAL compute avg: 60.48, (60.90, 60.15)
				MEM_SA avg: 30.31, (30.48, 30.18)

		BSW time, avg: 133.97, (134.20, 133.54)

Important parameter settings: 
	BATCH_SIZE: 512
	MAX_SEQ_LEN_REF: 256
	MAX_SEQ_LEN_QER: 128
	MAX_SEQ_LEN8: 128
	SEEDS_PER_READ: 500
	SIMD_WIDTH8 X: 64
	SIMD_WIDTH16 X: 32
	AVG_SEEDS_PER_READ: 64
